[2025-11-10 01:00:46] INFO: Application Logger Initialized.
[2025-11-10 01:00:46] INFO: Logging in as Admin with ID: 123
[2025-11-10 01:00:49] INFO: app.properties normalized (57 entries).
[2025-11-10 01:00:49] INFO: Configuration loaded from file: /Users/justinlimchunkiat/FundProg2/FaceRecognitionCS102/app.properties
[2025-11-10 01:00:50] INFO: Session test_mark_attendance is now closed.
[2025-11-10 01:00:50] INFO: Session CS102-G2-G1 is now closed.
[2025-11-10 01:00:50] INFO: Session CS102-G2 is now closed.
[2025-11-10 01:00:50] INFO: Session CS102-G2 is now closed.
[2025-11-10 01:00:50] INFO: Session CS102-G2 Special class is now closed.
[2025-11-10 01:00:50] INFO: Session test is now closed.
[2025-11-10 01:00:50] INFO: Session CS104 Discrete Mathematics is now closed.
[2025-11-10 01:00:50] INFO: Session Test@Playground is now open.
[2025-11-10 01:00:50] INFO: Session CS101 is now open.
[2025-11-10 01:00:50] INFO: Session test2 is now closed.
[2025-11-10 01:00:50] INFO: Session CS104-G2 is now open.
[2025-11-10 01:00:50] INFO: Session CS104-G3 is now open.
[2025-11-10 01:00:50] INFO: Next Session ID: 14
[2025-11-10 01:00:51] INFO: Session test_mark_attendance is now closed.
[2025-11-10 01:00:51] INFO: Session CS102-G2-G1 is now closed.
[2025-11-10 01:00:51] INFO: Session CS102-G2 is now closed.
[2025-11-10 01:00:51] INFO: Session CS102-G2 is now closed.
[2025-11-10 01:00:51] INFO: Session CS102-G2 Special class is now closed.
[2025-11-10 01:00:51] INFO: Session test is now closed.
[2025-11-10 01:00:51] INFO: Session CS104 Discrete Mathematics is now closed.
[2025-11-10 01:00:51] INFO: Session Test@Playground is now open.
[2025-11-10 01:00:51] INFO: Session CS101 is now open.
[2025-11-10 01:00:51] INFO: Session test2 is now closed.
[2025-11-10 01:00:51] INFO: Session CS104-G2 is now open.
[2025-11-10 01:00:51] INFO: Session CS104-G3 is now open.
[2025-11-10 01:00:51] INFO: Next Session ID: 14
[2025-11-10 01:00:58] INFO: Double-clicked row: 0
[2025-11-10 01:00:58] INFO: Selected session ID: 12
[2025-11-10 01:00:58] INFO: Refreshing roster table
[2025-11-10 01:00:58] INFO: Session test_mark_attendance is now closed.
[2025-11-10 01:00:59] INFO: Session test_mark_attendance is now closed.
[2025-11-10 01:00:59] INFO: Session test_mark_attendance is now closed.
[2025-11-10 01:00:59] INFO: Session test_mark_attendance is now closed.
[2025-11-10 01:01:00] INFO: Loaded 4 students into session test_mark_attendance
[2025-11-10 01:01:03] INFO: Session test_mark_attendance is now closed.
[2025-11-10 01:01:03] INFO: Session test_mark_attendance is now closed.
[2025-11-10 01:01:03] INFO: Session test_mark_attendance is now closed.
[2025-11-10 01:01:03] INFO: Session test_mark_attendance is now closed.
[2025-11-10 01:01:04] INFO: Loaded 4 students into session test_mark_attendance
[2025-11-10 01:01:04] INFO: Session test_mark_attendance is now open.
[2025-11-10 01:01:04] WARNING: Configured preprocessing.min_sharpness_threshold 80.0 is too strict; using 60.0 instead for better tolerance.
[2025-11-10 01:01:04] INFO: OpenCV native library loaded successfully from absolute path: /Users/justinlimchunkiat/FundProg2/FaceRecognitionCS102/lib/libopencv_java4130.dylib
[2025-11-10 01:01:04] INFO: PostgreSQL JDBC driver loaded successfully
[2025-11-10 01:01:04] INFO: Apache POI libraries loaded successfully
[2025-11-10 01:01:04] INFO: Logging frameworks loaded successfully
[2025-11-10 01:01:04] INFO: Apache Commons libraries loaded successfully
[2025-11-10 01:01:04] INFO: All external modules loaded successfully
[2025-11-10 01:01:04] INFO: ✓ FaceAligner initialized with 5-point alignment support
[2025-11-10 01:01:04] INFO: ✅ ArcFace ResNet100 model loaded successfully
[2025-11-10 01:01:04] INFO: ✓ FaceAligner initialized with 5-point alignment support
[2025-11-10 01:01:04] INFO: ✓ FaceAligner initialized with 5-point alignment support
[2025-11-10 01:01:04] INFO: === Folder debug ===
[2025-11-10 01:01:04] INFO: Found folder: /Users/justinlimchunkiat/FundProg2/FaceRecognitionCS102/data/facedata/S23465_Jodie
[2025-11-10 01:01:04] INFO:   Contains: 28 items
[2025-11-10 01:01:04] INFO:   Display label: S23465 - Jodie
[2025-11-10 01:01:04] INFO: Found folder: /Users/justinlimchunkiat/FundProg2/FaceRecognitionCS102/data/facedata/S12344_rome
[2025-11-10 01:01:04] INFO:   Contains: 28 items
[2025-11-10 01:01:04] INFO:   Display label: S12344 - rome
[2025-11-10 01:01:04] INFO: Found folder: /Users/justinlimchunkiat/FundProg2/FaceRecognitionCS102/data/facedata/S23443_Haggai
[2025-11-10 01:01:04] INFO:   Contains: 32 items
[2025-11-10 01:01:04] INFO:   Display label: S23443 - Haggai
[2025-11-10 01:01:04] INFO: Found folder: /Users/justinlimchunkiat/FundProg2/FaceRecognitionCS102/data/facedata/S00001_jereme
[2025-11-10 01:01:04] INFO:   Contains: 32 items
[2025-11-10 01:01:04] INFO:   Display label: S00001 - jereme
[2025-11-10 01:01:04] INFO: Found folder: /Users/justinlimchunkiat/FundProg2/FaceRecognitionCS102/data/facedata/S43231_Nic
[2025-11-10 01:01:04] INFO:   Contains: 30 items
[2025-11-10 01:01:04] INFO:   Display label: S43231 - Nic
[2025-11-10 01:01:04] INFO: Found folder: /Users/justinlimchunkiat/FundProg2/FaceRecognitionCS102/data/facedata/S12348_May
[2025-11-10 01:01:04] INFO:   Contains: 32 items
[2025-11-10 01:01:04] INFO:   Display label: S12348 - May
[2025-11-10 01:01:04] INFO: Found folder: /Users/justinlimchunkiat/FundProg2/FaceRecognitionCS102/data/facedata/S67865_Zhi_Hean
[2025-11-10 01:01:04] INFO:   Contains: 30 items
[2025-11-10 01:01:04] INFO:   Display label: S67865 - Zhi_Hean
[2025-11-10 01:01:04] INFO: Found folder: /Users/justinlimchunkiat/FundProg2/FaceRecognitionCS102/data/facedata/S67898_Allan
[2025-11-10 01:01:04] INFO:   Contains: 30 items
[2025-11-10 01:01:04] INFO:   Display label: S67898 - Allan
[2025-11-10 01:01:04] INFO: Found folder: /Users/justinlimchunkiat/FundProg2/FaceRecognitionCS102/data/facedata/S00000_Nicholas
[2025-11-10 01:01:04] INFO:   Contains: 36 items
[2025-11-10 01:01:04] INFO:   Display label: S00000 - Nicholas
[2025-11-10 01:01:04] INFO: Found folder: /Users/justinlimchunkiat/FundProg2/FaceRecognitionCS102/data/facedata/S99999_Justin_Lim
[2025-11-10 01:01:04] INFO:   Contains: 30 items
[2025-11-10 01:01:04] INFO:   Display label: S99999 - Justin_Lim
[2025-11-10 01:01:04] INFO: Found folder: /Users/justinlimchunkiat/FundProg2/FaceRecognitionCS102/data/facedata/S98765_Cheng_Feng
[2025-11-10 01:01:04] INFO:   Contains: 28 items
[2025-11-10 01:01:04] INFO:   Display label: S98765 - Cheng_Feng
[2025-11-10 01:01:04] INFO: Found folder: /Users/justinlimchunkiat/FundProg2/FaceRecognitionCS102/data/facedata/S12332_Elle
[2025-11-10 01:01:04] INFO:   Contains: 32 items
[2025-11-10 01:01:04] INFO:   Display label: S12332 - Elle
[2025-11-10 01:01:04] INFO: Found folder: /Users/justinlimchunkiat/FundProg2/FaceRecognitionCS102/data/facedata/S12432_Jin_Rae
[2025-11-10 01:01:04] INFO:   Contains: 28 items
[2025-11-10 01:01:04] INFO:   Display label: S12432 - Jin_Rae
[2025-11-10 01:01:04] INFO: ====================
[2025-11-10 01:01:04] INFO: Person S23465 - Jodie: tightness=0.870, stdDev=0.023, absThresh.live=0.521 (training=0.613), margin=0.113
[2025-11-10 01:01:04] INFO:   [Glasses Mode] S12344 - rome variation stdDev=0.207 -> relaxed thresholds by 12.0%
[2025-11-10 01:01:04] INFO: Person S12344 - rome: tightness=0.528, stdDev=0.207, absThresh.live=0.489 (training=0.575), margin=0.132
[2025-11-10 01:01:04] INFO: Person S23443 - Haggai: tightness=0.855, stdDev=0.023, absThresh.live=0.522 (training=0.614), margin=0.114
[2025-11-10 01:01:04] INFO: Person S00001 - jereme: tightness=0.812, stdDev=0.039, absThresh.live=0.526 (training=0.619), margin=0.119
[2025-11-10 01:01:04] INFO: Person S43231 - Nic: tightness=0.778, stdDev=0.057, absThresh.live=0.529 (training=0.622), margin=0.122
[2025-11-10 01:01:04] INFO: Person S12348 - May: tightness=0.871, stdDev=0.027, absThresh.live=0.521 (training=0.613), margin=0.113
[2025-11-10 01:01:04] INFO: Person S67865 - Zhi_Hean: tightness=0.742, stdDev=0.089, absThresh.live=0.532 (training=0.626), margin=0.126
[2025-11-10 01:01:04] INFO: Person S67898 - Allan: tightness=0.762, stdDev=0.055, absThresh.live=0.530 (training=0.624), margin=0.124
[2025-11-10 01:01:04] SEVERE: Invalid embedding size: 512, expected: 2048
[2025-11-10 01:01:04] WARNING: Skipping invalid embedding file: /Users/justinlimchunkiat/FundProg2/FaceRecognitionCS102/data/facedata/S00000_Nicholas/S00000_023.emb
[2025-11-10 01:01:04] SEVERE: Invalid embedding size: 512, expected: 2048
[2025-11-10 01:01:04] WARNING: Skipping invalid embedding file: /Users/justinlimchunkiat/FundProg2/FaceRecognitionCS102/data/facedata/S00000_Nicholas/S00000_022.emb
[2025-11-10 01:01:04] SEVERE: Invalid embedding size: 512, expected: 2048
[2025-11-10 01:01:04] WARNING: Skipping invalid embedding file: /Users/justinlimchunkiat/FundProg2/FaceRecognitionCS102/data/facedata/S00000_Nicholas/S00000_008.emb
[2025-11-10 01:01:04] SEVERE: Invalid embedding size: 512, expected: 2048
[2025-11-10 01:01:04] WARNING: Skipping invalid embedding file: /Users/justinlimchunkiat/FundProg2/FaceRecognitionCS102/data/facedata/S00000_Nicholas/S00000_020.emb
[2025-11-10 01:01:04] SEVERE: Invalid embedding size: 512, expected: 2048
[2025-11-10 01:01:04] WARNING: Skipping invalid embedding file: /Users/justinlimchunkiat/FundProg2/FaceRecognitionCS102/data/facedata/S00000_Nicholas/S00000_021.emb
[2025-11-10 01:01:04] SEVERE: Invalid embedding size: 512, expected: 2048
[2025-11-10 01:01:04] WARNING: Skipping invalid embedding file: /Users/justinlimchunkiat/FundProg2/FaceRecognitionCS102/data/facedata/S00000_Nicholas/S00000_019.emb
[2025-11-10 01:01:04] SEVERE: Invalid embedding size: 512, expected: 2048
[2025-11-10 01:01:04] WARNING: Skipping invalid embedding file: /Users/justinlimchunkiat/FundProg2/FaceRecognitionCS102/data/facedata/S00000_Nicholas/S00000_018.emb
[2025-11-10 01:01:04] SEVERE: Invalid embedding size: 512, expected: 2048
[2025-11-10 01:01:04] WARNING: Skipping invalid embedding file: /Users/justinlimchunkiat/FundProg2/FaceRecognitionCS102/data/facedata/S00000_Nicholas/S00000_024.emb
[2025-11-10 01:01:04] SEVERE: Invalid embedding size: 512, expected: 2048
[2025-11-10 01:01:04] WARNING: Skipping invalid embedding file: /Users/justinlimchunkiat/FundProg2/FaceRecognitionCS102/data/facedata/S00000_Nicholas/S00000_002.emb
[2025-11-10 01:01:04] SEVERE: Invalid embedding size: 512, expected: 2048
[2025-11-10 01:01:04] WARNING: Skipping invalid embedding file: /Users/justinlimchunkiat/FundProg2/FaceRecognitionCS102/data/facedata/S00000_Nicholas/S00000_016.emb
[2025-11-10 01:01:04] SEVERE: Invalid embedding size: 512, expected: 2048
[2025-11-10 01:01:04] WARNING: Skipping invalid embedding file: /Users/justinlimchunkiat/FundProg2/FaceRecognitionCS102/data/facedata/S00000_Nicholas/S00000_017.emb
[2025-11-10 01:01:04] SEVERE: Invalid embedding size: 512, expected: 2048
[2025-11-10 01:01:04] WARNING: Skipping invalid embedding file: /Users/justinlimchunkiat/FundProg2/FaceRecognitionCS102/data/facedata/S00000_Nicholas/S00000_003.emb
[2025-11-10 01:01:04] SEVERE: Invalid embedding size: 512, expected: 2048
[2025-11-10 01:01:04] WARNING: Skipping invalid embedding file: /Users/justinlimchunkiat/FundProg2/FaceRecognitionCS102/data/facedata/S00000_Nicholas/S00000_015.emb
[2025-11-10 01:01:04] SEVERE: Invalid embedding size: 512, expected: 2048
[2025-11-10 01:01:04] WARNING: Skipping invalid embedding file: /Users/justinlimchunkiat/FundProg2/FaceRecognitionCS102/data/facedata/S00000_Nicholas/S00000_001.emb
[2025-11-10 01:01:04] SEVERE: Invalid embedding size: 512, expected: 2048
[2025-11-10 01:01:04] WARNING: Skipping invalid embedding file: /Users/justinlimchunkiat/FundProg2/FaceRecognitionCS102/data/facedata/S00000_Nicholas/S00000_014.emb
[2025-11-10 01:01:04] SEVERE: Invalid embedding size: 512, expected: 2048
[2025-11-10 01:01:04] WARNING: Skipping invalid embedding file: /Users/justinlimchunkiat/FundProg2/FaceRecognitionCS102/data/facedata/S00000_Nicholas/S00000_010.emb
[2025-11-10 01:01:04] SEVERE: Invalid embedding size: 512, expected: 2048
[2025-11-10 01:01:04] WARNING: Skipping invalid embedding file: /Users/justinlimchunkiat/FundProg2/FaceRecognitionCS102/data/facedata/S00000_Nicholas/S00000_007.emb
[2025-11-10 01:01:04] SEVERE: Invalid embedding size: 512, expected: 2048
[2025-11-10 01:01:04] WARNING: Skipping invalid embedding file: /Users/justinlimchunkiat/FundProg2/FaceRecognitionCS102/data/facedata/S00000_Nicholas/S00000_013.emb
[2025-11-10 01:01:04] INFO: Person S00000 - Nicholas: tightness=1.000, stdDev=0.000, absThresh.live=0.510 (training=0.600), margin=0.100
[2025-11-10 01:01:04] INFO: Person S99999 - Justin_Lim: tightness=0.823, stdDev=0.041, absThresh.live=0.525 (training=0.618), margin=0.118
[2025-11-10 01:01:04] INFO:   [Glasses Mode] S98765 - Cheng_Feng variation stdDev=0.175 -> relaxed thresholds by 12.0%
[2025-11-10 01:01:04] INFO: Person S98765 - Cheng_Feng: tightness=0.547, stdDev=0.175, absThresh.live=0.487 (training=0.573), margin=0.130
[2025-11-10 01:01:04] INFO: Person S12332 - Elle: tightness=0.749, stdDev=0.059, absThresh.live=0.531 (training=0.625), margin=0.125
[2025-11-10 01:01:04] INFO:   [Glasses Mode] S12432 - Jin_Rae variation stdDev=0.123 -> relaxed thresholds by 11.1%
[2025-11-10 01:01:04] INFO: Person S12432 - Jin_Rae: tightness=0.670, stdDev=0.123, absThresh.live=0.481 (training=0.566), margin=0.118
[2025-11-10 01:01:04] INFO: DEBUG CENTROID:
[2025-11-10 01:01:04] INFO:   Centroid length: 512
[2025-11-10 01:01:04] INFO:   Centroid first 10 values: -0.022701283743094786 -5.804099648146079E-4 -0.05391006542732285 -0.03176291635855644 -0.08212138470067963 -0.0365284361837785 0.03134935314678263 0.026190966987280746 -0.013329226734194222 0.04073557344334259
[2025-11-10 01:01:04] INFO:   Centroid magnitude: 1.0000000000000002
[2025-11-10 01:01:04] INFO: DNN face detector loaded successfully
[2025-11-10 01:01:04] INFO: Initialized 4 attendance records for session 12
[2025-11-10 01:01:04] INFO: === Folder debug ===
[2025-11-10 01:01:04] INFO: Found folder: /Users/justinlimchunkiat/FundProg2/FaceRecognitionCS102/data/facedata/S23465_Jodie
[2025-11-10 01:01:04] INFO:   Contains: 28 items
[2025-11-10 01:01:04] INFO:   Display label: S23465 - Jodie
[2025-11-10 01:01:04] INFO: Found folder: /Users/justinlimchunkiat/FundProg2/FaceRecognitionCS102/data/facedata/S12344_rome
[2025-11-10 01:01:04] INFO:   Contains: 28 items
[2025-11-10 01:01:04] INFO:   Display label: S12344 - rome
[2025-11-10 01:01:04] INFO: Found folder: /Users/justinlimchunkiat/FundProg2/FaceRecognitionCS102/data/facedata/S23443_Haggai
[2025-11-10 01:01:04] INFO:   Contains: 32 items
[2025-11-10 01:01:04] INFO:   Display label: S23443 - Haggai
[2025-11-10 01:01:04] INFO: Found folder: /Users/justinlimchunkiat/FundProg2/FaceRecognitionCS102/data/facedata/S00001_jereme
[2025-11-10 01:01:04] INFO:   Contains: 32 items
[2025-11-10 01:01:04] INFO:   Display label: S00001 - jereme
[2025-11-10 01:01:04] INFO: Found folder: /Users/justinlimchunkiat/FundProg2/FaceRecognitionCS102/data/facedata/S43231_Nic
[2025-11-10 01:01:04] INFO:   Contains: 30 items
[2025-11-10 01:01:04] INFO:   Display label: S43231 - Nic
[2025-11-10 01:01:04] INFO: Found folder: /Users/justinlimchunkiat/FundProg2/FaceRecognitionCS102/data/facedata/S12348_May
[2025-11-10 01:01:04] INFO:   Contains: 32 items
[2025-11-10 01:01:04] INFO:   Display label: S12348 - May
[2025-11-10 01:01:04] INFO: Found folder: /Users/justinlimchunkiat/FundProg2/FaceRecognitionCS102/data/facedata/S67865_Zhi_Hean
[2025-11-10 01:01:04] INFO:   Contains: 30 items
[2025-11-10 01:01:04] INFO:   Display label: S67865 - Zhi_Hean
[2025-11-10 01:01:04] INFO: Found folder: /Users/justinlimchunkiat/FundProg2/FaceRecognitionCS102/data/facedata/S67898_Allan
[2025-11-10 01:01:04] INFO:   Contains: 30 items
[2025-11-10 01:01:04] INFO:   Display label: S67898 - Allan
[2025-11-10 01:01:04] INFO: Found folder: /Users/justinlimchunkiat/FundProg2/FaceRecognitionCS102/data/facedata/S00000_Nicholas
[2025-11-10 01:01:04] INFO:   Contains: 36 items
[2025-11-10 01:01:04] INFO:   Display label: S00000 - Nicholas
[2025-11-10 01:01:04] INFO: Found folder: /Users/justinlimchunkiat/FundProg2/FaceRecognitionCS102/data/facedata/S99999_Justin_Lim
[2025-11-10 01:01:04] INFO:   Contains: 30 items
[2025-11-10 01:01:04] INFO:   Display label: S99999 - Justin_Lim
[2025-11-10 01:01:04] INFO: Found folder: /Users/justinlimchunkiat/FundProg2/FaceRecognitionCS102/data/facedata/S98765_Cheng_Feng
[2025-11-10 01:01:04] INFO:   Contains: 28 items
[2025-11-10 01:01:04] INFO:   Display label: S98765 - Cheng_Feng
[2025-11-10 01:01:04] INFO: Found folder: /Users/justinlimchunkiat/FundProg2/FaceRecognitionCS102/data/facedata/S12332_Elle
[2025-11-10 01:01:04] INFO:   Contains: 32 items
[2025-11-10 01:01:04] INFO:   Display label: S12332 - Elle
[2025-11-10 01:01:04] INFO: Found folder: /Users/justinlimchunkiat/FundProg2/FaceRecognitionCS102/data/facedata/S12432_Jin_Rae
[2025-11-10 01:01:04] INFO:   Contains: 28 items
[2025-11-10 01:01:04] INFO:   Display label: S12432 - Jin_Rae
[2025-11-10 01:01:04] INFO: ====================
[2025-11-10 01:01:04] INFO: Person S23465 - Jodie: tightness=0.870, stdDev=0.023, absThresh.live=0.521 (training=0.613), margin=0.113
[2025-11-10 01:01:04] INFO:   [Glasses Mode] S12344 - rome variation stdDev=0.207 -> relaxed thresholds by 12.0%
[2025-11-10 01:01:04] INFO: Person S12344 - rome: tightness=0.528, stdDev=0.207, absThresh.live=0.489 (training=0.575), margin=0.132
[2025-11-10 01:01:04] INFO: Person S23443 - Haggai: tightness=0.855, stdDev=0.023, absThresh.live=0.522 (training=0.614), margin=0.114
[2025-11-10 01:01:04] INFO: Person S00001 - jereme: tightness=0.812, stdDev=0.039, absThresh.live=0.526 (training=0.619), margin=0.119
[2025-11-10 01:01:04] INFO: Person S43231 - Nic: tightness=0.778, stdDev=0.057, absThresh.live=0.529 (training=0.622), margin=0.122
[2025-11-10 01:01:04] INFO: Person S12348 - May: tightness=0.871, stdDev=0.027, absThresh.live=0.521 (training=0.613), margin=0.113
[2025-11-10 01:01:04] INFO: Person S67865 - Zhi_Hean: tightness=0.742, stdDev=0.089, absThresh.live=0.532 (training=0.626), margin=0.126
[2025-11-10 01:01:04] INFO: Person S67898 - Allan: tightness=0.762, stdDev=0.055, absThresh.live=0.530 (training=0.624), margin=0.124
[2025-11-10 01:01:04] SEVERE: Invalid embedding size: 512, expected: 2048
[2025-11-10 01:01:04] WARNING: Skipping invalid embedding file: /Users/justinlimchunkiat/FundProg2/FaceRecognitionCS102/data/facedata/S00000_Nicholas/S00000_023.emb
[2025-11-10 01:01:04] SEVERE: Invalid embedding size: 512, expected: 2048
[2025-11-10 01:01:04] WARNING: Skipping invalid embedding file: /Users/justinlimchunkiat/FundProg2/FaceRecognitionCS102/data/facedata/S00000_Nicholas/S00000_022.emb
[2025-11-10 01:01:04] SEVERE: Invalid embedding size: 512, expected: 2048
[2025-11-10 01:01:04] WARNING: Skipping invalid embedding file: /Users/justinlimchunkiat/FundProg2/FaceRecognitionCS102/data/facedata/S00000_Nicholas/S00000_008.emb
[2025-11-10 01:01:04] SEVERE: Invalid embedding size: 512, expected: 2048
[2025-11-10 01:01:04] WARNING: Skipping invalid embedding file: /Users/justinlimchunkiat/FundProg2/FaceRecognitionCS102/data/facedata/S00000_Nicholas/S00000_020.emb
[2025-11-10 01:01:04] SEVERE: Invalid embedding size: 512, expected: 2048
[2025-11-10 01:01:04] WARNING: Skipping invalid embedding file: /Users/justinlimchunkiat/FundProg2/FaceRecognitionCS102/data/facedata/S00000_Nicholas/S00000_021.emb
[2025-11-10 01:01:04] SEVERE: Invalid embedding size: 512, expected: 2048
[2025-11-10 01:01:04] WARNING: Skipping invalid embedding file: /Users/justinlimchunkiat/FundProg2/FaceRecognitionCS102/data/facedata/S00000_Nicholas/S00000_019.emb
[2025-11-10 01:01:04] SEVERE: Invalid embedding size: 512, expected: 2048
[2025-11-10 01:01:04] WARNING: Skipping invalid embedding file: /Users/justinlimchunkiat/FundProg2/FaceRecognitionCS102/data/facedata/S00000_Nicholas/S00000_018.emb
[2025-11-10 01:01:04] SEVERE: Invalid embedding size: 512, expected: 2048
[2025-11-10 01:01:04] WARNING: Skipping invalid embedding file: /Users/justinlimchunkiat/FundProg2/FaceRecognitionCS102/data/facedata/S00000_Nicholas/S00000_024.emb
[2025-11-10 01:01:04] SEVERE: Invalid embedding size: 512, expected: 2048
[2025-11-10 01:01:04] WARNING: Skipping invalid embedding file: /Users/justinlimchunkiat/FundProg2/FaceRecognitionCS102/data/facedata/S00000_Nicholas/S00000_002.emb
[2025-11-10 01:01:04] SEVERE: Invalid embedding size: 512, expected: 2048
[2025-11-10 01:01:04] WARNING: Skipping invalid embedding file: /Users/justinlimchunkiat/FundProg2/FaceRecognitionCS102/data/facedata/S00000_Nicholas/S00000_016.emb
[2025-11-10 01:01:04] SEVERE: Invalid embedding size: 512, expected: 2048
[2025-11-10 01:01:04] WARNING: Skipping invalid embedding file: /Users/justinlimchunkiat/FundProg2/FaceRecognitionCS102/data/facedata/S00000_Nicholas/S00000_017.emb
[2025-11-10 01:01:04] SEVERE: Invalid embedding size: 512, expected: 2048
[2025-11-10 01:01:04] WARNING: Skipping invalid embedding file: /Users/justinlimchunkiat/FundProg2/FaceRecognitionCS102/data/facedata/S00000_Nicholas/S00000_003.emb
[2025-11-10 01:01:04] SEVERE: Invalid embedding size: 512, expected: 2048
[2025-11-10 01:01:04] WARNING: Skipping invalid embedding file: /Users/justinlimchunkiat/FundProg2/FaceRecognitionCS102/data/facedata/S00000_Nicholas/S00000_015.emb
[2025-11-10 01:01:04] SEVERE: Invalid embedding size: 512, expected: 2048
[2025-11-10 01:01:04] WARNING: Skipping invalid embedding file: /Users/justinlimchunkiat/FundProg2/FaceRecognitionCS102/data/facedata/S00000_Nicholas/S00000_001.emb
[2025-11-10 01:01:04] SEVERE: Invalid embedding size: 512, expected: 2048
[2025-11-10 01:01:04] WARNING: Skipping invalid embedding file: /Users/justinlimchunkiat/FundProg2/FaceRecognitionCS102/data/facedata/S00000_Nicholas/S00000_014.emb
[2025-11-10 01:01:04] SEVERE: Invalid embedding size: 512, expected: 2048
[2025-11-10 01:01:04] WARNING: Skipping invalid embedding file: /Users/justinlimchunkiat/FundProg2/FaceRecognitionCS102/data/facedata/S00000_Nicholas/S00000_010.emb
[2025-11-10 01:01:04] SEVERE: Invalid embedding size: 512, expected: 2048
[2025-11-10 01:01:04] WARNING: Skipping invalid embedding file: /Users/justinlimchunkiat/FundProg2/FaceRecognitionCS102/data/facedata/S00000_Nicholas/S00000_007.emb
[2025-11-10 01:01:04] SEVERE: Invalid embedding size: 512, expected: 2048
[2025-11-10 01:01:04] WARNING: Skipping invalid embedding file: /Users/justinlimchunkiat/FundProg2/FaceRecognitionCS102/data/facedata/S00000_Nicholas/S00000_013.emb
[2025-11-10 01:01:04] INFO: Person S00000 - Nicholas: tightness=1.000, stdDev=0.000, absThresh.live=0.510 (training=0.600), margin=0.100
[2025-11-10 01:01:04] INFO: Person S99999 - Justin_Lim: tightness=0.823, stdDev=0.041, absThresh.live=0.525 (training=0.618), margin=0.118
[2025-11-10 01:01:04] INFO:   [Glasses Mode] S98765 - Cheng_Feng variation stdDev=0.175 -> relaxed thresholds by 12.0%
[2025-11-10 01:01:04] INFO: Person S98765 - Cheng_Feng: tightness=0.547, stdDev=0.175, absThresh.live=0.487 (training=0.573), margin=0.130
[2025-11-10 01:01:04] INFO: Person S12332 - Elle: tightness=0.749, stdDev=0.059, absThresh.live=0.531 (training=0.625), margin=0.125
[2025-11-10 01:01:04] INFO:   [Glasses Mode] S12432 - Jin_Rae variation stdDev=0.123 -> relaxed thresholds by 11.1%
[2025-11-10 01:01:04] INFO: Person S12432 - Jin_Rae: tightness=0.670, stdDev=0.123, absThresh.live=0.481 (training=0.566), margin=0.118
[2025-11-10 01:01:04] INFO: DEBUG CENTROID:
[2025-11-10 01:01:04] INFO:   Centroid length: 512
[2025-11-10 01:01:04] INFO:   Centroid first 10 values: -0.022701283743094786 -5.804099648146079E-4 -0.05391006542732285 -0.03176291635855644 -0.08212138470067963 -0.0365284361837785 0.03134935314678263 0.026190966987280746 -0.013329226734194222 0.04073557344334259
[2025-11-10 01:01:04] INFO:   Centroid magnitude: 1.0000000000000002
[2025-11-10 01:01:04] INFO: Recognition dataset reloaded for attendance window
[2025-11-10 01:01:06] INFO: === STAGE 1: Face Detection & Preprocessing ===
[2025-11-10 01:01:06] INFO: Face ROI size: 331x390
[2025-11-10 01:01:06] INFO: [Attendance Recognition] ProfileLabel=S99999 - Justin_Lim, StudentID=S99999, Confidence=0.06, RawScore=0.429, Accepted=false
[2025-11-10 01:01:06] INFO: Recognition result: studentId=S99999, confidence=0.43, recognized=false
[2025-11-10 01:01:09] INFO: Frame cadence gap detected; resetting recognition history for session 12
[2025-11-10 01:01:09] INFO: === STAGE 1: Face Detection & Preprocessing ===
[2025-11-10 01:01:09] INFO: Face ROI size: 331x400
[2025-11-10 01:01:09] INFO: [Attendance Recognition] ProfileLabel=S99999 - Justin_Lim, StudentID=S99999, Confidence=0.07, RawScore=0.498, Accepted=false
[2025-11-10 01:01:09] INFO: Recognition result: studentId=S99999, confidence=0.50, recognized=false
[2025-11-10 01:01:11] INFO: Frame cadence gap detected; resetting recognition history for session 12
[2025-11-10 01:01:11] INFO: === STAGE 1: Face Detection & Preprocessing ===
[2025-11-10 01:01:11] INFO: Face ROI size: 337x399
[2025-11-10 01:01:11] INFO: [Attendance Recognition] ProfileLabel=S99999 - Justin_Lim, StudentID=S99999, Confidence=0.09, RawScore=0.511, Accepted=false
[2025-11-10 01:01:11] INFO: Recognition result: studentId=S99999, confidence=0.51, recognized=false
[2025-11-10 01:01:19] INFO: Frame cadence gap detected; resetting recognition history for session 12
[2025-11-10 01:01:19] INFO: === STAGE 1: Face Detection & Preprocessing ===
[2025-11-10 01:01:19] INFO: Face ROI size: 331x298
[2025-11-10 01:01:19] INFO: [Attendance Recognition] ProfileLabel=S67865 - Zhi_Hean, StudentID=S67865, Confidence=0.29, RawScore=0.732, Accepted=true
[2025-11-10 01:01:19] INFO: Recognition result: studentId=S67865, confidence=0.73, recognized=true
[2025-11-10 01:01:20] INFO: Frame cadence gap detected; resetting recognition history for session 12
[2025-11-10 01:01:20] INFO: === STAGE 1: Face Detection & Preprocessing ===
[2025-11-10 01:01:20] INFO: Face ROI size: 302x348
[2025-11-10 01:01:20] INFO: [Attendance Recognition] ProfileLabel=S99999 - Justin_Lim, StudentID=S99999, Confidence=0.07, RawScore=0.405, Accepted=false
[2025-11-10 01:01:20] INFO: Recognition result: studentId=S99999, confidence=0.40, recognized=false
[2025-11-10 01:01:22] INFO: Frame cadence gap detected; resetting recognition history for session 12
[2025-11-10 01:01:22] INFO: === STAGE 1: Face Detection & Preprocessing ===
[2025-11-10 01:01:22] INFO: Face ROI size: 328x397
[2025-11-10 01:01:22] INFO: [Attendance Recognition] ProfileLabel=S99999 - Justin_Lim, StudentID=S99999, Confidence=0.12, RawScore=0.550, Accepted=true
[2025-11-10 01:01:22] INFO: Recognition result: studentId=S99999, confidence=0.55, recognized=true
[2025-11-10 01:01:23] INFO: Frame cadence gap detected; resetting recognition history for session 12
[2025-11-10 01:01:23] INFO: === STAGE 1: Face Detection & Preprocessing ===
[2025-11-10 01:01:23] INFO: Face ROI size: 269x316
[2025-11-10 01:01:23] INFO: [Attendance Recognition] ProfileLabel=S99999 - Justin_Lim, StudentID=S99999, Confidence=0.03, RawScore=0.546, Accepted=false
[2025-11-10 01:01:23] INFO: Recognition result: studentId=S99999, confidence=0.55, recognized=false
[2025-11-10 01:01:25] INFO: Frame cadence gap detected; resetting recognition history for session 12
[2025-11-10 01:01:25] INFO: === STAGE 1: Face Detection & Preprocessing ===
[2025-11-10 01:01:25] INFO: Face ROI size: 319x421
[2025-11-10 01:01:25] INFO: [Attendance Recognition] ProfileLabel=S99999 - Justin_Lim, StudentID=S99999, Confidence=0.09, RawScore=0.566, Accepted=false
[2025-11-10 01:01:25] INFO: Recognition result: studentId=S99999, confidence=0.57, recognized=false
[2025-11-10 01:01:27] INFO: Frame cadence gap detected; resetting recognition history for session 12
[2025-11-10 01:01:27] INFO: === STAGE 1: Face Detection & Preprocessing ===
[2025-11-10 01:01:27] INFO: Face ROI size: 358x453
[2025-11-10 01:01:27] INFO: [Attendance Recognition] ProfileLabel=S99999 - Justin_Lim, StudentID=S99999, Confidence=0.15, RawScore=0.582, Accepted=true
[2025-11-10 01:01:27] INFO: Recognition result: studentId=S99999, confidence=0.58, recognized=true
[2025-11-10 01:01:32] INFO: Frame cadence gap detected; resetting recognition history for session 12
[2025-11-10 01:01:32] INFO: === STAGE 1: Face Detection & Preprocessing ===
[2025-11-10 01:01:32] INFO: Face ROI size: 262x329
[2025-11-10 01:01:32] INFO: [Attendance Recognition] ProfileLabel=S99999 - Justin_Lim, StudentID=S99999, Confidence=0.12, RawScore=0.516, Accepted=false
[2025-11-10 01:01:32] INFO: Recognition result: studentId=S99999, confidence=0.52, recognized=false
[2025-11-10 01:01:34] INFO: Frame cadence gap detected; resetting recognition history for session 12
[2025-11-10 01:01:34] INFO: === STAGE 1: Face Detection & Preprocessing ===
[2025-11-10 01:01:34] INFO: Face ROI size: 245x301
[2025-11-10 01:01:34] INFO: [Attendance Recognition] ProfileLabel=S99999 - Justin_Lim, StudentID=S99999, Confidence=0.12, RawScore=0.618, Accepted=false
[2025-11-10 01:01:34] INFO: Recognition result: studentId=S99999, confidence=0.62, recognized=false
[2025-11-10 01:01:34] INFO: Auto-marked S99999 as LATE at 2025-11-10T01:01:34.626128
[2025-11-10 01:01:34] INFO: Auto-marked attendance: Student=S99999, Status=LATE, Timestamp=2025-11-10T01:01:34.626128, Method=AUTOMATIC
[2025-11-10 01:01:34] INFO: Updated table row 0: Status=LATE, Timestamp=2025-11-10T01:01:34.626128, Method=AUTOMATIC
[2025-11-10 01:01:34] INFO: Frame cadence gap detected; resetting recognition history for session 12
[2025-11-10 01:01:34] INFO: === STAGE 1: Face Detection & Preprocessing ===
[2025-11-10 01:01:34] INFO: Face ROI size: 247x306
[2025-11-10 01:01:34] INFO: [Attendance Recognition] ProfileLabel=S99999 - Justin_Lim, StudentID=S99999, Confidence=0.17, RawScore=0.650, Accepted=true
[2025-11-10 01:01:34] INFO: Recognition result: studentId=S99999, confidence=0.65, recognized=true
[2025-11-10 01:01:35] INFO: Frame cadence gap detected; resetting recognition history for session 12
[2025-11-10 01:01:35] INFO: === STAGE 1: Face Detection & Preprocessing ===
[2025-11-10 01:01:35] INFO: Face ROI size: 244x300
[2025-11-10 01:01:35] INFO: [Attendance Recognition] ProfileLabel=S99999 - Justin_Lim, StudentID=S99999, Confidence=0.13, RawScore=0.608, Accepted=false
[2025-11-10 01:01:35] INFO: Recognition result: studentId=S99999, confidence=0.61, recognized=false
[2025-11-10 01:01:35] INFO: Frame cadence gap detected; resetting recognition history for session 12
[2025-11-10 01:01:35] INFO: === STAGE 1: Face Detection & Preprocessing ===
[2025-11-10 01:01:35] INFO: Face ROI size: 244x312
[2025-11-10 01:01:35] INFO: [Attendance Recognition] ProfileLabel=S99999 - Justin_Lim, StudentID=S99999, Confidence=0.13, RawScore=0.548, Accepted=true
[2025-11-10 01:01:35] INFO: Recognition result: studentId=S99999, confidence=0.55, recognized=true
[2025-11-10 01:01:36] INFO: Frame cadence gap detected; resetting recognition history for session 12
[2025-11-10 01:01:36] INFO: === STAGE 1: Face Detection & Preprocessing ===
[2025-11-10 01:01:36] INFO: Face ROI size: 243x297
[2025-11-10 01:01:36] INFO: [Attendance Recognition] ProfileLabel=S99999 - Justin_Lim, StudentID=S99999, Confidence=0.08, RawScore=0.540, Accepted=false
[2025-11-10 01:01:36] INFO: Recognition result: studentId=S99999, confidence=0.54, recognized=false
[2025-11-10 01:01:36] INFO: Frame cadence gap detected; resetting recognition history for session 12
[2025-11-10 01:01:36] INFO: === STAGE 1: Face Detection & Preprocessing ===
[2025-11-10 01:01:36] INFO: Face ROI size: 243x292
[2025-11-10 01:01:36] INFO: [Attendance Recognition] ProfileLabel=S99999 - Justin_Lim, StudentID=S99999, Confidence=0.09, RawScore=0.557, Accepted=false
[2025-11-10 01:01:36] INFO: Recognition result: studentId=S99999, confidence=0.56, recognized=false
[2025-11-10 01:01:37] INFO: Frame cadence gap detected; resetting recognition history for session 12
[2025-11-10 01:01:37] INFO: === STAGE 1: Face Detection & Preprocessing ===
[2025-11-10 01:01:37] INFO: Face ROI size: 243x291
[2025-11-10 01:01:37] INFO: [Attendance Recognition] ProfileLabel=S99999 - Justin_Lim, StudentID=S99999, Confidence=0.07, RawScore=0.524, Accepted=false
[2025-11-10 01:01:37] INFO: Recognition result: studentId=S99999, confidence=0.52, recognized=false
[2025-11-10 01:01:37] INFO: Frame cadence gap detected; resetting recognition history for session 12
[2025-11-10 01:01:37] INFO: === STAGE 1: Face Detection & Preprocessing ===
[2025-11-10 01:01:37] INFO: Face ROI size: 239x290
[2025-11-10 01:01:37] INFO: [Attendance Recognition] ProfileLabel=S99999 - Justin_Lim, StudentID=S99999, Confidence=0.09, RawScore=0.559, Accepted=false
[2025-11-10 01:01:37] INFO: Recognition result: studentId=S99999, confidence=0.56, recognized=false
[2025-11-10 01:01:38] INFO: Frame cadence gap detected; resetting recognition history for session 12
[2025-11-10 01:01:38] INFO: === STAGE 1: Face Detection & Preprocessing ===
[2025-11-10 01:01:38] INFO: Face ROI size: 240x290
[2025-11-10 01:01:38] INFO: [Attendance Recognition] ProfileLabel=S99999 - Justin_Lim, StudentID=S99999, Confidence=0.04, RawScore=0.544, Accepted=false
[2025-11-10 01:01:38] INFO: Recognition result: studentId=S99999, confidence=0.54, recognized=false
[2025-11-10 01:01:38] INFO: Manually marked S99999 as PRESENT at 2025-11-10T01:01:38.949007
[2025-11-10 01:01:38] INFO: Manually marked attendance: Student=S99999, Status=PRESENT, Timestamp=2025-11-10T01:01:38.949007, Method=MANUAL
[2025-11-10 01:01:39] INFO: Frame cadence gap detected; resetting recognition history for session 12
[2025-11-10 01:01:39] INFO: === STAGE 1: Face Detection & Preprocessing ===
[2025-11-10 01:01:39] INFO: Face ROI size: 243x297
[2025-11-10 01:01:39] INFO: [Attendance Recognition] ProfileLabel=S99999 - Justin_Lim, StudentID=S99999, Confidence=0.07, RawScore=0.568, Accepted=false
[2025-11-10 01:01:39] INFO: Recognition result: studentId=S99999, confidence=0.57, recognized=false
[2025-11-10 01:01:39] INFO: Updated table row 0: Status=PRESENT, Timestamp=2025-11-10T01:01:38.949007, Method=MANUAL
[2025-11-10 01:01:39] INFO: === STAGE 1: Face Detection & Preprocessing ===
[2025-11-10 01:01:39] INFO: Face ROI size: 240x296
[2025-11-10 01:01:39] INFO: [Attendance Recognition] ProfileLabel=S99999 - Justin_Lim, StudentID=S99999, Confidence=0.10, RawScore=0.607, Accepted=false
[2025-11-10 01:01:39] INFO: Recognition result: studentId=S99999, confidence=0.61, recognized=false
[2025-11-10 01:01:39] INFO: Frame cadence gap detected; resetting recognition history for session 12
[2025-11-10 01:01:39] INFO: === STAGE 1: Face Detection & Preprocessing ===
[2025-11-10 01:01:39] INFO: Face ROI size: 238x296
[2025-11-10 01:01:39] INFO: [Attendance Recognition] ProfileLabel=S99999 - Justin_Lim, StudentID=S99999, Confidence=0.05, RawScore=0.513, Accepted=false
[2025-11-10 01:01:39] INFO: Recognition result: studentId=S99999, confidence=0.51, recognized=false
[2025-11-10 01:01:40] INFO: Frame cadence gap detected; resetting recognition history for session 12
[2025-11-10 01:01:40] INFO: === STAGE 1: Face Detection & Preprocessing ===
[2025-11-10 01:01:40] INFO: Face ROI size: 245x294
[2025-11-10 01:01:40] INFO: [Attendance Recognition] ProfileLabel=S99999 - Justin_Lim, StudentID=S99999, Confidence=0.13, RawScore=0.594, Accepted=true
[2025-11-10 01:01:40] INFO: Recognition result: studentId=S99999, confidence=0.59, recognized=true
[2025-11-10 01:01:40] INFO: Frame cadence gap detected; resetting recognition history for session 12
[2025-11-10 01:01:40] INFO: === STAGE 1: Face Detection & Preprocessing ===
[2025-11-10 01:01:40] INFO: Face ROI size: 240x296
[2025-11-10 01:01:40] INFO: [Attendance Recognition] ProfileLabel=S99999 - Justin_Lim, StudentID=S99999, Confidence=0.15, RawScore=0.631, Accepted=true
[2025-11-10 01:01:40] INFO: Recognition result: studentId=S99999, confidence=0.63, recognized=true
[2025-11-10 01:01:41] INFO: Frame cadence gap detected; resetting recognition history for session 12
[2025-11-10 01:01:41] INFO: === STAGE 1: Face Detection & Preprocessing ===
[2025-11-10 01:01:41] INFO: Face ROI size: 244x289
[2025-11-10 01:01:41] INFO: [Attendance Recognition] ProfileLabel=S99999 - Justin_Lim, StudentID=S99999, Confidence=0.11, RawScore=0.562, Accepted=true
[2025-11-10 01:01:41] INFO: Recognition result: studentId=S99999, confidence=0.56, recognized=true
[2025-11-10 01:01:41] INFO: Frame cadence gap detected; resetting recognition history for session 12
[2025-11-10 01:01:41] INFO: === STAGE 1: Face Detection & Preprocessing ===
[2025-11-10 01:01:41] INFO: Face ROI size: 241x292
[2025-11-10 01:01:42] INFO: [Attendance Recognition] ProfileLabel=S99999 - Justin_Lim, StudentID=S99999, Confidence=0.12, RawScore=0.587, Accepted=true
[2025-11-10 01:01:42] INFO: Recognition result: studentId=S99999, confidence=0.59, recognized=true
[2025-11-10 01:01:42] INFO: Frame cadence gap detected; resetting recognition history for session 12
[2025-11-10 01:01:42] INFO: === STAGE 1: Face Detection & Preprocessing ===
[2025-11-10 01:01:42] INFO: Face ROI size: 241x290
[2025-11-10 01:01:42] INFO: [Attendance Recognition] ProfileLabel=S99999 - Justin_Lim, StudentID=S99999, Confidence=0.09, RawScore=0.590, Accepted=false
[2025-11-10 01:01:42] INFO: Recognition result: studentId=S99999, confidence=0.59, recognized=false
[2025-11-10 01:01:42] INFO: Manually marked S00001 as LATE at 2025-11-10T01:01:42.986382
[2025-11-10 01:01:42] INFO: Manually marked attendance: Student=S00001, Status=LATE, Timestamp=2025-11-10T01:01:42.986382, Method=MANUAL
[2025-11-10 01:01:43] INFO: Frame cadence gap detected; resetting recognition history for session 12
[2025-11-10 01:01:43] INFO: === STAGE 1: Face Detection & Preprocessing ===
[2025-11-10 01:01:43] INFO: Face ROI size: 241x291
[2025-11-10 01:01:43] INFO: [Attendance Recognition] ProfileLabel=S99999 - Justin_Lim, StudentID=S99999, Confidence=0.07, RawScore=0.568, Accepted=false
[2025-11-10 01:01:43] INFO: Recognition result: studentId=S99999, confidence=0.57, recognized=false
[2025-11-10 01:01:43] INFO: Updated table row 1: Status=LATE, Timestamp=2025-11-10T01:01:42.986382, Method=MANUAL
[2025-11-10 01:01:43] INFO: === STAGE 1: Face Detection & Preprocessing ===
[2025-11-10 01:01:43] INFO: Face ROI size: 240x290
[2025-11-10 01:01:43] INFO: [Attendance Recognition] ProfileLabel=S99999 - Justin_Lim, StudentID=S99999, Confidence=0.08, RawScore=0.574, Accepted=false
[2025-11-10 01:01:43] INFO: Recognition result: studentId=S99999, confidence=0.57, recognized=false
[2025-11-10 01:01:43] INFO: Frame cadence gap detected; resetting recognition history for session 12
[2025-11-10 01:01:43] INFO: === STAGE 1: Face Detection & Preprocessing ===
[2025-11-10 01:01:43] INFO: Face ROI size: 241x292
[2025-11-10 01:01:43] INFO: [Attendance Recognition] ProfileLabel=S99999 - Justin_Lim, StudentID=S99999, Confidence=0.12, RawScore=0.562, Accepted=true
[2025-11-10 01:01:43] INFO: Recognition result: studentId=S99999, confidence=0.56, recognized=true
[2025-11-10 01:01:44] INFO: Frame cadence gap detected; resetting recognition history for session 12
[2025-11-10 01:01:44] INFO: === STAGE 1: Face Detection & Preprocessing ===
[2025-11-10 01:01:44] INFO: Face ROI size: 239x290
[2025-11-10 01:01:44] INFO: [Attendance Recognition] ProfileLabel=S99999 - Justin_Lim, StudentID=S99999, Confidence=0.05, RawScore=0.561, Accepted=false
[2025-11-10 01:01:44] INFO: Recognition result: studentId=S99999, confidence=0.56, recognized=false
[2025-11-10 01:01:44] INFO: Manually marked S12432 as ABSENT at 2025-11-10T01:01:44.894175
[2025-11-10 01:01:44] INFO: Manually marked attendance: Student=S12432, Status=ABSENT, Timestamp=2025-11-10T01:01:44.894175, Method=MANUAL
[2025-11-10 01:01:44] INFO: Updated table row 2: Status=ABSENT, Timestamp=2025-11-10T01:01:44.894175, Method=MANUAL
[2025-11-10 01:01:44] INFO: Frame cadence gap detected; resetting recognition history for session 12
[2025-11-10 01:01:44] INFO: === STAGE 1: Face Detection & Preprocessing ===
[2025-11-10 01:01:44] INFO: Face ROI size: 241x294
[2025-11-10 01:01:45] INFO: [Attendance Recognition] ProfileLabel=S99999 - Justin_Lim, StudentID=S99999, Confidence=0.08, RawScore=0.580, Accepted=false
[2025-11-10 01:01:45] INFO: Recognition result: studentId=S99999, confidence=0.58, recognized=false
[2025-11-10 01:01:45] INFO: Frame cadence gap detected; resetting recognition history for session 12
[2025-11-10 01:01:45] INFO: === STAGE 1: Face Detection & Preprocessing ===
[2025-11-10 01:01:45] INFO: Face ROI size: 241x299
[2025-11-10 01:01:45] INFO: [Attendance Recognition] ProfileLabel=S99999 - Justin_Lim, StudentID=S99999, Confidence=0.08, RawScore=0.601, Accepted=false
[2025-11-10 01:01:45] INFO: Recognition result: studentId=S99999, confidence=0.60, recognized=false
[2025-11-10 01:01:46] INFO: Frame cadence gap detected; resetting recognition history for session 12
[2025-11-10 01:01:46] INFO: === STAGE 1: Face Detection & Preprocessing ===
[2025-11-10 01:01:46] INFO: Face ROI size: 240x298
[2025-11-10 01:01:46] INFO: [Attendance Recognition] ProfileLabel=S99999 - Justin_Lim, StudentID=S99999, Confidence=0.11, RawScore=0.603, Accepted=false
[2025-11-10 01:01:46] INFO: Recognition result: studentId=S99999, confidence=0.60, recognized=false
[2025-11-10 01:01:46] INFO: Frame cadence gap detected; resetting recognition history for session 12
[2025-11-10 01:01:46] INFO: === STAGE 1: Face Detection & Preprocessing ===
[2025-11-10 01:01:46] INFO: Face ROI size: 238x299
[2025-11-10 01:01:46] INFO: [Attendance Recognition] ProfileLabel=S99999 - Justin_Lim, StudentID=S99999, Confidence=0.13, RawScore=0.633, Accepted=false
[2025-11-10 01:01:46] INFO: Recognition result: studentId=S99999, confidence=0.63, recognized=false
[2025-11-10 01:01:46] INFO: Manually marked S98765 as ABSENT at 2025-11-10T01:01:46.824569
[2025-11-10 01:01:46] INFO: Manually marked attendance: Student=S98765, Status=ABSENT, Timestamp=2025-11-10T01:01:46.824569, Method=MANUAL
[2025-11-10 01:01:46] INFO: Updated table row 3: Status=ABSENT, Timestamp=2025-11-10T01:01:46.824569, Method=MANUAL
[2025-11-10 01:01:46] INFO: Frame cadence gap detected; resetting recognition history for session 12
[2025-11-10 01:01:46] INFO: === STAGE 1: Face Detection & Preprocessing ===
[2025-11-10 01:01:46] INFO: Face ROI size: 236x298
[2025-11-10 01:01:47] INFO: [Attendance Recognition] ProfileLabel=S99999 - Justin_Lim, StudentID=S99999, Confidence=0.09, RawScore=0.611, Accepted=false
[2025-11-10 01:01:47] INFO: Recognition result: studentId=S99999, confidence=0.61, recognized=false
[2025-11-10 01:01:47] INFO: Frame cadence gap detected; resetting recognition history for session 12
[2025-11-10 01:01:47] INFO: === STAGE 1: Face Detection & Preprocessing ===
[2025-11-10 01:01:47] INFO: Face ROI size: 237x294
[2025-11-10 01:01:47] INFO: [Attendance Recognition] ProfileLabel=S99999 - Justin_Lim, StudentID=S99999, Confidence=0.15, RawScore=0.603, Accepted=true
[2025-11-10 01:01:47] INFO: Recognition result: studentId=S99999, confidence=0.60, recognized=true
[2025-11-10 01:01:47] INFO: Frame cadence gap detected; resetting recognition history for session 12
[2025-11-10 01:01:47] INFO: === STAGE 1: Face Detection & Preprocessing ===
[2025-11-10 01:01:47] INFO: Face ROI size: 240x293
[2025-11-10 01:01:48] INFO: [Attendance Recognition] ProfileLabel=S99999 - Justin_Lim, StudentID=S99999, Confidence=0.14, RawScore=0.613, Accepted=true
[2025-11-10 01:01:48] INFO: Recognition result: studentId=S99999, confidence=0.61, recognized=true
[2025-11-10 01:01:48] INFO: Frame cadence gap detected; resetting recognition history for session 12
[2025-11-10 01:01:48] INFO: === STAGE 1: Face Detection & Preprocessing ===
[2025-11-10 01:01:48] INFO: Face ROI size: 244x291
[2025-11-10 01:01:48] INFO: [Attendance Recognition] ProfileLabel=S99999 - Justin_Lim, StudentID=S99999, Confidence=0.10, RawScore=0.596, Accepted=false
[2025-11-10 01:01:48] INFO: Recognition result: studentId=S99999, confidence=0.60, recognized=false
[2025-11-10 01:01:49] INFO: Frame cadence gap detected; resetting recognition history for session 12
[2025-11-10 01:01:49] INFO: === STAGE 1: Face Detection & Preprocessing ===
[2025-11-10 01:01:49] INFO: Face ROI size: 243x291
[2025-11-10 01:01:49] INFO: [Attendance Recognition] ProfileLabel=S99999 - Justin_Lim, StudentID=S99999, Confidence=0.04, RawScore=0.538, Accepted=false
[2025-11-10 01:01:49] INFO: Recognition result: studentId=S99999, confidence=0.54, recognized=false
[2025-11-10 01:01:49] INFO: Frame cadence gap detected; resetting recognition history for session 12
[2025-11-10 01:01:49] INFO: === STAGE 1: Face Detection & Preprocessing ===
[2025-11-10 01:01:49] INFO: Face ROI size: 243x289
[2025-11-10 01:01:49] INFO: [Attendance Recognition] ProfileLabel=S99999 - Justin_Lim, StudentID=S99999, Confidence=0.06, RawScore=0.536, Accepted=false
[2025-11-10 01:01:49] INFO: Recognition result: studentId=S99999, confidence=0.54, recognized=false
[2025-11-10 01:01:50] INFO: Frame cadence gap detected; resetting recognition history for session 12
[2025-11-10 01:01:50] INFO: === STAGE 1: Face Detection & Preprocessing ===
[2025-11-10 01:01:50] INFO: Face ROI size: 241x291
[2025-11-10 01:01:50] INFO: [Attendance Recognition] ProfileLabel=S99999 - Justin_Lim, StudentID=S99999, Confidence=0.04, RawScore=0.506, Accepted=false
[2025-11-10 01:01:50] INFO: Recognition result: studentId=S99999, confidence=0.51, recognized=false
[2025-11-10 01:01:50] INFO: Frame cadence gap detected; resetting recognition history for session 12
[2025-11-10 01:01:50] INFO: === STAGE 1: Face Detection & Preprocessing ===
[2025-11-10 01:01:50] INFO: Face ROI size: 244x291
[2025-11-10 01:01:50] INFO: [Attendance Recognition] ProfileLabel=S99999 - Justin_Lim, StudentID=S99999, Confidence=0.04, RawScore=0.388, Accepted=false
[2025-11-10 01:01:50] INFO: Recognition result: studentId=S99999, confidence=0.39, recognized=false
[2025-11-10 01:01:51] INFO: Frame cadence gap detected; resetting recognition history for session 12
[2025-11-10 01:01:51] INFO: === STAGE 1: Face Detection & Preprocessing ===
[2025-11-10 01:01:51] INFO: Face ROI size: 239x290
[2025-11-10 01:01:51] INFO: [Attendance Recognition] ProfileLabel=S99999 - Justin_Lim, StudentID=S99999, Confidence=0.04, RawScore=0.473, Accepted=false
[2025-11-10 01:01:51] INFO: Recognition result: studentId=S99999, confidence=0.47, recognized=false
[2025-11-10 01:01:51] INFO: Frame cadence gap detected; resetting recognition history for session 12
[2025-11-10 01:01:51] INFO: === STAGE 1: Face Detection & Preprocessing ===
[2025-11-10 01:01:51] INFO: Face ROI size: 244x247
[2025-11-10 01:01:51] INFO: [Attendance Recognition] ProfileLabel=S00001 - jereme, StudentID=S00001, Confidence=0.07, RawScore=0.299, Accepted=false
[2025-11-10 01:01:51] INFO: Recognition result: studentId=S00001, confidence=0.30, recognized=false
[2025-11-10 01:01:52] INFO: Frame cadence gap detected; resetting recognition history for session 12
[2025-11-10 01:01:52] INFO: === STAGE 1: Face Detection & Preprocessing ===
[2025-11-10 01:01:52] INFO: Face ROI size: 240x243
[2025-11-10 01:01:52] INFO: [Attendance Recognition] ProfileLabel=S00001 - jereme, StudentID=S00001, Confidence=0.14, RawScore=0.320, Accepted=false
[2025-11-10 01:01:52] INFO: Recognition result: studentId=S00001, confidence=0.32, recognized=false
[2025-11-10 01:01:52] INFO: Frame cadence gap detected; resetting recognition history for session 12
[2025-11-10 01:01:52] INFO: === STAGE 1: Face Detection & Preprocessing ===
[2025-11-10 01:01:52] INFO: Face ROI size: 241x232
[2025-11-10 01:01:52] INFO: [Attendance Recognition] ProfileLabel=S99999 - Justin_Lim, StudentID=S99999, Confidence=0.01, RawScore=0.350, Accepted=false
[2025-11-10 01:01:52] INFO: Recognition result: studentId=S99999, confidence=0.35, recognized=false
[2025-11-10 01:01:53] INFO: Frame cadence gap detected; resetting recognition history for session 12
[2025-11-10 01:01:53] INFO: === STAGE 1: Face Detection & Preprocessing ===
[2025-11-10 01:01:53] INFO: Face ROI size: 241x232
[2025-11-10 01:01:53] INFO: [Attendance Recognition] ProfileLabel=S00001 - jereme, StudentID=S00001, Confidence=0.17, RawScore=0.318, Accepted=false
[2025-11-10 01:01:53] INFO: Recognition result: studentId=S00001, confidence=0.32, recognized=false
[2025-11-10 01:01:53] INFO: Frame cadence gap detected; resetting recognition history for session 12
[2025-11-10 01:01:53] INFO: === STAGE 1: Face Detection & Preprocessing ===
[2025-11-10 01:01:53] INFO: Face ROI size: 238x243
[2025-11-10 01:01:53] INFO: [Attendance Recognition] ProfileLabel=S99999 - Justin_Lim, StudentID=S99999, Confidence=0.00, RawScore=0.297, Accepted=false
[2025-11-10 01:01:53] INFO: Recognition result: studentId=S99999, confidence=0.30, recognized=false
[2025-11-10 01:01:54] INFO: Frame cadence gap detected; resetting recognition history for session 12
[2025-11-10 01:01:54] INFO: === STAGE 1: Face Detection & Preprocessing ===
[2025-11-10 01:01:54] INFO: Face ROI size: 238x250
[2025-11-10 01:01:54] INFO: [Attendance Recognition] ProfileLabel=S00001 - jereme, StudentID=S00001, Confidence=0.01, RawScore=0.325, Accepted=false
[2025-11-10 01:01:54] INFO: Recognition result: studentId=S00001, confidence=0.32, recognized=false
[2025-11-10 01:01:54] INFO: Frame cadence gap detected; resetting recognition history for session 12
[2025-11-10 01:01:54] INFO: === STAGE 1: Face Detection & Preprocessing ===
[2025-11-10 01:01:54] INFO: Face ROI size: 246x294
[2025-11-10 01:01:54] INFO: [Attendance Recognition] ProfileLabel=S99999 - Justin_Lim, StudentID=S99999, Confidence=0.17, RawScore=0.375, Accepted=false
[2025-11-10 01:01:54] INFO: Recognition result: studentId=S99999, confidence=0.38, recognized=false
[2025-11-10 01:01:55] INFO: Frame cadence gap detected; resetting recognition history for session 12
[2025-11-10 01:01:55] INFO: === STAGE 1: Face Detection & Preprocessing ===
[2025-11-10 01:01:55] INFO: Face ROI size: 240x268
[2025-11-10 01:01:55] INFO: [Attendance Recognition] ProfileLabel=S99999 - Justin_Lim, StudentID=S99999, Confidence=0.03, RawScore=0.335, Accepted=false
[2025-11-10 01:01:55] INFO: Recognition result: studentId=S99999, confidence=0.33, recognized=false
[2025-11-10 01:01:55] INFO: Frame cadence gap detected; resetting recognition history for session 12
[2025-11-10 01:01:55] INFO: === STAGE 1: Face Detection & Preprocessing ===
[2025-11-10 01:01:55] INFO: Face ROI size: 238x259
[2025-11-10 01:01:55] INFO: [Attendance Recognition] ProfileLabel=S99999 - Justin_Lim, StudentID=S99999, Confidence=0.06, RawScore=0.339, Accepted=false
[2025-11-10 01:01:55] INFO: Recognition result: studentId=S99999, confidence=0.34, recognized=false
[2025-11-10 01:01:56] INFO: Frame cadence gap detected; resetting recognition history for session 12
[2025-11-10 01:01:56] INFO: === STAGE 1: Face Detection & Preprocessing ===
[2025-11-10 01:01:56] INFO: Face ROI size: 250x273
[2025-11-10 01:01:56] INFO: [Attendance Recognition] ProfileLabel=S99999 - Justin_Lim, StudentID=S99999, Confidence=0.04, RawScore=0.348, Accepted=false
[2025-11-10 01:01:56] INFO: Recognition result: studentId=S99999, confidence=0.35, recognized=false
[2025-11-10 01:01:56] INFO: Frame cadence gap detected; resetting recognition history for session 12
[2025-11-10 01:01:56] INFO: === STAGE 1: Face Detection & Preprocessing ===
[2025-11-10 01:01:56] INFO: Face ROI size: 241x282
[2025-11-10 01:01:56] INFO: [Attendance Recognition] ProfileLabel=S99999 - Justin_Lim, StudentID=S99999, Confidence=0.12, RawScore=0.430, Accepted=false
[2025-11-10 01:01:56] INFO: Recognition result: studentId=S99999, confidence=0.43, recognized=false
[2025-11-10 01:01:57] INFO: Frame cadence gap detected; resetting recognition history for session 12
[2025-11-10 01:01:57] INFO: === STAGE 1: Face Detection & Preprocessing ===
[2025-11-10 01:01:57] INFO: Face ROI size: 260x296
[2025-11-10 01:01:57] INFO: [Attendance Recognition] ProfileLabel=S99999 - Justin_Lim, StudentID=S99999, Confidence=0.04, RawScore=0.414, Accepted=false
[2025-11-10 01:01:57] INFO: Recognition result: studentId=S99999, confidence=0.41, recognized=false
[2025-11-10 01:01:57] INFO: Frame cadence gap detected; resetting recognition history for session 12
[2025-11-10 01:01:57] INFO: === STAGE 1: Face Detection & Preprocessing ===
[2025-11-10 01:01:57] INFO: Face ROI size: 305x324
[2025-11-10 01:01:57] INFO: [Attendance Recognition] ProfileLabel=S99999 - Justin_Lim, StudentID=S99999, Confidence=0.11, RawScore=0.394, Accepted=false
[2025-11-10 01:01:57] INFO: Recognition result: studentId=S99999, confidence=0.39, recognized=false
[2025-11-10 01:01:58] INFO: Frame cadence gap detected; resetting recognition history for session 12
[2025-11-10 01:01:58] INFO: === STAGE 1: Face Detection & Preprocessing ===
[2025-11-10 01:01:58] INFO: Face ROI size: 379x394
[2025-11-10 01:01:58] INFO: [Attendance Recognition] ProfileLabel=S99999 - Justin_Lim, StudentID=S99999, Confidence=0.04, RawScore=0.368, Accepted=false
[2025-11-10 01:01:58] INFO: Recognition result: studentId=S99999, confidence=0.37, recognized=false
[2025-11-10 01:01:58] INFO: Frame cadence gap detected; resetting recognition history for session 12
[2025-11-10 01:01:58] INFO: === STAGE 1: Face Detection & Preprocessing ===
[2025-11-10 01:01:58] INFO: Face ROI size: 337x332
[2025-11-10 01:01:58] INFO: [Attendance Recognition] ProfileLabel=S98765 - Cheng_Feng, StudentID=S98765, Confidence=0.00, RawScore=0.378, Accepted=false
[2025-11-10 01:01:58] INFO: Recognition result: studentId=S98765, confidence=0.38, recognized=false
[2025-11-10 01:01:59] INFO: Frame cadence gap detected; resetting recognition history for session 12
[2025-11-10 01:01:59] INFO: === STAGE 1: Face Detection & Preprocessing ===
[2025-11-10 01:01:59] INFO: Face ROI size: 335x324
[2025-11-10 01:01:59] INFO: [Attendance Recognition] ProfileLabel=S99999 - Justin_Lim, StudentID=S99999, Confidence=0.07, RawScore=0.365, Accepted=false
[2025-11-10 01:01:59] INFO: Recognition result: studentId=S99999, confidence=0.37, recognized=false
[2025-11-10 01:01:59] INFO: Frame cadence gap detected; resetting recognition history for session 12
[2025-11-10 01:01:59] INFO: === STAGE 1: Face Detection & Preprocessing ===
[2025-11-10 01:01:59] INFO: Face ROI size: 288x296
[2025-11-10 01:01:59] INFO: [Attendance Recognition] ProfileLabel=S99999 - Justin_Lim, StudentID=S99999, Confidence=0.04, RawScore=0.369, Accepted=false
[2025-11-10 01:01:59] INFO: Recognition result: studentId=S99999, confidence=0.37, recognized=false
[2025-11-10 01:02:00] INFO: Frame cadence gap detected; resetting recognition history for session 12
[2025-11-10 01:02:00] INFO: === STAGE 1: Face Detection & Preprocessing ===
[2025-11-10 01:02:00] INFO: Face ROI size: 260x269
[2025-11-10 01:02:00] INFO: [Attendance Recognition] ProfileLabel=S99999 - Justin_Lim, StudentID=S99999, Confidence=0.02, RawScore=0.325, Accepted=false
[2025-11-10 01:02:00] INFO: Recognition result: studentId=S99999, confidence=0.33, recognized=false
[2025-11-10 01:02:00] INFO: Frame cadence gap detected; resetting recognition history for session 12
[2025-11-10 01:02:00] INFO: === STAGE 1: Face Detection & Preprocessing ===
[2025-11-10 01:02:00] INFO: Face ROI size: 262x285
[2025-11-10 01:02:00] INFO: [Attendance Recognition] ProfileLabel=S99999 - Justin_Lim, StudentID=S99999, Confidence=0.07, RawScore=0.399, Accepted=false
[2025-11-10 01:02:00] INFO: Recognition result: studentId=S99999, confidence=0.40, recognized=false
[2025-11-10 01:02:01] INFO: Frame cadence gap detected; resetting recognition history for session 12
[2025-11-10 01:02:01] INFO: === STAGE 1: Face Detection & Preprocessing ===
[2025-11-10 01:02:01] INFO: Face ROI size: 245x284
[2025-11-10 01:02:01] INFO: [Attendance Recognition] ProfileLabel=S99999 - Justin_Lim, StudentID=S99999, Confidence=0.17, RawScore=0.538, Accepted=true
[2025-11-10 01:02:01] INFO: Recognition result: studentId=S99999, confidence=0.54, recognized=true
[2025-11-10 01:02:01] INFO: Frame cadence gap detected; resetting recognition history for session 12
[2025-11-10 01:02:01] INFO: === STAGE 1: Face Detection & Preprocessing ===
[2025-11-10 01:02:01] INFO: Face ROI size: 241x286
[2025-11-10 01:02:01] INFO: [Attendance Recognition] ProfileLabel=S99999 - Justin_Lim, StudentID=S99999, Confidence=0.07, RawScore=0.538, Accepted=false
[2025-11-10 01:02:01] INFO: Recognition result: studentId=S99999, confidence=0.54, recognized=false
[2025-11-10 01:02:02] INFO: Frame cadence gap detected; resetting recognition history for session 12
[2025-11-10 01:02:02] INFO: === STAGE 1: Face Detection & Preprocessing ===
[2025-11-10 01:02:02] INFO: Face ROI size: 247x283
[2025-11-10 01:02:02] INFO: [Attendance Recognition] ProfileLabel=S99999 - Justin_Lim, StudentID=S99999, Confidence=0.07, RawScore=0.495, Accepted=false
[2025-11-10 01:02:02] INFO: Recognition result: studentId=S99999, confidence=0.49, recognized=false
[2025-11-10 01:02:02] INFO: Frame cadence gap detected; resetting recognition history for session 12
[2025-11-10 01:02:02] INFO: === STAGE 1: Face Detection & Preprocessing ===
[2025-11-10 01:02:02] INFO: Face ROI size: 243x284
[2025-11-10 01:02:02] INFO: [Attendance Recognition] ProfileLabel=S99999 - Justin_Lim, StudentID=S99999, Confidence=0.06, RawScore=0.473, Accepted=false
[2025-11-10 01:02:02] INFO: Recognition result: studentId=S99999, confidence=0.47, recognized=false
[2025-11-10 01:02:03] INFO: Frame cadence gap detected; resetting recognition history for session 12
[2025-11-10 01:02:03] INFO: === STAGE 1: Face Detection & Preprocessing ===
[2025-11-10 01:02:03] INFO: Face ROI size: 237x285
[2025-11-10 01:02:03] INFO: [Attendance Recognition] ProfileLabel=S99999 - Justin_Lim, StudentID=S99999, Confidence=0.05, RawScore=0.536, Accepted=false
[2025-11-10 01:02:03] INFO: Recognition result: studentId=S99999, confidence=0.54, recognized=false
[2025-11-10 01:02:03] INFO: Frame cadence gap detected; resetting recognition history for session 12
[2025-11-10 01:02:03] INFO: === STAGE 1: Face Detection & Preprocessing ===
[2025-11-10 01:02:03] INFO: Face ROI size: 238x288
[2025-11-10 01:02:03] INFO: [Attendance Recognition] ProfileLabel=S99999 - Justin_Lim, StudentID=S99999, Confidence=0.09, RawScore=0.457, Accepted=false
[2025-11-10 01:02:03] INFO: Recognition result: studentId=S99999, confidence=0.46, recognized=false
[2025-11-10 01:02:04] INFO: Frame cadence gap detected; resetting recognition history for session 12
[2025-11-10 01:02:04] INFO: === STAGE 1: Face Detection & Preprocessing ===
[2025-11-10 01:02:04] INFO: Face ROI size: 240x300
[2025-11-10 01:02:04] INFO: [Attendance Recognition] ProfileLabel=S99999 - Justin_Lim, StudentID=S99999, Confidence=0.15, RawScore=0.486, Accepted=false
[2025-11-10 01:02:04] INFO: Recognition result: studentId=S99999, confidence=0.49, recognized=false
[2025-11-10 01:02:04] INFO: Frame cadence gap detected; resetting recognition history for session 12
[2025-11-10 01:02:04] INFO: === STAGE 1: Face Detection & Preprocessing ===
[2025-11-10 01:02:04] INFO: Face ROI size: 250x286
[2025-11-10 01:02:04] INFO: [Attendance Recognition] ProfileLabel=S99999 - Justin_Lim, StudentID=S99999, Confidence=0.06, RawScore=0.432, Accepted=false
[2025-11-10 01:02:04] INFO: Recognition result: studentId=S99999, confidence=0.43, recognized=false
