[2025-11-09 17:31:53] INFO: Application Logger Initialized.
[2025-11-09 17:31:53] INFO: Logging in as Admin with ID: 123
[2025-11-09 17:31:55] INFO: app.properties normalized (57 entries).
[2025-11-09 17:31:55] INFO: Configuration loaded from file: /Users/justinlimchunkiat/FundProg2/FaceRecognitionCS102/app.properties
[2025-11-09 17:31:55] INFO: Session CS102-G2-G1 is now closed.
[2025-11-09 17:31:55] INFO: Session CS102-G2 is now closed.
[2025-11-09 17:31:55] INFO: Session CS102-G2 is now closed.
[2025-11-09 17:31:55] INFO: Session CS102-G2 Special class is now closed.
[2025-11-09 17:31:55] INFO: Session test is now closed.
[2025-11-09 17:31:55] INFO: Session CS101 is now open.
[2025-11-09 17:31:55] INFO: Session test2 is now closed.
[2025-11-09 17:31:55] INFO: Session CS104-G2 is now open.
[2025-11-09 17:31:55] INFO: Session CS104 Discrete Mathematics is now open.
[2025-11-09 17:31:55] INFO: Session CS104-G3 is now open.
[2025-11-09 17:31:55] INFO: Session test_mark_attendance is now open.
[2025-11-09 17:31:55] INFO: Next Session ID: 13
[2025-11-09 17:31:56] INFO: Session CS102-G2-G1 is now closed.
[2025-11-09 17:31:56] INFO: Session CS102-G2 is now closed.
[2025-11-09 17:31:56] INFO: Session CS102-G2 is now closed.
[2025-11-09 17:31:56] INFO: Session CS102-G2 Special class is now closed.
[2025-11-09 17:31:56] INFO: Session test is now closed.
[2025-11-09 17:31:56] INFO: Session CS101 is now open.
[2025-11-09 17:31:56] INFO: Session test2 is now closed.
[2025-11-09 17:31:56] INFO: Session CS104-G2 is now open.
[2025-11-09 17:31:56] INFO: Session CS104 Discrete Mathematics is now open.
[2025-11-09 17:31:56] INFO: Session CS104-G3 is now open.
[2025-11-09 17:31:56] INFO: Session test_mark_attendance is now open.
[2025-11-09 17:31:56] INFO: Next Session ID: 13
[2025-11-09 17:31:59] INFO: Double-clicked row: 10
[2025-11-09 17:31:59] INFO: Selected session ID: 12
[2025-11-09 17:32:00] INFO: Refreshing roster table
[2025-11-09 17:32:00] INFO: Session test_mark_attendance is now open.
[2025-11-09 17:32:00] INFO: Loaded 1 students into session test_mark_attendance
[2025-11-09 17:32:03] INFO: Session test_mark_attendance is now closed.
[2025-11-09 17:32:08] INFO: Session CS102-G2-G1 is now closed.
[2025-11-09 17:32:08] INFO: Session CS102-G2 is now closed.
[2025-11-09 17:32:08] INFO: Session CS102-G2 is now closed.
[2025-11-09 17:32:08] INFO: Session CS102-G2 Special class is now closed.
[2025-11-09 17:32:08] INFO: Session test is now closed.
[2025-11-09 17:32:08] INFO: Session CS101 is now open.
[2025-11-09 17:32:08] INFO: Session test2 is now closed.
[2025-11-09 17:32:08] INFO: Session CS104-G2 is now open.
[2025-11-09 17:32:08] INFO: Session CS104 Discrete Mathematics is now open.
[2025-11-09 17:32:08] INFO: Session CS104-G3 is now open.
[2025-11-09 17:32:08] INFO: Session test_mark_attendance is now closed.
[2025-11-09 17:32:08] INFO: Next Session ID: 13
[2025-11-09 17:32:09] INFO: Double-clicked row: 10
[2025-11-09 17:32:09] INFO: Selected session ID: 12
[2025-11-09 17:32:09] INFO: Refreshing roster table
[2025-11-09 17:32:10] INFO: Session test_mark_attendance is now closed.
[2025-11-09 17:32:10] INFO: Loaded 1 students into session test_mark_attendance
[2025-11-09 17:32:17] INFO: Session test_mark_attendance is now closed.
[2025-11-09 17:32:18] INFO: Loaded 1 students into session test_mark_attendance
[2025-11-09 17:32:18] INFO: Session test_mark_attendance is now open.
[2025-11-09 17:32:18] WARNING: Configured preprocessing.min_sharpness_threshold 80.0 is too strict; using 60.0 instead for better tolerance.
[2025-11-09 17:32:18] INFO: OpenCV native library loaded successfully from absolute path: /Users/justinlimchunkiat/FundProg2/FaceRecognitionCS102/lib/libopencv_java4130.dylib
[2025-11-09 17:32:18] INFO: PostgreSQL JDBC driver loaded successfully
[2025-11-09 17:32:18] INFO: Apache POI libraries loaded successfully
[2025-11-09 17:32:18] INFO: Logging frameworks loaded successfully
[2025-11-09 17:32:18] INFO: Apache Commons libraries loaded successfully
[2025-11-09 17:32:18] INFO: All external modules loaded successfully
[2025-11-09 17:32:18] INFO: ✓ FaceAligner initialized with 5-point alignment support
[2025-11-09 17:32:18] INFO: ⚠️ ArcFace model not found, using feature-based embeddings
[2025-11-09 17:32:18] INFO: ✓ FaceAligner initialized with 5-point alignment support
[2025-11-09 17:32:18] INFO: ✓ FaceAligner initialized with 5-point alignment support
[2025-11-09 17:32:18] INFO: === Folder debug ===
[2025-11-09 17:32:18] INFO: Found folder: /Users/justinlimchunkiat/FundProg2/FaceRecognitionCS102/data/facedata/S12344_rome
[2025-11-09 17:32:18] INFO:   Contains: 28 items
[2025-11-09 17:32:18] INFO:   Display label: S12344 - rome
[2025-11-09 17:32:18] INFO: Found folder: /Users/justinlimchunkiat/FundProg2/FaceRecognitionCS102/data/facedata/S00001_jereme
[2025-11-09 17:32:18] INFO:   Contains: 32 items
[2025-11-09 17:32:18] INFO:   Display label: S00001 - jereme
[2025-11-09 17:32:18] INFO: Found folder: /Users/justinlimchunkiat/FundProg2/FaceRecognitionCS102/data/facedata/S43231_Nic
[2025-11-09 17:32:18] INFO:   Contains: 30 items
[2025-11-09 17:32:18] INFO:   Display label: S43231 - Nic
[2025-11-09 17:32:18] INFO: Found folder: /Users/justinlimchunkiat/FundProg2/FaceRecognitionCS102/data/facedata/S12348_May
[2025-11-09 17:32:18] INFO:   Contains: 32 items
[2025-11-09 17:32:18] INFO:   Display label: S12348 - May
[2025-11-09 17:32:18] INFO: Found folder: /Users/justinlimchunkiat/FundProg2/FaceRecognitionCS102/data/facedata/S00000_Nicholas
[2025-11-09 17:32:18] INFO:   Contains: 36 items
[2025-11-09 17:32:18] INFO:   Display label: S00000 - Nicholas
[2025-11-09 17:32:18] INFO: Found folder: /Users/justinlimchunkiat/FundProg2/FaceRecognitionCS102/data/facedata/S99999_Justin_Lim
[2025-11-09 17:32:18] INFO:   Contains: 34 items
[2025-11-09 17:32:18] INFO:   Display label: S99999 - Justin_Lim
[2025-11-09 17:32:18] INFO: Found folder: /Users/justinlimchunkiat/FundProg2/FaceRecognitionCS102/data/facedata/S12432_Jin_Rae
[2025-11-09 17:32:18] INFO:   Contains: 28 items
[2025-11-09 17:32:18] INFO:   Display label: S12432 - Jin_Rae
[2025-11-09 17:32:18] INFO: ====================
[2025-11-09 17:32:18] SEVERE: Invalid embedding size: 2048, expected: 4096
[2025-11-09 17:32:18] WARNING: Skipping invalid embedding file: /Users/justinlimchunkiat/FundProg2/FaceRecognitionCS102/data/facedata/S12344_rome/S12344_019.emb
[2025-11-09 17:32:18] SEVERE: Invalid embedding size: 2048, expected: 4096
[2025-11-09 17:32:18] WARNING: Skipping invalid embedding file: /Users/justinlimchunkiat/FundProg2/FaceRecognitionCS102/data/facedata/S12344_rome/S12344_008.emb
[2025-11-09 17:32:18] SEVERE: Invalid embedding size: 2048, expected: 4096
[2025-11-09 17:32:18] WARNING: Skipping invalid embedding file: /Users/justinlimchunkiat/FundProg2/FaceRecognitionCS102/data/facedata/S12344_rome/S12344_020.emb
[2025-11-09 17:32:18] SEVERE: Invalid embedding size: 2048, expected: 4096
[2025-11-09 17:32:18] WARNING: Skipping invalid embedding file: /Users/justinlimchunkiat/FundProg2/FaceRecognitionCS102/data/facedata/S12344_rome/S12344_009.emb
[2025-11-09 17:32:18] SEVERE: Invalid embedding size: 2048, expected: 4096
[2025-11-09 17:32:18] WARNING: Skipping invalid embedding file: /Users/justinlimchunkiat/FundProg2/FaceRecognitionCS102/data/facedata/S12344_rome/S12344_004.emb
[2025-11-09 17:32:18] SEVERE: Invalid embedding size: 2048, expected: 4096
[2025-11-09 17:32:18] WARNING: Skipping invalid embedding file: /Users/justinlimchunkiat/FundProg2/FaceRecognitionCS102/data/facedata/S12344_rome/S12344_005.emb
[2025-11-09 17:32:18] SEVERE: Invalid embedding size: 2048, expected: 4096
[2025-11-09 17:32:18] WARNING: Skipping invalid embedding file: /Users/justinlimchunkiat/FundProg2/FaceRecognitionCS102/data/facedata/S12344_rome/S12344_011.emb
[2025-11-09 17:32:18] SEVERE: Invalid embedding size: 2048, expected: 4096
[2025-11-09 17:32:18] WARNING: Skipping invalid embedding file: /Users/justinlimchunkiat/FundProg2/FaceRecognitionCS102/data/facedata/S12344_rome/S12344_007.emb
[2025-11-09 17:32:18] SEVERE: Invalid embedding size: 2048, expected: 4096
[2025-11-09 17:32:18] WARNING: Skipping invalid embedding file: /Users/justinlimchunkiat/FundProg2/FaceRecognitionCS102/data/facedata/S12344_rome/S12344_006.emb
[2025-11-09 17:32:18] SEVERE: Invalid embedding size: 2048, expected: 4096
[2025-11-09 17:32:18] WARNING: Skipping invalid embedding file: /Users/justinlimchunkiat/FundProg2/FaceRecognitionCS102/data/facedata/S12344_rome/S12344_002.emb
[2025-11-09 17:32:18] SEVERE: Invalid embedding size: 2048, expected: 4096
[2025-11-09 17:32:18] WARNING: Skipping invalid embedding file: /Users/justinlimchunkiat/FundProg2/FaceRecognitionCS102/data/facedata/S12344_rome/S12344_017.emb
[2025-11-09 17:32:18] SEVERE: Invalid embedding size: 2048, expected: 4096
[2025-11-09 17:32:18] WARNING: Skipping invalid embedding file: /Users/justinlimchunkiat/FundProg2/FaceRecognitionCS102/data/facedata/S12344_rome/S12344_003.emb
[2025-11-09 17:32:18] SEVERE: Invalid embedding size: 2048, expected: 4096
[2025-11-09 17:32:18] WARNING: Skipping invalid embedding file: /Users/justinlimchunkiat/FundProg2/FaceRecognitionCS102/data/facedata/S12344_rome/S12344_001.emb
[2025-11-09 17:32:18] SEVERE: Invalid embedding size: 2048, expected: 4096
[2025-11-09 17:32:18] WARNING: Skipping invalid embedding file: /Users/justinlimchunkiat/FundProg2/FaceRecognitionCS102/data/facedata/S12344_rome/S12344_014.emb
[2025-11-09 17:32:18] INFO: Person S12344 - rome: tightness=1.000, stdDev=0.000, absThresh.live=0.480 (training=0.550), margin=0.120
[2025-11-09 17:32:18] SEVERE: Invalid embedding size: 2048, expected: 4096
[2025-11-09 17:32:18] WARNING: Skipping invalid embedding file: /Users/justinlimchunkiat/FundProg2/FaceRecognitionCS102/data/facedata/S00001_jereme/S00001_019.emb
[2025-11-09 17:32:18] SEVERE: Invalid embedding size: 2048, expected: 4096
[2025-11-09 17:32:18] WARNING: Skipping invalid embedding file: /Users/justinlimchunkiat/FundProg2/FaceRecognitionCS102/data/facedata/S00001_jereme/S00001_008.emb
[2025-11-09 17:32:18] SEVERE: Invalid embedding size: 2048, expected: 4096
[2025-11-09 17:32:18] WARNING: Skipping invalid embedding file: /Users/justinlimchunkiat/FundProg2/FaceRecognitionCS102/data/facedata/S00001_jereme/S00001_009.emb
[2025-11-09 17:32:18] SEVERE: Invalid embedding size: 2048, expected: 4096
[2025-11-09 17:32:18] WARNING: Skipping invalid embedding file: /Users/justinlimchunkiat/FundProg2/FaceRecognitionCS102/data/facedata/S00001_jereme/S00001_013.emb
[2025-11-09 17:32:18] SEVERE: Invalid embedding size: 2048, expected: 4096
[2025-11-09 17:32:18] WARNING: Skipping invalid embedding file: /Users/justinlimchunkiat/FundProg2/FaceRecognitionCS102/data/facedata/S00001_jereme/S00001_007.emb
[2025-11-09 17:32:18] SEVERE: Invalid embedding size: 2048, expected: 4096
[2025-11-09 17:32:18] WARNING: Skipping invalid embedding file: /Users/justinlimchunkiat/FundProg2/FaceRecognitionCS102/data/facedata/S00001_jereme/S00001_006.emb
[2025-11-09 17:32:18] SEVERE: Invalid embedding size: 2048, expected: 4096
[2025-11-09 17:32:18] WARNING: Skipping invalid embedding file: /Users/justinlimchunkiat/FundProg2/FaceRecognitionCS102/data/facedata/S00001_jereme/S00001_012.emb
[2025-11-09 17:32:18] SEVERE: Invalid embedding size: 2048, expected: 4096
[2025-11-09 17:32:18] WARNING: Skipping invalid embedding file: /Users/justinlimchunkiat/FundProg2/FaceRecognitionCS102/data/facedata/S00001_jereme/S00001_004.emb
[2025-11-09 17:32:18] SEVERE: Invalid embedding size: 2048, expected: 4096
[2025-11-09 17:32:18] WARNING: Skipping invalid embedding file: /Users/justinlimchunkiat/FundProg2/FaceRecognitionCS102/data/facedata/S00001_jereme/S00001_010.emb
[2025-11-09 17:32:18] SEVERE: Invalid embedding size: 2048, expected: 4096
[2025-11-09 17:32:18] WARNING: Skipping invalid embedding file: /Users/justinlimchunkiat/FundProg2/FaceRecognitionCS102/data/facedata/S00001_jereme/S00001_005.emb
[2025-11-09 17:32:18] SEVERE: Invalid embedding size: 2048, expected: 4096
[2025-11-09 17:32:18] WARNING: Skipping invalid embedding file: /Users/justinlimchunkiat/FundProg2/FaceRecognitionCS102/data/facedata/S00001_jereme/S00001_001.emb
[2025-11-09 17:32:18] SEVERE: Invalid embedding size: 2048, expected: 4096
[2025-11-09 17:32:18] WARNING: Skipping invalid embedding file: /Users/justinlimchunkiat/FundProg2/FaceRecognitionCS102/data/facedata/S00001_jereme/S00001_015.emb
[2025-11-09 17:32:18] SEVERE: Invalid embedding size: 2048, expected: 4096
[2025-11-09 17:32:18] WARNING: Skipping invalid embedding file: /Users/justinlimchunkiat/FundProg2/FaceRecognitionCS102/data/facedata/S00001_jereme/S00001_014.emb
[2025-11-09 17:32:18] SEVERE: Invalid embedding size: 2048, expected: 4096
[2025-11-09 17:32:18] WARNING: Skipping invalid embedding file: /Users/justinlimchunkiat/FundProg2/FaceRecognitionCS102/data/facedata/S00001_jereme/S00001_016.emb
[2025-11-09 17:32:18] SEVERE: Invalid embedding size: 2048, expected: 4096
[2025-11-09 17:32:18] WARNING: Skipping invalid embedding file: /Users/justinlimchunkiat/FundProg2/FaceRecognitionCS102/data/facedata/S00001_jereme/S00001_002.emb
[2025-11-09 17:32:18] SEVERE: Invalid embedding size: 2048, expected: 4096
[2025-11-09 17:32:18] WARNING: Skipping invalid embedding file: /Users/justinlimchunkiat/FundProg2/FaceRecognitionCS102/data/facedata/S00001_jereme/S00001_003.emb
[2025-11-09 17:32:18] INFO: Person S00001 - jereme: tightness=1.000, stdDev=0.000, absThresh.live=0.480 (training=0.550), margin=0.120
[2025-11-09 17:32:18] SEVERE: Invalid embedding size: 2048, expected: 4096
[2025-11-09 17:32:18] WARNING: Skipping invalid embedding file: /Users/justinlimchunkiat/FundProg2/FaceRecognitionCS102/data/facedata/S43231_Nic/S43231_018.emb
[2025-11-09 17:32:18] SEVERE: Invalid embedding size: 2048, expected: 4096
[2025-11-09 17:32:18] WARNING: Skipping invalid embedding file: /Users/justinlimchunkiat/FundProg2/FaceRecognitionCS102/data/facedata/S43231_Nic/S43231_019.emb
[2025-11-09 17:32:18] SEVERE: Invalid embedding size: 2048, expected: 4096
[2025-11-09 17:32:18] WARNING: Skipping invalid embedding file: /Users/justinlimchunkiat/FundProg2/FaceRecognitionCS102/data/facedata/S43231_Nic/S43231_009.emb
[2025-11-09 17:32:18] SEVERE: Invalid embedding size: 2048, expected: 4096
[2025-11-09 17:32:18] WARNING: Skipping invalid embedding file: /Users/justinlimchunkiat/FundProg2/FaceRecognitionCS102/data/facedata/S43231_Nic/S43231_008.emb
[2025-11-09 17:32:18] SEVERE: Invalid embedding size: 2048, expected: 4096
[2025-11-09 17:32:18] WARNING: Skipping invalid embedding file: /Users/justinlimchunkiat/FundProg2/FaceRecognitionCS102/data/facedata/S43231_Nic/S43231_005.emb
[2025-11-09 17:32:18] SEVERE: Invalid embedding size: 2048, expected: 4096
[2025-11-09 17:32:18] WARNING: Skipping invalid embedding file: /Users/justinlimchunkiat/FundProg2/FaceRecognitionCS102/data/facedata/S43231_Nic/S43231_010.emb
[2025-11-09 17:32:18] SEVERE: Invalid embedding size: 2048, expected: 4096
[2025-11-09 17:32:18] WARNING: Skipping invalid embedding file: /Users/justinlimchunkiat/FundProg2/FaceRecognitionCS102/data/facedata/S43231_Nic/S43231_012.emb
[2025-11-09 17:32:18] SEVERE: Invalid embedding size: 2048, expected: 4096
[2025-11-09 17:32:18] WARNING: Skipping invalid embedding file: /Users/justinlimchunkiat/FundProg2/FaceRecognitionCS102/data/facedata/S43231_Nic/S43231_006.emb
[2025-11-09 17:32:18] SEVERE: Invalid embedding size: 2048, expected: 4096
[2025-11-09 17:32:18] WARNING: Skipping invalid embedding file: /Users/justinlimchunkiat/FundProg2/FaceRecognitionCS102/data/facedata/S43231_Nic/S43231_007.emb
[2025-11-09 17:32:18] SEVERE: Invalid embedding size: 2048, expected: 4096
[2025-11-09 17:32:18] WARNING: Skipping invalid embedding file: /Users/justinlimchunkiat/FundProg2/FaceRecognitionCS102/data/facedata/S43231_Nic/S43231_013.emb
[2025-11-09 17:32:18] SEVERE: Invalid embedding size: 2048, expected: 4096
[2025-11-09 17:32:18] WARNING: Skipping invalid embedding file: /Users/justinlimchunkiat/FundProg2/FaceRecognitionCS102/data/facedata/S43231_Nic/S43231_017.emb
[2025-11-09 17:32:18] SEVERE: Invalid embedding size: 2048, expected: 4096
[2025-11-09 17:32:18] WARNING: Skipping invalid embedding file: /Users/justinlimchunkiat/FundProg2/FaceRecognitionCS102/data/facedata/S43231_Nic/S43231_002.emb
[2025-11-09 17:32:18] SEVERE: Invalid embedding size: 2048, expected: 4096
[2025-11-09 17:32:18] WARNING: Skipping invalid embedding file: /Users/justinlimchunkiat/FundProg2/FaceRecognitionCS102/data/facedata/S43231_Nic/S43231_016.emb
[2025-11-09 17:32:18] SEVERE: Invalid embedding size: 2048, expected: 4096
[2025-11-09 17:32:18] WARNING: Skipping invalid embedding file: /Users/justinlimchunkiat/FundProg2/FaceRecognitionCS102/data/facedata/S43231_Nic/S43231_014.emb
[2025-11-09 17:32:18] SEVERE: Invalid embedding size: 2048, expected: 4096
[2025-11-09 17:32:18] WARNING: Skipping invalid embedding file: /Users/justinlimchunkiat/FundProg2/FaceRecognitionCS102/data/facedata/S43231_Nic/S43231_015.emb
[2025-11-09 17:32:18] INFO: Person S43231 - Nic: tightness=1.000, stdDev=0.000, absThresh.live=0.480 (training=0.550), margin=0.120
[2025-11-09 17:32:18] SEVERE: Invalid embedding size: 2048, expected: 4096
[2025-11-09 17:32:18] WARNING: Skipping invalid embedding file: /Users/justinlimchunkiat/FundProg2/FaceRecognitionCS102/data/facedata/S12348_May/S12348_017.emb
[2025-11-09 17:32:18] SEVERE: Invalid embedding size: 2048, expected: 4096
[2025-11-09 17:32:18] WARNING: Skipping invalid embedding file: /Users/justinlimchunkiat/FundProg2/FaceRecognitionCS102/data/facedata/S12348_May/S12348_003.emb
[2025-11-09 17:32:18] SEVERE: Invalid embedding size: 2048, expected: 4096
[2025-11-09 17:32:18] WARNING: Skipping invalid embedding file: /Users/justinlimchunkiat/FundProg2/FaceRecognitionCS102/data/facedata/S12348_May/S12348_016.emb
[2025-11-09 17:32:18] SEVERE: Invalid embedding size: 2048, expected: 4096
[2025-11-09 17:32:18] WARNING: Skipping invalid embedding file: /Users/justinlimchunkiat/FundProg2/FaceRecognitionCS102/data/facedata/S12348_May/S12348_015.emb
[2025-11-09 17:32:18] SEVERE: Invalid embedding size: 2048, expected: 4096
[2025-11-09 17:32:18] WARNING: Skipping invalid embedding file: /Users/justinlimchunkiat/FundProg2/FaceRecognitionCS102/data/facedata/S12348_May/S12348_001.emb
[2025-11-09 17:32:18] SEVERE: Invalid embedding size: 2048, expected: 4096
[2025-11-09 17:32:18] WARNING: Skipping invalid embedding file: /Users/justinlimchunkiat/FundProg2/FaceRecognitionCS102/data/facedata/S12348_May/S12348_005.emb
[2025-11-09 17:32:18] SEVERE: Invalid embedding size: 2048, expected: 4096
[2025-11-09 17:32:18] WARNING: Skipping invalid embedding file: /Users/justinlimchunkiat/FundProg2/FaceRecognitionCS102/data/facedata/S12348_May/S12348_011.emb
[2025-11-09 17:32:18] SEVERE: Invalid embedding size: 2048, expected: 4096
[2025-11-09 17:32:18] WARNING: Skipping invalid embedding file: /Users/justinlimchunkiat/FundProg2/FaceRecognitionCS102/data/facedata/S12348_May/S12348_010.emb
[2025-11-09 17:32:18] SEVERE: Invalid embedding size: 2048, expected: 4096
[2025-11-09 17:32:18] WARNING: Skipping invalid embedding file: /Users/justinlimchunkiat/FundProg2/FaceRecognitionCS102/data/facedata/S12348_May/S12348_004.emb
[2025-11-09 17:32:18] SEVERE: Invalid embedding size: 2048, expected: 4096
[2025-11-09 17:32:18] WARNING: Skipping invalid embedding file: /Users/justinlimchunkiat/FundProg2/FaceRecognitionCS102/data/facedata/S12348_May/S12348_012.emb
[2025-11-09 17:32:18] SEVERE: Invalid embedding size: 2048, expected: 4096
[2025-11-09 17:32:18] WARNING: Skipping invalid embedding file: /Users/justinlimchunkiat/FundProg2/FaceRecognitionCS102/data/facedata/S12348_May/S12348_006.emb
[2025-11-09 17:32:18] SEVERE: Invalid embedding size: 2048, expected: 4096
[2025-11-09 17:32:18] WARNING: Skipping invalid embedding file: /Users/justinlimchunkiat/FundProg2/FaceRecognitionCS102/data/facedata/S12348_May/S12348_007.emb
[2025-11-09 17:32:18] SEVERE: Invalid embedding size: 2048, expected: 4096
[2025-11-09 17:32:18] WARNING: Skipping invalid embedding file: /Users/justinlimchunkiat/FundProg2/FaceRecognitionCS102/data/facedata/S12348_May/S12348_013.emb
[2025-11-09 17:32:18] SEVERE: Invalid embedding size: 2048, expected: 4096
[2025-11-09 17:32:18] WARNING: Skipping invalid embedding file: /Users/justinlimchunkiat/FundProg2/FaceRecognitionCS102/data/facedata/S12348_May/S12348_009.emb
[2025-11-09 17:32:18] SEVERE: Invalid embedding size: 2048, expected: 4096
[2025-11-09 17:32:18] WARNING: Skipping invalid embedding file: /Users/justinlimchunkiat/FundProg2/FaceRecognitionCS102/data/facedata/S12348_May/S12348_018.emb
[2025-11-09 17:32:18] SEVERE: Invalid embedding size: 2048, expected: 4096
[2025-11-09 17:32:18] WARNING: Skipping invalid embedding file: /Users/justinlimchunkiat/FundProg2/FaceRecognitionCS102/data/facedata/S12348_May/S12348_019.emb
[2025-11-09 17:32:18] INFO: Person S12348 - May: tightness=1.000, stdDev=0.000, absThresh.live=0.480 (training=0.550), margin=0.120
[2025-11-09 17:32:18] SEVERE: Invalid embedding size: 512, expected: 4096
[2025-11-09 17:32:18] WARNING: Skipping invalid embedding file: /Users/justinlimchunkiat/FundProg2/FaceRecognitionCS102/data/facedata/S00000_Nicholas/S00000_023.emb
[2025-11-09 17:32:18] SEVERE: Invalid embedding size: 512, expected: 4096
[2025-11-09 17:32:18] WARNING: Skipping invalid embedding file: /Users/justinlimchunkiat/FundProg2/FaceRecognitionCS102/data/facedata/S00000_Nicholas/S00000_022.emb
[2025-11-09 17:32:18] SEVERE: Invalid embedding size: 512, expected: 4096
[2025-11-09 17:32:18] WARNING: Skipping invalid embedding file: /Users/justinlimchunkiat/FundProg2/FaceRecognitionCS102/data/facedata/S00000_Nicholas/S00000_008.emb
[2025-11-09 17:32:18] SEVERE: Invalid embedding size: 512, expected: 4096
[2025-11-09 17:32:18] WARNING: Skipping invalid embedding file: /Users/justinlimchunkiat/FundProg2/FaceRecognitionCS102/data/facedata/S00000_Nicholas/S00000_020.emb
[2025-11-09 17:32:18] SEVERE: Invalid embedding size: 512, expected: 4096
[2025-11-09 17:32:18] WARNING: Skipping invalid embedding file: /Users/justinlimchunkiat/FundProg2/FaceRecognitionCS102/data/facedata/S00000_Nicholas/S00000_021.emb
[2025-11-09 17:32:18] SEVERE: Invalid embedding size: 512, expected: 4096
[2025-11-09 17:32:18] WARNING: Skipping invalid embedding file: /Users/justinlimchunkiat/FundProg2/FaceRecognitionCS102/data/facedata/S00000_Nicholas/S00000_019.emb
[2025-11-09 17:32:18] SEVERE: Invalid embedding size: 512, expected: 4096
[2025-11-09 17:32:18] WARNING: Skipping invalid embedding file: /Users/justinlimchunkiat/FundProg2/FaceRecognitionCS102/data/facedata/S00000_Nicholas/S00000_018.emb
[2025-11-09 17:32:18] SEVERE: Invalid embedding size: 512, expected: 4096
[2025-11-09 17:32:18] WARNING: Skipping invalid embedding file: /Users/justinlimchunkiat/FundProg2/FaceRecognitionCS102/data/facedata/S00000_Nicholas/S00000_024.emb
[2025-11-09 17:32:18] SEVERE: Invalid embedding size: 512, expected: 4096
[2025-11-09 17:32:18] WARNING: Skipping invalid embedding file: /Users/justinlimchunkiat/FundProg2/FaceRecognitionCS102/data/facedata/S00000_Nicholas/S00000_002.emb
[2025-11-09 17:32:18] SEVERE: Invalid embedding size: 512, expected: 4096
[2025-11-09 17:32:18] WARNING: Skipping invalid embedding file: /Users/justinlimchunkiat/FundProg2/FaceRecognitionCS102/data/facedata/S00000_Nicholas/S00000_016.emb
[2025-11-09 17:32:18] SEVERE: Invalid embedding size: 512, expected: 4096
[2025-11-09 17:32:18] WARNING: Skipping invalid embedding file: /Users/justinlimchunkiat/FundProg2/FaceRecognitionCS102/data/facedata/S00000_Nicholas/S00000_017.emb
[2025-11-09 17:32:18] SEVERE: Invalid embedding size: 512, expected: 4096
[2025-11-09 17:32:18] WARNING: Skipping invalid embedding file: /Users/justinlimchunkiat/FundProg2/FaceRecognitionCS102/data/facedata/S00000_Nicholas/S00000_003.emb
[2025-11-09 17:32:18] SEVERE: Invalid embedding size: 512, expected: 4096
[2025-11-09 17:32:18] WARNING: Skipping invalid embedding file: /Users/justinlimchunkiat/FundProg2/FaceRecognitionCS102/data/facedata/S00000_Nicholas/S00000_015.emb
[2025-11-09 17:32:18] SEVERE: Invalid embedding size: 512, expected: 4096
[2025-11-09 17:32:18] WARNING: Skipping invalid embedding file: /Users/justinlimchunkiat/FundProg2/FaceRecognitionCS102/data/facedata/S00000_Nicholas/S00000_001.emb
[2025-11-09 17:32:18] SEVERE: Invalid embedding size: 512, expected: 4096
[2025-11-09 17:32:18] WARNING: Skipping invalid embedding file: /Users/justinlimchunkiat/FundProg2/FaceRecognitionCS102/data/facedata/S00000_Nicholas/S00000_014.emb
[2025-11-09 17:32:18] SEVERE: Invalid embedding size: 512, expected: 4096
[2025-11-09 17:32:18] WARNING: Skipping invalid embedding file: /Users/justinlimchunkiat/FundProg2/FaceRecognitionCS102/data/facedata/S00000_Nicholas/S00000_010.emb
[2025-11-09 17:32:18] SEVERE: Invalid embedding size: 512, expected: 4096
[2025-11-09 17:32:18] WARNING: Skipping invalid embedding file: /Users/justinlimchunkiat/FundProg2/FaceRecognitionCS102/data/facedata/S00000_Nicholas/S00000_007.emb
[2025-11-09 17:32:18] SEVERE: Invalid embedding size: 512, expected: 4096
[2025-11-09 17:32:18] WARNING: Skipping invalid embedding file: /Users/justinlimchunkiat/FundProg2/FaceRecognitionCS102/data/facedata/S00000_Nicholas/S00000_013.emb
[2025-11-09 17:32:18] INFO: Person S00000 - Nicholas: tightness=1.000, stdDev=0.000, absThresh.live=0.480 (training=0.550), margin=0.120
[2025-11-09 17:32:18] INFO: Person S99999 - Justin_Lim: tightness=0.999, stdDev=0.000, absThresh.live=0.480 (training=0.550), margin=0.120
[2025-11-09 17:32:18] SEVERE: Invalid embedding size: 2048, expected: 4096
[2025-11-09 17:32:18] WARNING: Skipping invalid embedding file: /Users/justinlimchunkiat/FundProg2/FaceRecognitionCS102/data/facedata/S12432_Jin_Rae/S12432_002.emb
[2025-11-09 17:32:18] SEVERE: Invalid embedding size: 2048, expected: 4096
[2025-11-09 17:32:18] WARNING: Skipping invalid embedding file: /Users/justinlimchunkiat/FundProg2/FaceRecognitionCS102/data/facedata/S12432_Jin_Rae/S12432_003.emb
[2025-11-09 17:32:18] SEVERE: Invalid embedding size: 2048, expected: 4096
[2025-11-09 17:32:18] WARNING: Skipping invalid embedding file: /Users/justinlimchunkiat/FundProg2/FaceRecognitionCS102/data/facedata/S12432_Jin_Rae/S12432_017.emb
[2025-11-09 17:32:18] SEVERE: Invalid embedding size: 2048, expected: 4096
[2025-11-09 17:32:18] WARNING: Skipping invalid embedding file: /Users/justinlimchunkiat/FundProg2/FaceRecognitionCS102/data/facedata/S12432_Jin_Rae/S12432_001.emb
[2025-11-09 17:32:18] SEVERE: Invalid embedding size: 2048, expected: 4096
[2025-11-09 17:32:18] WARNING: Skipping invalid embedding file: /Users/justinlimchunkiat/FundProg2/FaceRecognitionCS102/data/facedata/S12432_Jin_Rae/S12432_014.emb
[2025-11-09 17:32:18] SEVERE: Invalid embedding size: 2048, expected: 4096
[2025-11-09 17:32:18] WARNING: Skipping invalid embedding file: /Users/justinlimchunkiat/FundProg2/FaceRecognitionCS102/data/facedata/S12432_Jin_Rae/S12432_004.emb
[2025-11-09 17:32:18] SEVERE: Invalid embedding size: 2048, expected: 4096
[2025-11-09 17:32:18] WARNING: Skipping invalid embedding file: /Users/justinlimchunkiat/FundProg2/FaceRecognitionCS102/data/facedata/S12432_Jin_Rae/S12432_010.emb
[2025-11-09 17:32:18] SEVERE: Invalid embedding size: 2048, expected: 4096
[2025-11-09 17:32:18] WARNING: Skipping invalid embedding file: /Users/justinlimchunkiat/FundProg2/FaceRecognitionCS102/data/facedata/S12432_Jin_Rae/S12432_005.emb
[2025-11-09 17:32:18] SEVERE: Invalid embedding size: 2048, expected: 4096
[2025-11-09 17:32:18] WARNING: Skipping invalid embedding file: /Users/justinlimchunkiat/FundProg2/FaceRecognitionCS102/data/facedata/S12432_Jin_Rae/S12432_007.emb
[2025-11-09 17:32:18] SEVERE: Invalid embedding size: 2048, expected: 4096
[2025-11-09 17:32:18] WARNING: Skipping invalid embedding file: /Users/justinlimchunkiat/FundProg2/FaceRecognitionCS102/data/facedata/S12432_Jin_Rae/S12432_012.emb
[2025-11-09 17:32:18] SEVERE: Invalid embedding size: 2048, expected: 4096
[2025-11-09 17:32:18] WARNING: Skipping invalid embedding file: /Users/justinlimchunkiat/FundProg2/FaceRecognitionCS102/data/facedata/S12432_Jin_Rae/S12432_020.emb
[2025-11-09 17:32:18] SEVERE: Invalid embedding size: 2048, expected: 4096
[2025-11-09 17:32:18] WARNING: Skipping invalid embedding file: /Users/justinlimchunkiat/FundProg2/FaceRecognitionCS102/data/facedata/S12432_Jin_Rae/S12432_009.emb
[2025-11-09 17:32:18] SEVERE: Invalid embedding size: 2048, expected: 4096
[2025-11-09 17:32:18] WARNING: Skipping invalid embedding file: /Users/justinlimchunkiat/FundProg2/FaceRecognitionCS102/data/facedata/S12432_Jin_Rae/S12432_019.emb
[2025-11-09 17:32:18] SEVERE: Invalid embedding size: 2048, expected: 4096
[2025-11-09 17:32:18] WARNING: Skipping invalid embedding file: /Users/justinlimchunkiat/FundProg2/FaceRecognitionCS102/data/facedata/S12432_Jin_Rae/S12432_018.emb
[2025-11-09 17:32:18] INFO: Person S12432 - Jin_Rae: tightness=1.000, stdDev=0.000, absThresh.live=0.480 (training=0.550), margin=0.120
[2025-11-09 17:32:19] INFO: DNN face detector loaded successfully
[2025-11-09 17:32:19] INFO: Initialized 1 attendance records for session 12
[2025-11-09 17:32:27] INFO: === STAGE 1: Face Detection & Preprocessing ===
[2025-11-09 17:32:27] INFO: Face ROI size: 307x408
[2025-11-09 17:32:27] SEVERE: ￢ﾚﾠ￯ﾸﾏ Invalid blob or model not available, cannot generate embedding from blob
[2025-11-09 17:32:27] INFO: Frame cadence gap detected; resetting recognition history for session 12
[2025-11-09 17:32:27] INFO: === STAGE 1: Face Detection & Preprocessing ===
[2025-11-09 17:32:27] INFO: Face ROI size: 328x442
[2025-11-09 17:32:27] SEVERE: ￢ﾚﾠ￯ﾸﾏ Invalid blob or model not available, cannot generate embedding from blob
[2025-11-09 17:32:28] INFO: Frame cadence gap detected; resetting recognition history for session 12
[2025-11-09 17:32:28] INFO: === STAGE 1: Face Detection & Preprocessing ===
[2025-11-09 17:32:28] INFO: Face ROI size: 320x438
[2025-11-09 17:32:28] SEVERE: ￢ﾚﾠ￯ﾸﾏ Invalid blob or model not available, cannot generate embedding from blob
[2025-11-09 17:32:28] INFO: Frame cadence gap detected; resetting recognition history for session 12
[2025-11-09 17:32:28] INFO: === STAGE 1: Face Detection & Preprocessing ===
[2025-11-09 17:32:28] INFO: Face ROI size: 313x436
[2025-11-09 17:32:28] SEVERE: ￢ﾚﾠ￯ﾸﾏ Invalid blob or model not available, cannot generate embedding from blob
[2025-11-09 17:32:29] INFO: Frame cadence gap detected; resetting recognition history for session 12
[2025-11-09 17:32:29] INFO: === STAGE 1: Face Detection & Preprocessing ===
[2025-11-09 17:32:29] INFO: Face ROI size: 336x451
[2025-11-09 17:32:29] SEVERE: ￢ﾚﾠ￯ﾸﾏ Invalid blob or model not available, cannot generate embedding from blob
[2025-11-09 17:32:34] INFO: Frame cadence gap detected; resetting recognition history for session 12
[2025-11-09 17:32:34] INFO: === STAGE 1: Face Detection & Preprocessing ===
[2025-11-09 17:32:34] INFO: Face ROI size: 294x413
[2025-11-09 17:32:34] SEVERE: ￢ﾚﾠ￯ﾸﾏ Invalid blob or model not available, cannot generate embedding from blob
[2025-11-09 17:32:34] INFO: Frame cadence gap detected; resetting recognition history for session 12
[2025-11-09 17:32:34] INFO: === STAGE 1: Face Detection & Preprocessing ===
[2025-11-09 17:32:34] INFO: Face ROI size: 327x452
[2025-11-09 17:32:34] SEVERE: ￢ﾚﾠ￯ﾸﾏ Invalid blob or model not available, cannot generate embedding from blob
[2025-11-09 17:32:35] INFO: Frame cadence gap detected; resetting recognition history for session 12
[2025-11-09 17:32:35] INFO: === STAGE 1: Face Detection & Preprocessing ===
[2025-11-09 17:32:35] INFO: Face ROI size: 337x448
[2025-11-09 17:32:35] SEVERE: ￢ﾚﾠ￯ﾸﾏ Invalid blob or model not available, cannot generate embedding from blob
[2025-11-09 17:32:35] INFO: Frame cadence gap detected; resetting recognition history for session 12
[2025-11-09 17:32:35] INFO: === STAGE 1: Face Detection & Preprocessing ===
[2025-11-09 17:32:35] INFO: Face ROI size: 323x419
[2025-11-09 17:32:35] SEVERE: ￢ﾚﾠ￯ﾸﾏ Invalid blob or model not available, cannot generate embedding from blob
[2025-11-09 17:32:36] INFO: Frame cadence gap detected; resetting recognition history for session 12
[2025-11-09 17:32:36] INFO: === STAGE 1: Face Detection & Preprocessing ===
[2025-11-09 17:32:36] INFO: Face ROI size: 324x429
[2025-11-09 17:32:36] SEVERE: ￢ﾚﾠ￯ﾸﾏ Invalid blob or model not available, cannot generate embedding from blob
[2025-11-09 17:32:36] INFO: Frame cadence gap detected; resetting recognition history for session 12
[2025-11-09 17:32:36] INFO: === STAGE 1: Face Detection & Preprocessing ===
[2025-11-09 17:32:36] INFO: Face ROI size: 339x432
[2025-11-09 17:32:36] SEVERE: ￢ﾚﾠ￯ﾸﾏ Invalid blob or model not available, cannot generate embedding from blob
[2025-11-09 17:32:37] INFO: Frame cadence gap detected; resetting recognition history for session 12
[2025-11-09 17:32:37] INFO: === STAGE 1: Face Detection & Preprocessing ===
[2025-11-09 17:32:37] INFO: Face ROI size: 331x436
[2025-11-09 17:32:37] SEVERE: ￢ﾚﾠ￯ﾸﾏ Invalid blob or model not available, cannot generate embedding from blob
[2025-11-09 17:32:37] INFO: Frame cadence gap detected; resetting recognition history for session 12
[2025-11-09 17:32:37] INFO: === STAGE 1: Face Detection & Preprocessing ===
[2025-11-09 17:32:37] INFO: Face ROI size: 328x442
[2025-11-09 17:32:37] SEVERE: ￢ﾚﾠ￯ﾸﾏ Invalid blob or model not available, cannot generate embedding from blob
[2025-11-09 17:32:38] INFO: Frame cadence gap detected; resetting recognition history for session 12
[2025-11-09 17:32:38] INFO: === STAGE 1: Face Detection & Preprocessing ===
[2025-11-09 17:32:38] INFO: Face ROI size: 317x443
[2025-11-09 17:32:38] SEVERE: ￢ﾚﾠ￯ﾸﾏ Invalid blob or model not available, cannot generate embedding from blob
[2025-11-09 17:32:38] INFO: Frame cadence gap detected; resetting recognition history for session 12
[2025-11-09 17:32:38] INFO: === STAGE 1: Face Detection & Preprocessing ===
[2025-11-09 17:32:38] INFO: Face ROI size: 319x423
[2025-11-09 17:32:38] SEVERE: ￢ﾚﾠ￯ﾸﾏ Invalid blob or model not available, cannot generate embedding from blob
[2025-11-09 17:32:39] INFO: Frame cadence gap detected; resetting recognition history for session 12
[2025-11-09 17:32:39] INFO: === STAGE 1: Face Detection & Preprocessing ===
[2025-11-09 17:32:39] INFO: Face ROI size: 329x434
[2025-11-09 17:32:39] SEVERE: ￢ﾚﾠ￯ﾸﾏ Invalid blob or model not available, cannot generate embedding from blob
[2025-11-09 17:32:39] INFO: Frame cadence gap detected; resetting recognition history for session 12
[2025-11-09 17:32:39] INFO: === STAGE 1: Face Detection & Preprocessing ===
[2025-11-09 17:32:39] INFO: Face ROI size: 323x428
[2025-11-09 17:32:39] SEVERE: ￢ﾚﾠ￯ﾸﾏ Invalid blob or model not available, cannot generate embedding from blob
[2025-11-09 17:32:40] INFO: Frame cadence gap detected; resetting recognition history for session 12
[2025-11-09 17:32:40] INFO: === STAGE 1: Face Detection & Preprocessing ===
[2025-11-09 17:32:40] INFO: Face ROI size: 331x429
[2025-11-09 17:32:40] SEVERE: ￢ﾚﾠ￯ﾸﾏ Invalid blob or model not available, cannot generate embedding from blob
[2025-11-09 17:32:40] INFO: Frame cadence gap detected; resetting recognition history for session 12
[2025-11-09 17:32:40] INFO: === STAGE 1: Face Detection & Preprocessing ===
[2025-11-09 17:32:40] INFO: Face ROI size: 334x420
[2025-11-09 17:32:40] SEVERE: ￢ﾚﾠ￯ﾸﾏ Invalid blob or model not available, cannot generate embedding from blob
[2025-11-09 17:32:41] INFO: Frame cadence gap detected; resetting recognition history for session 12
[2025-11-09 17:32:41] INFO: === STAGE 1: Face Detection & Preprocessing ===
[2025-11-09 17:32:41] INFO: Face ROI size: 327x412
[2025-11-09 17:32:41] SEVERE: ￢ﾚﾠ￯ﾸﾏ Invalid blob or model not available, cannot generate embedding from blob
[2025-11-09 17:32:41] INFO: === STAGE 1: Face Detection & Preprocessing ===
[2025-11-09 17:32:41] INFO: Face ROI size: 321x435
[2025-11-09 17:32:41] SEVERE: ￢ﾚﾠ￯ﾸﾏ Invalid blob or model not available, cannot generate embedding from blob
[2025-11-09 17:32:41] INFO: === STAGE 1: Face Detection & Preprocessing ===
[2025-11-09 17:32:41] INFO: Face ROI size: 100x94
[2025-11-09 17:32:41] SEVERE: ￢ﾚﾠ￯ﾸﾏ Invalid blob or model not available, cannot generate embedding from blob
[2025-11-09 17:32:42] INFO: Frame cadence gap detected; resetting recognition history for session 12
[2025-11-09 17:32:42] INFO: === STAGE 1: Face Detection & Preprocessing ===
[2025-11-09 17:32:42] INFO: Face ROI size: 323x432
[2025-11-09 17:32:42] SEVERE: ￢ﾚﾠ￯ﾸﾏ Invalid blob or model not available, cannot generate embedding from blob
[2025-11-09 17:32:42] INFO: === STAGE 1: Face Detection & Preprocessing ===
[2025-11-09 17:32:42] INFO: Face ROI size: 94x94
[2025-11-09 17:32:42] SEVERE: ￢ﾚﾠ￯ﾸﾏ Invalid blob or model not available, cannot generate embedding from blob
[2025-11-09 17:32:42] INFO: Frame cadence gap detected; resetting recognition history for session 12
[2025-11-09 17:32:42] INFO: === STAGE 1: Face Detection & Preprocessing ===
[2025-11-09 17:32:42] INFO: Face ROI size: 330x405
[2025-11-09 17:32:42] SEVERE: ￢ﾚﾠ￯ﾸﾏ Invalid blob or model not available, cannot generate embedding from blob
[2025-11-09 17:32:42] INFO: === STAGE 1: Face Detection & Preprocessing ===
[2025-11-09 17:32:42] INFO: Face ROI size: 103x120
[2025-11-09 17:32:42] SEVERE: ￢ﾚﾠ￯ﾸﾏ Invalid blob or model not available, cannot generate embedding from blob
[2025-11-09 17:32:43] INFO: Frame cadence gap detected; resetting recognition history for session 12
[2025-11-09 17:32:43] INFO: === STAGE 1: Face Detection & Preprocessing ===
[2025-11-09 17:32:43] INFO: Face ROI size: 325x414
[2025-11-09 17:32:43] SEVERE: ￢ﾚﾠ￯ﾸﾏ Invalid blob or model not available, cannot generate embedding from blob
[2025-11-09 17:32:43] INFO: Frame cadence gap detected; resetting recognition history for session 12
[2025-11-09 17:32:43] INFO: === STAGE 1: Face Detection & Preprocessing ===
[2025-11-09 17:32:43] INFO: Face ROI size: 330x432
[2025-11-09 17:32:43] SEVERE: ￢ﾚﾠ￯ﾸﾏ Invalid blob or model not available, cannot generate embedding from blob
[2025-11-09 17:32:44] INFO: Frame cadence gap detected; resetting recognition history for session 12
[2025-11-09 17:32:44] INFO: === STAGE 1: Face Detection & Preprocessing ===
[2025-11-09 17:32:44] INFO: Face ROI size: 327x444
[2025-11-09 17:32:44] SEVERE: ￢ﾚﾠ￯ﾸﾏ Invalid blob or model not available, cannot generate embedding from blob
[2025-11-09 17:32:44] INFO: Frame cadence gap detected; resetting recognition history for session 12
[2025-11-09 17:32:44] INFO: === STAGE 1: Face Detection & Preprocessing ===
[2025-11-09 17:32:44] INFO: Face ROI size: 328x439
[2025-11-09 17:32:44] SEVERE: ￢ﾚﾠ￯ﾸﾏ Invalid blob or model not available, cannot generate embedding from blob
[2025-11-09 17:32:45] INFO: Frame cadence gap detected; resetting recognition history for session 12
[2025-11-09 17:32:45] INFO: === STAGE 1: Face Detection & Preprocessing ===
[2025-11-09 17:32:45] INFO: Face ROI size: 323x437
[2025-11-09 17:32:45] SEVERE: ￢ﾚﾠ￯ﾸﾏ Invalid blob or model not available, cannot generate embedding from blob
[2025-11-09 17:32:45] INFO: Frame cadence gap detected; resetting recognition history for session 12
[2025-11-09 17:32:45] INFO: === STAGE 1: Face Detection & Preprocessing ===
[2025-11-09 17:32:45] INFO: Face ROI size: 327x440
[2025-11-09 17:32:45] SEVERE: ￢ﾚﾠ￯ﾸﾏ Invalid blob or model not available, cannot generate embedding from blob
[2025-11-09 17:32:46] INFO: Frame cadence gap detected; resetting recognition history for session 12
[2025-11-09 17:32:46] INFO: === STAGE 1: Face Detection & Preprocessing ===
[2025-11-09 17:32:46] INFO: Face ROI size: 328x450
[2025-11-09 17:32:46] SEVERE: ￢ﾚﾠ￯ﾸﾏ Invalid blob or model not available, cannot generate embedding from blob
[2025-11-09 17:32:46] INFO: Frame cadence gap detected; resetting recognition history for session 12
[2025-11-09 17:32:46] INFO: === STAGE 1: Face Detection & Preprocessing ===
[2025-11-09 17:32:46] INFO: Face ROI size: 327x447
[2025-11-09 17:32:46] SEVERE: ￢ﾚﾠ￯ﾸﾏ Invalid blob or model not available, cannot generate embedding from blob
[2025-11-09 17:32:47] INFO: Frame cadence gap detected; resetting recognition history for session 12
[2025-11-09 17:32:47] INFO: === STAGE 1: Face Detection & Preprocessing ===
[2025-11-09 17:32:47] INFO: Face ROI size: 329x440
[2025-11-09 17:32:47] SEVERE: ￢ﾚﾠ￯ﾸﾏ Invalid blob or model not available, cannot generate embedding from blob
[2025-11-09 17:32:47] INFO: Frame cadence gap detected; resetting recognition history for session 12
[2025-11-09 17:32:47] INFO: === STAGE 1: Face Detection & Preprocessing ===
[2025-11-09 17:32:47] INFO: Face ROI size: 329x437
[2025-11-09 17:32:47] SEVERE: ￢ﾚﾠ￯ﾸﾏ Invalid blob or model not available, cannot generate embedding from blob
[2025-11-09 17:32:48] INFO: Frame cadence gap detected; resetting recognition history for session 12
[2025-11-09 17:32:48] INFO: === STAGE 1: Face Detection & Preprocessing ===
[2025-11-09 17:32:48] INFO: Face ROI size: 325x440
[2025-11-09 17:32:48] SEVERE: ￢ﾚﾠ￯ﾸﾏ Invalid blob or model not available, cannot generate embedding from blob
