[2025-11-09 16:05:04] INFO: Application Logger Initialized.
[2025-11-09 16:05:04] INFO: Logging in as Admin with ID: 123
[2025-11-09 16:05:05] INFO: app.properties normalized (57 entries).
[2025-11-09 16:05:05] INFO: Configuration loaded from file: /Users/justinlimchunkiat/FundProg2/FaceRecognitionCS102/app.properties
[2025-11-09 16:05:05] INFO: OpenCV library loaded from: lib/libopencv_java4130.dylib
[2025-11-09 16:05:05] INFO: Configuration and core components loaded.
[2025-11-09 16:05:05] INFO: Configuration file loaded
[2025-11-09 16:05:05] INFO: Live Recognition Viewer Starting!
[2025-11-09 16:05:05] INFO: OpenCV library loaded in LiveRecognitionViewer from: lib/libopencv_java4130.dylib
[2025-11-09 16:05:05] WARNING: Configured preprocessing.min_sharpness_threshold 80.0 is too strict; using 60.0 instead for better tolerance.
[2025-11-09 16:05:05] INFO: OpenCV native library loaded successfully from absolute path: /Users/justinlimchunkiat/FundProg2/FaceRecognitionCS102/lib/libopencv_java4130.dylib
[2025-11-09 16:05:05] INFO: PostgreSQL JDBC driver loaded successfully
[2025-11-09 16:05:06] INFO: Apache POI libraries loaded successfully
[2025-11-09 16:05:06] INFO: Logging frameworks loaded successfully
[2025-11-09 16:05:06] INFO: Apache Commons libraries loaded successfully
[2025-11-09 16:05:06] INFO: All external modules loaded successfully
[2025-11-09 16:05:06] INFO: ✓ FaceAligner initialized with 5-point alignment support
[2025-11-09 16:05:06] INFO: ⚠️ ArcFace model not found, using feature-based embeddings
[2025-11-09 16:05:06] INFO: ✓ FaceAligner initialized with 5-point alignment support
[2025-11-09 16:05:06] INFO: ✓ FaceAligner initialized with 5-point alignment support
[2025-11-09 16:05:06] INFO: === Folder debug ===
[2025-11-09 16:05:06] INFO: Found folder: /Users/justinlimchunkiat/FundProg2/FaceRecognitionCS102/data/facedata/S12344_rome
[2025-11-09 16:05:06] INFO:   Contains: 28 items
[2025-11-09 16:05:06] INFO:   Display label: S12344 - rome
[2025-11-09 16:05:06] INFO: Found folder: /Users/justinlimchunkiat/FundProg2/FaceRecognitionCS102/data/facedata/S00001_jereme
[2025-11-09 16:05:06] INFO:   Contains: 32 items
[2025-11-09 16:05:06] INFO:   Display label: S00001 - jereme
[2025-11-09 16:05:06] INFO: Found folder: /Users/justinlimchunkiat/FundProg2/FaceRecognitionCS102/data/facedata/S43231_Nic
[2025-11-09 16:05:06] INFO:   Contains: 30 items
[2025-11-09 16:05:06] INFO:   Display label: S43231 - Nic
[2025-11-09 16:05:06] INFO: Found folder: /Users/justinlimchunkiat/FundProg2/FaceRecognitionCS102/data/facedata/S12348_May
[2025-11-09 16:05:06] INFO:   Contains: 32 items
[2025-11-09 16:05:06] INFO:   Display label: S12348 - May
[2025-11-09 16:05:06] INFO: Found folder: /Users/justinlimchunkiat/FundProg2/FaceRecognitionCS102/data/facedata/S00000_Nicholas
[2025-11-09 16:05:06] INFO:   Contains: 36 items
[2025-11-09 16:05:06] INFO:   Display label: S00000 - Nicholas
[2025-11-09 16:05:06] INFO: Found folder: /Users/justinlimchunkiat/FundProg2/FaceRecognitionCS102/data/facedata/S12432_Jin_Rae
[2025-11-09 16:05:06] INFO:   Contains: 28 items
[2025-11-09 16:05:06] INFO:   Display label: S12432 - Jin_Rae
[2025-11-09 16:05:06] INFO: ====================
[2025-11-09 16:05:06] SEVERE: Invalid embedding size: 2048, expected: 4096
[2025-11-09 16:05:06] WARNING: Skipping invalid embedding file: /Users/justinlimchunkiat/FundProg2/FaceRecognitionCS102/data/facedata/S12344_rome/S12344_019.emb
[2025-11-09 16:05:06] SEVERE: Invalid embedding size: 2048, expected: 4096
[2025-11-09 16:05:06] WARNING: Skipping invalid embedding file: /Users/justinlimchunkiat/FundProg2/FaceRecognitionCS102/data/facedata/S12344_rome/S12344_008.emb
[2025-11-09 16:05:06] SEVERE: Invalid embedding size: 2048, expected: 4096
[2025-11-09 16:05:06] WARNING: Skipping invalid embedding file: /Users/justinlimchunkiat/FundProg2/FaceRecognitionCS102/data/facedata/S12344_rome/S12344_020.emb
[2025-11-09 16:05:06] SEVERE: Invalid embedding size: 2048, expected: 4096
[2025-11-09 16:05:06] WARNING: Skipping invalid embedding file: /Users/justinlimchunkiat/FundProg2/FaceRecognitionCS102/data/facedata/S12344_rome/S12344_009.emb
[2025-11-09 16:05:06] SEVERE: Invalid embedding size: 2048, expected: 4096
[2025-11-09 16:05:06] WARNING: Skipping invalid embedding file: /Users/justinlimchunkiat/FundProg2/FaceRecognitionCS102/data/facedata/S12344_rome/S12344_004.emb
[2025-11-09 16:05:06] SEVERE: Invalid embedding size: 2048, expected: 4096
[2025-11-09 16:05:06] WARNING: Skipping invalid embedding file: /Users/justinlimchunkiat/FundProg2/FaceRecognitionCS102/data/facedata/S12344_rome/S12344_005.emb
[2025-11-09 16:05:06] SEVERE: Invalid embedding size: 2048, expected: 4096
[2025-11-09 16:05:06] WARNING: Skipping invalid embedding file: /Users/justinlimchunkiat/FundProg2/FaceRecognitionCS102/data/facedata/S12344_rome/S12344_011.emb
[2025-11-09 16:05:06] SEVERE: Invalid embedding size: 2048, expected: 4096
[2025-11-09 16:05:06] WARNING: Skipping invalid embedding file: /Users/justinlimchunkiat/FundProg2/FaceRecognitionCS102/data/facedata/S12344_rome/S12344_007.emb
[2025-11-09 16:05:06] SEVERE: Invalid embedding size: 2048, expected: 4096
[2025-11-09 16:05:06] WARNING: Skipping invalid embedding file: /Users/justinlimchunkiat/FundProg2/FaceRecognitionCS102/data/facedata/S12344_rome/S12344_006.emb
[2025-11-09 16:05:06] SEVERE: Invalid embedding size: 2048, expected: 4096
[2025-11-09 16:05:06] WARNING: Skipping invalid embedding file: /Users/justinlimchunkiat/FundProg2/FaceRecognitionCS102/data/facedata/S12344_rome/S12344_002.emb
[2025-11-09 16:05:06] SEVERE: Invalid embedding size: 2048, expected: 4096
[2025-11-09 16:05:06] WARNING: Skipping invalid embedding file: /Users/justinlimchunkiat/FundProg2/FaceRecognitionCS102/data/facedata/S12344_rome/S12344_017.emb
[2025-11-09 16:05:06] SEVERE: Invalid embedding size: 2048, expected: 4096
[2025-11-09 16:05:06] WARNING: Skipping invalid embedding file: /Users/justinlimchunkiat/FundProg2/FaceRecognitionCS102/data/facedata/S12344_rome/S12344_003.emb
[2025-11-09 16:05:06] SEVERE: Invalid embedding size: 2048, expected: 4096
[2025-11-09 16:05:06] WARNING: Skipping invalid embedding file: /Users/justinlimchunkiat/FundProg2/FaceRecognitionCS102/data/facedata/S12344_rome/S12344_001.emb
[2025-11-09 16:05:06] SEVERE: Invalid embedding size: 2048, expected: 4096
[2025-11-09 16:05:06] WARNING: Skipping invalid embedding file: /Users/justinlimchunkiat/FundProg2/FaceRecognitionCS102/data/facedata/S12344_rome/S12344_014.emb
[2025-11-09 16:05:06] INFO: Person S12344 - rome: tightness=1.000, stdDev=0.000, absThresh.live=0.480 (training=0.550), margin=0.120
[2025-11-09 16:05:06] SEVERE: Invalid embedding size: 2048, expected: 4096
[2025-11-09 16:05:06] WARNING: Skipping invalid embedding file: /Users/justinlimchunkiat/FundProg2/FaceRecognitionCS102/data/facedata/S00001_jereme/S00001_019.emb
[2025-11-09 16:05:06] SEVERE: Invalid embedding size: 2048, expected: 4096
[2025-11-09 16:05:06] WARNING: Skipping invalid embedding file: /Users/justinlimchunkiat/FundProg2/FaceRecognitionCS102/data/facedata/S00001_jereme/S00001_008.emb
[2025-11-09 16:05:06] SEVERE: Invalid embedding size: 2048, expected: 4096
[2025-11-09 16:05:06] WARNING: Skipping invalid embedding file: /Users/justinlimchunkiat/FundProg2/FaceRecognitionCS102/data/facedata/S00001_jereme/S00001_009.emb
[2025-11-09 16:05:06] SEVERE: Invalid embedding size: 2048, expected: 4096
[2025-11-09 16:05:06] WARNING: Skipping invalid embedding file: /Users/justinlimchunkiat/FundProg2/FaceRecognitionCS102/data/facedata/S00001_jereme/S00001_013.emb
[2025-11-09 16:05:06] SEVERE: Invalid embedding size: 2048, expected: 4096
[2025-11-09 16:05:06] WARNING: Skipping invalid embedding file: /Users/justinlimchunkiat/FundProg2/FaceRecognitionCS102/data/facedata/S00001_jereme/S00001_007.emb
[2025-11-09 16:05:06] SEVERE: Invalid embedding size: 2048, expected: 4096
[2025-11-09 16:05:06] WARNING: Skipping invalid embedding file: /Users/justinlimchunkiat/FundProg2/FaceRecognitionCS102/data/facedata/S00001_jereme/S00001_006.emb
[2025-11-09 16:05:06] SEVERE: Invalid embedding size: 2048, expected: 4096
[2025-11-09 16:05:06] WARNING: Skipping invalid embedding file: /Users/justinlimchunkiat/FundProg2/FaceRecognitionCS102/data/facedata/S00001_jereme/S00001_012.emb
[2025-11-09 16:05:06] SEVERE: Invalid embedding size: 2048, expected: 4096
[2025-11-09 16:05:06] WARNING: Skipping invalid embedding file: /Users/justinlimchunkiat/FundProg2/FaceRecognitionCS102/data/facedata/S00001_jereme/S00001_004.emb
[2025-11-09 16:05:06] SEVERE: Invalid embedding size: 2048, expected: 4096
[2025-11-09 16:05:06] WARNING: Skipping invalid embedding file: /Users/justinlimchunkiat/FundProg2/FaceRecognitionCS102/data/facedata/S00001_jereme/S00001_010.emb
[2025-11-09 16:05:06] SEVERE: Invalid embedding size: 2048, expected: 4096
[2025-11-09 16:05:06] WARNING: Skipping invalid embedding file: /Users/justinlimchunkiat/FundProg2/FaceRecognitionCS102/data/facedata/S00001_jereme/S00001_005.emb
[2025-11-09 16:05:06] SEVERE: Invalid embedding size: 2048, expected: 4096
[2025-11-09 16:05:06] WARNING: Skipping invalid embedding file: /Users/justinlimchunkiat/FundProg2/FaceRecognitionCS102/data/facedata/S00001_jereme/S00001_001.emb
[2025-11-09 16:05:06] SEVERE: Invalid embedding size: 2048, expected: 4096
[2025-11-09 16:05:06] WARNING: Skipping invalid embedding file: /Users/justinlimchunkiat/FundProg2/FaceRecognitionCS102/data/facedata/S00001_jereme/S00001_015.emb
[2025-11-09 16:05:06] SEVERE: Invalid embedding size: 2048, expected: 4096
[2025-11-09 16:05:06] WARNING: Skipping invalid embedding file: /Users/justinlimchunkiat/FundProg2/FaceRecognitionCS102/data/facedata/S00001_jereme/S00001_014.emb
[2025-11-09 16:05:06] SEVERE: Invalid embedding size: 2048, expected: 4096
[2025-11-09 16:05:06] WARNING: Skipping invalid embedding file: /Users/justinlimchunkiat/FundProg2/FaceRecognitionCS102/data/facedata/S00001_jereme/S00001_016.emb
[2025-11-09 16:05:06] SEVERE: Invalid embedding size: 2048, expected: 4096
[2025-11-09 16:05:06] WARNING: Skipping invalid embedding file: /Users/justinlimchunkiat/FundProg2/FaceRecognitionCS102/data/facedata/S00001_jereme/S00001_002.emb
[2025-11-09 16:05:06] SEVERE: Invalid embedding size: 2048, expected: 4096
[2025-11-09 16:05:06] WARNING: Skipping invalid embedding file: /Users/justinlimchunkiat/FundProg2/FaceRecognitionCS102/data/facedata/S00001_jereme/S00001_003.emb
[2025-11-09 16:05:06] INFO: Person S00001 - jereme: tightness=1.000, stdDev=0.000, absThresh.live=0.480 (training=0.550), margin=0.120
[2025-11-09 16:05:06] SEVERE: Invalid embedding size: 2048, expected: 4096
[2025-11-09 16:05:06] WARNING: Skipping invalid embedding file: /Users/justinlimchunkiat/FundProg2/FaceRecognitionCS102/data/facedata/S43231_Nic/S43231_018.emb
[2025-11-09 16:05:06] SEVERE: Invalid embedding size: 2048, expected: 4096
[2025-11-09 16:05:06] WARNING: Skipping invalid embedding file: /Users/justinlimchunkiat/FundProg2/FaceRecognitionCS102/data/facedata/S43231_Nic/S43231_019.emb
[2025-11-09 16:05:06] SEVERE: Invalid embedding size: 2048, expected: 4096
[2025-11-09 16:05:06] WARNING: Skipping invalid embedding file: /Users/justinlimchunkiat/FundProg2/FaceRecognitionCS102/data/facedata/S43231_Nic/S43231_009.emb
[2025-11-09 16:05:06] SEVERE: Invalid embedding size: 2048, expected: 4096
[2025-11-09 16:05:06] WARNING: Skipping invalid embedding file: /Users/justinlimchunkiat/FundProg2/FaceRecognitionCS102/data/facedata/S43231_Nic/S43231_008.emb
[2025-11-09 16:05:06] SEVERE: Invalid embedding size: 2048, expected: 4096
[2025-11-09 16:05:06] WARNING: Skipping invalid embedding file: /Users/justinlimchunkiat/FundProg2/FaceRecognitionCS102/data/facedata/S43231_Nic/S43231_005.emb
[2025-11-09 16:05:06] SEVERE: Invalid embedding size: 2048, expected: 4096
[2025-11-09 16:05:06] WARNING: Skipping invalid embedding file: /Users/justinlimchunkiat/FundProg2/FaceRecognitionCS102/data/facedata/S43231_Nic/S43231_010.emb
[2025-11-09 16:05:06] SEVERE: Invalid embedding size: 2048, expected: 4096
[2025-11-09 16:05:06] WARNING: Skipping invalid embedding file: /Users/justinlimchunkiat/FundProg2/FaceRecognitionCS102/data/facedata/S43231_Nic/S43231_012.emb
[2025-11-09 16:05:06] SEVERE: Invalid embedding size: 2048, expected: 4096
[2025-11-09 16:05:06] WARNING: Skipping invalid embedding file: /Users/justinlimchunkiat/FundProg2/FaceRecognitionCS102/data/facedata/S43231_Nic/S43231_006.emb
[2025-11-09 16:05:06] SEVERE: Invalid embedding size: 2048, expected: 4096
[2025-11-09 16:05:06] WARNING: Skipping invalid embedding file: /Users/justinlimchunkiat/FundProg2/FaceRecognitionCS102/data/facedata/S43231_Nic/S43231_007.emb
[2025-11-09 16:05:06] SEVERE: Invalid embedding size: 2048, expected: 4096
[2025-11-09 16:05:06] WARNING: Skipping invalid embedding file: /Users/justinlimchunkiat/FundProg2/FaceRecognitionCS102/data/facedata/S43231_Nic/S43231_013.emb
[2025-11-09 16:05:06] SEVERE: Invalid embedding size: 2048, expected: 4096
[2025-11-09 16:05:06] WARNING: Skipping invalid embedding file: /Users/justinlimchunkiat/FundProg2/FaceRecognitionCS102/data/facedata/S43231_Nic/S43231_017.emb
[2025-11-09 16:05:06] SEVERE: Invalid embedding size: 2048, expected: 4096
[2025-11-09 16:05:06] WARNING: Skipping invalid embedding file: /Users/justinlimchunkiat/FundProg2/FaceRecognitionCS102/data/facedata/S43231_Nic/S43231_002.emb
[2025-11-09 16:05:06] SEVERE: Invalid embedding size: 2048, expected: 4096
[2025-11-09 16:05:06] WARNING: Skipping invalid embedding file: /Users/justinlimchunkiat/FundProg2/FaceRecognitionCS102/data/facedata/S43231_Nic/S43231_016.emb
[2025-11-09 16:05:06] SEVERE: Invalid embedding size: 2048, expected: 4096
[2025-11-09 16:05:06] WARNING: Skipping invalid embedding file: /Users/justinlimchunkiat/FundProg2/FaceRecognitionCS102/data/facedata/S43231_Nic/S43231_014.emb
[2025-11-09 16:05:06] SEVERE: Invalid embedding size: 2048, expected: 4096
[2025-11-09 16:05:06] WARNING: Skipping invalid embedding file: /Users/justinlimchunkiat/FundProg2/FaceRecognitionCS102/data/facedata/S43231_Nic/S43231_015.emb
[2025-11-09 16:05:06] INFO: Person S43231 - Nic: tightness=1.000, stdDev=0.000, absThresh.live=0.480 (training=0.550), margin=0.120
[2025-11-09 16:05:06] SEVERE: Invalid embedding size: 2048, expected: 4096
[2025-11-09 16:05:06] WARNING: Skipping invalid embedding file: /Users/justinlimchunkiat/FundProg2/FaceRecognitionCS102/data/facedata/S12348_May/S12348_017.emb
[2025-11-09 16:05:06] SEVERE: Invalid embedding size: 2048, expected: 4096
[2025-11-09 16:05:06] WARNING: Skipping invalid embedding file: /Users/justinlimchunkiat/FundProg2/FaceRecognitionCS102/data/facedata/S12348_May/S12348_003.emb
[2025-11-09 16:05:06] SEVERE: Invalid embedding size: 2048, expected: 4096
[2025-11-09 16:05:06] WARNING: Skipping invalid embedding file: /Users/justinlimchunkiat/FundProg2/FaceRecognitionCS102/data/facedata/S12348_May/S12348_016.emb
[2025-11-09 16:05:06] SEVERE: Invalid embedding size: 2048, expected: 4096
[2025-11-09 16:05:06] WARNING: Skipping invalid embedding file: /Users/justinlimchunkiat/FundProg2/FaceRecognitionCS102/data/facedata/S12348_May/S12348_015.emb
[2025-11-09 16:05:06] SEVERE: Invalid embedding size: 2048, expected: 4096
[2025-11-09 16:05:06] WARNING: Skipping invalid embedding file: /Users/justinlimchunkiat/FundProg2/FaceRecognitionCS102/data/facedata/S12348_May/S12348_001.emb
[2025-11-09 16:05:06] SEVERE: Invalid embedding size: 2048, expected: 4096
[2025-11-09 16:05:06] WARNING: Skipping invalid embedding file: /Users/justinlimchunkiat/FundProg2/FaceRecognitionCS102/data/facedata/S12348_May/S12348_005.emb
[2025-11-09 16:05:06] SEVERE: Invalid embedding size: 2048, expected: 4096
[2025-11-09 16:05:06] WARNING: Skipping invalid embedding file: /Users/justinlimchunkiat/FundProg2/FaceRecognitionCS102/data/facedata/S12348_May/S12348_011.emb
[2025-11-09 16:05:06] SEVERE: Invalid embedding size: 2048, expected: 4096
[2025-11-09 16:05:06] WARNING: Skipping invalid embedding file: /Users/justinlimchunkiat/FundProg2/FaceRecognitionCS102/data/facedata/S12348_May/S12348_010.emb
[2025-11-09 16:05:06] SEVERE: Invalid embedding size: 2048, expected: 4096
[2025-11-09 16:05:06] WARNING: Skipping invalid embedding file: /Users/justinlimchunkiat/FundProg2/FaceRecognitionCS102/data/facedata/S12348_May/S12348_004.emb
[2025-11-09 16:05:06] SEVERE: Invalid embedding size: 2048, expected: 4096
[2025-11-09 16:05:06] WARNING: Skipping invalid embedding file: /Users/justinlimchunkiat/FundProg2/FaceRecognitionCS102/data/facedata/S12348_May/S12348_012.emb
[2025-11-09 16:05:06] SEVERE: Invalid embedding size: 2048, expected: 4096
[2025-11-09 16:05:06] WARNING: Skipping invalid embedding file: /Users/justinlimchunkiat/FundProg2/FaceRecognitionCS102/data/facedata/S12348_May/S12348_006.emb
[2025-11-09 16:05:06] SEVERE: Invalid embedding size: 2048, expected: 4096
[2025-11-09 16:05:06] WARNING: Skipping invalid embedding file: /Users/justinlimchunkiat/FundProg2/FaceRecognitionCS102/data/facedata/S12348_May/S12348_007.emb
[2025-11-09 16:05:06] SEVERE: Invalid embedding size: 2048, expected: 4096
[2025-11-09 16:05:06] WARNING: Skipping invalid embedding file: /Users/justinlimchunkiat/FundProg2/FaceRecognitionCS102/data/facedata/S12348_May/S12348_013.emb
[2025-11-09 16:05:06] SEVERE: Invalid embedding size: 2048, expected: 4096
[2025-11-09 16:05:06] WARNING: Skipping invalid embedding file: /Users/justinlimchunkiat/FundProg2/FaceRecognitionCS102/data/facedata/S12348_May/S12348_009.emb
[2025-11-09 16:05:06] SEVERE: Invalid embedding size: 2048, expected: 4096
[2025-11-09 16:05:06] WARNING: Skipping invalid embedding file: /Users/justinlimchunkiat/FundProg2/FaceRecognitionCS102/data/facedata/S12348_May/S12348_018.emb
[2025-11-09 16:05:06] SEVERE: Invalid embedding size: 2048, expected: 4096
[2025-11-09 16:05:06] WARNING: Skipping invalid embedding file: /Users/justinlimchunkiat/FundProg2/FaceRecognitionCS102/data/facedata/S12348_May/S12348_019.emb
[2025-11-09 16:05:06] INFO: Person S12348 - May: tightness=1.000, stdDev=0.000, absThresh.live=0.480 (training=0.550), margin=0.120
[2025-11-09 16:05:06] SEVERE: Invalid embedding size: 512, expected: 4096
[2025-11-09 16:05:06] WARNING: Skipping invalid embedding file: /Users/justinlimchunkiat/FundProg2/FaceRecognitionCS102/data/facedata/S00000_Nicholas/S00000_023.emb
[2025-11-09 16:05:06] SEVERE: Invalid embedding size: 512, expected: 4096
[2025-11-09 16:05:06] WARNING: Skipping invalid embedding file: /Users/justinlimchunkiat/FundProg2/FaceRecognitionCS102/data/facedata/S00000_Nicholas/S00000_022.emb
[2025-11-09 16:05:06] SEVERE: Invalid embedding size: 512, expected: 4096
[2025-11-09 16:05:06] WARNING: Skipping invalid embedding file: /Users/justinlimchunkiat/FundProg2/FaceRecognitionCS102/data/facedata/S00000_Nicholas/S00000_008.emb
[2025-11-09 16:05:06] SEVERE: Invalid embedding size: 512, expected: 4096
[2025-11-09 16:05:06] WARNING: Skipping invalid embedding file: /Users/justinlimchunkiat/FundProg2/FaceRecognitionCS102/data/facedata/S00000_Nicholas/S00000_020.emb
[2025-11-09 16:05:06] SEVERE: Invalid embedding size: 512, expected: 4096
[2025-11-09 16:05:06] WARNING: Skipping invalid embedding file: /Users/justinlimchunkiat/FundProg2/FaceRecognitionCS102/data/facedata/S00000_Nicholas/S00000_021.emb
[2025-11-09 16:05:06] SEVERE: Invalid embedding size: 512, expected: 4096
[2025-11-09 16:05:06] WARNING: Skipping invalid embedding file: /Users/justinlimchunkiat/FundProg2/FaceRecognitionCS102/data/facedata/S00000_Nicholas/S00000_019.emb
[2025-11-09 16:05:06] SEVERE: Invalid embedding size: 512, expected: 4096
[2025-11-09 16:05:06] WARNING: Skipping invalid embedding file: /Users/justinlimchunkiat/FundProg2/FaceRecognitionCS102/data/facedata/S00000_Nicholas/S00000_018.emb
[2025-11-09 16:05:06] SEVERE: Invalid embedding size: 512, expected: 4096
[2025-11-09 16:05:06] WARNING: Skipping invalid embedding file: /Users/justinlimchunkiat/FundProg2/FaceRecognitionCS102/data/facedata/S00000_Nicholas/S00000_024.emb
[2025-11-09 16:05:06] SEVERE: Invalid embedding size: 512, expected: 4096
[2025-11-09 16:05:06] WARNING: Skipping invalid embedding file: /Users/justinlimchunkiat/FundProg2/FaceRecognitionCS102/data/facedata/S00000_Nicholas/S00000_002.emb
[2025-11-09 16:05:06] SEVERE: Invalid embedding size: 512, expected: 4096
[2025-11-09 16:05:06] WARNING: Skipping invalid embedding file: /Users/justinlimchunkiat/FundProg2/FaceRecognitionCS102/data/facedata/S00000_Nicholas/S00000_016.emb
[2025-11-09 16:05:06] SEVERE: Invalid embedding size: 512, expected: 4096
[2025-11-09 16:05:06] WARNING: Skipping invalid embedding file: /Users/justinlimchunkiat/FundProg2/FaceRecognitionCS102/data/facedata/S00000_Nicholas/S00000_017.emb
[2025-11-09 16:05:06] SEVERE: Invalid embedding size: 512, expected: 4096
[2025-11-09 16:05:06] WARNING: Skipping invalid embedding file: /Users/justinlimchunkiat/FundProg2/FaceRecognitionCS102/data/facedata/S00000_Nicholas/S00000_003.emb
[2025-11-09 16:05:06] SEVERE: Invalid embedding size: 512, expected: 4096
[2025-11-09 16:05:06] WARNING: Skipping invalid embedding file: /Users/justinlimchunkiat/FundProg2/FaceRecognitionCS102/data/facedata/S00000_Nicholas/S00000_015.emb
[2025-11-09 16:05:06] SEVERE: Invalid embedding size: 512, expected: 4096
[2025-11-09 16:05:06] WARNING: Skipping invalid embedding file: /Users/justinlimchunkiat/FundProg2/FaceRecognitionCS102/data/facedata/S00000_Nicholas/S00000_001.emb
[2025-11-09 16:05:06] SEVERE: Invalid embedding size: 512, expected: 4096
[2025-11-09 16:05:06] WARNING: Skipping invalid embedding file: /Users/justinlimchunkiat/FundProg2/FaceRecognitionCS102/data/facedata/S00000_Nicholas/S00000_014.emb
[2025-11-09 16:05:06] SEVERE: Invalid embedding size: 512, expected: 4096
[2025-11-09 16:05:06] WARNING: Skipping invalid embedding file: /Users/justinlimchunkiat/FundProg2/FaceRecognitionCS102/data/facedata/S00000_Nicholas/S00000_010.emb
[2025-11-09 16:05:06] SEVERE: Invalid embedding size: 512, expected: 4096
[2025-11-09 16:05:06] WARNING: Skipping invalid embedding file: /Users/justinlimchunkiat/FundProg2/FaceRecognitionCS102/data/facedata/S00000_Nicholas/S00000_007.emb
[2025-11-09 16:05:06] SEVERE: Invalid embedding size: 512, expected: 4096
[2025-11-09 16:05:06] WARNING: Skipping invalid embedding file: /Users/justinlimchunkiat/FundProg2/FaceRecognitionCS102/data/facedata/S00000_Nicholas/S00000_013.emb
[2025-11-09 16:05:06] INFO: Person S00000 - Nicholas: tightness=1.000, stdDev=0.000, absThresh.live=0.480 (training=0.550), margin=0.120
[2025-11-09 16:05:06] SEVERE: Invalid embedding size: 2048, expected: 4096
[2025-11-09 16:05:06] WARNING: Skipping invalid embedding file: /Users/justinlimchunkiat/FundProg2/FaceRecognitionCS102/data/facedata/S12432_Jin_Rae/S12432_002.emb
[2025-11-09 16:05:06] SEVERE: Invalid embedding size: 2048, expected: 4096
[2025-11-09 16:05:06] WARNING: Skipping invalid embedding file: /Users/justinlimchunkiat/FundProg2/FaceRecognitionCS102/data/facedata/S12432_Jin_Rae/S12432_003.emb
[2025-11-09 16:05:06] SEVERE: Invalid embedding size: 2048, expected: 4096
[2025-11-09 16:05:06] WARNING: Skipping invalid embedding file: /Users/justinlimchunkiat/FundProg2/FaceRecognitionCS102/data/facedata/S12432_Jin_Rae/S12432_017.emb
[2025-11-09 16:05:06] SEVERE: Invalid embedding size: 2048, expected: 4096
[2025-11-09 16:05:06] WARNING: Skipping invalid embedding file: /Users/justinlimchunkiat/FundProg2/FaceRecognitionCS102/data/facedata/S12432_Jin_Rae/S12432_001.emb
[2025-11-09 16:05:06] SEVERE: Invalid embedding size: 2048, expected: 4096
[2025-11-09 16:05:06] WARNING: Skipping invalid embedding file: /Users/justinlimchunkiat/FundProg2/FaceRecognitionCS102/data/facedata/S12432_Jin_Rae/S12432_014.emb
[2025-11-09 16:05:06] SEVERE: Invalid embedding size: 2048, expected: 4096
[2025-11-09 16:05:06] WARNING: Skipping invalid embedding file: /Users/justinlimchunkiat/FundProg2/FaceRecognitionCS102/data/facedata/S12432_Jin_Rae/S12432_004.emb
[2025-11-09 16:05:06] SEVERE: Invalid embedding size: 2048, expected: 4096
[2025-11-09 16:05:06] WARNING: Skipping invalid embedding file: /Users/justinlimchunkiat/FundProg2/FaceRecognitionCS102/data/facedata/S12432_Jin_Rae/S12432_010.emb
[2025-11-09 16:05:06] SEVERE: Invalid embedding size: 2048, expected: 4096
[2025-11-09 16:05:06] WARNING: Skipping invalid embedding file: /Users/justinlimchunkiat/FundProg2/FaceRecognitionCS102/data/facedata/S12432_Jin_Rae/S12432_005.emb
[2025-11-09 16:05:06] SEVERE: Invalid embedding size: 2048, expected: 4096
[2025-11-09 16:05:06] WARNING: Skipping invalid embedding file: /Users/justinlimchunkiat/FundProg2/FaceRecognitionCS102/data/facedata/S12432_Jin_Rae/S12432_007.emb
[2025-11-09 16:05:06] SEVERE: Invalid embedding size: 2048, expected: 4096
[2025-11-09 16:05:06] WARNING: Skipping invalid embedding file: /Users/justinlimchunkiat/FundProg2/FaceRecognitionCS102/data/facedata/S12432_Jin_Rae/S12432_012.emb
[2025-11-09 16:05:06] SEVERE: Invalid embedding size: 2048, expected: 4096
[2025-11-09 16:05:06] WARNING: Skipping invalid embedding file: /Users/justinlimchunkiat/FundProg2/FaceRecognitionCS102/data/facedata/S12432_Jin_Rae/S12432_020.emb
[2025-11-09 16:05:06] SEVERE: Invalid embedding size: 2048, expected: 4096
[2025-11-09 16:05:06] WARNING: Skipping invalid embedding file: /Users/justinlimchunkiat/FundProg2/FaceRecognitionCS102/data/facedata/S12432_Jin_Rae/S12432_009.emb
[2025-11-09 16:05:06] SEVERE: Invalid embedding size: 2048, expected: 4096
[2025-11-09 16:05:06] WARNING: Skipping invalid embedding file: /Users/justinlimchunkiat/FundProg2/FaceRecognitionCS102/data/facedata/S12432_Jin_Rae/S12432_019.emb
[2025-11-09 16:05:06] SEVERE: Invalid embedding size: 2048, expected: 4096
[2025-11-09 16:05:06] WARNING: Skipping invalid embedding file: /Users/justinlimchunkiat/FundProg2/FaceRecognitionCS102/data/facedata/S12432_Jin_Rae/S12432_018.emb
[2025-11-09 16:05:06] INFO: Person S12432 - Jin_Rae: tightness=1.000, stdDev=0.000, absThresh.live=0.480 (training=0.550), margin=0.120
[2025-11-09 16:05:06] INFO: === Folder debug ===
[2025-11-09 16:05:06] INFO: Found folder: /Users/justinlimchunkiat/FundProg2/FaceRecognitionCS102/data/facedata/S12344_rome
[2025-11-09 16:05:06] INFO:   Contains: 28 items
[2025-11-09 16:05:06] INFO:   Display label: S12344 - rome
[2025-11-09 16:05:06] INFO: Found folder: /Users/justinlimchunkiat/FundProg2/FaceRecognitionCS102/data/facedata/S00001_jereme
[2025-11-09 16:05:06] INFO:   Contains: 32 items
[2025-11-09 16:05:06] INFO:   Display label: S00001 - jereme
[2025-11-09 16:05:06] INFO: Found folder: /Users/justinlimchunkiat/FundProg2/FaceRecognitionCS102/data/facedata/S43231_Nic
[2025-11-09 16:05:06] INFO:   Contains: 30 items
[2025-11-09 16:05:06] INFO:   Display label: S43231 - Nic
[2025-11-09 16:05:06] INFO: Found folder: /Users/justinlimchunkiat/FundProg2/FaceRecognitionCS102/data/facedata/S12348_May
[2025-11-09 16:05:06] INFO:   Contains: 32 items
[2025-11-09 16:05:06] INFO:   Display label: S12348 - May
[2025-11-09 16:05:06] INFO: Found folder: /Users/justinlimchunkiat/FundProg2/FaceRecognitionCS102/data/facedata/S00000_Nicholas
[2025-11-09 16:05:06] INFO:   Contains: 36 items
[2025-11-09 16:05:06] INFO:   Display label: S00000 - Nicholas
[2025-11-09 16:05:06] INFO: Found folder: /Users/justinlimchunkiat/FundProg2/FaceRecognitionCS102/data/facedata/S12432_Jin_Rae
[2025-11-09 16:05:06] INFO:   Contains: 28 items
[2025-11-09 16:05:06] INFO:   Display label: S12432 - Jin_Rae
[2025-11-09 16:05:06] INFO: ====================
[2025-11-09 16:05:06] SEVERE: Invalid embedding size: 2048, expected: 4096
[2025-11-09 16:05:06] WARNING: Skipping invalid embedding file: /Users/justinlimchunkiat/FundProg2/FaceRecognitionCS102/data/facedata/S12344_rome/S12344_019.emb
[2025-11-09 16:05:06] SEVERE: Invalid embedding size: 2048, expected: 4096
[2025-11-09 16:05:06] WARNING: Skipping invalid embedding file: /Users/justinlimchunkiat/FundProg2/FaceRecognitionCS102/data/facedata/S12344_rome/S12344_008.emb
[2025-11-09 16:05:06] SEVERE: Invalid embedding size: 2048, expected: 4096
[2025-11-09 16:05:06] WARNING: Skipping invalid embedding file: /Users/justinlimchunkiat/FundProg2/FaceRecognitionCS102/data/facedata/S12344_rome/S12344_020.emb
[2025-11-09 16:05:06] SEVERE: Invalid embedding size: 2048, expected: 4096
[2025-11-09 16:05:06] WARNING: Skipping invalid embedding file: /Users/justinlimchunkiat/FundProg2/FaceRecognitionCS102/data/facedata/S12344_rome/S12344_009.emb
[2025-11-09 16:05:06] SEVERE: Invalid embedding size: 2048, expected: 4096
[2025-11-09 16:05:06] WARNING: Skipping invalid embedding file: /Users/justinlimchunkiat/FundProg2/FaceRecognitionCS102/data/facedata/S12344_rome/S12344_004.emb
[2025-11-09 16:05:06] SEVERE: Invalid embedding size: 2048, expected: 4096
[2025-11-09 16:05:06] WARNING: Skipping invalid embedding file: /Users/justinlimchunkiat/FundProg2/FaceRecognitionCS102/data/facedata/S12344_rome/S12344_005.emb
[2025-11-09 16:05:06] SEVERE: Invalid embedding size: 2048, expected: 4096
[2025-11-09 16:05:06] WARNING: Skipping invalid embedding file: /Users/justinlimchunkiat/FundProg2/FaceRecognitionCS102/data/facedata/S12344_rome/S12344_011.emb
[2025-11-09 16:05:06] SEVERE: Invalid embedding size: 2048, expected: 4096
[2025-11-09 16:05:06] WARNING: Skipping invalid embedding file: /Users/justinlimchunkiat/FundProg2/FaceRecognitionCS102/data/facedata/S12344_rome/S12344_007.emb
[2025-11-09 16:05:06] SEVERE: Invalid embedding size: 2048, expected: 4096
[2025-11-09 16:05:06] WARNING: Skipping invalid embedding file: /Users/justinlimchunkiat/FundProg2/FaceRecognitionCS102/data/facedata/S12344_rome/S12344_006.emb
[2025-11-09 16:05:06] SEVERE: Invalid embedding size: 2048, expected: 4096
[2025-11-09 16:05:06] WARNING: Skipping invalid embedding file: /Users/justinlimchunkiat/FundProg2/FaceRecognitionCS102/data/facedata/S12344_rome/S12344_002.emb
[2025-11-09 16:05:06] SEVERE: Invalid embedding size: 2048, expected: 4096
[2025-11-09 16:05:06] WARNING: Skipping invalid embedding file: /Users/justinlimchunkiat/FundProg2/FaceRecognitionCS102/data/facedata/S12344_rome/S12344_017.emb
[2025-11-09 16:05:06] SEVERE: Invalid embedding size: 2048, expected: 4096
[2025-11-09 16:05:06] WARNING: Skipping invalid embedding file: /Users/justinlimchunkiat/FundProg2/FaceRecognitionCS102/data/facedata/S12344_rome/S12344_003.emb
[2025-11-09 16:05:06] SEVERE: Invalid embedding size: 2048, expected: 4096
[2025-11-09 16:05:06] WARNING: Skipping invalid embedding file: /Users/justinlimchunkiat/FundProg2/FaceRecognitionCS102/data/facedata/S12344_rome/S12344_001.emb
[2025-11-09 16:05:06] SEVERE: Invalid embedding size: 2048, expected: 4096
[2025-11-09 16:05:06] WARNING: Skipping invalid embedding file: /Users/justinlimchunkiat/FundProg2/FaceRecognitionCS102/data/facedata/S12344_rome/S12344_014.emb
[2025-11-09 16:05:06] INFO: Person S12344 - rome: tightness=1.000, stdDev=0.000, absThresh.live=0.480 (training=0.550), margin=0.120
[2025-11-09 16:05:06] SEVERE: Invalid embedding size: 2048, expected: 4096
[2025-11-09 16:05:06] WARNING: Skipping invalid embedding file: /Users/justinlimchunkiat/FundProg2/FaceRecognitionCS102/data/facedata/S00001_jereme/S00001_019.emb
[2025-11-09 16:05:06] SEVERE: Invalid embedding size: 2048, expected: 4096
[2025-11-09 16:05:06] WARNING: Skipping invalid embedding file: /Users/justinlimchunkiat/FundProg2/FaceRecognitionCS102/data/facedata/S00001_jereme/S00001_008.emb
[2025-11-09 16:05:06] SEVERE: Invalid embedding size: 2048, expected: 4096
[2025-11-09 16:05:06] WARNING: Skipping invalid embedding file: /Users/justinlimchunkiat/FundProg2/FaceRecognitionCS102/data/facedata/S00001_jereme/S00001_009.emb
[2025-11-09 16:05:06] SEVERE: Invalid embedding size: 2048, expected: 4096
[2025-11-09 16:05:06] WARNING: Skipping invalid embedding file: /Users/justinlimchunkiat/FundProg2/FaceRecognitionCS102/data/facedata/S00001_jereme/S00001_013.emb
[2025-11-09 16:05:06] SEVERE: Invalid embedding size: 2048, expected: 4096
[2025-11-09 16:05:06] WARNING: Skipping invalid embedding file: /Users/justinlimchunkiat/FundProg2/FaceRecognitionCS102/data/facedata/S00001_jereme/S00001_007.emb
[2025-11-09 16:05:06] SEVERE: Invalid embedding size: 2048, expected: 4096
[2025-11-09 16:05:06] WARNING: Skipping invalid embedding file: /Users/justinlimchunkiat/FundProg2/FaceRecognitionCS102/data/facedata/S00001_jereme/S00001_006.emb
[2025-11-09 16:05:06] SEVERE: Invalid embedding size: 2048, expected: 4096
[2025-11-09 16:05:06] WARNING: Skipping invalid embedding file: /Users/justinlimchunkiat/FundProg2/FaceRecognitionCS102/data/facedata/S00001_jereme/S00001_012.emb
[2025-11-09 16:05:06] SEVERE: Invalid embedding size: 2048, expected: 4096
[2025-11-09 16:05:06] WARNING: Skipping invalid embedding file: /Users/justinlimchunkiat/FundProg2/FaceRecognitionCS102/data/facedata/S00001_jereme/S00001_004.emb
[2025-11-09 16:05:06] SEVERE: Invalid embedding size: 2048, expected: 4096
[2025-11-09 16:05:06] WARNING: Skipping invalid embedding file: /Users/justinlimchunkiat/FundProg2/FaceRecognitionCS102/data/facedata/S00001_jereme/S00001_010.emb
[2025-11-09 16:05:06] SEVERE: Invalid embedding size: 2048, expected: 4096
[2025-11-09 16:05:06] WARNING: Skipping invalid embedding file: /Users/justinlimchunkiat/FundProg2/FaceRecognitionCS102/data/facedata/S00001_jereme/S00001_005.emb
[2025-11-09 16:05:06] SEVERE: Invalid embedding size: 2048, expected: 4096
[2025-11-09 16:05:06] WARNING: Skipping invalid embedding file: /Users/justinlimchunkiat/FundProg2/FaceRecognitionCS102/data/facedata/S00001_jereme/S00001_001.emb
[2025-11-09 16:05:06] SEVERE: Invalid embedding size: 2048, expected: 4096
[2025-11-09 16:05:06] WARNING: Skipping invalid embedding file: /Users/justinlimchunkiat/FundProg2/FaceRecognitionCS102/data/facedata/S00001_jereme/S00001_015.emb
[2025-11-09 16:05:06] SEVERE: Invalid embedding size: 2048, expected: 4096
[2025-11-09 16:05:06] WARNING: Skipping invalid embedding file: /Users/justinlimchunkiat/FundProg2/FaceRecognitionCS102/data/facedata/S00001_jereme/S00001_014.emb
[2025-11-09 16:05:06] SEVERE: Invalid embedding size: 2048, expected: 4096
[2025-11-09 16:05:06] WARNING: Skipping invalid embedding file: /Users/justinlimchunkiat/FundProg2/FaceRecognitionCS102/data/facedata/S00001_jereme/S00001_016.emb
[2025-11-09 16:05:06] SEVERE: Invalid embedding size: 2048, expected: 4096
[2025-11-09 16:05:06] WARNING: Skipping invalid embedding file: /Users/justinlimchunkiat/FundProg2/FaceRecognitionCS102/data/facedata/S00001_jereme/S00001_002.emb
[2025-11-09 16:05:06] SEVERE: Invalid embedding size: 2048, expected: 4096
[2025-11-09 16:05:06] WARNING: Skipping invalid embedding file: /Users/justinlimchunkiat/FundProg2/FaceRecognitionCS102/data/facedata/S00001_jereme/S00001_003.emb
[2025-11-09 16:05:06] INFO: Person S00001 - jereme: tightness=1.000, stdDev=0.000, absThresh.live=0.480 (training=0.550), margin=0.120
[2025-11-09 16:05:06] SEVERE: Invalid embedding size: 2048, expected: 4096
[2025-11-09 16:05:06] WARNING: Skipping invalid embedding file: /Users/justinlimchunkiat/FundProg2/FaceRecognitionCS102/data/facedata/S43231_Nic/S43231_018.emb
[2025-11-09 16:05:06] SEVERE: Invalid embedding size: 2048, expected: 4096
[2025-11-09 16:05:06] WARNING: Skipping invalid embedding file: /Users/justinlimchunkiat/FundProg2/FaceRecognitionCS102/data/facedata/S43231_Nic/S43231_019.emb
[2025-11-09 16:05:06] SEVERE: Invalid embedding size: 2048, expected: 4096
[2025-11-09 16:05:06] WARNING: Skipping invalid embedding file: /Users/justinlimchunkiat/FundProg2/FaceRecognitionCS102/data/facedata/S43231_Nic/S43231_009.emb
[2025-11-09 16:05:06] SEVERE: Invalid embedding size: 2048, expected: 4096
[2025-11-09 16:05:06] WARNING: Skipping invalid embedding file: /Users/justinlimchunkiat/FundProg2/FaceRecognitionCS102/data/facedata/S43231_Nic/S43231_008.emb
[2025-11-09 16:05:06] SEVERE: Invalid embedding size: 2048, expected: 4096
[2025-11-09 16:05:06] WARNING: Skipping invalid embedding file: /Users/justinlimchunkiat/FundProg2/FaceRecognitionCS102/data/facedata/S43231_Nic/S43231_005.emb
[2025-11-09 16:05:06] SEVERE: Invalid embedding size: 2048, expected: 4096
[2025-11-09 16:05:06] WARNING: Skipping invalid embedding file: /Users/justinlimchunkiat/FundProg2/FaceRecognitionCS102/data/facedata/S43231_Nic/S43231_010.emb
[2025-11-09 16:05:06] SEVERE: Invalid embedding size: 2048, expected: 4096
[2025-11-09 16:05:06] WARNING: Skipping invalid embedding file: /Users/justinlimchunkiat/FundProg2/FaceRecognitionCS102/data/facedata/S43231_Nic/S43231_012.emb
[2025-11-09 16:05:06] SEVERE: Invalid embedding size: 2048, expected: 4096
[2025-11-09 16:05:06] WARNING: Skipping invalid embedding file: /Users/justinlimchunkiat/FundProg2/FaceRecognitionCS102/data/facedata/S43231_Nic/S43231_006.emb
[2025-11-09 16:05:06] SEVERE: Invalid embedding size: 2048, expected: 4096
[2025-11-09 16:05:06] WARNING: Skipping invalid embedding file: /Users/justinlimchunkiat/FundProg2/FaceRecognitionCS102/data/facedata/S43231_Nic/S43231_007.emb
[2025-11-09 16:05:06] SEVERE: Invalid embedding size: 2048, expected: 4096
[2025-11-09 16:05:06] WARNING: Skipping invalid embedding file: /Users/justinlimchunkiat/FundProg2/FaceRecognitionCS102/data/facedata/S43231_Nic/S43231_013.emb
[2025-11-09 16:05:06] SEVERE: Invalid embedding size: 2048, expected: 4096
[2025-11-09 16:05:06] WARNING: Skipping invalid embedding file: /Users/justinlimchunkiat/FundProg2/FaceRecognitionCS102/data/facedata/S43231_Nic/S43231_017.emb
[2025-11-09 16:05:06] SEVERE: Invalid embedding size: 2048, expected: 4096
[2025-11-09 16:05:06] WARNING: Skipping invalid embedding file: /Users/justinlimchunkiat/FundProg2/FaceRecognitionCS102/data/facedata/S43231_Nic/S43231_002.emb
[2025-11-09 16:05:06] SEVERE: Invalid embedding size: 2048, expected: 4096
[2025-11-09 16:05:06] WARNING: Skipping invalid embedding file: /Users/justinlimchunkiat/FundProg2/FaceRecognitionCS102/data/facedata/S43231_Nic/S43231_016.emb
[2025-11-09 16:05:06] SEVERE: Invalid embedding size: 2048, expected: 4096
[2025-11-09 16:05:06] WARNING: Skipping invalid embedding file: /Users/justinlimchunkiat/FundProg2/FaceRecognitionCS102/data/facedata/S43231_Nic/S43231_014.emb
[2025-11-09 16:05:06] SEVERE: Invalid embedding size: 2048, expected: 4096
[2025-11-09 16:05:06] WARNING: Skipping invalid embedding file: /Users/justinlimchunkiat/FundProg2/FaceRecognitionCS102/data/facedata/S43231_Nic/S43231_015.emb
[2025-11-09 16:05:06] INFO: Person S43231 - Nic: tightness=1.000, stdDev=0.000, absThresh.live=0.480 (training=0.550), margin=0.120
[2025-11-09 16:05:06] SEVERE: Invalid embedding size: 2048, expected: 4096
[2025-11-09 16:05:06] WARNING: Skipping invalid embedding file: /Users/justinlimchunkiat/FundProg2/FaceRecognitionCS102/data/facedata/S12348_May/S12348_017.emb
[2025-11-09 16:05:06] SEVERE: Invalid embedding size: 2048, expected: 4096
[2025-11-09 16:05:06] WARNING: Skipping invalid embedding file: /Users/justinlimchunkiat/FundProg2/FaceRecognitionCS102/data/facedata/S12348_May/S12348_003.emb
[2025-11-09 16:05:06] SEVERE: Invalid embedding size: 2048, expected: 4096
[2025-11-09 16:05:06] WARNING: Skipping invalid embedding file: /Users/justinlimchunkiat/FundProg2/FaceRecognitionCS102/data/facedata/S12348_May/S12348_016.emb
[2025-11-09 16:05:06] SEVERE: Invalid embedding size: 2048, expected: 4096
[2025-11-09 16:05:06] WARNING: Skipping invalid embedding file: /Users/justinlimchunkiat/FundProg2/FaceRecognitionCS102/data/facedata/S12348_May/S12348_015.emb
[2025-11-09 16:05:06] SEVERE: Invalid embedding size: 2048, expected: 4096
[2025-11-09 16:05:06] WARNING: Skipping invalid embedding file: /Users/justinlimchunkiat/FundProg2/FaceRecognitionCS102/data/facedata/S12348_May/S12348_001.emb
[2025-11-09 16:05:06] SEVERE: Invalid embedding size: 2048, expected: 4096
[2025-11-09 16:05:06] WARNING: Skipping invalid embedding file: /Users/justinlimchunkiat/FundProg2/FaceRecognitionCS102/data/facedata/S12348_May/S12348_005.emb
[2025-11-09 16:05:06] SEVERE: Invalid embedding size: 2048, expected: 4096
[2025-11-09 16:05:06] WARNING: Skipping invalid embedding file: /Users/justinlimchunkiat/FundProg2/FaceRecognitionCS102/data/facedata/S12348_May/S12348_011.emb
[2025-11-09 16:05:06] SEVERE: Invalid embedding size: 2048, expected: 4096
[2025-11-09 16:05:06] WARNING: Skipping invalid embedding file: /Users/justinlimchunkiat/FundProg2/FaceRecognitionCS102/data/facedata/S12348_May/S12348_010.emb
[2025-11-09 16:05:06] SEVERE: Invalid embedding size: 2048, expected: 4096
[2025-11-09 16:05:06] WARNING: Skipping invalid embedding file: /Users/justinlimchunkiat/FundProg2/FaceRecognitionCS102/data/facedata/S12348_May/S12348_004.emb
[2025-11-09 16:05:06] SEVERE: Invalid embedding size: 2048, expected: 4096
[2025-11-09 16:05:06] WARNING: Skipping invalid embedding file: /Users/justinlimchunkiat/FundProg2/FaceRecognitionCS102/data/facedata/S12348_May/S12348_012.emb
[2025-11-09 16:05:06] SEVERE: Invalid embedding size: 2048, expected: 4096
[2025-11-09 16:05:06] WARNING: Skipping invalid embedding file: /Users/justinlimchunkiat/FundProg2/FaceRecognitionCS102/data/facedata/S12348_May/S12348_006.emb
[2025-11-09 16:05:06] SEVERE: Invalid embedding size: 2048, expected: 4096
[2025-11-09 16:05:06] WARNING: Skipping invalid embedding file: /Users/justinlimchunkiat/FundProg2/FaceRecognitionCS102/data/facedata/S12348_May/S12348_007.emb
[2025-11-09 16:05:06] SEVERE: Invalid embedding size: 2048, expected: 4096
[2025-11-09 16:05:06] WARNING: Skipping invalid embedding file: /Users/justinlimchunkiat/FundProg2/FaceRecognitionCS102/data/facedata/S12348_May/S12348_013.emb
[2025-11-09 16:05:06] SEVERE: Invalid embedding size: 2048, expected: 4096
[2025-11-09 16:05:06] WARNING: Skipping invalid embedding file: /Users/justinlimchunkiat/FundProg2/FaceRecognitionCS102/data/facedata/S12348_May/S12348_009.emb
[2025-11-09 16:05:06] SEVERE: Invalid embedding size: 2048, expected: 4096
[2025-11-09 16:05:06] WARNING: Skipping invalid embedding file: /Users/justinlimchunkiat/FundProg2/FaceRecognitionCS102/data/facedata/S12348_May/S12348_018.emb
[2025-11-09 16:05:06] SEVERE: Invalid embedding size: 2048, expected: 4096
[2025-11-09 16:05:06] WARNING: Skipping invalid embedding file: /Users/justinlimchunkiat/FundProg2/FaceRecognitionCS102/data/facedata/S12348_May/S12348_019.emb
[2025-11-09 16:05:06] INFO: Person S12348 - May: tightness=1.000, stdDev=0.000, absThresh.live=0.480 (training=0.550), margin=0.120
[2025-11-09 16:05:06] SEVERE: Invalid embedding size: 512, expected: 4096
[2025-11-09 16:05:06] WARNING: Skipping invalid embedding file: /Users/justinlimchunkiat/FundProg2/FaceRecognitionCS102/data/facedata/S00000_Nicholas/S00000_023.emb
[2025-11-09 16:05:06] SEVERE: Invalid embedding size: 512, expected: 4096
[2025-11-09 16:05:06] WARNING: Skipping invalid embedding file: /Users/justinlimchunkiat/FundProg2/FaceRecognitionCS102/data/facedata/S00000_Nicholas/S00000_022.emb
[2025-11-09 16:05:06] SEVERE: Invalid embedding size: 512, expected: 4096
[2025-11-09 16:05:06] WARNING: Skipping invalid embedding file: /Users/justinlimchunkiat/FundProg2/FaceRecognitionCS102/data/facedata/S00000_Nicholas/S00000_008.emb
[2025-11-09 16:05:06] SEVERE: Invalid embedding size: 512, expected: 4096
[2025-11-09 16:05:06] WARNING: Skipping invalid embedding file: /Users/justinlimchunkiat/FundProg2/FaceRecognitionCS102/data/facedata/S00000_Nicholas/S00000_020.emb
[2025-11-09 16:05:06] SEVERE: Invalid embedding size: 512, expected: 4096
[2025-11-09 16:05:06] WARNING: Skipping invalid embedding file: /Users/justinlimchunkiat/FundProg2/FaceRecognitionCS102/data/facedata/S00000_Nicholas/S00000_021.emb
[2025-11-09 16:05:06] SEVERE: Invalid embedding size: 512, expected: 4096
[2025-11-09 16:05:06] WARNING: Skipping invalid embedding file: /Users/justinlimchunkiat/FundProg2/FaceRecognitionCS102/data/facedata/S00000_Nicholas/S00000_019.emb
[2025-11-09 16:05:06] SEVERE: Invalid embedding size: 512, expected: 4096
[2025-11-09 16:05:06] WARNING: Skipping invalid embedding file: /Users/justinlimchunkiat/FundProg2/FaceRecognitionCS102/data/facedata/S00000_Nicholas/S00000_018.emb
[2025-11-09 16:05:06] SEVERE: Invalid embedding size: 512, expected: 4096
[2025-11-09 16:05:06] WARNING: Skipping invalid embedding file: /Users/justinlimchunkiat/FundProg2/FaceRecognitionCS102/data/facedata/S00000_Nicholas/S00000_024.emb
[2025-11-09 16:05:06] SEVERE: Invalid embedding size: 512, expected: 4096
[2025-11-09 16:05:06] WARNING: Skipping invalid embedding file: /Users/justinlimchunkiat/FundProg2/FaceRecognitionCS102/data/facedata/S00000_Nicholas/S00000_002.emb
[2025-11-09 16:05:06] SEVERE: Invalid embedding size: 512, expected: 4096
[2025-11-09 16:05:06] WARNING: Skipping invalid embedding file: /Users/justinlimchunkiat/FundProg2/FaceRecognitionCS102/data/facedata/S00000_Nicholas/S00000_016.emb
[2025-11-09 16:05:06] SEVERE: Invalid embedding size: 512, expected: 4096
[2025-11-09 16:05:06] WARNING: Skipping invalid embedding file: /Users/justinlimchunkiat/FundProg2/FaceRecognitionCS102/data/facedata/S00000_Nicholas/S00000_017.emb
[2025-11-09 16:05:06] SEVERE: Invalid embedding size: 512, expected: 4096
[2025-11-09 16:05:06] WARNING: Skipping invalid embedding file: /Users/justinlimchunkiat/FundProg2/FaceRecognitionCS102/data/facedata/S00000_Nicholas/S00000_003.emb
[2025-11-09 16:05:06] SEVERE: Invalid embedding size: 512, expected: 4096
[2025-11-09 16:05:06] WARNING: Skipping invalid embedding file: /Users/justinlimchunkiat/FundProg2/FaceRecognitionCS102/data/facedata/S00000_Nicholas/S00000_015.emb
[2025-11-09 16:05:06] SEVERE: Invalid embedding size: 512, expected: 4096
[2025-11-09 16:05:06] WARNING: Skipping invalid embedding file: /Users/justinlimchunkiat/FundProg2/FaceRecognitionCS102/data/facedata/S00000_Nicholas/S00000_001.emb
[2025-11-09 16:05:06] SEVERE: Invalid embedding size: 512, expected: 4096
[2025-11-09 16:05:06] WARNING: Skipping invalid embedding file: /Users/justinlimchunkiat/FundProg2/FaceRecognitionCS102/data/facedata/S00000_Nicholas/S00000_014.emb
[2025-11-09 16:05:06] SEVERE: Invalid embedding size: 512, expected: 4096
[2025-11-09 16:05:06] WARNING: Skipping invalid embedding file: /Users/justinlimchunkiat/FundProg2/FaceRecognitionCS102/data/facedata/S00000_Nicholas/S00000_010.emb
[2025-11-09 16:05:06] SEVERE: Invalid embedding size: 512, expected: 4096
[2025-11-09 16:05:06] WARNING: Skipping invalid embedding file: /Users/justinlimchunkiat/FundProg2/FaceRecognitionCS102/data/facedata/S00000_Nicholas/S00000_007.emb
[2025-11-09 16:05:06] SEVERE: Invalid embedding size: 512, expected: 4096
[2025-11-09 16:05:06] WARNING: Skipping invalid embedding file: /Users/justinlimchunkiat/FundProg2/FaceRecognitionCS102/data/facedata/S00000_Nicholas/S00000_013.emb
[2025-11-09 16:05:06] INFO: Person S00000 - Nicholas: tightness=1.000, stdDev=0.000, absThresh.live=0.480 (training=0.550), margin=0.120
[2025-11-09 16:05:06] SEVERE: Invalid embedding size: 2048, expected: 4096
[2025-11-09 16:05:06] WARNING: Skipping invalid embedding file: /Users/justinlimchunkiat/FundProg2/FaceRecognitionCS102/data/facedata/S12432_Jin_Rae/S12432_002.emb
[2025-11-09 16:05:06] SEVERE: Invalid embedding size: 2048, expected: 4096
[2025-11-09 16:05:06] WARNING: Skipping invalid embedding file: /Users/justinlimchunkiat/FundProg2/FaceRecognitionCS102/data/facedata/S12432_Jin_Rae/S12432_003.emb
[2025-11-09 16:05:06] SEVERE: Invalid embedding size: 2048, expected: 4096
[2025-11-09 16:05:06] WARNING: Skipping invalid embedding file: /Users/justinlimchunkiat/FundProg2/FaceRecognitionCS102/data/facedata/S12432_Jin_Rae/S12432_017.emb
[2025-11-09 16:05:06] SEVERE: Invalid embedding size: 2048, expected: 4096
[2025-11-09 16:05:06] WARNING: Skipping invalid embedding file: /Users/justinlimchunkiat/FundProg2/FaceRecognitionCS102/data/facedata/S12432_Jin_Rae/S12432_001.emb
[2025-11-09 16:05:06] SEVERE: Invalid embedding size: 2048, expected: 4096
[2025-11-09 16:05:06] WARNING: Skipping invalid embedding file: /Users/justinlimchunkiat/FundProg2/FaceRecognitionCS102/data/facedata/S12432_Jin_Rae/S12432_014.emb
[2025-11-09 16:05:06] SEVERE: Invalid embedding size: 2048, expected: 4096
[2025-11-09 16:05:06] WARNING: Skipping invalid embedding file: /Users/justinlimchunkiat/FundProg2/FaceRecognitionCS102/data/facedata/S12432_Jin_Rae/S12432_004.emb
[2025-11-09 16:05:06] SEVERE: Invalid embedding size: 2048, expected: 4096
[2025-11-09 16:05:06] WARNING: Skipping invalid embedding file: /Users/justinlimchunkiat/FundProg2/FaceRecognitionCS102/data/facedata/S12432_Jin_Rae/S12432_010.emb
[2025-11-09 16:05:06] SEVERE: Invalid embedding size: 2048, expected: 4096
[2025-11-09 16:05:06] WARNING: Skipping invalid embedding file: /Users/justinlimchunkiat/FundProg2/FaceRecognitionCS102/data/facedata/S12432_Jin_Rae/S12432_005.emb
[2025-11-09 16:05:06] SEVERE: Invalid embedding size: 2048, expected: 4096
[2025-11-09 16:05:06] WARNING: Skipping invalid embedding file: /Users/justinlimchunkiat/FundProg2/FaceRecognitionCS102/data/facedata/S12432_Jin_Rae/S12432_007.emb
[2025-11-09 16:05:06] SEVERE: Invalid embedding size: 2048, expected: 4096
[2025-11-09 16:05:06] WARNING: Skipping invalid embedding file: /Users/justinlimchunkiat/FundProg2/FaceRecognitionCS102/data/facedata/S12432_Jin_Rae/S12432_012.emb
[2025-11-09 16:05:06] SEVERE: Invalid embedding size: 2048, expected: 4096
[2025-11-09 16:05:06] WARNING: Skipping invalid embedding file: /Users/justinlimchunkiat/FundProg2/FaceRecognitionCS102/data/facedata/S12432_Jin_Rae/S12432_020.emb
[2025-11-09 16:05:06] SEVERE: Invalid embedding size: 2048, expected: 4096
[2025-11-09 16:05:06] WARNING: Skipping invalid embedding file: /Users/justinlimchunkiat/FundProg2/FaceRecognitionCS102/data/facedata/S12432_Jin_Rae/S12432_009.emb
[2025-11-09 16:05:06] SEVERE: Invalid embedding size: 2048, expected: 4096
[2025-11-09 16:05:06] WARNING: Skipping invalid embedding file: /Users/justinlimchunkiat/FundProg2/FaceRecognitionCS102/data/facedata/S12432_Jin_Rae/S12432_019.emb
[2025-11-09 16:05:06] SEVERE: Invalid embedding size: 2048, expected: 4096
[2025-11-09 16:05:06] WARNING: Skipping invalid embedding file: /Users/justinlimchunkiat/FundProg2/FaceRecognitionCS102/data/facedata/S12432_Jin_Rae/S12432_018.emb
[2025-11-09 16:05:06] INFO: Person S12432 - Jin_Rae: tightness=1.000, stdDev=0.000, absThresh.live=0.480 (training=0.550), margin=0.120
[2025-11-09 16:05:06] INFO: DNN face detector loaded successfully for recognition
[2025-11-09 16:05:06] INFO: Attempting camera index 0 with AVFOUNDATION backend...
[2025-11-09 16:05:06] WARNING: Failed to open camera: index 0 with AVFOUNDATION
[2025-11-09 16:05:06] INFO: Attempting camera index 0 with ANY backend...
[2025-11-09 16:05:06] WARNING: Failed to open camera: index 0 with ANY
[2025-11-09 16:05:06] INFO: Attempting camera index 1 with AVFOUNDATION backend...
[2025-11-09 16:05:06] WARNING: Failed to open camera: index 1 with AVFOUNDATION
[2025-11-09 16:05:07] INFO: Attempting camera index 1 with ANY backend...
[2025-11-09 16:05:07] WARNING: Failed to open camera: index 1 with ANY
[2025-11-09 16:05:07] INFO: Attempting camera index 2 with AVFOUNDATION backend...
[2025-11-09 16:05:07] WARNING: Failed to open camera: index 2 with AVFOUNDATION
[2025-11-09 16:05:07] INFO: Attempting camera index 2 with ANY backend...
[2025-11-09 16:05:07] WARNING: Failed to open camera: index 2 with ANY
[2025-11-09 16:05:07] INFO: Attempting camera index 3 with AVFOUNDATION backend...
[2025-11-09 16:05:07] WARNING: Failed to open camera: index 3 with AVFOUNDATION
[2025-11-09 16:05:07] INFO: Attempting camera index 3 with ANY backend...
[2025-11-09 16:05:07] WARNING: Failed to open camera: index 3 with ANY
[2025-11-09 16:05:07] INFO: Attempting camera index 4 with AVFOUNDATION backend...
[2025-11-09 16:05:07] WARNING: Failed to open camera: index 4 with AVFOUNDATION
[2025-11-09 16:05:07] INFO: Attempting camera index 4 with ANY backend...
[2025-11-09 16:05:07] WARNING: Failed to open camera: index 4 with ANY
[2025-11-09 16:05:08] SEVERE: All camera initialization attempts failed!
[2025-11-09 16:05:08] SEVERE: Error opening webcam with all backends!
[2025-11-09 16:05:08] SEVERE: Failed to launch Live Recognition Viewer: Camera Initialization failed.
[2025-11-09 16:05:08] SEVERE: java.lang.RuntimeException: Camera Initialization failed.
[2025-11-09 16:05:08] SEVERE: 	at gui.recognition.LiveRecognitionViewer.initializeOpenCV(LiveRecognitionViewer.java:177)
[2025-11-09 16:05:08] SEVERE: 	at gui.recognition.LiveRecognitionViewer.<init>(LiveRecognitionViewer.java:75)
[2025-11-09 16:05:08] SEVERE: 	at app.FaceRecognitionApp.lambda$main$0(FaceRecognitionApp.java:37)
[2025-11-09 16:05:08] SEVERE: 	at java.desktop/java.awt.event.InvocationEvent.dispatch(InvocationEvent.java:318)
[2025-11-09 16:05:08] SEVERE: 	at java.desktop/java.awt.EventQueue.dispatchEventImpl(EventQueue.java:723)
[2025-11-09 16:05:08] SEVERE: 	at java.desktop/java.awt.EventQueue.dispatchEvent(EventQueue.java:702)
[2025-11-09 16:05:08] SEVERE: 	at java.desktop/java.awt.EventDispatchThread.pumpOneEventForFilters(EventDispatchThread.java:203)
[2025-11-09 16:05:08] SEVERE: 	at java.desktop/java.awt.EventDispatchThread.pumpEventsForFilter(EventDispatchThread.java:124)
[2025-11-09 16:05:08] SEVERE: 	at java.desktop/java.awt.EventDispatchThread.pumpEventsForHierarchy(EventDispatchThread.java:113)
[2025-11-09 16:05:08] SEVERE: 	at java.desktop/java.awt.EventDispatchThread.pumpEvents(EventDispatchThread.java:109)
[2025-11-09 16:05:08] SEVERE: 	at java.desktop/java.awt.EventDispatchThread.pumpEvents(EventDispatchThread.java:101)
[2025-11-09 16:05:08] SEVERE: 	at java.desktop/java.awt.EventDispatchThread.run(EventDispatchThread.java:90)
