[2025-11-10 01:07:38] INFO: Application Logger Initialized.
[2025-11-10 01:07:38] INFO: Logging in as Admin with ID: 123
[2025-11-10 01:07:40] INFO: app.properties normalized (57 entries).
[2025-11-10 01:07:40] INFO: Configuration loaded from file: /Users/justinlimchunkiat/FundProg2/FaceRecognitionCS102/app.properties
[2025-11-10 01:07:40] INFO: Session CS102-G2-G1 is now closed.
[2025-11-10 01:07:40] INFO: Session CS102-G2 is now closed.
[2025-11-10 01:07:40] INFO: Session CS102-G2 is now closed.
[2025-11-10 01:07:40] INFO: Session CS102-G2 Special class is now closed.
[2025-11-10 01:07:40] INFO: Session test is now closed.
[2025-11-10 01:07:40] INFO: Session CS104 Discrete Mathematics is now closed.
[2025-11-10 01:07:40] INFO: Session Test@Playground is now open.
[2025-11-10 01:07:40] INFO: Session CS101 is now open.
[2025-11-10 01:07:40] INFO: Session test2 is now closed.
[2025-11-10 01:07:40] INFO: Session test_mark_attendance is now open.
[2025-11-10 01:07:40] INFO: Session CS104-G2 is now open.
[2025-11-10 01:07:40] INFO: Session CS104-G3 is now open.
[2025-11-10 01:07:40] INFO: Next Session ID: 14
[2025-11-10 01:07:41] INFO: Session CS102-G2-G1 is now closed.
[2025-11-10 01:07:41] INFO: Session CS102-G2 is now closed.
[2025-11-10 01:07:41] INFO: Session CS102-G2 is now closed.
[2025-11-10 01:07:41] INFO: Session CS102-G2 Special class is now closed.
[2025-11-10 01:07:41] INFO: Session test is now closed.
[2025-11-10 01:07:41] INFO: Session CS104 Discrete Mathematics is now closed.
[2025-11-10 01:07:41] INFO: Session Test@Playground is now open.
[2025-11-10 01:07:41] INFO: Session CS101 is now open.
[2025-11-10 01:07:41] INFO: Session test2 is now closed.
[2025-11-10 01:07:41] INFO: Session test_mark_attendance is now open.
[2025-11-10 01:07:41] INFO: Session CS104-G2 is now open.
[2025-11-10 01:07:41] INFO: Session CS104-G3 is now open.
[2025-11-10 01:07:41] INFO: Next Session ID: 14
[2025-11-10 01:08:39] INFO: Inserted session ID 14 into database.
[2025-11-10 01:08:39] INFO: 14 Created session: test@home1
[2025-11-10 01:08:50] INFO: Double-clicked row: 12
[2025-11-10 01:08:50] INFO: Selected session ID: 14
[2025-11-10 01:08:50] INFO: Refreshing roster table
[2025-11-10 01:08:50] INFO: Loaded 0 students into session test@home1
[2025-11-10 01:09:03] INFO: DB insert success: true
[2025-11-10 01:09:04] INFO: Refreshing roster table
[2025-11-10 01:09:04] INFO: Session test@home1 is now closed.
[2025-11-10 01:09:04] INFO: Loaded 1 students into session test@home1
[2025-11-10 01:09:15] INFO: Double-clicked row: 12
[2025-11-10 01:09:15] INFO: Selected session ID: 14
[2025-11-10 01:09:15] INFO: Refreshing roster table
[2025-11-10 01:09:16] INFO: Session test@home1 is now closed.
[2025-11-10 01:09:16] INFO: Loaded 1 students into session test@home1
[2025-11-10 01:09:25] INFO: Session test@home1 is now closed.
[2025-11-10 01:09:25] INFO: Loaded 1 students into session test@home1
[2025-11-10 01:09:25] INFO: Session test@home1 is now open.
[2025-11-10 01:09:25] WARNING: Configured preprocessing.min_sharpness_threshold 80.0 is too strict; using 60.0 instead for better tolerance.
[2025-11-10 01:09:25] INFO: OpenCV native library loaded successfully from absolute path: /Users/justinlimchunkiat/FundProg2/FaceRecognitionCS102/lib/libopencv_java4130.dylib
[2025-11-10 01:09:25] INFO: PostgreSQL JDBC driver loaded successfully
[2025-11-10 01:09:25] INFO: Apache POI libraries loaded successfully
[2025-11-10 01:09:25] INFO: Logging frameworks loaded successfully
[2025-11-10 01:09:25] INFO: Apache Commons libraries loaded successfully
[2025-11-10 01:09:25] INFO: All external modules loaded successfully
[2025-11-10 01:09:25] INFO: ✓ FaceAligner initialized with 5-point alignment support
[2025-11-10 01:09:25] INFO: ✅ ArcFace ResNet100 model loaded successfully
[2025-11-10 01:09:25] INFO: ✓ FaceAligner initialized with 5-point alignment support
[2025-11-10 01:09:25] INFO: ✓ FaceAligner initialized with 5-point alignment support
[2025-11-10 01:09:25] INFO: === Folder debug ===
[2025-11-10 01:09:25] INFO: Found folder: /Users/justinlimchunkiat/FundProg2/FaceRecognitionCS102/data/facedata/S23465_Jodie
[2025-11-10 01:09:25] INFO:   Contains: 28 items
[2025-11-10 01:09:25] INFO:   Display label: S23465 - Jodie
[2025-11-10 01:09:25] INFO: Found folder: /Users/justinlimchunkiat/FundProg2/FaceRecognitionCS102/data/facedata/S12344_rome
[2025-11-10 01:09:25] INFO:   Contains: 28 items
[2025-11-10 01:09:25] INFO:   Display label: S12344 - rome
[2025-11-10 01:09:25] INFO: Found folder: /Users/justinlimchunkiat/FundProg2/FaceRecognitionCS102/data/facedata/S23443_Haggai
[2025-11-10 01:09:25] INFO:   Contains: 32 items
[2025-11-10 01:09:25] INFO:   Display label: S23443 - Haggai
[2025-11-10 01:09:25] INFO: Found folder: /Users/justinlimchunkiat/FundProg2/FaceRecognitionCS102/data/facedata/S00001_jereme
[2025-11-10 01:09:25] INFO:   Contains: 32 items
[2025-11-10 01:09:25] INFO:   Display label: S00001 - jereme
[2025-11-10 01:09:25] INFO: Found folder: /Users/justinlimchunkiat/FundProg2/FaceRecognitionCS102/data/facedata/S43231_Nic
[2025-11-10 01:09:25] INFO:   Contains: 30 items
[2025-11-10 01:09:25] INFO:   Display label: S43231 - Nic
[2025-11-10 01:09:25] INFO: Found folder: /Users/justinlimchunkiat/FundProg2/FaceRecognitionCS102/data/facedata/S12348_May
[2025-11-10 01:09:25] INFO:   Contains: 32 items
[2025-11-10 01:09:25] INFO:   Display label: S12348 - May
[2025-11-10 01:09:25] INFO: Found folder: /Users/justinlimchunkiat/FundProg2/FaceRecognitionCS102/data/facedata/S67865_Zhi_Hean
[2025-11-10 01:09:25] INFO:   Contains: 30 items
[2025-11-10 01:09:25] INFO:   Display label: S67865 - Zhi_Hean
[2025-11-10 01:09:25] INFO: Found folder: /Users/justinlimchunkiat/FundProg2/FaceRecognitionCS102/data/facedata/S67898_Allan
[2025-11-10 01:09:25] INFO:   Contains: 30 items
[2025-11-10 01:09:25] INFO:   Display label: S67898 - Allan
[2025-11-10 01:09:25] INFO: Found folder: /Users/justinlimchunkiat/FundProg2/FaceRecognitionCS102/data/facedata/S00000_Nicholas
[2025-11-10 01:09:25] INFO:   Contains: 36 items
[2025-11-10 01:09:25] INFO:   Display label: S00000 - Nicholas
[2025-11-10 01:09:25] INFO: Found folder: /Users/justinlimchunkiat/FundProg2/FaceRecognitionCS102/data/facedata/S99999_Justin_Lim
[2025-11-10 01:09:25] INFO:   Contains: 30 items
[2025-11-10 01:09:25] INFO:   Display label: S99999 - Justin_Lim
[2025-11-10 01:09:25] INFO: Found folder: /Users/justinlimchunkiat/FundProg2/FaceRecognitionCS102/data/facedata/S98765_Cheng_Feng
[2025-11-10 01:09:25] INFO:   Contains: 28 items
[2025-11-10 01:09:25] INFO:   Display label: S98765 - Cheng_Feng
[2025-11-10 01:09:25] INFO: Found folder: /Users/justinlimchunkiat/FundProg2/FaceRecognitionCS102/data/facedata/S12332_Elle
[2025-11-10 01:09:25] INFO:   Contains: 32 items
[2025-11-10 01:09:25] INFO:   Display label: S12332 - Elle
[2025-11-10 01:09:25] INFO: Found folder: /Users/justinlimchunkiat/FundProg2/FaceRecognitionCS102/data/facedata/S12432_Jin_Rae
[2025-11-10 01:09:25] INFO:   Contains: 28 items
[2025-11-10 01:09:25] INFO:   Display label: S12432 - Jin_Rae
[2025-11-10 01:09:25] INFO: ====================
[2025-11-10 01:09:25] INFO: Person S23465 - Jodie: tightness=0.870, stdDev=0.023, absThresh.live=0.521 (training=0.613), margin=0.113
[2025-11-10 01:09:25] INFO:   [Glasses Mode] S12344 - rome variation stdDev=0.207 -> relaxed thresholds by 12.0%
[2025-11-10 01:09:25] INFO: Person S12344 - rome: tightness=0.528, stdDev=0.207, absThresh.live=0.489 (training=0.575), margin=0.132
[2025-11-10 01:09:25] INFO: Person S23443 - Haggai: tightness=0.855, stdDev=0.023, absThresh.live=0.522 (training=0.614), margin=0.114
[2025-11-10 01:09:25] INFO: Person S00001 - jereme: tightness=0.812, stdDev=0.039, absThresh.live=0.526 (training=0.619), margin=0.119
[2025-11-10 01:09:25] INFO: Person S43231 - Nic: tightness=0.778, stdDev=0.057, absThresh.live=0.529 (training=0.622), margin=0.122
[2025-11-10 01:09:25] INFO: Person S12348 - May: tightness=0.871, stdDev=0.027, absThresh.live=0.521 (training=0.613), margin=0.113
[2025-11-10 01:09:25] INFO: Person S67865 - Zhi_Hean: tightness=0.742, stdDev=0.089, absThresh.live=0.532 (training=0.626), margin=0.126
[2025-11-10 01:09:25] INFO: Person S67898 - Allan: tightness=0.762, stdDev=0.055, absThresh.live=0.530 (training=0.624), margin=0.124
[2025-11-10 01:09:25] SEVERE: Invalid embedding size: 512, expected: 2048
[2025-11-10 01:09:25] WARNING: Skipping invalid embedding file: /Users/justinlimchunkiat/FundProg2/FaceRecognitionCS102/data/facedata/S00000_Nicholas/S00000_023.emb
[2025-11-10 01:09:25] SEVERE: Invalid embedding size: 512, expected: 2048
[2025-11-10 01:09:25] WARNING: Skipping invalid embedding file: /Users/justinlimchunkiat/FundProg2/FaceRecognitionCS102/data/facedata/S00000_Nicholas/S00000_022.emb
[2025-11-10 01:09:25] SEVERE: Invalid embedding size: 512, expected: 2048
[2025-11-10 01:09:25] WARNING: Skipping invalid embedding file: /Users/justinlimchunkiat/FundProg2/FaceRecognitionCS102/data/facedata/S00000_Nicholas/S00000_008.emb
[2025-11-10 01:09:25] SEVERE: Invalid embedding size: 512, expected: 2048
[2025-11-10 01:09:25] WARNING: Skipping invalid embedding file: /Users/justinlimchunkiat/FundProg2/FaceRecognitionCS102/data/facedata/S00000_Nicholas/S00000_020.emb
[2025-11-10 01:09:25] SEVERE: Invalid embedding size: 512, expected: 2048
[2025-11-10 01:09:25] WARNING: Skipping invalid embedding file: /Users/justinlimchunkiat/FundProg2/FaceRecognitionCS102/data/facedata/S00000_Nicholas/S00000_021.emb
[2025-11-10 01:09:25] SEVERE: Invalid embedding size: 512, expected: 2048
[2025-11-10 01:09:25] WARNING: Skipping invalid embedding file: /Users/justinlimchunkiat/FundProg2/FaceRecognitionCS102/data/facedata/S00000_Nicholas/S00000_019.emb
[2025-11-10 01:09:25] SEVERE: Invalid embedding size: 512, expected: 2048
[2025-11-10 01:09:25] WARNING: Skipping invalid embedding file: /Users/justinlimchunkiat/FundProg2/FaceRecognitionCS102/data/facedata/S00000_Nicholas/S00000_018.emb
[2025-11-10 01:09:25] SEVERE: Invalid embedding size: 512, expected: 2048
[2025-11-10 01:09:25] WARNING: Skipping invalid embedding file: /Users/justinlimchunkiat/FundProg2/FaceRecognitionCS102/data/facedata/S00000_Nicholas/S00000_024.emb
[2025-11-10 01:09:25] SEVERE: Invalid embedding size: 512, expected: 2048
[2025-11-10 01:09:25] WARNING: Skipping invalid embedding file: /Users/justinlimchunkiat/FundProg2/FaceRecognitionCS102/data/facedata/S00000_Nicholas/S00000_002.emb
[2025-11-10 01:09:25] SEVERE: Invalid embedding size: 512, expected: 2048
[2025-11-10 01:09:25] WARNING: Skipping invalid embedding file: /Users/justinlimchunkiat/FundProg2/FaceRecognitionCS102/data/facedata/S00000_Nicholas/S00000_016.emb
[2025-11-10 01:09:25] SEVERE: Invalid embedding size: 512, expected: 2048
[2025-11-10 01:09:25] WARNING: Skipping invalid embedding file: /Users/justinlimchunkiat/FundProg2/FaceRecognitionCS102/data/facedata/S00000_Nicholas/S00000_017.emb
[2025-11-10 01:09:25] SEVERE: Invalid embedding size: 512, expected: 2048
[2025-11-10 01:09:25] WARNING: Skipping invalid embedding file: /Users/justinlimchunkiat/FundProg2/FaceRecognitionCS102/data/facedata/S00000_Nicholas/S00000_003.emb
[2025-11-10 01:09:25] SEVERE: Invalid embedding size: 512, expected: 2048
[2025-11-10 01:09:25] WARNING: Skipping invalid embedding file: /Users/justinlimchunkiat/FundProg2/FaceRecognitionCS102/data/facedata/S00000_Nicholas/S00000_015.emb
[2025-11-10 01:09:25] SEVERE: Invalid embedding size: 512, expected: 2048
[2025-11-10 01:09:25] WARNING: Skipping invalid embedding file: /Users/justinlimchunkiat/FundProg2/FaceRecognitionCS102/data/facedata/S00000_Nicholas/S00000_001.emb
[2025-11-10 01:09:25] SEVERE: Invalid embedding size: 512, expected: 2048
[2025-11-10 01:09:25] WARNING: Skipping invalid embedding file: /Users/justinlimchunkiat/FundProg2/FaceRecognitionCS102/data/facedata/S00000_Nicholas/S00000_014.emb
[2025-11-10 01:09:25] SEVERE: Invalid embedding size: 512, expected: 2048
[2025-11-10 01:09:25] WARNING: Skipping invalid embedding file: /Users/justinlimchunkiat/FundProg2/FaceRecognitionCS102/data/facedata/S00000_Nicholas/S00000_010.emb
[2025-11-10 01:09:25] SEVERE: Invalid embedding size: 512, expected: 2048
[2025-11-10 01:09:25] WARNING: Skipping invalid embedding file: /Users/justinlimchunkiat/FundProg2/FaceRecognitionCS102/data/facedata/S00000_Nicholas/S00000_007.emb
[2025-11-10 01:09:25] SEVERE: Invalid embedding size: 512, expected: 2048
[2025-11-10 01:09:25] WARNING: Skipping invalid embedding file: /Users/justinlimchunkiat/FundProg2/FaceRecognitionCS102/data/facedata/S00000_Nicholas/S00000_013.emb
[2025-11-10 01:09:25] INFO: Person S00000 - Nicholas: tightness=1.000, stdDev=0.000, absThresh.live=0.510 (training=0.600), margin=0.100
[2025-11-10 01:09:25] INFO: Person S99999 - Justin_Lim: tightness=0.823, stdDev=0.041, absThresh.live=0.525 (training=0.618), margin=0.118
[2025-11-10 01:09:25] INFO:   [Glasses Mode] S98765 - Cheng_Feng variation stdDev=0.175 -> relaxed thresholds by 12.0%
[2025-11-10 01:09:25] INFO: Person S98765 - Cheng_Feng: tightness=0.547, stdDev=0.175, absThresh.live=0.487 (training=0.573), margin=0.130
[2025-11-10 01:09:25] INFO: Person S12332 - Elle: tightness=0.749, stdDev=0.059, absThresh.live=0.531 (training=0.625), margin=0.125
[2025-11-10 01:09:25] INFO:   [Glasses Mode] S12432 - Jin_Rae variation stdDev=0.123 -> relaxed thresholds by 11.1%
[2025-11-10 01:09:25] INFO: Person S12432 - Jin_Rae: tightness=0.670, stdDev=0.123, absThresh.live=0.481 (training=0.566), margin=0.118
[2025-11-10 01:09:25] INFO: DEBUG CENTROID:
[2025-11-10 01:09:25] INFO:   Centroid length: 512
[2025-11-10 01:09:25] INFO:   Centroid first 10 values: -0.022701283743094786 -5.804099648146079E-4 -0.05391006542732285 -0.03176291635855644 -0.08212138470067963 -0.0365284361837785 0.03134935314678263 0.026190966987280746 -0.013329226734194222 0.04073557344334259
[2025-11-10 01:09:25] INFO:   Centroid magnitude: 1.0000000000000002
[2025-11-10 01:09:25] INFO: DNN face detector loaded successfully
[2025-11-10 01:09:25] INFO: Initialized 1 attendance records for session 14
[2025-11-10 01:09:25] INFO: === Folder debug ===
[2025-11-10 01:09:25] INFO: Found folder: /Users/justinlimchunkiat/FundProg2/FaceRecognitionCS102/data/facedata/S23465_Jodie
[2025-11-10 01:09:25] INFO:   Contains: 28 items
[2025-11-10 01:09:25] INFO:   Display label: S23465 - Jodie
[2025-11-10 01:09:25] INFO: Found folder: /Users/justinlimchunkiat/FundProg2/FaceRecognitionCS102/data/facedata/S12344_rome
[2025-11-10 01:09:25] INFO:   Contains: 28 items
[2025-11-10 01:09:25] INFO:   Display label: S12344 - rome
[2025-11-10 01:09:25] INFO: Found folder: /Users/justinlimchunkiat/FundProg2/FaceRecognitionCS102/data/facedata/S23443_Haggai
[2025-11-10 01:09:25] INFO:   Contains: 32 items
[2025-11-10 01:09:25] INFO:   Display label: S23443 - Haggai
[2025-11-10 01:09:25] INFO: Found folder: /Users/justinlimchunkiat/FundProg2/FaceRecognitionCS102/data/facedata/S00001_jereme
[2025-11-10 01:09:25] INFO:   Contains: 32 items
[2025-11-10 01:09:25] INFO:   Display label: S00001 - jereme
[2025-11-10 01:09:25] INFO: Found folder: /Users/justinlimchunkiat/FundProg2/FaceRecognitionCS102/data/facedata/S43231_Nic
[2025-11-10 01:09:25] INFO:   Contains: 30 items
[2025-11-10 01:09:25] INFO:   Display label: S43231 - Nic
[2025-11-10 01:09:25] INFO: Found folder: /Users/justinlimchunkiat/FundProg2/FaceRecognitionCS102/data/facedata/S12348_May
[2025-11-10 01:09:25] INFO:   Contains: 32 items
[2025-11-10 01:09:25] INFO:   Display label: S12348 - May
[2025-11-10 01:09:25] INFO: Found folder: /Users/justinlimchunkiat/FundProg2/FaceRecognitionCS102/data/facedata/S67865_Zhi_Hean
[2025-11-10 01:09:25] INFO:   Contains: 30 items
[2025-11-10 01:09:25] INFO:   Display label: S67865 - Zhi_Hean
[2025-11-10 01:09:25] INFO: Found folder: /Users/justinlimchunkiat/FundProg2/FaceRecognitionCS102/data/facedata/S67898_Allan
[2025-11-10 01:09:25] INFO:   Contains: 30 items
[2025-11-10 01:09:25] INFO:   Display label: S67898 - Allan
[2025-11-10 01:09:25] INFO: Found folder: /Users/justinlimchunkiat/FundProg2/FaceRecognitionCS102/data/facedata/S00000_Nicholas
[2025-11-10 01:09:25] INFO:   Contains: 36 items
[2025-11-10 01:09:25] INFO:   Display label: S00000 - Nicholas
[2025-11-10 01:09:25] INFO: Found folder: /Users/justinlimchunkiat/FundProg2/FaceRecognitionCS102/data/facedata/S99999_Justin_Lim
[2025-11-10 01:09:25] INFO:   Contains: 30 items
[2025-11-10 01:09:25] INFO:   Display label: S99999 - Justin_Lim
[2025-11-10 01:09:25] INFO: Found folder: /Users/justinlimchunkiat/FundProg2/FaceRecognitionCS102/data/facedata/S98765_Cheng_Feng
[2025-11-10 01:09:25] INFO:   Contains: 28 items
[2025-11-10 01:09:25] INFO:   Display label: S98765 - Cheng_Feng
[2025-11-10 01:09:25] INFO: Found folder: /Users/justinlimchunkiat/FundProg2/FaceRecognitionCS102/data/facedata/S12332_Elle
[2025-11-10 01:09:25] INFO:   Contains: 32 items
[2025-11-10 01:09:25] INFO:   Display label: S12332 - Elle
[2025-11-10 01:09:25] INFO: Found folder: /Users/justinlimchunkiat/FundProg2/FaceRecognitionCS102/data/facedata/S12432_Jin_Rae
[2025-11-10 01:09:25] INFO:   Contains: 28 items
[2025-11-10 01:09:25] INFO:   Display label: S12432 - Jin_Rae
[2025-11-10 01:09:25] INFO: ====================
[2025-11-10 01:09:25] INFO: Person S23465 - Jodie: tightness=0.870, stdDev=0.023, absThresh.live=0.521 (training=0.613), margin=0.113
[2025-11-10 01:09:25] INFO:   [Glasses Mode] S12344 - rome variation stdDev=0.207 -> relaxed thresholds by 12.0%
[2025-11-10 01:09:25] INFO: Person S12344 - rome: tightness=0.528, stdDev=0.207, absThresh.live=0.489 (training=0.575), margin=0.132
[2025-11-10 01:09:25] INFO: Person S23443 - Haggai: tightness=0.855, stdDev=0.023, absThresh.live=0.522 (training=0.614), margin=0.114
[2025-11-10 01:09:25] INFO: Person S00001 - jereme: tightness=0.812, stdDev=0.039, absThresh.live=0.526 (training=0.619), margin=0.119
[2025-11-10 01:09:25] INFO: Person S43231 - Nic: tightness=0.778, stdDev=0.057, absThresh.live=0.529 (training=0.622), margin=0.122
[2025-11-10 01:09:25] INFO: Person S12348 - May: tightness=0.871, stdDev=0.027, absThresh.live=0.521 (training=0.613), margin=0.113
[2025-11-10 01:09:25] INFO: Person S67865 - Zhi_Hean: tightness=0.742, stdDev=0.089, absThresh.live=0.532 (training=0.626), margin=0.126
[2025-11-10 01:09:25] INFO: Person S67898 - Allan: tightness=0.762, stdDev=0.055, absThresh.live=0.530 (training=0.624), margin=0.124
[2025-11-10 01:09:25] SEVERE: Invalid embedding size: 512, expected: 2048
[2025-11-10 01:09:25] WARNING: Skipping invalid embedding file: /Users/justinlimchunkiat/FundProg2/FaceRecognitionCS102/data/facedata/S00000_Nicholas/S00000_023.emb
[2025-11-10 01:09:25] SEVERE: Invalid embedding size: 512, expected: 2048
[2025-11-10 01:09:25] WARNING: Skipping invalid embedding file: /Users/justinlimchunkiat/FundProg2/FaceRecognitionCS102/data/facedata/S00000_Nicholas/S00000_022.emb
[2025-11-10 01:09:25] SEVERE: Invalid embedding size: 512, expected: 2048
[2025-11-10 01:09:25] WARNING: Skipping invalid embedding file: /Users/justinlimchunkiat/FundProg2/FaceRecognitionCS102/data/facedata/S00000_Nicholas/S00000_008.emb
[2025-11-10 01:09:25] SEVERE: Invalid embedding size: 512, expected: 2048
[2025-11-10 01:09:25] WARNING: Skipping invalid embedding file: /Users/justinlimchunkiat/FundProg2/FaceRecognitionCS102/data/facedata/S00000_Nicholas/S00000_020.emb
[2025-11-10 01:09:25] SEVERE: Invalid embedding size: 512, expected: 2048
[2025-11-10 01:09:25] WARNING: Skipping invalid embedding file: /Users/justinlimchunkiat/FundProg2/FaceRecognitionCS102/data/facedata/S00000_Nicholas/S00000_021.emb
[2025-11-10 01:09:25] SEVERE: Invalid embedding size: 512, expected: 2048
[2025-11-10 01:09:25] WARNING: Skipping invalid embedding file: /Users/justinlimchunkiat/FundProg2/FaceRecognitionCS102/data/facedata/S00000_Nicholas/S00000_019.emb
[2025-11-10 01:09:25] SEVERE: Invalid embedding size: 512, expected: 2048
[2025-11-10 01:09:25] WARNING: Skipping invalid embedding file: /Users/justinlimchunkiat/FundProg2/FaceRecognitionCS102/data/facedata/S00000_Nicholas/S00000_018.emb
[2025-11-10 01:09:25] SEVERE: Invalid embedding size: 512, expected: 2048
[2025-11-10 01:09:25] WARNING: Skipping invalid embedding file: /Users/justinlimchunkiat/FundProg2/FaceRecognitionCS102/data/facedata/S00000_Nicholas/S00000_024.emb
[2025-11-10 01:09:25] SEVERE: Invalid embedding size: 512, expected: 2048
[2025-11-10 01:09:25] WARNING: Skipping invalid embedding file: /Users/justinlimchunkiat/FundProg2/FaceRecognitionCS102/data/facedata/S00000_Nicholas/S00000_002.emb
[2025-11-10 01:09:25] SEVERE: Invalid embedding size: 512, expected: 2048
[2025-11-10 01:09:25] WARNING: Skipping invalid embedding file: /Users/justinlimchunkiat/FundProg2/FaceRecognitionCS102/data/facedata/S00000_Nicholas/S00000_016.emb
[2025-11-10 01:09:25] SEVERE: Invalid embedding size: 512, expected: 2048
[2025-11-10 01:09:25] WARNING: Skipping invalid embedding file: /Users/justinlimchunkiat/FundProg2/FaceRecognitionCS102/data/facedata/S00000_Nicholas/S00000_017.emb
[2025-11-10 01:09:25] SEVERE: Invalid embedding size: 512, expected: 2048
[2025-11-10 01:09:25] WARNING: Skipping invalid embedding file: /Users/justinlimchunkiat/FundProg2/FaceRecognitionCS102/data/facedata/S00000_Nicholas/S00000_003.emb
[2025-11-10 01:09:25] SEVERE: Invalid embedding size: 512, expected: 2048
[2025-11-10 01:09:25] WARNING: Skipping invalid embedding file: /Users/justinlimchunkiat/FundProg2/FaceRecognitionCS102/data/facedata/S00000_Nicholas/S00000_015.emb
[2025-11-10 01:09:25] SEVERE: Invalid embedding size: 512, expected: 2048
[2025-11-10 01:09:25] WARNING: Skipping invalid embedding file: /Users/justinlimchunkiat/FundProg2/FaceRecognitionCS102/data/facedata/S00000_Nicholas/S00000_001.emb
[2025-11-10 01:09:25] SEVERE: Invalid embedding size: 512, expected: 2048
[2025-11-10 01:09:25] WARNING: Skipping invalid embedding file: /Users/justinlimchunkiat/FundProg2/FaceRecognitionCS102/data/facedata/S00000_Nicholas/S00000_014.emb
[2025-11-10 01:09:25] SEVERE: Invalid embedding size: 512, expected: 2048
[2025-11-10 01:09:25] WARNING: Skipping invalid embedding file: /Users/justinlimchunkiat/FundProg2/FaceRecognitionCS102/data/facedata/S00000_Nicholas/S00000_010.emb
[2025-11-10 01:09:25] SEVERE: Invalid embedding size: 512, expected: 2048
[2025-11-10 01:09:25] WARNING: Skipping invalid embedding file: /Users/justinlimchunkiat/FundProg2/FaceRecognitionCS102/data/facedata/S00000_Nicholas/S00000_007.emb
[2025-11-10 01:09:25] SEVERE: Invalid embedding size: 512, expected: 2048
[2025-11-10 01:09:25] WARNING: Skipping invalid embedding file: /Users/justinlimchunkiat/FundProg2/FaceRecognitionCS102/data/facedata/S00000_Nicholas/S00000_013.emb
[2025-11-10 01:09:25] INFO: Person S00000 - Nicholas: tightness=1.000, stdDev=0.000, absThresh.live=0.510 (training=0.600), margin=0.100
[2025-11-10 01:09:25] INFO: Person S99999 - Justin_Lim: tightness=0.823, stdDev=0.041, absThresh.live=0.525 (training=0.618), margin=0.118
[2025-11-10 01:09:25] INFO:   [Glasses Mode] S98765 - Cheng_Feng variation stdDev=0.175 -> relaxed thresholds by 12.0%
[2025-11-10 01:09:25] INFO: Person S98765 - Cheng_Feng: tightness=0.547, stdDev=0.175, absThresh.live=0.487 (training=0.573), margin=0.130
[2025-11-10 01:09:25] INFO: Person S12332 - Elle: tightness=0.749, stdDev=0.059, absThresh.live=0.531 (training=0.625), margin=0.125
[2025-11-10 01:09:25] INFO:   [Glasses Mode] S12432 - Jin_Rae variation stdDev=0.123 -> relaxed thresholds by 11.1%
[2025-11-10 01:09:25] INFO: Person S12432 - Jin_Rae: tightness=0.670, stdDev=0.123, absThresh.live=0.481 (training=0.566), margin=0.118
[2025-11-10 01:09:25] INFO: DEBUG CENTROID:
[2025-11-10 01:09:25] INFO:   Centroid length: 512
[2025-11-10 01:09:25] INFO:   Centroid first 10 values: -0.022701283743094786 -5.804099648146079E-4 -0.05391006542732285 -0.03176291635855644 -0.08212138470067963 -0.0365284361837785 0.03134935314678263 0.026190966987280746 -0.013329226734194222 0.04073557344334259
[2025-11-10 01:09:25] INFO:   Centroid magnitude: 1.0000000000000002
[2025-11-10 01:09:25] INFO: Recognition dataset reloaded for attendance window
