[2025-10-20 00:15:57] INFO: Application Logger Initialized.
[2025-10-20 00:15:57] INFO: Configuration and core components loaded.
[2025-10-20 00:15:57] INFO: Configuration loaded from classpath: app.properties
[2025-10-20 00:15:57] INFO: Configuration file loaded
[2025-10-20 00:15:57] INFO: MyGUIProgram Started!
[2025-10-20 00:15:58] INFO: Face embedding model loaded successfully
[2025-10-20 00:15:58] INFO: === Folder debug ===
[2025-10-20 00:15:58] INFO: Found folder: C:\SMU\CS102 Project\FaceRecognitionCS102\data\facedata\S13234_Jin_Rae
[2025-10-20 00:15:58] INFO:   Contains: 38 items
[2025-10-20 00:15:58] INFO:   Display label: S13234 - Jin_Rae
[2025-10-20 00:15:58] INFO: ====================
[2025-10-20 00:15:59] INFO: Person S13234 - Jin_Rae: tightness=0.922, stdDev=0.018, absThresh=0.608, margin=0.108
[2025-10-20 00:15:59] INFO: DNN face detector loaded successfully for recognition
[2025-10-20 00:15:59] INFO: Attempting to open camera with DSHOW backend...
[2025-10-20 00:15:59] INFO: Camera opened successfully with DSHOW backend
[2025-10-20 00:16:00] INFO: Camera configured: 640x480 @ 30fps with MJPEG codec
[2025-10-20 00:16:00] INFO: Camera initialized successfully
[2025-10-20 00:16:01] INFO: [Recognition] Scores: S13234 - Jin_Rae=0.903 
[2025-10-20 00:16:01] INFO: [Decision] Best=S13234 - Jin_Rae(0.903), 2nd=0.000, Discriminative=0.903, AvgNeg=0.000
[2025-10-20 00:16:01] INFO: [Thresholds] Abs=0.608, Margin=0.108(11.9%), RelMargin=100.0%, Tightness=0.922, StdDev=0.018
[2025-10-20 00:16:01] INFO: [Decision] ACCEPT: Primary thresholds met (abs + margin + relative)
[2025-10-20 00:16:01] INFO: [Recognition] Scores: S13234 - Jin_Rae=0.883 
[2025-10-20 00:16:01] INFO: [Decision] Best=S13234 - Jin_Rae(0.883), 2nd=0.000, Discriminative=0.883, AvgNeg=0.000
[2025-10-20 00:16:01] INFO: [Thresholds] Abs=0.608, Margin=0.108(12.2%), RelMargin=100.0%, Tightness=0.922, StdDev=0.018
[2025-10-20 00:16:01] INFO: [Decision] ACCEPT: Primary thresholds met (abs + margin + relative)
[2025-10-20 00:16:01] INFO: [Recognition] Scores: S13234 - Jin_Rae=0.865 
[2025-10-20 00:16:01] INFO: [Decision] Best=S13234 - Jin_Rae(0.865), 2nd=0.000, Discriminative=0.865, AvgNeg=0.000
[2025-10-20 00:16:01] INFO: [Thresholds] Abs=0.608, Margin=0.108(12.5%), RelMargin=100.0%, Tightness=0.922, StdDev=0.018
[2025-10-20 00:16:01] INFO: [Decision] ACCEPT: Primary thresholds met (abs + margin + relative)
[2025-10-20 00:16:01] INFO: [Recognition] Scores: S13234 - Jin_Rae=0.860 
[2025-10-20 00:16:01] INFO: [Decision] Best=S13234 - Jin_Rae(0.860), 2nd=0.000, Discriminative=0.860, AvgNeg=0.000
[2025-10-20 00:16:01] INFO: [Thresholds] Abs=0.608, Margin=0.108(12.5%), RelMargin=100.0%, Tightness=0.922, StdDev=0.018
[2025-10-20 00:16:01] INFO: [Decision] ACCEPT: Primary thresholds met (abs + margin + relative)
[2025-10-20 00:16:02] INFO: [Recognition] Scores: S13234 - Jin_Rae=0.852 
[2025-10-20 00:16:02] INFO: [Decision] Best=S13234 - Jin_Rae(0.852), 2nd=0.000, Discriminative=0.852, AvgNeg=0.000
[2025-10-20 00:16:02] INFO: [Thresholds] Abs=0.608, Margin=0.108(12.6%), RelMargin=100.0%, Tightness=0.922, StdDev=0.018
[2025-10-20 00:16:02] INFO: [Decision] ACCEPT: Primary thresholds met (abs + margin + relative)
[2025-10-20 00:16:02] INFO: [Recognition] Scores: S13234 - Jin_Rae=0.816 
[2025-10-20 00:16:02] INFO: [Decision] Best=S13234 - Jin_Rae(0.816), 2nd=0.000, Discriminative=0.816, AvgNeg=0.000
[2025-10-20 00:16:02] INFO: [Thresholds] Abs=0.608, Margin=0.108(13.2%), RelMargin=100.0%, Tightness=0.922, StdDev=0.018
[2025-10-20 00:16:02] INFO: [Decision] ACCEPT: Primary thresholds met (abs + margin + relative)
[2025-10-20 00:16:02] INFO: [Recognition] Scores: S13234 - Jin_Rae=0.869 
[2025-10-20 00:16:02] INFO: [Decision] Best=S13234 - Jin_Rae(0.869), 2nd=0.000, Discriminative=0.869, AvgNeg=0.000
[2025-10-20 00:16:02] INFO: [Thresholds] Abs=0.608, Margin=0.108(12.4%), RelMargin=100.0%, Tightness=0.922, StdDev=0.018
[2025-10-20 00:16:02] INFO: [Decision] ACCEPT: Primary thresholds met (abs + margin + relative)
[2025-10-20 00:16:02] INFO: [Recognition] Scores: S13234 - Jin_Rae=0.853 
[2025-10-20 00:16:02] INFO: [Decision] Best=S13234 - Jin_Rae(0.853), 2nd=0.000, Discriminative=0.853, AvgNeg=0.000
[2025-10-20 00:16:02] INFO: [Thresholds] Abs=0.608, Margin=0.108(12.6%), RelMargin=100.0%, Tightness=0.922, StdDev=0.018
[2025-10-20 00:16:02] INFO: [Decision] ACCEPT: Primary thresholds met (abs + margin + relative)
[2025-10-20 00:16:02] INFO: [Recognition] Scores: S13234 - Jin_Rae=0.841 
[2025-10-20 00:16:02] INFO: [Decision] Best=S13234 - Jin_Rae(0.841), 2nd=0.000, Discriminative=0.841, AvgNeg=0.000
[2025-10-20 00:16:02] INFO: [Thresholds] Abs=0.608, Margin=0.108(12.8%), RelMargin=100.0%, Tightness=0.922, StdDev=0.018
[2025-10-20 00:16:02] INFO: [Decision] ACCEPT: Primary thresholds met (abs + margin + relative)
[2025-10-20 00:16:02] INFO: [Recognition] Scores: S13234 - Jin_Rae=0.828 
[2025-10-20 00:16:02] INFO: [Decision] Best=S13234 - Jin_Rae(0.828), 2nd=0.000, Discriminative=0.828, AvgNeg=0.000
[2025-10-20 00:16:02] INFO: [Thresholds] Abs=0.608, Margin=0.108(13.0%), RelMargin=100.0%, Tightness=0.922, StdDev=0.018
[2025-10-20 00:16:02] INFO: [Decision] ACCEPT: Primary thresholds met (abs + margin + relative)
[2025-10-20 00:16:03] INFO: [Recognition] Scores: S13234 - Jin_Rae=0.808 
[2025-10-20 00:16:03] INFO: [Decision] Best=S13234 - Jin_Rae(0.808), 2nd=0.000, Discriminative=0.808, AvgNeg=0.000
[2025-10-20 00:16:03] INFO: [Thresholds] Abs=0.608, Margin=0.108(13.3%), RelMargin=100.0%, Tightness=0.922, StdDev=0.018
[2025-10-20 00:16:03] INFO: [Decision] ACCEPT: Primary thresholds met (abs + margin + relative)
[2025-10-20 00:16:03] INFO: [Recognition] Scores: S13234 - Jin_Rae=0.749 
[2025-10-20 00:16:03] INFO: [Decision] Best=S13234 - Jin_Rae(0.749), 2nd=0.000, Discriminative=0.749, AvgNeg=0.000
[2025-10-20 00:16:03] INFO: [Thresholds] Abs=0.608, Margin=0.108(14.4%), RelMargin=100.0%, Tightness=0.922, StdDev=0.018
[2025-10-20 00:16:03] INFO: [Decision] ACCEPT: Primary thresholds met (abs + margin + relative)
[2025-10-20 00:16:03] INFO: [Recognition] Scores: S13234 - Jin_Rae=0.736 
[2025-10-20 00:16:03] INFO: [Decision] Best=S13234 - Jin_Rae(0.736), 2nd=0.000, Discriminative=0.736, AvgNeg=0.000
[2025-10-20 00:16:03] INFO: [Thresholds] Abs=0.608, Margin=0.108(14.6%), RelMargin=100.0%, Tightness=0.922, StdDev=0.018
[2025-10-20 00:16:03] INFO: [Decision] ACCEPT: Primary thresholds met (abs + margin + relative)
[2025-10-20 00:16:03] INFO: [Recognition] Scores: S13234 - Jin_Rae=0.710 
[2025-10-20 00:16:03] INFO: [Decision] Best=S13234 - Jin_Rae(0.710), 2nd=0.000, Discriminative=0.710, AvgNeg=0.000
[2025-10-20 00:16:03] INFO: [Thresholds] Abs=0.608, Margin=0.108(15.2%), RelMargin=100.0%, Tightness=0.922, StdDev=0.018
[2025-10-20 00:16:03] INFO: [Decision] ACCEPT: Primary thresholds met (abs + margin + relative)
[2025-10-20 00:16:03] INFO: [Recognition] Scores: S13234 - Jin_Rae=0.707 
[2025-10-20 00:16:03] INFO: [Decision] Best=S13234 - Jin_Rae(0.707), 2nd=0.000, Discriminative=0.707, AvgNeg=0.000
[2025-10-20 00:16:03] INFO: [Thresholds] Abs=0.608, Margin=0.108(15.2%), RelMargin=100.0%, Tightness=0.922, StdDev=0.018
[2025-10-20 00:16:03] INFO: [Decision] ACCEPT: Primary thresholds met (abs + margin + relative)
[2025-10-20 00:16:04] INFO: [Recognition] Scores: S13234 - Jin_Rae=0.747 
[2025-10-20 00:16:04] INFO: [Decision] Best=S13234 - Jin_Rae(0.747), 2nd=0.000, Discriminative=0.747, AvgNeg=0.000
[2025-10-20 00:16:04] INFO: [Thresholds] Abs=0.608, Margin=0.108(14.4%), RelMargin=100.0%, Tightness=0.922, StdDev=0.018
[2025-10-20 00:16:04] INFO: [Decision] ACCEPT: Primary thresholds met (abs + margin + relative)
[2025-10-20 00:16:04] INFO: [Recognition] Scores: S13234 - Jin_Rae=0.769 
[2025-10-20 00:16:04] INFO: [Decision] Best=S13234 - Jin_Rae(0.769), 2nd=0.000, Discriminative=0.769, AvgNeg=0.000
[2025-10-20 00:16:04] INFO: [Thresholds] Abs=0.608, Margin=0.108(14.0%), RelMargin=100.0%, Tightness=0.922, StdDev=0.018
[2025-10-20 00:16:04] INFO: [Decision] ACCEPT: Primary thresholds met (abs + margin + relative)
[2025-10-20 00:16:04] INFO: [Recognition] Scores: S13234 - Jin_Rae=0.761 
[2025-10-20 00:16:04] INFO: [Decision] Best=S13234 - Jin_Rae(0.761), 2nd=0.000, Discriminative=0.761, AvgNeg=0.000
[2025-10-20 00:16:04] INFO: [Thresholds] Abs=0.608, Margin=0.108(14.2%), RelMargin=100.0%, Tightness=0.922, StdDev=0.018
[2025-10-20 00:16:04] INFO: [Decision] ACCEPT: Primary thresholds met (abs + margin + relative)
[2025-10-20 00:16:04] INFO: [Recognition] Scores: S13234 - Jin_Rae=0.745 
[2025-10-20 00:16:04] INFO: [Decision] Best=S13234 - Jin_Rae(0.745), 2nd=0.000, Discriminative=0.745, AvgNeg=0.000
[2025-10-20 00:16:04] INFO: [Thresholds] Abs=0.608, Margin=0.108(14.5%), RelMargin=100.0%, Tightness=0.922, StdDev=0.018
[2025-10-20 00:16:04] INFO: [Decision] ACCEPT: Primary thresholds met (abs + margin + relative)
[2025-10-20 00:16:05] INFO: [Recognition] Scores: S13234 - Jin_Rae=0.802 
[2025-10-20 00:16:05] INFO: [Decision] Best=S13234 - Jin_Rae(0.802), 2nd=0.000, Discriminative=0.802, AvgNeg=0.000
[2025-10-20 00:16:05] INFO: [Thresholds] Abs=0.608, Margin=0.108(13.4%), RelMargin=100.0%, Tightness=0.922, StdDev=0.018
[2025-10-20 00:16:05] INFO: [Decision] ACCEPT: Primary thresholds met (abs + margin + relative)
[2025-10-20 00:16:05] INFO: [Recognition] Scores: S13234 - Jin_Rae=0.779 
[2025-10-20 00:16:05] INFO: [Decision] Best=S13234 - Jin_Rae(0.779), 2nd=0.000, Discriminative=0.779, AvgNeg=0.000
[2025-10-20 00:16:05] INFO: [Thresholds] Abs=0.608, Margin=0.108(13.8%), RelMargin=100.0%, Tightness=0.922, StdDev=0.018
[2025-10-20 00:16:05] INFO: [Decision] ACCEPT: Primary thresholds met (abs + margin + relative)
[2025-10-20 00:16:05] INFO: [Recognition] Scores: S13234 - Jin_Rae=0.822 
[2025-10-20 00:16:05] INFO: [Decision] Best=S13234 - Jin_Rae(0.822), 2nd=0.000, Discriminative=0.822, AvgNeg=0.000
[2025-10-20 00:16:05] INFO: [Thresholds] Abs=0.608, Margin=0.108(13.1%), RelMargin=100.0%, Tightness=0.922, StdDev=0.018
[2025-10-20 00:16:05] INFO: [Decision] ACCEPT: Primary thresholds met (abs + margin + relative)
[2025-10-20 00:16:05] INFO: [Recognition] Scores: S13234 - Jin_Rae=0.784 
[2025-10-20 00:16:05] INFO: [Decision] Best=S13234 - Jin_Rae(0.784), 2nd=0.000, Discriminative=0.784, AvgNeg=0.000
[2025-10-20 00:16:05] INFO: [Thresholds] Abs=0.608, Margin=0.108(13.8%), RelMargin=100.0%, Tightness=0.922, StdDev=0.018
[2025-10-20 00:16:05] INFO: [Decision] ACCEPT: Primary thresholds met (abs + margin + relative)
[2025-10-20 00:16:05] INFO: [Recognition] Scores: S13234 - Jin_Rae=0.816 
[2025-10-20 00:16:05] INFO: [Decision] Best=S13234 - Jin_Rae(0.816), 2nd=0.000, Discriminative=0.816, AvgNeg=0.000
[2025-10-20 00:16:05] INFO: [Thresholds] Abs=0.608, Margin=0.108(13.2%), RelMargin=100.0%, Tightness=0.922, StdDev=0.018
[2025-10-20 00:16:05] INFO: [Decision] ACCEPT: Primary thresholds met (abs + margin + relative)
[2025-10-20 00:16:06] INFO: [Recognition] Scores: S13234 - Jin_Rae=0.781 
[2025-10-20 00:16:06] INFO: [Decision] Best=S13234 - Jin_Rae(0.781), 2nd=0.000, Discriminative=0.781, AvgNeg=0.000
[2025-10-20 00:16:06] INFO: [Thresholds] Abs=0.608, Margin=0.108(13.8%), RelMargin=100.0%, Tightness=0.922, StdDev=0.018
[2025-10-20 00:16:06] INFO: [Decision] ACCEPT: Primary thresholds met (abs + margin + relative)
[2025-10-20 00:16:06] INFO: [Recognition] Scores: S13234 - Jin_Rae=0.793 
[2025-10-20 00:16:06] INFO: [Decision] Best=S13234 - Jin_Rae(0.793), 2nd=0.000, Discriminative=0.793, AvgNeg=0.000
[2025-10-20 00:16:06] INFO: [Thresholds] Abs=0.608, Margin=0.108(13.6%), RelMargin=100.0%, Tightness=0.922, StdDev=0.018
[2025-10-20 00:16:06] INFO: [Decision] ACCEPT: Primary thresholds met (abs + margin + relative)
[2025-10-20 00:16:06] INFO: [Recognition] Scores: S13234 - Jin_Rae=0.795 
[2025-10-20 00:16:06] INFO: [Decision] Best=S13234 - Jin_Rae(0.795), 2nd=0.000, Discriminative=0.795, AvgNeg=0.000
[2025-10-20 00:16:06] INFO: [Thresholds] Abs=0.608, Margin=0.108(13.6%), RelMargin=100.0%, Tightness=0.922, StdDev=0.018
[2025-10-20 00:16:06] INFO: [Decision] ACCEPT: Primary thresholds met (abs + margin + relative)
[2025-10-20 00:16:06] INFO: [Recognition] Scores: S13234 - Jin_Rae=0.820 
[2025-10-20 00:16:06] INFO: [Decision] Best=S13234 - Jin_Rae(0.820), 2nd=0.000, Discriminative=0.820, AvgNeg=0.000
[2025-10-20 00:16:06] INFO: [Thresholds] Abs=0.608, Margin=0.108(13.2%), RelMargin=100.0%, Tightness=0.922, StdDev=0.018
[2025-10-20 00:16:06] INFO: [Decision] ACCEPT: Primary thresholds met (abs + margin + relative)
[2025-10-20 00:16:06] INFO: [Recognition] Scores: S13234 - Jin_Rae=0.794 
[2025-10-20 00:16:06] INFO: [Decision] Best=S13234 - Jin_Rae(0.794), 2nd=0.000, Discriminative=0.794, AvgNeg=0.000
[2025-10-20 00:16:06] INFO: [Thresholds] Abs=0.608, Margin=0.108(13.6%), RelMargin=100.0%, Tightness=0.922, StdDev=0.018
[2025-10-20 00:16:06] INFO: [Decision] ACCEPT: Primary thresholds met (abs + margin + relative)
[2025-10-20 00:16:07] INFO: [Recognition] Scores: S13234 - Jin_Rae=0.772 
[2025-10-20 00:16:07] INFO: [Decision] Best=S13234 - Jin_Rae(0.772), 2nd=0.000, Discriminative=0.772, AvgNeg=0.000
[2025-10-20 00:16:07] INFO: [Thresholds] Abs=0.608, Margin=0.108(14.0%), RelMargin=100.0%, Tightness=0.922, StdDev=0.018
[2025-10-20 00:16:07] INFO: [Decision] ACCEPT: Primary thresholds met (abs + margin + relative)
[2025-10-20 00:16:07] INFO: [Recognition] Scores: S13234 - Jin_Rae=0.715 
[2025-10-20 00:16:07] INFO: [Decision] Best=S13234 - Jin_Rae(0.715), 2nd=0.000, Discriminative=0.715, AvgNeg=0.000
[2025-10-20 00:16:07] INFO: [Thresholds] Abs=0.608, Margin=0.108(15.1%), RelMargin=100.0%, Tightness=0.922, StdDev=0.018
[2025-10-20 00:16:07] INFO: [Decision] ACCEPT: Primary thresholds met (abs + margin + relative)
[2025-10-20 00:16:07] INFO: [Recognition] Scores: S13234 - Jin_Rae=0.666 
[2025-10-20 00:16:07] INFO: [Decision] Best=S13234 - Jin_Rae(0.666), 2nd=0.000, Discriminative=0.666, AvgNeg=0.000
[2025-10-20 00:16:07] INFO: [Thresholds] Abs=0.608, Margin=0.108(16.2%), RelMargin=100.0%, Tightness=0.922, StdDev=0.018
[2025-10-20 00:16:07] INFO: [Decision] ACCEPT: Primary thresholds met (abs + margin + relative)
[2025-10-20 00:16:07] INFO: [Recognition] Scores: S13234 - Jin_Rae=0.607 
[2025-10-20 00:16:07] INFO: [Decision] Best=S13234 - Jin_Rae(0.607), 2nd=0.000, Discriminative=0.607, AvgNeg=0.000
[2025-10-20 00:16:07] INFO: [Thresholds] Abs=0.608, Margin=0.108(17.7%), RelMargin=100.0%, Tightness=0.922, StdDev=0.018
[2025-10-20 00:16:07] INFO: [Decision] REJECT: Abs=
[2025-10-20 00:16:07] INFO: false
[2025-10-20 00:16:07] INFO: , AbsMargin=
[2025-10-20 00:16:07] INFO: true
[2025-10-20 00:16:07] INFO: , RelMargin=
[2025-10-20 00:16:07] INFO: true
[2025-10-20 00:16:07] INFO: (
[2025-10-20 00:16:07] INFO: 100.0
[2025-10-20 00:16:07] INFO: %
[2025-10-20 00:16:07] INFO: ), StrongMargin=
[2025-10-20 00:16:07] INFO: true
[2025-10-20 00:16:07] INFO: (
[2025-10-20 00:16:07] INFO: 12.0
[2025-10-20 00:16:07] INFO: %
[2025-10-20 00:16:07] INFO: ), Discrim=
[2025-10-20 00:16:07] INFO: false
[2025-10-20 00:16:07] INFO: , Consist=
[2025-10-20 00:16:07] INFO: true
[2025-10-20 00:16:07] INFO: (
[2025-10-20 00:16:07] INFO: 7
[2025-10-20 00:16:07] INFO: /
[2025-10-20 00:16:07] INFO: 7
[2025-10-20 00:16:07] INFO: )
[2025-10-20 00:16:07] INFO: [Recognition] Scores: S13234 - Jin_Rae=0.643 
[2025-10-20 00:16:07] INFO: [Decision] Best=S13234 - Jin_Rae(0.643), 2nd=0.000, Discriminative=0.643, AvgNeg=0.000
[2025-10-20 00:16:07] INFO: [Thresholds] Abs=0.608, Margin=0.108(16.8%), RelMargin=100.0%, Tightness=0.922, StdDev=0.018
[2025-10-20 00:16:07] INFO: [Decision] ACCEPT: Primary thresholds met (abs + margin + relative)
[2025-10-20 00:16:08] INFO: [Recognition] Scores: S13234 - Jin_Rae=0.588 
[2025-10-20 00:16:08] INFO: [Decision] Best=S13234 - Jin_Rae(0.588), 2nd=0.000, Discriminative=0.588, AvgNeg=0.000
[2025-10-20 00:16:08] INFO: [Thresholds] Abs=0.608, Margin=0.108(18.3%), RelMargin=100.0%, Tightness=0.922, StdDev=0.018
[2025-10-20 00:16:08] INFO: [Decision] REJECT: Abs=
[2025-10-20 00:16:08] INFO: false
[2025-10-20 00:16:08] INFO: , AbsMargin=
[2025-10-20 00:16:08] INFO: true
[2025-10-20 00:16:08] INFO: , RelMargin=
[2025-10-20 00:16:08] INFO: true
[2025-10-20 00:16:08] INFO: (
[2025-10-20 00:16:08] INFO: 100.0
[2025-10-20 00:16:08] INFO: %
[2025-10-20 00:16:08] INFO: ), StrongMargin=
[2025-10-20 00:16:08] INFO: true
[2025-10-20 00:16:08] INFO: (
[2025-10-20 00:16:08] INFO: 12.0
[2025-10-20 00:16:08] INFO: %
[2025-10-20 00:16:08] INFO: ), Discrim=
[2025-10-20 00:16:08] INFO: false
[2025-10-20 00:16:08] INFO: , Consist=
[2025-10-20 00:16:08] INFO: true
[2025-10-20 00:16:08] INFO: (
[2025-10-20 00:16:08] INFO: 6
[2025-10-20 00:16:08] INFO: /
[2025-10-20 00:16:08] INFO: 7
[2025-10-20 00:16:08] INFO: )
[2025-10-20 00:16:08] INFO: [Recognition] Scores: S13234 - Jin_Rae=0.700 
[2025-10-20 00:16:08] INFO: [Decision] Best=S13234 - Jin_Rae(0.700), 2nd=0.000, Discriminative=0.700, AvgNeg=0.000
[2025-10-20 00:16:08] INFO: [Thresholds] Abs=0.608, Margin=0.108(15.4%), RelMargin=100.0%, Tightness=0.922, StdDev=0.018
[2025-10-20 00:16:08] INFO: [Decision] ACCEPT: Primary thresholds met (abs + margin + relative)
[2025-10-20 00:16:08] INFO: [Recognition] Scores: S13234 - Jin_Rae=0.796 
[2025-10-20 00:16:08] INFO: [Decision] Best=S13234 - Jin_Rae(0.796), 2nd=0.000, Discriminative=0.796, AvgNeg=0.000
[2025-10-20 00:16:08] INFO: [Thresholds] Abs=0.608, Margin=0.108(13.5%), RelMargin=100.0%, Tightness=0.922, StdDev=0.018
[2025-10-20 00:16:08] INFO: [Decision] ACCEPT: Primary thresholds met (abs + margin + relative)
[2025-10-20 00:16:08] INFO: [Recognition] Scores: S13234 - Jin_Rae=0.780 
[2025-10-20 00:16:08] INFO: [Decision] Best=S13234 - Jin_Rae(0.780), 2nd=0.000, Discriminative=0.780, AvgNeg=0.000
[2025-10-20 00:16:08] INFO: [Thresholds] Abs=0.608, Margin=0.108(13.8%), RelMargin=100.0%, Tightness=0.922, StdDev=0.018
[2025-10-20 00:16:08] INFO: [Decision] ACCEPT: Primary thresholds met (abs + margin + relative)
[2025-10-20 00:16:08] INFO: [Recognition] Scores: S13234 - Jin_Rae=0.765 
[2025-10-20 00:16:08] INFO: [Decision] Best=S13234 - Jin_Rae(0.765), 2nd=0.000, Discriminative=0.765, AvgNeg=0.000
[2025-10-20 00:16:08] INFO: [Thresholds] Abs=0.608, Margin=0.108(14.1%), RelMargin=100.0%, Tightness=0.922, StdDev=0.018
[2025-10-20 00:16:08] INFO: [Decision] ACCEPT: Primary thresholds met (abs + margin + relative)
[2025-10-20 00:16:09] INFO: [Recognition] Scores: S13234 - Jin_Rae=0.814 
[2025-10-20 00:16:09] INFO: [Decision] Best=S13234 - Jin_Rae(0.814), 2nd=0.000, Discriminative=0.814, AvgNeg=0.000
[2025-10-20 00:16:09] INFO: [Thresholds] Abs=0.608, Margin=0.108(13.2%), RelMargin=100.0%, Tightness=0.922, StdDev=0.018
[2025-10-20 00:16:09] INFO: [Decision] ACCEPT: Primary thresholds met (abs + margin + relative)
[2025-10-20 00:16:09] INFO: [Recognition] Scores: S13234 - Jin_Rae=0.843 
[2025-10-20 00:16:09] INFO: [Decision] Best=S13234 - Jin_Rae(0.843), 2nd=0.000, Discriminative=0.843, AvgNeg=0.000
[2025-10-20 00:16:09] INFO: [Thresholds] Abs=0.608, Margin=0.108(12.8%), RelMargin=100.0%, Tightness=0.922, StdDev=0.018
[2025-10-20 00:16:09] INFO: [Decision] ACCEPT: Primary thresholds met (abs + margin + relative)
[2025-10-20 00:16:09] INFO: [Recognition] Scores: S13234 - Jin_Rae=0.862 
[2025-10-20 00:16:09] INFO: [Decision] Best=S13234 - Jin_Rae(0.862), 2nd=0.000, Discriminative=0.862, AvgNeg=0.000
[2025-10-20 00:16:09] INFO: [Thresholds] Abs=0.608, Margin=0.108(12.5%), RelMargin=100.0%, Tightness=0.922, StdDev=0.018
[2025-10-20 00:16:09] INFO: [Decision] ACCEPT: Primary thresholds met (abs + margin + relative)
[2025-10-20 00:16:09] INFO: [Recognition] Scores: S13234 - Jin_Rae=0.861 
[2025-10-20 00:16:09] INFO: [Decision] Best=S13234 - Jin_Rae(0.861), 2nd=0.000, Discriminative=0.861, AvgNeg=0.000
[2025-10-20 00:16:09] INFO: [Thresholds] Abs=0.608, Margin=0.108(12.5%), RelMargin=100.0%, Tightness=0.922, StdDev=0.018
[2025-10-20 00:16:09] INFO: [Decision] ACCEPT: Primary thresholds met (abs + margin + relative)
[2025-10-20 00:16:09] INFO: [Recognition] Scores: S13234 - Jin_Rae=0.869 
[2025-10-20 00:16:09] INFO: [Decision] Best=S13234 - Jin_Rae(0.869), 2nd=0.000, Discriminative=0.869, AvgNeg=0.000
[2025-10-20 00:16:09] INFO: [Thresholds] Abs=0.608, Margin=0.108(12.4%), RelMargin=100.0%, Tightness=0.922, StdDev=0.018
[2025-10-20 00:16:09] INFO: [Decision] ACCEPT: Primary thresholds met (abs + margin + relative)
[2025-10-20 00:16:10] INFO: [Recognition] Scores: S13234 - Jin_Rae=0.867 
[2025-10-20 00:16:10] INFO: [Decision] Best=S13234 - Jin_Rae(0.867), 2nd=0.000, Discriminative=0.867, AvgNeg=0.000
[2025-10-20 00:16:10] INFO: [Thresholds] Abs=0.608, Margin=0.108(12.4%), RelMargin=100.0%, Tightness=0.922, StdDev=0.018
[2025-10-20 00:16:10] INFO: [Decision] ACCEPT: Primary thresholds met (abs + margin + relative)
[2025-10-20 00:16:10] INFO: [Recognition] Scores: S13234 - Jin_Rae=0.872 
[2025-10-20 00:16:10] INFO: [Decision] Best=S13234 - Jin_Rae(0.872), 2nd=0.000, Discriminative=0.872, AvgNeg=0.000
[2025-10-20 00:16:10] INFO: [Thresholds] Abs=0.608, Margin=0.108(12.4%), RelMargin=100.0%, Tightness=0.922, StdDev=0.018
[2025-10-20 00:16:10] INFO: [Decision] ACCEPT: Primary thresholds met (abs + margin + relative)
[2025-10-20 00:16:10] INFO: [Recognition] Scores: S13234 - Jin_Rae=0.875 
[2025-10-20 00:16:10] INFO: [Decision] Best=S13234 - Jin_Rae(0.875), 2nd=0.000, Discriminative=0.875, AvgNeg=0.000
[2025-10-20 00:16:10] INFO: [Thresholds] Abs=0.608, Margin=0.108(12.3%), RelMargin=100.0%, Tightness=0.922, StdDev=0.018
[2025-10-20 00:16:10] INFO: [Decision] ACCEPT: Primary thresholds met (abs + margin + relative)
[2025-10-20 00:16:10] INFO: [Recognition] Scores: S13234 - Jin_Rae=0.876 
[2025-10-20 00:16:10] INFO: [Decision] Best=S13234 - Jin_Rae(0.876), 2nd=0.000, Discriminative=0.876, AvgNeg=0.000
[2025-10-20 00:16:10] INFO: [Thresholds] Abs=0.608, Margin=0.108(12.3%), RelMargin=100.0%, Tightness=0.922, StdDev=0.018
[2025-10-20 00:16:10] INFO: [Decision] ACCEPT: Primary thresholds met (abs + margin + relative)
[2025-10-20 00:16:10] INFO: [Recognition] Scores: S13234 - Jin_Rae=0.872 
[2025-10-20 00:16:10] INFO: [Decision] Best=S13234 - Jin_Rae(0.872), 2nd=0.000, Discriminative=0.872, AvgNeg=0.000
[2025-10-20 00:16:10] INFO: [Thresholds] Abs=0.608, Margin=0.108(12.4%), RelMargin=100.0%, Tightness=0.922, StdDev=0.018
[2025-10-20 00:16:10] INFO: [Decision] ACCEPT: Primary thresholds met (abs + margin + relative)
[2025-10-20 00:16:11] INFO: [Recognition] Scores: S13234 - Jin_Rae=0.867 
[2025-10-20 00:16:11] INFO: [Decision] Best=S13234 - Jin_Rae(0.867), 2nd=0.000, Discriminative=0.867, AvgNeg=0.000
[2025-10-20 00:16:11] INFO: [Thresholds] Abs=0.608, Margin=0.108(12.4%), RelMargin=100.0%, Tightness=0.922, StdDev=0.018
[2025-10-20 00:16:11] INFO: [Decision] ACCEPT: Primary thresholds met (abs + margin + relative)
[2025-10-20 00:16:11] INFO: [Recognition] Scores: S13234 - Jin_Rae=0.833 
[2025-10-20 00:16:11] INFO: [Decision] Best=S13234 - Jin_Rae(0.833), 2nd=0.000, Discriminative=0.833, AvgNeg=0.000
[2025-10-20 00:16:11] INFO: [Thresholds] Abs=0.608, Margin=0.108(12.9%), RelMargin=100.0%, Tightness=0.922, StdDev=0.018
[2025-10-20 00:16:11] INFO: [Decision] ACCEPT: Primary thresholds met (abs + margin + relative)
[2025-10-20 00:16:11] INFO: [Recognition] Scores: S13234 - Jin_Rae=0.779 
[2025-10-20 00:16:11] INFO: [Decision] Best=S13234 - Jin_Rae(0.779), 2nd=0.000, Discriminative=0.779, AvgNeg=0.000
[2025-10-20 00:16:11] INFO: [Thresholds] Abs=0.608, Margin=0.108(13.8%), RelMargin=100.0%, Tightness=0.922, StdDev=0.018
[2025-10-20 00:16:11] INFO: [Decision] ACCEPT: Primary thresholds met (abs + margin + relative)
[2025-10-20 00:16:11] INFO: [Recognition] Scores: S13234 - Jin_Rae=0.791 
[2025-10-20 00:16:11] INFO: [Decision] Best=S13234 - Jin_Rae(0.791), 2nd=0.000, Discriminative=0.791, AvgNeg=0.000
[2025-10-20 00:16:11] INFO: [Thresholds] Abs=0.608, Margin=0.108(13.6%), RelMargin=100.0%, Tightness=0.922, StdDev=0.018
[2025-10-20 00:16:11] INFO: [Decision] ACCEPT: Primary thresholds met (abs + margin + relative)
[2025-10-20 00:16:12] INFO: [Recognition] Scores: S13234 - Jin_Rae=0.771 
[2025-10-20 00:16:12] INFO: [Decision] Best=S13234 - Jin_Rae(0.771), 2nd=0.000, Discriminative=0.771, AvgNeg=0.000
[2025-10-20 00:16:12] INFO: [Thresholds] Abs=0.608, Margin=0.108(14.0%), RelMargin=100.0%, Tightness=0.922, StdDev=0.018
[2025-10-20 00:16:12] INFO: [Decision] ACCEPT: Primary thresholds met (abs + margin + relative)
[2025-10-20 00:16:12] INFO: [Recognition] Scores: S13234 - Jin_Rae=0.770 
[2025-10-20 00:16:12] INFO: [Decision] Best=S13234 - Jin_Rae(0.770), 2nd=0.000, Discriminative=0.770, AvgNeg=0.000
[2025-10-20 00:16:12] INFO: [Thresholds] Abs=0.608, Margin=0.108(14.0%), RelMargin=100.0%, Tightness=0.922, StdDev=0.018
[2025-10-20 00:16:12] INFO: [Decision] ACCEPT: Primary thresholds met (abs + margin + relative)
[2025-10-20 00:16:12] INFO: [Recognition] Scores: S13234 - Jin_Rae=0.799 
[2025-10-20 00:16:12] INFO: [Decision] Best=S13234 - Jin_Rae(0.799), 2nd=0.000, Discriminative=0.799, AvgNeg=0.000
[2025-10-20 00:16:12] INFO: [Thresholds] Abs=0.608, Margin=0.108(13.5%), RelMargin=100.0%, Tightness=0.922, StdDev=0.018
[2025-10-20 00:16:12] INFO: [Decision] ACCEPT: Primary thresholds met (abs + margin + relative)
[2025-10-20 00:16:12] INFO: [Recognition] Scores: S13234 - Jin_Rae=0.774 
[2025-10-20 00:16:12] INFO: [Decision] Best=S13234 - Jin_Rae(0.774), 2nd=0.000, Discriminative=0.774, AvgNeg=0.000
[2025-10-20 00:16:12] INFO: [Thresholds] Abs=0.608, Margin=0.108(13.9%), RelMargin=100.0%, Tightness=0.922, StdDev=0.018
[2025-10-20 00:16:12] INFO: [Decision] ACCEPT: Primary thresholds met (abs + margin + relative)
[2025-10-20 00:16:12] INFO: [Recognition] Scores: S13234 - Jin_Rae=0.762 
[2025-10-20 00:16:12] INFO: [Decision] Best=S13234 - Jin_Rae(0.762), 2nd=0.000, Discriminative=0.762, AvgNeg=0.000
[2025-10-20 00:16:12] INFO: [Thresholds] Abs=0.608, Margin=0.108(14.1%), RelMargin=100.0%, Tightness=0.922, StdDev=0.018
[2025-10-20 00:16:12] INFO: [Decision] ACCEPT: Primary thresholds met (abs + margin + relative)
[2025-10-20 00:16:13] INFO: [Recognition] Scores: S13234 - Jin_Rae=0.758 
[2025-10-20 00:16:13] INFO: [Decision] Best=S13234 - Jin_Rae(0.758), 2nd=0.000, Discriminative=0.758, AvgNeg=0.000
[2025-10-20 00:16:13] INFO: [Thresholds] Abs=0.608, Margin=0.108(14.2%), RelMargin=100.0%, Tightness=0.922, StdDev=0.018
[2025-10-20 00:16:13] INFO: [Decision] ACCEPT: Primary thresholds met (abs + margin + relative)
[2025-10-20 00:16:13] INFO: [Recognition] Scores: S13234 - Jin_Rae=0.756 
[2025-10-20 00:16:13] INFO: [Decision] Best=S13234 - Jin_Rae(0.756), 2nd=0.000, Discriminative=0.756, AvgNeg=0.000
[2025-10-20 00:16:13] INFO: [Thresholds] Abs=0.608, Margin=0.108(14.3%), RelMargin=100.0%, Tightness=0.922, StdDev=0.018
[2025-10-20 00:16:13] INFO: [Decision] ACCEPT: Primary thresholds met (abs + margin + relative)
[2025-10-20 00:16:13] INFO: [Recognition] Scores: S13234 - Jin_Rae=0.777 
[2025-10-20 00:16:13] INFO: [Decision] Best=S13234 - Jin_Rae(0.777), 2nd=0.000, Discriminative=0.777, AvgNeg=0.000
[2025-10-20 00:16:13] INFO: [Thresholds] Abs=0.608, Margin=0.108(13.9%), RelMargin=100.0%, Tightness=0.922, StdDev=0.018
[2025-10-20 00:16:13] INFO: [Decision] ACCEPT: Primary thresholds met (abs + margin + relative)
[2025-10-20 00:16:13] INFO: [Recognition] Scores: S13234 - Jin_Rae=0.753 
[2025-10-20 00:16:13] INFO: [Decision] Best=S13234 - Jin_Rae(0.753), 2nd=0.000, Discriminative=0.753, AvgNeg=0.000
[2025-10-20 00:16:13] INFO: [Thresholds] Abs=0.608, Margin=0.108(14.3%), RelMargin=100.0%, Tightness=0.922, StdDev=0.018
[2025-10-20 00:16:13] INFO: [Decision] ACCEPT: Primary thresholds met (abs + margin + relative)
[2025-10-20 00:16:13] INFO: [Recognition] Scores: S13234 - Jin_Rae=0.786 
[2025-10-20 00:16:13] INFO: [Decision] Best=S13234 - Jin_Rae(0.786), 2nd=0.000, Discriminative=0.786, AvgNeg=0.000
[2025-10-20 00:16:13] INFO: [Thresholds] Abs=0.608, Margin=0.108(13.7%), RelMargin=100.0%, Tightness=0.922, StdDev=0.018
[2025-10-20 00:16:13] INFO: [Decision] ACCEPT: Primary thresholds met (abs + margin + relative)
[2025-10-20 00:16:14] INFO: [Recognition] Scores: S13234 - Jin_Rae=0.763 
[2025-10-20 00:16:14] INFO: [Decision] Best=S13234 - Jin_Rae(0.763), 2nd=0.000, Discriminative=0.763, AvgNeg=0.000
[2025-10-20 00:16:14] INFO: [Thresholds] Abs=0.608, Margin=0.108(14.1%), RelMargin=100.0%, Tightness=0.922, StdDev=0.018
[2025-10-20 00:16:14] INFO: [Decision] ACCEPT: Primary thresholds met (abs + margin + relative)
[2025-10-20 00:16:14] INFO: [Recognition] Scores: S13234 - Jin_Rae=0.761 
[2025-10-20 00:16:14] INFO: [Decision] Best=S13234 - Jin_Rae(0.761), 2nd=0.000, Discriminative=0.761, AvgNeg=0.000
[2025-10-20 00:16:14] INFO: [Thresholds] Abs=0.608, Margin=0.108(14.2%), RelMargin=100.0%, Tightness=0.922, StdDev=0.018
[2025-10-20 00:16:14] INFO: [Decision] ACCEPT: Primary thresholds met (abs + margin + relative)
[2025-10-20 00:16:14] INFO: [Recognition] Scores: S13234 - Jin_Rae=0.798 
[2025-10-20 00:16:14] INFO: [Decision] Best=S13234 - Jin_Rae(0.798), 2nd=0.000, Discriminative=0.798, AvgNeg=0.000
[2025-10-20 00:16:14] INFO: [Thresholds] Abs=0.608, Margin=0.108(13.5%), RelMargin=100.0%, Tightness=0.922, StdDev=0.018
[2025-10-20 00:16:14] INFO: [Decision] ACCEPT: Primary thresholds met (abs + margin + relative)
[2025-10-20 00:16:14] INFO: [Recognition] Scores: S13234 - Jin_Rae=0.772 
[2025-10-20 00:16:14] INFO: [Decision] Best=S13234 - Jin_Rae(0.772), 2nd=0.000, Discriminative=0.772, AvgNeg=0.000
[2025-10-20 00:16:14] INFO: [Thresholds] Abs=0.608, Margin=0.108(14.0%), RelMargin=100.0%, Tightness=0.922, StdDev=0.018
[2025-10-20 00:16:14] INFO: [Decision] ACCEPT: Primary thresholds met (abs + margin + relative)
[2025-10-20 00:16:14] INFO: [Recognition] Scores: S13234 - Jin_Rae=0.793 
[2025-10-20 00:16:14] INFO: [Decision] Best=S13234 - Jin_Rae(0.793), 2nd=0.000, Discriminative=0.793, AvgNeg=0.000
[2025-10-20 00:16:14] INFO: [Thresholds] Abs=0.608, Margin=0.108(13.6%), RelMargin=100.0%, Tightness=0.922, StdDev=0.018
[2025-10-20 00:16:14] INFO: [Decision] ACCEPT: Primary thresholds met (abs + margin + relative)
[2025-10-20 00:16:15] INFO: [Recognition] Scores: S13234 - Jin_Rae=0.754 
[2025-10-20 00:16:15] INFO: [Decision] Best=S13234 - Jin_Rae(0.754), 2nd=0.000, Discriminative=0.754, AvgNeg=0.000
[2025-10-20 00:16:15] INFO: [Thresholds] Abs=0.608, Margin=0.108(14.3%), RelMargin=100.0%, Tightness=0.922, StdDev=0.018
[2025-10-20 00:16:15] INFO: [Decision] ACCEPT: Primary thresholds met (abs + margin + relative)
[2025-10-20 00:16:15] INFO: [Recognition] Scores: S13234 - Jin_Rae=0.772 
[2025-10-20 00:16:15] INFO: [Decision] Best=S13234 - Jin_Rae(0.772), 2nd=0.000, Discriminative=0.772, AvgNeg=0.000
[2025-10-20 00:16:15] INFO: [Thresholds] Abs=0.608, Margin=0.108(14.0%), RelMargin=100.0%, Tightness=0.922, StdDev=0.018
[2025-10-20 00:16:15] INFO: [Decision] ACCEPT: Primary thresholds met (abs + margin + relative)
[2025-10-20 00:16:15] INFO: [Recognition] Scores: S13234 - Jin_Rae=0.767 
[2025-10-20 00:16:15] INFO: [Decision] Best=S13234 - Jin_Rae(0.767), 2nd=0.000, Discriminative=0.767, AvgNeg=0.000
[2025-10-20 00:16:15] INFO: [Thresholds] Abs=0.608, Margin=0.108(14.1%), RelMargin=100.0%, Tightness=0.922, StdDev=0.018
[2025-10-20 00:16:15] INFO: [Decision] ACCEPT: Primary thresholds met (abs + margin + relative)
[2025-10-20 00:16:15] INFO: [Recognition] Scores: S13234 - Jin_Rae=0.746 
[2025-10-20 00:16:15] INFO: [Decision] Best=S13234 - Jin_Rae(0.746), 2nd=0.000, Discriminative=0.746, AvgNeg=0.000
[2025-10-20 00:16:15] INFO: [Thresholds] Abs=0.608, Margin=0.108(14.4%), RelMargin=100.0%, Tightness=0.922, StdDev=0.018
[2025-10-20 00:16:15] INFO: [Decision] ACCEPT: Primary thresholds met (abs + margin + relative)
[2025-10-20 00:16:15] INFO: [Recognition] Scores: S13234 - Jin_Rae=0.741 
[2025-10-20 00:16:15] INFO: [Decision] Best=S13234 - Jin_Rae(0.741), 2nd=0.000, Discriminative=0.741, AvgNeg=0.000
[2025-10-20 00:16:15] INFO: [Thresholds] Abs=0.608, Margin=0.108(14.6%), RelMargin=100.0%, Tightness=0.922, StdDev=0.018
[2025-10-20 00:16:15] INFO: [Decision] ACCEPT: Primary thresholds met (abs + margin + relative)
[2025-10-20 00:16:16] INFO: Exiting Face Recognition Demo...
[2025-10-20 00:16:16] INFO: [Recognition] Scores: S13234 - Jin_Rae=0.773 
[2025-10-20 00:16:16] INFO: [Decision] Best=S13234 - Jin_Rae(0.773), 2nd=0.000, Discriminative=0.773, AvgNeg=0.000
[2025-10-20 00:16:16] INFO: [Thresholds] Abs=0.608, Margin=0.108(13.9%), RelMargin=100.0%, Tightness=0.922, StdDev=0.018
[2025-10-20 00:16:16] INFO: [Decision] ACCEPT: Primary thresholds met (abs + margin + relative)
[2025-10-20 00:16:16] INFO: Exiting Face Recognition Demo...
