[2025-10-24 10:20:41] INFO: Application Logger Initialized.
[2025-10-24 10:20:41] INFO: app.properties normalized (55 entries).
[2025-10-24 10:20:41] INFO: Configuration loaded from file: C:\SMU\CS102 Project\FaceRecognitionCS102\app.properties
[2025-10-24 10:20:42] INFO: ￢ﾜﾅ ArcFace ResNet100 model loaded successfully
[2025-10-24 10:20:42] INFO: ￢ﾜﾓ FaceAligner initialized with 5-point alignment support
[2025-10-24 10:20:43] INFO: Stored embedding length: 
[2025-10-24 10:20:43] INFO: 2048
[2025-10-24 10:20:43] INFO:  bytes
[2025-10-24 10:20:43] INFO: Regenerated embedding length: 
[2025-10-24 10:20:43] INFO: 2048
[2025-10-24 10:20:43] INFO:  bytes
[2025-10-24 10:20:43] INFO: Stored magnitude: 
[2025-10-24 10:20:43] INFO: 1.000000
[2025-10-24 10:20:43] INFO:  | Regenerated magnitude: 
[2025-10-24 10:20:43] INFO: 1.000000
[2025-10-24 10:20:43] INFO: ￢ﾜﾓ FaceAligner initialized with 5-point alignment support
[2025-10-24 10:20:43] INFO: === STAGE 1: Face Detection & Preprocessing ===
[2025-10-24 10:20:43] INFO: Original frame resolution: 236x315
[2025-10-24 10:20:43] INFO: Face ROI size: 236x315
[2025-10-24 10:20:43] INFO: Face ROI mean pixel value (BGR): [173.40349744417543, 181.24269572235676, 205.2605864944848, 0.0]
[2025-10-24 10:20:43] INFO: Face ROI std deviation: 32.0639873206431
[2025-10-24 10:20:43] INFO: Live magnitude: 
[2025-10-24 10:20:43] INFO: 1.000000
[2025-10-24 10:20:43] INFO: Similarity between regenerated and stored embedding: 
[2025-10-24 10:20:43] INFO: 1.0000
[2025-10-24 10:20:43] INFO: Similarity using live preprocessor path: 
[2025-10-24 10:20:43] INFO: 1.0000
