[2025-10-18 15:51:59] INFO: Application Logger Initialized.
[2025-10-18 15:51:59] INFO: Configuration and core components loaded.
[2025-10-18 15:51:59] INFO: Configuration loaded from classpath: app.properties
[2025-10-18 15:51:59] INFO: Configuration file loaded
[2025-10-18 15:51:59] INFO: MyGUIProgram Started!
[2025-10-18 15:52:01] INFO: Face embedding model loaded successfully
[2025-10-18 15:52:01] INFO: === Folder debug ===
[2025-10-18 15:52:01] INFO: Found folder: C:\SMU\CS102 Project\FaceRecognitionCS102\data\facedata\S13234_Jin_Rae
[2025-10-18 15:52:01] INFO:   Contains: 30 items
[2025-10-18 15:52:01] INFO:   Display label: S13234 - Jin_Rae
[2025-10-18 15:52:01] INFO: ====================
[2025-10-18 15:52:01] INFO:   [Glasses Mode] Detected high variation (stdDev=0.123) - relaxed thresholds by 11.2%
[2025-10-18 15:52:01] INFO: Person S13234 - Jin_Rae: tightness=0.694, stdDev=0.123, absThresh=0.581, margin=0.099
[2025-10-18 15:52:01] INFO: DNN face detector loaded successfully for recognition
[2025-10-18 15:52:01] INFO: Attempting to open camera with DSHOW backend...
[2025-10-18 15:52:01] INFO: Camera opened successfully with DSHOW backend
[2025-10-18 15:52:02] INFO: Camera configured: 640x480 @ 30fps with MJPEG codec
[2025-10-18 15:52:02] INFO: Camera initialized successfully
[2025-10-18 15:52:03] INFO: [Recognition] Scores: S13234 - Jin_Rae=0.652 
[2025-10-18 15:52:03] INFO: [Decision] Best=S13234 - Jin_Rae(0.652), 2nd=0.000, Discriminative=0.652, AvgNeg=0.000
[2025-10-18 15:52:03] INFO: [Thresholds] Abs=0.581, Margin=0.099(15.1%), RelMargin=100.0%, Tightness=0.694, StdDev=0.123
[2025-10-18 15:52:03] INFO: [Decision] ACCEPT: Tier 1 - Absolute + Margin
[2025-10-18 15:52:03] INFO: [Recognition] Scores: S13234 - Jin_Rae=0.662 
[2025-10-18 15:52:03] INFO: [Decision] Best=S13234 - Jin_Rae(0.662), 2nd=0.000, Discriminative=0.662, AvgNeg=0.000
[2025-10-18 15:52:03] INFO: [Thresholds] Abs=0.581, Margin=0.099(14.9%), RelMargin=100.0%, Tightness=0.694, StdDev=0.123
[2025-10-18 15:52:03] INFO: [Decision] ACCEPT: Tier 1 - Absolute + Margin
[2025-10-18 15:52:03] INFO: [Recognition] Scores: S13234 - Jin_Rae=0.701 
[2025-10-18 15:52:03] INFO: [Decision] Best=S13234 - Jin_Rae(0.701), 2nd=0.000, Discriminative=0.701, AvgNeg=0.000
[2025-10-18 15:52:03] INFO: [Thresholds] Abs=0.581, Margin=0.099(14.1%), RelMargin=100.0%, Tightness=0.694, StdDev=0.123
[2025-10-18 15:52:03] INFO: [Decision] ACCEPT: Tier 1 - Absolute + Margin
[2025-10-18 15:52:03] INFO: [Recognition] Scores: S13234 - Jin_Rae=0.714 
[2025-10-18 15:52:03] INFO: [Decision] Best=S13234 - Jin_Rae(0.714), 2nd=0.000, Discriminative=0.714, AvgNeg=0.000
[2025-10-18 15:52:03] INFO: [Thresholds] Abs=0.581, Margin=0.099(13.8%), RelMargin=100.0%, Tightness=0.694, StdDev=0.123
[2025-10-18 15:52:03] INFO: [Decision] ACCEPT: Tier 1 - Absolute + Margin
[2025-10-18 15:52:03] INFO: [Recognition] Scores: S13234 - Jin_Rae=0.692 
[2025-10-18 15:52:03] INFO: [Decision] Best=S13234 - Jin_Rae(0.692), 2nd=0.000, Discriminative=0.692, AvgNeg=0.000
[2025-10-18 15:52:03] INFO: [Thresholds] Abs=0.581, Margin=0.099(14.3%), RelMargin=100.0%, Tightness=0.694, StdDev=0.123
[2025-10-18 15:52:03] INFO: [Decision] ACCEPT: Tier 1 - Absolute + Margin
[2025-10-18 15:52:03] INFO: [Recognition] Scores: S13234 - Jin_Rae=0.712 
[2025-10-18 15:52:03] INFO: [Decision] Best=S13234 - Jin_Rae(0.712), 2nd=0.000, Discriminative=0.712, AvgNeg=0.000
[2025-10-18 15:52:03] INFO: [Thresholds] Abs=0.581, Margin=0.099(13.8%), RelMargin=100.0%, Tightness=0.694, StdDev=0.123
[2025-10-18 15:52:03] INFO: [Decision] ACCEPT: Tier 1 - Absolute + Margin
[2025-10-18 15:52:03] INFO: [Recognition] Scores: S13234 - Jin_Rae=0.705 
[2025-10-18 15:52:03] INFO: [Decision] Best=S13234 - Jin_Rae(0.705), 2nd=0.000, Discriminative=0.705, AvgNeg=0.000
[2025-10-18 15:52:03] INFO: [Thresholds] Abs=0.581, Margin=0.099(14.0%), RelMargin=100.0%, Tightness=0.694, StdDev=0.123
[2025-10-18 15:52:03] INFO: [Decision] ACCEPT: Tier 1 - Absolute + Margin
[2025-10-18 15:52:03] INFO: [Recognition] Scores: S13234 - Jin_Rae=0.714 
[2025-10-18 15:52:03] INFO: [Decision] Best=S13234 - Jin_Rae(0.714), 2nd=0.000, Discriminative=0.714, AvgNeg=0.000
[2025-10-18 15:52:03] INFO: [Thresholds] Abs=0.581, Margin=0.099(13.8%), RelMargin=100.0%, Tightness=0.694, StdDev=0.123
[2025-10-18 15:52:03] INFO: [Decision] ACCEPT: Tier 1 - Absolute + Margin
[2025-10-18 15:52:03] INFO: [Recognition] Scores: S13234 - Jin_Rae=0.715 
[2025-10-18 15:52:03] INFO: [Decision] Best=S13234 - Jin_Rae(0.715), 2nd=0.000, Discriminative=0.715, AvgNeg=0.000
[2025-10-18 15:52:03] INFO: [Thresholds] Abs=0.581, Margin=0.099(13.8%), RelMargin=100.0%, Tightness=0.694, StdDev=0.123
[2025-10-18 15:52:03] INFO: [Decision] ACCEPT: Tier 1 - Absolute + Margin
[2025-10-18 15:52:03] INFO: [Recognition] Scores: S13234 - Jin_Rae=0.712 
[2025-10-18 15:52:03] INFO: [Decision] Best=S13234 - Jin_Rae(0.712), 2nd=0.000, Discriminative=0.712, AvgNeg=0.000
[2025-10-18 15:52:03] INFO: [Thresholds] Abs=0.581, Margin=0.099(13.9%), RelMargin=100.0%, Tightness=0.694, StdDev=0.123
[2025-10-18 15:52:03] INFO: [Decision] ACCEPT: Tier 1 - Absolute + Margin
[2025-10-18 15:52:04] INFO: [Recognition] Scores: S13234 - Jin_Rae=0.707 
[2025-10-18 15:52:04] INFO: [Decision] Best=S13234 - Jin_Rae(0.707), 2nd=0.000, Discriminative=0.707, AvgNeg=0.000
[2025-10-18 15:52:04] INFO: [Thresholds] Abs=0.581, Margin=0.099(13.9%), RelMargin=100.0%, Tightness=0.694, StdDev=0.123
[2025-10-18 15:52:04] INFO: [Decision] ACCEPT: Tier 1 - Absolute + Margin
[2025-10-18 15:52:04] INFO: [Recognition] Scores: S13234 - Jin_Rae=0.704 
[2025-10-18 15:52:04] INFO: [Decision] Best=S13234 - Jin_Rae(0.704), 2nd=0.000, Discriminative=0.704, AvgNeg=0.000
[2025-10-18 15:52:04] INFO: [Thresholds] Abs=0.581, Margin=0.099(14.0%), RelMargin=100.0%, Tightness=0.694, StdDev=0.123
[2025-10-18 15:52:04] INFO: [Decision] ACCEPT: Tier 1 - Absolute + Margin
[2025-10-18 15:52:04] INFO: [Recognition] Scores: S13234 - Jin_Rae=0.691 
[2025-10-18 15:52:04] INFO: [Decision] Best=S13234 - Jin_Rae(0.691), 2nd=0.000, Discriminative=0.691, AvgNeg=0.000
[2025-10-18 15:52:04] INFO: [Thresholds] Abs=0.581, Margin=0.099(14.3%), RelMargin=100.0%, Tightness=0.694, StdDev=0.123
[2025-10-18 15:52:04] INFO: [Decision] ACCEPT: Tier 1 - Absolute + Margin
[2025-10-18 15:52:04] INFO: [Recognition] Scores: S13234 - Jin_Rae=0.670 
[2025-10-18 15:52:04] INFO: [Decision] Best=S13234 - Jin_Rae(0.670), 2nd=0.000, Discriminative=0.670, AvgNeg=0.000
[2025-10-18 15:52:04] INFO: [Thresholds] Abs=0.581, Margin=0.099(14.7%), RelMargin=100.0%, Tightness=0.694, StdDev=0.123
[2025-10-18 15:52:04] INFO: [Decision] ACCEPT: Tier 1 - Absolute + Margin
[2025-10-18 15:52:04] INFO: [Recognition] Scores: S13234 - Jin_Rae=0.655 
[2025-10-18 15:52:04] INFO: [Decision] Best=S13234 - Jin_Rae(0.655), 2nd=0.000, Discriminative=0.655, AvgNeg=0.000
[2025-10-18 15:52:04] INFO: [Thresholds] Abs=0.581, Margin=0.099(15.1%), RelMargin=100.0%, Tightness=0.694, StdDev=0.123
[2025-10-18 15:52:04] INFO: [Decision] ACCEPT: Tier 1 - Absolute + Margin
[2025-10-18 15:52:04] INFO: [Recognition] Scores: S13234 - Jin_Rae=0.646 
[2025-10-18 15:52:04] INFO: [Decision] Best=S13234 - Jin_Rae(0.646), 2nd=0.000, Discriminative=0.646, AvgNeg=0.000
[2025-10-18 15:52:04] INFO: [Thresholds] Abs=0.581, Margin=0.099(15.3%), RelMargin=100.0%, Tightness=0.694, StdDev=0.123
[2025-10-18 15:52:04] INFO: [Decision] ACCEPT: Tier 1 - Absolute + Margin
[2025-10-18 15:52:04] INFO: [Recognition] Scores: S13234 - Jin_Rae=0.623 
[2025-10-18 15:52:04] INFO: [Decision] Best=S13234 - Jin_Rae(0.623), 2nd=0.000, Discriminative=0.623, AvgNeg=0.000
[2025-10-18 15:52:04] INFO: [Thresholds] Abs=0.581, Margin=0.099(15.8%), RelMargin=100.0%, Tightness=0.694, StdDev=0.123
[2025-10-18 15:52:04] INFO: [Decision] ACCEPT: Tier 1 - Absolute + Margin
[2025-10-18 15:52:04] INFO: [Recognition] Scores: S13234 - Jin_Rae=0.602 
[2025-10-18 15:52:04] INFO: [Decision] Best=S13234 - Jin_Rae(0.602), 2nd=0.000, Discriminative=0.602, AvgNeg=0.000
[2025-10-18 15:52:04] INFO: [Thresholds] Abs=0.581, Margin=0.099(16.4%), RelMargin=100.0%, Tightness=0.694, StdDev=0.123
[2025-10-18 15:52:04] INFO: [Decision] ACCEPT: Tier 1 - Absolute + Margin
[2025-10-18 15:52:04] INFO: [Recognition] Scores: S13234 - Jin_Rae=0.585 
[2025-10-18 15:52:04] INFO: [Decision] Best=S13234 - Jin_Rae(0.585), 2nd=0.000, Discriminative=0.585, AvgNeg=0.000
[2025-10-18 15:52:04] INFO: [Thresholds] Abs=0.581, Margin=0.099(16.8%), RelMargin=100.0%, Tightness=0.694, StdDev=0.123
[2025-10-18 15:52:04] INFO: [Decision] ACCEPT: Tier 1 - Absolute + Margin
[2025-10-18 15:52:04] INFO: [Recognition] Scores: S13234 - Jin_Rae=0.587 
[2025-10-18 15:52:04] INFO: [Decision] Best=S13234 - Jin_Rae(0.587), 2nd=0.000, Discriminative=0.587, AvgNeg=0.000
[2025-10-18 15:52:04] INFO: [Thresholds] Abs=0.581, Margin=0.099(16.8%), RelMargin=100.0%, Tightness=0.694, StdDev=0.123
[2025-10-18 15:52:04] INFO: [Decision] ACCEPT: Tier 1 - Absolute + Margin
[2025-10-18 15:52:04] INFO: [Recognition] Scores: S13234 - Jin_Rae=0.622 
[2025-10-18 15:52:04] INFO: [Decision] Best=S13234 - Jin_Rae(0.622), 2nd=0.000, Discriminative=0.622, AvgNeg=0.000
[2025-10-18 15:52:04] INFO: [Thresholds] Abs=0.581, Margin=0.099(15.9%), RelMargin=100.0%, Tightness=0.694, StdDev=0.123
[2025-10-18 15:52:04] INFO: [Decision] ACCEPT: Tier 1 - Absolute + Margin
[2025-10-18 15:52:04] INFO: [Recognition] Scores: S13234 - Jin_Rae=0.631 
[2025-10-18 15:52:04] INFO: [Decision] Best=S13234 - Jin_Rae(0.631), 2nd=0.000, Discriminative=0.631, AvgNeg=0.000
[2025-10-18 15:52:04] INFO: [Thresholds] Abs=0.581, Margin=0.099(15.6%), RelMargin=100.0%, Tightness=0.694, StdDev=0.123
[2025-10-18 15:52:04] INFO: [Decision] ACCEPT: Tier 1 - Absolute + Margin
[2025-10-18 15:52:04] INFO: [Recognition] Scores: S13234 - Jin_Rae=0.605 
[2025-10-18 15:52:04] INFO: [Decision] Best=S13234 - Jin_Rae(0.605), 2nd=0.000, Discriminative=0.605, AvgNeg=0.000
[2025-10-18 15:52:04] INFO: [Thresholds] Abs=0.581, Margin=0.099(16.3%), RelMargin=100.0%, Tightness=0.694, StdDev=0.123
[2025-10-18 15:52:04] INFO: [Decision] ACCEPT: Tier 1 - Absolute + Margin
[2025-10-18 15:52:04] INFO: [Recognition] Scores: S13234 - Jin_Rae=0.609 
[2025-10-18 15:52:04] INFO: [Decision] Best=S13234 - Jin_Rae(0.609), 2nd=0.000, Discriminative=0.609, AvgNeg=0.000
[2025-10-18 15:52:04] INFO: [Thresholds] Abs=0.581, Margin=0.099(16.2%), RelMargin=100.0%, Tightness=0.694, StdDev=0.123
[2025-10-18 15:52:04] INFO: [Decision] ACCEPT: Tier 1 - Absolute + Margin
[2025-10-18 15:52:04] INFO: [Recognition] Scores: S13234 - Jin_Rae=0.600 
[2025-10-18 15:52:04] INFO: [Decision] Best=S13234 - Jin_Rae(0.600), 2nd=0.000, Discriminative=0.600, AvgNeg=0.000
[2025-10-18 15:52:04] INFO: [Thresholds] Abs=0.581, Margin=0.099(16.4%), RelMargin=100.0%, Tightness=0.694, StdDev=0.123
[2025-10-18 15:52:04] INFO: [Decision] ACCEPT: Tier 1 - Absolute + Margin
[2025-10-18 15:52:04] INFO: [Recognition] Scores: S13234 - Jin_Rae=0.672 
[2025-10-18 15:52:04] INFO: [Decision] Best=S13234 - Jin_Rae(0.672), 2nd=0.000, Discriminative=0.672, AvgNeg=0.000
[2025-10-18 15:52:04] INFO: [Thresholds] Abs=0.581, Margin=0.099(14.7%), RelMargin=100.0%, Tightness=0.694, StdDev=0.123
[2025-10-18 15:52:04] INFO: [Decision] ACCEPT: Tier 1 - Absolute + Margin
[2025-10-18 15:52:05] INFO: [Recognition] Scores: S13234 - Jin_Rae=0.718 
[2025-10-18 15:52:05] INFO: [Decision] Best=S13234 - Jin_Rae(0.718), 2nd=0.000, Discriminative=0.718, AvgNeg=0.000
[2025-10-18 15:52:05] INFO: [Thresholds] Abs=0.581, Margin=0.099(13.7%), RelMargin=100.0%, Tightness=0.694, StdDev=0.123
[2025-10-18 15:52:05] INFO: [Decision] ACCEPT: Tier 1 - Absolute + Margin
[2025-10-18 15:52:05] INFO: [Recognition] Scores: S13234 - Jin_Rae=0.716 
[2025-10-18 15:52:05] INFO: [Decision] Best=S13234 - Jin_Rae(0.716), 2nd=0.000, Discriminative=0.716, AvgNeg=0.000
[2025-10-18 15:52:05] INFO: [Thresholds] Abs=0.581, Margin=0.099(13.8%), RelMargin=100.0%, Tightness=0.694, StdDev=0.123
[2025-10-18 15:52:05] INFO: [Decision] ACCEPT: Tier 1 - Absolute + Margin
[2025-10-18 15:52:05] INFO: [Recognition] Scores: S13234 - Jin_Rae=0.689 
[2025-10-18 15:52:05] INFO: [Decision] Best=S13234 - Jin_Rae(0.689), 2nd=0.000, Discriminative=0.689, AvgNeg=0.000
[2025-10-18 15:52:05] INFO: [Thresholds] Abs=0.581, Margin=0.099(14.3%), RelMargin=100.0%, Tightness=0.694, StdDev=0.123
[2025-10-18 15:52:05] INFO: [Decision] ACCEPT: Tier 1 - Absolute + Margin
[2025-10-18 15:52:05] INFO: [Recognition] Scores: S13234 - Jin_Rae=0.703 
[2025-10-18 15:52:05] INFO: [Decision] Best=S13234 - Jin_Rae(0.703), 2nd=0.000, Discriminative=0.703, AvgNeg=0.000
[2025-10-18 15:52:05] INFO: [Thresholds] Abs=0.581, Margin=0.099(14.0%), RelMargin=100.0%, Tightness=0.694, StdDev=0.123
[2025-10-18 15:52:05] INFO: [Decision] ACCEPT: Tier 1 - Absolute + Margin
[2025-10-18 15:52:05] INFO: [Recognition] Scores: S13234 - Jin_Rae=0.694 
[2025-10-18 15:52:05] INFO: [Decision] Best=S13234 - Jin_Rae(0.694), 2nd=0.000, Discriminative=0.694, AvgNeg=0.000
[2025-10-18 15:52:05] INFO: [Thresholds] Abs=0.581, Margin=0.099(14.2%), RelMargin=100.0%, Tightness=0.694, StdDev=0.123
[2025-10-18 15:52:05] INFO: [Decision] ACCEPT: Tier 1 - Absolute + Margin
[2025-10-18 15:52:05] INFO: [Recognition] Scores: S13234 - Jin_Rae=0.672 
[2025-10-18 15:52:05] INFO: [Decision] Best=S13234 - Jin_Rae(0.672), 2nd=0.000, Discriminative=0.672, AvgNeg=0.000
[2025-10-18 15:52:05] INFO: [Thresholds] Abs=0.581, Margin=0.099(14.7%), RelMargin=100.0%, Tightness=0.694, StdDev=0.123
[2025-10-18 15:52:05] INFO: [Decision] ACCEPT: Tier 1 - Absolute + Margin
[2025-10-18 15:52:05] INFO: [Recognition] Scores: S13234 - Jin_Rae=0.647 
[2025-10-18 15:52:05] INFO: [Decision] Best=S13234 - Jin_Rae(0.647), 2nd=0.000, Discriminative=0.647, AvgNeg=0.000
[2025-10-18 15:52:05] INFO: [Thresholds] Abs=0.581, Margin=0.099(15.2%), RelMargin=100.0%, Tightness=0.694, StdDev=0.123
[2025-10-18 15:52:05] INFO: [Decision] ACCEPT: Tier 1 - Absolute + Margin
[2025-10-18 15:52:05] INFO: [Recognition] Scores: S13234 - Jin_Rae=0.630 
[2025-10-18 15:52:05] INFO: [Decision] Best=S13234 - Jin_Rae(0.630), 2nd=0.000, Discriminative=0.630, AvgNeg=0.000
[2025-10-18 15:52:05] INFO: [Thresholds] Abs=0.581, Margin=0.099(15.7%), RelMargin=100.0%, Tightness=0.694, StdDev=0.123
[2025-10-18 15:52:05] INFO: [Decision] ACCEPT: Tier 1 - Absolute + Margin
[2025-10-18 15:52:05] INFO: [Recognition] Scores: S13234 - Jin_Rae=0.613 
[2025-10-18 15:52:05] INFO: [Decision] Best=S13234 - Jin_Rae(0.613), 2nd=0.000, Discriminative=0.613, AvgNeg=0.000
[2025-10-18 15:52:05] INFO: [Thresholds] Abs=0.581, Margin=0.099(16.1%), RelMargin=100.0%, Tightness=0.694, StdDev=0.123
[2025-10-18 15:52:05] INFO: [Decision] ACCEPT: Tier 1 - Absolute + Margin
[2025-10-18 15:52:05] INFO: [Recognition] Scores: S13234 - Jin_Rae=0.603 
[2025-10-18 15:52:05] INFO: [Decision] Best=S13234 - Jin_Rae(0.603), 2nd=0.000, Discriminative=0.603, AvgNeg=0.000
[2025-10-18 15:52:05] INFO: [Thresholds] Abs=0.581, Margin=0.099(16.3%), RelMargin=100.0%, Tightness=0.694, StdDev=0.123
[2025-10-18 15:52:05] INFO: [Decision] ACCEPT: Tier 1 - Absolute + Margin
[2025-10-18 15:52:05] INFO: [Recognition] Scores: S13234 - Jin_Rae=0.599 
[2025-10-18 15:52:05] INFO: [Decision] Best=S13234 - Jin_Rae(0.599), 2nd=0.000, Discriminative=0.599, AvgNeg=0.000
[2025-10-18 15:52:05] INFO: [Thresholds] Abs=0.581, Margin=0.099(16.5%), RelMargin=100.0%, Tightness=0.694, StdDev=0.123
[2025-10-18 15:52:05] INFO: [Decision] ACCEPT: Tier 1 - Absolute + Margin
[2025-10-18 15:52:05] INFO: [Recognition] Scores: S13234 - Jin_Rae=0.606 
[2025-10-18 15:52:05] INFO: [Decision] Best=S13234 - Jin_Rae(0.606), 2nd=0.000, Discriminative=0.606, AvgNeg=0.000
[2025-10-18 15:52:05] INFO: [Thresholds] Abs=0.581, Margin=0.099(16.3%), RelMargin=100.0%, Tightness=0.694, StdDev=0.123
[2025-10-18 15:52:05] INFO: [Decision] ACCEPT: Tier 1 - Absolute + Margin
[2025-10-18 15:52:05] INFO: [Recognition] Scores: S13234 - Jin_Rae=0.595 
[2025-10-18 15:52:05] INFO: [Decision] Best=S13234 - Jin_Rae(0.595), 2nd=0.000, Discriminative=0.595, AvgNeg=0.000
[2025-10-18 15:52:05] INFO: [Thresholds] Abs=0.581, Margin=0.099(16.6%), RelMargin=100.0%, Tightness=0.694, StdDev=0.123
[2025-10-18 15:52:05] INFO: [Decision] ACCEPT: Tier 1 - Absolute + Margin
[2025-10-18 15:52:05] INFO: [Recognition] Scores: S13234 - Jin_Rae=0.594 
[2025-10-18 15:52:05] INFO: [Decision] Best=S13234 - Jin_Rae(0.594), 2nd=0.000, Discriminative=0.594, AvgNeg=0.000
[2025-10-18 15:52:05] INFO: [Thresholds] Abs=0.581, Margin=0.099(16.6%), RelMargin=100.0%, Tightness=0.694, StdDev=0.123
[2025-10-18 15:52:05] INFO: [Decision] ACCEPT: Tier 1 - Absolute + Margin
[2025-10-18 15:52:05] INFO: [Recognition] Scores: S13234 - Jin_Rae=0.598 
[2025-10-18 15:52:05] INFO: [Decision] Best=S13234 - Jin_Rae(0.598), 2nd=0.000, Discriminative=0.598, AvgNeg=0.000
[2025-10-18 15:52:05] INFO: [Thresholds] Abs=0.581, Margin=0.099(16.5%), RelMargin=100.0%, Tightness=0.694, StdDev=0.123
[2025-10-18 15:52:05] INFO: [Decision] ACCEPT: Tier 1 - Absolute + Margin
[2025-10-18 15:52:06] INFO: [Recognition] Scores: S13234 - Jin_Rae=0.604 
[2025-10-18 15:52:06] INFO: [Decision] Best=S13234 - Jin_Rae(0.604), 2nd=0.000, Discriminative=0.604, AvgNeg=0.000
[2025-10-18 15:52:06] INFO: [Thresholds] Abs=0.581, Margin=0.099(16.3%), RelMargin=100.0%, Tightness=0.694, StdDev=0.123
[2025-10-18 15:52:06] INFO: [Decision] ACCEPT: Tier 1 - Absolute + Margin
[2025-10-18 15:52:06] INFO: [Recognition] Scores: S13234 - Jin_Rae=0.601 
[2025-10-18 15:52:06] INFO: [Decision] Best=S13234 - Jin_Rae(0.601), 2nd=0.000, Discriminative=0.601, AvgNeg=0.000
[2025-10-18 15:52:06] INFO: [Thresholds] Abs=0.581, Margin=0.099(16.4%), RelMargin=100.0%, Tightness=0.694, StdDev=0.123
[2025-10-18 15:52:06] INFO: [Decision] ACCEPT: Tier 1 - Absolute + Margin
[2025-10-18 15:52:06] INFO: [Recognition] Scores: S13234 - Jin_Rae=0.636 
[2025-10-18 15:52:06] INFO: [Decision] Best=S13234 - Jin_Rae(0.636), 2nd=0.000, Discriminative=0.636, AvgNeg=0.000
[2025-10-18 15:52:06] INFO: [Thresholds] Abs=0.581, Margin=0.099(15.5%), RelMargin=100.0%, Tightness=0.694, StdDev=0.123
[2025-10-18 15:52:06] INFO: [Decision] ACCEPT: Tier 1 - Absolute + Margin
[2025-10-18 15:52:06] INFO: [Recognition] Scores: S13234 - Jin_Rae=0.631 
[2025-10-18 15:52:06] INFO: [Decision] Best=S13234 - Jin_Rae(0.631), 2nd=0.000, Discriminative=0.631, AvgNeg=0.000
[2025-10-18 15:52:06] INFO: [Thresholds] Abs=0.581, Margin=0.099(15.6%), RelMargin=100.0%, Tightness=0.694, StdDev=0.123
[2025-10-18 15:52:06] INFO: [Decision] ACCEPT: Tier 1 - Absolute + Margin
[2025-10-18 15:52:06] INFO: [Recognition] Scores: S13234 - Jin_Rae=0.669 
[2025-10-18 15:52:06] INFO: [Decision] Best=S13234 - Jin_Rae(0.669), 2nd=0.000, Discriminative=0.669, AvgNeg=0.000
[2025-10-18 15:52:06] INFO: [Thresholds] Abs=0.581, Margin=0.099(14.7%), RelMargin=100.0%, Tightness=0.694, StdDev=0.123
[2025-10-18 15:52:06] INFO: [Decision] ACCEPT: Tier 1 - Absolute + Margin
[2025-10-18 15:52:06] INFO: [Recognition] Scores: S13234 - Jin_Rae=0.661 
[2025-10-18 15:52:06] INFO: [Decision] Best=S13234 - Jin_Rae(0.661), 2nd=0.000, Discriminative=0.661, AvgNeg=0.000
[2025-10-18 15:52:06] INFO: [Thresholds] Abs=0.581, Margin=0.099(14.9%), RelMargin=100.0%, Tightness=0.694, StdDev=0.123
[2025-10-18 15:52:06] INFO: [Decision] ACCEPT: Tier 1 - Absolute + Margin
[2025-10-18 15:52:06] INFO: [Recognition] Scores: S13234 - Jin_Rae=0.650 
[2025-10-18 15:52:06] INFO: [Decision] Best=S13234 - Jin_Rae(0.650), 2nd=0.000, Discriminative=0.650, AvgNeg=0.000
[2025-10-18 15:52:06] INFO: [Thresholds] Abs=0.581, Margin=0.099(15.2%), RelMargin=100.0%, Tightness=0.694, StdDev=0.123
[2025-10-18 15:52:06] INFO: [Decision] ACCEPT: Tier 1 - Absolute + Margin
[2025-10-18 15:52:06] INFO: [Recognition] Scores: S13234 - Jin_Rae=0.642 
[2025-10-18 15:52:06] INFO: [Decision] Best=S13234 - Jin_Rae(0.642), 2nd=0.000, Discriminative=0.642, AvgNeg=0.000
[2025-10-18 15:52:06] INFO: [Thresholds] Abs=0.581, Margin=0.099(15.3%), RelMargin=100.0%, Tightness=0.694, StdDev=0.123
[2025-10-18 15:52:06] INFO: [Decision] ACCEPT: Tier 1 - Absolute + Margin
[2025-10-18 15:52:06] INFO: [Recognition] Scores: S13234 - Jin_Rae=0.636 
[2025-10-18 15:52:06] INFO: [Decision] Best=S13234 - Jin_Rae(0.636), 2nd=0.000, Discriminative=0.636, AvgNeg=0.000
[2025-10-18 15:52:06] INFO: [Thresholds] Abs=0.581, Margin=0.099(15.5%), RelMargin=100.0%, Tightness=0.694, StdDev=0.123
[2025-10-18 15:52:06] INFO: [Decision] ACCEPT: Tier 1 - Absolute + Margin
[2025-10-18 15:52:06] INFO: [Recognition] Scores: S13234 - Jin_Rae=0.617 
[2025-10-18 15:52:06] INFO: [Decision] Best=S13234 - Jin_Rae(0.617), 2nd=0.000, Discriminative=0.617, AvgNeg=0.000
[2025-10-18 15:52:06] INFO: [Thresholds] Abs=0.581, Margin=0.099(16.0%), RelMargin=100.0%, Tightness=0.694, StdDev=0.123
[2025-10-18 15:52:06] INFO: [Decision] ACCEPT: Tier 1 - Absolute + Margin
[2025-10-18 15:52:06] INFO: [Recognition] Scores: S13234 - Jin_Rae=0.595 
[2025-10-18 15:52:06] INFO: [Decision] Best=S13234 - Jin_Rae(0.595), 2nd=0.000, Discriminative=0.595, AvgNeg=0.000
[2025-10-18 15:52:06] INFO: [Thresholds] Abs=0.581, Margin=0.099(16.6%), RelMargin=100.0%, Tightness=0.694, StdDev=0.123
[2025-10-18 15:52:06] INFO: [Decision] ACCEPT: Tier 1 - Absolute + Margin
[2025-10-18 15:52:06] INFO: [Recognition] Scores: S13234 - Jin_Rae=0.582 
[2025-10-18 15:52:06] INFO: [Decision] Best=S13234 - Jin_Rae(0.582), 2nd=0.000, Discriminative=0.582, AvgNeg=0.000
[2025-10-18 15:52:06] INFO: [Thresholds] Abs=0.581, Margin=0.099(16.9%), RelMargin=100.0%, Tightness=0.694, StdDev=0.123
[2025-10-18 15:52:06] INFO: [Decision] ACCEPT: Tier 1 - Absolute + Margin
[2025-10-18 15:52:06] INFO: [Recognition] Scores: S13234 - Jin_Rae=0.563 
[2025-10-18 15:52:06] INFO: [Decision] Best=S13234 - Jin_Rae(0.563), 2nd=0.000, Discriminative=0.563, AvgNeg=0.000
[2025-10-18 15:52:06] INFO: [Thresholds] Abs=0.581, Margin=0.099(17.5%), RelMargin=100.0%, Tightness=0.694, StdDev=0.123
[2025-10-18 15:52:06] INFO: [Decision] REJECT: Abs=false, AbsMargin=true, RelMargin=true, Discrim=false, Consist=true
[2025-10-18 15:52:06] INFO: [Recognition] Scores: S13234 - Jin_Rae=0.585 
[2025-10-18 15:52:06] INFO: [Decision] Best=S13234 - Jin_Rae(0.585), 2nd=0.000, Discriminative=0.585, AvgNeg=0.000
[2025-10-18 15:52:06] INFO: [Thresholds] Abs=0.581, Margin=0.099(16.8%), RelMargin=100.0%, Tightness=0.694, StdDev=0.123
[2025-10-18 15:52:06] INFO: [Decision] ACCEPT: Tier 1 - Absolute + Margin
[2025-10-18 15:52:06] INFO: [Recognition] Scores: S13234 - Jin_Rae=0.542 
[2025-10-18 15:52:06] INFO: [Decision] Best=S13234 - Jin_Rae(0.542), 2nd=0.000, Discriminative=0.542, AvgNeg=0.000
[2025-10-18 15:52:06] INFO: [Thresholds] Abs=0.581, Margin=0.099(18.2%), RelMargin=100.0%, Tightness=0.694, StdDev=0.123
[2025-10-18 15:52:06] INFO: [Decision] REJECT: Abs=false, AbsMargin=true, RelMargin=true, Discrim=false, Consist=true
[2025-10-18 15:52:06] INFO: [Recognition] Scores: S13234 - Jin_Rae=0.499 
[2025-10-18 15:52:06] INFO: [Decision] Best=S13234 - Jin_Rae(0.499), 2nd=0.000, Discriminative=0.499, AvgNeg=0.000
[2025-10-18 15:52:06] INFO: [Thresholds] Abs=0.581, Margin=0.099(19.8%), RelMargin=100.0%, Tightness=0.694, StdDev=0.123
[2025-10-18 15:52:06] INFO: [Decision] REJECT: Abs=false, AbsMargin=true, RelMargin=true, Discrim=false, Consist=true
[2025-10-18 15:52:07] INFO: [Recognition] Scores: S13234 - Jin_Rae=0.479 
[2025-10-18 15:52:07] INFO: [Decision] Best=S13234 - Jin_Rae(0.479), 2nd=0.000, Discriminative=0.479, AvgNeg=0.000
[2025-10-18 15:52:07] INFO: [Thresholds] Abs=0.581, Margin=0.099(20.6%), RelMargin=100.0%, Tightness=0.694, StdDev=0.123
[2025-10-18 15:52:07] INFO: [Decision] REJECT: Abs=false, AbsMargin=true, RelMargin=true, Discrim=false, Consist=true
[2025-10-18 15:52:07] INFO: [Recognition] Scores: S13234 - Jin_Rae=0.443 
[2025-10-18 15:52:07] INFO: [Decision] Best=S13234 - Jin_Rae(0.443), 2nd=0.000, Discriminative=0.443, AvgNeg=0.000
[2025-10-18 15:52:07] INFO: [Thresholds] Abs=0.581, Margin=0.099(22.2%), RelMargin=100.0%, Tightness=0.694, StdDev=0.123
[2025-10-18 15:52:07] INFO: [Decision] REJECT: Abs=false, AbsMargin=true, RelMargin=true, Discrim=false, Consist=false
[2025-10-18 15:52:07] INFO: [Recognition] Scores: S13234 - Jin_Rae=0.385 
[2025-10-18 15:52:07] INFO: [Decision] Best=S13234 - Jin_Rae(0.385), 2nd=0.000, Discriminative=0.385, AvgNeg=0.000
[2025-10-18 15:52:07] INFO: [Thresholds] Abs=0.581, Margin=0.099(25.6%), RelMargin=100.0%, Tightness=0.694, StdDev=0.123
[2025-10-18 15:52:07] INFO: [Decision] REJECT: Abs=false, AbsMargin=true, RelMargin=true, Discrim=false, Consist=false
[2025-10-18 15:52:07] INFO: [Recognition] Scores: S13234 - Jin_Rae=0.384 
[2025-10-18 15:52:07] INFO: [Decision] Best=S13234 - Jin_Rae(0.384), 2nd=0.000, Discriminative=0.384, AvgNeg=0.000
[2025-10-18 15:52:07] INFO: [Thresholds] Abs=0.581, Margin=0.099(25.6%), RelMargin=100.0%, Tightness=0.694, StdDev=0.123
[2025-10-18 15:52:07] INFO: [Decision] REJECT: Abs=false, AbsMargin=true, RelMargin=true, Discrim=false, Consist=false
[2025-10-18 15:52:07] INFO: [Recognition] Scores: S13234 - Jin_Rae=0.377 
[2025-10-18 15:52:07] INFO: [Decision] Best=S13234 - Jin_Rae(0.377), 2nd=0.000, Discriminative=0.377, AvgNeg=0.000
[2025-10-18 15:52:07] INFO: [Thresholds] Abs=0.581, Margin=0.099(26.1%), RelMargin=100.0%, Tightness=0.694, StdDev=0.123
[2025-10-18 15:52:07] INFO: [Decision] REJECT: Abs=false, AbsMargin=true, RelMargin=true, Discrim=false, Consist=false
[2025-10-18 15:52:07] INFO: [Recognition] Scores: S13234 - Jin_Rae=0.392 
[2025-10-18 15:52:07] INFO: [Decision] Best=S13234 - Jin_Rae(0.392), 2nd=0.000, Discriminative=0.392, AvgNeg=0.000
[2025-10-18 15:52:07] INFO: [Thresholds] Abs=0.581, Margin=0.099(25.1%), RelMargin=100.0%, Tightness=0.694, StdDev=0.123
[2025-10-18 15:52:07] INFO: [Decision] REJECT: Abs=false, AbsMargin=true, RelMargin=true, Discrim=false, Consist=false
[2025-10-18 15:52:07] INFO: [Recognition] Scores: S13234 - Jin_Rae=0.364 
[2025-10-18 15:52:07] INFO: [Decision] Best=S13234 - Jin_Rae(0.364), 2nd=0.000, Discriminative=0.364, AvgNeg=0.000
[2025-10-18 15:52:07] INFO: [Thresholds] Abs=0.581, Margin=0.099(27.1%), RelMargin=100.0%, Tightness=0.694, StdDev=0.123
[2025-10-18 15:52:07] INFO: [Decision] REJECT: Abs=false, AbsMargin=true, RelMargin=true, Discrim=false, Consist=false
[2025-10-18 15:52:07] INFO: [Recognition] Scores: S13234 - Jin_Rae=0.362 
[2025-10-18 15:52:07] INFO: [Decision] Best=S13234 - Jin_Rae(0.362), 2nd=0.000, Discriminative=0.362, AvgNeg=0.000
[2025-10-18 15:52:07] INFO: [Thresholds] Abs=0.581, Margin=0.099(27.2%), RelMargin=100.0%, Tightness=0.694, StdDev=0.123
[2025-10-18 15:52:07] INFO: [Decision] REJECT: Abs=false, AbsMargin=true, RelMargin=true, Discrim=false, Consist=false
[2025-10-18 15:52:07] INFO: [Recognition] Scores: S13234 - Jin_Rae=0.342 
[2025-10-18 15:52:07] INFO: [Decision] Best=S13234 - Jin_Rae(0.342), 2nd=0.000, Discriminative=0.342, AvgNeg=0.000
[2025-10-18 15:52:07] INFO: [Thresholds] Abs=0.581, Margin=0.099(28.9%), RelMargin=100.0%, Tightness=0.694, StdDev=0.123
[2025-10-18 15:52:07] INFO: [Decision] REJECT: Abs=false, AbsMargin=true, RelMargin=true, Discrim=false, Consist=false
[2025-10-18 15:52:07] INFO: [Recognition] Scores: S13234 - Jin_Rae=0.388 
[2025-10-18 15:52:07] INFO: [Decision] Best=S13234 - Jin_Rae(0.388), 2nd=0.000, Discriminative=0.388, AvgNeg=0.000
[2025-10-18 15:52:07] INFO: [Thresholds] Abs=0.581, Margin=0.099(25.4%), RelMargin=100.0%, Tightness=0.694, StdDev=0.123
[2025-10-18 15:52:07] INFO: [Decision] REJECT: Abs=false, AbsMargin=true, RelMargin=true, Discrim=false, Consist=false
[2025-10-18 15:52:07] INFO: [Recognition] Scores: S13234 - Jin_Rae=0.577 
[2025-10-18 15:52:07] INFO: [Decision] Best=S13234 - Jin_Rae(0.577), 2nd=0.000, Discriminative=0.577, AvgNeg=0.000
[2025-10-18 15:52:07] INFO: [Thresholds] Abs=0.581, Margin=0.099(17.1%), RelMargin=100.0%, Tightness=0.694, StdDev=0.123
[2025-10-18 15:52:07] INFO: [Decision] REJECT: Abs=false, AbsMargin=true, RelMargin=true, Discrim=false, Consist=false
[2025-10-18 15:52:07] INFO: [Recognition] Scores: S13234 - Jin_Rae=0.565 
[2025-10-18 15:52:07] INFO: [Decision] Best=S13234 - Jin_Rae(0.565), 2nd=0.000, Discriminative=0.565, AvgNeg=0.000
[2025-10-18 15:52:07] INFO: [Thresholds] Abs=0.581, Margin=0.099(17.4%), RelMargin=100.0%, Tightness=0.694, StdDev=0.123
[2025-10-18 15:52:07] INFO: [Decision] REJECT: Abs=false, AbsMargin=true, RelMargin=true, Discrim=false, Consist=false
[2025-10-18 15:52:07] INFO: [Recognition] Scores: S13234 - Jin_Rae=0.588 
[2025-10-18 15:52:07] INFO: [Decision] Best=S13234 - Jin_Rae(0.588), 2nd=0.000, Discriminative=0.588, AvgNeg=0.000
[2025-10-18 15:52:07] INFO: [Thresholds] Abs=0.581, Margin=0.099(16.8%), RelMargin=100.0%, Tightness=0.694, StdDev=0.123
[2025-10-18 15:52:07] INFO: [Decision] ACCEPT: Tier 1 - Absolute + Margin
[2025-10-18 15:52:07] INFO: [Recognition] Scores: S13234 - Jin_Rae=0.590 
[2025-10-18 15:52:07] INFO: [Decision] Best=S13234 - Jin_Rae(0.590), 2nd=0.000, Discriminative=0.590, AvgNeg=0.000
[2025-10-18 15:52:07] INFO: [Thresholds] Abs=0.581, Margin=0.099(16.7%), RelMargin=100.0%, Tightness=0.694, StdDev=0.123
[2025-10-18 15:52:07] INFO: [Decision] ACCEPT: Tier 1 - Absolute + Margin
[2025-10-18 15:52:07] INFO: [Recognition] Scores: S13234 - Jin_Rae=0.585 
[2025-10-18 15:52:07] INFO: [Decision] Best=S13234 - Jin_Rae(0.585), 2nd=0.000, Discriminative=0.585, AvgNeg=0.000
[2025-10-18 15:52:07] INFO: [Thresholds] Abs=0.581, Margin=0.099(16.9%), RelMargin=100.0%, Tightness=0.694, StdDev=0.123
[2025-10-18 15:52:07] INFO: [Decision] ACCEPT: Tier 1 - Absolute + Margin
[2025-10-18 15:52:07] INFO: [Recognition] Scores: S13234 - Jin_Rae=0.582 
[2025-10-18 15:52:07] INFO: [Decision] Best=S13234 - Jin_Rae(0.582), 2nd=0.000, Discriminative=0.582, AvgNeg=0.000
[2025-10-18 15:52:07] INFO: [Thresholds] Abs=0.581, Margin=0.099(16.9%), RelMargin=100.0%, Tightness=0.694, StdDev=0.123
[2025-10-18 15:52:07] INFO: [Decision] ACCEPT: Tier 1 - Absolute + Margin
[2025-10-18 15:52:08] INFO: [Recognition] Scores: S13234 - Jin_Rae=0.591 
[2025-10-18 15:52:08] INFO: [Decision] Best=S13234 - Jin_Rae(0.591), 2nd=0.000, Discriminative=0.591, AvgNeg=0.000
[2025-10-18 15:52:08] INFO: [Thresholds] Abs=0.581, Margin=0.099(16.7%), RelMargin=100.0%, Tightness=0.694, StdDev=0.123
[2025-10-18 15:52:08] INFO: [Decision] ACCEPT: Tier 1 - Absolute + Margin
[2025-10-18 15:52:08] INFO: [Recognition] Scores: S13234 - Jin_Rae=0.574 
[2025-10-18 15:52:08] INFO: [Decision] Best=S13234 - Jin_Rae(0.574), 2nd=0.000, Discriminative=0.574, AvgNeg=0.000
[2025-10-18 15:52:08] INFO: [Thresholds] Abs=0.581, Margin=0.099(17.2%), RelMargin=100.0%, Tightness=0.694, StdDev=0.123
[2025-10-18 15:52:08] INFO: [Decision] REJECT: Abs=false, AbsMargin=true, RelMargin=true, Discrim=false, Consist=true
[2025-10-18 15:52:08] INFO: [Recognition] Scores: S13234 - Jin_Rae=0.583 
[2025-10-18 15:52:08] INFO: [Decision] Best=S13234 - Jin_Rae(0.583), 2nd=0.000, Discriminative=0.583, AvgNeg=0.000
[2025-10-18 15:52:08] INFO: [Thresholds] Abs=0.581, Margin=0.099(16.9%), RelMargin=100.0%, Tightness=0.694, StdDev=0.123
[2025-10-18 15:52:08] INFO: [Decision] ACCEPT: Tier 1 - Absolute + Margin
[2025-10-18 15:52:08] INFO: [Recognition] Scores: S13234 - Jin_Rae=0.578 
[2025-10-18 15:52:08] INFO: [Decision] Best=S13234 - Jin_Rae(0.578), 2nd=0.000, Discriminative=0.578, AvgNeg=0.000
[2025-10-18 15:52:08] INFO: [Thresholds] Abs=0.581, Margin=0.099(17.1%), RelMargin=100.0%, Tightness=0.694, StdDev=0.123
[2025-10-18 15:52:08] INFO: [Decision] REJECT: Abs=false, AbsMargin=true, RelMargin=true, Discrim=false, Consist=true
[2025-10-18 15:52:08] INFO: [Recognition] Scores: S13234 - Jin_Rae=0.570 
[2025-10-18 15:52:08] INFO: [Decision] Best=S13234 - Jin_Rae(0.570), 2nd=0.000, Discriminative=0.570, AvgNeg=0.000
[2025-10-18 15:52:08] INFO: [Thresholds] Abs=0.581, Margin=0.099(17.3%), RelMargin=100.0%, Tightness=0.694, StdDev=0.123
[2025-10-18 15:52:08] INFO: [Decision] REJECT: Abs=false, AbsMargin=true, RelMargin=true, Discrim=false, Consist=true
[2025-10-18 15:52:08] INFO: [Recognition] Scores: S13234 - Jin_Rae=0.553 
[2025-10-18 15:52:08] INFO: [Decision] Best=S13234 - Jin_Rae(0.553), 2nd=0.000, Discriminative=0.553, AvgNeg=0.000
[2025-10-18 15:52:08] INFO: [Thresholds] Abs=0.581, Margin=0.099(17.8%), RelMargin=100.0%, Tightness=0.694, StdDev=0.123
[2025-10-18 15:52:08] INFO: [Decision] REJECT: Abs=false, AbsMargin=true, RelMargin=true, Discrim=false, Consist=true
[2025-10-18 15:52:08] INFO: [Recognition] Scores: S13234 - Jin_Rae=0.558 
[2025-10-18 15:52:08] INFO: [Decision] Best=S13234 - Jin_Rae(0.558), 2nd=0.000, Discriminative=0.558, AvgNeg=0.000
[2025-10-18 15:52:08] INFO: [Thresholds] Abs=0.581, Margin=0.099(17.7%), RelMargin=100.0%, Tightness=0.694, StdDev=0.123
[2025-10-18 15:52:08] INFO: [Decision] REJECT: Abs=false, AbsMargin=true, RelMargin=true, Discrim=false, Consist=false
[2025-10-18 15:52:08] INFO: [Recognition] Scores: S13234 - Jin_Rae=0.572 
[2025-10-18 15:52:08] INFO: [Decision] Best=S13234 - Jin_Rae(0.572), 2nd=0.000, Discriminative=0.572, AvgNeg=0.000
[2025-10-18 15:52:08] INFO: [Thresholds] Abs=0.581, Margin=0.099(17.2%), RelMargin=100.0%, Tightness=0.694, StdDev=0.123
[2025-10-18 15:52:08] INFO: [Decision] REJECT: Abs=false, AbsMargin=true, RelMargin=true, Discrim=false, Consist=false
[2025-10-18 15:52:08] INFO: [Recognition] Scores: S13234 - Jin_Rae=0.595 
[2025-10-18 15:52:08] INFO: [Decision] Best=S13234 - Jin_Rae(0.595), 2nd=0.000, Discriminative=0.595, AvgNeg=0.000
[2025-10-18 15:52:08] INFO: [Thresholds] Abs=0.581, Margin=0.099(16.6%), RelMargin=100.0%, Tightness=0.694, StdDev=0.123
[2025-10-18 15:52:08] INFO: [Decision] ACCEPT: Tier 1 - Absolute + Margin
[2025-10-18 15:52:08] INFO: [Recognition] Scores: S13234 - Jin_Rae=0.636 
[2025-10-18 15:52:08] INFO: [Decision] Best=S13234 - Jin_Rae(0.636), 2nd=0.000, Discriminative=0.636, AvgNeg=0.000
[2025-10-18 15:52:08] INFO: [Thresholds] Abs=0.581, Margin=0.099(15.5%), RelMargin=100.0%, Tightness=0.694, StdDev=0.123
[2025-10-18 15:52:08] INFO: [Decision] ACCEPT: Tier 1 - Absolute + Margin
[2025-10-18 15:52:08] INFO: [Recognition] Scores: S13234 - Jin_Rae=0.600 
[2025-10-18 15:52:08] INFO: [Decision] Best=S13234 - Jin_Rae(0.600), 2nd=0.000, Discriminative=0.600, AvgNeg=0.000
[2025-10-18 15:52:08] INFO: [Thresholds] Abs=0.581, Margin=0.099(16.4%), RelMargin=100.0%, Tightness=0.694, StdDev=0.123
[2025-10-18 15:52:08] INFO: [Decision] ACCEPT: Tier 1 - Absolute + Margin
[2025-10-18 15:52:08] INFO: [Recognition] Scores: S13234 - Jin_Rae=0.607 
[2025-10-18 15:52:08] INFO: [Decision] Best=S13234 - Jin_Rae(0.607), 2nd=0.000, Discriminative=0.607, AvgNeg=0.000
[2025-10-18 15:52:08] INFO: [Thresholds] Abs=0.581, Margin=0.099(16.2%), RelMargin=100.0%, Tightness=0.694, StdDev=0.123
[2025-10-18 15:52:08] INFO: [Decision] ACCEPT: Tier 1 - Absolute + Margin
[2025-10-18 15:52:08] INFO: [Recognition] Scores: S13234 - Jin_Rae=0.600 
[2025-10-18 15:52:08] INFO: [Decision] Best=S13234 - Jin_Rae(0.600), 2nd=0.000, Discriminative=0.600, AvgNeg=0.000
[2025-10-18 15:52:08] INFO: [Thresholds] Abs=0.581, Margin=0.099(16.4%), RelMargin=100.0%, Tightness=0.694, StdDev=0.123
[2025-10-18 15:52:08] INFO: [Decision] ACCEPT: Tier 1 - Absolute + Margin
[2025-10-18 15:52:08] INFO: [Recognition] Scores: S13234 - Jin_Rae=0.587 
[2025-10-18 15:52:08] INFO: [Decision] Best=S13234 - Jin_Rae(0.587), 2nd=0.000, Discriminative=0.587, AvgNeg=0.000
[2025-10-18 15:52:08] INFO: [Thresholds] Abs=0.581, Margin=0.099(16.8%), RelMargin=100.0%, Tightness=0.694, StdDev=0.123
[2025-10-18 15:52:08] INFO: [Decision] ACCEPT: Tier 1 - Absolute + Margin
[2025-10-18 15:52:08] INFO: [Recognition] Scores: S13234 - Jin_Rae=0.611 
[2025-10-18 15:52:08] INFO: [Decision] Best=S13234 - Jin_Rae(0.611), 2nd=0.000, Discriminative=0.611, AvgNeg=0.000
[2025-10-18 15:52:08] INFO: [Thresholds] Abs=0.581, Margin=0.099(16.1%), RelMargin=100.0%, Tightness=0.694, StdDev=0.123
[2025-10-18 15:52:08] INFO: [Decision] ACCEPT: Tier 1 - Absolute + Margin
[2025-10-18 15:52:08] INFO: [Recognition] Scores: S13234 - Jin_Rae=0.618 
[2025-10-18 15:52:08] INFO: [Decision] Best=S13234 - Jin_Rae(0.618), 2nd=0.000, Discriminative=0.618, AvgNeg=0.000
[2025-10-18 15:52:08] INFO: [Thresholds] Abs=0.581, Margin=0.099(15.9%), RelMargin=100.0%, Tightness=0.694, StdDev=0.123
[2025-10-18 15:52:08] INFO: [Decision] ACCEPT: Tier 1 - Absolute + Margin
[2025-10-18 15:52:09] INFO: [Recognition] Scores: S13234 - Jin_Rae=0.666 
[2025-10-18 15:52:09] INFO: [Decision] Best=S13234 - Jin_Rae(0.666), 2nd=0.000, Discriminative=0.666, AvgNeg=0.000
[2025-10-18 15:52:09] INFO: [Thresholds] Abs=0.581, Margin=0.099(14.8%), RelMargin=100.0%, Tightness=0.694, StdDev=0.123
[2025-10-18 15:52:09] INFO: [Decision] ACCEPT: Tier 1 - Absolute + Margin
[2025-10-18 15:52:09] INFO: [Recognition] Scores: S13234 - Jin_Rae=0.661 
[2025-10-18 15:52:09] INFO: [Decision] Best=S13234 - Jin_Rae(0.661), 2nd=0.000, Discriminative=0.661, AvgNeg=0.000
[2025-10-18 15:52:09] INFO: [Thresholds] Abs=0.581, Margin=0.099(14.9%), RelMargin=100.0%, Tightness=0.694, StdDev=0.123
[2025-10-18 15:52:09] INFO: [Decision] ACCEPT: Tier 1 - Absolute + Margin
[2025-10-18 15:52:09] INFO: [Recognition] Scores: S13234 - Jin_Rae=0.653 
[2025-10-18 15:52:09] INFO: [Decision] Best=S13234 - Jin_Rae(0.653), 2nd=0.000, Discriminative=0.653, AvgNeg=0.000
[2025-10-18 15:52:09] INFO: [Thresholds] Abs=0.581, Margin=0.099(15.1%), RelMargin=100.0%, Tightness=0.694, StdDev=0.123
[2025-10-18 15:52:09] INFO: [Decision] ACCEPT: Tier 1 - Absolute + Margin
[2025-10-18 15:52:09] INFO: [Recognition] Scores: S13234 - Jin_Rae=0.654 
[2025-10-18 15:52:09] INFO: [Decision] Best=S13234 - Jin_Rae(0.654), 2nd=0.000, Discriminative=0.654, AvgNeg=0.000
[2025-10-18 15:52:09] INFO: [Thresholds] Abs=0.581, Margin=0.099(15.1%), RelMargin=100.0%, Tightness=0.694, StdDev=0.123
[2025-10-18 15:52:09] INFO: [Decision] ACCEPT: Tier 1 - Absolute + Margin
[2025-10-18 15:52:09] INFO: [Recognition] Scores: S13234 - Jin_Rae=0.657 
[2025-10-18 15:52:09] INFO: [Decision] Best=S13234 - Jin_Rae(0.657), 2nd=0.000, Discriminative=0.657, AvgNeg=0.000
[2025-10-18 15:52:09] INFO: [Thresholds] Abs=0.581, Margin=0.099(15.0%), RelMargin=100.0%, Tightness=0.694, StdDev=0.123
[2025-10-18 15:52:09] INFO: [Decision] ACCEPT: Tier 1 - Absolute + Margin
[2025-10-18 15:52:09] INFO: [Recognition] Scores: S13234 - Jin_Rae=0.705 
[2025-10-18 15:52:09] INFO: [Decision] Best=S13234 - Jin_Rae(0.705), 2nd=0.000, Discriminative=0.705, AvgNeg=0.000
[2025-10-18 15:52:09] INFO: [Thresholds] Abs=0.581, Margin=0.099(14.0%), RelMargin=100.0%, Tightness=0.694, StdDev=0.123
[2025-10-18 15:52:09] INFO: [Decision] ACCEPT: Tier 1 - Absolute + Margin
[2025-10-18 15:52:09] INFO: [Recognition] Scores: S13234 - Jin_Rae=0.663 
[2025-10-18 15:52:09] INFO: [Decision] Best=S13234 - Jin_Rae(0.663), 2nd=0.000, Discriminative=0.663, AvgNeg=0.000
[2025-10-18 15:52:09] INFO: [Thresholds] Abs=0.581, Margin=0.099(14.9%), RelMargin=100.0%, Tightness=0.694, StdDev=0.123
[2025-10-18 15:52:09] INFO: [Decision] ACCEPT: Tier 1 - Absolute + Margin
[2025-10-18 15:52:09] INFO: [Recognition] Scores: S13234 - Jin_Rae=0.662 
[2025-10-18 15:52:09] INFO: [Decision] Best=S13234 - Jin_Rae(0.662), 2nd=0.000, Discriminative=0.662, AvgNeg=0.000
[2025-10-18 15:52:09] INFO: [Thresholds] Abs=0.581, Margin=0.099(14.9%), RelMargin=100.0%, Tightness=0.694, StdDev=0.123
[2025-10-18 15:52:09] INFO: [Decision] ACCEPT: Tier 1 - Absolute + Margin
[2025-10-18 15:52:09] INFO: [Recognition] Scores: S13234 - Jin_Rae=0.674 
[2025-10-18 15:52:09] INFO: [Decision] Best=S13234 - Jin_Rae(0.674), 2nd=0.000, Discriminative=0.674, AvgNeg=0.000
[2025-10-18 15:52:09] INFO: [Thresholds] Abs=0.581, Margin=0.099(14.6%), RelMargin=100.0%, Tightness=0.694, StdDev=0.123
[2025-10-18 15:52:09] INFO: [Decision] ACCEPT: Tier 1 - Absolute + Margin
[2025-10-18 15:52:09] INFO: [Recognition] Scores: S13234 - Jin_Rae=0.665 
[2025-10-18 15:52:09] INFO: [Decision] Best=S13234 - Jin_Rae(0.665), 2nd=0.000, Discriminative=0.665, AvgNeg=0.000
[2025-10-18 15:52:09] INFO: [Thresholds] Abs=0.581, Margin=0.099(14.8%), RelMargin=100.0%, Tightness=0.694, StdDev=0.123
[2025-10-18 15:52:09] INFO: [Decision] ACCEPT: Tier 1 - Absolute + Margin
[2025-10-18 15:52:09] INFO: [Recognition] Scores: S13234 - Jin_Rae=0.646 
[2025-10-18 15:52:09] INFO: [Decision] Best=S13234 - Jin_Rae(0.646), 2nd=0.000, Discriminative=0.646, AvgNeg=0.000
[2025-10-18 15:52:09] INFO: [Thresholds] Abs=0.581, Margin=0.099(15.3%), RelMargin=100.0%, Tightness=0.694, StdDev=0.123
[2025-10-18 15:52:09] INFO: [Decision] ACCEPT: Tier 1 - Absolute + Margin
[2025-10-18 15:52:09] INFO: [Recognition] Scores: S13234 - Jin_Rae=0.657 
[2025-10-18 15:52:09] INFO: [Decision] Best=S13234 - Jin_Rae(0.657), 2nd=0.000, Discriminative=0.657, AvgNeg=0.000
[2025-10-18 15:52:09] INFO: [Thresholds] Abs=0.581, Margin=0.099(15.0%), RelMargin=100.0%, Tightness=0.694, StdDev=0.123
[2025-10-18 15:52:09] INFO: [Decision] ACCEPT: Tier 1 - Absolute + Margin
[2025-10-18 15:52:09] INFO: [Recognition] Scores: S13234 - Jin_Rae=0.646 
[2025-10-18 15:52:09] INFO: [Decision] Best=S13234 - Jin_Rae(0.646), 2nd=0.000, Discriminative=0.646, AvgNeg=0.000
[2025-10-18 15:52:09] INFO: [Thresholds] Abs=0.581, Margin=0.099(15.3%), RelMargin=100.0%, Tightness=0.694, StdDev=0.123
[2025-10-18 15:52:09] INFO: [Decision] ACCEPT: Tier 1 - Absolute + Margin
[2025-10-18 15:52:09] INFO: [Recognition] Scores: S13234 - Jin_Rae=0.637 
[2025-10-18 15:52:09] INFO: [Decision] Best=S13234 - Jin_Rae(0.637), 2nd=0.000, Discriminative=0.637, AvgNeg=0.000
[2025-10-18 15:52:09] INFO: [Thresholds] Abs=0.581, Margin=0.099(15.5%), RelMargin=100.0%, Tightness=0.694, StdDev=0.123
[2025-10-18 15:52:09] INFO: [Decision] ACCEPT: Tier 1 - Absolute + Margin
[2025-10-18 15:52:09] INFO: [Recognition] Scores: S13234 - Jin_Rae=0.650 
[2025-10-18 15:52:09] INFO: [Decision] Best=S13234 - Jin_Rae(0.650), 2nd=0.000, Discriminative=0.650, AvgNeg=0.000
[2025-10-18 15:52:09] INFO: [Thresholds] Abs=0.581, Margin=0.099(15.2%), RelMargin=100.0%, Tightness=0.694, StdDev=0.123
[2025-10-18 15:52:09] INFO: [Decision] ACCEPT: Tier 1 - Absolute + Margin
[2025-10-18 15:52:10] INFO: [Recognition] Scores: S13234 - Jin_Rae=0.687 
[2025-10-18 15:52:10] INFO: [Decision] Best=S13234 - Jin_Rae(0.687), 2nd=0.000, Discriminative=0.687, AvgNeg=0.000
[2025-10-18 15:52:10] INFO: [Thresholds] Abs=0.581, Margin=0.099(14.4%), RelMargin=100.0%, Tightness=0.694, StdDev=0.123
[2025-10-18 15:52:10] INFO: [Decision] ACCEPT: Tier 1 - Absolute + Margin
[2025-10-18 15:52:10] INFO: [Recognition] Scores: S13234 - Jin_Rae=0.699 
[2025-10-18 15:52:10] INFO: [Decision] Best=S13234 - Jin_Rae(0.699), 2nd=0.000, Discriminative=0.699, AvgNeg=0.000
[2025-10-18 15:52:10] INFO: [Thresholds] Abs=0.581, Margin=0.099(14.1%), RelMargin=100.0%, Tightness=0.694, StdDev=0.123
[2025-10-18 15:52:10] INFO: [Decision] ACCEPT: Tier 1 - Absolute + Margin
[2025-10-18 15:52:10] INFO: [Recognition] Scores: S13234 - Jin_Rae=0.686 
[2025-10-18 15:52:10] INFO: [Decision] Best=S13234 - Jin_Rae(0.686), 2nd=0.000, Discriminative=0.686, AvgNeg=0.000
[2025-10-18 15:52:10] INFO: [Thresholds] Abs=0.581, Margin=0.099(14.4%), RelMargin=100.0%, Tightness=0.694, StdDev=0.123
[2025-10-18 15:52:10] INFO: [Decision] ACCEPT: Tier 1 - Absolute + Margin
[2025-10-18 15:52:10] INFO: [Recognition] Scores: S13234 - Jin_Rae=0.693 
[2025-10-18 15:52:10] INFO: [Decision] Best=S13234 - Jin_Rae(0.693), 2nd=0.000, Discriminative=0.693, AvgNeg=0.000
[2025-10-18 15:52:10] INFO: [Thresholds] Abs=0.581, Margin=0.099(14.2%), RelMargin=100.0%, Tightness=0.694, StdDev=0.123
[2025-10-18 15:52:10] INFO: [Decision] ACCEPT: Tier 1 - Absolute + Margin
[2025-10-18 15:52:10] INFO: [Recognition] Scores: S13234 - Jin_Rae=0.697 
[2025-10-18 15:52:10] INFO: [Decision] Best=S13234 - Jin_Rae(0.697), 2nd=0.000, Discriminative=0.697, AvgNeg=0.000
[2025-10-18 15:52:10] INFO: [Thresholds] Abs=0.581, Margin=0.099(14.1%), RelMargin=100.0%, Tightness=0.694, StdDev=0.123
[2025-10-18 15:52:10] INFO: [Decision] ACCEPT: Tier 1 - Absolute + Margin
[2025-10-18 15:52:10] INFO: [Recognition] Scores: S13234 - Jin_Rae=0.692 
[2025-10-18 15:52:10] INFO: [Decision] Best=S13234 - Jin_Rae(0.692), 2nd=0.000, Discriminative=0.692, AvgNeg=0.000
[2025-10-18 15:52:10] INFO: [Thresholds] Abs=0.581, Margin=0.099(14.2%), RelMargin=100.0%, Tightness=0.694, StdDev=0.123
[2025-10-18 15:52:10] INFO: [Decision] ACCEPT: Tier 1 - Absolute + Margin
[2025-10-18 15:52:10] INFO: [Recognition] Scores: S13234 - Jin_Rae=0.708 
[2025-10-18 15:52:10] INFO: [Decision] Best=S13234 - Jin_Rae(0.708), 2nd=0.000, Discriminative=0.708, AvgNeg=0.000
[2025-10-18 15:52:10] INFO: [Thresholds] Abs=0.581, Margin=0.099(13.9%), RelMargin=100.0%, Tightness=0.694, StdDev=0.123
[2025-10-18 15:52:10] INFO: [Decision] ACCEPT: Tier 1 - Absolute + Margin
[2025-10-18 15:52:10] INFO: [Recognition] Scores: S13234 - Jin_Rae=0.683 
[2025-10-18 15:52:10] INFO: [Decision] Best=S13234 - Jin_Rae(0.683), 2nd=0.000, Discriminative=0.683, AvgNeg=0.000
[2025-10-18 15:52:10] INFO: [Thresholds] Abs=0.581, Margin=0.099(14.4%), RelMargin=100.0%, Tightness=0.694, StdDev=0.123
[2025-10-18 15:52:10] INFO: [Decision] ACCEPT: Tier 1 - Absolute + Margin
[2025-10-18 15:52:10] INFO: [Recognition] Scores: S13234 - Jin_Rae=0.712 
[2025-10-18 15:52:10] INFO: [Decision] Best=S13234 - Jin_Rae(0.712), 2nd=0.000, Discriminative=0.712, AvgNeg=0.000
[2025-10-18 15:52:10] INFO: [Thresholds] Abs=0.581, Margin=0.099(13.8%), RelMargin=100.0%, Tightness=0.694, StdDev=0.123
[2025-10-18 15:52:10] INFO: [Decision] ACCEPT: Tier 1 - Absolute + Margin
[2025-10-18 15:52:10] INFO: [Recognition] Scores: S13234 - Jin_Rae=0.693 
[2025-10-18 15:52:10] INFO: [Decision] Best=S13234 - Jin_Rae(0.693), 2nd=0.000, Discriminative=0.693, AvgNeg=0.000
[2025-10-18 15:52:10] INFO: [Thresholds] Abs=0.581, Margin=0.099(14.2%), RelMargin=100.0%, Tightness=0.694, StdDev=0.123
[2025-10-18 15:52:10] INFO: [Decision] ACCEPT: Tier 1 - Absolute + Margin
[2025-10-18 15:52:10] INFO: Exiting Face Recognition Demo...
[2025-10-18 15:52:10] INFO: Exiting Face Recognition Demo...
