[2025-10-15 19:55:40] INFO: Application Logger Initialized.
[2025-10-15 19:55:40] INFO: Configuration and core components loaded.
[2025-10-15 19:55:40] INFO: Configuration loaded from classpath: app.properties
[2025-10-15 19:55:40] INFO: Configuration file loaded
[2025-10-15 19:55:40] INFO: MyGUIProgram Started!
[2025-10-15 19:55:41] INFO: === Folder debug ===
[2025-10-15 19:55:41] INFO: Found folder: C:\Users\jerem\Desktop\homework folder wink wink\UNIVERSITEEEE\Year 2 omgommg\SEM SATU\Programming Fundmentals TOOO\Weekly ICEs\project_demo_codes\data\facedata\S11234_PY
[2025-10-15 19:55:41] INFO:   Contains: 15 items
[2025-10-15 19:55:41] INFO:   Display label: S11234 - PY
[2025-10-15 19:55:41] INFO: Found folder: C:\Users\jerem\Desktop\homework folder wink wink\UNIVERSITEEEE\Year 2 omgommg\SEM SATU\Programming Fundmentals TOOO\Weekly ICEs\project_demo_codes\data\facedata\S12127_Jin_Rae
[2025-10-15 19:55:41] INFO:   Contains: 30 items
[2025-10-15 19:55:41] INFO:   Display label: S12127 - Jin_Rae
[2025-10-15 19:55:41] INFO: Found folder: C:\Users\jerem\Desktop\homework folder wink wink\UNIVERSITEEEE\Year 2 omgommg\SEM SATU\Programming Fundmentals TOOO\Weekly ICEs\project_demo_codes\data\facedata\S12345_Jereme
[2025-10-15 19:55:41] INFO:   Contains: 30 items
[2025-10-15 19:55:41] INFO:   Display label: S12345 - Jereme
[2025-10-15 19:55:41] INFO: ====================
[2025-10-15 19:55:46] INFO: Face embedding model loaded successfully
[2025-10-15 19:55:46] INFO: Face embedding model loaded successfully
[2025-10-15 19:55:46] INFO: Face embedding model loaded successfully
[2025-10-15 19:55:46] INFO: Face embedding model loaded successfully
[2025-10-15 19:55:46] INFO: Face embedding model loaded successfully
[2025-10-15 19:55:46] INFO: Face embedding model loaded successfully
[2025-10-15 19:55:47] INFO: Face embedding model loaded successfully
[2025-10-15 19:55:47] INFO: [0.0, 0.7882960700275878, 0.6430430136366326]
[2025-10-15 19:55:47] INFO: Face embedding model loaded successfully
[2025-10-15 19:55:47] INFO: [0.0, 0.8461049681578816, 0.8637823069488862]
[2025-10-15 19:55:47] INFO: Face embedding model loaded successfully
[2025-10-15 19:55:47] INFO: Face embedding model loaded successfully
[2025-10-15 19:55:47] INFO: [0.0, 0.7826925652224364, 0.7722494177052007]
[2025-10-15 19:55:47] INFO: Face embedding model loaded successfully
[2025-10-15 19:55:47] INFO: [0.0, 0.7360110549758901, 0.9160117316281666]
[2025-10-15 19:55:47] INFO: Face embedding model loaded successfully
[2025-10-15 19:55:47] INFO: Face embedding model loaded successfully
[2025-10-15 19:55:47] INFO: [0.0, 0.7845473350516833, 0.8291376962337761]
[2025-10-15 19:55:47] INFO: Face embedding model loaded successfully
[2025-10-15 19:55:48] INFO: Face embedding model loaded successfully
[2025-10-15 19:55:48] INFO: [0.0, 0.6978291662555759, 0.7976200158715822]
[2025-10-15 19:55:48] INFO: Face embedding model loaded successfully
[2025-10-15 19:55:48] INFO: [0.0, 0.7775684410195871, 0.8678038705705567]
[2025-10-15 19:55:48] INFO: Face embedding model loaded successfully
[2025-10-15 19:55:48] INFO: [0.0, 0.7335888299041139, 0.857291814201862]
[2025-10-15 19:55:48] INFO: Face embedding model loaded successfully
[2025-10-15 19:55:48] INFO: [0.0, 0.6895821669001461, 0.8009840044346185]
[2025-10-15 19:55:48] INFO: Face embedding model loaded successfully
[2025-10-15 19:55:48] INFO: [0.0, 0.6459910169282795, 0.7567461133082484]
[2025-10-15 19:55:48] INFO: Face embedding model loaded successfully
[2025-10-15 19:55:48] INFO: [0.0, 0.6498637877046131, 0.7666124174266855]
[2025-10-15 19:55:48] INFO: Face embedding model loaded successfully
[2025-10-15 19:55:48] INFO: [0.0, 0.7798059121588993, 0.7891882142733315]
[2025-10-15 19:55:49] INFO: Face embedding model loaded successfully
[2025-10-15 19:55:49] INFO: Face embedding model loaded successfully
[2025-10-15 19:55:49] INFO: [0.0, 0.8047058072278033, 0.9069573365124054]
[2025-10-15 19:55:49] INFO: Face embedding model loaded successfully
[2025-10-15 19:55:49] INFO: [0.0, 0.8235418713986554, 0.8796731124574263]
[2025-10-15 19:55:49] INFO: Face embedding model loaded successfully
[2025-10-15 19:55:49] INFO: [0.0, 0.864938943643137, 0.8256186783095056]
[2025-10-15 19:55:49] INFO: Face embedding model loaded successfully
[2025-10-15 19:55:49] INFO: [0.0, 0.863552114741927, 0.8655483478495853]
[2025-10-15 19:55:49] INFO: Face embedding model loaded successfully
[2025-10-15 19:55:49] INFO: [0.0, 0.8386898941347067, 0.8705915819304554]
[2025-10-15 19:55:49] INFO: Face embedding model loaded successfully
[2025-10-15 19:55:49] INFO: [0.0, 0.8167521118370381, 0.81113550126325]
[2025-10-15 19:55:49] INFO: Face embedding model loaded successfully
[2025-10-15 19:55:50] INFO: [0.0, 0.75727018507697, 0.8081061599611153]
[2025-10-15 19:55:50] INFO: Face embedding model loaded successfully
[2025-10-15 19:55:50] INFO: [0.0, 0.7409572395787192, 0.6772739155337434]
[2025-10-15 19:55:50] INFO: Face embedding model loaded successfully
[2025-10-15 19:55:50] INFO: [0.0, 0.8256061782269879, 0.7825457727821471]
[2025-10-15 19:55:50] INFO: Face embedding model loaded successfully
[2025-10-15 19:55:50] INFO: Face embedding model loaded successfully
[2025-10-15 19:55:50] INFO: Face embedding model loaded successfully
[2025-10-15 19:55:50] INFO: Face embedding model loaded successfully
[2025-10-15 19:55:50] INFO: Face embedding model loaded successfully
[2025-10-15 19:55:50] INFO: Face embedding model loaded successfully
[2025-10-15 19:55:50] INFO: Face embedding model loaded successfully
[2025-10-15 19:55:51] INFO: Face embedding model loaded successfully
[2025-10-15 19:55:51] INFO: [0.0, 0.8084126368375592, 0.8745735598347455]
[2025-10-15 19:55:51] INFO: Face embedding model loaded successfully
[2025-10-15 19:55:51] INFO: Face embedding model loaded successfully
[2025-10-15 19:55:51] INFO: [0.0, 0.8121424985544904, 0.8587186690675739]
[2025-10-15 19:55:51] INFO: Face embedding model loaded successfully
[2025-10-15 19:55:51] INFO: [0.0, 0.8222971334081957, 0.8605616868431694]
[2025-10-15 19:55:51] INFO: Face embedding model loaded successfully
[2025-10-15 19:55:51] INFO: Face embedding model loaded successfully
[2025-10-15 19:55:51] INFO: [0.0, 0.7155106072705696, 0.8141703984892941]
[2025-10-15 19:55:51] INFO: Face embedding model loaded successfully
[2025-10-15 19:55:51] INFO: Face embedding model loaded successfully
[2025-10-15 19:55:52] INFO: Face embedding model loaded successfully
[2025-10-15 19:55:52] INFO: [0.0, 0.7407335910845838, 0.8080953139341557]
[2025-10-15 19:55:52] INFO: Face embedding model loaded successfully
[2025-10-15 19:55:52] INFO: Face embedding model loaded successfully
[2025-10-15 19:55:52] INFO: Face embedding model loaded successfully
[2025-10-15 19:55:52] INFO: Face embedding model loaded successfully
[2025-10-15 19:55:52] INFO: [0.0, 0.689170832812297, 0.7740692175599103]
[2025-10-15 19:55:52] INFO: Face embedding model loaded successfully
[2025-10-15 19:55:52] INFO: Face embedding model loaded successfully
[2025-10-15 19:55:52] INFO: Face embedding model loaded successfully
[2025-10-15 19:55:53] INFO: [0.0, 0.7747352480835117, 0.7349724347559756]
[2025-10-15 19:55:53] INFO: Face embedding model loaded successfully
[2025-10-15 19:55:53] INFO: [0.0, 0.6886656697239733, 0.666589929008576]
[2025-10-15 19:55:53] INFO: Face embedding model loaded successfully
[2025-10-15 19:55:53] INFO: [0.0, 0.6625262386456442, 0.7006111841010698]
[2025-10-15 19:55:53] INFO: Face embedding model loaded successfully
[2025-10-15 19:55:53] INFO: [0.0, 0.6645118566903422, 0.7101266686693156]
[2025-10-15 19:55:53] INFO: Face embedding model loaded successfully
[2025-10-15 19:55:53] INFO: Face embedding model loaded successfully
[2025-10-15 19:55:53] INFO: [0.0, 0.7211154209483395, 0.6393792539671771]
[2025-10-15 19:55:53] INFO: Face embedding model loaded successfully
[2025-10-15 19:55:53] INFO: [0.0, 0.7257422060047013, 0.5436878100354241]
[2025-10-15 19:55:54] INFO: Face embedding model loaded successfully
[2025-10-15 19:55:54] INFO: [0.0, 0.7374367227749447, 0.6661562526121753]
[2025-10-15 19:55:54] INFO: Face embedding model loaded successfully
[2025-10-15 19:55:54] INFO: [0.0, 0.7545566983665688, 0.5952237284624241]
[2025-10-15 19:55:54] INFO: Face embedding model loaded successfully
[2025-10-15 19:55:54] INFO: [0.0, 0.7504285578117295, 0.5966789628110255]
[2025-10-15 19:55:54] INFO: Face embedding model loaded successfully
[2025-10-15 19:55:54] INFO: Face embedding model loaded successfully
[2025-10-15 19:55:54] INFO: [0.0, 0.6715769492879724, 0.45941542816255226]
[2025-10-15 19:55:54] INFO: Face embedding model loaded successfully
[2025-10-15 19:55:54] INFO: [0.0, 0.7004309190231903, 0.7668543833078951]
[2025-10-15 19:55:54] INFO: Face embedding model loaded successfully
[2025-10-15 19:55:55] INFO: Face embedding model loaded successfully
[2025-10-15 19:55:55] INFO: Face embedding model loaded successfully
[2025-10-15 19:55:55] INFO: Face embedding model loaded successfully
[2025-10-15 19:55:55] INFO: Face embedding model loaded successfully
[2025-10-15 19:55:55] INFO: Face embedding model loaded successfully
[2025-10-15 19:55:55] INFO: Face embedding model loaded successfully
[2025-10-15 19:55:55] INFO: Face embedding model loaded successfully
[2025-10-15 19:55:55] INFO: Face embedding model loaded successfully
[2025-10-15 19:55:55] INFO: Face embedding model loaded successfully
[2025-10-15 19:55:55] INFO: Face embedding model loaded successfully
[2025-10-15 19:55:56] INFO: [0.0, 0.7769614046595549, 0.8710463894835958]
[2025-10-15 19:55:56] INFO: Face embedding model loaded successfully
[2025-10-15 19:55:56] INFO: Face embedding model loaded successfully
[2025-10-15 19:55:56] INFO: Face embedding model loaded successfully
[2025-10-15 19:55:56] INFO: Face embedding model loaded successfully
[2025-10-15 19:55:56] INFO: [0.0, 0.762650478061923, 0.7453633720401162]
[2025-10-15 19:55:56] INFO: Face embedding model loaded successfully
[2025-10-15 19:55:56] INFO: Face embedding model loaded successfully
[2025-10-15 19:55:56] INFO: Face embedding model loaded successfully
[2025-10-15 19:55:57] INFO: Face embedding model loaded successfully
[2025-10-15 19:55:57] INFO: Face embedding model loaded successfully
[2025-10-15 19:55:57] INFO: Face embedding model loaded successfully
[2025-10-15 19:55:57] INFO: [0.0, 0.813812011449421, 0.5467214641438729]
[2025-10-15 19:55:57] INFO: Face embedding model loaded successfully
[2025-10-15 19:55:57] INFO: [0.0, 0.765272323203679, 0.6949215376333105]
[2025-10-15 19:55:57] INFO: Face embedding model loaded successfully
[2025-10-15 19:55:57] INFO: [0.0, 0.7761662989723531, 0.6888418021030526]
[2025-10-15 19:55:57] INFO: Face embedding model loaded successfully
[2025-10-15 19:55:57] INFO: [0.0, 0.8538556642478929, 0.5642250431240984]
[2025-10-15 19:55:57] INFO: Face embedding model loaded successfully
[2025-10-15 19:55:58] INFO: Face embedding model loaded successfully
[2025-10-15 19:55:58] INFO: Face embedding model loaded successfully
[2025-10-15 19:55:58] INFO: Face embedding model loaded successfully
[2025-10-15 19:55:58] INFO: Face embedding model loaded successfully
[2025-10-15 19:55:58] INFO: Face embedding model loaded successfully
[2025-10-15 19:55:58] INFO: Face embedding model loaded successfully
[2025-10-15 19:55:58] INFO: Face embedding model loaded successfully
[2025-10-15 19:55:59] INFO: Face embedding model loaded successfully
[2025-10-15 19:55:59] INFO: Face embedding model loaded successfully
[2025-10-15 19:55:59] INFO: Face embedding model loaded successfully
[2025-10-15 19:55:59] INFO: Face embedding model loaded successfully
[2025-10-15 19:55:59] INFO: Face embedding model loaded successfully
[2025-10-15 19:55:59] INFO: Face embedding model loaded successfully
[2025-10-15 19:55:59] INFO: Face embedding model loaded successfully
[2025-10-15 19:55:59] INFO: Face embedding model loaded successfully
[2025-10-15 19:55:59] INFO: Face embedding model loaded successfully
[2025-10-15 19:56:00] INFO: Face embedding model loaded successfully
[2025-10-15 19:56:00] INFO: Face embedding model loaded successfully
[2025-10-15 19:56:00] INFO: Face embedding model loaded successfully
[2025-10-15 19:56:00] INFO: Face embedding model loaded successfully
[2025-10-15 19:56:00] INFO: Face embedding model loaded successfully
[2025-10-15 19:56:00] INFO: Face embedding model loaded successfully
[2025-10-15 19:56:00] INFO: Face embedding model loaded successfully
[2025-10-15 19:56:00] INFO: Face embedding model loaded successfully
[2025-10-15 19:56:00] INFO: Face embedding model loaded successfully
[2025-10-15 19:56:01] INFO: Face embedding model loaded successfully
[2025-10-15 19:56:01] INFO: [0.0, 0.6535642170226461, 0.7332002229982023]
[2025-10-15 19:56:01] INFO: Face embedding model loaded successfully
[2025-10-15 19:56:01] INFO: Face embedding model loaded successfully
[2025-10-15 19:56:01] INFO: Face embedding model loaded successfully
[2025-10-15 19:56:01] INFO: [0.0, 0.8312295343615661, 0.8367146706818549]
[2025-10-15 19:56:01] INFO: Face embedding model loaded successfully
[2025-10-15 19:56:01] INFO: Face embedding model loaded successfully
[2025-10-15 19:56:01] INFO: [0.0, 0.7751488908381534, 0.9241434884733924]
[2025-10-15 19:56:01] INFO: Face embedding model loaded successfully
[2025-10-15 19:56:01] INFO: Face embedding model loaded successfully
[2025-10-15 19:56:02] INFO: Face embedding model loaded successfully
[2025-10-15 19:56:02] INFO: [0.0, 0.8239015277480325, 0.8093947232195142]
[2025-10-15 19:56:02] INFO: Face embedding model loaded successfully
[2025-10-15 19:56:02] INFO: [0.0, 0.8446957740654524, 0.9253744422371389]
[2025-10-15 19:56:02] INFO: Face embedding model loaded successfully
[2025-10-15 19:56:02] INFO: Face embedding model loaded successfully
[2025-10-15 19:56:02] INFO: [0.0, 0.6548797428553133, 0.7530203963047605]
[2025-10-15 19:56:02] INFO: Face embedding model loaded successfully
[2025-10-15 19:56:02] INFO: Face embedding model loaded successfully
[2025-10-15 19:56:02] INFO: [0.0, 0.6948492290216929, 0.7742696378687501]
[2025-10-15 19:56:02] INFO: Face embedding model loaded successfully
[2025-10-15 19:56:03] INFO: [0.0, 0.7360716826313406, 0.8007800551729755]
[2025-10-15 19:56:03] INFO: Face embedding model loaded successfully
[2025-10-15 19:56:03] INFO: [0.0, 0.6906702868865029, 0.7606553917733772]
[2025-10-15 19:56:03] INFO: Face embedding model loaded successfully
[2025-10-15 19:56:03] INFO: [0.0, 0.7182685286247897, 0.7931859763085667]
[2025-10-15 19:56:03] INFO: Face embedding model loaded successfully
[2025-10-15 19:56:03] INFO: [0.0, 0.7751264503098467, 0.8385893223399062]
[2025-10-15 19:56:03] INFO: Face embedding model loaded successfully
[2025-10-15 19:56:03] INFO: Face embedding model loaded successfully
[2025-10-15 19:56:03] INFO: [0.0, 0.6728625753954443, 0.7423519630154573]
[2025-10-15 19:56:03] INFO: Face embedding model loaded successfully
[2025-10-15 19:56:03] INFO: [0.0, 0.7315411396508635, 0.8198128129451655]
[2025-10-15 19:56:04] INFO: Face embedding model loaded successfully
[2025-10-15 19:56:04] INFO: [0.0, 0.6359307867382442, 0.7445661304053458]
[2025-10-15 19:56:04] INFO: Face embedding model loaded successfully
[2025-10-15 19:56:04] INFO: [0.0, 0.7151238609901389, 0.8952890766742044]
[2025-10-15 19:56:04] INFO: Face embedding model loaded successfully
[2025-10-15 19:56:04] INFO: [0.0, 0.7560894268558443, 0.8714103195421226]
[2025-10-15 19:56:04] INFO: Face embedding model loaded successfully
[2025-10-15 19:56:04] INFO: Face embedding model loaded successfully
[2025-10-15 19:56:04] INFO: Face embedding model loaded successfully
[2025-10-15 19:56:04] INFO: Face embedding model loaded successfully
[2025-10-15 19:56:04] INFO: Face embedding model loaded successfully
[2025-10-15 19:56:04] INFO: Face embedding model loaded successfully
[2025-10-15 19:56:05] INFO: Face embedding model loaded successfully
[2025-10-15 19:56:05] INFO: Face embedding model loaded successfully
[2025-10-15 19:56:05] INFO: [0.0, 0.7681897026019264, 0.8719047785778248]
[2025-10-15 19:56:05] INFO: Face embedding model loaded successfully
[2025-10-15 19:56:05] INFO: [0.0, 0.7436987751589701, 0.8368529440274449]
[2025-10-15 19:56:05] INFO: Face embedding model loaded successfully
[2025-10-15 19:56:05] INFO: [0.0, 0.7254880341715385, 0.8396418878207471]
[2025-10-15 19:56:05] INFO: Face embedding model loaded successfully
[2025-10-15 19:56:05] INFO: [0.0, 0.6953828132534483, 0.8265130803815022]
[2025-10-15 19:56:05] INFO: Face embedding model loaded successfully
[2025-10-15 19:56:05] INFO: [0.0, 0.6914662552806109, 0.7777717164168786]
[2025-10-15 19:56:05] INFO: Face embedding model loaded successfully
[2025-10-15 19:56:06] INFO: Face embedding model loaded successfully
[2025-10-15 19:56:06] INFO: Face embedding model loaded successfully
[2025-10-15 19:56:06] INFO: Face embedding model loaded successfully
[2025-10-15 19:56:06] INFO: Face embedding model loaded successfully
[2025-10-15 19:56:06] INFO: [0.0, 0.7683472251502171, 0.746961593868152]
[2025-10-15 19:56:06] INFO: Face embedding model loaded successfully
[2025-10-15 19:56:06] INFO: Face embedding model loaded successfully
[2025-10-15 19:56:06] INFO: Face embedding model loaded successfully
[2025-10-15 19:56:06] INFO: Face embedding model loaded successfully
[2025-10-15 19:56:07] INFO: Face embedding model loaded successfully
[2025-10-15 19:56:07] INFO: [0.0, 0.776121816896486, 0.7605327515319992]
[2025-10-15 19:56:07] INFO: Face embedding model loaded successfully
[2025-10-15 19:56:07] INFO: Face embedding model loaded successfully
[2025-10-15 19:56:07] INFO: Face embedding model loaded successfully
[2025-10-15 19:56:07] INFO: Face embedding model loaded successfully
[2025-10-15 19:56:07] INFO: [0.0, 0.6656337259576081, 0.756504092843249]
[2025-10-15 19:56:07] INFO: Face embedding model loaded successfully
[2025-10-15 19:56:07] INFO: [0.0, 0.7353736939181174, 0.8125733966096281]
[2025-10-15 19:56:07] INFO: Face embedding model loaded successfully
[2025-10-15 19:56:07] INFO: Face embedding model loaded successfully
[2025-10-15 19:56:08] INFO: [0.0, 0.7186626947860401, 0.7760132934432519]
[2025-10-15 19:56:08] INFO: Face embedding model loaded successfully
[2025-10-15 19:56:08] INFO: Face embedding model loaded successfully
[2025-10-15 19:56:08] INFO: Face embedding model loaded successfully
[2025-10-15 19:56:08] INFO: Face embedding model loaded successfully
[2025-10-15 19:56:08] INFO: Face embedding model loaded successfully
[2025-10-15 19:56:08] INFO: Face embedding model loaded successfully
[2025-10-15 19:56:08] INFO: Face embedding model loaded successfully
[2025-10-15 19:56:08] INFO: Face embedding model loaded successfully
[2025-10-15 19:56:09] INFO: Face embedding model loaded successfully
[2025-10-15 19:56:09] INFO: Face embedding model loaded successfully
[2025-10-15 19:56:09] INFO: Face embedding model loaded successfully
[2025-10-15 19:56:09] INFO: Face embedding model loaded successfully
[2025-10-15 19:56:09] INFO: Face embedding model loaded successfully
[2025-10-15 19:56:09] INFO: Face embedding model loaded successfully
[2025-10-15 19:56:09] INFO: Face embedding model loaded successfully
[2025-10-15 19:56:09] INFO: [0.0, 0.6942117880307977, 0.73365243536354]
[2025-10-15 19:56:09] INFO: Face embedding model loaded successfully
[2025-10-15 19:56:09] INFO: [0.0, 0.8198918232112687, 0.7900427650566568]
[2025-10-15 19:56:10] INFO: Face embedding model loaded successfully
[2025-10-15 19:56:10] INFO: Face embedding model loaded successfully
[2025-10-15 19:56:10] INFO: Face embedding model loaded successfully
[2025-10-15 19:56:10] INFO: Face embedding model loaded successfully
[2025-10-15 19:56:10] INFO: Face embedding model loaded successfully
[2025-10-15 19:56:10] INFO: Face embedding model loaded successfully
[2025-10-15 19:56:10] INFO: Face embedding model loaded successfully
[2025-10-15 19:56:10] INFO: [0.0, 0.7269348297062365, 0.8165233440871303]
[2025-10-15 19:56:10] INFO: Face embedding model loaded successfully
[2025-10-15 19:56:10] INFO: Face embedding model loaded successfully
[2025-10-15 19:56:11] INFO: Face embedding model loaded successfully
[2025-10-15 19:56:11] INFO: Face embedding model loaded successfully
[2025-10-15 19:56:11] INFO: Face embedding model loaded successfully
[2025-10-15 19:56:11] INFO: Face embedding model loaded successfully
[2025-10-15 19:56:11] INFO: Face embedding model loaded successfully
[2025-10-15 19:56:11] INFO: Face embedding model loaded successfully
[2025-10-15 19:56:11] INFO: Face embedding model loaded successfully
[2025-10-15 19:56:11] INFO: Face embedding model loaded successfully
[2025-10-15 19:56:12] INFO: Face embedding model loaded successfully
[2025-10-15 19:56:12] INFO: Face embedding model loaded successfully
[2025-10-15 19:56:12] INFO: Face embedding model loaded successfully
[2025-10-15 19:56:12] INFO: Face embedding model loaded successfully
[2025-10-15 19:56:12] INFO: Face embedding model loaded successfully
[2025-10-15 19:56:12] INFO: Face embedding model loaded successfully
[2025-10-15 19:56:12] INFO: Face embedding model loaded successfully
[2025-10-15 19:56:12] INFO: Face embedding model loaded successfully
[2025-10-15 19:56:12] INFO: Face embedding model loaded successfully
[2025-10-15 19:56:13] INFO: Face embedding model loaded successfully
[2025-10-15 19:56:13] INFO: Face embedding model loaded successfully
[2025-10-15 19:56:13] INFO: Face embedding model loaded successfully
[2025-10-15 19:56:13] INFO: Face embedding model loaded successfully
[2025-10-15 19:56:13] INFO: [0.0, 0.765862212968366, 0.668346792115971]
[2025-10-15 19:56:13] INFO: Face embedding model loaded successfully
[2025-10-15 19:56:13] INFO: [0.0, 0.7497124637752453, 0.7757749791838257]
[2025-10-15 19:56:13] INFO: Face embedding model loaded successfully
[2025-10-15 19:56:13] INFO: [0.0, 0.7339549357615465, 0.7365102627963094]
[2025-10-15 19:56:14] INFO: Face embedding model loaded successfully
[2025-10-15 19:56:14] INFO: [0.0, 0.7267847321394879, 0.7609895287603426]
[2025-10-15 19:56:14] INFO: Face embedding model loaded successfully
[2025-10-15 19:56:14] INFO: [0.0, 0.7083524132664595, 0.6943631958462854]
[2025-10-15 19:56:14] INFO: Face embedding model loaded successfully
[2025-10-15 19:56:14] INFO: [0.0, 0.7316652012158487, 0.7543720154383426]
[2025-10-15 19:56:14] INFO: Face embedding model loaded successfully
[2025-10-15 19:56:14] INFO: [0.0, 0.718031933507635, 0.7378857310207859]
[2025-10-15 19:56:14] INFO: Face embedding model loaded successfully
[2025-10-15 19:56:14] INFO: [0.0, 0.7696499574589926, 0.8127722080677994]
[2025-10-15 19:56:14] INFO: Face embedding model loaded successfully
[2025-10-15 19:56:14] INFO: [0.0, 0.7619312793463279, 0.6928386576242316]
[2025-10-15 19:56:15] INFO: Face embedding model loaded successfully
[2025-10-15 19:56:15] INFO: [0.0, 0.7762039880287064, 0.7287567850460733]
[2025-10-15 19:56:15] INFO: Face embedding model loaded successfully
[2025-10-15 19:56:15] INFO: [0.0, 0.7527999793292469, 0.6827483795338832]
[2025-10-15 19:56:15] INFO: Face embedding model loaded successfully
[2025-10-15 19:56:15] INFO: [0.0, 0.6913464553265186, 0.7490678844243422]
[2025-10-15 19:56:15] INFO: Face embedding model loaded successfully
[2025-10-15 19:56:15] INFO: [0.0, 0.680795501764773, 0.7294075887423359]
[2025-10-15 19:56:15] INFO: Face embedding model loaded successfully
[2025-10-15 19:56:15] INFO: [0.0, 0.6724239451453098, 0.6832556539103377]
[2025-10-15 19:56:15] INFO: Face embedding model loaded successfully
[2025-10-15 19:56:15] INFO: [0.0, 0.7346030434324171, 0.7059602273057554]
[2025-10-15 19:56:15] INFO: Face embedding model loaded successfully
[2025-10-15 19:56:16] INFO: [0.0, 0.6943932553253941, 0.6918310882080826]
[2025-10-15 19:56:16] INFO: Face embedding model loaded successfully
[2025-10-15 19:56:16] INFO: [0.0, 0.7609545613500232, 0.6472849311484086]
[2025-10-15 19:56:16] INFO: Face embedding model loaded successfully
[2025-10-15 19:56:16] INFO: [0.0, 0.7868243811478096, 0.7014002227196833]
[2025-10-15 19:56:16] INFO: Face embedding model loaded successfully
[2025-10-15 19:56:16] INFO: [0.0, 0.8095911970533579, 0.6286512103836485]
[2025-10-15 19:56:16] INFO: Face embedding model loaded successfully
[2025-10-15 19:56:16] INFO: [0.0, 0.7732273777390323, 0.7132301908877011]
[2025-10-15 19:56:16] INFO: Face embedding model loaded successfully
[2025-10-15 19:56:16] INFO: [0.0, 0.6838756080674456, 0.6956415674892162]
[2025-10-15 19:56:16] INFO: Face embedding model loaded successfully
[2025-10-15 19:56:17] INFO: Face embedding model loaded successfully
[2025-10-15 19:56:17] INFO: [0.0, 0.7295229842364978, 0.7156353384721234]
[2025-10-15 19:56:17] INFO: Face embedding model loaded successfully
[2025-10-15 19:56:17] INFO: [0.0, 0.7061060496246667, 0.759215875200126]
[2025-10-15 19:56:17] INFO: Face embedding model loaded successfully
[2025-10-15 19:56:17] INFO: [0.0, 0.7237857004587757, 0.75904057019946]
[2025-10-15 19:56:17] INFO: Face embedding model loaded successfully
[2025-10-15 19:56:17] INFO: [0.0, 0.7830723035581216, 0.7094808899063791]
[2025-10-15 19:56:17] INFO: Face embedding model loaded successfully
[2025-10-15 19:56:17] INFO: [0.0, 0.681202414948419, 0.7341050902930597]
[2025-10-15 19:56:18] INFO: Face embedding model loaded successfully
[2025-10-15 19:56:18] INFO: [0.0, 0.7289289001276539, 0.7423244280954023]
[2025-10-15 19:56:18] INFO: Face embedding model loaded successfully
[2025-10-15 19:56:18] INFO: [0.0, 0.6959150537218867, 0.7302094351141314]
[2025-10-15 19:56:18] INFO: Face embedding model loaded successfully
[2025-10-15 19:56:18] INFO: Face embedding model loaded successfully
[2025-10-15 19:56:18] INFO: Face embedding model loaded successfully
[2025-10-15 19:56:18] INFO: [0.0, 0.7354852634684232, 0.6178245709329727]
[2025-10-15 19:56:18] INFO: Face embedding model loaded successfully
[2025-10-15 19:56:19] INFO: Face embedding model loaded successfully
[2025-10-15 19:56:19] INFO: Face embedding model loaded successfully
[2025-10-15 19:56:19] INFO: Face embedding model loaded successfully
[2025-10-15 19:56:19] INFO: Face embedding model loaded successfully
[2025-10-15 19:56:19] INFO: Face embedding model loaded successfully
[2025-10-15 19:56:19] INFO: Face embedding model loaded successfully
[2025-10-15 19:56:19] INFO: Face embedding model loaded successfully
[2025-10-15 19:56:19] INFO: Face embedding model loaded successfully
[2025-10-15 19:56:19] INFO: Face embedding model loaded successfully
[2025-10-15 19:56:19] INFO: [0.0, 0.6509528560571745, 0.756634307643475]
[2025-10-15 19:56:20] INFO: Face embedding model loaded successfully
[2025-10-15 19:56:20] INFO: [0.0, 0.8354468952629674, 0.8374920555450422]
[2025-10-15 19:56:20] INFO: Face embedding model loaded successfully
[2025-10-15 19:56:20] INFO: [0.0, 0.8404591994305078, 0.8704132386521534]
[2025-10-15 19:56:20] INFO: Face embedding model loaded successfully
[2025-10-15 19:56:20] INFO: [0.0, 0.8496068185239977, 0.8071861020315432]
[2025-10-15 19:56:20] INFO: Face embedding model loaded successfully
[2025-10-15 19:56:20] INFO: [0.0, 0.8758411035542507, 0.8333798179496628]
[2025-10-15 19:56:20] INFO: Face embedding model loaded successfully
[2025-10-15 19:56:20] INFO: [0.0, 0.82792937552358, 0.8057998202745416]
[2025-10-15 19:56:20] INFO: Face embedding model loaded successfully
[2025-10-15 19:56:20] INFO: [0.0, 0.8269980727268744, 0.9130320245093538]
[2025-10-15 19:56:20] INFO: Face embedding model loaded successfully
[2025-10-15 19:56:21] INFO: Face embedding model loaded successfully
[2025-10-15 19:56:21] INFO: Face embedding model loaded successfully
[2025-10-15 19:56:21] INFO: [0.0, 0.808498478828632, 0.9503718055061551]
[2025-10-15 19:56:21] INFO: Face embedding model loaded successfully
[2025-10-15 19:56:21] INFO: [0.0, 0.6957409580569283, 0.8224440027763846]
[2025-10-15 19:56:21] INFO: Face embedding model loaded successfully
[2025-10-15 19:56:21] INFO: [0.0, 0.734656473065601, 0.8230318466157868]
[2025-10-15 19:56:21] INFO: Face embedding model loaded successfully
[2025-10-15 19:56:21] INFO: Face embedding model loaded successfully
[2025-10-15 19:56:21] INFO: Face embedding model loaded successfully
[2025-10-15 19:56:21] INFO: [0.0, 0.6670463120286859, 0.7887733382303429]
[2025-10-15 19:56:21] INFO: Face embedding model loaded successfully
[2025-10-15 19:56:21] INFO: [0.0, 0.660411074635344, 0.7526218412176616]
[2025-10-15 19:56:22] INFO: Face embedding model loaded successfully
[2025-10-15 19:56:22] INFO: [0.0, 0.692472198497794, 0.7414437123007935]
[2025-10-15 19:56:22] INFO: Face embedding model loaded successfully
[2025-10-15 19:56:22] INFO: [0.0, 0.7863141710982638, 0.9020351390093514]
[2025-10-15 19:56:22] INFO: Face embedding model loaded successfully
[2025-10-15 19:56:22] INFO: [0.0, 0.8443455065206239, 0.8750377911541524]
[2025-10-15 19:56:22] INFO: Face embedding model loaded successfully
[2025-10-15 19:56:22] INFO: [0.0, 0.7553676277747101, 0.7420669048930424]
[2025-10-15 19:56:22] INFO: Face embedding model loaded successfully
[2025-10-15 19:56:22] INFO: [0.0, 0.6966925661098066, 0.7328049426189788]
[2025-10-15 19:56:22] INFO: Face embedding model loaded successfully
[2025-10-15 19:56:22] INFO: [0.0, 0.697351231168595, 0.8317534585340948]
[2025-10-15 19:56:22] INFO: Face embedding model loaded successfully
[2025-10-15 19:56:22] INFO: Face embedding model loaded successfully
[2025-10-15 19:56:23] INFO: Face embedding model loaded successfully
[2025-10-15 19:56:23] INFO: [0.0, 0.7001313095977373, 0.8014031680269971]
[2025-10-15 19:56:23] INFO: Face embedding model loaded successfully
[2025-10-15 19:56:23] INFO: [0.0, 0.7561250578735107, 0.8179738014540661]
[2025-10-15 19:56:23] INFO: Face embedding model loaded successfully
[2025-10-15 19:56:23] INFO: [0.0, 0.7051875966451812, 0.7842798795303088]
[2025-10-15 19:56:23] INFO: Face embedding model loaded successfully
[2025-10-15 19:56:23] INFO: Face embedding model loaded successfully
[2025-10-15 19:56:23] INFO: [0.0, 0.6696821569847189, 0.742540495348228]
[2025-10-15 19:56:23] INFO: Face embedding model loaded successfully
[2025-10-15 19:56:23] INFO: [0.0, 0.7057077025306229, 0.7816663263872248]
[2025-10-15 19:56:23] INFO: Face embedding model loaded successfully
[2025-10-15 19:56:23] INFO: [0.0, 0.8417136899636084, 0.9105194296425058]
[2025-10-15 19:56:23] INFO: Face embedding model loaded successfully
[2025-10-15 19:56:24] INFO: [0.0, 0.818372204014024, 0.8156075888009919]
[2025-10-15 19:56:24] INFO: Face embedding model loaded successfully
[2025-10-15 19:56:24] INFO: [0.0, 0.6446628129083823, 0.7100645415575987]
[2025-10-15 19:56:24] INFO: Face embedding model loaded successfully
[2025-10-15 19:56:24] INFO: [0.0, 0.8384939759852075, 0.8695742100235376]
[2025-10-15 19:56:24] INFO: Face embedding model loaded successfully
[2025-10-15 19:56:24] INFO: Face embedding model loaded successfully
[2025-10-15 19:56:24] INFO: [0.0, 0.8345782640550032, 0.8277585581382646]
[2025-10-15 19:56:24] INFO: Face embedding model loaded successfully
[2025-10-15 19:56:24] INFO: [0.0, 0.8035910910368128, 0.9261272704573575]
[2025-10-15 19:56:24] INFO: Face embedding model loaded successfully
[2025-10-15 19:56:24] INFO: Face embedding model loaded successfully
[2025-10-15 19:56:24] INFO: Face embedding model loaded successfully
[2025-10-15 19:56:24] INFO: [0.0, 0.7830923683130844, 0.8320096038274517]
[2025-10-15 19:56:25] INFO: Face embedding model loaded successfully
[2025-10-15 19:56:25] INFO: [0.0, 0.829125095053707, 0.9113273448966408]
[2025-10-15 19:56:25] INFO: Face embedding model loaded successfully
[2025-10-15 19:56:25] INFO: [0.0, 0.8199470597349899, 0.893436859657784]
[2025-10-15 19:56:25] INFO: Face embedding model loaded successfully
[2025-10-15 19:56:25] INFO: Face embedding model loaded successfully
[2025-10-15 19:56:25] INFO: [0.0, 0.8134727422423538, 0.8811334898554181]
[2025-10-15 19:56:25] INFO: Face embedding model loaded successfully
[2025-10-15 19:56:25] INFO: [0.0, 0.673314653743815, 0.7345384104116208]
[2025-10-15 19:56:25] INFO: Face embedding model loaded successfully
[2025-10-15 19:56:25] INFO: [0.0, 0.6411443210962247, 0.8266815028654959]
[2025-10-15 19:56:25] INFO: Face embedding model loaded successfully
[2025-10-15 19:56:25] INFO: [0.0, 0.7598052614143246, 0.8327316082073807]
[2025-10-15 19:56:25] INFO: Face embedding model loaded successfully
[2025-10-15 19:56:26] INFO: [0.0, 0.7184252880158652, 0.846703875579071]
[2025-10-15 19:56:26] INFO: Face embedding model loaded successfully
[2025-10-15 19:56:26] INFO: Face embedding model loaded successfully
[2025-10-15 19:56:26] INFO: [0.0, 0.6715561182490618, 0.8356471502591335]
[2025-10-15 19:56:26] INFO: Face embedding model loaded successfully
[2025-10-15 19:56:26] INFO: Face embedding model loaded successfully
[2025-10-15 19:56:26] INFO: Face embedding model loaded successfully
[2025-10-15 19:56:26] INFO: [0.0, 0.638287327006417, 0.77977946428498]
[2025-10-15 19:56:26] INFO: Face embedding model loaded successfully
[2025-10-15 19:56:26] INFO: [0.0, 0.68518089280323, 0.8378187596637581]
[2025-10-15 19:56:26] INFO: Face embedding model loaded successfully
[2025-10-15 19:56:26] INFO: [0.0, 0.7210041822664506, 0.8293513621938543]
[2025-10-15 19:56:27] INFO: Face embedding model loaded successfully
[2025-10-15 19:56:27] INFO: [0.0, 0.6849005623111595, 0.8200538371133511]
[2025-10-15 19:56:27] INFO: Face embedding model loaded successfully
[2025-10-15 19:56:27] INFO: [0.0, 0.7292443629368116, 0.8715053210737468]
[2025-10-15 19:56:27] INFO: Face embedding model loaded successfully
[2025-10-15 19:56:27] INFO: [0.0, 0.7438726652580677, 0.8774582353618907]
[2025-10-15 19:56:27] INFO: Face embedding model loaded successfully
[2025-10-15 19:56:27] INFO: [0.0, 0.7545202234730465, 0.8284451669826156]
[2025-10-15 19:56:27] INFO: Face embedding model loaded successfully
[2025-10-15 19:56:27] INFO: [0.0, 0.7413006464498277, 0.860380454796441]
[2025-10-15 19:56:27] INFO: Face embedding model loaded successfully
[2025-10-15 19:56:27] INFO: [0.0, 0.7399162556724231, 0.836693321713277]
[2025-10-15 19:56:28] INFO: Face embedding model loaded successfully
[2025-10-15 19:56:28] INFO: [0.0, 0.717325971278848, 0.8551488626710816]
[2025-10-15 19:56:28] INFO: Face embedding model loaded successfully
[2025-10-15 19:56:28] INFO: [0.0, 0.7108406717876526, 0.8068863095848614]
[2025-10-15 19:56:28] INFO: Face embedding model loaded successfully
[2025-10-15 19:56:28] INFO: [0.0, 0.7579345315995174, 0.8342096874608732]
[2025-10-15 19:56:28] INFO: Face embedding model loaded successfully
[2025-10-15 19:56:28] INFO: [0.0, 0.6773704997333765, 0.8304411970272814]
[2025-10-15 19:56:28] INFO: Face embedding model loaded successfully
[2025-10-15 19:56:28] INFO: [0.0, 0.6890022511134895, 0.864294137082937]
[2025-10-15 19:56:28] INFO: Face embedding model loaded successfully
[2025-10-15 19:56:28] INFO: [0.0, 0.7092172896421658, 0.8271873526391297]
[2025-10-15 19:56:29] INFO: Face embedding model loaded successfully
[2025-10-15 19:56:29] INFO: [0.0, 0.7613434120860877, 0.8508922552867715]
[2025-10-15 19:56:29] INFO: Face embedding model loaded successfully
[2025-10-15 19:56:29] INFO: [0.0, 0.7943321042996468, 0.7909039619386361]
[2025-10-15 19:56:29] INFO: Face embedding model loaded successfully
[2025-10-15 19:56:29] INFO: [0.0, 0.7349248629953965, 0.8311180352316675]
[2025-10-15 19:56:29] INFO: Face embedding model loaded successfully
[2025-10-15 19:56:29] INFO: Exiting Face Recognition Demo...
[2025-10-15 19:56:29] INFO: Face embedding model loaded successfully
[2025-10-15 19:56:29] INFO: Exiting Face Recognition Demo...
