[2025-10-21 00:31:03] INFO: Application Logger Initialized.
[2025-10-21 00:31:03] INFO: Configuration and core components loaded.
[2025-10-21 00:31:03] INFO: Configuration loaded from classpath: app.properties
[2025-10-21 00:31:03] INFO: Configuration file loaded
[2025-10-21 00:31:03] INFO: MyGUIProgram Started!
[2025-10-21 00:31:05] INFO: ￢ﾜﾅ OpenFace nn4.small2.v1 model loaded successfully
[2025-10-21 00:31:05] INFO: === Folder debug ===
[2025-10-21 00:31:05] INFO: Found folder: C:\SMU\CS102 Project\FaceRecognitionCS102\data\facedata\S12313_ma
[2025-10-21 00:31:05] INFO:   Contains: 36 items
[2025-10-21 00:31:05] INFO:   Display label: S12313 - ma
[2025-10-21 00:31:05] INFO: Found folder: C:\SMU\CS102 Project\FaceRecognitionCS102\data\facedata\S13234_Jin_Rae
[2025-10-21 00:31:05] INFO:   Contains: 36 items
[2025-10-21 00:31:05] INFO:   Display label: S13234 - Jin_Rae
[2025-10-21 00:31:05] INFO: ====================
[2025-10-21 00:31:05] INFO: Person S12313 - ma: tightness=0.934, stdDev=0.015, absThresh=0.607, margin=0.107
[2025-10-21 00:31:05] INFO: Person S13234 - Jin_Rae: tightness=0.960, stdDev=0.009, absThresh=0.604, margin=0.104
[2025-10-21 00:31:05] INFO: DNN face detector loaded successfully for recognition
[2025-10-21 00:31:05] INFO: Attempting camera index 0 with DSHOW backend...
[2025-10-21 00:31:06] INFO: Camera opened successfully: index 0 with DSHOW backend
[2025-10-21 00:31:07] INFO: Camera configured: 640x480 @ 30fps (MJPEG: yes)
[2025-10-21 00:31:07] INFO: Camera initialized successfully
[2025-10-21 00:31:08] INFO: [Recognition] Scores: S12313 - ma=0.401 S13234 - Jin_Rae=0.527 
[2025-10-21 00:31:08] INFO: [Decision] Best=S13234 - Jin_Rae(0.527), 2nd=0.401, Discriminative=0.447, AvgNeg=0.401
[2025-10-21 00:31:08] INFO: [Thresholds] Abs=0.604, Margin=0.104(19.7%), RelMargin=23.9%, Tightness=0.960, StdDev=0.009
[2025-10-21 00:31:08] INFO: [Decision] REJECT: Abs=
[2025-10-21 00:31:08] INFO: false
[2025-10-21 00:31:08] INFO: , AbsMargin=
[2025-10-21 00:31:08] INFO: true
[2025-10-21 00:31:08] INFO: , RelMargin=
[2025-10-21 00:31:08] INFO: true
[2025-10-21 00:31:08] INFO: (
[2025-10-21 00:31:08] INFO: 23.9
[2025-10-21 00:31:08] INFO: %
[2025-10-21 00:31:08] INFO: ), StrongMargin=
[2025-10-21 00:31:08] INFO: true
[2025-10-21 00:31:08] INFO: (
[2025-10-21 00:31:08] INFO: 12.0
[2025-10-21 00:31:08] INFO: %
[2025-10-21 00:31:08] INFO: ), Discrim=
[2025-10-21 00:31:08] INFO: false
[2025-10-21 00:31:08] INFO: , Consist=
[2025-10-21 00:31:08] INFO: false
[2025-10-21 00:31:08] INFO: (
[2025-10-21 00:31:08] INFO: 0
[2025-10-21 00:31:08] INFO: /
[2025-10-21 00:31:08] INFO: 7
[2025-10-21 00:31:08] INFO: )
[2025-10-21 00:31:08] INFO: [Recognition] Scores: S12313 - ma=0.465 S13234 - Jin_Rae=0.574 
[2025-10-21 00:31:08] INFO: [Decision] Best=S13234 - Jin_Rae(0.574), 2nd=0.465, Discriminative=0.481, AvgNeg=0.465
[2025-10-21 00:31:08] INFO: [Thresholds] Abs=0.604, Margin=0.104(18.1%), RelMargin=18.9%, Tightness=0.960, StdDev=0.009
[2025-10-21 00:31:08] INFO: [Decision] REJECT: Abs=
[2025-10-21 00:31:08] INFO: false
[2025-10-21 00:31:08] INFO: , AbsMargin=
[2025-10-21 00:31:08] INFO: true
[2025-10-21 00:31:08] INFO: , RelMargin=
[2025-10-21 00:31:08] INFO: true
[2025-10-21 00:31:08] INFO: (
[2025-10-21 00:31:08] INFO: 18.9
[2025-10-21 00:31:08] INFO: %
[2025-10-21 00:31:08] INFO: ), StrongMargin=
[2025-10-21 00:31:08] INFO: true
[2025-10-21 00:31:08] INFO: (
[2025-10-21 00:31:08] INFO: 12.0
[2025-10-21 00:31:08] INFO: %
[2025-10-21 00:31:08] INFO: ), Discrim=
[2025-10-21 00:31:08] INFO: false
[2025-10-21 00:31:08] INFO: , Consist=
[2025-10-21 00:31:08] INFO: false
[2025-10-21 00:31:08] INFO: (
[2025-10-21 00:31:08] INFO: 0
[2025-10-21 00:31:08] INFO: /
[2025-10-21 00:31:08] INFO: 7
[2025-10-21 00:31:08] INFO: )
[2025-10-21 00:31:08] INFO: [Recognition] Scores: S12313 - ma=0.475 S13234 - Jin_Rae=0.586 
[2025-10-21 00:31:08] INFO: [Decision] Best=S13234 - Jin_Rae(0.586), 2nd=0.475, Discriminative=0.491, AvgNeg=0.475
[2025-10-21 00:31:08] INFO: [Thresholds] Abs=0.604, Margin=0.104(17.7%), RelMargin=18.9%, Tightness=0.960, StdDev=0.009
[2025-10-21 00:31:08] INFO: [Decision] REJECT: Abs=
[2025-10-21 00:31:08] INFO: false
[2025-10-21 00:31:08] INFO: , AbsMargin=
[2025-10-21 00:31:08] INFO: true
[2025-10-21 00:31:08] INFO: , RelMargin=
[2025-10-21 00:31:08] INFO: true
[2025-10-21 00:31:08] INFO: (
[2025-10-21 00:31:08] INFO: 18.9
[2025-10-21 00:31:08] INFO: %
[2025-10-21 00:31:08] INFO: ), StrongMargin=
[2025-10-21 00:31:08] INFO: true
[2025-10-21 00:31:08] INFO: (
[2025-10-21 00:31:08] INFO: 12.0
[2025-10-21 00:31:08] INFO: %
[2025-10-21 00:31:08] INFO: ), Discrim=
[2025-10-21 00:31:08] INFO: false
[2025-10-21 00:31:08] INFO: , Consist=
[2025-10-21 00:31:08] INFO: false
[2025-10-21 00:31:08] INFO: (
[2025-10-21 00:31:08] INFO: 0
[2025-10-21 00:31:08] INFO: /
[2025-10-21 00:31:08] INFO: 7
[2025-10-21 00:31:08] INFO: )
[2025-10-21 00:31:08] INFO: [Recognition] Scores: S12313 - ma=0.508 S13234 - Jin_Rae=0.574 
[2025-10-21 00:31:08] INFO: [Decision] Best=S13234 - Jin_Rae(0.574), 2nd=0.508, Discriminative=0.472, AvgNeg=0.508
[2025-10-21 00:31:08] INFO: [Thresholds] Abs=0.604, Margin=0.104(18.1%), RelMargin=11.6%, Tightness=0.960, StdDev=0.009
[2025-10-21 00:31:08] INFO: [Decision] REJECT: Abs=
[2025-10-21 00:31:08] INFO: false
[2025-10-21 00:31:08] INFO: , AbsMargin=
[2025-10-21 00:31:08] INFO: false
[2025-10-21 00:31:08] INFO: , RelMargin=
[2025-10-21 00:31:08] INFO: false
[2025-10-21 00:31:08] INFO: (
[2025-10-21 00:31:08] INFO: 11.6
[2025-10-21 00:31:08] INFO: %
[2025-10-21 00:31:08] INFO: ), StrongMargin=
[2025-10-21 00:31:08] INFO: false
[2025-10-21 00:31:08] INFO: (
[2025-10-21 00:31:08] INFO: 12.0
[2025-10-21 00:31:08] INFO: %
[2025-10-21 00:31:08] INFO: ), Discrim=
[2025-10-21 00:31:08] INFO: false
[2025-10-21 00:31:08] INFO: , Consist=
[2025-10-21 00:31:08] INFO: false
[2025-10-21 00:31:08] INFO: (
[2025-10-21 00:31:08] INFO: 0
[2025-10-21 00:31:08] INFO: /
[2025-10-21 00:31:08] INFO: 7
[2025-10-21 00:31:08] INFO: )
[2025-10-21 00:31:08] INFO: [Recognition] Scores: S12313 - ma=0.662 S13234 - Jin_Rae=0.597 
[2025-10-21 00:31:08] INFO: [Decision] Best=S12313 - ma(0.662), 2nd=0.597, Discriminative=0.543, AvgNeg=0.597
[2025-10-21 00:31:08] INFO: [Thresholds] Abs=0.607, Margin=0.107(16.1%), RelMargin=9.9%, Tightness=0.934, StdDev=0.015
[2025-10-21 00:31:08] INFO: [Decision] REJECT: Abs=
[2025-10-21 00:31:08] INFO: true
[2025-10-21 00:31:08] INFO: , AbsMargin=
[2025-10-21 00:31:08] INFO: false
[2025-10-21 00:31:08] INFO: , RelMargin=
[2025-10-21 00:31:08] INFO: false
[2025-10-21 00:31:08] INFO: (
[2025-10-21 00:31:08] INFO: 9.9
[2025-10-21 00:31:08] INFO: %
[2025-10-21 00:31:08] INFO: ), StrongMargin=
[2025-10-21 00:31:08] INFO: false
[2025-10-21 00:31:08] INFO: (
[2025-10-21 00:31:08] INFO: 12.0
[2025-10-21 00:31:08] INFO: %
[2025-10-21 00:31:08] INFO: ), Discrim=
[2025-10-21 00:31:08] INFO: false
[2025-10-21 00:31:08] INFO: , Consist=
[2025-10-21 00:31:08] INFO: false
[2025-10-21 00:31:08] INFO: (
[2025-10-21 00:31:08] INFO: 0
[2025-10-21 00:31:08] INFO: /
[2025-10-21 00:31:08] INFO: 7
[2025-10-21 00:31:08] INFO: )
[2025-10-21 00:31:08] INFO: [Recognition] Scores: S12313 - ma=0.665 S13234 - Jin_Rae=0.761 
[2025-10-21 00:31:08] INFO: [Decision] Best=S13234 - Jin_Rae(0.761), 2nd=0.665, Discriminative=0.627, AvgNeg=0.665
[2025-10-21 00:31:08] INFO: [Thresholds] Abs=0.604, Margin=0.104(13.7%), RelMargin=12.5%, Tightness=0.960, StdDev=0.009
[2025-10-21 00:31:08] INFO: [Decision] ACCEPT: Strong margin hold (12.5%)
[2025-10-21 00:31:08] INFO: [Recognition] Scores: S12313 - ma=0.667 S13234 - Jin_Rae=0.713 
[2025-10-21 00:31:08] INFO: [Decision] Best=S13234 - Jin_Rae(0.713), 2nd=0.667, Discriminative=0.580, AvgNeg=0.667
[2025-10-21 00:31:08] INFO: [Thresholds] Abs=0.604, Margin=0.104(14.6%), RelMargin=6.5%, Tightness=0.960, StdDev=0.009
[2025-10-21 00:31:08] INFO: [Decision] REJECT: Abs=
[2025-10-21 00:31:08] INFO: true
[2025-10-21 00:31:08] INFO: , AbsMargin=
[2025-10-21 00:31:08] INFO: false
[2025-10-21 00:31:08] INFO: , RelMargin=
[2025-10-21 00:31:08] INFO: false
[2025-10-21 00:31:08] INFO: (
[2025-10-21 00:31:08] INFO: 6.5
[2025-10-21 00:31:08] INFO: %
[2025-10-21 00:31:08] INFO: ), StrongMargin=
[2025-10-21 00:31:08] INFO: false
[2025-10-21 00:31:08] INFO: (
[2025-10-21 00:31:08] INFO: 12.0
[2025-10-21 00:31:08] INFO: %
[2025-10-21 00:31:08] INFO: ), Discrim=
[2025-10-21 00:31:08] INFO: false
[2025-10-21 00:31:08] INFO: , Consist=
[2025-10-21 00:31:08] INFO: false
[2025-10-21 00:31:08] INFO: (
[2025-10-21 00:31:08] INFO: 1
[2025-10-21 00:31:08] INFO: /
[2025-10-21 00:31:08] INFO: 7
[2025-10-21 00:31:08] INFO: )
[2025-10-21 00:31:09] INFO: [Recognition] Scores: S12313 - ma=0.698 S13234 - Jin_Rae=0.783 
[2025-10-21 00:31:09] INFO: [Decision] Best=S13234 - Jin_Rae(0.783), 2nd=0.698, Discriminative=0.643, AvgNeg=0.698
[2025-10-21 00:31:09] INFO: [Thresholds] Abs=0.604, Margin=0.104(13.3%), RelMargin=10.8%, Tightness=0.960, StdDev=0.009
[2025-10-21 00:31:09] INFO: [Decision] REJECT: Abs=
[2025-10-21 00:31:09] INFO: true
[2025-10-21 00:31:09] INFO: , AbsMargin=
[2025-10-21 00:31:09] INFO: false
[2025-10-21 00:31:09] INFO: , RelMargin=
[2025-10-21 00:31:09] INFO: false
[2025-10-21 00:31:09] INFO: (
[2025-10-21 00:31:09] INFO: 10.8
[2025-10-21 00:31:09] INFO: %
[2025-10-21 00:31:09] INFO: ), StrongMargin=
[2025-10-21 00:31:09] INFO: false
[2025-10-21 00:31:09] INFO: (
[2025-10-21 00:31:09] INFO: 12.0
[2025-10-21 00:31:09] INFO: %
[2025-10-21 00:31:09] INFO: ), Discrim=
[2025-10-21 00:31:09] INFO: true
[2025-10-21 00:31:09] INFO: , Consist=
[2025-10-21 00:31:09] INFO: false
[2025-10-21 00:31:09] INFO: (
[2025-10-21 00:31:09] INFO: 1
[2025-10-21 00:31:09] INFO: /
[2025-10-21 00:31:09] INFO: 7
[2025-10-21 00:31:09] INFO: )
[2025-10-21 00:31:09] INFO: [Recognition] Scores: S12313 - ma=0.726 S13234 - Jin_Rae=0.817 
[2025-10-21 00:31:09] INFO: [Decision] Best=S13234 - Jin_Rae(0.817), 2nd=0.726, Discriminative=0.672, AvgNeg=0.726
[2025-10-21 00:31:09] INFO: [Thresholds] Abs=0.604, Margin=0.104(12.7%), RelMargin=11.1%, Tightness=0.960, StdDev=0.009
[2025-10-21 00:31:09] INFO: [Decision] REJECT: Abs=
[2025-10-21 00:31:09] INFO: true
[2025-10-21 00:31:09] INFO: , AbsMargin=
[2025-10-21 00:31:09] INFO: false
[2025-10-21 00:31:09] INFO: , RelMargin=
[2025-10-21 00:31:09] INFO: false
[2025-10-21 00:31:09] INFO: (
[2025-10-21 00:31:09] INFO: 11.1
[2025-10-21 00:31:09] INFO: %
[2025-10-21 00:31:09] INFO: ), StrongMargin=
[2025-10-21 00:31:09] INFO: false
[2025-10-21 00:31:09] INFO: (
[2025-10-21 00:31:09] INFO: 12.0
[2025-10-21 00:31:09] INFO: %
[2025-10-21 00:31:09] INFO: ), Discrim=
[2025-10-21 00:31:09] INFO: true
[2025-10-21 00:31:09] INFO: , Consist=
[2025-10-21 00:31:09] INFO: false
[2025-10-21 00:31:09] INFO: (
[2025-10-21 00:31:09] INFO: 1
[2025-10-21 00:31:09] INFO: /
[2025-10-21 00:31:09] INFO: 7
[2025-10-21 00:31:09] INFO: )
[2025-10-21 00:31:09] INFO: [Recognition] Scores: S12313 - ma=0.737 S13234 - Jin_Rae=0.807 
[2025-10-21 00:31:09] INFO: [Decision] Best=S13234 - Jin_Rae(0.807), 2nd=0.737, Discriminative=0.660, AvgNeg=0.737
[2025-10-21 00:31:09] INFO: [Thresholds] Abs=0.604, Margin=0.104(12.9%), RelMargin=8.7%, Tightness=0.960, StdDev=0.009
[2025-10-21 00:31:09] INFO: [Decision] REJECT: Abs=
[2025-10-21 00:31:09] INFO: true
[2025-10-21 00:31:09] INFO: , AbsMargin=
[2025-10-21 00:31:09] INFO: false
[2025-10-21 00:31:09] INFO: , RelMargin=
[2025-10-21 00:31:09] INFO: false
[2025-10-21 00:31:09] INFO: (
[2025-10-21 00:31:09] INFO: 8.7
[2025-10-21 00:31:09] INFO: %
[2025-10-21 00:31:09] INFO: ), StrongMargin=
[2025-10-21 00:31:09] INFO: false
[2025-10-21 00:31:09] INFO: (
[2025-10-21 00:31:09] INFO: 12.0
[2025-10-21 00:31:09] INFO: %
[2025-10-21 00:31:09] INFO: ), Discrim=
[2025-10-21 00:31:09] INFO: true
[2025-10-21 00:31:09] INFO: , Consist=
[2025-10-21 00:31:09] INFO: false
[2025-10-21 00:31:09] INFO: (
[2025-10-21 00:31:09] INFO: 1
[2025-10-21 00:31:09] INFO: /
[2025-10-21 00:31:09] INFO: 7
[2025-10-21 00:31:09] INFO: )
[2025-10-21 00:31:09] INFO: [Recognition] Scores: S12313 - ma=0.733 S13234 - Jin_Rae=0.785 
[2025-10-21 00:31:09] INFO: [Decision] Best=S13234 - Jin_Rae(0.785), 2nd=0.733, Discriminative=0.638, AvgNeg=0.733
[2025-10-21 00:31:09] INFO: [Thresholds] Abs=0.604, Margin=0.104(13.3%), RelMargin=6.6%, Tightness=0.960, StdDev=0.009
[2025-10-21 00:31:09] INFO: [Decision] REJECT: Abs=
[2025-10-21 00:31:09] INFO: true
[2025-10-21 00:31:09] INFO: , AbsMargin=
[2025-10-21 00:31:09] INFO: false
[2025-10-21 00:31:09] INFO: , RelMargin=
[2025-10-21 00:31:09] INFO: false
[2025-10-21 00:31:09] INFO: (
[2025-10-21 00:31:09] INFO: 6.6
[2025-10-21 00:31:09] INFO: %
[2025-10-21 00:31:09] INFO: ), StrongMargin=
[2025-10-21 00:31:09] INFO: false
[2025-10-21 00:31:09] INFO: (
[2025-10-21 00:31:09] INFO: 12.0
[2025-10-21 00:31:09] INFO: %
[2025-10-21 00:31:09] INFO: ), Discrim=
[2025-10-21 00:31:09] INFO: true
[2025-10-21 00:31:09] INFO: , Consist=
[2025-10-21 00:31:09] INFO: false
[2025-10-21 00:31:09] INFO: (
[2025-10-21 00:31:09] INFO: 1
[2025-10-21 00:31:09] INFO: /
[2025-10-21 00:31:09] INFO: 7
[2025-10-21 00:31:09] INFO: )
[2025-10-21 00:31:09] INFO: [Recognition] Scores: S12313 - ma=0.754 S13234 - Jin_Rae=0.770 
[2025-10-21 00:31:09] INFO: [Decision] Best=S13234 - Jin_Rae(0.770), 2nd=0.754, Discriminative=0.620, AvgNeg=0.754
[2025-10-21 00:31:09] INFO: [Thresholds] Abs=0.604, Margin=0.104(13.5%), RelMargin=2.1%, Tightness=0.960, StdDev=0.009
[2025-10-21 00:31:09] INFO: [Decision] REJECT: Abs=
[2025-10-21 00:31:09] INFO: true
[2025-10-21 00:31:09] INFO: , AbsMargin=
[2025-10-21 00:31:09] INFO: false
[2025-10-21 00:31:09] INFO: , RelMargin=
[2025-10-21 00:31:09] INFO: false
[2025-10-21 00:31:09] INFO: (
[2025-10-21 00:31:09] INFO: 2.1
[2025-10-21 00:31:09] INFO: %
[2025-10-21 00:31:09] INFO: ), StrongMargin=
[2025-10-21 00:31:09] INFO: false
[2025-10-21 00:31:09] INFO: (
[2025-10-21 00:31:09] INFO: 12.0
[2025-10-21 00:31:09] INFO: %
[2025-10-21 00:31:09] INFO: ), Discrim=
[2025-10-21 00:31:09] INFO: true
[2025-10-21 00:31:09] INFO: , Consist=
[2025-10-21 00:31:09] INFO: false
[2025-10-21 00:31:09] INFO: (
[2025-10-21 00:31:09] INFO: 1
[2025-10-21 00:31:09] INFO: /
[2025-10-21 00:31:09] INFO: 7
[2025-10-21 00:31:09] INFO: )
[2025-10-21 00:31:09] INFO: [Recognition] Scores: S12313 - ma=0.737 S13234 - Jin_Rae=0.751 
[2025-10-21 00:31:09] INFO: [Decision] Best=S13234 - Jin_Rae(0.751), 2nd=0.737, Discriminative=0.603, AvgNeg=0.737
[2025-10-21 00:31:09] INFO: [Thresholds] Abs=0.604, Margin=0.104(13.8%), RelMargin=1.8%, Tightness=0.960, StdDev=0.009
[2025-10-21 00:31:09] INFO: [Decision] REJECT: Abs=
[2025-10-21 00:31:09] INFO: true
[2025-10-21 00:31:09] INFO: , AbsMargin=
[2025-10-21 00:31:09] INFO: false
[2025-10-21 00:31:09] INFO: , RelMargin=
[2025-10-21 00:31:09] INFO: false
[2025-10-21 00:31:09] INFO: (
[2025-10-21 00:31:09] INFO: 1.8
[2025-10-21 00:31:09] INFO: %
[2025-10-21 00:31:09] INFO: ), StrongMargin=
[2025-10-21 00:31:09] INFO: false
[2025-10-21 00:31:09] INFO: (
[2025-10-21 00:31:09] INFO: 12.0
[2025-10-21 00:31:09] INFO: %
[2025-10-21 00:31:09] INFO: ), Discrim=
[2025-10-21 00:31:09] INFO: false
[2025-10-21 00:31:09] INFO: , Consist=
[2025-10-21 00:31:09] INFO: false
[2025-10-21 00:31:09] INFO: (
[2025-10-21 00:31:09] INFO: 1
[2025-10-21 00:31:09] INFO: /
[2025-10-21 00:31:09] INFO: 7
[2025-10-21 00:31:09] INFO: )
[2025-10-21 00:31:09] INFO: [Recognition] Scores: S12313 - ma=0.719 S13234 - Jin_Rae=0.749 
[2025-10-21 00:31:09] INFO: [Decision] Best=S13234 - Jin_Rae(0.749), 2nd=0.719, Discriminative=0.606, AvgNeg=0.719
[2025-10-21 00:31:09] INFO: [Thresholds] Abs=0.604, Margin=0.104(13.9%), RelMargin=4.1%, Tightness=0.960, StdDev=0.009
[2025-10-21 00:31:09] INFO: [Decision] REJECT: Abs=
[2025-10-21 00:31:09] INFO: true
[2025-10-21 00:31:09] INFO: , AbsMargin=
[2025-10-21 00:31:09] INFO: false
[2025-10-21 00:31:09] INFO: , RelMargin=
[2025-10-21 00:31:09] INFO: false
[2025-10-21 00:31:09] INFO: (
[2025-10-21 00:31:09] INFO: 4.1
[2025-10-21 00:31:09] INFO: %
[2025-10-21 00:31:09] INFO: ), StrongMargin=
[2025-10-21 00:31:09] INFO: false
[2025-10-21 00:31:09] INFO: (
[2025-10-21 00:31:09] INFO: 12.0
[2025-10-21 00:31:09] INFO: %
[2025-10-21 00:31:09] INFO: ), Discrim=
[2025-10-21 00:31:09] INFO: true
[2025-10-21 00:31:09] INFO: , Consist=
[2025-10-21 00:31:09] INFO: false
[2025-10-21 00:31:09] INFO: (
[2025-10-21 00:31:09] INFO: 0
[2025-10-21 00:31:09] INFO: /
[2025-10-21 00:31:09] INFO: 7
[2025-10-21 00:31:09] INFO: )
[2025-10-21 00:31:09] INFO: [Recognition] Scores: S12313 - ma=0.725 S13234 - Jin_Rae=0.768 
[2025-10-21 00:31:09] INFO: [Decision] Best=S13234 - Jin_Rae(0.768), 2nd=0.725, Discriminative=0.623, AvgNeg=0.725
[2025-10-21 00:31:09] INFO: [Thresholds] Abs=0.604, Margin=0.104(13.5%), RelMargin=5.6%, Tightness=0.960, StdDev=0.009
[2025-10-21 00:31:09] INFO: [Decision] REJECT: Abs=
[2025-10-21 00:31:09] INFO: true
[2025-10-21 00:31:09] INFO: , AbsMargin=
[2025-10-21 00:31:09] INFO: false
[2025-10-21 00:31:09] INFO: , RelMargin=
[2025-10-21 00:31:09] INFO: false
[2025-10-21 00:31:09] INFO: (
[2025-10-21 00:31:09] INFO: 5.6
[2025-10-21 00:31:09] INFO: %
[2025-10-21 00:31:09] INFO: ), StrongMargin=
[2025-10-21 00:31:09] INFO: false
[2025-10-21 00:31:09] INFO: (
[2025-10-21 00:31:09] INFO: 12.0
[2025-10-21 00:31:09] INFO: %
[2025-10-21 00:31:09] INFO: ), Discrim=
[2025-10-21 00:31:09] INFO: true
[2025-10-21 00:31:09] INFO: , Consist=
[2025-10-21 00:31:09] INFO: false
[2025-10-21 00:31:09] INFO: (
[2025-10-21 00:31:09] INFO: 0
[2025-10-21 00:31:09] INFO: /
[2025-10-21 00:31:09] INFO: 7
[2025-10-21 00:31:09] INFO: )
[2025-10-21 00:31:10] INFO: [Recognition] Scores: S12313 - ma=0.745 S13234 - Jin_Rae=0.796 
[2025-10-21 00:31:10] INFO: [Decision] Best=S13234 - Jin_Rae(0.796), 2nd=0.745, Discriminative=0.647, AvgNeg=0.745
[2025-10-21 00:31:10] INFO: [Thresholds] Abs=0.604, Margin=0.104(13.1%), RelMargin=6.4%, Tightness=0.960, StdDev=0.009
[2025-10-21 00:31:10] INFO: [Decision] REJECT: Abs=
[2025-10-21 00:31:10] INFO: true
[2025-10-21 00:31:10] INFO: , AbsMargin=
[2025-10-21 00:31:10] INFO: false
[2025-10-21 00:31:10] INFO: , RelMargin=
[2025-10-21 00:31:10] INFO: false
[2025-10-21 00:31:10] INFO: (
[2025-10-21 00:31:10] INFO: 6.4
[2025-10-21 00:31:10] INFO: %
[2025-10-21 00:31:10] INFO: ), StrongMargin=
[2025-10-21 00:31:10] INFO: false
[2025-10-21 00:31:10] INFO: (
[2025-10-21 00:31:10] INFO: 12.0
[2025-10-21 00:31:10] INFO: %
[2025-10-21 00:31:10] INFO: ), Discrim=
[2025-10-21 00:31:10] INFO: true
[2025-10-21 00:31:10] INFO: , Consist=
[2025-10-21 00:31:10] INFO: false
[2025-10-21 00:31:10] INFO: (
[2025-10-21 00:31:10] INFO: 0
[2025-10-21 00:31:10] INFO: /
[2025-10-21 00:31:10] INFO: 7
[2025-10-21 00:31:10] INFO: )
[2025-10-21 00:31:10] INFO: [Recognition] Scores: S12313 - ma=0.759 S13234 - Jin_Rae=0.868 
[2025-10-21 00:31:10] INFO: [Decision] Best=S13234 - Jin_Rae(0.868), 2nd=0.759, Discriminative=0.716, AvgNeg=0.759
[2025-10-21 00:31:10] INFO: [Thresholds] Abs=0.604, Margin=0.104(12.0%), RelMargin=12.6%, Tightness=0.960, StdDev=0.009
[2025-10-21 00:31:10] INFO: [Decision] ACCEPT: Primary thresholds met (abs + margin + relative)
[2025-10-21 00:31:10] INFO: [Recognition] Scores: S12313 - ma=0.752 S13234 - Jin_Rae=0.871 
[2025-10-21 00:31:10] INFO: [Decision] Best=S13234 - Jin_Rae(0.871), 2nd=0.752, Discriminative=0.721, AvgNeg=0.752
[2025-10-21 00:31:10] INFO: [Thresholds] Abs=0.604, Margin=0.104(11.9%), RelMargin=13.7%, Tightness=0.960, StdDev=0.009
[2025-10-21 00:31:10] INFO: [Decision] ACCEPT: Primary thresholds met (abs + margin + relative)
[2025-10-21 00:31:10] INFO: [Recognition] Scores: S12313 - ma=0.768 S13234 - Jin_Rae=0.855 
[2025-10-21 00:31:10] INFO: [Decision] Best=S13234 - Jin_Rae(0.855), 2nd=0.768, Discriminative=0.701, AvgNeg=0.768
[2025-10-21 00:31:10] INFO: [Thresholds] Abs=0.604, Margin=0.104(12.2%), RelMargin=10.2%, Tightness=0.960, StdDev=0.009
[2025-10-21 00:31:10] INFO: [Decision] REJECT: Abs=
[2025-10-21 00:31:10] INFO: true
[2025-10-21 00:31:10] INFO: , AbsMargin=
[2025-10-21 00:31:10] INFO: false
[2025-10-21 00:31:10] INFO: , RelMargin=
[2025-10-21 00:31:10] INFO: false
[2025-10-21 00:31:10] INFO: (
[2025-10-21 00:31:10] INFO: 10.2
[2025-10-21 00:31:10] INFO: %
[2025-10-21 00:31:10] INFO: ), StrongMargin=
[2025-10-21 00:31:10] INFO: false
[2025-10-21 00:31:10] INFO: (
[2025-10-21 00:31:10] INFO: 12.0
[2025-10-21 00:31:10] INFO: %
[2025-10-21 00:31:10] INFO: ), Discrim=
[2025-10-21 00:31:10] INFO: true
[2025-10-21 00:31:10] INFO: , Consist=
[2025-10-21 00:31:10] INFO: false
[2025-10-21 00:31:10] INFO: (
[2025-10-21 00:31:10] INFO: 2
[2025-10-21 00:31:10] INFO: /
[2025-10-21 00:31:10] INFO: 7
[2025-10-21 00:31:10] INFO: )
[2025-10-21 00:31:10] INFO: [Recognition] Scores: S12313 - ma=0.758 S13234 - Jin_Rae=0.814 
[2025-10-21 00:31:10] INFO: [Decision] Best=S13234 - Jin_Rae(0.814), 2nd=0.758, Discriminative=0.662, AvgNeg=0.758
[2025-10-21 00:31:10] INFO: [Thresholds] Abs=0.604, Margin=0.104(12.8%), RelMargin=6.9%, Tightness=0.960, StdDev=0.009
[2025-10-21 00:31:10] INFO: [Decision] REJECT: Abs=
[2025-10-21 00:31:10] INFO: true
[2025-10-21 00:31:10] INFO: , AbsMargin=
[2025-10-21 00:31:10] INFO: false
[2025-10-21 00:31:10] INFO: , RelMargin=
[2025-10-21 00:31:10] INFO: false
[2025-10-21 00:31:10] INFO: (
[2025-10-21 00:31:10] INFO: 6.9
[2025-10-21 00:31:10] INFO: %
[2025-10-21 00:31:10] INFO: ), StrongMargin=
[2025-10-21 00:31:10] INFO: false
[2025-10-21 00:31:10] INFO: (
[2025-10-21 00:31:10] INFO: 12.0
[2025-10-21 00:31:10] INFO: %
[2025-10-21 00:31:10] INFO: ), Discrim=
[2025-10-21 00:31:10] INFO: true
[2025-10-21 00:31:10] INFO: , Consist=
[2025-10-21 00:31:10] INFO: false
[2025-10-21 00:31:10] INFO: (
[2025-10-21 00:31:10] INFO: 2
[2025-10-21 00:31:10] INFO: /
[2025-10-21 00:31:10] INFO: 7
[2025-10-21 00:31:10] INFO: )
[2025-10-21 00:31:10] INFO: [Recognition] Scores: S12313 - ma=0.746 S13234 - Jin_Rae=0.777 
[2025-10-21 00:31:10] INFO: [Decision] Best=S13234 - Jin_Rae(0.777), 2nd=0.746, Discriminative=0.628, AvgNeg=0.746
[2025-10-21 00:31:10] INFO: [Thresholds] Abs=0.604, Margin=0.104(13.4%), RelMargin=4.1%, Tightness=0.960, StdDev=0.009
[2025-10-21 00:31:10] INFO: [Decision] REJECT: Abs=
[2025-10-21 00:31:10] INFO: true
[2025-10-21 00:31:10] INFO: , AbsMargin=
[2025-10-21 00:31:10] INFO: false
[2025-10-21 00:31:10] INFO: , RelMargin=
[2025-10-21 00:31:10] INFO: false
[2025-10-21 00:31:10] INFO: (
[2025-10-21 00:31:10] INFO: 4.1
[2025-10-21 00:31:10] INFO: %
[2025-10-21 00:31:10] INFO: ), StrongMargin=
[2025-10-21 00:31:10] INFO: false
[2025-10-21 00:31:10] INFO: (
[2025-10-21 00:31:10] INFO: 12.0
[2025-10-21 00:31:10] INFO: %
[2025-10-21 00:31:10] INFO: ), Discrim=
[2025-10-21 00:31:10] INFO: true
[2025-10-21 00:31:10] INFO: , Consist=
[2025-10-21 00:31:10] INFO: false
[2025-10-21 00:31:10] INFO: (
[2025-10-21 00:31:10] INFO: 2
[2025-10-21 00:31:10] INFO: /
[2025-10-21 00:31:10] INFO: 7
[2025-10-21 00:31:10] INFO: )
[2025-10-21 00:31:10] INFO: [Recognition] Scores: S12313 - ma=0.756 S13234 - Jin_Rae=0.760 
[2025-10-21 00:31:10] INFO: [Decision] Best=S13234 - Jin_Rae(0.760), 2nd=0.756, Discriminative=0.609, AvgNeg=0.756
[2025-10-21 00:31:10] INFO: [Thresholds] Abs=0.604, Margin=0.104(13.7%), RelMargin=0.5%, Tightness=0.960, StdDev=0.009
[2025-10-21 00:31:10] INFO: [Decision] REJECT: Abs=
[2025-10-21 00:31:10] INFO: true
[2025-10-21 00:31:10] INFO: , AbsMargin=
[2025-10-21 00:31:10] INFO: false
[2025-10-21 00:31:10] INFO: , RelMargin=
[2025-10-21 00:31:10] INFO: false
[2025-10-21 00:31:10] INFO: (
[2025-10-21 00:31:10] INFO: 0.5
[2025-10-21 00:31:10] INFO: %
[2025-10-21 00:31:10] INFO: ), StrongMargin=
[2025-10-21 00:31:10] INFO: false
[2025-10-21 00:31:10] INFO: (
[2025-10-21 00:31:10] INFO: 12.0
[2025-10-21 00:31:10] INFO: %
[2025-10-21 00:31:10] INFO: ), Discrim=
[2025-10-21 00:31:10] INFO: true
[2025-10-21 00:31:10] INFO: , Consist=
[2025-10-21 00:31:10] INFO: false
[2025-10-21 00:31:10] INFO: (
[2025-10-21 00:31:10] INFO: 2
[2025-10-21 00:31:10] INFO: /
[2025-10-21 00:31:10] INFO: 7
[2025-10-21 00:31:10] INFO: )
[2025-10-21 00:31:10] INFO: [Recognition] Scores: S12313 - ma=0.762 S13234 - Jin_Rae=0.767 
[2025-10-21 00:31:10] INFO: [Decision] Best=S13234 - Jin_Rae(0.767), 2nd=0.762, Discriminative=0.614, AvgNeg=0.762
[2025-10-21 00:31:10] INFO: [Thresholds] Abs=0.604, Margin=0.104(13.6%), RelMargin=0.6%, Tightness=0.960, StdDev=0.009
[2025-10-21 00:31:10] INFO: [Decision] REJECT: Abs=
[2025-10-21 00:31:10] INFO: true
[2025-10-21 00:31:10] INFO: , AbsMargin=
[2025-10-21 00:31:10] INFO: false
[2025-10-21 00:31:10] INFO: , RelMargin=
[2025-10-21 00:31:10] INFO: false
[2025-10-21 00:31:10] INFO: (
[2025-10-21 00:31:10] INFO: 0.6
[2025-10-21 00:31:10] INFO: %
[2025-10-21 00:31:10] INFO: ), StrongMargin=
[2025-10-21 00:31:10] INFO: false
[2025-10-21 00:31:10] INFO: (
[2025-10-21 00:31:10] INFO: 12.0
[2025-10-21 00:31:10] INFO: %
[2025-10-21 00:31:10] INFO: ), Discrim=
[2025-10-21 00:31:10] INFO: true
[2025-10-21 00:31:10] INFO: , Consist=
[2025-10-21 00:31:10] INFO: false
[2025-10-21 00:31:10] INFO: (
[2025-10-21 00:31:10] INFO: 2
[2025-10-21 00:31:10] INFO: /
[2025-10-21 00:31:10] INFO: 7
[2025-10-21 00:31:10] INFO: )
[2025-10-21 00:31:11] INFO: [Recognition] Scores: S12313 - ma=0.760 S13234 - Jin_Rae=0.766 
[2025-10-21 00:31:11] INFO: [Decision] Best=S13234 - Jin_Rae(0.766), 2nd=0.760, Discriminative=0.614, AvgNeg=0.760
[2025-10-21 00:31:11] INFO: [Thresholds] Abs=0.604, Margin=0.104(13.6%), RelMargin=0.7%, Tightness=0.960, StdDev=0.009
[2025-10-21 00:31:11] INFO: [Decision] REJECT: Abs=
[2025-10-21 00:31:11] INFO: true
[2025-10-21 00:31:11] INFO: , AbsMargin=
[2025-10-21 00:31:11] INFO: false
[2025-10-21 00:31:11] INFO: , RelMargin=
[2025-10-21 00:31:11] INFO: false
[2025-10-21 00:31:11] INFO: (
[2025-10-21 00:31:11] INFO: 0.7
[2025-10-21 00:31:11] INFO: %
[2025-10-21 00:31:11] INFO: ), StrongMargin=
[2025-10-21 00:31:11] INFO: false
[2025-10-21 00:31:11] INFO: (
[2025-10-21 00:31:11] INFO: 12.0
[2025-10-21 00:31:11] INFO: %
[2025-10-21 00:31:11] INFO: ), Discrim=
[2025-10-21 00:31:11] INFO: true
[2025-10-21 00:31:11] INFO: , Consist=
[2025-10-21 00:31:11] INFO: false
[2025-10-21 00:31:11] INFO: (
[2025-10-21 00:31:11] INFO: 2
[2025-10-21 00:31:11] INFO: /
[2025-10-21 00:31:11] INFO: 7
[2025-10-21 00:31:11] INFO: )
[2025-10-21 00:31:11] INFO: [Recognition] Scores: S12313 - ma=0.773 S13234 - Jin_Rae=0.747 
[2025-10-21 00:31:11] INFO: [Decision] Best=S12313 - ma(0.773), 2nd=0.747, Discriminative=0.623, AvgNeg=0.747
[2025-10-21 00:31:11] INFO: [Thresholds] Abs=0.607, Margin=0.107(13.8%), RelMargin=3.3%, Tightness=0.934, StdDev=0.015
[2025-10-21 00:31:11] INFO: [Decision] REJECT: Abs=
[2025-10-21 00:31:11] INFO: true
[2025-10-21 00:31:11] INFO: , AbsMargin=
[2025-10-21 00:31:11] INFO: false
[2025-10-21 00:31:11] INFO: , RelMargin=
[2025-10-21 00:31:11] INFO: false
[2025-10-21 00:31:11] INFO: (
[2025-10-21 00:31:11] INFO: 3.3
[2025-10-21 00:31:11] INFO: %
[2025-10-21 00:31:11] INFO: ), StrongMargin=
[2025-10-21 00:31:11] INFO: false
[2025-10-21 00:31:11] INFO: (
[2025-10-21 00:31:11] INFO: 12.0
[2025-10-21 00:31:11] INFO: %
[2025-10-21 00:31:11] INFO: ), Discrim=
[2025-10-21 00:31:11] INFO: true
[2025-10-21 00:31:11] INFO: , Consist=
[2025-10-21 00:31:11] INFO: false
[2025-10-21 00:31:11] INFO: (
[2025-10-21 00:31:11] INFO: 0
[2025-10-21 00:31:11] INFO: /
[2025-10-21 00:31:11] INFO: 7
[2025-10-21 00:31:11] INFO: )
[2025-10-21 00:31:11] INFO: [Recognition] Scores: S12313 - ma=0.702 S13234 - Jin_Rae=0.818 
[2025-10-21 00:31:11] INFO: [Decision] Best=S13234 - Jin_Rae(0.818), 2nd=0.702, Discriminative=0.678, AvgNeg=0.702
[2025-10-21 00:31:11] INFO: [Thresholds] Abs=0.604, Margin=0.104(12.7%), RelMargin=14.2%, Tightness=0.960, StdDev=0.009
[2025-10-21 00:31:11] INFO: [Decision] ACCEPT: Primary thresholds met (abs + margin + relative)
[2025-10-21 00:31:11] INFO: [Recognition] Scores: S12313 - ma=0.743 S13234 - Jin_Rae=0.840 
[2025-10-21 00:31:11] INFO: [Decision] Best=S13234 - Jin_Rae(0.840), 2nd=0.743, Discriminative=0.691, AvgNeg=0.743
[2025-10-21 00:31:11] INFO: [Thresholds] Abs=0.604, Margin=0.104(12.4%), RelMargin=11.5%, Tightness=0.960, StdDev=0.009
[2025-10-21 00:31:11] INFO: [Decision] REJECT: Abs=
[2025-10-21 00:31:11] INFO: true
[2025-10-21 00:31:11] INFO: , AbsMargin=
[2025-10-21 00:31:11] INFO: false
[2025-10-21 00:31:11] INFO: , RelMargin=
[2025-10-21 00:31:11] INFO: false
[2025-10-21 00:31:11] INFO: (
[2025-10-21 00:31:11] INFO: 11.5
[2025-10-21 00:31:11] INFO: %
[2025-10-21 00:31:11] INFO: ), StrongMargin=
[2025-10-21 00:31:11] INFO: false
[2025-10-21 00:31:11] INFO: (
[2025-10-21 00:31:11] INFO: 12.0
[2025-10-21 00:31:11] INFO: %
[2025-10-21 00:31:11] INFO: ), Discrim=
[2025-10-21 00:31:11] INFO: true
[2025-10-21 00:31:11] INFO: , Consist=
[2025-10-21 00:31:11] INFO: false
[2025-10-21 00:31:11] INFO: (
[2025-10-21 00:31:11] INFO: 1
[2025-10-21 00:31:11] INFO: /
[2025-10-21 00:31:11] INFO: 7
[2025-10-21 00:31:11] INFO: )
[2025-10-21 00:31:11] INFO: [Recognition] Scores: S12313 - ma=0.722 S13234 - Jin_Rae=0.828 
[2025-10-21 00:31:11] INFO: [Decision] Best=S13234 - Jin_Rae(0.828), 2nd=0.722, Discriminative=0.683, AvgNeg=0.722
[2025-10-21 00:31:11] INFO: [Thresholds] Abs=0.604, Margin=0.104(12.6%), RelMargin=12.8%, Tightness=0.960, StdDev=0.009
[2025-10-21 00:31:11] INFO: [Decision] ACCEPT: Primary thresholds met (abs + margin + relative)
[2025-10-21 00:31:11] INFO: [Recognition] Scores: S12313 - ma=0.685 S13234 - Jin_Rae=0.816 
[2025-10-21 00:31:11] INFO: [Decision] Best=S13234 - Jin_Rae(0.816), 2nd=0.685, Discriminative=0.679, AvgNeg=0.685
[2025-10-21 00:31:11] INFO: [Thresholds] Abs=0.604, Margin=0.104(12.7%), RelMargin=16.1%, Tightness=0.960, StdDev=0.009
[2025-10-21 00:31:11] INFO: [Decision] ACCEPT: Primary thresholds met (abs + margin + relative)
[2025-10-21 00:31:11] INFO: [Recognition] Scores: S12313 - ma=0.670 S13234 - Jin_Rae=0.846 
[2025-10-21 00:31:11] INFO: [Decision] Best=S13234 - Jin_Rae(0.846), 2nd=0.670, Discriminative=0.712, AvgNeg=0.670
[2025-10-21 00:31:11] INFO: [Thresholds] Abs=0.604, Margin=0.104(12.3%), RelMargin=20.8%, Tightness=0.960, StdDev=0.009
[2025-10-21 00:31:11] INFO: [Decision] ACCEPT: Primary thresholds met (abs + margin + relative)
[2025-10-21 00:31:11] INFO: [Recognition] Scores: S12313 - ma=0.711 S13234 - Jin_Rae=0.866 
[2025-10-21 00:31:11] INFO: [Decision] Best=S13234 - Jin_Rae(0.866), 2nd=0.711, Discriminative=0.723, AvgNeg=0.711
[2025-10-21 00:31:11] INFO: [Thresholds] Abs=0.604, Margin=0.104(12.0%), RelMargin=17.9%, Tightness=0.960, StdDev=0.009
[2025-10-21 00:31:11] INFO: [Decision] ACCEPT: Primary thresholds met (abs + margin + relative)
[2025-10-21 00:31:12] INFO: [Recognition] Scores: S12313 - ma=0.778 S13234 - Jin_Rae=0.897 
[2025-10-21 00:31:12] INFO: [Decision] Best=S13234 - Jin_Rae(0.897), 2nd=0.778, Discriminative=0.741, AvgNeg=0.778
[2025-10-21 00:31:12] INFO: [Thresholds] Abs=0.604, Margin=0.104(11.6%), RelMargin=13.2%, Tightness=0.960, StdDev=0.009
[2025-10-21 00:31:12] INFO: [Decision] ACCEPT: Primary thresholds met (abs + margin + relative)
[2025-10-21 00:31:12] INFO: [Recognition] Scores: S12313 - ma=0.713 S13234 - Jin_Rae=0.867 
[2025-10-21 00:31:12] INFO: [Decision] Best=S13234 - Jin_Rae(0.867), 2nd=0.713, Discriminative=0.724, AvgNeg=0.713
[2025-10-21 00:31:12] INFO: [Thresholds] Abs=0.604, Margin=0.104(12.0%), RelMargin=17.7%, Tightness=0.960, StdDev=0.009
[2025-10-21 00:31:12] INFO: [Decision] ACCEPT: Primary thresholds met (abs + margin + relative)
[2025-10-21 00:31:12] INFO: [Recognition] Scores: S12313 - ma=0.764 S13234 - Jin_Rae=0.878 
[2025-10-21 00:31:12] INFO: [Decision] Best=S13234 - Jin_Rae(0.878), 2nd=0.764, Discriminative=0.725, AvgNeg=0.764
[2025-10-21 00:31:12] INFO: [Thresholds] Abs=0.604, Margin=0.104(11.8%), RelMargin=13.0%, Tightness=0.960, StdDev=0.009
[2025-10-21 00:31:12] INFO: [Decision] ACCEPT: Primary thresholds met (abs + margin + relative)
[2025-10-21 00:31:12] INFO: [Recognition] Scores: S12313 - ma=0.846 S13234 - Jin_Rae=0.897 
[2025-10-21 00:31:12] INFO: [Decision] Best=S13234 - Jin_Rae(0.897), 2nd=0.846, Discriminative=0.728, AvgNeg=0.846
[2025-10-21 00:31:12] INFO: [Thresholds] Abs=0.604, Margin=0.104(11.6%), RelMargin=5.6%, Tightness=0.960, StdDev=0.009
[2025-10-21 00:31:12] INFO: [Decision] ACCEPT: Consistency override (7/7 frames)
[2025-10-21 00:31:12] INFO: [Recognition] Scores: S12313 - ma=0.805 S13234 - Jin_Rae=0.885 
[2025-10-21 00:31:12] INFO: [Decision] Best=S13234 - Jin_Rae(0.885), 2nd=0.805, Discriminative=0.724, AvgNeg=0.805
[2025-10-21 00:31:12] INFO: [Thresholds] Abs=0.604, Margin=0.104(11.8%), RelMargin=9.0%, Tightness=0.960, StdDev=0.009
[2025-10-21 00:31:12] INFO: [Decision] ACCEPT: Consistency override (7/7 frames)
[2025-10-21 00:31:12] INFO: [Recognition] Scores: S12313 - ma=0.807 S13234 - Jin_Rae=0.879 
[2025-10-21 00:31:12] INFO: [Decision] Best=S13234 - Jin_Rae(0.879), 2nd=0.807, Discriminative=0.718, AvgNeg=0.807
[2025-10-21 00:31:12] INFO: [Thresholds] Abs=0.604, Margin=0.104(11.8%), RelMargin=8.2%, Tightness=0.960, StdDev=0.009
[2025-10-21 00:31:12] INFO: [Decision] ACCEPT: Consistency override (7/7 frames)
[2025-10-21 00:31:12] INFO: [Recognition] Scores: S12313 - ma=0.787 S13234 - Jin_Rae=0.882 
[2025-10-21 00:31:12] INFO: [Decision] Best=S13234 - Jin_Rae(0.882), 2nd=0.787, Discriminative=0.724, AvgNeg=0.787
[2025-10-21 00:31:12] INFO: [Thresholds] Abs=0.604, Margin=0.104(11.8%), RelMargin=10.8%, Tightness=0.960, StdDev=0.009
[2025-10-21 00:31:12] INFO: [Decision] ACCEPT: Consistency override (7/7 frames)
[2025-10-21 00:31:12] INFO: [Recognition] Scores: S12313 - ma=0.763 S13234 - Jin_Rae=0.880 
[2025-10-21 00:31:12] INFO: [Decision] Best=S13234 - Jin_Rae(0.880), 2nd=0.763, Discriminative=0.727, AvgNeg=0.763
[2025-10-21 00:31:12] INFO: [Thresholds] Abs=0.604, Margin=0.104(11.8%), RelMargin=13.3%, Tightness=0.960, StdDev=0.009
[2025-10-21 00:31:12] INFO: [Decision] ACCEPT: Primary thresholds met (abs + margin + relative)
[2025-10-21 00:31:13] INFO: [Recognition] Scores: S12313 - ma=0.777 S13234 - Jin_Rae=0.874 
[2025-10-21 00:31:13] INFO: [Decision] Best=S13234 - Jin_Rae(0.874), 2nd=0.777, Discriminative=0.719, AvgNeg=0.777
[2025-10-21 00:31:13] INFO: [Thresholds] Abs=0.604, Margin=0.104(11.9%), RelMargin=11.1%, Tightness=0.960, StdDev=0.009
[2025-10-21 00:31:13] INFO: [Decision] ACCEPT: Consistency override (7/7 frames)
[2025-10-21 00:31:13] INFO: [Recognition] Scores: S12313 - ma=0.776 S13234 - Jin_Rae=0.863 
[2025-10-21 00:31:13] INFO: [Decision] Best=S13234 - Jin_Rae(0.863), 2nd=0.776, Discriminative=0.708, AvgNeg=0.776
[2025-10-21 00:31:13] INFO: [Thresholds] Abs=0.604, Margin=0.104(12.0%), RelMargin=10.1%, Tightness=0.960, StdDev=0.009
[2025-10-21 00:31:13] INFO: [Decision] ACCEPT: Consistency override (7/7 frames)
[2025-10-21 00:31:13] INFO: [Recognition] Scores: S12313 - ma=0.785 S13234 - Jin_Rae=0.847 
[2025-10-21 00:31:13] INFO: [Decision] Best=S13234 - Jin_Rae(0.847), 2nd=0.785, Discriminative=0.690, AvgNeg=0.785
[2025-10-21 00:31:13] INFO: [Thresholds] Abs=0.604, Margin=0.104(12.3%), RelMargin=7.4%, Tightness=0.960, StdDev=0.009
[2025-10-21 00:31:13] INFO: [Decision] ACCEPT: Consistency override (7/7 frames)
[2025-10-21 00:31:13] INFO: [Recognition] Scores: S12313 - ma=0.798 S13234 - Jin_Rae=0.855 
[2025-10-21 00:31:13] INFO: [Decision] Best=S13234 - Jin_Rae(0.855), 2nd=0.798, Discriminative=0.695, AvgNeg=0.798
[2025-10-21 00:31:13] INFO: [Thresholds] Abs=0.604, Margin=0.104(12.2%), RelMargin=6.7%, Tightness=0.960, StdDev=0.009
[2025-10-21 00:31:13] INFO: [Decision] ACCEPT: Consistency override (7/7 frames)
[2025-10-21 00:31:13] INFO: [Recognition] Scores: S12313 - ma=0.792 S13234 - Jin_Rae=0.856 
[2025-10-21 00:31:13] INFO: [Decision] Best=S13234 - Jin_Rae(0.856), 2nd=0.792, Discriminative=0.698, AvgNeg=0.792
[2025-10-21 00:31:13] INFO: [Thresholds] Abs=0.604, Margin=0.104(12.1%), RelMargin=7.5%, Tightness=0.960, StdDev=0.009
[2025-10-21 00:31:13] INFO: [Decision] ACCEPT: Consistency override (7/7 frames)
[2025-10-21 00:31:13] INFO: [Recognition] Scores: S12313 - ma=0.788 S13234 - Jin_Rae=0.845 
[2025-10-21 00:31:13] INFO: [Decision] Best=S13234 - Jin_Rae(0.845), 2nd=0.788, Discriminative=0.688, AvgNeg=0.788
[2025-10-21 00:31:13] INFO: [Thresholds] Abs=0.604, Margin=0.104(12.3%), RelMargin=6.8%, Tightness=0.960, StdDev=0.009
[2025-10-21 00:31:13] INFO: [Decision] ACCEPT: Consistency override (7/7 frames)
[2025-10-21 00:31:13] INFO: [Recognition] Scores: S12313 - ma=0.793 S13234 - Jin_Rae=0.855 
[2025-10-21 00:31:13] INFO: [Decision] Best=S13234 - Jin_Rae(0.855), 2nd=0.793, Discriminative=0.697, AvgNeg=0.793
[2025-10-21 00:31:13] INFO: [Thresholds] Abs=0.604, Margin=0.104(12.2%), RelMargin=7.3%, Tightness=0.960, StdDev=0.009
[2025-10-21 00:31:13] INFO: [Decision] ACCEPT: Consistency override (7/7 frames)
[2025-10-21 00:31:13] INFO: [Recognition] Scores: S12313 - ma=0.845 S13234 - Jin_Rae=0.847 
[2025-10-21 00:31:13] INFO: [Decision] Best=S13234 - Jin_Rae(0.847), 2nd=0.845, Discriminative=0.678, AvgNeg=0.845
[2025-10-21 00:31:13] INFO: [Thresholds] Abs=0.604, Margin=0.104(12.3%), RelMargin=0.2%, Tightness=0.960, StdDev=0.009
[2025-10-21 00:31:13] INFO: [Decision] ACCEPT: Consistency override (7/7 frames)
[2025-10-21 00:31:14] INFO: [Recognition] Scores: S12313 - ma=0.801 S13234 - Jin_Rae=0.847 
[2025-10-21 00:31:14] INFO: [Decision] Best=S13234 - Jin_Rae(0.847), 2nd=0.801, Discriminative=0.687, AvgNeg=0.801
[2025-10-21 00:31:14] INFO: [Thresholds] Abs=0.604, Margin=0.104(12.3%), RelMargin=5.5%, Tightness=0.960, StdDev=0.009
[2025-10-21 00:31:14] INFO: [Decision] ACCEPT: Consistency override (7/7 frames)
[2025-10-21 00:31:14] INFO: [Recognition] Scores: S12313 - ma=0.815 S13234 - Jin_Rae=0.860 
[2025-10-21 00:31:14] INFO: [Decision] Best=S13234 - Jin_Rae(0.860), 2nd=0.815, Discriminative=0.697, AvgNeg=0.815
[2025-10-21 00:31:14] INFO: [Thresholds] Abs=0.604, Margin=0.104(12.1%), RelMargin=5.2%, Tightness=0.960, StdDev=0.009
[2025-10-21 00:31:14] INFO: [Decision] ACCEPT: Consistency override (7/7 frames)
[2025-10-21 00:31:14] INFO: [Recognition] Scores: S12313 - ma=0.784 S13234 - Jin_Rae=0.843 
[2025-10-21 00:31:14] INFO: [Decision] Best=S13234 - Jin_Rae(0.843), 2nd=0.784, Discriminative=0.686, AvgNeg=0.784
[2025-10-21 00:31:14] INFO: [Thresholds] Abs=0.604, Margin=0.104(12.3%), RelMargin=7.0%, Tightness=0.960, StdDev=0.009
[2025-10-21 00:31:14] INFO: [Decision] ACCEPT: Consistency override (7/7 frames)
[2025-10-21 00:31:14] INFO: [Recognition] Scores: S12313 - ma=0.733 S13234 - Jin_Rae=0.821 
[2025-10-21 00:31:14] INFO: [Decision] Best=S13234 - Jin_Rae(0.821), 2nd=0.733, Discriminative=0.675, AvgNeg=0.733
[2025-10-21 00:31:14] INFO: [Thresholds] Abs=0.604, Margin=0.104(12.7%), RelMargin=10.8%, Tightness=0.960, StdDev=0.009
[2025-10-21 00:31:14] INFO: [Decision] ACCEPT: Consistency override (7/7 frames)
[2025-10-21 00:31:14] INFO: [Recognition] Scores: S12313 - ma=0.717 S13234 - Jin_Rae=0.790 
[2025-10-21 00:31:14] INFO: [Decision] Best=S13234 - Jin_Rae(0.790), 2nd=0.717, Discriminative=0.646, AvgNeg=0.717
[2025-10-21 00:31:14] INFO: [Thresholds] Abs=0.604, Margin=0.104(13.2%), RelMargin=9.2%, Tightness=0.960, StdDev=0.009
[2025-10-21 00:31:14] INFO: [Decision] ACCEPT: Consistency override (7/7 frames)
[2025-10-21 00:31:14] INFO: [Recognition] Scores: S12313 - ma=0.775 S13234 - Jin_Rae=0.790 
[2025-10-21 00:31:14] INFO: [Decision] Best=S13234 - Jin_Rae(0.790), 2nd=0.775, Discriminative=0.635, AvgNeg=0.775
[2025-10-21 00:31:14] INFO: [Thresholds] Abs=0.604, Margin=0.104(13.2%), RelMargin=1.9%, Tightness=0.960, StdDev=0.009
[2025-10-21 00:31:14] INFO: [Decision] ACCEPT: Consistency override (7/7 frames)
[2025-10-21 00:31:14] INFO: [Recognition] Scores: S12313 - ma=0.796 S13234 - Jin_Rae=0.812 
[2025-10-21 00:31:14] INFO: [Decision] Best=S13234 - Jin_Rae(0.812), 2nd=0.796, Discriminative=0.653, AvgNeg=0.796
[2025-10-21 00:31:14] INFO: [Thresholds] Abs=0.604, Margin=0.104(12.8%), RelMargin=2.0%, Tightness=0.960, StdDev=0.009
[2025-10-21 00:31:14] INFO: [Decision] ACCEPT: Consistency override (7/7 frames)
[2025-10-21 00:31:15] INFO: [Recognition] Scores: S12313 - ma=0.820 S13234 - Jin_Rae=0.856 
[2025-10-21 00:31:15] INFO: [Decision] Best=S13234 - Jin_Rae(0.856), 2nd=0.820, Discriminative=0.692, AvgNeg=0.820
[2025-10-21 00:31:15] INFO: [Thresholds] Abs=0.604, Margin=0.104(12.2%), RelMargin=4.1%, Tightness=0.960, StdDev=0.009
[2025-10-21 00:31:15] INFO: [Decision] ACCEPT: Consistency override (7/7 frames)
[2025-10-21 00:31:15] INFO: [Recognition] Scores: S12313 - ma=0.828 S13234 - Jin_Rae=0.826 
[2025-10-21 00:31:15] INFO: [Decision] Best=S12313 - ma(0.828), 2nd=0.826, Discriminative=0.663, AvgNeg=0.826
[2025-10-21 00:31:15] INFO: [Thresholds] Abs=0.607, Margin=0.107(12.9%), RelMargin=0.2%, Tightness=0.934, StdDev=0.015
[2025-10-21 00:31:15] INFO: [Decision] REJECT: Abs=
[2025-10-21 00:31:15] INFO: true
[2025-10-21 00:31:15] INFO: , AbsMargin=
[2025-10-21 00:31:15] INFO: false
[2025-10-21 00:31:15] INFO: , RelMargin=
[2025-10-21 00:31:15] INFO: false
[2025-10-21 00:31:15] INFO: (
[2025-10-21 00:31:15] INFO: 0.2
[2025-10-21 00:31:15] INFO: %
[2025-10-21 00:31:15] INFO: ), StrongMargin=
[2025-10-21 00:31:15] INFO: false
[2025-10-21 00:31:15] INFO: (
[2025-10-21 00:31:15] INFO: 12.0
[2025-10-21 00:31:15] INFO: %
[2025-10-21 00:31:15] INFO: ), Discrim=
[2025-10-21 00:31:15] INFO: true
[2025-10-21 00:31:15] INFO: , Consist=
[2025-10-21 00:31:15] INFO: false
[2025-10-21 00:31:15] INFO: (
[2025-10-21 00:31:15] INFO: 0
[2025-10-21 00:31:15] INFO: /
[2025-10-21 00:31:15] INFO: 7
[2025-10-21 00:31:15] INFO: )
[2025-10-21 00:31:15] INFO: [Recognition] Scores: S12313 - ma=0.811 S13234 - Jin_Rae=0.819 
[2025-10-21 00:31:15] INFO: [Decision] Best=S13234 - Jin_Rae(0.819), 2nd=0.811, Discriminative=0.657, AvgNeg=0.811
[2025-10-21 00:31:15] INFO: [Thresholds] Abs=0.604, Margin=0.104(12.7%), RelMargin=1.0%, Tightness=0.960, StdDev=0.009
[2025-10-21 00:31:15] INFO: [Decision] ACCEPT: Consistency override (6/7 frames)
[2025-10-21 00:31:15] INFO: [Recognition] Scores: S12313 - ma=0.842 S13234 - Jin_Rae=0.814 
[2025-10-21 00:31:15] INFO: [Decision] Best=S12313 - ma(0.842), 2nd=0.814, Discriminative=0.679, AvgNeg=0.814
[2025-10-21 00:31:15] INFO: [Thresholds] Abs=0.607, Margin=0.107(12.7%), RelMargin=3.3%, Tightness=0.934, StdDev=0.015
[2025-10-21 00:31:15] INFO: [Decision] REJECT: Abs=
[2025-10-21 00:31:15] INFO: true
[2025-10-21 00:31:15] INFO: , AbsMargin=
[2025-10-21 00:31:15] INFO: false
[2025-10-21 00:31:15] INFO: , RelMargin=
[2025-10-21 00:31:15] INFO: false
[2025-10-21 00:31:15] INFO: (
[2025-10-21 00:31:15] INFO: 3.3
[2025-10-21 00:31:15] INFO: %
[2025-10-21 00:31:15] INFO: ), StrongMargin=
[2025-10-21 00:31:15] INFO: false
[2025-10-21 00:31:15] INFO: (
[2025-10-21 00:31:15] INFO: 12.0
[2025-10-21 00:31:15] INFO: %
[2025-10-21 00:31:15] INFO: ), Discrim=
[2025-10-21 00:31:15] INFO: true
[2025-10-21 00:31:15] INFO: , Consist=
[2025-10-21 00:31:15] INFO: false
[2025-10-21 00:31:15] INFO: (
[2025-10-21 00:31:15] INFO: 0
[2025-10-21 00:31:15] INFO: /
[2025-10-21 00:31:15] INFO: 7
[2025-10-21 00:31:15] INFO: )
[2025-10-21 00:31:15] INFO: [Recognition] Scores: S12313 - ma=0.827 S13234 - Jin_Rae=0.808 
[2025-10-21 00:31:15] INFO: [Decision] Best=S12313 - ma(0.827), 2nd=0.808, Discriminative=0.665, AvgNeg=0.808
[2025-10-21 00:31:15] INFO: [Thresholds] Abs=0.607, Margin=0.107(12.9%), RelMargin=2.3%, Tightness=0.934, StdDev=0.015
[2025-10-21 00:31:15] INFO: [Decision] REJECT: Abs=
[2025-10-21 00:31:15] INFO: true
[2025-10-21 00:31:15] INFO: , AbsMargin=
[2025-10-21 00:31:15] INFO: false
[2025-10-21 00:31:15] INFO: , RelMargin=
[2025-10-21 00:31:15] INFO: false
[2025-10-21 00:31:15] INFO: (
[2025-10-21 00:31:15] INFO: 2.3
[2025-10-21 00:31:15] INFO: %
[2025-10-21 00:31:15] INFO: ), StrongMargin=
[2025-10-21 00:31:15] INFO: false
[2025-10-21 00:31:15] INFO: (
[2025-10-21 00:31:15] INFO: 12.0
[2025-10-21 00:31:15] INFO: %
[2025-10-21 00:31:15] INFO: ), Discrim=
[2025-10-21 00:31:15] INFO: true
[2025-10-21 00:31:15] INFO: , Consist=
[2025-10-21 00:31:15] INFO: false
[2025-10-21 00:31:15] INFO: (
[2025-10-21 00:31:15] INFO: 0
[2025-10-21 00:31:15] INFO: /
[2025-10-21 00:31:15] INFO: 7
[2025-10-21 00:31:15] INFO: )
[2025-10-21 00:31:15] INFO: [Recognition] Scores: S12313 - ma=0.804 S13234 - Jin_Rae=0.796 
[2025-10-21 00:31:15] INFO: [Decision] Best=S12313 - ma(0.804), 2nd=0.796, Discriminative=0.645, AvgNeg=0.796
[2025-10-21 00:31:15] INFO: [Thresholds] Abs=0.607, Margin=0.107(13.3%), RelMargin=1.1%, Tightness=0.934, StdDev=0.015
[2025-10-21 00:31:15] INFO: [Decision] REJECT: Abs=
[2025-10-21 00:31:15] INFO: true
[2025-10-21 00:31:15] INFO: , AbsMargin=
[2025-10-21 00:31:15] INFO: false
[2025-10-21 00:31:15] INFO: , RelMargin=
[2025-10-21 00:31:15] INFO: false
[2025-10-21 00:31:15] INFO: (
[2025-10-21 00:31:15] INFO: 1.1
[2025-10-21 00:31:15] INFO: %
[2025-10-21 00:31:15] INFO: ), StrongMargin=
[2025-10-21 00:31:15] INFO: false
[2025-10-21 00:31:15] INFO: (
[2025-10-21 00:31:15] INFO: 12.0
[2025-10-21 00:31:15] INFO: %
[2025-10-21 00:31:15] INFO: ), Discrim=
[2025-10-21 00:31:15] INFO: true
[2025-10-21 00:31:15] INFO: , Consist=
[2025-10-21 00:31:15] INFO: false
[2025-10-21 00:31:15] INFO: (
[2025-10-21 00:31:15] INFO: 0
[2025-10-21 00:31:15] INFO: /
[2025-10-21 00:31:15] INFO: 7
[2025-10-21 00:31:15] INFO: )
[2025-10-21 00:31:15] INFO: [Recognition] Scores: S12313 - ma=0.805 S13234 - Jin_Rae=0.851 
[2025-10-21 00:31:15] INFO: [Decision] Best=S13234 - Jin_Rae(0.851), 2nd=0.805, Discriminative=0.690, AvgNeg=0.805
[2025-10-21 00:31:15] INFO: [Thresholds] Abs=0.604, Margin=0.104(12.2%), RelMargin=5.5%, Tightness=0.960, StdDev=0.009
[2025-10-21 00:31:15] INFO: [Decision] REJECT: Abs=
[2025-10-21 00:31:15] INFO: true
[2025-10-21 00:31:15] INFO: , AbsMargin=
[2025-10-21 00:31:15] INFO: false
[2025-10-21 00:31:15] INFO: , RelMargin=
[2025-10-21 00:31:15] INFO: false
[2025-10-21 00:31:15] INFO: (
[2025-10-21 00:31:15] INFO: 5.5
[2025-10-21 00:31:15] INFO: %
[2025-10-21 00:31:15] INFO: ), StrongMargin=
[2025-10-21 00:31:15] INFO: false
[2025-10-21 00:31:15] INFO: (
[2025-10-21 00:31:15] INFO: 12.0
[2025-10-21 00:31:15] INFO: %
[2025-10-21 00:31:15] INFO: ), Discrim=
[2025-10-21 00:31:15] INFO: true
[2025-10-21 00:31:15] INFO: , Consist=
[2025-10-21 00:31:15] INFO: false
[2025-10-21 00:31:15] INFO: (
[2025-10-21 00:31:15] INFO: 3
[2025-10-21 00:31:15] INFO: /
[2025-10-21 00:31:15] INFO: 7
[2025-10-21 00:31:15] INFO: )
[2025-10-21 00:31:15] INFO: Exiting Face Recognition Demo...
[2025-10-21 00:31:15] INFO: Exiting Face Recognition Demo...
