[2025-10-21 21:12:52] INFO: Application Logger Initialized.
[2025-10-21 21:12:52] INFO: Configuration and core components loaded.
[2025-10-21 21:12:52] INFO: Configuration loaded from classpath: app.properties
[2025-10-21 21:12:52] INFO: Configuration file loaded
[2025-10-21 21:12:52] INFO: MyGUIProgram Started!
[2025-10-21 21:12:53] INFO: ￢ﾜﾅ OpenFace nn4.small2.v1 model loaded successfully
[2025-10-21 21:12:53] INFO: === Folder debug ===
[2025-10-21 21:12:53] INFO: Found folder: C:\SMU\CS102 Project\FaceRecognitionCS102\data\facedata\S12313_ma
[2025-10-21 21:12:53] INFO:   Contains: 36 items
[2025-10-21 21:12:53] INFO:   Display label: S12313 - ma
[2025-10-21 21:12:53] INFO: Found folder: C:\SMU\CS102 Project\FaceRecognitionCS102\data\facedata\S13234_Jin_Rae
[2025-10-21 21:12:53] INFO:   Contains: 34 items
[2025-10-21 21:12:53] INFO:   Display label: S13234 - Jin_Rae
[2025-10-21 21:12:53] INFO: ====================
[2025-10-21 21:12:53] INFO: Person S12313 - ma: tightness=0.934, stdDev=0.015, absThresh=0.607, margin=0.107
[2025-10-21 21:12:53] INFO: Person S13234 - Jin_Rae: tightness=0.968, stdDev=0.009, absThresh=0.603, margin=0.103
[2025-10-21 21:12:53] INFO: DNN face detector loaded successfully for recognition
[2025-10-21 21:12:53] INFO: Attempting camera index 0 with DSHOW backend...
[2025-10-21 21:12:54] INFO: Camera opened successfully: index 0 with DSHOW backend
[2025-10-21 21:12:55] INFO: Camera configured: 640x480 @ 30fps (MJPEG: yes)
[2025-10-21 21:12:55] INFO: Camera initialized successfully
[2025-10-21 21:12:56] INFO: [Recognition] Scores: S12313 - ma=0.384 S13234 - Jin_Rae=0.558 
[2025-10-21 21:12:56] INFO: [Decision] Best=S13234 - Jin_Rae(0.558), 2nd=0.384, Discriminative=0.481, AvgNeg=0.384
[2025-10-21 21:12:56] INFO: [Thresholds] Abs=0.603, Margin=0.103(18.5%), RelMargin=31.2%, Tightness=0.968, StdDev=0.009
[2025-10-21 21:12:56] INFO: [Decision] REJECT: Abs=
[2025-10-21 21:12:56] INFO: false
[2025-10-21 21:12:56] INFO: , AbsMargin=
[2025-10-21 21:12:56] INFO: true
[2025-10-21 21:12:56] INFO: , RelMargin=
[2025-10-21 21:12:56] INFO: true
[2025-10-21 21:12:56] INFO: (
[2025-10-21 21:12:56] INFO: 31.2
[2025-10-21 21:12:56] INFO: %
[2025-10-21 21:12:56] INFO: ), StrongMargin=
[2025-10-21 21:12:56] INFO: true
[2025-10-21 21:12:56] INFO: (
[2025-10-21 21:12:56] INFO: 12.0
[2025-10-21 21:12:56] INFO: %
[2025-10-21 21:12:56] INFO: ), Discrim=
[2025-10-21 21:12:56] INFO: false
[2025-10-21 21:12:56] INFO: , Consist=
[2025-10-21 21:12:56] INFO: false
[2025-10-21 21:12:56] INFO: (
[2025-10-21 21:12:56] INFO: 0
[2025-10-21 21:12:56] INFO: /
[2025-10-21 21:12:56] INFO: 7
[2025-10-21 21:12:56] INFO: )
[2025-10-21 21:12:56] INFO: [Recognition] Scores: S12313 - ma=0.605 S13234 - Jin_Rae=0.771 
[2025-10-21 21:12:56] INFO: [Decision] Best=S13234 - Jin_Rae(0.771), 2nd=0.605, Discriminative=0.650, AvgNeg=0.605
[2025-10-21 21:12:56] INFO: [Thresholds] Abs=0.603, Margin=0.103(13.4%), RelMargin=21.6%, Tightness=0.968, StdDev=0.009
[2025-10-21 21:12:56] INFO: [Decision] ACCEPT: Primary thresholds met (abs + margin + relative)
[2025-10-21 21:12:56] INFO: [Recognition] Scores: S12313 - ma=0.617 S13234 - Jin_Rae=0.783 
[2025-10-21 21:12:56] INFO: [Decision] Best=S13234 - Jin_Rae(0.783), 2nd=0.617, Discriminative=0.659, AvgNeg=0.617
[2025-10-21 21:12:56] INFO: [Thresholds] Abs=0.603, Margin=0.103(13.2%), RelMargin=21.1%, Tightness=0.968, StdDev=0.009
[2025-10-21 21:12:56] INFO: [Decision] ACCEPT: Primary thresholds met (abs + margin + relative)
[2025-10-21 21:12:56] INFO: [Recognition] Scores: S12313 - ma=0.585 S13234 - Jin_Rae=0.825 
[2025-10-21 21:12:56] INFO: [Decision] Best=S13234 - Jin_Rae(0.825), 2nd=0.585, Discriminative=0.708, AvgNeg=0.585
[2025-10-21 21:12:56] INFO: [Thresholds] Abs=0.603, Margin=0.103(12.5%), RelMargin=29.1%, Tightness=0.968, StdDev=0.009
[2025-10-21 21:12:56] INFO: [Decision] ACCEPT: Primary thresholds met (abs + margin + relative)
[2025-10-21 21:12:57] INFO: [Recognition] Scores: S12313 - ma=0.676 S13234 - Jin_Rae=0.855 
[2025-10-21 21:12:57] INFO: [Decision] Best=S13234 - Jin_Rae(0.855), 2nd=0.676, Discriminative=0.720, AvgNeg=0.676
[2025-10-21 21:12:57] INFO: [Thresholds] Abs=0.603, Margin=0.103(12.1%), RelMargin=21.0%, Tightness=0.968, StdDev=0.009
[2025-10-21 21:12:57] INFO: [Decision] ACCEPT: Primary thresholds met (abs + margin + relative)
[2025-10-21 21:12:57] INFO: [Recognition] Scores: S12313 - ma=0.725 S13234 - Jin_Rae=0.802 
[2025-10-21 21:12:57] INFO: [Decision] Best=S13234 - Jin_Rae(0.802), 2nd=0.725, Discriminative=0.657, AvgNeg=0.725
[2025-10-21 21:12:57] INFO: [Thresholds] Abs=0.603, Margin=0.103(12.9%), RelMargin=9.6%, Tightness=0.968, StdDev=0.009
[2025-10-21 21:12:57] INFO: [Decision] REJECT: Abs=
[2025-10-21 21:12:57] INFO: true
[2025-10-21 21:12:57] INFO: , AbsMargin=
[2025-10-21 21:12:57] INFO: false
[2025-10-21 21:12:57] INFO: , RelMargin=
[2025-10-21 21:12:57] INFO: false
[2025-10-21 21:12:57] INFO: (
[2025-10-21 21:12:57] INFO: 9.6
[2025-10-21 21:12:57] INFO: %
[2025-10-21 21:12:57] INFO: ), StrongMargin=
[2025-10-21 21:12:57] INFO: false
[2025-10-21 21:12:57] INFO: (
[2025-10-21 21:12:57] INFO: 12.0
[2025-10-21 21:12:57] INFO: %
[2025-10-21 21:12:57] INFO: ), Discrim=
[2025-10-21 21:12:57] INFO: true
[2025-10-21 21:12:57] INFO: , Consist=
[2025-10-21 21:12:57] INFO: false
[2025-10-21 21:12:57] INFO: (
[2025-10-21 21:12:57] INFO: 4
[2025-10-21 21:12:57] INFO: /
[2025-10-21 21:12:57] INFO: 7
[2025-10-21 21:12:57] INFO: )
[2025-10-21 21:12:57] INFO: [Recognition] Scores: S12313 - ma=0.669 S13234 - Jin_Rae=0.711 
[2025-10-21 21:12:57] INFO: [Decision] Best=S13234 - Jin_Rae(0.711), 2nd=0.669, Discriminative=0.577, AvgNeg=0.669
[2025-10-21 21:12:57] INFO: [Thresholds] Abs=0.603, Margin=0.103(14.5%), RelMargin=5.9%, Tightness=0.968, StdDev=0.009
[2025-10-21 21:12:57] INFO: [Decision] REJECT: Abs=
[2025-10-21 21:12:57] INFO: true
[2025-10-21 21:12:57] INFO: , AbsMargin=
[2025-10-21 21:12:57] INFO: false
[2025-10-21 21:12:57] INFO: , RelMargin=
[2025-10-21 21:12:57] INFO: false
[2025-10-21 21:12:57] INFO: (
[2025-10-21 21:12:57] INFO: 5.9
[2025-10-21 21:12:57] INFO: %
[2025-10-21 21:12:57] INFO: ), StrongMargin=
[2025-10-21 21:12:57] INFO: false
[2025-10-21 21:12:57] INFO: (
[2025-10-21 21:12:57] INFO: 12.0
[2025-10-21 21:12:57] INFO: %
[2025-10-21 21:12:57] INFO: ), Discrim=
[2025-10-21 21:12:57] INFO: false
[2025-10-21 21:12:57] INFO: , Consist=
[2025-10-21 21:12:57] INFO: false
[2025-10-21 21:12:57] INFO: (
[2025-10-21 21:12:57] INFO: 4
[2025-10-21 21:12:57] INFO: /
[2025-10-21 21:12:57] INFO: 7
[2025-10-21 21:12:57] INFO: )
[2025-10-21 21:12:57] INFO: [Recognition] Scores: S12313 - ma=0.581 S13234 - Jin_Rae=0.614 
[2025-10-21 21:12:57] INFO: [Decision] Best=S13234 - Jin_Rae(0.614), 2nd=0.581, Discriminative=0.498, AvgNeg=0.581
[2025-10-21 21:12:57] INFO: [Thresholds] Abs=0.603, Margin=0.103(16.8%), RelMargin=5.3%, Tightness=0.968, StdDev=0.009
[2025-10-21 21:12:57] INFO: [Decision] REJECT: Abs=
[2025-10-21 21:12:57] INFO: true
[2025-10-21 21:12:57] INFO: , AbsMargin=
[2025-10-21 21:12:57] INFO: false
[2025-10-21 21:12:57] INFO: , RelMargin=
[2025-10-21 21:12:57] INFO: false
[2025-10-21 21:12:57] INFO: (
[2025-10-21 21:12:57] INFO: 5.3
[2025-10-21 21:12:57] INFO: %
[2025-10-21 21:12:57] INFO: ), StrongMargin=
[2025-10-21 21:12:57] INFO: false
[2025-10-21 21:12:57] INFO: (
[2025-10-21 21:12:57] INFO: 12.0
[2025-10-21 21:12:57] INFO: %
[2025-10-21 21:12:57] INFO: ), Discrim=
[2025-10-21 21:12:57] INFO: false
[2025-10-21 21:12:57] INFO: , Consist=
[2025-10-21 21:12:57] INFO: false
[2025-10-21 21:12:57] INFO: (
[2025-10-21 21:12:57] INFO: 4
[2025-10-21 21:12:57] INFO: /
[2025-10-21 21:12:57] INFO: 7
[2025-10-21 21:12:57] INFO: )
[2025-10-21 21:12:57] INFO: [Recognition] Scores: S12313 - ma=0.689 S13234 - Jin_Rae=0.775 
[2025-10-21 21:12:57] INFO: [Decision] Best=S13234 - Jin_Rae(0.775), 2nd=0.689, Discriminative=0.637, AvgNeg=0.689
[2025-10-21 21:12:57] INFO: [Thresholds] Abs=0.603, Margin=0.103(13.3%), RelMargin=11.1%, Tightness=0.968, StdDev=0.009
[2025-10-21 21:12:57] INFO: [Decision] REJECT: Abs=
[2025-10-21 21:12:57] INFO: true
[2025-10-21 21:12:57] INFO: , AbsMargin=
[2025-10-21 21:12:57] INFO: false
[2025-10-21 21:12:57] INFO: , RelMargin=
[2025-10-21 21:12:57] INFO: false
[2025-10-21 21:12:57] INFO: (
[2025-10-21 21:12:57] INFO: 11.1
[2025-10-21 21:12:57] INFO: %
[2025-10-21 21:12:57] INFO: ), StrongMargin=
[2025-10-21 21:12:57] INFO: false
[2025-10-21 21:12:57] INFO: (
[2025-10-21 21:12:57] INFO: 12.0
[2025-10-21 21:12:57] INFO: %
[2025-10-21 21:12:57] INFO: ), Discrim=
[2025-10-21 21:12:57] INFO: true
[2025-10-21 21:12:57] INFO: , Consist=
[2025-10-21 21:12:57] INFO: false
[2025-10-21 21:12:57] INFO: (
[2025-10-21 21:12:57] INFO: 4
[2025-10-21 21:12:57] INFO: /
[2025-10-21 21:12:57] INFO: 7
[2025-10-21 21:12:57] INFO: )
[2025-10-21 21:12:57] INFO: [Recognition] Scores: S12313 - ma=0.680 S13234 - Jin_Rae=0.752 
[2025-10-21 21:12:57] INFO: [Decision] Best=S13234 - Jin_Rae(0.752), 2nd=0.680, Discriminative=0.616, AvgNeg=0.680
[2025-10-21 21:12:57] INFO: [Thresholds] Abs=0.603, Margin=0.103(13.7%), RelMargin=9.6%, Tightness=0.968, StdDev=0.009
[2025-10-21 21:12:57] INFO: [Decision] REJECT: Abs=
[2025-10-21 21:12:57] INFO: true
[2025-10-21 21:12:57] INFO: , AbsMargin=
[2025-10-21 21:12:57] INFO: false
[2025-10-21 21:12:57] INFO: , RelMargin=
[2025-10-21 21:12:57] INFO: false
[2025-10-21 21:12:57] INFO: (
[2025-10-21 21:12:57] INFO: 9.6
[2025-10-21 21:12:57] INFO: %
[2025-10-21 21:12:57] INFO: ), StrongMargin=
[2025-10-21 21:12:57] INFO: false
[2025-10-21 21:12:57] INFO: (
[2025-10-21 21:12:57] INFO: 12.0
[2025-10-21 21:12:57] INFO: %
[2025-10-21 21:12:57] INFO: ), Discrim=
[2025-10-21 21:12:57] INFO: true
[2025-10-21 21:12:57] INFO: , Consist=
[2025-10-21 21:12:57] INFO: false
[2025-10-21 21:12:57] INFO: (
[2025-10-21 21:12:57] INFO: 3
[2025-10-21 21:12:57] INFO: /
[2025-10-21 21:12:57] INFO: 7
[2025-10-21 21:12:57] INFO: )
[2025-10-21 21:12:57] INFO: [Recognition] Scores: S12313 - ma=0.731 S13234 - Jin_Rae=0.772 
[2025-10-21 21:12:57] INFO: [Decision] Best=S13234 - Jin_Rae(0.772), 2nd=0.731, Discriminative=0.626, AvgNeg=0.731
[2025-10-21 21:12:57] INFO: [Thresholds] Abs=0.603, Margin=0.103(13.4%), RelMargin=5.3%, Tightness=0.968, StdDev=0.009
[2025-10-21 21:12:57] INFO: [Decision] REJECT: Abs=
[2025-10-21 21:12:57] INFO: true
[2025-10-21 21:12:57] INFO: , AbsMargin=
[2025-10-21 21:12:57] INFO: false
[2025-10-21 21:12:57] INFO: , RelMargin=
[2025-10-21 21:12:57] INFO: false
[2025-10-21 21:12:57] INFO: (
[2025-10-21 21:12:57] INFO: 5.3
[2025-10-21 21:12:57] INFO: %
[2025-10-21 21:12:57] INFO: ), StrongMargin=
[2025-10-21 21:12:57] INFO: false
[2025-10-21 21:12:57] INFO: (
[2025-10-21 21:12:57] INFO: 12.0
[2025-10-21 21:12:57] INFO: %
[2025-10-21 21:12:57] INFO: ), Discrim=
[2025-10-21 21:12:57] INFO: true
[2025-10-21 21:12:57] INFO: , Consist=
[2025-10-21 21:12:57] INFO: false
[2025-10-21 21:12:57] INFO: (
[2025-10-21 21:12:57] INFO: 2
[2025-10-21 21:12:57] INFO: /
[2025-10-21 21:12:57] INFO: 7
[2025-10-21 21:12:57] INFO: )
[2025-10-21 21:12:57] INFO: [Recognition] Scores: S12313 - ma=0.768 S13234 - Jin_Rae=0.874 
[2025-10-21 21:12:57] INFO: [Decision] Best=S13234 - Jin_Rae(0.874), 2nd=0.768, Discriminative=0.720, AvgNeg=0.768
[2025-10-21 21:12:57] INFO: [Thresholds] Abs=0.603, Margin=0.103(11.8%), RelMargin=12.0%, Tightness=0.968, StdDev=0.009
[2025-10-21 21:12:57] INFO: [Decision] ACCEPT: Primary thresholds met (abs + margin + relative)
[2025-10-21 21:12:58] INFO: [Recognition] Scores: S12313 - ma=0.729 S13234 - Jin_Rae=0.876 
[2025-10-21 21:12:58] INFO: [Decision] Best=S13234 - Jin_Rae(0.876), 2nd=0.729, Discriminative=0.730, AvgNeg=0.729
[2025-10-21 21:12:58] INFO: [Thresholds] Abs=0.603, Margin=0.103(11.8%), RelMargin=16.8%, Tightness=0.968, StdDev=0.009
[2025-10-21 21:12:58] INFO: [Decision] ACCEPT: Primary thresholds met (abs + margin + relative)
[2025-10-21 21:12:58] INFO: [Recognition] Scores: S12313 - ma=0.712 S13234 - Jin_Rae=0.879 
[2025-10-21 21:12:58] INFO: [Decision] Best=S13234 - Jin_Rae(0.879), 2nd=0.712, Discriminative=0.736, AvgNeg=0.712
[2025-10-21 21:12:58] INFO: [Thresholds] Abs=0.603, Margin=0.103(11.7%), RelMargin=19.0%, Tightness=0.968, StdDev=0.009
[2025-10-21 21:12:58] INFO: [Decision] ACCEPT: Primary thresholds met (abs + margin + relative)
[2025-10-21 21:12:58] INFO: [Recognition] Scores: S12313 - ma=0.722 S13234 - Jin_Rae=0.844 
[2025-10-21 21:12:58] INFO: [Decision] Best=S13234 - Jin_Rae(0.844), 2nd=0.722, Discriminative=0.699, AvgNeg=0.722
[2025-10-21 21:12:58] INFO: [Thresholds] Abs=0.603, Margin=0.103(12.2%), RelMargin=14.4%, Tightness=0.968, StdDev=0.009
[2025-10-21 21:12:58] INFO: [Decision] ACCEPT: Primary thresholds met (abs + margin + relative)
[2025-10-21 21:12:58] INFO: [Recognition] Scores: S12313 - ma=0.689 S13234 - Jin_Rae=0.813 
[2025-10-21 21:12:58] INFO: [Decision] Best=S13234 - Jin_Rae(0.813), 2nd=0.689, Discriminative=0.675, AvgNeg=0.689
[2025-10-21 21:12:58] INFO: [Thresholds] Abs=0.603, Margin=0.103(12.7%), RelMargin=15.2%, Tightness=0.968, StdDev=0.009
[2025-10-21 21:12:58] INFO: [Decision] ACCEPT: Primary thresholds met (abs + margin + relative)
[2025-10-21 21:12:58] INFO: [Recognition] Scores: S12313 - ma=0.676 S13234 - Jin_Rae=0.796 
[2025-10-21 21:12:58] INFO: [Decision] Best=S13234 - Jin_Rae(0.796), 2nd=0.676, Discriminative=0.661, AvgNeg=0.676
[2025-10-21 21:12:58] INFO: [Thresholds] Abs=0.603, Margin=0.103(13.0%), RelMargin=15.0%, Tightness=0.968, StdDev=0.009
[2025-10-21 21:12:58] INFO: [Decision] ACCEPT: Primary thresholds met (abs + margin + relative)
[2025-10-21 21:12:58] INFO: [Recognition] Scores: S12313 - ma=0.656 S13234 - Jin_Rae=0.784 
[2025-10-21 21:12:58] INFO: [Decision] Best=S13234 - Jin_Rae(0.784), 2nd=0.656, Discriminative=0.653, AvgNeg=0.656
[2025-10-21 21:12:58] INFO: [Thresholds] Abs=0.603, Margin=0.103(13.2%), RelMargin=16.3%, Tightness=0.968, StdDev=0.009
[2025-10-21 21:12:58] INFO: [Decision] ACCEPT: Primary thresholds met (abs + margin + relative)
[2025-10-21 21:12:58] INFO: [Recognition] Scores: S12313 - ma=0.658 S13234 - Jin_Rae=0.778 
[2025-10-21 21:12:58] INFO: [Decision] Best=S13234 - Jin_Rae(0.778), 2nd=0.658, Discriminative=0.646, AvgNeg=0.658
[2025-10-21 21:12:58] INFO: [Thresholds] Abs=0.603, Margin=0.103(13.3%), RelMargin=15.5%, Tightness=0.968, StdDev=0.009
[2025-10-21 21:12:58] INFO: [Decision] ACCEPT: Primary thresholds met (abs + margin + relative)
[2025-10-21 21:12:58] INFO: [Recognition] Scores: S12313 - ma=0.666 S13234 - Jin_Rae=0.779 
[2025-10-21 21:12:58] INFO: [Decision] Best=S13234 - Jin_Rae(0.779), 2nd=0.666, Discriminative=0.646, AvgNeg=0.666
[2025-10-21 21:12:58] INFO: [Thresholds] Abs=0.603, Margin=0.103(13.2%), RelMargin=14.4%, Tightness=0.968, StdDev=0.009
[2025-10-21 21:12:58] INFO: [Decision] ACCEPT: Primary thresholds met (abs + margin + relative)
[2025-10-21 21:12:59] INFO: [Recognition] Scores: S12313 - ma=0.687 S13234 - Jin_Rae=0.820 
[2025-10-21 21:12:59] INFO: [Decision] Best=S13234 - Jin_Rae(0.820), 2nd=0.687, Discriminative=0.682, AvgNeg=0.687
[2025-10-21 21:12:59] INFO: [Thresholds] Abs=0.603, Margin=0.103(12.6%), RelMargin=16.2%, Tightness=0.968, StdDev=0.009
[2025-10-21 21:12:59] INFO: [Decision] ACCEPT: Primary thresholds met (abs + margin + relative)
[2025-10-21 21:12:59] INFO: [Recognition] Scores: S12313 - ma=0.650 S13234 - Jin_Rae=0.817 
[2025-10-21 21:12:59] INFO: [Decision] Best=S13234 - Jin_Rae(0.817), 2nd=0.650, Discriminative=0.687, AvgNeg=0.650
[2025-10-21 21:12:59] INFO: [Thresholds] Abs=0.603, Margin=0.103(12.6%), RelMargin=20.4%, Tightness=0.968, StdDev=0.009
[2025-10-21 21:12:59] INFO: [Decision] ACCEPT: Primary thresholds met (abs + margin + relative)
[2025-10-21 21:12:59] INFO: [Recognition] Scores: S12313 - ma=0.654 S13234 - Jin_Rae=0.832 
[2025-10-21 21:12:59] INFO: [Decision] Best=S13234 - Jin_Rae(0.832), 2nd=0.654, Discriminative=0.701, AvgNeg=0.654
[2025-10-21 21:12:59] INFO: [Thresholds] Abs=0.603, Margin=0.103(12.4%), RelMargin=21.3%, Tightness=0.968, StdDev=0.009
[2025-10-21 21:12:59] INFO: [Decision] ACCEPT: Primary thresholds met (abs + margin + relative)
[2025-10-21 21:12:59] INFO: [Recognition] Scores: S12313 - ma=0.682 S13234 - Jin_Rae=0.825 
[2025-10-21 21:12:59] INFO: [Decision] Best=S13234 - Jin_Rae(0.825), 2nd=0.682, Discriminative=0.689, AvgNeg=0.682
[2025-10-21 21:12:59] INFO: [Thresholds] Abs=0.603, Margin=0.103(12.5%), RelMargin=17.4%, Tightness=0.968, StdDev=0.009
[2025-10-21 21:12:59] INFO: [Decision] ACCEPT: Primary thresholds met (abs + margin + relative)
[2025-10-21 21:12:59] INFO: [Recognition] Scores: S12313 - ma=0.659 S13234 - Jin_Rae=0.817 
[2025-10-21 21:12:59] INFO: [Decision] Best=S13234 - Jin_Rae(0.817), 2nd=0.659, Discriminative=0.685, AvgNeg=0.659
[2025-10-21 21:12:59] INFO: [Thresholds] Abs=0.603, Margin=0.103(12.6%), RelMargin=19.3%, Tightness=0.968, StdDev=0.009
[2025-10-21 21:12:59] INFO: [Decision] ACCEPT: Primary thresholds met (abs + margin + relative)
[2025-10-21 21:12:59] INFO: [Recognition] Scores: S12313 - ma=0.664 S13234 - Jin_Rae=0.817 
[2025-10-21 21:12:59] INFO: [Decision] Best=S13234 - Jin_Rae(0.817), 2nd=0.664, Discriminative=0.684, AvgNeg=0.664
[2025-10-21 21:12:59] INFO: [Thresholds] Abs=0.603, Margin=0.103(12.6%), RelMargin=18.8%, Tightness=0.968, StdDev=0.009
[2025-10-21 21:12:59] INFO: [Decision] ACCEPT: Primary thresholds met (abs + margin + relative)
[2025-10-21 21:12:59] INFO: [Recognition] Scores: S12313 - ma=0.678 S13234 - Jin_Rae=0.811 
[2025-10-21 21:12:59] INFO: [Decision] Best=S13234 - Jin_Rae(0.811), 2nd=0.678, Discriminative=0.676, AvgNeg=0.678
[2025-10-21 21:12:59] INFO: [Thresholds] Abs=0.603, Margin=0.103(12.7%), RelMargin=16.5%, Tightness=0.968, StdDev=0.009
[2025-10-21 21:12:59] INFO: [Decision] ACCEPT: Primary thresholds met (abs + margin + relative)
[2025-10-21 21:12:59] INFO: [Recognition] Scores: S12313 - ma=0.705 S13234 - Jin_Rae=0.821 
[2025-10-21 21:12:59] INFO: [Decision] Best=S13234 - Jin_Rae(0.821), 2nd=0.705, Discriminative=0.680, AvgNeg=0.705
[2025-10-21 21:12:59] INFO: [Thresholds] Abs=0.603, Margin=0.103(12.6%), RelMargin=14.1%, Tightness=0.968, StdDev=0.009
[2025-10-21 21:12:59] INFO: [Decision] ACCEPT: Primary thresholds met (abs + margin + relative)
[2025-10-21 21:13:00] INFO: [Recognition] Scores: S12313 - ma=0.695 S13234 - Jin_Rae=0.814 
[2025-10-21 21:13:00] INFO: [Decision] Best=S13234 - Jin_Rae(0.814), 2nd=0.695, Discriminative=0.675, AvgNeg=0.695
[2025-10-21 21:13:00] INFO: [Thresholds] Abs=0.603, Margin=0.103(12.7%), RelMargin=14.6%, Tightness=0.968, StdDev=0.009
[2025-10-21 21:13:00] INFO: [Decision] ACCEPT: Primary thresholds met (abs + margin + relative)
[2025-10-21 21:13:00] INFO: [Recognition] Scores: S12313 - ma=0.704 S13234 - Jin_Rae=0.821 
[2025-10-21 21:13:00] INFO: [Decision] Best=S13234 - Jin_Rae(0.821), 2nd=0.704, Discriminative=0.680, AvgNeg=0.704
[2025-10-21 21:13:00] INFO: [Thresholds] Abs=0.603, Margin=0.103(12.6%), RelMargin=14.3%, Tightness=0.968, StdDev=0.009
[2025-10-21 21:13:00] INFO: [Decision] ACCEPT: Primary thresholds met (abs + margin + relative)
[2025-10-21 21:13:00] INFO: [Recognition] Scores: S12313 - ma=0.749 S13234 - Jin_Rae=0.830 
[2025-10-21 21:13:00] INFO: [Decision] Best=S13234 - Jin_Rae(0.830), 2nd=0.749, Discriminative=0.680, AvgNeg=0.749
[2025-10-21 21:13:00] INFO: [Thresholds] Abs=0.603, Margin=0.103(12.4%), RelMargin=9.7%, Tightness=0.968, StdDev=0.009
[2025-10-21 21:13:00] INFO: [Decision] ACCEPT: Consistency override (7/7 frames)
[2025-10-21 21:13:00] INFO: [Recognition] Scores: S12313 - ma=0.737 S13234 - Jin_Rae=0.808 
[2025-10-21 21:13:00] INFO: [Decision] Best=S13234 - Jin_Rae(0.808), 2nd=0.737, Discriminative=0.661, AvgNeg=0.737
[2025-10-21 21:13:00] INFO: [Thresholds] Abs=0.603, Margin=0.103(12.8%), RelMargin=8.8%, Tightness=0.968, StdDev=0.009
[2025-10-21 21:13:00] INFO: [Decision] ACCEPT: Consistency override (7/7 frames)
[2025-10-21 21:13:00] INFO: [Recognition] Scores: S12313 - ma=0.748 S13234 - Jin_Rae=0.793 
[2025-10-21 21:13:00] INFO: [Decision] Best=S13234 - Jin_Rae(0.793), 2nd=0.748, Discriminative=0.643, AvgNeg=0.748
[2025-10-21 21:13:00] INFO: [Thresholds] Abs=0.603, Margin=0.103(13.0%), RelMargin=5.7%, Tightness=0.968, StdDev=0.009
[2025-10-21 21:13:00] INFO: [Decision] ACCEPT: Consistency override (7/7 frames)
[2025-10-21 21:13:00] INFO: [Recognition] Scores: S12313 - ma=0.759 S13234 - Jin_Rae=0.789 
[2025-10-21 21:13:00] INFO: [Decision] Best=S13234 - Jin_Rae(0.789), 2nd=0.759, Discriminative=0.637, AvgNeg=0.759
[2025-10-21 21:13:00] INFO: [Thresholds] Abs=0.603, Margin=0.103(13.1%), RelMargin=3.9%, Tightness=0.968, StdDev=0.009
[2025-10-21 21:13:00] INFO: [Decision] ACCEPT: Consistency override (7/7 frames)
[2025-10-21 21:13:00] INFO: [Recognition] Scores: S12313 - ma=0.783 S13234 - Jin_Rae=0.811 
[2025-10-21 21:13:00] INFO: [Decision] Best=S13234 - Jin_Rae(0.811), 2nd=0.783, Discriminative=0.655, AvgNeg=0.783
[2025-10-21 21:13:00] INFO: [Thresholds] Abs=0.603, Margin=0.103(12.7%), RelMargin=3.6%, Tightness=0.968, StdDev=0.009
[2025-10-21 21:13:00] INFO: [Decision] ACCEPT: Consistency override (7/7 frames)
[2025-10-21 21:13:00] INFO: [Recognition] Scores: S12313 - ma=0.781 S13234 - Jin_Rae=0.806 
[2025-10-21 21:13:00] INFO: [Decision] Best=S13234 - Jin_Rae(0.806), 2nd=0.781, Discriminative=0.649, AvgNeg=0.781
[2025-10-21 21:13:00] INFO: [Thresholds] Abs=0.603, Margin=0.103(12.8%), RelMargin=3.1%, Tightness=0.968, StdDev=0.009
[2025-10-21 21:13:00] INFO: [Decision] ACCEPT: Consistency override (7/7 frames)
[2025-10-21 21:13:01] INFO: [Recognition] Scores: S12313 - ma=0.744 S13234 - Jin_Rae=0.791 
[2025-10-21 21:13:01] INFO: [Decision] Best=S13234 - Jin_Rae(0.791), 2nd=0.744, Discriminative=0.642, AvgNeg=0.744
[2025-10-21 21:13:01] INFO: [Thresholds] Abs=0.603, Margin=0.103(13.1%), RelMargin=5.9%, Tightness=0.968, StdDev=0.009
[2025-10-21 21:13:01] INFO: [Decision] ACCEPT: Consistency override (7/7 frames)
[2025-10-21 21:13:01] INFO: [Recognition] Scores: S12313 - ma=0.694 S13234 - Jin_Rae=0.713 
[2025-10-21 21:13:01] INFO: [Decision] Best=S13234 - Jin_Rae(0.713), 2nd=0.694, Discriminative=0.574, AvgNeg=0.694
[2025-10-21 21:13:01] INFO: [Thresholds] Abs=0.603, Margin=0.103(14.5%), RelMargin=2.6%, Tightness=0.968, StdDev=0.009
[2025-10-21 21:13:01] INFO: [Decision] REJECT: Abs=
[2025-10-21 21:13:01] INFO: true
[2025-10-21 21:13:01] INFO: , AbsMargin=
[2025-10-21 21:13:01] INFO: false
[2025-10-21 21:13:01] INFO: , RelMargin=
[2025-10-21 21:13:01] INFO: false
[2025-10-21 21:13:01] INFO: (
[2025-10-21 21:13:01] INFO: 2.6
[2025-10-21 21:13:01] INFO: %
[2025-10-21 21:13:01] INFO: ), StrongMargin=
[2025-10-21 21:13:01] INFO: false
[2025-10-21 21:13:01] INFO: (
[2025-10-21 21:13:01] INFO: 12.0
[2025-10-21 21:13:01] INFO: %
[2025-10-21 21:13:01] INFO: ), Discrim=
[2025-10-21 21:13:01] INFO: false
[2025-10-21 21:13:01] INFO: , Consist=
[2025-10-21 21:13:01] INFO: true
[2025-10-21 21:13:01] INFO: (
[2025-10-21 21:13:01] INFO: 7
[2025-10-21 21:13:01] INFO: /
[2025-10-21 21:13:01] INFO: 7
[2025-10-21 21:13:01] INFO: )
[2025-10-21 21:13:01] INFO: [Recognition] Scores: S12313 - ma=0.757 S13234 - Jin_Rae=0.787 
[2025-10-21 21:13:01] INFO: [Decision] Best=S13234 - Jin_Rae(0.787), 2nd=0.757, Discriminative=0.636, AvgNeg=0.757
[2025-10-21 21:13:01] INFO: [Thresholds] Abs=0.603, Margin=0.103(13.1%), RelMargin=3.8%, Tightness=0.968, StdDev=0.009
[2025-10-21 21:13:01] INFO: [Decision] ACCEPT: Consistency override (6/7 frames)
[2025-10-21 21:13:01] INFO: [Recognition] Scores: S12313 - ma=0.722 S13234 - Jin_Rae=0.782 
[2025-10-21 21:13:01] INFO: [Decision] Best=S13234 - Jin_Rae(0.782), 2nd=0.722, Discriminative=0.638, AvgNeg=0.722
[2025-10-21 21:13:01] INFO: [Thresholds] Abs=0.603, Margin=0.103(13.2%), RelMargin=7.7%, Tightness=0.968, StdDev=0.009
[2025-10-21 21:13:01] INFO: [Decision] ACCEPT: Consistency override (6/7 frames)
[2025-10-21 21:13:01] INFO: [Recognition] Scores: S12313 - ma=0.714 S13234 - Jin_Rae=0.766 
[2025-10-21 21:13:01] INFO: [Decision] Best=S13234 - Jin_Rae(0.766), 2nd=0.714, Discriminative=0.623, AvgNeg=0.714
[2025-10-21 21:13:01] INFO: [Thresholds] Abs=0.603, Margin=0.103(13.5%), RelMargin=6.8%, Tightness=0.968, StdDev=0.009
[2025-10-21 21:13:01] INFO: [Decision] ACCEPT: Consistency override (6/7 frames)
[2025-10-21 21:13:01] INFO: [Recognition] Scores: S12313 - ma=0.785 S13234 - Jin_Rae=0.809 
[2025-10-21 21:13:01] INFO: [Decision] Best=S13234 - Jin_Rae(0.809), 2nd=0.785, Discriminative=0.652, AvgNeg=0.785
[2025-10-21 21:13:01] INFO: [Thresholds] Abs=0.603, Margin=0.103(12.8%), RelMargin=2.9%, Tightness=0.968, StdDev=0.009
[2025-10-21 21:13:01] INFO: [Decision] ACCEPT: Consistency override (6/7 frames)
[2025-10-21 21:13:01] INFO: [Recognition] Scores: S12313 - ma=0.720 S13234 - Jin_Rae=0.800 
[2025-10-21 21:13:01] INFO: [Decision] Best=S13234 - Jin_Rae(0.800), 2nd=0.720, Discriminative=0.656, AvgNeg=0.720
[2025-10-21 21:13:01] INFO: [Thresholds] Abs=0.603, Margin=0.103(12.9%), RelMargin=10.0%, Tightness=0.968, StdDev=0.009
[2025-10-21 21:13:01] INFO: [Decision] ACCEPT: Consistency override (6/7 frames)
[2025-10-21 21:13:02] INFO: [Recognition] Scores: S12313 - ma=0.702 S13234 - Jin_Rae=0.781 
[2025-10-21 21:13:02] INFO: [Decision] Best=S13234 - Jin_Rae(0.781), 2nd=0.702, Discriminative=0.641, AvgNeg=0.702
[2025-10-21 21:13:02] INFO: [Thresholds] Abs=0.603, Margin=0.103(13.2%), RelMargin=10.1%, Tightness=0.968, StdDev=0.009
[2025-10-21 21:13:02] INFO: [Decision] ACCEPT: Consistency override (6/7 frames)
[2025-10-21 21:13:02] INFO: [Recognition] Scores: S12313 - ma=0.684 S13234 - Jin_Rae=0.784 
[2025-10-21 21:13:02] INFO: [Decision] Best=S13234 - Jin_Rae(0.784), 2nd=0.684, Discriminative=0.647, AvgNeg=0.684
[2025-10-21 21:13:02] INFO: [Thresholds] Abs=0.603, Margin=0.103(13.2%), RelMargin=12.7%, Tightness=0.968, StdDev=0.009
[2025-10-21 21:13:02] INFO: [Decision] ACCEPT: Strong margin hold (12.7%)
[2025-10-21 21:13:02] INFO: [Recognition] Scores: S12313 - ma=0.786 S13234 - Jin_Rae=0.855 
[2025-10-21 21:13:02] INFO: [Decision] Best=S13234 - Jin_Rae(0.855), 2nd=0.786, Discriminative=0.697, AvgNeg=0.786
[2025-10-21 21:13:02] INFO: [Thresholds] Abs=0.603, Margin=0.103(12.1%), RelMargin=8.0%, Tightness=0.968, StdDev=0.009
[2025-10-21 21:13:02] INFO: [Decision] ACCEPT: Consistency override (7/7 frames)
[2025-10-21 21:13:02] INFO: [Recognition] Scores: S12313 - ma=0.720 S13234 - Jin_Rae=0.807 
[2025-10-21 21:13:02] INFO: [Decision] Best=S13234 - Jin_Rae(0.807), 2nd=0.720, Discriminative=0.663, AvgNeg=0.720
[2025-10-21 21:13:02] INFO: [Thresholds] Abs=0.603, Margin=0.103(12.8%), RelMargin=10.8%, Tightness=0.968, StdDev=0.009
[2025-10-21 21:13:02] INFO: [Decision] ACCEPT: Consistency override (7/7 frames)
[2025-10-21 21:13:02] INFO: [Recognition] Scores: S12313 - ma=0.808 S13234 - Jin_Rae=0.846 
[2025-10-21 21:13:02] INFO: [Decision] Best=S13234 - Jin_Rae(0.846), 2nd=0.808, Discriminative=0.684, AvgNeg=0.808
[2025-10-21 21:13:02] INFO: [Thresholds] Abs=0.603, Margin=0.103(12.2%), RelMargin=4.4%, Tightness=0.968, StdDev=0.009
[2025-10-21 21:13:02] INFO: [Decision] ACCEPT: Consistency override (7/7 frames)
[2025-10-21 21:13:02] INFO: [Recognition] Scores: S12313 - ma=0.763 S13234 - Jin_Rae=0.805 
[2025-10-21 21:13:02] INFO: [Decision] Best=S13234 - Jin_Rae(0.805), 2nd=0.763, Discriminative=0.653, AvgNeg=0.763
[2025-10-21 21:13:02] INFO: [Thresholds] Abs=0.603, Margin=0.103(12.8%), RelMargin=5.2%, Tightness=0.968, StdDev=0.009
[2025-10-21 21:13:02] INFO: [Decision] ACCEPT: Consistency override (7/7 frames)
[2025-10-21 21:13:02] INFO: [Recognition] Scores: S12313 - ma=0.822 S13234 - Jin_Rae=0.881 
[2025-10-21 21:13:02] INFO: [Decision] Best=S13234 - Jin_Rae(0.881), 2nd=0.822, Discriminative=0.717, AvgNeg=0.822
[2025-10-21 21:13:02] INFO: [Thresholds] Abs=0.603, Margin=0.103(11.7%), RelMargin=6.7%, Tightness=0.968, StdDev=0.009
[2025-10-21 21:13:02] INFO: [Decision] ACCEPT: Consistency override (7/7 frames)
[2025-10-21 21:13:02] INFO: [Recognition] Scores: S12313 - ma=0.786 S13234 - Jin_Rae=0.841 
[2025-10-21 21:13:02] INFO: [Decision] Best=S13234 - Jin_Rae(0.841), 2nd=0.786, Discriminative=0.684, AvgNeg=0.786
[2025-10-21 21:13:02] INFO: [Thresholds] Abs=0.603, Margin=0.103(12.3%), RelMargin=6.5%, Tightness=0.968, StdDev=0.009
[2025-10-21 21:13:02] INFO: [Decision] ACCEPT: Consistency override (7/7 frames)
[2025-10-21 21:13:03] INFO: [Recognition] Scores: S12313 - ma=0.787 S13234 - Jin_Rae=0.871 
[2025-10-21 21:13:03] INFO: [Decision] Best=S13234 - Jin_Rae(0.871), 2nd=0.787, Discriminative=0.714, AvgNeg=0.787
[2025-10-21 21:13:03] INFO: [Thresholds] Abs=0.603, Margin=0.103(11.8%), RelMargin=9.7%, Tightness=0.968, StdDev=0.009
[2025-10-21 21:13:03] INFO: [Decision] ACCEPT: Consistency override (7/7 frames)
[2025-10-21 21:13:03] INFO: [Recognition] Scores: S12313 - ma=0.868 S13234 - Jin_Rae=0.891 
[2025-10-21 21:13:03] INFO: [Decision] Best=S13234 - Jin_Rae(0.891), 2nd=0.868, Discriminative=0.718, AvgNeg=0.868
[2025-10-21 21:13:03] INFO: [Thresholds] Abs=0.603, Margin=0.103(11.6%), RelMargin=2.6%, Tightness=0.968, StdDev=0.009
[2025-10-21 21:13:03] INFO: [Decision] ACCEPT: Consistency override (7/7 frames)
[2025-10-21 21:13:03] INFO: [Recognition] Scores: S12313 - ma=0.815 S13234 - Jin_Rae=0.881 
[2025-10-21 21:13:03] INFO: [Decision] Best=S13234 - Jin_Rae(0.881), 2nd=0.815, Discriminative=0.718, AvgNeg=0.815
[2025-10-21 21:13:03] INFO: [Thresholds] Abs=0.603, Margin=0.103(11.7%), RelMargin=7.5%, Tightness=0.968, StdDev=0.009
[2025-10-21 21:13:03] INFO: [Decision] ACCEPT: Consistency override (7/7 frames)
[2025-10-21 21:13:03] INFO: [Recognition] Scores: S12313 - ma=0.820 S13234 - Jin_Rae=0.879 
[2025-10-21 21:13:03] INFO: [Decision] Best=S13234 - Jin_Rae(0.879), 2nd=0.820, Discriminative=0.715, AvgNeg=0.820
[2025-10-21 21:13:03] INFO: [Thresholds] Abs=0.603, Margin=0.103(11.7%), RelMargin=6.8%, Tightness=0.968, StdDev=0.009
[2025-10-21 21:13:03] INFO: [Decision] ACCEPT: Consistency override (7/7 frames)
[2025-10-21 21:13:03] INFO: [Recognition] Scores: S12313 - ma=0.850 S13234 - Jin_Rae=0.893 
[2025-10-21 21:13:03] INFO: [Decision] Best=S13234 - Jin_Rae(0.893), 2nd=0.850, Discriminative=0.723, AvgNeg=0.850
[2025-10-21 21:13:03] INFO: [Thresholds] Abs=0.603, Margin=0.103(11.6%), RelMargin=4.8%, Tightness=0.968, StdDev=0.009
[2025-10-21 21:13:03] INFO: [Decision] ACCEPT: Consistency override (7/7 frames)
[2025-10-21 21:13:03] INFO: [Recognition] Scores: S12313 - ma=0.853 S13234 - Jin_Rae=0.885 
[2025-10-21 21:13:03] INFO: [Decision] Best=S13234 - Jin_Rae(0.885), 2nd=0.853, Discriminative=0.715, AvgNeg=0.853
[2025-10-21 21:13:03] INFO: [Thresholds] Abs=0.603, Margin=0.103(11.7%), RelMargin=3.6%, Tightness=0.968, StdDev=0.009
[2025-10-21 21:13:03] INFO: [Decision] ACCEPT: Consistency override (7/7 frames)
[2025-10-21 21:13:03] INFO: [Recognition] Scores: S12313 - ma=0.842 S13234 - Jin_Rae=0.880 
[2025-10-21 21:13:03] INFO: [Decision] Best=S13234 - Jin_Rae(0.880), 2nd=0.842, Discriminative=0.712, AvgNeg=0.842
[2025-10-21 21:13:03] INFO: [Thresholds] Abs=0.603, Margin=0.103(11.7%), RelMargin=4.4%, Tightness=0.968, StdDev=0.009
[2025-10-21 21:13:03] INFO: [Decision] ACCEPT: Consistency override (7/7 frames)
[2025-10-21 21:13:03] INFO: [Recognition] Scores: S12313 - ma=0.829 S13234 - Jin_Rae=0.874 
[2025-10-21 21:13:03] INFO: [Decision] Best=S13234 - Jin_Rae(0.874), 2nd=0.829, Discriminative=0.708, AvgNeg=0.829
[2025-10-21 21:13:03] INFO: [Thresholds] Abs=0.603, Margin=0.103(11.8%), RelMargin=5.1%, Tightness=0.968, StdDev=0.009
[2025-10-21 21:13:03] INFO: [Decision] ACCEPT: Consistency override (7/7 frames)
[2025-10-21 21:13:04] INFO: [Recognition] Scores: S12313 - ma=0.840 S13234 - Jin_Rae=0.899 
[2025-10-21 21:13:04] INFO: [Decision] Best=S13234 - Jin_Rae(0.899), 2nd=0.840, Discriminative=0.731, AvgNeg=0.840
[2025-10-21 21:13:04] INFO: [Thresholds] Abs=0.603, Margin=0.103(11.5%), RelMargin=6.6%, Tightness=0.968, StdDev=0.009
[2025-10-21 21:13:04] INFO: [Decision] ACCEPT: Consistency override (7/7 frames)
[2025-10-21 21:13:04] INFO: [Recognition] Scores: S12313 - ma=0.857 S13234 - Jin_Rae=0.899 
[2025-10-21 21:13:04] INFO: [Decision] Best=S13234 - Jin_Rae(0.899), 2nd=0.857, Discriminative=0.727, AvgNeg=0.857
[2025-10-21 21:13:04] INFO: [Thresholds] Abs=0.603, Margin=0.103(11.5%), RelMargin=4.6%, Tightness=0.968, StdDev=0.009
[2025-10-21 21:13:04] INFO: [Decision] ACCEPT: Consistency override (7/7 frames)
[2025-10-21 21:13:04] INFO: [Recognition] Scores: S12313 - ma=0.835 S13234 - Jin_Rae=0.894 
[2025-10-21 21:13:04] INFO: [Decision] Best=S13234 - Jin_Rae(0.894), 2nd=0.835, Discriminative=0.727, AvgNeg=0.835
[2025-10-21 21:13:04] INFO: [Thresholds] Abs=0.603, Margin=0.103(11.5%), RelMargin=6.6%, Tightness=0.968, StdDev=0.009
[2025-10-21 21:13:04] INFO: [Decision] ACCEPT: Consistency override (7/7 frames)
[2025-10-21 21:13:04] INFO: [Recognition] Scores: S12313 - ma=0.830 S13234 - Jin_Rae=0.894 
[2025-10-21 21:13:04] INFO: [Decision] Best=S13234 - Jin_Rae(0.894), 2nd=0.830, Discriminative=0.727, AvgNeg=0.830
[2025-10-21 21:13:04] INFO: [Thresholds] Abs=0.603, Margin=0.103(11.5%), RelMargin=7.1%, Tightness=0.968, StdDev=0.009
[2025-10-21 21:13:04] INFO: [Decision] ACCEPT: Consistency override (7/7 frames)
[2025-10-21 21:13:04] INFO: [Recognition] Scores: S12313 - ma=0.799 S13234 - Jin_Rae=0.873 
[2025-10-21 21:13:04] INFO: [Decision] Best=S13234 - Jin_Rae(0.873), 2nd=0.799, Discriminative=0.713, AvgNeg=0.799
[2025-10-21 21:13:04] INFO: [Thresholds] Abs=0.603, Margin=0.103(11.8%), RelMargin=8.5%, Tightness=0.968, StdDev=0.009
[2025-10-21 21:13:04] INFO: [Decision] ACCEPT: Consistency override (7/7 frames)
[2025-10-21 21:13:04] INFO: [Recognition] Scores: S12313 - ma=0.793 S13234 - Jin_Rae=0.856 
[2025-10-21 21:13:04] INFO: [Decision] Best=S13234 - Jin_Rae(0.856), 2nd=0.793, Discriminative=0.697, AvgNeg=0.793
[2025-10-21 21:13:04] INFO: [Thresholds] Abs=0.603, Margin=0.103(12.1%), RelMargin=7.3%, Tightness=0.968, StdDev=0.009
[2025-10-21 21:13:04] INFO: [Decision] ACCEPT: Consistency override (7/7 frames)
[2025-10-21 21:13:04] INFO: [Recognition] Scores: S12313 - ma=0.841 S13234 - Jin_Rae=0.865 
[2025-10-21 21:13:04] INFO: [Decision] Best=S13234 - Jin_Rae(0.865), 2nd=0.841, Discriminative=0.696, AvgNeg=0.841
[2025-10-21 21:13:04] INFO: [Thresholds] Abs=0.603, Margin=0.103(11.9%), RelMargin=2.7%, Tightness=0.968, StdDev=0.009
[2025-10-21 21:13:04] INFO: [Decision] ACCEPT: Consistency override (7/7 frames)
[2025-10-21 21:13:04] INFO: [Recognition] Scores: S12313 - ma=0.837 S13234 - Jin_Rae=0.876 
[2025-10-21 21:13:04] INFO: [Decision] Best=S13234 - Jin_Rae(0.876), 2nd=0.837, Discriminative=0.708, AvgNeg=0.837
[2025-10-21 21:13:04] INFO: [Thresholds] Abs=0.603, Margin=0.103(11.8%), RelMargin=4.4%, Tightness=0.968, StdDev=0.009
[2025-10-21 21:13:04] INFO: [Decision] ACCEPT: Consistency override (7/7 frames)
[2025-10-21 21:13:05] INFO: [Recognition] Scores: S12313 - ma=0.825 S13234 - Jin_Rae=0.887 
[2025-10-21 21:13:05] INFO: [Decision] Best=S13234 - Jin_Rae(0.887), 2nd=0.825, Discriminative=0.722, AvgNeg=0.825
[2025-10-21 21:13:05] INFO: [Thresholds] Abs=0.603, Margin=0.103(11.6%), RelMargin=7.1%, Tightness=0.968, StdDev=0.009
[2025-10-21 21:13:05] INFO: [Decision] ACCEPT: Consistency override (7/7 frames)
[2025-10-21 21:13:05] INFO: [Recognition] Scores: S12313 - ma=0.820 S13234 - Jin_Rae=0.886 
[2025-10-21 21:13:05] INFO: [Decision] Best=S13234 - Jin_Rae(0.886), 2nd=0.820, Discriminative=0.722, AvgNeg=0.820
[2025-10-21 21:13:05] INFO: [Thresholds] Abs=0.603, Margin=0.103(11.6%), RelMargin=7.5%, Tightness=0.968, StdDev=0.009
[2025-10-21 21:13:05] INFO: [Decision] ACCEPT: Consistency override (7/7 frames)
[2025-10-21 21:13:05] INFO: [Recognition] Scores: S12313 - ma=0.817 S13234 - Jin_Rae=0.880 
[2025-10-21 21:13:05] INFO: [Decision] Best=S13234 - Jin_Rae(0.880), 2nd=0.817, Discriminative=0.716, AvgNeg=0.817
[2025-10-21 21:13:05] INFO: [Thresholds] Abs=0.603, Margin=0.103(11.7%), RelMargin=7.2%, Tightness=0.968, StdDev=0.009
[2025-10-21 21:13:05] INFO: [Decision] ACCEPT: Consistency override (7/7 frames)
[2025-10-21 21:13:05] INFO: [Recognition] Scores: S12313 - ma=0.799 S13234 - Jin_Rae=0.857 
[2025-10-21 21:13:05] INFO: [Decision] Best=S13234 - Jin_Rae(0.857), 2nd=0.799, Discriminative=0.698, AvgNeg=0.799
[2025-10-21 21:13:05] INFO: [Thresholds] Abs=0.603, Margin=0.103(12.0%), RelMargin=6.8%, Tightness=0.968, StdDev=0.009
[2025-10-21 21:13:05] INFO: [Decision] ACCEPT: Consistency override (7/7 frames)
[2025-10-21 21:13:05] INFO: [Recognition] Scores: S12313 - ma=0.800 S13234 - Jin_Rae=0.842 
[2025-10-21 21:13:05] INFO: [Decision] Best=S13234 - Jin_Rae(0.842), 2nd=0.800, Discriminative=0.682, AvgNeg=0.800
[2025-10-21 21:13:05] INFO: [Thresholds] Abs=0.603, Margin=0.103(12.3%), RelMargin=4.9%, Tightness=0.968, StdDev=0.009
[2025-10-21 21:13:05] INFO: [Decision] ACCEPT: Consistency override (7/7 frames)
[2025-10-21 21:13:05] INFO: [Recognition] Scores: S12313 - ma=0.795 S13234 - Jin_Rae=0.881 
[2025-10-21 21:13:05] INFO: [Decision] Best=S13234 - Jin_Rae(0.881), 2nd=0.795, Discriminative=0.722, AvgNeg=0.795
[2025-10-21 21:13:05] INFO: [Thresholds] Abs=0.603, Margin=0.103(11.7%), RelMargin=9.8%, Tightness=0.968, StdDev=0.009
[2025-10-21 21:13:05] INFO: [Decision] ACCEPT: Consistency override (7/7 frames)
[2025-10-21 21:13:05] INFO: [Recognition] Scores: S12313 - ma=0.774 S13234 - Jin_Rae=0.868 
[2025-10-21 21:13:05] INFO: [Decision] Best=S13234 - Jin_Rae(0.868), 2nd=0.774, Discriminative=0.713, AvgNeg=0.774
[2025-10-21 21:13:05] INFO: [Thresholds] Abs=0.603, Margin=0.103(11.9%), RelMargin=10.8%, Tightness=0.968, StdDev=0.009
[2025-10-21 21:13:05] INFO: [Decision] ACCEPT: Consistency override (7/7 frames)
[2025-10-21 21:13:05] INFO: [Recognition] Scores: S12313 - ma=0.805 S13234 - Jin_Rae=0.877 
[2025-10-21 21:13:05] INFO: [Decision] Best=S13234 - Jin_Rae(0.877), 2nd=0.805, Discriminative=0.716, AvgNeg=0.805
[2025-10-21 21:13:05] INFO: [Thresholds] Abs=0.603, Margin=0.103(11.8%), RelMargin=8.2%, Tightness=0.968, StdDev=0.009
[2025-10-21 21:13:05] INFO: [Decision] ACCEPT: Consistency override (7/7 frames)
[2025-10-21 21:13:06] INFO: [Recognition] Scores: S12313 - ma=0.793 S13234 - Jin_Rae=0.848 
[2025-10-21 21:13:06] INFO: [Decision] Best=S13234 - Jin_Rae(0.848), 2nd=0.793, Discriminative=0.689, AvgNeg=0.793
[2025-10-21 21:13:06] INFO: [Thresholds] Abs=0.603, Margin=0.103(12.2%), RelMargin=6.4%, Tightness=0.968, StdDev=0.009
[2025-10-21 21:13:06] INFO: [Decision] ACCEPT: Consistency override (7/7 frames)
[2025-10-21 21:13:06] INFO: [Recognition] Scores: S12313 - ma=0.783 S13234 - Jin_Rae=0.845 
[2025-10-21 21:13:06] INFO: [Decision] Best=S13234 - Jin_Rae(0.845), 2nd=0.783, Discriminative=0.688, AvgNeg=0.783
[2025-10-21 21:13:06] INFO: [Thresholds] Abs=0.603, Margin=0.103(12.2%), RelMargin=7.3%, Tightness=0.968, StdDev=0.009
[2025-10-21 21:13:06] INFO: [Decision] ACCEPT: Consistency override (7/7 frames)
[2025-10-21 21:13:06] INFO: [Recognition] Scores: S12313 - ma=0.742 S13234 - Jin_Rae=0.791 
[2025-10-21 21:13:06] INFO: [Decision] Best=S13234 - Jin_Rae(0.791), 2nd=0.742, Discriminative=0.643, AvgNeg=0.742
[2025-10-21 21:13:06] INFO: [Thresholds] Abs=0.603, Margin=0.103(13.0%), RelMargin=6.2%, Tightness=0.968, StdDev=0.009
[2025-10-21 21:13:06] INFO: [Decision] ACCEPT: Consistency override (7/7 frames)
[2025-10-21 21:13:06] INFO: [Recognition] Scores: S12313 - ma=0.715 S13234 - Jin_Rae=0.778 
[2025-10-21 21:13:06] INFO: [Decision] Best=S13234 - Jin_Rae(0.778), 2nd=0.715, Discriminative=0.635, AvgNeg=0.715
[2025-10-21 21:13:06] INFO: [Thresholds] Abs=0.603, Margin=0.103(13.3%), RelMargin=8.1%, Tightness=0.968, StdDev=0.009
[2025-10-21 21:13:06] INFO: [Decision] ACCEPT: Consistency override (7/7 frames)
[2025-10-21 21:13:06] INFO: [Recognition] Scores: S12313 - ma=0.664 S13234 - Jin_Rae=0.754 
[2025-10-21 21:13:06] INFO: [Decision] Best=S13234 - Jin_Rae(0.754), 2nd=0.664, Discriminative=0.622, AvgNeg=0.664
[2025-10-21 21:13:06] INFO: [Thresholds] Abs=0.603, Margin=0.103(13.7%), RelMargin=12.0%, Tightness=0.968, StdDev=0.009
[2025-10-21 21:13:06] INFO: [Decision] ACCEPT: Consistency override (7/7 frames)
[2025-10-21 21:13:06] INFO: [Recognition] Scores: S12313 - ma=0.602 S13234 - Jin_Rae=0.718 
[2025-10-21 21:13:06] INFO: [Decision] Best=S13234 - Jin_Rae(0.718), 2nd=0.602, Discriminative=0.597, AvgNeg=0.602
[2025-10-21 21:13:06] INFO: [Thresholds] Abs=0.603, Margin=0.103(14.4%), RelMargin=16.2%, Tightness=0.968, StdDev=0.009
[2025-10-21 21:13:06] INFO: [Decision] ACCEPT: Primary thresholds met (abs + margin + relative)
[2025-10-21 21:13:06] INFO: [Recognition] Scores: S12313 - ma=0.505 S13234 - Jin_Rae=0.653 
[2025-10-21 21:13:06] INFO: [Decision] Best=S13234 - Jin_Rae(0.653), 2nd=0.505, Discriminative=0.552, AvgNeg=0.505
[2025-10-21 21:13:06] INFO: [Thresholds] Abs=0.603, Margin=0.103(15.8%), RelMargin=22.7%, Tightness=0.968, StdDev=0.009
[2025-10-21 21:13:06] INFO: [Decision] ACCEPT: Primary thresholds met (abs + margin + relative)
[2025-10-21 21:13:06] INFO: [Recognition] Scores: S12313 - ma=0.437 S13234 - Jin_Rae=0.616 
[2025-10-21 21:13:06] INFO: [Decision] Best=S13234 - Jin_Rae(0.616), 2nd=0.437, Discriminative=0.529, AvgNeg=0.437
[2025-10-21 21:13:06] INFO: [Thresholds] Abs=0.603, Margin=0.103(16.7%), RelMargin=29.1%, Tightness=0.968, StdDev=0.009
[2025-10-21 21:13:06] INFO: [Decision] ACCEPT: Primary thresholds met (abs + margin + relative)
[2025-10-21 21:13:07] INFO: [Recognition] Scores: S12313 - ma=0.396 S13234 - Jin_Rae=0.585 
[2025-10-21 21:13:07] INFO: [Decision] Best=S13234 - Jin_Rae(0.585), 2nd=0.396, Discriminative=0.506, AvgNeg=0.396
[2025-10-21 21:13:07] INFO: [Thresholds] Abs=0.603, Margin=0.103(17.6%), RelMargin=32.3%, Tightness=0.968, StdDev=0.009
[2025-10-21 21:13:07] INFO: [Decision] REJECT: Abs=
[2025-10-21 21:13:07] INFO: false
[2025-10-21 21:13:07] INFO: , AbsMargin=
[2025-10-21 21:13:07] INFO: true
[2025-10-21 21:13:07] INFO: , RelMargin=
[2025-10-21 21:13:07] INFO: true
[2025-10-21 21:13:07] INFO: (
[2025-10-21 21:13:07] INFO: 32.3
[2025-10-21 21:13:07] INFO: %
[2025-10-21 21:13:07] INFO: ), StrongMargin=
[2025-10-21 21:13:07] INFO: true
[2025-10-21 21:13:07] INFO: (
[2025-10-21 21:13:07] INFO: 12.0
[2025-10-21 21:13:07] INFO: %
[2025-10-21 21:13:07] INFO: ), Discrim=
[2025-10-21 21:13:07] INFO: false
[2025-10-21 21:13:07] INFO: , Consist=
[2025-10-21 21:13:07] INFO: true
[2025-10-21 21:13:07] INFO: (
[2025-10-21 21:13:07] INFO: 7
[2025-10-21 21:13:07] INFO: /
[2025-10-21 21:13:07] INFO: 7
[2025-10-21 21:13:07] INFO: )
[2025-10-21 21:13:07] INFO: [Recognition] Scores: S12313 - ma=0.372 S13234 - Jin_Rae=0.566 
[2025-10-21 21:13:07] INFO: [Decision] Best=S13234 - Jin_Rae(0.566), 2nd=0.372, Discriminative=0.492, AvgNeg=0.372
[2025-10-21 21:13:07] INFO: [Thresholds] Abs=0.603, Margin=0.103(18.2%), RelMargin=34.2%, Tightness=0.968, StdDev=0.009
[2025-10-21 21:13:07] INFO: [Decision] REJECT: Abs=
[2025-10-21 21:13:07] INFO: false
[2025-10-21 21:13:07] INFO: , AbsMargin=
[2025-10-21 21:13:07] INFO: true
[2025-10-21 21:13:07] INFO: , RelMargin=
[2025-10-21 21:13:07] INFO: true
[2025-10-21 21:13:07] INFO: (
[2025-10-21 21:13:07] INFO: 34.2
[2025-10-21 21:13:07] INFO: %
[2025-10-21 21:13:07] INFO: ), StrongMargin=
[2025-10-21 21:13:07] INFO: true
[2025-10-21 21:13:07] INFO: (
[2025-10-21 21:13:07] INFO: 12.0
[2025-10-21 21:13:07] INFO: %
[2025-10-21 21:13:07] INFO: ), Discrim=
[2025-10-21 21:13:07] INFO: false
[2025-10-21 21:13:07] INFO: , Consist=
[2025-10-21 21:13:07] INFO: true
[2025-10-21 21:13:07] INFO: (
[2025-10-21 21:13:07] INFO: 6
[2025-10-21 21:13:07] INFO: /
[2025-10-21 21:13:07] INFO: 7
[2025-10-21 21:13:07] INFO: )
[2025-10-21 21:13:07] INFO: [Recognition] Scores: S12313 - ma=0.435 S13234 - Jin_Rae=0.625 
[2025-10-21 21:13:07] INFO: [Decision] Best=S13234 - Jin_Rae(0.625), 2nd=0.435, Discriminative=0.538, AvgNeg=0.435
[2025-10-21 21:13:07] INFO: [Thresholds] Abs=0.603, Margin=0.103(16.5%), RelMargin=30.3%, Tightness=0.968, StdDev=0.009
[2025-10-21 21:13:07] INFO: [Decision] ACCEPT: Primary thresholds met (abs + margin + relative)
[2025-10-21 21:13:07] INFO: [Recognition] Scores: S12313 - ma=0.408 S13234 - Jin_Rae=0.586 
[2025-10-21 21:13:07] INFO: [Decision] Best=S13234 - Jin_Rae(0.586), 2nd=0.408, Discriminative=0.504, AvgNeg=0.408
[2025-10-21 21:13:07] INFO: [Thresholds] Abs=0.603, Margin=0.103(17.6%), RelMargin=30.3%, Tightness=0.968, StdDev=0.009
[2025-10-21 21:13:07] INFO: [Decision] REJECT: Abs=
[2025-10-21 21:13:07] INFO: false
[2025-10-21 21:13:07] INFO: , AbsMargin=
[2025-10-21 21:13:07] INFO: true
[2025-10-21 21:13:07] INFO: , RelMargin=
[2025-10-21 21:13:07] INFO: true
[2025-10-21 21:13:07] INFO: (
[2025-10-21 21:13:07] INFO: 30.3
[2025-10-21 21:13:07] INFO: %
[2025-10-21 21:13:07] INFO: ), StrongMargin=
[2025-10-21 21:13:07] INFO: true
[2025-10-21 21:13:07] INFO: (
[2025-10-21 21:13:07] INFO: 12.0
[2025-10-21 21:13:07] INFO: %
[2025-10-21 21:13:07] INFO: ), Discrim=
[2025-10-21 21:13:07] INFO: false
[2025-10-21 21:13:07] INFO: , Consist=
[2025-10-21 21:13:07] INFO: true
[2025-10-21 21:13:07] INFO: (
[2025-10-21 21:13:07] INFO: 5
[2025-10-21 21:13:07] INFO: /
[2025-10-21 21:13:07] INFO: 7
[2025-10-21 21:13:07] INFO: )
[2025-10-21 21:13:07] INFO: [Recognition] Scores: S12313 - ma=0.391 S13234 - Jin_Rae=0.565 
[2025-10-21 21:13:07] INFO: [Decision] Best=S13234 - Jin_Rae(0.565), 2nd=0.391, Discriminative=0.487, AvgNeg=0.391
[2025-10-21 21:13:07] INFO: [Thresholds] Abs=0.603, Margin=0.103(18.3%), RelMargin=30.8%, Tightness=0.968, StdDev=0.009
[2025-10-21 21:13:07] INFO: [Decision] REJECT: Abs=
[2025-10-21 21:13:07] INFO: false
[2025-10-21 21:13:07] INFO: , AbsMargin=
[2025-10-21 21:13:07] INFO: true
[2025-10-21 21:13:07] INFO: , RelMargin=
[2025-10-21 21:13:07] INFO: true
[2025-10-21 21:13:07] INFO: (
[2025-10-21 21:13:07] INFO: 30.8
[2025-10-21 21:13:07] INFO: %
[2025-10-21 21:13:07] INFO: ), StrongMargin=
[2025-10-21 21:13:07] INFO: true
[2025-10-21 21:13:07] INFO: (
[2025-10-21 21:13:07] INFO: 12.0
[2025-10-21 21:13:07] INFO: %
[2025-10-21 21:13:07] INFO: ), Discrim=
[2025-10-21 21:13:07] INFO: false
[2025-10-21 21:13:07] INFO: , Consist=
[2025-10-21 21:13:07] INFO: false
[2025-10-21 21:13:07] INFO: (
[2025-10-21 21:13:07] INFO: 4
[2025-10-21 21:13:07] INFO: /
[2025-10-21 21:13:07] INFO: 7
[2025-10-21 21:13:07] INFO: )
[2025-10-21 21:13:07] INFO: [Recognition] Scores: S12313 - ma=0.520 S13234 - Jin_Rae=0.669 
[2025-10-21 21:13:07] INFO: [Decision] Best=S13234 - Jin_Rae(0.669), 2nd=0.520, Discriminative=0.565, AvgNeg=0.520
[2025-10-21 21:13:07] INFO: [Thresholds] Abs=0.603, Margin=0.103(15.4%), RelMargin=22.2%, Tightness=0.968, StdDev=0.009
[2025-10-21 21:13:07] INFO: [Decision] ACCEPT: Primary thresholds met (abs + margin + relative)
[2025-10-21 21:13:07] INFO: [Recognition] Scores: S12313 - ma=0.676 S13234 - Jin_Rae=0.763 
[2025-10-21 21:13:07] INFO: [Decision] Best=S13234 - Jin_Rae(0.763), 2nd=0.676, Discriminative=0.628, AvgNeg=0.676
[2025-10-21 21:13:07] INFO: [Thresholds] Abs=0.603, Margin=0.103(13.5%), RelMargin=11.4%, Tightness=0.968, StdDev=0.009
[2025-10-21 21:13:07] INFO: [Decision] REJECT: Abs=
[2025-10-21 21:13:07] INFO: true
[2025-10-21 21:13:07] INFO: , AbsMargin=
[2025-10-21 21:13:07] INFO: false
[2025-10-21 21:13:07] INFO: , RelMargin=
[2025-10-21 21:13:07] INFO: false
[2025-10-21 21:13:07] INFO: (
[2025-10-21 21:13:07] INFO: 11.4
[2025-10-21 21:13:07] INFO: %
[2025-10-21 21:13:07] INFO: ), StrongMargin=
[2025-10-21 21:13:07] INFO: false
[2025-10-21 21:13:07] INFO: (
[2025-10-21 21:13:07] INFO: 12.0
[2025-10-21 21:13:07] INFO: %
[2025-10-21 21:13:07] INFO: ), Discrim=
[2025-10-21 21:13:07] INFO: true
[2025-10-21 21:13:07] INFO: , Consist=
[2025-10-21 21:13:07] INFO: false
[2025-10-21 21:13:07] INFO: (
[2025-10-21 21:13:07] INFO: 3
[2025-10-21 21:13:07] INFO: /
[2025-10-21 21:13:07] INFO: 7
[2025-10-21 21:13:07] INFO: )
[2025-10-21 21:13:07] INFO: [Recognition] Scores: S12313 - ma=0.684 S13234 - Jin_Rae=0.773 
[2025-10-21 21:13:07] INFO: [Decision] Best=S13234 - Jin_Rae(0.773), 2nd=0.684, Discriminative=0.636, AvgNeg=0.684
[2025-10-21 21:13:07] INFO: [Thresholds] Abs=0.603, Margin=0.103(13.3%), RelMargin=11.5%, Tightness=0.968, StdDev=0.009
[2025-10-21 21:13:07] INFO: [Decision] REJECT: Abs=
[2025-10-21 21:13:07] INFO: true
[2025-10-21 21:13:07] INFO: , AbsMargin=
[2025-10-21 21:13:07] INFO: false
[2025-10-21 21:13:07] INFO: , RelMargin=
[2025-10-21 21:13:07] INFO: false
[2025-10-21 21:13:07] INFO: (
[2025-10-21 21:13:07] INFO: 11.5
[2025-10-21 21:13:07] INFO: %
[2025-10-21 21:13:07] INFO: ), StrongMargin=
[2025-10-21 21:13:07] INFO: false
[2025-10-21 21:13:07] INFO: (
[2025-10-21 21:13:07] INFO: 12.0
[2025-10-21 21:13:07] INFO: %
[2025-10-21 21:13:07] INFO: ), Discrim=
[2025-10-21 21:13:07] INFO: true
[2025-10-21 21:13:07] INFO: , Consist=
[2025-10-21 21:13:07] INFO: false
[2025-10-21 21:13:07] INFO: (
[2025-10-21 21:13:07] INFO: 2
[2025-10-21 21:13:07] INFO: /
[2025-10-21 21:13:07] INFO: 7
[2025-10-21 21:13:07] INFO: )
[2025-10-21 21:13:08] INFO: [Recognition] Scores: S12313 - ma=0.729 S13234 - Jin_Rae=0.794 
[2025-10-21 21:13:08] INFO: [Decision] Best=S13234 - Jin_Rae(0.794), 2nd=0.729, Discriminative=0.648, AvgNeg=0.729
[2025-10-21 21:13:08] INFO: [Thresholds] Abs=0.603, Margin=0.103(13.0%), RelMargin=8.1%, Tightness=0.968, StdDev=0.009
[2025-10-21 21:13:08] INFO: [Decision] REJECT: Abs=
[2025-10-21 21:13:08] INFO: true
[2025-10-21 21:13:08] INFO: , AbsMargin=
[2025-10-21 21:13:08] INFO: false
[2025-10-21 21:13:08] INFO: , RelMargin=
[2025-10-21 21:13:08] INFO: false
[2025-10-21 21:13:08] INFO: (
[2025-10-21 21:13:08] INFO: 8.1
[2025-10-21 21:13:08] INFO: %
[2025-10-21 21:13:08] INFO: ), StrongMargin=
[2025-10-21 21:13:08] INFO: false
[2025-10-21 21:13:08] INFO: (
[2025-10-21 21:13:08] INFO: 12.0
[2025-10-21 21:13:08] INFO: %
[2025-10-21 21:13:08] INFO: ), Discrim=
[2025-10-21 21:13:08] INFO: true
[2025-10-21 21:13:08] INFO: , Consist=
[2025-10-21 21:13:08] INFO: false
[2025-10-21 21:13:08] INFO: (
[2025-10-21 21:13:08] INFO: 2
[2025-10-21 21:13:08] INFO: /
[2025-10-21 21:13:08] INFO: 7
[2025-10-21 21:13:08] INFO: )
[2025-10-21 21:13:08] INFO: [Recognition] Scores: S12313 - ma=0.744 S13234 - Jin_Rae=0.793 
[2025-10-21 21:13:08] INFO: [Decision] Best=S13234 - Jin_Rae(0.793), 2nd=0.744, Discriminative=0.645, AvgNeg=0.744
[2025-10-21 21:13:08] INFO: [Thresholds] Abs=0.603, Margin=0.103(13.0%), RelMargin=6.2%, Tightness=0.968, StdDev=0.009
[2025-10-21 21:13:08] INFO: [Decision] REJECT: Abs=
[2025-10-21 21:13:08] INFO: true
[2025-10-21 21:13:08] INFO: , AbsMargin=
[2025-10-21 21:13:08] INFO: false
[2025-10-21 21:13:08] INFO: , RelMargin=
[2025-10-21 21:13:08] INFO: false
[2025-10-21 21:13:08] INFO: (
[2025-10-21 21:13:08] INFO: 6.2
[2025-10-21 21:13:08] INFO: %
[2025-10-21 21:13:08] INFO: ), StrongMargin=
[2025-10-21 21:13:08] INFO: false
[2025-10-21 21:13:08] INFO: (
[2025-10-21 21:13:08] INFO: 12.0
[2025-10-21 21:13:08] INFO: %
[2025-10-21 21:13:08] INFO: ), Discrim=
[2025-10-21 21:13:08] INFO: true
[2025-10-21 21:13:08] INFO: , Consist=
[2025-10-21 21:13:08] INFO: false
[2025-10-21 21:13:08] INFO: (
[2025-10-21 21:13:08] INFO: 2
[2025-10-21 21:13:08] INFO: /
[2025-10-21 21:13:08] INFO: 7
[2025-10-21 21:13:08] INFO: )
[2025-10-21 21:13:08] INFO: [Recognition] Scores: S12313 - ma=0.752 S13234 - Jin_Rae=0.803 
[2025-10-21 21:13:08] INFO: [Decision] Best=S13234 - Jin_Rae(0.803), 2nd=0.752, Discriminative=0.653, AvgNeg=0.752
[2025-10-21 21:13:08] INFO: [Thresholds] Abs=0.603, Margin=0.103(12.8%), RelMargin=6.4%, Tightness=0.968, StdDev=0.009
[2025-10-21 21:13:08] INFO: [Decision] REJECT: Abs=
[2025-10-21 21:13:08] INFO: true
[2025-10-21 21:13:08] INFO: , AbsMargin=
[2025-10-21 21:13:08] INFO: false
[2025-10-21 21:13:08] INFO: , RelMargin=
[2025-10-21 21:13:08] INFO: false
[2025-10-21 21:13:08] INFO: (
[2025-10-21 21:13:08] INFO: 6.4
[2025-10-21 21:13:08] INFO: %
[2025-10-21 21:13:08] INFO: ), StrongMargin=
[2025-10-21 21:13:08] INFO: false
[2025-10-21 21:13:08] INFO: (
[2025-10-21 21:13:08] INFO: 12.0
[2025-10-21 21:13:08] INFO: %
[2025-10-21 21:13:08] INFO: ), Discrim=
[2025-10-21 21:13:08] INFO: true
[2025-10-21 21:13:08] INFO: , Consist=
[2025-10-21 21:13:08] INFO: false
[2025-10-21 21:13:08] INFO: (
[2025-10-21 21:13:08] INFO: 1
[2025-10-21 21:13:08] INFO: /
[2025-10-21 21:13:08] INFO: 7
[2025-10-21 21:13:08] INFO: )
[2025-10-21 21:13:08] INFO: [Recognition] Scores: S12313 - ma=0.741 S13234 - Jin_Rae=0.805 
[2025-10-21 21:13:08] INFO: [Decision] Best=S13234 - Jin_Rae(0.805), 2nd=0.741, Discriminative=0.656, AvgNeg=0.741
[2025-10-21 21:13:08] INFO: [Thresholds] Abs=0.603, Margin=0.103(12.8%), RelMargin=7.9%, Tightness=0.968, StdDev=0.009
[2025-10-21 21:13:08] INFO: [Decision] REJECT: Abs=
[2025-10-21 21:13:08] INFO: true
[2025-10-21 21:13:08] INFO: , AbsMargin=
[2025-10-21 21:13:08] INFO: false
[2025-10-21 21:13:08] INFO: , RelMargin=
[2025-10-21 21:13:08] INFO: false
[2025-10-21 21:13:08] INFO: (
[2025-10-21 21:13:08] INFO: 7.9
[2025-10-21 21:13:08] INFO: %
[2025-10-21 21:13:08] INFO: ), StrongMargin=
[2025-10-21 21:13:08] INFO: false
[2025-10-21 21:13:08] INFO: (
[2025-10-21 21:13:08] INFO: 12.0
[2025-10-21 21:13:08] INFO: %
[2025-10-21 21:13:08] INFO: ), Discrim=
[2025-10-21 21:13:08] INFO: true
[2025-10-21 21:13:08] INFO: , Consist=
[2025-10-21 21:13:08] INFO: false
[2025-10-21 21:13:08] INFO: (
[2025-10-21 21:13:08] INFO: 1
[2025-10-21 21:13:08] INFO: /
[2025-10-21 21:13:08] INFO: 7
[2025-10-21 21:13:08] INFO: )
[2025-10-21 21:13:08] INFO: [Recognition] Scores: S12313 - ma=0.763 S13234 - Jin_Rae=0.806 
[2025-10-21 21:13:08] INFO: [Decision] Best=S13234 - Jin_Rae(0.806), 2nd=0.763, Discriminative=0.653, AvgNeg=0.763
[2025-10-21 21:13:08] INFO: [Thresholds] Abs=0.603, Margin=0.103(12.8%), RelMargin=5.3%, Tightness=0.968, StdDev=0.009
[2025-10-21 21:13:08] INFO: [Decision] REJECT: Abs=
[2025-10-21 21:13:08] INFO: true
[2025-10-21 21:13:08] INFO: , AbsMargin=
[2025-10-21 21:13:08] INFO: false
[2025-10-21 21:13:08] INFO: , RelMargin=
[2025-10-21 21:13:08] INFO: false
[2025-10-21 21:13:08] INFO: (
[2025-10-21 21:13:08] INFO: 5.3
[2025-10-21 21:13:08] INFO: %
[2025-10-21 21:13:08] INFO: ), StrongMargin=
[2025-10-21 21:13:08] INFO: false
[2025-10-21 21:13:08] INFO: (
[2025-10-21 21:13:08] INFO: 12.0
[2025-10-21 21:13:08] INFO: %
[2025-10-21 21:13:08] INFO: ), Discrim=
[2025-10-21 21:13:08] INFO: true
[2025-10-21 21:13:08] INFO: , Consist=
[2025-10-21 21:13:08] INFO: false
[2025-10-21 21:13:08] INFO: (
[2025-10-21 21:13:08] INFO: 1
[2025-10-21 21:13:08] INFO: /
[2025-10-21 21:13:08] INFO: 7
[2025-10-21 21:13:08] INFO: )
[2025-10-21 21:13:08] INFO: [Recognition] Scores: S12313 - ma=0.775 S13234 - Jin_Rae=0.823 
[2025-10-21 21:13:08] INFO: [Decision] Best=S13234 - Jin_Rae(0.823), 2nd=0.775, Discriminative=0.668, AvgNeg=0.775
[2025-10-21 21:13:08] INFO: [Thresholds] Abs=0.603, Margin=0.103(12.5%), RelMargin=5.8%, Tightness=0.968, StdDev=0.009
[2025-10-21 21:13:08] INFO: [Decision] REJECT: Abs=
[2025-10-21 21:13:08] INFO: true
[2025-10-21 21:13:08] INFO: , AbsMargin=
[2025-10-21 21:13:08] INFO: false
[2025-10-21 21:13:08] INFO: , RelMargin=
[2025-10-21 21:13:08] INFO: false
[2025-10-21 21:13:08] INFO: (
[2025-10-21 21:13:08] INFO: 5.8
[2025-10-21 21:13:08] INFO: %
[2025-10-21 21:13:08] INFO: ), StrongMargin=
[2025-10-21 21:13:08] INFO: false
[2025-10-21 21:13:08] INFO: (
[2025-10-21 21:13:08] INFO: 12.0
[2025-10-21 21:13:08] INFO: %
[2025-10-21 21:13:08] INFO: ), Discrim=
[2025-10-21 21:13:08] INFO: true
[2025-10-21 21:13:08] INFO: , Consist=
[2025-10-21 21:13:08] INFO: false
[2025-10-21 21:13:08] INFO: (
[2025-10-21 21:13:08] INFO: 0
[2025-10-21 21:13:08] INFO: /
[2025-10-21 21:13:08] INFO: 7
[2025-10-21 21:13:08] INFO: )
[2025-10-21 21:13:08] INFO: [Recognition] Scores: S12313 - ma=0.779 S13234 - Jin_Rae=0.826 
[2025-10-21 21:13:08] INFO: [Decision] Best=S13234 - Jin_Rae(0.826), 2nd=0.779, Discriminative=0.670, AvgNeg=0.779
[2025-10-21 21:13:08] INFO: [Thresholds] Abs=0.603, Margin=0.103(12.5%), RelMargin=5.7%, Tightness=0.968, StdDev=0.009
[2025-10-21 21:13:08] INFO: [Decision] REJECT: Abs=
[2025-10-21 21:13:08] INFO: true
[2025-10-21 21:13:08] INFO: , AbsMargin=
[2025-10-21 21:13:08] INFO: false
[2025-10-21 21:13:08] INFO: , RelMargin=
[2025-10-21 21:13:08] INFO: false
[2025-10-21 21:13:08] INFO: (
[2025-10-21 21:13:08] INFO: 5.7
[2025-10-21 21:13:08] INFO: %
[2025-10-21 21:13:08] INFO: ), StrongMargin=
[2025-10-21 21:13:08] INFO: false
[2025-10-21 21:13:08] INFO: (
[2025-10-21 21:13:08] INFO: 12.0
[2025-10-21 21:13:08] INFO: %
[2025-10-21 21:13:08] INFO: ), Discrim=
[2025-10-21 21:13:08] INFO: true
[2025-10-21 21:13:08] INFO: , Consist=
[2025-10-21 21:13:08] INFO: false
[2025-10-21 21:13:08] INFO: (
[2025-10-21 21:13:08] INFO: 0
[2025-10-21 21:13:08] INFO: /
[2025-10-21 21:13:08] INFO: 7
[2025-10-21 21:13:08] INFO: )
[2025-10-21 21:13:08] INFO: [Recognition] Scores: S12313 - ma=0.789 S13234 - Jin_Rae=0.856 
[2025-10-21 21:13:08] INFO: [Decision] Best=S13234 - Jin_Rae(0.856), 2nd=0.789, Discriminative=0.699, AvgNeg=0.789
[2025-10-21 21:13:08] INFO: [Thresholds] Abs=0.603, Margin=0.103(12.0%), RelMargin=7.9%, Tightness=0.968, StdDev=0.009
[2025-10-21 21:13:08] INFO: [Decision] REJECT: Abs=
[2025-10-21 21:13:08] INFO: true
[2025-10-21 21:13:08] INFO: , AbsMargin=
[2025-10-21 21:13:08] INFO: false
[2025-10-21 21:13:08] INFO: , RelMargin=
[2025-10-21 21:13:08] INFO: false
[2025-10-21 21:13:08] INFO: (
[2025-10-21 21:13:08] INFO: 7.9
[2025-10-21 21:13:08] INFO: %
[2025-10-21 21:13:08] INFO: ), StrongMargin=
[2025-10-21 21:13:08] INFO: false
[2025-10-21 21:13:08] INFO: (
[2025-10-21 21:13:08] INFO: 12.0
[2025-10-21 21:13:08] INFO: %
[2025-10-21 21:13:08] INFO: ), Discrim=
[2025-10-21 21:13:08] INFO: true
[2025-10-21 21:13:08] INFO: , Consist=
[2025-10-21 21:13:08] INFO: false
[2025-10-21 21:13:08] INFO: (
[2025-10-21 21:13:08] INFO: 0
[2025-10-21 21:13:08] INFO: /
[2025-10-21 21:13:08] INFO: 7
[2025-10-21 21:13:08] INFO: )
[2025-10-21 21:13:09] INFO: [Recognition] Scores: S12313 - ma=0.777 S13234 - Jin_Rae=0.862 
[2025-10-21 21:13:09] INFO: [Decision] Best=S13234 - Jin_Rae(0.862), 2nd=0.777, Discriminative=0.706, AvgNeg=0.777
[2025-10-21 21:13:09] INFO: [Thresholds] Abs=0.603, Margin=0.103(12.0%), RelMargin=9.8%, Tightness=0.968, StdDev=0.009
[2025-10-21 21:13:09] INFO: [Decision] REJECT: Abs=
[2025-10-21 21:13:09] INFO: true
[2025-10-21 21:13:09] INFO: , AbsMargin=
[2025-10-21 21:13:09] INFO: false
[2025-10-21 21:13:09] INFO: , RelMargin=
[2025-10-21 21:13:09] INFO: false
[2025-10-21 21:13:09] INFO: (
[2025-10-21 21:13:09] INFO: 9.8
[2025-10-21 21:13:09] INFO: %
[2025-10-21 21:13:09] INFO: ), StrongMargin=
[2025-10-21 21:13:09] INFO: false
[2025-10-21 21:13:09] INFO: (
[2025-10-21 21:13:09] INFO: 12.0
[2025-10-21 21:13:09] INFO: %
[2025-10-21 21:13:09] INFO: ), Discrim=
[2025-10-21 21:13:09] INFO: true
[2025-10-21 21:13:09] INFO: , Consist=
[2025-10-21 21:13:09] INFO: false
[2025-10-21 21:13:09] INFO: (
[2025-10-21 21:13:09] INFO: 0
[2025-10-21 21:13:09] INFO: /
[2025-10-21 21:13:09] INFO: 7
[2025-10-21 21:13:09] INFO: )
[2025-10-21 21:13:09] INFO: [Recognition] Scores: S12313 - ma=0.769 S13234 - Jin_Rae=0.847 
[2025-10-21 21:13:09] INFO: [Decision] Best=S13234 - Jin_Rae(0.847), 2nd=0.769, Discriminative=0.693, AvgNeg=0.769
[2025-10-21 21:13:09] INFO: [Thresholds] Abs=0.603, Margin=0.103(12.2%), RelMargin=9.1%, Tightness=0.968, StdDev=0.009
[2025-10-21 21:13:09] INFO: [Decision] REJECT: Abs=
[2025-10-21 21:13:09] INFO: true
[2025-10-21 21:13:09] INFO: , AbsMargin=
[2025-10-21 21:13:09] INFO: false
[2025-10-21 21:13:09] INFO: , RelMargin=
[2025-10-21 21:13:09] INFO: false
[2025-10-21 21:13:09] INFO: (
[2025-10-21 21:13:09] INFO: 9.1
[2025-10-21 21:13:09] INFO: %
[2025-10-21 21:13:09] INFO: ), StrongMargin=
[2025-10-21 21:13:09] INFO: false
[2025-10-21 21:13:09] INFO: (
[2025-10-21 21:13:09] INFO: 12.0
[2025-10-21 21:13:09] INFO: %
[2025-10-21 21:13:09] INFO: ), Discrim=
[2025-10-21 21:13:09] INFO: true
[2025-10-21 21:13:09] INFO: , Consist=
[2025-10-21 21:13:09] INFO: false
[2025-10-21 21:13:09] INFO: (
[2025-10-21 21:13:09] INFO: 0
[2025-10-21 21:13:09] INFO: /
[2025-10-21 21:13:09] INFO: 7
[2025-10-21 21:13:09] INFO: )
[2025-10-21 21:13:09] INFO: [Recognition] Scores: S12313 - ma=0.764 S13234 - Jin_Rae=0.852 
[2025-10-21 21:13:09] INFO: [Decision] Best=S13234 - Jin_Rae(0.852), 2nd=0.764, Discriminative=0.700, AvgNeg=0.764
[2025-10-21 21:13:09] INFO: [Thresholds] Abs=0.603, Margin=0.103(12.1%), RelMargin=10.4%, Tightness=0.968, StdDev=0.009
[2025-10-21 21:13:09] INFO: [Decision] REJECT: Abs=
[2025-10-21 21:13:09] INFO: true
[2025-10-21 21:13:09] INFO: , AbsMargin=
[2025-10-21 21:13:09] INFO: false
[2025-10-21 21:13:09] INFO: , RelMargin=
[2025-10-21 21:13:09] INFO: false
[2025-10-21 21:13:09] INFO: (
[2025-10-21 21:13:09] INFO: 10.4
[2025-10-21 21:13:09] INFO: %
[2025-10-21 21:13:09] INFO: ), StrongMargin=
[2025-10-21 21:13:09] INFO: false
[2025-10-21 21:13:09] INFO: (
[2025-10-21 21:13:09] INFO: 12.0
[2025-10-21 21:13:09] INFO: %
[2025-10-21 21:13:09] INFO: ), Discrim=
[2025-10-21 21:13:09] INFO: true
[2025-10-21 21:13:09] INFO: , Consist=
[2025-10-21 21:13:09] INFO: false
[2025-10-21 21:13:09] INFO: (
[2025-10-21 21:13:09] INFO: 0
[2025-10-21 21:13:09] INFO: /
[2025-10-21 21:13:09] INFO: 7
[2025-10-21 21:13:09] INFO: )
[2025-10-21 21:13:09] INFO: [Recognition] Scores: S12313 - ma=0.748 S13234 - Jin_Rae=0.849 
[2025-10-21 21:13:09] INFO: [Decision] Best=S13234 - Jin_Rae(0.849), 2nd=0.748, Discriminative=0.699, AvgNeg=0.748
[2025-10-21 21:13:09] INFO: [Thresholds] Abs=0.603, Margin=0.103(12.2%), RelMargin=11.8%, Tightness=0.968, StdDev=0.009
[2025-10-21 21:13:09] INFO: [Decision] REJECT: Abs=
[2025-10-21 21:13:09] INFO: true
[2025-10-21 21:13:09] INFO: , AbsMargin=
[2025-10-21 21:13:09] INFO: false
[2025-10-21 21:13:09] INFO: , RelMargin=
[2025-10-21 21:13:09] INFO: false
[2025-10-21 21:13:09] INFO: (
[2025-10-21 21:13:09] INFO: 11.8
[2025-10-21 21:13:09] INFO: %
[2025-10-21 21:13:09] INFO: ), StrongMargin=
[2025-10-21 21:13:09] INFO: false
[2025-10-21 21:13:09] INFO: (
[2025-10-21 21:13:09] INFO: 12.0
[2025-10-21 21:13:09] INFO: %
[2025-10-21 21:13:09] INFO: ), Discrim=
[2025-10-21 21:13:09] INFO: true
[2025-10-21 21:13:09] INFO: , Consist=
[2025-10-21 21:13:09] INFO: false
[2025-10-21 21:13:09] INFO: (
[2025-10-21 21:13:09] INFO: 0
[2025-10-21 21:13:09] INFO: /
[2025-10-21 21:13:09] INFO: 7
[2025-10-21 21:13:09] INFO: )
[2025-10-21 21:13:09] INFO: [Recognition] Scores: S12313 - ma=0.738 S13234 - Jin_Rae=0.839 
[2025-10-21 21:13:09] INFO: [Decision] Best=S13234 - Jin_Rae(0.839), 2nd=0.738, Discriminative=0.691, AvgNeg=0.738
[2025-10-21 21:13:09] INFO: [Thresholds] Abs=0.603, Margin=0.103(12.3%), RelMargin=12.0%, Tightness=0.968, StdDev=0.009
[2025-10-21 21:13:09] INFO: [Decision] ACCEPT: Strong margin hold (12.0%)
[2025-10-21 21:13:09] INFO: [Recognition] Scores: S12313 - ma=0.741 S13234 - Jin_Rae=0.840 
[2025-10-21 21:13:09] INFO: [Decision] Best=S13234 - Jin_Rae(0.840), 2nd=0.741, Discriminative=0.692, AvgNeg=0.741
[2025-10-21 21:13:09] INFO: [Thresholds] Abs=0.603, Margin=0.103(12.3%), RelMargin=11.8%, Tightness=0.968, StdDev=0.009
[2025-10-21 21:13:09] INFO: [Decision] REJECT: Abs=
[2025-10-21 21:13:09] INFO: true
[2025-10-21 21:13:09] INFO: , AbsMargin=
[2025-10-21 21:13:09] INFO: false
[2025-10-21 21:13:09] INFO: , RelMargin=
[2025-10-21 21:13:09] INFO: false
[2025-10-21 21:13:09] INFO: (
[2025-10-21 21:13:09] INFO: 11.8
[2025-10-21 21:13:09] INFO: %
[2025-10-21 21:13:09] INFO: ), StrongMargin=
[2025-10-21 21:13:09] INFO: false
[2025-10-21 21:13:09] INFO: (
[2025-10-21 21:13:09] INFO: 12.0
[2025-10-21 21:13:09] INFO: %
[2025-10-21 21:13:09] INFO: ), Discrim=
[2025-10-21 21:13:09] INFO: true
[2025-10-21 21:13:09] INFO: , Consist=
[2025-10-21 21:13:09] INFO: false
[2025-10-21 21:13:09] INFO: (
[2025-10-21 21:13:09] INFO: 1
[2025-10-21 21:13:09] INFO: /
[2025-10-21 21:13:09] INFO: 7
[2025-10-21 21:13:09] INFO: )
[2025-10-21 21:13:09] INFO: [Recognition] Scores: S12313 - ma=0.734 S13234 - Jin_Rae=0.830 
[2025-10-21 21:13:09] INFO: [Decision] Best=S13234 - Jin_Rae(0.830), 2nd=0.734, Discriminative=0.684, AvgNeg=0.734
[2025-10-21 21:13:09] INFO: [Thresholds] Abs=0.603, Margin=0.103(12.4%), RelMargin=11.6%, Tightness=0.968, StdDev=0.009
[2025-10-21 21:13:09] INFO: [Decision] REJECT: Abs=
[2025-10-21 21:13:09] INFO: true
[2025-10-21 21:13:09] INFO: , AbsMargin=
[2025-10-21 21:13:09] INFO: false
[2025-10-21 21:13:09] INFO: , RelMargin=
[2025-10-21 21:13:09] INFO: false
[2025-10-21 21:13:09] INFO: (
[2025-10-21 21:13:09] INFO: 11.6
[2025-10-21 21:13:09] INFO: %
[2025-10-21 21:13:09] INFO: ), StrongMargin=
[2025-10-21 21:13:09] INFO: false
[2025-10-21 21:13:09] INFO: (
[2025-10-21 21:13:09] INFO: 12.0
[2025-10-21 21:13:09] INFO: %
[2025-10-21 21:13:09] INFO: ), Discrim=
[2025-10-21 21:13:09] INFO: true
[2025-10-21 21:13:09] INFO: , Consist=
[2025-10-21 21:13:09] INFO: false
[2025-10-21 21:13:09] INFO: (
[2025-10-21 21:13:09] INFO: 1
[2025-10-21 21:13:09] INFO: /
[2025-10-21 21:13:09] INFO: 7
[2025-10-21 21:13:09] INFO: )
[2025-10-21 21:13:09] INFO: [Recognition] Scores: S12313 - ma=0.745 S13234 - Jin_Rae=0.813 
[2025-10-21 21:13:09] INFO: [Decision] Best=S13234 - Jin_Rae(0.813), 2nd=0.745, Discriminative=0.664, AvgNeg=0.745
[2025-10-21 21:13:09] INFO: [Thresholds] Abs=0.603, Margin=0.103(12.7%), RelMargin=8.3%, Tightness=0.968, StdDev=0.009
[2025-10-21 21:13:09] INFO: [Decision] REJECT: Abs=
[2025-10-21 21:13:09] INFO: true
[2025-10-21 21:13:09] INFO: , AbsMargin=
[2025-10-21 21:13:09] INFO: false
[2025-10-21 21:13:09] INFO: , RelMargin=
[2025-10-21 21:13:09] INFO: false
[2025-10-21 21:13:09] INFO: (
[2025-10-21 21:13:09] INFO: 8.3
[2025-10-21 21:13:09] INFO: %
[2025-10-21 21:13:09] INFO: ), StrongMargin=
[2025-10-21 21:13:09] INFO: false
[2025-10-21 21:13:09] INFO: (
[2025-10-21 21:13:09] INFO: 12.0
[2025-10-21 21:13:09] INFO: %
[2025-10-21 21:13:09] INFO: ), Discrim=
[2025-10-21 21:13:09] INFO: true
[2025-10-21 21:13:09] INFO: , Consist=
[2025-10-21 21:13:09] INFO: false
[2025-10-21 21:13:09] INFO: (
[2025-10-21 21:13:09] INFO: 1
[2025-10-21 21:13:09] INFO: /
[2025-10-21 21:13:09] INFO: 7
[2025-10-21 21:13:09] INFO: )
[2025-10-21 21:13:10] INFO: [Recognition] Scores: S12313 - ma=0.778 S13234 - Jin_Rae=0.814 
[2025-10-21 21:13:10] INFO: [Decision] Best=S13234 - Jin_Rae(0.814), 2nd=0.778, Discriminative=0.658, AvgNeg=0.778
[2025-10-21 21:13:10] INFO: [Thresholds] Abs=0.603, Margin=0.103(12.7%), RelMargin=4.4%, Tightness=0.968, StdDev=0.009
[2025-10-21 21:13:10] INFO: [Decision] REJECT: Abs=
[2025-10-21 21:13:10] INFO: true
[2025-10-21 21:13:10] INFO: , AbsMargin=
[2025-10-21 21:13:10] INFO: false
[2025-10-21 21:13:10] INFO: , RelMargin=
[2025-10-21 21:13:10] INFO: false
[2025-10-21 21:13:10] INFO: (
[2025-10-21 21:13:10] INFO: 4.4
[2025-10-21 21:13:10] INFO: %
[2025-10-21 21:13:10] INFO: ), StrongMargin=
[2025-10-21 21:13:10] INFO: false
[2025-10-21 21:13:10] INFO: (
[2025-10-21 21:13:10] INFO: 12.0
[2025-10-21 21:13:10] INFO: %
[2025-10-21 21:13:10] INFO: ), Discrim=
[2025-10-21 21:13:10] INFO: true
[2025-10-21 21:13:10] INFO: , Consist=
[2025-10-21 21:13:10] INFO: false
[2025-10-21 21:13:10] INFO: (
[2025-10-21 21:13:10] INFO: 1
[2025-10-21 21:13:10] INFO: /
[2025-10-21 21:13:10] INFO: 7
[2025-10-21 21:13:10] INFO: )
[2025-10-21 21:13:10] INFO: [Recognition] Scores: S12313 - ma=0.787 S13234 - Jin_Rae=0.809 
[2025-10-21 21:13:10] INFO: [Decision] Best=S13234 - Jin_Rae(0.809), 2nd=0.787, Discriminative=0.651, AvgNeg=0.787
[2025-10-21 21:13:10] INFO: [Thresholds] Abs=0.603, Margin=0.103(12.8%), RelMargin=2.7%, Tightness=0.968, StdDev=0.009
[2025-10-21 21:13:10] INFO: [Decision] REJECT: Abs=
[2025-10-21 21:13:10] INFO: true
[2025-10-21 21:13:10] INFO: , AbsMargin=
[2025-10-21 21:13:10] INFO: false
[2025-10-21 21:13:10] INFO: , RelMargin=
[2025-10-21 21:13:10] INFO: false
[2025-10-21 21:13:10] INFO: (
[2025-10-21 21:13:10] INFO: 2.7
[2025-10-21 21:13:10] INFO: %
[2025-10-21 21:13:10] INFO: ), StrongMargin=
[2025-10-21 21:13:10] INFO: false
[2025-10-21 21:13:10] INFO: (
[2025-10-21 21:13:10] INFO: 12.0
[2025-10-21 21:13:10] INFO: %
[2025-10-21 21:13:10] INFO: ), Discrim=
[2025-10-21 21:13:10] INFO: true
[2025-10-21 21:13:10] INFO: , Consist=
[2025-10-21 21:13:10] INFO: false
[2025-10-21 21:13:10] INFO: (
[2025-10-21 21:13:10] INFO: 1
[2025-10-21 21:13:10] INFO: /
[2025-10-21 21:13:10] INFO: 7
[2025-10-21 21:13:10] INFO: )
[2025-10-21 21:13:10] INFO: [Recognition] Scores: S12313 - ma=0.771 S13234 - Jin_Rae=0.783 
[2025-10-21 21:13:10] INFO: [Decision] Best=S13234 - Jin_Rae(0.783), 2nd=0.771, Discriminative=0.628, AvgNeg=0.771
[2025-10-21 21:13:10] INFO: [Thresholds] Abs=0.603, Margin=0.103(13.2%), RelMargin=1.5%, Tightness=0.968, StdDev=0.009
[2025-10-21 21:13:10] INFO: [Decision] REJECT: Abs=
[2025-10-21 21:13:10] INFO: true
[2025-10-21 21:13:10] INFO: , AbsMargin=
[2025-10-21 21:13:10] INFO: false
[2025-10-21 21:13:10] INFO: , RelMargin=
[2025-10-21 21:13:10] INFO: false
[2025-10-21 21:13:10] INFO: (
[2025-10-21 21:13:10] INFO: 1.5
[2025-10-21 21:13:10] INFO: %
[2025-10-21 21:13:10] INFO: ), StrongMargin=
[2025-10-21 21:13:10] INFO: false
[2025-10-21 21:13:10] INFO: (
[2025-10-21 21:13:10] INFO: 12.0
[2025-10-21 21:13:10] INFO: %
[2025-10-21 21:13:10] INFO: ), Discrim=
[2025-10-21 21:13:10] INFO: true
[2025-10-21 21:13:10] INFO: , Consist=
[2025-10-21 21:13:10] INFO: false
[2025-10-21 21:13:10] INFO: (
[2025-10-21 21:13:10] INFO: 1
[2025-10-21 21:13:10] INFO: /
[2025-10-21 21:13:10] INFO: 7
[2025-10-21 21:13:10] INFO: )
[2025-10-21 21:13:10] INFO: [Recognition] Scores: S12313 - ma=0.765 S13234 - Jin_Rae=0.777 
[2025-10-21 21:13:10] INFO: [Decision] Best=S13234 - Jin_Rae(0.777), 2nd=0.765, Discriminative=0.624, AvgNeg=0.765
[2025-10-21 21:13:10] INFO: [Thresholds] Abs=0.603, Margin=0.103(13.3%), RelMargin=1.5%, Tightness=0.968, StdDev=0.009
[2025-10-21 21:13:10] INFO: [Decision] REJECT: Abs=
[2025-10-21 21:13:10] INFO: true
[2025-10-21 21:13:10] INFO: , AbsMargin=
[2025-10-21 21:13:10] INFO: false
[2025-10-21 21:13:10] INFO: , RelMargin=
[2025-10-21 21:13:10] INFO: false
[2025-10-21 21:13:10] INFO: (
[2025-10-21 21:13:10] INFO: 1.5
[2025-10-21 21:13:10] INFO: %
[2025-10-21 21:13:10] INFO: ), StrongMargin=
[2025-10-21 21:13:10] INFO: false
[2025-10-21 21:13:10] INFO: (
[2025-10-21 21:13:10] INFO: 12.0
[2025-10-21 21:13:10] INFO: %
[2025-10-21 21:13:10] INFO: ), Discrim=
[2025-10-21 21:13:10] INFO: true
[2025-10-21 21:13:10] INFO: , Consist=
[2025-10-21 21:13:10] INFO: false
[2025-10-21 21:13:10] INFO: (
[2025-10-21 21:13:10] INFO: 1
[2025-10-21 21:13:10] INFO: /
[2025-10-21 21:13:10] INFO: 7
[2025-10-21 21:13:10] INFO: )
[2025-10-21 21:13:10] INFO: [Recognition] Scores: S12313 - ma=0.758 S13234 - Jin_Rae=0.780 
[2025-10-21 21:13:10] INFO: [Decision] Best=S13234 - Jin_Rae(0.780), 2nd=0.758, Discriminative=0.628, AvgNeg=0.758
[2025-10-21 21:13:10] INFO: [Thresholds] Abs=0.603, Margin=0.103(13.2%), RelMargin=2.7%, Tightness=0.968, StdDev=0.009
[2025-10-21 21:13:10] INFO: [Decision] REJECT: Abs=
[2025-10-21 21:13:10] INFO: true
[2025-10-21 21:13:10] INFO: , AbsMargin=
[2025-10-21 21:13:10] INFO: false
[2025-10-21 21:13:10] INFO: , RelMargin=
[2025-10-21 21:13:10] INFO: false
[2025-10-21 21:13:10] INFO: (
[2025-10-21 21:13:10] INFO: 2.7
[2025-10-21 21:13:10] INFO: %
[2025-10-21 21:13:10] INFO: ), StrongMargin=
[2025-10-21 21:13:10] INFO: false
[2025-10-21 21:13:10] INFO: (
[2025-10-21 21:13:10] INFO: 12.0
[2025-10-21 21:13:10] INFO: %
[2025-10-21 21:13:10] INFO: ), Discrim=
[2025-10-21 21:13:10] INFO: true
[2025-10-21 21:13:10] INFO: , Consist=
[2025-10-21 21:13:10] INFO: false
[2025-10-21 21:13:10] INFO: (
[2025-10-21 21:13:10] INFO: 0
[2025-10-21 21:13:10] INFO: /
[2025-10-21 21:13:10] INFO: 7
[2025-10-21 21:13:10] INFO: )
[2025-10-21 21:13:10] INFO: [Recognition] Scores: S12313 - ma=0.730 S13234 - Jin_Rae=0.795 
[2025-10-21 21:13:10] INFO: [Decision] Best=S13234 - Jin_Rae(0.795), 2nd=0.730, Discriminative=0.649, AvgNeg=0.730
[2025-10-21 21:13:10] INFO: [Thresholds] Abs=0.603, Margin=0.103(13.0%), RelMargin=8.2%, Tightness=0.968, StdDev=0.009
[2025-10-21 21:13:10] INFO: [Decision] REJECT: Abs=
[2025-10-21 21:13:10] INFO: true
[2025-10-21 21:13:10] INFO: , AbsMargin=
[2025-10-21 21:13:10] INFO: false
[2025-10-21 21:13:10] INFO: , RelMargin=
[2025-10-21 21:13:10] INFO: false
[2025-10-21 21:13:10] INFO: (
[2025-10-21 21:13:10] INFO: 8.2
[2025-10-21 21:13:10] INFO: %
[2025-10-21 21:13:10] INFO: ), StrongMargin=
[2025-10-21 21:13:10] INFO: false
[2025-10-21 21:13:10] INFO: (
[2025-10-21 21:13:10] INFO: 12.0
[2025-10-21 21:13:10] INFO: %
[2025-10-21 21:13:10] INFO: ), Discrim=
[2025-10-21 21:13:10] INFO: true
[2025-10-21 21:13:10] INFO: , Consist=
[2025-10-21 21:13:10] INFO: false
[2025-10-21 21:13:10] INFO: (
[2025-10-21 21:13:10] INFO: 0
[2025-10-21 21:13:10] INFO: /
[2025-10-21 21:13:10] INFO: 7
[2025-10-21 21:13:10] INFO: )
[2025-10-21 21:13:10] INFO: [Recognition] Scores: S12313 - ma=0.713 S13234 - Jin_Rae=0.803 
[2025-10-21 21:13:10] INFO: [Decision] Best=S13234 - Jin_Rae(0.803), 2nd=0.713, Discriminative=0.661, AvgNeg=0.713
[2025-10-21 21:13:10] INFO: [Thresholds] Abs=0.603, Margin=0.103(12.8%), RelMargin=11.3%, Tightness=0.968, StdDev=0.009
[2025-10-21 21:13:10] INFO: [Decision] REJECT: Abs=
[2025-10-21 21:13:10] INFO: true
[2025-10-21 21:13:10] INFO: , AbsMargin=
[2025-10-21 21:13:10] INFO: false
[2025-10-21 21:13:10] INFO: , RelMargin=
[2025-10-21 21:13:10] INFO: false
[2025-10-21 21:13:10] INFO: (
[2025-10-21 21:13:10] INFO: 11.3
[2025-10-21 21:13:10] INFO: %
[2025-10-21 21:13:10] INFO: ), StrongMargin=
[2025-10-21 21:13:10] INFO: false
[2025-10-21 21:13:10] INFO: (
[2025-10-21 21:13:10] INFO: 12.0
[2025-10-21 21:13:10] INFO: %
[2025-10-21 21:13:10] INFO: ), Discrim=
[2025-10-21 21:13:10] INFO: true
[2025-10-21 21:13:10] INFO: , Consist=
[2025-10-21 21:13:10] INFO: false
[2025-10-21 21:13:10] INFO: (
[2025-10-21 21:13:10] INFO: 0
[2025-10-21 21:13:10] INFO: /
[2025-10-21 21:13:10] INFO: 7
[2025-10-21 21:13:10] INFO: )
[2025-10-21 21:13:10] INFO: [Recognition] Scores: S12313 - ma=0.663 S13234 - Jin_Rae=0.773 
[2025-10-21 21:13:10] INFO: [Decision] Best=S13234 - Jin_Rae(0.773), 2nd=0.663, Discriminative=0.640, AvgNeg=0.663
[2025-10-21 21:13:10] INFO: [Thresholds] Abs=0.603, Margin=0.103(13.3%), RelMargin=14.2%, Tightness=0.968, StdDev=0.009
[2025-10-21 21:13:10] INFO: [Decision] ACCEPT: Primary thresholds met (abs + margin + relative)
[2025-10-21 21:13:11] INFO: [Recognition] Scores: S12313 - ma=0.658 S13234 - Jin_Rae=0.785 
[2025-10-21 21:13:11] INFO: [Decision] Best=S13234 - Jin_Rae(0.785), 2nd=0.658, Discriminative=0.653, AvgNeg=0.658
[2025-10-21 21:13:11] INFO: [Thresholds] Abs=0.603, Margin=0.103(13.1%), RelMargin=16.2%, Tightness=0.968, StdDev=0.009
[2025-10-21 21:13:11] INFO: [Decision] ACCEPT: Primary thresholds met (abs + margin + relative)
[2025-10-21 21:13:11] INFO: [Recognition] Scores: S12313 - ma=0.717 S13234 - Jin_Rae=0.813 
[2025-10-21 21:13:11] INFO: [Decision] Best=S13234 - Jin_Rae(0.813), 2nd=0.717, Discriminative=0.670, AvgNeg=0.717
[2025-10-21 21:13:11] INFO: [Thresholds] Abs=0.603, Margin=0.103(12.7%), RelMargin=11.8%, Tightness=0.968, StdDev=0.009
[2025-10-21 21:13:11] INFO: [Decision] REJECT: Abs=
[2025-10-21 21:13:11] INFO: true
[2025-10-21 21:13:11] INFO: , AbsMargin=
[2025-10-21 21:13:11] INFO: false
[2025-10-21 21:13:11] INFO: , RelMargin=
[2025-10-21 21:13:11] INFO: false
[2025-10-21 21:13:11] INFO: (
[2025-10-21 21:13:11] INFO: 11.8
[2025-10-21 21:13:11] INFO: %
[2025-10-21 21:13:11] INFO: ), StrongMargin=
[2025-10-21 21:13:11] INFO: false
[2025-10-21 21:13:11] INFO: (
[2025-10-21 21:13:11] INFO: 12.0
[2025-10-21 21:13:11] INFO: %
[2025-10-21 21:13:11] INFO: ), Discrim=
[2025-10-21 21:13:11] INFO: true
[2025-10-21 21:13:11] INFO: , Consist=
[2025-10-21 21:13:11] INFO: false
[2025-10-21 21:13:11] INFO: (
[2025-10-21 21:13:11] INFO: 2
[2025-10-21 21:13:11] INFO: /
[2025-10-21 21:13:11] INFO: 7
[2025-10-21 21:13:11] INFO: )
[2025-10-21 21:13:11] INFO: [Recognition] Scores: S12313 - ma=0.727 S13234 - Jin_Rae=0.803 
[2025-10-21 21:13:11] INFO: [Decision] Best=S13234 - Jin_Rae(0.803), 2nd=0.727, Discriminative=0.657, AvgNeg=0.727
[2025-10-21 21:13:11] INFO: [Thresholds] Abs=0.603, Margin=0.103(12.8%), RelMargin=9.4%, Tightness=0.968, StdDev=0.009
[2025-10-21 21:13:11] INFO: [Decision] REJECT: Abs=
[2025-10-21 21:13:11] INFO: true
[2025-10-21 21:13:11] INFO: , AbsMargin=
[2025-10-21 21:13:11] INFO: false
[2025-10-21 21:13:11] INFO: , RelMargin=
[2025-10-21 21:13:11] INFO: false
[2025-10-21 21:13:11] INFO: (
[2025-10-21 21:13:11] INFO: 9.4
[2025-10-21 21:13:11] INFO: %
[2025-10-21 21:13:11] INFO: ), StrongMargin=
[2025-10-21 21:13:11] INFO: false
[2025-10-21 21:13:11] INFO: (
[2025-10-21 21:13:11] INFO: 12.0
[2025-10-21 21:13:11] INFO: %
[2025-10-21 21:13:11] INFO: ), Discrim=
[2025-10-21 21:13:11] INFO: true
[2025-10-21 21:13:11] INFO: , Consist=
[2025-10-21 21:13:11] INFO: false
[2025-10-21 21:13:11] INFO: (
[2025-10-21 21:13:11] INFO: 2
[2025-10-21 21:13:11] INFO: /
[2025-10-21 21:13:11] INFO: 7
[2025-10-21 21:13:11] INFO: )
[2025-10-21 21:13:11] INFO: [Recognition] Scores: S12313 - ma=0.742 S13234 - Jin_Rae=0.805 
[2025-10-21 21:13:11] INFO: [Decision] Best=S13234 - Jin_Rae(0.805), 2nd=0.742, Discriminative=0.657, AvgNeg=0.742
[2025-10-21 21:13:11] INFO: [Thresholds] Abs=0.603, Margin=0.103(12.8%), RelMargin=7.9%, Tightness=0.968, StdDev=0.009
[2025-10-21 21:13:11] INFO: [Decision] REJECT: Abs=
[2025-10-21 21:13:11] INFO: true
[2025-10-21 21:13:11] INFO: , AbsMargin=
[2025-10-21 21:13:11] INFO: false
[2025-10-21 21:13:11] INFO: , RelMargin=
[2025-10-21 21:13:11] INFO: false
[2025-10-21 21:13:11] INFO: (
[2025-10-21 21:13:11] INFO: 7.9
[2025-10-21 21:13:11] INFO: %
[2025-10-21 21:13:11] INFO: ), StrongMargin=
[2025-10-21 21:13:11] INFO: false
[2025-10-21 21:13:11] INFO: (
[2025-10-21 21:13:11] INFO: 12.0
[2025-10-21 21:13:11] INFO: %
[2025-10-21 21:13:11] INFO: ), Discrim=
[2025-10-21 21:13:11] INFO: true
[2025-10-21 21:13:11] INFO: , Consist=
[2025-10-21 21:13:11] INFO: false
[2025-10-21 21:13:11] INFO: (
[2025-10-21 21:13:11] INFO: 2
[2025-10-21 21:13:11] INFO: /
[2025-10-21 21:13:11] INFO: 7
[2025-10-21 21:13:11] INFO: )
[2025-10-21 21:13:11] INFO: [Recognition] Scores: S12313 - ma=0.717 S13234 - Jin_Rae=0.795 
[2025-10-21 21:13:11] INFO: [Decision] Best=S13234 - Jin_Rae(0.795), 2nd=0.717, Discriminative=0.652, AvgNeg=0.717
[2025-10-21 21:13:11] INFO: [Thresholds] Abs=0.603, Margin=0.103(13.0%), RelMargin=9.9%, Tightness=0.968, StdDev=0.009
[2025-10-21 21:13:11] INFO: [Decision] REJECT: Abs=
[2025-10-21 21:13:11] INFO: true
[2025-10-21 21:13:11] INFO: , AbsMargin=
[2025-10-21 21:13:11] INFO: false
[2025-10-21 21:13:11] INFO: , RelMargin=
[2025-10-21 21:13:11] INFO: false
[2025-10-21 21:13:11] INFO: (
[2025-10-21 21:13:11] INFO: 9.9
[2025-10-21 21:13:11] INFO: %
[2025-10-21 21:13:11] INFO: ), StrongMargin=
[2025-10-21 21:13:11] INFO: false
[2025-10-21 21:13:11] INFO: (
[2025-10-21 21:13:11] INFO: 12.0
[2025-10-21 21:13:11] INFO: %
[2025-10-21 21:13:11] INFO: ), Discrim=
[2025-10-21 21:13:11] INFO: true
[2025-10-21 21:13:11] INFO: , Consist=
[2025-10-21 21:13:11] INFO: false
[2025-10-21 21:13:11] INFO: (
[2025-10-21 21:13:11] INFO: 2
[2025-10-21 21:13:11] INFO: /
[2025-10-21 21:13:11] INFO: 7
[2025-10-21 21:13:11] INFO: )
[2025-10-21 21:13:11] INFO: [Recognition] Scores: S12313 - ma=0.716 S13234 - Jin_Rae=0.802 
[2025-10-21 21:13:11] INFO: [Decision] Best=S13234 - Jin_Rae(0.802), 2nd=0.716, Discriminative=0.659, AvgNeg=0.716
[2025-10-21 21:13:11] INFO: [Thresholds] Abs=0.603, Margin=0.103(12.9%), RelMargin=10.7%, Tightness=0.968, StdDev=0.009
[2025-10-21 21:13:11] INFO: [Decision] REJECT: Abs=
[2025-10-21 21:13:11] INFO: true
[2025-10-21 21:13:11] INFO: , AbsMargin=
[2025-10-21 21:13:11] INFO: false
[2025-10-21 21:13:11] INFO: , RelMargin=
[2025-10-21 21:13:11] INFO: false
[2025-10-21 21:13:11] INFO: (
[2025-10-21 21:13:11] INFO: 10.7
[2025-10-21 21:13:11] INFO: %
[2025-10-21 21:13:11] INFO: ), StrongMargin=
[2025-10-21 21:13:11] INFO: false
[2025-10-21 21:13:11] INFO: (
[2025-10-21 21:13:11] INFO: 12.0
[2025-10-21 21:13:11] INFO: %
[2025-10-21 21:13:11] INFO: ), Discrim=
[2025-10-21 21:13:11] INFO: true
[2025-10-21 21:13:11] INFO: , Consist=
[2025-10-21 21:13:11] INFO: false
[2025-10-21 21:13:11] INFO: (
[2025-10-21 21:13:11] INFO: 2
[2025-10-21 21:13:11] INFO: /
[2025-10-21 21:13:11] INFO: 7
[2025-10-21 21:13:11] INFO: )
[2025-10-21 21:13:11] INFO: [Recognition] Scores: S12313 - ma=0.744 S13234 - Jin_Rae=0.799 
[2025-10-21 21:13:11] INFO: [Decision] Best=S13234 - Jin_Rae(0.799), 2nd=0.744, Discriminative=0.650, AvgNeg=0.744
[2025-10-21 21:13:11] INFO: [Thresholds] Abs=0.603, Margin=0.103(12.9%), RelMargin=6.9%, Tightness=0.968, StdDev=0.009
[2025-10-21 21:13:11] INFO: [Decision] REJECT: Abs=
[2025-10-21 21:13:11] INFO: true
[2025-10-21 21:13:11] INFO: , AbsMargin=
[2025-10-21 21:13:11] INFO: false
[2025-10-21 21:13:11] INFO: , RelMargin=
[2025-10-21 21:13:11] INFO: false
[2025-10-21 21:13:11] INFO: (
[2025-10-21 21:13:11] INFO: 6.9
[2025-10-21 21:13:11] INFO: %
[2025-10-21 21:13:11] INFO: ), StrongMargin=
[2025-10-21 21:13:11] INFO: false
[2025-10-21 21:13:11] INFO: (
[2025-10-21 21:13:11] INFO: 12.0
[2025-10-21 21:13:11] INFO: %
[2025-10-21 21:13:11] INFO: ), Discrim=
[2025-10-21 21:13:11] INFO: true
[2025-10-21 21:13:11] INFO: , Consist=
[2025-10-21 21:13:11] INFO: false
[2025-10-21 21:13:11] INFO: (
[2025-10-21 21:13:11] INFO: 2
[2025-10-21 21:13:11] INFO: /
[2025-10-21 21:13:11] INFO: 7
[2025-10-21 21:13:11] INFO: )
[2025-10-21 21:13:11] INFO: [Recognition] Scores: S12313 - ma=0.728 S13234 - Jin_Rae=0.800 
[2025-10-21 21:13:11] INFO: [Decision] Best=S13234 - Jin_Rae(0.800), 2nd=0.728, Discriminative=0.654, AvgNeg=0.728
[2025-10-21 21:13:11] INFO: [Thresholds] Abs=0.603, Margin=0.103(12.9%), RelMargin=8.9%, Tightness=0.968, StdDev=0.009
[2025-10-21 21:13:11] INFO: [Decision] REJECT: Abs=
[2025-10-21 21:13:11] INFO: true
[2025-10-21 21:13:11] INFO: , AbsMargin=
[2025-10-21 21:13:11] INFO: false
[2025-10-21 21:13:11] INFO: , RelMargin=
[2025-10-21 21:13:11] INFO: false
[2025-10-21 21:13:11] INFO: (
[2025-10-21 21:13:11] INFO: 8.9
[2025-10-21 21:13:11] INFO: %
[2025-10-21 21:13:11] INFO: ), StrongMargin=
[2025-10-21 21:13:11] INFO: false
[2025-10-21 21:13:11] INFO: (
[2025-10-21 21:13:11] INFO: 12.0
[2025-10-21 21:13:11] INFO: %
[2025-10-21 21:13:11] INFO: ), Discrim=
[2025-10-21 21:13:11] INFO: true
[2025-10-21 21:13:11] INFO: , Consist=
[2025-10-21 21:13:11] INFO: false
[2025-10-21 21:13:11] INFO: (
[2025-10-21 21:13:11] INFO: 1
[2025-10-21 21:13:11] INFO: /
[2025-10-21 21:13:11] INFO: 7
[2025-10-21 21:13:11] INFO: )
[2025-10-21 21:13:12] INFO: [Recognition] Scores: S12313 - ma=0.726 S13234 - Jin_Rae=0.803 
[2025-10-21 21:13:12] INFO: [Decision] Best=S13234 - Jin_Rae(0.803), 2nd=0.726, Discriminative=0.658, AvgNeg=0.726
[2025-10-21 21:13:12] INFO: [Thresholds] Abs=0.603, Margin=0.103(12.8%), RelMargin=9.5%, Tightness=0.968, StdDev=0.009
[2025-10-21 21:13:12] INFO: [Decision] REJECT: Abs=
[2025-10-21 21:13:12] INFO: true
[2025-10-21 21:13:12] INFO: , AbsMargin=
[2025-10-21 21:13:12] INFO: false
[2025-10-21 21:13:12] INFO: , RelMargin=
[2025-10-21 21:13:12] INFO: false
[2025-10-21 21:13:12] INFO: (
[2025-10-21 21:13:12] INFO: 9.5
[2025-10-21 21:13:12] INFO: %
[2025-10-21 21:13:12] INFO: ), StrongMargin=
[2025-10-21 21:13:12] INFO: false
[2025-10-21 21:13:12] INFO: (
[2025-10-21 21:13:12] INFO: 12.0
[2025-10-21 21:13:12] INFO: %
[2025-10-21 21:13:12] INFO: ), Discrim=
[2025-10-21 21:13:12] INFO: true
[2025-10-21 21:13:12] INFO: , Consist=
[2025-10-21 21:13:12] INFO: false
[2025-10-21 21:13:12] INFO: (
[2025-10-21 21:13:12] INFO: 0
[2025-10-21 21:13:12] INFO: /
[2025-10-21 21:13:12] INFO: 7
[2025-10-21 21:13:12] INFO: )
[2025-10-21 21:13:12] INFO: [Recognition] Scores: S12313 - ma=0.747 S13234 - Jin_Rae=0.818 
[2025-10-21 21:13:12] INFO: [Decision] Best=S13234 - Jin_Rae(0.818), 2nd=0.747, Discriminative=0.669, AvgNeg=0.747
[2025-10-21 21:13:12] INFO: [Thresholds] Abs=0.603, Margin=0.103(12.6%), RelMargin=8.8%, Tightness=0.968, StdDev=0.009
[2025-10-21 21:13:12] INFO: [Decision] REJECT: Abs=
[2025-10-21 21:13:12] INFO: true
[2025-10-21 21:13:12] INFO: , AbsMargin=
[2025-10-21 21:13:12] INFO: false
[2025-10-21 21:13:12] INFO: , RelMargin=
[2025-10-21 21:13:12] INFO: false
[2025-10-21 21:13:12] INFO: (
[2025-10-21 21:13:12] INFO: 8.8
[2025-10-21 21:13:12] INFO: %
[2025-10-21 21:13:12] INFO: ), StrongMargin=
[2025-10-21 21:13:12] INFO: false
[2025-10-21 21:13:12] INFO: (
[2025-10-21 21:13:12] INFO: 12.0
[2025-10-21 21:13:12] INFO: %
[2025-10-21 21:13:12] INFO: ), Discrim=
[2025-10-21 21:13:12] INFO: true
[2025-10-21 21:13:12] INFO: , Consist=
[2025-10-21 21:13:12] INFO: false
[2025-10-21 21:13:12] INFO: (
[2025-10-21 21:13:12] INFO: 0
[2025-10-21 21:13:12] INFO: /
[2025-10-21 21:13:12] INFO: 7
[2025-10-21 21:13:12] INFO: )
[2025-10-21 21:13:12] INFO: [Recognition] Scores: S12313 - ma=0.720 S13234 - Jin_Rae=0.810 
[2025-10-21 21:13:12] INFO: [Decision] Best=S13234 - Jin_Rae(0.810), 2nd=0.720, Discriminative=0.667, AvgNeg=0.720
[2025-10-21 21:13:12] INFO: [Thresholds] Abs=0.603, Margin=0.103(12.7%), RelMargin=11.2%, Tightness=0.968, StdDev=0.009
[2025-10-21 21:13:12] INFO: [Decision] REJECT: Abs=
[2025-10-21 21:13:12] INFO: true
[2025-10-21 21:13:12] INFO: , AbsMargin=
[2025-10-21 21:13:12] INFO: false
[2025-10-21 21:13:12] INFO: , RelMargin=
[2025-10-21 21:13:12] INFO: false
[2025-10-21 21:13:12] INFO: (
[2025-10-21 21:13:12] INFO: 11.2
[2025-10-21 21:13:12] INFO: %
[2025-10-21 21:13:12] INFO: ), StrongMargin=
[2025-10-21 21:13:12] INFO: false
[2025-10-21 21:13:12] INFO: (
[2025-10-21 21:13:12] INFO: 12.0
[2025-10-21 21:13:12] INFO: %
[2025-10-21 21:13:12] INFO: ), Discrim=
[2025-10-21 21:13:12] INFO: true
[2025-10-21 21:13:12] INFO: , Consist=
[2025-10-21 21:13:12] INFO: false
[2025-10-21 21:13:12] INFO: (
[2025-10-21 21:13:12] INFO: 0
[2025-10-21 21:13:12] INFO: /
[2025-10-21 21:13:12] INFO: 7
[2025-10-21 21:13:12] INFO: )
[2025-10-21 21:13:12] INFO: [Recognition] Scores: S12313 - ma=0.710 S13234 - Jin_Rae=0.808 
[2025-10-21 21:13:12] INFO: [Decision] Best=S13234 - Jin_Rae(0.808), 2nd=0.710, Discriminative=0.666, AvgNeg=0.710
[2025-10-21 21:13:12] INFO: [Thresholds] Abs=0.603, Margin=0.103(12.8%), RelMargin=12.1%, Tightness=0.968, StdDev=0.009
[2025-10-21 21:13:12] INFO: [Decision] ACCEPT: Strong margin hold (12.1%)
[2025-10-21 21:13:12] INFO: [Recognition] Scores: S12313 - ma=0.709 S13234 - Jin_Rae=0.797 
[2025-10-21 21:13:12] INFO: [Decision] Best=S13234 - Jin_Rae(0.797), 2nd=0.709, Discriminative=0.655, AvgNeg=0.709
[2025-10-21 21:13:12] INFO: [Thresholds] Abs=0.603, Margin=0.103(12.9%), RelMargin=11.1%, Tightness=0.968, StdDev=0.009
[2025-10-21 21:13:12] INFO: [Decision] REJECT: Abs=
[2025-10-21 21:13:12] INFO: true
[2025-10-21 21:13:12] INFO: , AbsMargin=
[2025-10-21 21:13:12] INFO: false
[2025-10-21 21:13:12] INFO: , RelMargin=
[2025-10-21 21:13:12] INFO: false
[2025-10-21 21:13:12] INFO: (
[2025-10-21 21:13:12] INFO: 11.1
[2025-10-21 21:13:12] INFO: %
[2025-10-21 21:13:12] INFO: ), StrongMargin=
[2025-10-21 21:13:12] INFO: false
[2025-10-21 21:13:12] INFO: (
[2025-10-21 21:13:12] INFO: 12.0
[2025-10-21 21:13:12] INFO: %
[2025-10-21 21:13:12] INFO: ), Discrim=
[2025-10-21 21:13:12] INFO: true
[2025-10-21 21:13:12] INFO: , Consist=
[2025-10-21 21:13:12] INFO: false
[2025-10-21 21:13:12] INFO: (
[2025-10-21 21:13:12] INFO: 1
[2025-10-21 21:13:12] INFO: /
[2025-10-21 21:13:12] INFO: 7
[2025-10-21 21:13:12] INFO: )
[2025-10-21 21:13:12] INFO: [Recognition] Scores: S12313 - ma=0.728 S13234 - Jin_Rae=0.793 
[2025-10-21 21:13:12] INFO: [Decision] Best=S13234 - Jin_Rae(0.793), 2nd=0.728, Discriminative=0.648, AvgNeg=0.728
[2025-10-21 21:13:12] INFO: [Thresholds] Abs=0.603, Margin=0.103(13.0%), RelMargin=8.2%, Tightness=0.968, StdDev=0.009
[2025-10-21 21:13:12] INFO: [Decision] REJECT: Abs=
[2025-10-21 21:13:12] INFO: true
[2025-10-21 21:13:12] INFO: , AbsMargin=
[2025-10-21 21:13:12] INFO: false
[2025-10-21 21:13:12] INFO: , RelMargin=
[2025-10-21 21:13:12] INFO: false
[2025-10-21 21:13:12] INFO: (
[2025-10-21 21:13:12] INFO: 8.2
[2025-10-21 21:13:12] INFO: %
[2025-10-21 21:13:12] INFO: ), StrongMargin=
[2025-10-21 21:13:12] INFO: false
[2025-10-21 21:13:12] INFO: (
[2025-10-21 21:13:12] INFO: 12.0
[2025-10-21 21:13:12] INFO: %
[2025-10-21 21:13:12] INFO: ), Discrim=
[2025-10-21 21:13:12] INFO: true
[2025-10-21 21:13:12] INFO: , Consist=
[2025-10-21 21:13:12] INFO: false
[2025-10-21 21:13:12] INFO: (
[2025-10-21 21:13:12] INFO: 1
[2025-10-21 21:13:12] INFO: /
[2025-10-21 21:13:12] INFO: 7
[2025-10-21 21:13:12] INFO: )
[2025-10-21 21:13:12] INFO: [Recognition] Scores: S12313 - ma=0.733 S13234 - Jin_Rae=0.832 
[2025-10-21 21:13:12] INFO: [Decision] Best=S13234 - Jin_Rae(0.832), 2nd=0.733, Discriminative=0.685, AvgNeg=0.733
[2025-10-21 21:13:12] INFO: [Thresholds] Abs=0.603, Margin=0.103(12.4%), RelMargin=11.8%, Tightness=0.968, StdDev=0.009
[2025-10-21 21:13:12] INFO: [Decision] REJECT: Abs=
[2025-10-21 21:13:12] INFO: true
[2025-10-21 21:13:12] INFO: , AbsMargin=
[2025-10-21 21:13:12] INFO: false
[2025-10-21 21:13:12] INFO: , RelMargin=
[2025-10-21 21:13:12] INFO: false
[2025-10-21 21:13:12] INFO: (
[2025-10-21 21:13:12] INFO: 11.8
[2025-10-21 21:13:12] INFO: %
[2025-10-21 21:13:12] INFO: ), StrongMargin=
[2025-10-21 21:13:12] INFO: false
[2025-10-21 21:13:12] INFO: (
[2025-10-21 21:13:12] INFO: 12.0
[2025-10-21 21:13:12] INFO: %
[2025-10-21 21:13:12] INFO: ), Discrim=
[2025-10-21 21:13:12] INFO: true
[2025-10-21 21:13:12] INFO: , Consist=
[2025-10-21 21:13:12] INFO: false
[2025-10-21 21:13:12] INFO: (
[2025-10-21 21:13:12] INFO: 1
[2025-10-21 21:13:12] INFO: /
[2025-10-21 21:13:12] INFO: 7
[2025-10-21 21:13:12] INFO: )
[2025-10-21 21:13:12] INFO: [Recognition] Scores: S12313 - ma=0.769 S13234 - Jin_Rae=0.805 
[2025-10-21 21:13:12] INFO: [Decision] Best=S13234 - Jin_Rae(0.805), 2nd=0.769, Discriminative=0.651, AvgNeg=0.769
[2025-10-21 21:13:12] INFO: [Thresholds] Abs=0.603, Margin=0.103(12.8%), RelMargin=4.5%, Tightness=0.968, StdDev=0.009
[2025-10-21 21:13:12] INFO: [Decision] REJECT: Abs=
[2025-10-21 21:13:12] INFO: true
[2025-10-21 21:13:12] INFO: , AbsMargin=
[2025-10-21 21:13:12] INFO: false
[2025-10-21 21:13:12] INFO: , RelMargin=
[2025-10-21 21:13:12] INFO: false
[2025-10-21 21:13:12] INFO: (
[2025-10-21 21:13:12] INFO: 4.5
[2025-10-21 21:13:12] INFO: %
[2025-10-21 21:13:12] INFO: ), StrongMargin=
[2025-10-21 21:13:12] INFO: false
[2025-10-21 21:13:12] INFO: (
[2025-10-21 21:13:12] INFO: 12.0
[2025-10-21 21:13:12] INFO: %
[2025-10-21 21:13:12] INFO: ), Discrim=
[2025-10-21 21:13:12] INFO: true
[2025-10-21 21:13:12] INFO: , Consist=
[2025-10-21 21:13:12] INFO: false
[2025-10-21 21:13:12] INFO: (
[2025-10-21 21:13:12] INFO: 1
[2025-10-21 21:13:12] INFO: /
[2025-10-21 21:13:12] INFO: 7
[2025-10-21 21:13:12] INFO: )
[2025-10-21 21:13:13] INFO: [Recognition] Scores: S12313 - ma=0.736 S13234 - Jin_Rae=0.783 
[2025-10-21 21:13:13] INFO: [Decision] Best=S13234 - Jin_Rae(0.783), 2nd=0.736, Discriminative=0.636, AvgNeg=0.736
[2025-10-21 21:13:13] INFO: [Thresholds] Abs=0.603, Margin=0.103(13.2%), RelMargin=6.0%, Tightness=0.968, StdDev=0.009
[2025-10-21 21:13:13] INFO: [Decision] REJECT: Abs=
[2025-10-21 21:13:13] INFO: true
[2025-10-21 21:13:13] INFO: , AbsMargin=
[2025-10-21 21:13:13] INFO: false
[2025-10-21 21:13:13] INFO: , RelMargin=
[2025-10-21 21:13:13] INFO: false
[2025-10-21 21:13:13] INFO: (
[2025-10-21 21:13:13] INFO: 6.0
[2025-10-21 21:13:13] INFO: %
[2025-10-21 21:13:13] INFO: ), StrongMargin=
[2025-10-21 21:13:13] INFO: false
[2025-10-21 21:13:13] INFO: (
[2025-10-21 21:13:13] INFO: 12.0
[2025-10-21 21:13:13] INFO: %
[2025-10-21 21:13:13] INFO: ), Discrim=
[2025-10-21 21:13:13] INFO: true
[2025-10-21 21:13:13] INFO: , Consist=
[2025-10-21 21:13:13] INFO: false
[2025-10-21 21:13:13] INFO: (
[2025-10-21 21:13:13] INFO: 1
[2025-10-21 21:13:13] INFO: /
[2025-10-21 21:13:13] INFO: 7
[2025-10-21 21:13:13] INFO: )
[2025-10-21 21:13:13] INFO: [Recognition] Scores: S12313 - ma=0.731 S13234 - Jin_Rae=0.762 
[2025-10-21 21:13:13] INFO: [Decision] Best=S13234 - Jin_Rae(0.762), 2nd=0.731, Discriminative=0.615, AvgNeg=0.731
[2025-10-21 21:13:13] INFO: [Thresholds] Abs=0.603, Margin=0.103(13.5%), RelMargin=4.0%, Tightness=0.968, StdDev=0.009
[2025-10-21 21:13:13] INFO: [Decision] REJECT: Abs=
[2025-10-21 21:13:13] INFO: true
[2025-10-21 21:13:13] INFO: , AbsMargin=
[2025-10-21 21:13:13] INFO: false
[2025-10-21 21:13:13] INFO: , RelMargin=
[2025-10-21 21:13:13] INFO: false
[2025-10-21 21:13:13] INFO: (
[2025-10-21 21:13:13] INFO: 4.0
[2025-10-21 21:13:13] INFO: %
[2025-10-21 21:13:13] INFO: ), StrongMargin=
[2025-10-21 21:13:13] INFO: false
[2025-10-21 21:13:13] INFO: (
[2025-10-21 21:13:13] INFO: 12.0
[2025-10-21 21:13:13] INFO: %
[2025-10-21 21:13:13] INFO: ), Discrim=
[2025-10-21 21:13:13] INFO: true
[2025-10-21 21:13:13] INFO: , Consist=
[2025-10-21 21:13:13] INFO: false
[2025-10-21 21:13:13] INFO: (
[2025-10-21 21:13:13] INFO: 1
[2025-10-21 21:13:13] INFO: /
[2025-10-21 21:13:13] INFO: 7
[2025-10-21 21:13:13] INFO: )
[2025-10-21 21:13:13] INFO: [Recognition] Scores: S12313 - ma=0.728 S13234 - Jin_Rae=0.740 
[2025-10-21 21:13:13] INFO: [Decision] Best=S13234 - Jin_Rae(0.740), 2nd=0.728, Discriminative=0.595, AvgNeg=0.728
[2025-10-21 21:13:13] INFO: [Thresholds] Abs=0.603, Margin=0.103(13.9%), RelMargin=1.6%, Tightness=0.968, StdDev=0.009
[2025-10-21 21:13:13] INFO: [Decision] REJECT: Abs=
[2025-10-21 21:13:13] INFO: true
[2025-10-21 21:13:13] INFO: , AbsMargin=
[2025-10-21 21:13:13] INFO: false
[2025-10-21 21:13:13] INFO: , RelMargin=
[2025-10-21 21:13:13] INFO: false
[2025-10-21 21:13:13] INFO: (
[2025-10-21 21:13:13] INFO: 1.6
[2025-10-21 21:13:13] INFO: %
[2025-10-21 21:13:13] INFO: ), StrongMargin=
[2025-10-21 21:13:13] INFO: false
[2025-10-21 21:13:13] INFO: (
[2025-10-21 21:13:13] INFO: 12.0
[2025-10-21 21:13:13] INFO: %
[2025-10-21 21:13:13] INFO: ), Discrim=
[2025-10-21 21:13:13] INFO: false
[2025-10-21 21:13:13] INFO: , Consist=
[2025-10-21 21:13:13] INFO: false
[2025-10-21 21:13:13] INFO: (
[2025-10-21 21:13:13] INFO: 1
[2025-10-21 21:13:13] INFO: /
[2025-10-21 21:13:13] INFO: 7
[2025-10-21 21:13:13] INFO: )
[2025-10-21 21:13:13] INFO: Exiting Face Recognition Demo...
[2025-10-21 21:13:13] INFO: Exiting Face Recognition Demo...
