[2025-10-19 04:15:32] INFO: Application Logger Initialized.
[2025-10-19 04:15:32] INFO: Configuration and core components loaded.
[2025-10-19 04:15:32] INFO: Configuration loaded from classpath: app.properties
[2025-10-19 04:15:32] INFO: Configuration file loaded
[2025-10-19 04:15:32] INFO: MyGUIProgram Started!
[2025-10-19 04:15:33] INFO: Face embedding model loaded successfully
[2025-10-19 04:15:33] INFO: === Folder debug ===
[2025-10-19 04:15:33] INFO: Found folder: C:\SMU\CS102 Project\FaceRecognitionCS102\data\facedata\S12342_wyn
[2025-10-19 04:15:33] INFO:   Contains: 26 items
[2025-10-19 04:15:33] INFO:   Display label: S12342 - wyn
[2025-10-19 04:15:33] INFO: Found folder: C:\SMU\CS102 Project\FaceRecognitionCS102\data\facedata\S13234_Jin_Rae
[2025-10-19 04:15:33] INFO:   Contains: 40 items
[2025-10-19 04:15:33] INFO:   Display label: S13234 - Jin_Rae
[2025-10-19 04:15:33] INFO: ====================
[2025-10-19 04:15:33] INFO: Person S12342 - wyn: tightness=0.884, stdDev=0.020, absThresh=0.612, margin=0.112
[2025-10-19 04:15:34] INFO:   [Glasses Mode] Detected high variation (stdDev=0.194) - relaxed thresholds by 12.0%
[2025-10-19 04:15:34] INFO: Person S13234 - Jin_Rae: tightness=0.623, stdDev=0.194, absThresh=0.566, margin=0.123
[2025-10-19 04:15:34] INFO: DNN face detector loaded successfully for recognition
[2025-10-19 04:15:34] INFO: Attempting to open camera with DSHOW backend...
[2025-10-19 04:15:34] INFO: Camera opened successfully with DSHOW backend
[2025-10-19 04:15:35] INFO: Camera configured: 640x480 @ 30fps with MJPEG codec
[2025-10-19 04:15:35] INFO: Camera initialized successfully
[2025-10-19 04:15:36] INFO: [Recognition] Scores: S12342 - wyn=0.362 S13234 - Jin_Rae=0.884 
[2025-10-19 04:15:36] INFO: [Decision] Best=S13234 - Jin_Rae(0.884), 2nd=0.362, Discriminative=0.793, AvgNeg=0.362
[2025-10-19 04:15:36] INFO: [Thresholds] Abs=0.566, Margin=0.123(13.9%), RelMargin=59.1%, Tightness=0.623, StdDev=0.194
[2025-10-19 04:15:36] INFO: [Decision] ACCEPT: Tier 1 - High Score + Strong Margin (15%)
[2025-10-19 04:15:36] INFO: [Recognition] Scores: S12342 - wyn=0.443 S13234 - Jin_Rae=0.920 
[2025-10-19 04:15:36] INFO: [Decision] Best=S13234 - Jin_Rae(0.920), 2nd=0.443, Discriminative=0.809, AvgNeg=0.443
[2025-10-19 04:15:36] INFO: [Thresholds] Abs=0.566, Margin=0.123(13.3%), RelMargin=51.8%, Tightness=0.623, StdDev=0.194
[2025-10-19 04:15:36] INFO: [Decision] ACCEPT: Tier 1 - High Score + Strong Margin (15%)
[2025-10-19 04:15:36] INFO: [Recognition] Scores: S12342 - wyn=0.418 S13234 - Jin_Rae=0.949 
[2025-10-19 04:15:36] INFO: [Decision] Best=S13234 - Jin_Rae(0.949), 2nd=0.418, Discriminative=0.845, AvgNeg=0.418
[2025-10-19 04:15:36] INFO: [Thresholds] Abs=0.566, Margin=0.123(12.9%), RelMargin=56.0%, Tightness=0.623, StdDev=0.194
[2025-10-19 04:15:36] INFO: [Decision] ACCEPT: Tier 1 - High Score + Strong Margin (15%)
[2025-10-19 04:15:37] INFO: [Recognition] Scores: S12342 - wyn=0.409 S13234 - Jin_Rae=0.934 
[2025-10-19 04:15:37] INFO: [Decision] Best=S13234 - Jin_Rae(0.934), 2nd=0.409, Discriminative=0.832, AvgNeg=0.409
[2025-10-19 04:15:37] INFO: [Thresholds] Abs=0.566, Margin=0.123(13.1%), RelMargin=56.2%, Tightness=0.623, StdDev=0.194
[2025-10-19 04:15:37] INFO: [Decision] ACCEPT: Tier 1 - High Score + Strong Margin (15%)
[2025-10-19 04:15:37] INFO: [Recognition] Scores: S12342 - wyn=0.445 S13234 - Jin_Rae=0.927 
[2025-10-19 04:15:37] INFO: [Decision] Best=S13234 - Jin_Rae(0.927), 2nd=0.445, Discriminative=0.816, AvgNeg=0.445
[2025-10-19 04:15:37] INFO: [Thresholds] Abs=0.566, Margin=0.123(13.2%), RelMargin=52.0%, Tightness=0.623, StdDev=0.194
[2025-10-19 04:15:37] INFO: [Decision] ACCEPT: Tier 1 - High Score + Strong Margin (15%)
[2025-10-19 04:15:37] INFO: [Recognition] Scores: S12342 - wyn=0.428 S13234 - Jin_Rae=0.923 
[2025-10-19 04:15:37] INFO: [Decision] Best=S13234 - Jin_Rae(0.923), 2nd=0.428, Discriminative=0.816, AvgNeg=0.428
[2025-10-19 04:15:37] INFO: [Thresholds] Abs=0.566, Margin=0.123(13.3%), RelMargin=53.6%, Tightness=0.623, StdDev=0.194
[2025-10-19 04:15:37] INFO: [Decision] ACCEPT: Tier 1 - High Score + Strong Margin (15%)
[2025-10-19 04:15:37] INFO: [Recognition] Scores: S12342 - wyn=0.398 S13234 - Jin_Rae=0.911 
[2025-10-19 04:15:37] INFO: [Decision] Best=S13234 - Jin_Rae(0.911), 2nd=0.398, Discriminative=0.812, AvgNeg=0.398
[2025-10-19 04:15:37] INFO: [Thresholds] Abs=0.566, Margin=0.123(13.5%), RelMargin=56.3%, Tightness=0.623, StdDev=0.194
[2025-10-19 04:15:37] INFO: [Decision] ACCEPT: Tier 1 - High Score + Strong Margin (15%)
[2025-10-19 04:15:37] INFO: [Recognition] Scores: S12342 - wyn=0.394 S13234 - Jin_Rae=0.886 
[2025-10-19 04:15:37] INFO: [Decision] Best=S13234 - Jin_Rae(0.886), 2nd=0.394, Discriminative=0.787, AvgNeg=0.394
[2025-10-19 04:15:37] INFO: [Thresholds] Abs=0.566, Margin=0.123(13.8%), RelMargin=55.6%, Tightness=0.623, StdDev=0.194
[2025-10-19 04:15:37] INFO: [Decision] ACCEPT: Tier 1 - High Score + Strong Margin (15%)
[2025-10-19 04:15:38] INFO: [Recognition] Scores: S12342 - wyn=0.559 S13234 - Jin_Rae=0.895 
[2025-10-19 04:15:38] INFO: [Decision] Best=S13234 - Jin_Rae(0.895), 2nd=0.559, Discriminative=0.755, AvgNeg=0.559
[2025-10-19 04:15:38] INFO: [Thresholds] Abs=0.566, Margin=0.123(13.7%), RelMargin=37.5%, Tightness=0.623, StdDev=0.194
[2025-10-19 04:15:38] INFO: [Decision] ACCEPT: Tier 1 - High Score + Strong Margin (15%)
[2025-10-19 04:15:38] INFO: [Recognition] Scores: S12342 - wyn=0.524 S13234 - Jin_Rae=0.882 
[2025-10-19 04:15:38] INFO: [Decision] Best=S13234 - Jin_Rae(0.882), 2nd=0.524, Discriminative=0.752, AvgNeg=0.524
[2025-10-19 04:15:38] INFO: [Thresholds] Abs=0.566, Margin=0.123(13.9%), RelMargin=40.7%, Tightness=0.623, StdDev=0.194
[2025-10-19 04:15:38] INFO: [Decision] ACCEPT: Tier 1 - High Score + Strong Margin (15%)
[2025-10-19 04:15:38] INFO: [Recognition] Scores: S12342 - wyn=0.459 S13234 - Jin_Rae=0.801 
[2025-10-19 04:15:38] INFO: [Decision] Best=S13234 - Jin_Rae(0.801), 2nd=0.459, Discriminative=0.687, AvgNeg=0.459
[2025-10-19 04:15:38] INFO: [Thresholds] Abs=0.566, Margin=0.123(15.3%), RelMargin=42.8%, Tightness=0.623, StdDev=0.194
[2025-10-19 04:15:38] INFO: [Decision] ACCEPT: Tier 1 - High Score + Strong Margin (15%)
[2025-10-19 04:15:38] INFO: [Recognition] Scores: S12342 - wyn=0.514 S13234 - Jin_Rae=0.783 
[2025-10-19 04:15:38] INFO: [Decision] Best=S13234 - Jin_Rae(0.783), 2nd=0.514, Discriminative=0.654, AvgNeg=0.514
[2025-10-19 04:15:38] INFO: [Thresholds] Abs=0.566, Margin=0.123(15.7%), RelMargin=34.3%, Tightness=0.623, StdDev=0.194
[2025-10-19 04:15:38] INFO: [Decision] ACCEPT: Tier 1 - High Score + Strong Margin (15%)
[2025-10-19 04:15:38] INFO: [Recognition] Scores: S12342 - wyn=0.539 S13234 - Jin_Rae=0.754 
[2025-10-19 04:15:38] INFO: [Decision] Best=S13234 - Jin_Rae(0.754), 2nd=0.539, Discriminative=0.619, AvgNeg=0.539
[2025-10-19 04:15:38] INFO: [Thresholds] Abs=0.566, Margin=0.123(16.3%), RelMargin=28.5%, Tightness=0.623, StdDev=0.194
[2025-10-19 04:15:38] INFO: [Decision] ACCEPT: Tier 1 - High Score + Strong Margin (15%)
[2025-10-19 04:15:39] INFO: [Recognition] Scores: S12342 - wyn=0.669 S13234 - Jin_Rae=0.752 
[2025-10-19 04:15:39] INFO: [Decision] Best=S13234 - Jin_Rae(0.752), 2nd=0.669, Discriminative=0.584, AvgNeg=0.669
[2025-10-19 04:15:39] INFO: [Thresholds] Abs=0.566, Margin=0.123(16.3%), RelMargin=10.9%, Tightness=0.623, StdDev=0.194
[2025-10-19 04:15:39] INFO: [Decision] ACCEPT: Tier 2 - High Score + Strong Consistency (7/7 frames)
[2025-10-19 04:15:39] INFO: [Recognition] Scores: S12342 - wyn=0.708 S13234 - Jin_Rae=0.686 
[2025-10-19 04:15:39] INFO: [Decision] Best=S12342 - wyn(0.708), 2nd=0.686, Discriminative=0.537, AvgNeg=0.686
[2025-10-19 04:15:39] INFO: [Thresholds] Abs=0.612, Margin=0.112(15.8%), RelMargin=3.2%, Tightness=0.884, StdDev=0.020
[2025-10-19 04:15:39] INFO: [Decision] REJECT: Abs=
[2025-10-19 04:15:39] INFO: true
[2025-10-19 04:15:39] INFO: , AbsMargin=
[2025-10-19 04:15:39] INFO: false
[2025-10-19 04:15:39] INFO: , RelMargin=
[2025-10-19 04:15:39] INFO: false
[2025-10-19 04:15:39] INFO: (
[2025-10-19 04:15:39] INFO: 3.2
[2025-10-19 04:15:39] INFO: %
[2025-10-19 04:15:39] INFO: ), StrongMargin=
[2025-10-19 04:15:39] INFO: false
[2025-10-19 04:15:39] INFO: (
[2025-10-19 04:15:39] INFO: 15.0
[2025-10-19 04:15:39] INFO: %
[2025-10-19 04:15:39] INFO: ), Discrim=
[2025-10-19 04:15:39] INFO: false
[2025-10-19 04:15:39] INFO: , Consist=
[2025-10-19 04:15:39] INFO: false
[2025-10-19 04:15:39] INFO: (
[2025-10-19 04:15:39] INFO: 0
[2025-10-19 04:15:39] INFO: /
[2025-10-19 04:15:39] INFO: 7
[2025-10-19 04:15:39] INFO: )
[2025-10-19 04:15:39] INFO: [Recognition] Scores: S12342 - wyn=0.621 S13234 - Jin_Rae=0.706 
[2025-10-19 04:15:39] INFO: [Decision] Best=S13234 - Jin_Rae(0.706), 2nd=0.621, Discriminative=0.551, AvgNeg=0.621
[2025-10-19 04:15:39] INFO: [Thresholds] Abs=0.566, Margin=0.123(17.4%), RelMargin=12.0%, Tightness=0.623, StdDev=0.194
[2025-10-19 04:15:39] INFO: [Decision] ACCEPT: Tier 2 - High Score + Strong Consistency (6/7 frames)
[2025-10-19 04:15:39] INFO: [Recognition] Scores: S12342 - wyn=0.638 S13234 - Jin_Rae=0.692 
[2025-10-19 04:15:39] INFO: [Decision] Best=S13234 - Jin_Rae(0.692), 2nd=0.638, Discriminative=0.533, AvgNeg=0.638
[2025-10-19 04:15:39] INFO: [Thresholds] Abs=0.566, Margin=0.123(17.7%), RelMargin=7.8%, Tightness=0.623, StdDev=0.194
[2025-10-19 04:15:39] INFO: [Decision] ACCEPT: Tier 2 - High Score + Strong Consistency (6/7 frames)
[2025-10-19 04:15:39] INFO: [Recognition] Scores: S12342 - wyn=0.647 S13234 - Jin_Rae=0.665 
[2025-10-19 04:15:39] INFO: [Decision] Best=S13234 - Jin_Rae(0.665), 2nd=0.647, Discriminative=0.504, AvgNeg=0.647
[2025-10-19 04:15:39] INFO: [Thresholds] Abs=0.566, Margin=0.123(18.4%), RelMargin=2.7%, Tightness=0.623, StdDev=0.194
[2025-10-19 04:15:39] INFO: [Decision] ACCEPT: Tier 2 - High Score + Strong Consistency (6/7 frames)
[2025-10-19 04:15:40] INFO: [Recognition] Scores: S12342 - wyn=0.644 S13234 - Jin_Rae=0.660 
[2025-10-19 04:15:40] INFO: [Decision] Best=S13234 - Jin_Rae(0.660), 2nd=0.644, Discriminative=0.499, AvgNeg=0.644
[2025-10-19 04:15:40] INFO: [Thresholds] Abs=0.566, Margin=0.123(18.6%), RelMargin=2.4%, Tightness=0.623, StdDev=0.194
[2025-10-19 04:15:40] INFO: [Decision] ACCEPT: Tier 2 - High Score + Strong Consistency (6/7 frames)
[2025-10-19 04:15:40] INFO: [Recognition] Scores: S12342 - wyn=0.613 S13234 - Jin_Rae=0.714 
[2025-10-19 04:15:40] INFO: [Decision] Best=S13234 - Jin_Rae(0.714), 2nd=0.613, Discriminative=0.561, AvgNeg=0.613
[2025-10-19 04:15:40] INFO: [Thresholds] Abs=0.566, Margin=0.123(17.2%), RelMargin=14.1%, Tightness=0.623, StdDev=0.194
[2025-10-19 04:15:40] INFO: [Decision] ACCEPT: Tier 2 - High Score + Strong Consistency (6/7 frames)
[2025-10-19 04:15:40] INFO: [Recognition] Scores: S12342 - wyn=0.589 S13234 - Jin_Rae=0.665 
[2025-10-19 04:15:40] INFO: [Decision] Best=S13234 - Jin_Rae(0.665), 2nd=0.589, Discriminative=0.518, AvgNeg=0.589
[2025-10-19 04:15:40] INFO: [Thresholds] Abs=0.566, Margin=0.123(18.4%), RelMargin=11.4%, Tightness=0.623, StdDev=0.194
[2025-10-19 04:15:40] INFO: [Decision] ACCEPT: Tier 2 - High Score + Strong Consistency (6/7 frames)
[2025-10-19 04:15:40] INFO: [Recognition] Scores: S12342 - wyn=0.583 S13234 - Jin_Rae=0.740 
[2025-10-19 04:15:40] INFO: [Decision] Best=S13234 - Jin_Rae(0.740), 2nd=0.583, Discriminative=0.594, AvgNeg=0.583
[2025-10-19 04:15:40] INFO: [Thresholds] Abs=0.566, Margin=0.123(16.6%), RelMargin=21.2%, Tightness=0.623, StdDev=0.194
[2025-10-19 04:15:40] INFO: [Decision] ACCEPT: Tier 1 - High Score + Strong Margin (15%)
[2025-10-19 04:15:40] INFO: [Recognition] Scores: S12342 - wyn=0.557 S13234 - Jin_Rae=0.712 
[2025-10-19 04:15:40] INFO: [Decision] Best=S13234 - Jin_Rae(0.712), 2nd=0.557, Discriminative=0.573, AvgNeg=0.557
[2025-10-19 04:15:40] INFO: [Thresholds] Abs=0.566, Margin=0.123(17.2%), RelMargin=21.7%, Tightness=0.623, StdDev=0.194
[2025-10-19 04:15:40] INFO: [Decision] ACCEPT: Tier 1 - High Score + Strong Margin (15%)
[2025-10-19 04:15:41] INFO: [Recognition] Scores: S12342 - wyn=0.542 S13234 - Jin_Rae=0.844 
[2025-10-19 04:15:41] INFO: [Decision] Best=S13234 - Jin_Rae(0.844), 2nd=0.542, Discriminative=0.709, AvgNeg=0.542
[2025-10-19 04:15:41] INFO: [Thresholds] Abs=0.566, Margin=0.123(14.5%), RelMargin=35.8%, Tightness=0.623, StdDev=0.194
[2025-10-19 04:15:41] INFO: [Decision] ACCEPT: Tier 1 - High Score + Strong Margin (15%)
[2025-10-19 04:15:41] INFO: [Recognition] Scores: S12342 - wyn=0.556 S13234 - Jin_Rae=0.784 
[2025-10-19 04:15:41] INFO: [Decision] Best=S13234 - Jin_Rae(0.784), 2nd=0.556, Discriminative=0.645, AvgNeg=0.556
[2025-10-19 04:15:41] INFO: [Thresholds] Abs=0.566, Margin=0.123(15.6%), RelMargin=29.1%, Tightness=0.623, StdDev=0.194
[2025-10-19 04:15:41] INFO: [Decision] ACCEPT: Tier 1 - High Score + Strong Margin (15%)
[2025-10-19 04:15:41] INFO: [Recognition] Scores: S12342 - wyn=0.550 S13234 - Jin_Rae=0.832 
[2025-10-19 04:15:41] INFO: [Decision] Best=S13234 - Jin_Rae(0.832), 2nd=0.550, Discriminative=0.694, AvgNeg=0.550
[2025-10-19 04:15:41] INFO: [Thresholds] Abs=0.566, Margin=0.123(14.8%), RelMargin=33.8%, Tightness=0.623, StdDev=0.194
[2025-10-19 04:15:41] INFO: [Decision] ACCEPT: Tier 1 - High Score + Strong Margin (15%)
[2025-10-19 04:15:41] INFO: [Recognition] Scores: S12342 - wyn=0.527 S13234 - Jin_Rae=0.862 
[2025-10-19 04:15:41] INFO: [Decision] Best=S13234 - Jin_Rae(0.862), 2nd=0.527, Discriminative=0.730, AvgNeg=0.527
[2025-10-19 04:15:41] INFO: [Thresholds] Abs=0.566, Margin=0.123(14.2%), RelMargin=38.9%, Tightness=0.623, StdDev=0.194
[2025-10-19 04:15:41] INFO: [Decision] ACCEPT: Tier 1 - High Score + Strong Margin (15%)
[2025-10-19 04:15:41] INFO: [Recognition] Scores: S12342 - wyn=0.557 S13234 - Jin_Rae=0.862 
[2025-10-19 04:15:41] INFO: [Decision] Best=S13234 - Jin_Rae(0.862), 2nd=0.557, Discriminative=0.723, AvgNeg=0.557
[2025-10-19 04:15:41] INFO: [Thresholds] Abs=0.566, Margin=0.123(14.2%), RelMargin=35.4%, Tightness=0.623, StdDev=0.194
[2025-10-19 04:15:41] INFO: [Decision] ACCEPT: Tier 1 - High Score + Strong Margin (15%)
[2025-10-19 04:15:42] INFO: [Recognition] Scores: S12342 - wyn=0.541 S13234 - Jin_Rae=0.906 
[2025-10-19 04:15:42] INFO: [Decision] Best=S13234 - Jin_Rae(0.906), 2nd=0.541, Discriminative=0.771, AvgNeg=0.541
[2025-10-19 04:15:42] INFO: [Thresholds] Abs=0.566, Margin=0.123(13.5%), RelMargin=40.3%, Tightness=0.623, StdDev=0.194
[2025-10-19 04:15:42] INFO: [Decision] ACCEPT: Tier 1 - High Score + Strong Margin (15%)
[2025-10-19 04:15:42] INFO: [Recognition] Scores: S12342 - wyn=0.488 S13234 - Jin_Rae=0.887 
[2025-10-19 04:15:42] INFO: [Decision] Best=S13234 - Jin_Rae(0.887), 2nd=0.488, Discriminative=0.765, AvgNeg=0.488
[2025-10-19 04:15:42] INFO: [Thresholds] Abs=0.566, Margin=0.123(13.8%), RelMargin=45.0%, Tightness=0.623, StdDev=0.194
[2025-10-19 04:15:42] INFO: [Decision] ACCEPT: Tier 1 - High Score + Strong Margin (15%)
[2025-10-19 04:15:42] INFO: [Recognition] Scores: S12342 - wyn=0.475 S13234 - Jin_Rae=0.906 
[2025-10-19 04:15:42] INFO: [Decision] Best=S13234 - Jin_Rae(0.906), 2nd=0.475, Discriminative=0.788, AvgNeg=0.475
[2025-10-19 04:15:42] INFO: [Thresholds] Abs=0.566, Margin=0.123(13.5%), RelMargin=47.6%, Tightness=0.623, StdDev=0.194
[2025-10-19 04:15:42] INFO: [Decision] ACCEPT: Tier 1 - High Score + Strong Margin (15%)
[2025-10-19 04:15:42] INFO: [Recognition] Scores: S12342 - wyn=0.556 S13234 - Jin_Rae=0.919 
[2025-10-19 04:15:42] INFO: [Decision] Best=S13234 - Jin_Rae(0.919), 2nd=0.556, Discriminative=0.780, AvgNeg=0.556
[2025-10-19 04:15:42] INFO: [Thresholds] Abs=0.566, Margin=0.123(13.4%), RelMargin=39.5%, Tightness=0.623, StdDev=0.194
[2025-10-19 04:15:42] INFO: [Decision] ACCEPT: Tier 1 - High Score + Strong Margin (15%)
[2025-10-19 04:15:43] INFO: [Recognition] Scores: S12342 - wyn=0.519 S13234 - Jin_Rae=0.919 
[2025-10-19 04:15:43] INFO: [Decision] Best=S13234 - Jin_Rae(0.919), 2nd=0.519, Discriminative=0.790, AvgNeg=0.519
[2025-10-19 04:15:43] INFO: [Thresholds] Abs=0.566, Margin=0.123(13.3%), RelMargin=43.6%, Tightness=0.623, StdDev=0.194
[2025-10-19 04:15:43] INFO: [Decision] ACCEPT: Tier 1 - High Score + Strong Margin (15%)
[2025-10-19 04:15:43] INFO: [Recognition] Scores: S12342 - wyn=0.503 S13234 - Jin_Rae=0.915 
[2025-10-19 04:15:43] INFO: [Decision] Best=S13234 - Jin_Rae(0.915), 2nd=0.503, Discriminative=0.789, AvgNeg=0.503
[2025-10-19 04:15:43] INFO: [Thresholds] Abs=0.566, Margin=0.123(13.4%), RelMargin=45.0%, Tightness=0.623, StdDev=0.194
[2025-10-19 04:15:43] INFO: [Decision] ACCEPT: Tier 1 - High Score + Strong Margin (15%)
[2025-10-19 04:15:43] INFO: [Recognition] Scores: S12342 - wyn=0.505 S13234 - Jin_Rae=0.916 
[2025-10-19 04:15:43] INFO: [Decision] Best=S13234 - Jin_Rae(0.916), 2nd=0.505, Discriminative=0.790, AvgNeg=0.505
[2025-10-19 04:15:43] INFO: [Thresholds] Abs=0.566, Margin=0.123(13.4%), RelMargin=44.9%, Tightness=0.623, StdDev=0.194
[2025-10-19 04:15:43] INFO: [Decision] ACCEPT: Tier 1 - High Score + Strong Margin (15%)
[2025-10-19 04:15:43] INFO: [Recognition] Scores: S12342 - wyn=0.494 S13234 - Jin_Rae=0.904 
[2025-10-19 04:15:43] INFO: [Decision] Best=S13234 - Jin_Rae(0.904), 2nd=0.494, Discriminative=0.781, AvgNeg=0.494
[2025-10-19 04:15:43] INFO: [Thresholds] Abs=0.566, Margin=0.123(13.6%), RelMargin=45.4%, Tightness=0.623, StdDev=0.194
[2025-10-19 04:15:43] INFO: [Decision] ACCEPT: Tier 1 - High Score + Strong Margin (15%)
[2025-10-19 04:15:44] INFO: [Recognition] Scores: S12342 - wyn=0.464 S13234 - Jin_Rae=0.889 
[2025-10-19 04:15:44] INFO: [Decision] Best=S13234 - Jin_Rae(0.889), 2nd=0.464, Discriminative=0.773, AvgNeg=0.464
[2025-10-19 04:15:44] INFO: [Thresholds] Abs=0.566, Margin=0.123(13.8%), RelMargin=47.8%, Tightness=0.623, StdDev=0.194
[2025-10-19 04:15:44] INFO: [Decision] ACCEPT: Tier 1 - High Score + Strong Margin (15%)
[2025-10-19 04:15:44] INFO: [Recognition] Scores: S12342 - wyn=0.734 S13234 - Jin_Rae=0.903 
[2025-10-19 04:15:44] INFO: [Decision] Best=S13234 - Jin_Rae(0.903), 2nd=0.734, Discriminative=0.719, AvgNeg=0.734
[2025-10-19 04:15:44] INFO: [Thresholds] Abs=0.566, Margin=0.123(13.6%), RelMargin=18.7%, Tightness=0.623, StdDev=0.194
[2025-10-19 04:15:44] INFO: [Decision] ACCEPT: Tier 1 - High Score + Strong Margin (15%)
[2025-10-19 04:15:44] INFO: [Recognition] Scores: S12342 - wyn=0.659 S13234 - Jin_Rae=0.908 
[2025-10-19 04:15:44] INFO: [Decision] Best=S13234 - Jin_Rae(0.908), 2nd=0.659, Discriminative=0.743, AvgNeg=0.659
[2025-10-19 04:15:44] INFO: [Thresholds] Abs=0.566, Margin=0.123(13.5%), RelMargin=27.4%, Tightness=0.623, StdDev=0.194
[2025-10-19 04:15:44] INFO: [Decision] ACCEPT: Tier 1 - High Score + Strong Margin (15%)
[2025-10-19 04:15:44] INFO: [Recognition] Scores: S12342 - wyn=0.651 S13234 - Jin_Rae=0.888 
[2025-10-19 04:15:44] INFO: [Decision] Best=S13234 - Jin_Rae(0.888), 2nd=0.651, Discriminative=0.725, AvgNeg=0.651
[2025-10-19 04:15:44] INFO: [Thresholds] Abs=0.566, Margin=0.123(13.8%), RelMargin=26.7%, Tightness=0.623, StdDev=0.194
[2025-10-19 04:15:44] INFO: [Decision] ACCEPT: Tier 1 - High Score + Strong Margin (15%)
[2025-10-19 04:15:44] INFO: [Recognition] Scores: S12342 - wyn=0.671 S13234 - Jin_Rae=0.824 
[2025-10-19 04:15:44] INFO: [Decision] Best=S13234 - Jin_Rae(0.824), 2nd=0.671, Discriminative=0.657, AvgNeg=0.671
[2025-10-19 04:15:44] INFO: [Thresholds] Abs=0.566, Margin=0.123(14.9%), RelMargin=18.6%, Tightness=0.623, StdDev=0.194
[2025-10-19 04:15:44] INFO: [Decision] ACCEPT: Tier 1 - High Score + Strong Margin (15%)
[2025-10-19 04:15:45] INFO: [Recognition] Scores: S12342 - wyn=0.662 S13234 - Jin_Rae=0.745 
[2025-10-19 04:15:45] INFO: [Decision] Best=S13234 - Jin_Rae(0.745), 2nd=0.662, Discriminative=0.579, AvgNeg=0.662
[2025-10-19 04:15:45] INFO: [Thresholds] Abs=0.566, Margin=0.123(16.5%), RelMargin=11.1%, Tightness=0.623, StdDev=0.194
[2025-10-19 04:15:45] INFO: [Decision] ACCEPT: Tier 2 - High Score + Strong Consistency (7/7 frames)
[2025-10-19 04:15:45] INFO: [Recognition] Scores: S12342 - wyn=0.619 S13234 - Jin_Rae=0.668 
[2025-10-19 04:15:45] INFO: [Decision] Best=S13234 - Jin_Rae(0.668), 2nd=0.619, Discriminative=0.513, AvgNeg=0.619
[2025-10-19 04:15:45] INFO: [Thresholds] Abs=0.566, Margin=0.123(18.4%), RelMargin=7.3%, Tightness=0.623, StdDev=0.194
[2025-10-19 04:15:45] INFO: [Decision] ACCEPT: Tier 2 - High Score + Strong Consistency (7/7 frames)
[2025-10-19 04:15:45] INFO: [Recognition] Scores: S12342 - wyn=0.593 S13234 - Jin_Rae=0.690 
[2025-10-19 04:15:45] INFO: [Decision] Best=S13234 - Jin_Rae(0.690), 2nd=0.593, Discriminative=0.542, AvgNeg=0.593
[2025-10-19 04:15:45] INFO: [Thresholds] Abs=0.566, Margin=0.123(17.8%), RelMargin=14.1%, Tightness=0.623, StdDev=0.194
[2025-10-19 04:15:45] INFO: [Decision] ACCEPT: Tier 2 - High Score + Strong Consistency (7/7 frames)
[2025-10-19 04:15:45] INFO: [Recognition] Scores: S12342 - wyn=0.575 S13234 - Jin_Rae=0.665 
[2025-10-19 04:15:45] INFO: [Decision] Best=S13234 - Jin_Rae(0.665), 2nd=0.575, Discriminative=0.521, AvgNeg=0.575
[2025-10-19 04:15:45] INFO: [Thresholds] Abs=0.566, Margin=0.123(18.5%), RelMargin=13.5%, Tightness=0.623, StdDev=0.194
[2025-10-19 04:15:45] INFO: [Decision] ACCEPT: Tier 2 - High Score + Strong Consistency (7/7 frames)
[2025-10-19 04:15:45] INFO: [Recognition] Scores: S12342 - wyn=0.565 S13234 - Jin_Rae=0.656 
[2025-10-19 04:15:45] INFO: [Decision] Best=S13234 - Jin_Rae(0.656), 2nd=0.565, Discriminative=0.515, AvgNeg=0.565
[2025-10-19 04:15:45] INFO: [Thresholds] Abs=0.566, Margin=0.123(18.7%), RelMargin=13.8%, Tightness=0.623, StdDev=0.194
[2025-10-19 04:15:45] INFO: [Decision] ACCEPT: Tier 2 - High Score + Strong Consistency (7/7 frames)
[2025-10-19 04:15:46] INFO: [Recognition] Scores: S12342 - wyn=0.634 S13234 - Jin_Rae=0.645 
[2025-10-19 04:15:46] INFO: [Decision] Best=S13234 - Jin_Rae(0.645), 2nd=0.634, Discriminative=0.487, AvgNeg=0.634
[2025-10-19 04:15:46] INFO: [Thresholds] Abs=0.566, Margin=0.123(19.0%), RelMargin=1.8%, Tightness=0.623, StdDev=0.194
[2025-10-19 04:15:46] INFO: [Decision] ACCEPT: Tier 2 - High Score + Strong Consistency (7/7 frames)
[2025-10-19 04:15:46] INFO: [Recognition] Scores: S12342 - wyn=0.571 S13234 - Jin_Rae=0.669 
[2025-10-19 04:15:46] INFO: [Decision] Best=S13234 - Jin_Rae(0.669), 2nd=0.571, Discriminative=0.526, AvgNeg=0.571
[2025-10-19 04:15:46] INFO: [Thresholds] Abs=0.566, Margin=0.123(18.3%), RelMargin=14.7%, Tightness=0.623, StdDev=0.194
[2025-10-19 04:15:46] INFO: [Decision] ACCEPT: Tier 2 - High Score + Strong Consistency (7/7 frames)
[2025-10-19 04:15:46] INFO: [Recognition] Scores: S12342 - wyn=0.574 S13234 - Jin_Rae=0.669 
[2025-10-19 04:15:46] INFO: [Decision] Best=S13234 - Jin_Rae(0.669), 2nd=0.574, Discriminative=0.525, AvgNeg=0.574
[2025-10-19 04:15:46] INFO: [Thresholds] Abs=0.566, Margin=0.123(18.3%), RelMargin=14.2%, Tightness=0.623, StdDev=0.194
[2025-10-19 04:15:46] INFO: [Decision] ACCEPT: Tier 2 - High Score + Strong Consistency (7/7 frames)
[2025-10-19 04:15:46] INFO: [Recognition] Scores: S12342 - wyn=0.587 S13234 - Jin_Rae=0.671 
[2025-10-19 04:15:46] INFO: [Decision] Best=S13234 - Jin_Rae(0.671), 2nd=0.587, Discriminative=0.524, AvgNeg=0.587
[2025-10-19 04:15:46] INFO: [Thresholds] Abs=0.566, Margin=0.123(18.3%), RelMargin=12.5%, Tightness=0.623, StdDev=0.194
[2025-10-19 04:15:46] INFO: [Decision] ACCEPT: Tier 2 - High Score + Strong Consistency (7/7 frames)
[2025-10-19 04:15:46] INFO: [Recognition] Scores: S12342 - wyn=0.654 S13234 - Jin_Rae=0.679 
[2025-10-19 04:15:46] INFO: [Decision] Best=S13234 - Jin_Rae(0.679), 2nd=0.654, Discriminative=0.516, AvgNeg=0.654
[2025-10-19 04:15:46] INFO: [Thresholds] Abs=0.566, Margin=0.123(18.1%), RelMargin=3.7%, Tightness=0.623, StdDev=0.194
[2025-10-19 04:15:46] INFO: [Decision] ACCEPT: Tier 2 - High Score + Strong Consistency (7/7 frames)
[2025-10-19 04:15:47] INFO: [Recognition] Scores: S12342 - wyn=0.669 S13234 - Jin_Rae=0.777 
[2025-10-19 04:15:47] INFO: [Decision] Best=S13234 - Jin_Rae(0.777), 2nd=0.669, Discriminative=0.610, AvgNeg=0.669
[2025-10-19 04:15:47] INFO: [Thresholds] Abs=0.566, Margin=0.123(15.8%), RelMargin=13.9%, Tightness=0.623, StdDev=0.194
[2025-10-19 04:15:47] INFO: [Decision] ACCEPT: Tier 2 - High Score + Strong Consistency (7/7 frames)
[2025-10-19 04:15:47] INFO: [Recognition] Scores: S12342 - wyn=0.653 S13234 - Jin_Rae=0.813 
[2025-10-19 04:15:47] INFO: [Decision] Best=S13234 - Jin_Rae(0.813), 2nd=0.653, Discriminative=0.649, AvgNeg=0.653
[2025-10-19 04:15:47] INFO: [Thresholds] Abs=0.566, Margin=0.123(15.1%), RelMargin=19.6%, Tightness=0.623, StdDev=0.194
[2025-10-19 04:15:47] INFO: [Decision] ACCEPT: Tier 1 - High Score + Strong Margin (15%)
[2025-10-19 04:15:47] INFO: [Recognition] Scores: S12342 - wyn=0.667 S13234 - Jin_Rae=0.846 
[2025-10-19 04:15:47] INFO: [Decision] Best=S13234 - Jin_Rae(0.846), 2nd=0.667, Discriminative=0.679, AvgNeg=0.667
[2025-10-19 04:15:47] INFO: [Thresholds] Abs=0.566, Margin=0.123(14.5%), RelMargin=21.2%, Tightness=0.623, StdDev=0.194
[2025-10-19 04:15:47] INFO: [Decision] ACCEPT: Tier 1 - High Score + Strong Margin (15%)
[2025-10-19 04:15:47] INFO: [Recognition] Scores: S12342 - wyn=0.648 S13234 - Jin_Rae=0.884 
[2025-10-19 04:15:47] INFO: [Decision] Best=S13234 - Jin_Rae(0.884), 2nd=0.648, Discriminative=0.722, AvgNeg=0.648
[2025-10-19 04:15:47] INFO: [Thresholds] Abs=0.566, Margin=0.123(13.9%), RelMargin=26.7%, Tightness=0.623, StdDev=0.194
[2025-10-19 04:15:47] INFO: [Decision] ACCEPT: Tier 1 - High Score + Strong Margin (15%)
[2025-10-19 04:15:47] INFO: [Recognition] Scores: S12342 - wyn=0.560 S13234 - Jin_Rae=0.860 
[2025-10-19 04:15:47] INFO: [Decision] Best=S13234 - Jin_Rae(0.860), 2nd=0.560, Discriminative=0.720, AvgNeg=0.560
[2025-10-19 04:15:47] INFO: [Thresholds] Abs=0.566, Margin=0.123(14.3%), RelMargin=34.8%, Tightness=0.623, StdDev=0.194
[2025-10-19 04:15:47] INFO: [Decision] ACCEPT: Tier 1 - High Score + Strong Margin (15%)
[2025-10-19 04:15:48] INFO: [Recognition] Scores: S12342 - wyn=0.485 S13234 - Jin_Rae=0.817 
[2025-10-19 04:15:48] INFO: [Decision] Best=S13234 - Jin_Rae(0.817), 2nd=0.485, Discriminative=0.696, AvgNeg=0.485
[2025-10-19 04:15:48] INFO: [Thresholds] Abs=0.566, Margin=0.123(15.0%), RelMargin=40.7%, Tightness=0.623, StdDev=0.194
[2025-10-19 04:15:48] INFO: [Decision] ACCEPT: Tier 1 - High Score + Strong Margin (15%)
[2025-10-19 04:15:48] INFO: [Recognition] Scores: S12342 - wyn=0.454 S13234 - Jin_Rae=0.843 
[2025-10-19 04:15:48] INFO: [Decision] Best=S13234 - Jin_Rae(0.843), 2nd=0.454, Discriminative=0.729, AvgNeg=0.454
[2025-10-19 04:15:48] INFO: [Thresholds] Abs=0.566, Margin=0.123(14.6%), RelMargin=46.1%, Tightness=0.623, StdDev=0.194
[2025-10-19 04:15:48] INFO: [Decision] ACCEPT: Tier 1 - High Score + Strong Margin (15%)
[2025-10-19 04:15:48] INFO: [Recognition] Scores: S12342 - wyn=0.438 S13234 - Jin_Rae=0.866 
[2025-10-19 04:15:48] INFO: [Decision] Best=S13234 - Jin_Rae(0.866), 2nd=0.438, Discriminative=0.757, AvgNeg=0.438
[2025-10-19 04:15:48] INFO: [Thresholds] Abs=0.566, Margin=0.123(14.2%), RelMargin=49.5%, Tightness=0.623, StdDev=0.194
[2025-10-19 04:15:48] INFO: [Decision] ACCEPT: Tier 1 - High Score + Strong Margin (15%)
[2025-10-19 04:15:48] INFO: [Recognition] Scores: S12342 - wyn=0.443 S13234 - Jin_Rae=0.867 
[2025-10-19 04:15:48] INFO: [Decision] Best=S13234 - Jin_Rae(0.867), 2nd=0.443, Discriminative=0.757, AvgNeg=0.443
[2025-10-19 04:15:48] INFO: [Thresholds] Abs=0.566, Margin=0.123(14.1%), RelMargin=49.0%, Tightness=0.623, StdDev=0.194
[2025-10-19 04:15:48] INFO: [Decision] ACCEPT: Tier 1 - High Score + Strong Margin (15%)
[2025-10-19 04:15:49] INFO: [Recognition] Scores: S12342 - wyn=0.426 S13234 - Jin_Rae=0.857 
[2025-10-19 04:15:49] INFO: [Decision] Best=S13234 - Jin_Rae(0.857), 2nd=0.426, Discriminative=0.750, AvgNeg=0.426
[2025-10-19 04:15:49] INFO: [Thresholds] Abs=0.566, Margin=0.123(14.3%), RelMargin=50.3%, Tightness=0.623, StdDev=0.194
[2025-10-19 04:15:49] INFO: [Decision] ACCEPT: Tier 1 - High Score + Strong Margin (15%)
[2025-10-19 04:15:49] INFO: [Recognition] Scores: S12342 - wyn=0.463 S13234 - Jin_Rae=0.860 
[2025-10-19 04:15:49] INFO: [Decision] Best=S13234 - Jin_Rae(0.860), 2nd=0.463, Discriminative=0.744, AvgNeg=0.463
[2025-10-19 04:15:49] INFO: [Thresholds] Abs=0.566, Margin=0.123(14.3%), RelMargin=46.1%, Tightness=0.623, StdDev=0.194
[2025-10-19 04:15:49] INFO: [Decision] ACCEPT: Tier 1 - High Score + Strong Margin (15%)
[2025-10-19 04:15:49] INFO: [Recognition] Scores: S12342 - wyn=0.471 S13234 - Jin_Rae=0.850 
[2025-10-19 04:15:49] INFO: [Decision] Best=S13234 - Jin_Rae(0.850), 2nd=0.471, Discriminative=0.733, AvgNeg=0.471
[2025-10-19 04:15:49] INFO: [Thresholds] Abs=0.566, Margin=0.123(14.4%), RelMargin=44.6%, Tightness=0.623, StdDev=0.194
[2025-10-19 04:15:49] INFO: [Decision] ACCEPT: Tier 1 - High Score + Strong Margin (15%)
[2025-10-19 04:15:49] INFO: [Recognition] Scores: S12342 - wyn=0.593 S13234 - Jin_Rae=0.815 
[2025-10-19 04:15:49] INFO: [Decision] Best=S13234 - Jin_Rae(0.815), 2nd=0.593, Discriminative=0.667, AvgNeg=0.593
[2025-10-19 04:15:49] INFO: [Thresholds] Abs=0.566, Margin=0.123(15.0%), RelMargin=27.2%, Tightness=0.623, StdDev=0.194
[2025-10-19 04:15:49] INFO: [Decision] ACCEPT: Tier 1 - High Score + Strong Margin (15%)
[2025-10-19 04:15:49] INFO: [Recognition] Scores: S12342 - wyn=0.602 S13234 - Jin_Rae=0.776 
[2025-10-19 04:15:49] INFO: [Decision] Best=S13234 - Jin_Rae(0.776), 2nd=0.602, Discriminative=0.626, AvgNeg=0.602
[2025-10-19 04:15:49] INFO: [Thresholds] Abs=0.566, Margin=0.123(15.8%), RelMargin=22.4%, Tightness=0.623, StdDev=0.194
[2025-10-19 04:15:49] INFO: [Decision] ACCEPT: Tier 1 - High Score + Strong Margin (15%)
[2025-10-19 04:15:50] INFO: Exiting Face Recognition Demo...
[2025-10-19 04:15:50] INFO: [Recognition] Scores: S12342 - wyn=0.604 S13234 - Jin_Rae=0.763 
[2025-10-19 04:15:50] INFO: [Decision] Best=S13234 - Jin_Rae(0.763), 2nd=0.604, Discriminative=0.612, AvgNeg=0.604
[2025-10-19 04:15:50] INFO: [Thresholds] Abs=0.566, Margin=0.123(16.1%), RelMargin=20.9%, Tightness=0.623, StdDev=0.194
[2025-10-19 04:15:50] INFO: [Decision] ACCEPT: Tier 1 - High Score + Strong Margin (15%)
[2025-10-19 04:15:50] INFO: Exiting Face Recognition Demo...
