[2025-10-19 01:44:26] INFO: Application Logger Initialized.
[2025-10-19 01:44:26] INFO: Configuration and core components loaded.
[2025-10-19 01:44:26] INFO: Configuration loaded from classpath: app.properties
[2025-10-19 01:44:26] INFO: Configuration file loaded
[2025-10-19 01:44:26] INFO: MyGUIProgram Started!
[2025-10-19 01:44:27] INFO: Face embedding model loaded successfully
[2025-10-19 01:44:27] INFO: === Folder debug ===
[2025-10-19 01:44:27] INFO: Found folder: C:\SMU\CS102 Project\FaceRecognitionCS102\data\facedata\S00001_jereme
[2025-10-19 01:44:27] INFO:   Contains: 26 items
[2025-10-19 01:44:27] INFO:   Display label: S00001 - jereme
[2025-10-19 01:44:27] INFO: Found folder: C:\SMU\CS102 Project\FaceRecognitionCS102\data\facedata\S12342_wyn
[2025-10-19 01:44:27] INFO:   Contains: 26 items
[2025-10-19 01:44:27] INFO:   Display label: S12342 - wyn
[2025-10-19 01:44:27] INFO: Found folder: C:\SMU\CS102 Project\FaceRecognitionCS102\data\facedata\S13234_Jin_Rae
[2025-10-19 01:44:27] INFO:   Contains: 26 items
[2025-10-19 01:44:27] INFO:   Display label: S13234 - Jin_Rae
[2025-10-19 01:44:27] INFO: ====================
[2025-10-19 01:44:27] INFO: Person S00001 - jereme: tightness=0.867, stdDev=0.032, absThresh=0.613, margin=0.113
[2025-10-19 01:44:27] INFO: Person S12342 - wyn: tightness=0.884, stdDev=0.020, absThresh=0.612, margin=0.112
[2025-10-19 01:44:27] INFO: Person S13234 - Jin_Rae: tightness=0.883, stdDev=0.039, absThresh=0.612, margin=0.112
[2025-10-19 01:44:27] INFO: DNN face detector loaded successfully for recognition
[2025-10-19 01:44:27] INFO: Attempting to open camera with DSHOW backend...
[2025-10-19 01:44:27] INFO: Camera opened successfully with DSHOW backend
[2025-10-19 01:44:29] INFO: Camera configured: 640x480 @ 30fps with MJPEG codec
[2025-10-19 01:44:29] INFO: Camera initialized successfully
[2025-10-19 01:44:29] INFO: [Recognition] Scores: S00001 - jereme=0.881 S12342 - wyn=0.623 S13234 - Jin_Rae=0.736 
[2025-10-19 01:44:29] INFO: [Decision] Best=S00001 - jereme(0.881), 2nd=0.736, Discriminative=0.643, AvgNeg=0.679
[2025-10-19 01:44:29] INFO: [Thresholds] Abs=0.613, Margin=0.113(12.9%), RelMargin=16.4%, Tightness=0.867, StdDev=0.032
[2025-10-19 01:44:29] INFO: [Decision] ACCEPT: Tier 1 - Absolute + Strong Margin (10%)
[2025-10-19 01:44:30] INFO: [Recognition] Scores: S00001 - jereme=0.892 S12342 - wyn=0.608 S13234 - Jin_Rae=0.719 
[2025-10-19 01:44:30] INFO: [Decision] Best=S00001 - jereme(0.892), 2nd=0.719, Discriminative=0.659, AvgNeg=0.663
[2025-10-19 01:44:30] INFO: [Thresholds] Abs=0.613, Margin=0.113(12.7%), RelMargin=19.4%, Tightness=0.867, StdDev=0.032
[2025-10-19 01:44:30] INFO: [Decision] ACCEPT: Tier 1 - Absolute + Strong Margin (10%)
[2025-10-19 01:44:30] INFO: [Recognition] Scores: S00001 - jereme=0.900 S12342 - wyn=0.641 S13234 - Jin_Rae=0.748 
[2025-10-19 01:44:30] INFO: [Decision] Best=S00001 - jereme(0.900), 2nd=0.748, Discriminative=0.657, AvgNeg=0.695
[2025-10-19 01:44:30] INFO: [Thresholds] Abs=0.613, Margin=0.113(12.6%), RelMargin=16.8%, Tightness=0.867, StdDev=0.032
[2025-10-19 01:44:30] INFO: [Decision] ACCEPT: Tier 1 - Absolute + Strong Margin (10%)
[2025-10-19 01:44:30] INFO: [Recognition] Scores: S00001 - jereme=0.897 S12342 - wyn=0.629 S13234 - Jin_Rae=0.757 
[2025-10-19 01:44:30] INFO: [Decision] Best=S00001 - jereme(0.897), 2nd=0.757, Discriminative=0.655, AvgNeg=0.693
[2025-10-19 01:44:30] INFO: [Thresholds] Abs=0.613, Margin=0.113(12.6%), RelMargin=15.6%, Tightness=0.867, StdDev=0.032
[2025-10-19 01:44:30] INFO: [Decision] ACCEPT: Tier 1 - Absolute + Strong Margin (10%)
[2025-10-19 01:44:30] INFO: [Recognition] Scores: S00001 - jereme=0.898 S12342 - wyn=0.631 S13234 - Jin_Rae=0.746 
[2025-10-19 01:44:30] INFO: [Decision] Best=S00001 - jereme(0.898), 2nd=0.746, Discriminative=0.657, AvgNeg=0.688
[2025-10-19 01:44:30] INFO: [Thresholds] Abs=0.613, Margin=0.113(12.6%), RelMargin=16.9%, Tightness=0.867, StdDev=0.032
[2025-10-19 01:44:30] INFO: [Decision] ACCEPT: Tier 1 - Absolute + Strong Margin (10%)
[2025-10-19 01:44:30] INFO: [Recognition] Scores: S00001 - jereme=0.889 S12342 - wyn=0.621 S13234 - Jin_Rae=0.735 
[2025-10-19 01:44:30] INFO: [Decision] Best=S00001 - jereme(0.889), 2nd=0.735, Discriminative=0.651, AvgNeg=0.678
[2025-10-19 01:44:30] INFO: [Thresholds] Abs=0.613, Margin=0.113(12.7%), RelMargin=17.3%, Tightness=0.867, StdDev=0.032
[2025-10-19 01:44:30] INFO: [Decision] ACCEPT: Tier 1 - Absolute + Strong Margin (10%)
[2025-10-19 01:44:31] INFO: [Recognition] Scores: S00001 - jereme=0.875 S12342 - wyn=0.616 S13234 - Jin_Rae=0.724 
[2025-10-19 01:44:31] INFO: [Decision] Best=S00001 - jereme(0.875), 2nd=0.724, Discriminative=0.641, AvgNeg=0.670
[2025-10-19 01:44:31] INFO: [Thresholds] Abs=0.613, Margin=0.113(12.9%), RelMargin=17.3%, Tightness=0.867, StdDev=0.032
[2025-10-19 01:44:31] INFO: [Decision] ACCEPT: Tier 1 - Absolute + Strong Margin (10%)
[2025-10-19 01:44:31] INFO: [Recognition] Scores: S00001 - jereme=0.883 S12342 - wyn=0.621 S13234 - Jin_Rae=0.717 
[2025-10-19 01:44:31] INFO: [Decision] Best=S00001 - jereme(0.883), 2nd=0.717, Discriminative=0.649, AvgNeg=0.669
[2025-10-19 01:44:31] INFO: [Thresholds] Abs=0.613, Margin=0.113(12.8%), RelMargin=18.8%, Tightness=0.867, StdDev=0.032
[2025-10-19 01:44:31] INFO: [Decision] ACCEPT: Tier 1 - Absolute + Strong Margin (10%)
[2025-10-19 01:44:31] INFO: [Recognition] Scores: S00001 - jereme=0.931 S12342 - wyn=0.657 S13234 - Jin_Rae=0.726 
[2025-10-19 01:44:31] INFO: [Decision] Best=S00001 - jereme(0.931), 2nd=0.726, Discriminative=0.689, AvgNeg=0.692
[2025-10-19 01:44:31] INFO: [Thresholds] Abs=0.613, Margin=0.113(12.2%), RelMargin=22.0%, Tightness=0.867, StdDev=0.032
[2025-10-19 01:44:31] INFO: [Decision] ACCEPT: Tier 1 - Absolute + Strong Margin (10%)
[2025-10-19 01:44:31] INFO: [Recognition] Scores: S00001 - jereme=0.896 S12342 - wyn=0.630 S13234 - Jin_Rae=0.767 
[2025-10-19 01:44:31] INFO: [Decision] Best=S00001 - jereme(0.896), 2nd=0.767, Discriminative=0.652, AvgNeg=0.699
[2025-10-19 01:44:31] INFO: [Thresholds] Abs=0.613, Margin=0.113(12.6%), RelMargin=14.4%, Tightness=0.867, StdDev=0.032
[2025-10-19 01:44:31] INFO: [Decision] ACCEPT: Tier 1 - Absolute + Strong Margin (10%)
[2025-10-19 01:44:32] INFO: [Recognition] Scores: S00001 - jereme=0.887 S12342 - wyn=0.620 S13234 - Jin_Rae=0.740 
[2025-10-19 01:44:32] INFO: [Decision] Best=S00001 - jereme(0.887), 2nd=0.740, Discriminative=0.649, AvgNeg=0.680
[2025-10-19 01:44:32] INFO: [Thresholds] Abs=0.613, Margin=0.113(12.8%), RelMargin=16.6%, Tightness=0.867, StdDev=0.032
[2025-10-19 01:44:32] INFO: [Decision] ACCEPT: Tier 1 - Absolute + Strong Margin (10%)
[2025-10-19 01:44:32] INFO: [Recognition] Scores: S00001 - jereme=0.885 S12342 - wyn=0.643 S13234 - Jin_Rae=0.761 
[2025-10-19 01:44:32] INFO: [Decision] Best=S00001 - jereme(0.885), 2nd=0.761, Discriminative=0.640, AvgNeg=0.702
[2025-10-19 01:44:32] INFO: [Thresholds] Abs=0.613, Margin=0.113(12.8%), RelMargin=14.1%, Tightness=0.867, StdDev=0.032
[2025-10-19 01:44:32] INFO: [Decision] ACCEPT: Tier 1 - Absolute + Strong Margin (10%)
[2025-10-19 01:44:32] INFO: [Recognition] Scores: S00001 - jereme=0.870 S12342 - wyn=0.630 S13234 - Jin_Rae=0.764 
[2025-10-19 01:44:32] INFO: [Decision] Best=S00001 - jereme(0.870), 2nd=0.764, Discriminative=0.626, AvgNeg=0.697
[2025-10-19 01:44:32] INFO: [Thresholds] Abs=0.613, Margin=0.113(13.0%), RelMargin=12.2%, Tightness=0.867, StdDev=0.032
[2025-10-19 01:44:32] INFO: [Decision] ACCEPT: Tier 1 - Absolute + Strong Margin (10%)
[2025-10-19 01:44:32] INFO: [Recognition] Scores: S00001 - jereme=0.912 S12342 - wyn=0.705 S13234 - Jin_Rae=0.765 
[2025-10-19 01:44:32] INFO: [Decision] Best=S00001 - jereme(0.912), 2nd=0.765, Discriminative=0.654, AvgNeg=0.735
[2025-10-19 01:44:32] INFO: [Thresholds] Abs=0.613, Margin=0.113(12.4%), RelMargin=16.1%, Tightness=0.867, StdDev=0.032
[2025-10-19 01:44:32] INFO: [Decision] ACCEPT: Tier 1 - Absolute + Strong Margin (10%)
[2025-10-19 01:44:33] INFO: [Recognition] Scores: S00001 - jereme=0.871 S12342 - wyn=0.729 S13234 - Jin_Rae=0.796 
[2025-10-19 01:44:33] INFO: [Decision] Best=S00001 - jereme(0.871), 2nd=0.796, Discriminative=0.604, AvgNeg=0.762
[2025-10-19 01:44:33] INFO: [Thresholds] Abs=0.613, Margin=0.113(13.0%), RelMargin=8.6%, Tightness=0.867, StdDev=0.032
[2025-10-19 01:44:33] INFO: [Decision] ACCEPT: Tier 2 - Absolute + Consistency (8 frames)
[2025-10-19 01:44:33] INFO: [Recognition] Scores: S00001 - jereme=0.868 S12342 - wyn=0.683 S13234 - Jin_Rae=0.779 
[2025-10-19 01:44:33] INFO: [Decision] Best=S00001 - jereme(0.868), 2nd=0.779, Discriminative=0.612, AvgNeg=0.731
[2025-10-19 01:44:33] INFO: [Thresholds] Abs=0.613, Margin=0.113(13.1%), RelMargin=10.2%, Tightness=0.867, StdDev=0.032
[2025-10-19 01:44:33] INFO: [Decision] ACCEPT: Tier 1 - Absolute + Strong Margin (10%)
[2025-10-19 01:44:33] INFO: [Recognition] Scores: S00001 - jereme=0.863 S12342 - wyn=0.688 S13234 - Jin_Rae=0.773 
[2025-10-19 01:44:33] INFO: [Decision] Best=S00001 - jereme(0.863), 2nd=0.773, Discriminative=0.608, AvgNeg=0.730
[2025-10-19 01:44:33] INFO: [Thresholds] Abs=0.613, Margin=0.113(13.1%), RelMargin=10.5%, Tightness=0.867, StdDev=0.032
[2025-10-19 01:44:33] INFO: [Decision] ACCEPT: Tier 1 - Absolute + Strong Margin (10%)
[2025-10-19 01:44:33] INFO: [Recognition] Scores: S00001 - jereme=0.867 S12342 - wyn=0.698 S13234 - Jin_Rae=0.773 
[2025-10-19 01:44:33] INFO: [Decision] Best=S00001 - jereme(0.867), 2nd=0.773, Discriminative=0.610, AvgNeg=0.735
[2025-10-19 01:44:33] INFO: [Thresholds] Abs=0.613, Margin=0.113(13.1%), RelMargin=10.9%, Tightness=0.867, StdDev=0.032
[2025-10-19 01:44:33] INFO: [Decision] ACCEPT: Tier 1 - Absolute + Strong Margin (10%)
[2025-10-19 01:44:34] INFO: [Recognition] Scores: S00001 - jereme=0.853 S12342 - wyn=0.691 S13234 - Jin_Rae=0.771 
[2025-10-19 01:44:34] INFO: [Decision] Best=S00001 - jereme(0.853), 2nd=0.771, Discriminative=0.597, AvgNeg=0.731
[2025-10-19 01:44:34] INFO: [Thresholds] Abs=0.613, Margin=0.113(13.3%), RelMargin=9.6%, Tightness=0.867, StdDev=0.032
[2025-10-19 01:44:34] INFO: [Decision] ACCEPT: Tier 2 - Absolute + Consistency (8 frames)
[2025-10-19 01:44:34] INFO: [Recognition] Scores: S00001 - jereme=0.842 S12342 - wyn=0.679 S13234 - Jin_Rae=0.797 
[2025-10-19 01:44:34] INFO: [Decision] Best=S00001 - jereme(0.842), 2nd=0.797, Discriminative=0.584, AvgNeg=0.738
[2025-10-19 01:44:34] INFO: [Thresholds] Abs=0.613, Margin=0.113(13.5%), RelMargin=5.4%, Tightness=0.867, StdDev=0.032
[2025-10-19 01:44:34] INFO: [Decision] ACCEPT: Tier 2 - Absolute + Consistency (8 frames)
[2025-10-19 01:44:34] INFO: [Recognition] Scores: S00001 - jereme=0.858 S12342 - wyn=0.684 S13234 - Jin_Rae=0.775 
[2025-10-19 01:44:34] INFO: [Decision] Best=S00001 - jereme(0.858), 2nd=0.775, Discriminative=0.603, AvgNeg=0.730
[2025-10-19 01:44:34] INFO: [Thresholds] Abs=0.613, Margin=0.113(13.2%), RelMargin=9.7%, Tightness=0.867, StdDev=0.032
[2025-10-19 01:44:34] INFO: [Decision] ACCEPT: Tier 2 - Absolute + Consistency (8 frames)
[2025-10-19 01:44:34] INFO: [Recognition] Scores: S00001 - jereme=0.853 S12342 - wyn=0.682 S13234 - Jin_Rae=0.773 
[2025-10-19 01:44:34] INFO: [Decision] Best=S00001 - jereme(0.853), 2nd=0.773, Discriminative=0.599, AvgNeg=0.728
[2025-10-19 01:44:34] INFO: [Thresholds] Abs=0.613, Margin=0.113(13.3%), RelMargin=9.4%, Tightness=0.867, StdDev=0.032
[2025-10-19 01:44:34] INFO: [Decision] ACCEPT: Tier 2 - Absolute + Consistency (8 frames)
[2025-10-19 01:44:35] INFO: [Recognition] Scores: S00001 - jereme=0.858 S12342 - wyn=0.669 S13234 - Jin_Rae=0.771 
[2025-10-19 01:44:35] INFO: [Decision] Best=S00001 - jereme(0.858), 2nd=0.771, Discriminative=0.606, AvgNeg=0.720
[2025-10-19 01:44:35] INFO: [Thresholds] Abs=0.613, Margin=0.113(13.2%), RelMargin=10.2%, Tightness=0.867, StdDev=0.032
[2025-10-19 01:44:35] INFO: [Decision] ACCEPT: Tier 1 - Absolute + Strong Margin (10%)
[2025-10-19 01:44:35] INFO: [Recognition] Scores: S00001 - jereme=0.861 S12342 - wyn=0.660 S13234 - Jin_Rae=0.761 
[2025-10-19 01:44:35] INFO: [Decision] Best=S00001 - jereme(0.861), 2nd=0.761, Discriminative=0.612, AvgNeg=0.710
[2025-10-19 01:44:35] INFO: [Thresholds] Abs=0.613, Margin=0.113(13.2%), RelMargin=11.6%, Tightness=0.867, StdDev=0.032
[2025-10-19 01:44:35] INFO: [Decision] ACCEPT: Tier 1 - Absolute + Strong Margin (10%)
[2025-10-19 01:44:35] INFO: [Recognition] Scores: S00001 - jereme=0.881 S12342 - wyn=0.642 S13234 - Jin_Rae=0.739 
[2025-10-19 01:44:35] INFO: [Decision] Best=S00001 - jereme(0.881), 2nd=0.739, Discriminative=0.639, AvgNeg=0.690
[2025-10-19 01:44:35] INFO: [Thresholds] Abs=0.613, Margin=0.113(12.9%), RelMargin=16.1%, Tightness=0.867, StdDev=0.032
[2025-10-19 01:44:35] INFO: [Decision] ACCEPT: Tier 1 - Absolute + Strong Margin (10%)
[2025-10-19 01:44:35] INFO: [Recognition] Scores: S00001 - jereme=0.868 S12342 - wyn=0.603 S13234 - Jin_Rae=0.711 
[2025-10-19 01:44:35] INFO: [Decision] Best=S00001 - jereme(0.868), 2nd=0.711, Discriminative=0.638, AvgNeg=0.657
[2025-10-19 01:44:35] INFO: [Thresholds] Abs=0.613, Margin=0.113(13.0%), RelMargin=18.1%, Tightness=0.867, StdDev=0.032
[2025-10-19 01:44:35] INFO: [Decision] ACCEPT: Tier 1 - Absolute + Strong Margin (10%)
[2025-10-19 01:44:35] INFO: [Recognition] Scores: S00001 - jereme=0.856 S12342 - wyn=0.615 S13234 - Jin_Rae=0.821 
[2025-10-19 01:44:35] INFO: [Decision] Best=S00001 - jereme(0.856), 2nd=0.821, Discriminative=0.605, AvgNeg=0.718
[2025-10-19 01:44:35] INFO: [Thresholds] Abs=0.613, Margin=0.113(13.2%), RelMargin=4.1%, Tightness=0.867, StdDev=0.032
[2025-10-19 01:44:35] INFO: [Decision] ACCEPT: Tier 2 - Absolute + Consistency (8 frames)
[2025-10-19 01:44:36] INFO: [Recognition] Scores: S00001 - jereme=0.849 S12342 - wyn=0.580 S13234 - Jin_Rae=0.717 
[2025-10-19 01:44:36] INFO: [Decision] Best=S00001 - jereme(0.849), 2nd=0.717, Discriminative=0.622, AvgNeg=0.648
[2025-10-19 01:44:36] INFO: [Thresholds] Abs=0.613, Margin=0.113(13.3%), RelMargin=15.5%, Tightness=0.867, StdDev=0.032
[2025-10-19 01:44:36] INFO: [Decision] ACCEPT: Tier 1 - Absolute + Strong Margin (10%)
[2025-10-19 01:44:36] INFO: [Recognition] Scores: S00001 - jereme=0.905 S12342 - wyn=0.673 S13234 - Jin_Rae=0.725 
[2025-10-19 01:44:36] INFO: [Decision] Best=S00001 - jereme(0.905), 2nd=0.725, Discriminative=0.660, AvgNeg=0.699
[2025-10-19 01:44:36] INFO: [Thresholds] Abs=0.613, Margin=0.113(12.5%), RelMargin=19.9%, Tightness=0.867, StdDev=0.032
[2025-10-19 01:44:36] INFO: [Decision] ACCEPT: Tier 1 - Absolute + Strong Margin (10%)
[2025-10-19 01:44:36] INFO: [Recognition] Scores: S00001 - jereme=0.866 S12342 - wyn=0.611 S13234 - Jin_Rae=0.804 
[2025-10-19 01:44:36] INFO: [Decision] Best=S00001 - jereme(0.866), 2nd=0.804, Discriminative=0.619, AvgNeg=0.707
[2025-10-19 01:44:36] INFO: [Thresholds] Abs=0.613, Margin=0.113(13.1%), RelMargin=7.3%, Tightness=0.867, StdDev=0.032
[2025-10-19 01:44:36] INFO: [Decision] ACCEPT: Tier 2 - Absolute + Consistency (8 frames)
[2025-10-19 01:44:36] INFO: [Recognition] Scores: S00001 - jereme=0.887 S12342 - wyn=0.646 S13234 - Jin_Rae=0.803 
[2025-10-19 01:44:36] INFO: [Decision] Best=S00001 - jereme(0.887), 2nd=0.803, Discriminative=0.633, AvgNeg=0.724
[2025-10-19 01:44:36] INFO: [Thresholds] Abs=0.613, Margin=0.113(12.8%), RelMargin=9.5%, Tightness=0.867, StdDev=0.032
[2025-10-19 01:44:36] INFO: [Decision] ACCEPT: Tier 2 - Absolute + Consistency (8 frames)
[2025-10-19 01:44:37] INFO: [Recognition] Scores: S00001 - jereme=0.896 S12342 - wyn=0.681 S13234 - Jin_Rae=0.788 
[2025-10-19 01:44:37] INFO: [Decision] Best=S00001 - jereme(0.896), 2nd=0.788, Discriminative=0.639, AvgNeg=0.735
[2025-10-19 01:44:37] INFO: [Thresholds] Abs=0.613, Margin=0.113(12.6%), RelMargin=12.0%, Tightness=0.867, StdDev=0.032
[2025-10-19 01:44:37] INFO: [Decision] ACCEPT: Tier 1 - Absolute + Strong Margin (10%)
[2025-10-19 01:44:37] INFO: [Recognition] Scores: S00001 - jereme=0.903 S12342 - wyn=0.677 S13234 - Jin_Rae=0.796 
[2025-10-19 01:44:37] INFO: [Decision] Best=S00001 - jereme(0.903), 2nd=0.796, Discriminative=0.646, AvgNeg=0.736
[2025-10-19 01:44:37] INFO: [Thresholds] Abs=0.613, Margin=0.113(12.5%), RelMargin=11.9%, Tightness=0.867, StdDev=0.032
[2025-10-19 01:44:37] INFO: [Decision] ACCEPT: Tier 1 - Absolute + Strong Margin (10%)
[2025-10-19 01:44:37] INFO: [Recognition] Scores: S00001 - jereme=0.904 S12342 - wyn=0.681 S13234 - Jin_Rae=0.790 
[2025-10-19 01:44:37] INFO: [Decision] Best=S00001 - jereme(0.904), 2nd=0.790, Discriminative=0.646, AvgNeg=0.736
[2025-10-19 01:44:37] INFO: [Thresholds] Abs=0.613, Margin=0.113(12.5%), RelMargin=12.6%, Tightness=0.867, StdDev=0.032
[2025-10-19 01:44:37] INFO: [Decision] ACCEPT: Tier 1 - Absolute + Strong Margin (10%)
[2025-10-19 01:44:37] INFO: [Recognition] Scores: S00001 - jereme=0.910 S12342 - wyn=0.669 S13234 - Jin_Rae=0.769 
[2025-10-19 01:44:37] INFO: [Decision] Best=S00001 - jereme(0.910), 2nd=0.769, Discriminative=0.659, AvgNeg=0.719
[2025-10-19 01:44:37] INFO: [Thresholds] Abs=0.613, Margin=0.113(12.4%), RelMargin=15.5%, Tightness=0.867, StdDev=0.032
[2025-10-19 01:44:37] INFO: [Decision] ACCEPT: Tier 1 - Absolute + Strong Margin (10%)
[2025-10-19 01:44:38] INFO: [Recognition] Scores: S00001 - jereme=0.893 S12342 - wyn=0.661 S13234 - Jin_Rae=0.758 
[2025-10-19 01:44:38] INFO: [Decision] Best=S00001 - jereme(0.893), 2nd=0.758, Discriminative=0.645, AvgNeg=0.709
[2025-10-19 01:44:38] INFO: [Thresholds] Abs=0.613, Margin=0.113(12.7%), RelMargin=15.2%, Tightness=0.867, StdDev=0.032
[2025-10-19 01:44:38] INFO: [Decision] ACCEPT: Tier 1 - Absolute + Strong Margin (10%)
[2025-10-19 01:44:38] INFO: [Recognition] Scores: S00001 - jereme=0.909 S12342 - wyn=0.707 S13234 - Jin_Rae=0.793 
[2025-10-19 01:44:38] INFO: [Decision] Best=S00001 - jereme(0.909), 2nd=0.793, Discriminative=0.646, AvgNeg=0.750
[2025-10-19 01:44:38] INFO: [Thresholds] Abs=0.613, Margin=0.113(12.5%), RelMargin=12.7%, Tightness=0.867, StdDev=0.032
[2025-10-19 01:44:38] INFO: [Decision] ACCEPT: Tier 1 - Absolute + Strong Margin (10%)
[2025-10-19 01:44:38] INFO: [Recognition] Scores: S00001 - jereme=0.911 S12342 - wyn=0.688 S13234 - Jin_Rae=0.857 
[2025-10-19 01:44:38] INFO: [Decision] Best=S00001 - jereme(0.911), 2nd=0.857, Discriminative=0.640, AvgNeg=0.773
[2025-10-19 01:44:38] INFO: [Thresholds] Abs=0.613, Margin=0.113(12.4%), RelMargin=5.9%, Tightness=0.867, StdDev=0.032
[2025-10-19 01:44:38] INFO: [Decision] ACCEPT: Tier 2 - Absolute + Consistency (8 frames)
[2025-10-19 01:44:38] INFO: [Recognition] Scores: S00001 - jereme=0.900 S12342 - wyn=0.654 S13234 - Jin_Rae=0.818 
[2025-10-19 01:44:38] INFO: [Decision] Best=S00001 - jereme(0.900), 2nd=0.818, Discriminative=0.642, AvgNeg=0.736
[2025-10-19 01:44:38] INFO: [Thresholds] Abs=0.613, Margin=0.113(12.6%), RelMargin=9.1%, Tightness=0.867, StdDev=0.032
[2025-10-19 01:44:38] INFO: [Decision] ACCEPT: Tier 2 - Absolute + Consistency (8 frames)
[2025-10-19 01:44:39] INFO: [Recognition] Scores: S00001 - jereme=0.886 S12342 - wyn=0.632 S13234 - Jin_Rae=0.817 
[2025-10-19 01:44:39] INFO: [Decision] Best=S00001 - jereme(0.886), 2nd=0.817, Discriminative=0.633, AvgNeg=0.724
[2025-10-19 01:44:39] INFO: [Thresholds] Abs=0.613, Margin=0.113(12.8%), RelMargin=7.9%, Tightness=0.867, StdDev=0.032
[2025-10-19 01:44:39] INFO: [Decision] ACCEPT: Tier 2 - Absolute + Consistency (8 frames)
[2025-10-19 01:44:39] INFO: [Recognition] Scores: S00001 - jereme=0.881 S12342 - wyn=0.605 S13234 - Jin_Rae=0.793 
[2025-10-19 01:44:39] INFO: [Decision] Best=S00001 - jereme(0.881), 2nd=0.793, Discriminative=0.636, AvgNeg=0.699
[2025-10-19 01:44:39] INFO: [Thresholds] Abs=0.613, Margin=0.113(12.9%), RelMargin=10.0%, Tightness=0.867, StdDev=0.032
[2025-10-19 01:44:39] INFO: [Decision] ACCEPT: Tier 2 - Absolute + Consistency (8 frames)
[2025-10-19 01:44:39] INFO: [Recognition] Scores: S00001 - jereme=0.875 S12342 - wyn=0.580 S13234 - Jin_Rae=0.752 
[2025-10-19 01:44:39] INFO: [Decision] Best=S00001 - jereme(0.875), 2nd=0.752, Discriminative=0.642, AvgNeg=0.666
[2025-10-19 01:44:39] INFO: [Thresholds] Abs=0.613, Margin=0.113(12.9%), RelMargin=14.1%, Tightness=0.867, StdDev=0.032
[2025-10-19 01:44:39] INFO: [Decision] ACCEPT: Tier 1 - Absolute + Strong Margin (10%)
[2025-10-19 01:44:39] INFO: [Recognition] Scores: S00001 - jereme=0.911 S12342 - wyn=0.647 S13234 - Jin_Rae=0.696 
[2025-10-19 01:44:39] INFO: [Decision] Best=S00001 - jereme(0.911), 2nd=0.696, Discriminative=0.676, AvgNeg=0.672
[2025-10-19 01:44:39] INFO: [Thresholds] Abs=0.613, Margin=0.113(12.4%), RelMargin=23.6%, Tightness=0.867, StdDev=0.032
[2025-10-19 01:44:39] INFO: [Decision] ACCEPT: Tier 1 - Absolute + Strong Margin (10%)
[2025-10-19 01:44:40] INFO: [Recognition] Scores: S00001 - jereme=0.900 S12342 - wyn=0.622 S13234 - Jin_Rae=0.822 
[2025-10-19 01:44:40] INFO: [Decision] Best=S00001 - jereme(0.900), 2nd=0.822, Discriminative=0.647, AvgNeg=0.722
[2025-10-19 01:44:40] INFO: [Thresholds] Abs=0.613, Margin=0.113(12.6%), RelMargin=8.7%, Tightness=0.867, StdDev=0.032
[2025-10-19 01:44:40] INFO: [Decision] ACCEPT: Tier 2 - Absolute + Consistency (8 frames)
[2025-10-19 01:44:40] INFO: [Recognition] Scores: S00001 - jereme=0.908 S12342 - wyn=0.618 S13234 - Jin_Rae=0.783 
[2025-10-19 01:44:40] INFO: [Decision] Best=S00001 - jereme(0.908), 2nd=0.783, Discriminative=0.663, AvgNeg=0.700
[2025-10-19 01:44:40] INFO: [Thresholds] Abs=0.613, Margin=0.113(12.5%), RelMargin=13.8%, Tightness=0.867, StdDev=0.032
[2025-10-19 01:44:40] INFO: [Decision] ACCEPT: Tier 1 - Absolute + Strong Margin (10%)
[2025-10-19 01:44:40] INFO: [Recognition] Scores: S00001 - jereme=0.902 S12342 - wyn=0.637 S13234 - Jin_Rae=0.796 
[2025-10-19 01:44:40] INFO: [Decision] Best=S00001 - jereme(0.902), 2nd=0.796, Discriminative=0.651, AvgNeg=0.717
[2025-10-19 01:44:40] INFO: [Thresholds] Abs=0.613, Margin=0.113(12.6%), RelMargin=11.7%, Tightness=0.867, StdDev=0.032
[2025-10-19 01:44:40] INFO: [Decision] ACCEPT: Tier 1 - Absolute + Strong Margin (10%)
[2025-10-19 01:44:40] INFO: [Recognition] Scores: S00001 - jereme=0.897 S12342 - wyn=0.682 S13234 - Jin_Rae=0.786 
[2025-10-19 01:44:40] INFO: [Decision] Best=S00001 - jereme(0.897), 2nd=0.786, Discriminative=0.640, AvgNeg=0.734
[2025-10-19 01:44:40] INFO: [Thresholds] Abs=0.613, Margin=0.113(12.6%), RelMargin=12.4%, Tightness=0.867, StdDev=0.032
[2025-10-19 01:44:40] INFO: [Decision] ACCEPT: Tier 1 - Absolute + Strong Margin (10%)
[2025-10-19 01:44:41] INFO: [Recognition] Scores: S00001 - jereme=0.894 S12342 - wyn=0.663 S13234 - Jin_Rae=0.800 
[2025-10-19 01:44:41] INFO: [Decision] Best=S00001 - jereme(0.894), 2nd=0.800, Discriminative=0.638, AvgNeg=0.731
[2025-10-19 01:44:41] INFO: [Thresholds] Abs=0.613, Margin=0.113(12.7%), RelMargin=10.5%, Tightness=0.867, StdDev=0.032
[2025-10-19 01:44:41] INFO: [Decision] ACCEPT: Tier 1 - Absolute + Strong Margin (10%)
[2025-10-19 01:44:41] INFO: [Recognition] Scores: S00001 - jereme=0.883 S12342 - wyn=0.646 S13234 - Jin_Rae=0.787 
[2025-10-19 01:44:41] INFO: [Decision] Best=S00001 - jereme(0.883), 2nd=0.787, Discriminative=0.632, AvgNeg=0.716
[2025-10-19 01:44:41] INFO: [Thresholds] Abs=0.613, Margin=0.113(12.8%), RelMargin=10.9%, Tightness=0.867, StdDev=0.032
[2025-10-19 01:44:41] INFO: [Decision] ACCEPT: Tier 1 - Absolute + Strong Margin (10%)
[2025-10-19 01:44:41] INFO: [Recognition] Scores: S00001 - jereme=0.889 S12342 - wyn=0.648 S13234 - Jin_Rae=0.791 
[2025-10-19 01:44:41] INFO: [Decision] Best=S00001 - jereme(0.889), 2nd=0.791, Discriminative=0.637, AvgNeg=0.719
[2025-10-19 01:44:41] INFO: [Thresholds] Abs=0.613, Margin=0.113(12.7%), RelMargin=11.0%, Tightness=0.867, StdDev=0.032
[2025-10-19 01:44:41] INFO: [Decision] ACCEPT: Tier 1 - Absolute + Strong Margin (10%)
[2025-10-19 01:44:41] INFO: [Recognition] Scores: S00001 - jereme=0.900 S12342 - wyn=0.663 S13234 - Jin_Rae=0.779 
[2025-10-19 01:44:41] INFO: [Decision] Best=S00001 - jereme(0.900), 2nd=0.779, Discriminative=0.648, AvgNeg=0.721
[2025-10-19 01:44:41] INFO: [Thresholds] Abs=0.613, Margin=0.113(12.6%), RelMargin=13.5%, Tightness=0.867, StdDev=0.032
[2025-10-19 01:44:41] INFO: [Decision] ACCEPT: Tier 1 - Absolute + Strong Margin (10%)
[2025-10-19 01:44:42] INFO: [Recognition] Scores: S00001 - jereme=0.898 S12342 - wyn=0.694 S13234 - Jin_Rae=0.771 
[2025-10-19 01:44:42] INFO: [Decision] Best=S00001 - jereme(0.898), 2nd=0.771, Discriminative=0.642, AvgNeg=0.733
[2025-10-19 01:44:42] INFO: [Thresholds] Abs=0.613, Margin=0.113(12.6%), RelMargin=14.1%, Tightness=0.867, StdDev=0.032
[2025-10-19 01:44:42] INFO: [Decision] ACCEPT: Tier 1 - Absolute + Strong Margin (10%)
[2025-10-19 01:44:42] INFO: [Recognition] Scores: S00001 - jereme=0.917 S12342 - wyn=0.689 S13234 - Jin_Rae=0.768 
[2025-10-19 01:44:42] INFO: [Decision] Best=S00001 - jereme(0.917), 2nd=0.768, Discriminative=0.662, AvgNeg=0.729
[2025-10-19 01:44:42] INFO: [Thresholds] Abs=0.613, Margin=0.113(12.4%), RelMargin=16.2%, Tightness=0.867, StdDev=0.032
[2025-10-19 01:44:42] INFO: [Decision] ACCEPT: Tier 1 - Absolute + Strong Margin (10%)
[2025-10-19 01:44:42] INFO: [Recognition] Scores: S00001 - jereme=0.902 S12342 - wyn=0.670 S13234 - Jin_Rae=0.786 
[2025-10-19 01:44:42] INFO: [Decision] Best=S00001 - jereme(0.902), 2nd=0.786, Discriminative=0.647, AvgNeg=0.728
[2025-10-19 01:44:42] INFO: [Thresholds] Abs=0.613, Margin=0.113(12.6%), RelMargin=12.9%, Tightness=0.867, StdDev=0.032
[2025-10-19 01:44:42] INFO: [Decision] ACCEPT: Tier 1 - Absolute + Strong Margin (10%)
[2025-10-19 01:44:42] INFO: [Recognition] Scores: S00001 - jereme=0.900 S12342 - wyn=0.670 S13234 - Jin_Rae=0.769 
[2025-10-19 01:44:42] INFO: [Decision] Best=S00001 - jereme(0.900), 2nd=0.769, Discriminative=0.649, AvgNeg=0.719
[2025-10-19 01:44:42] INFO: [Thresholds] Abs=0.613, Margin=0.113(12.6%), RelMargin=14.6%, Tightness=0.867, StdDev=0.032
[2025-10-19 01:44:42] INFO: [Decision] ACCEPT: Tier 1 - Absolute + Strong Margin (10%)
[2025-10-19 01:44:43] INFO: [Recognition] Scores: S00001 - jereme=0.900 S12342 - wyn=0.659 S13234 - Jin_Rae=0.765 
[2025-10-19 01:44:43] INFO: [Decision] Best=S00001 - jereme(0.900), 2nd=0.765, Discriminative=0.651, AvgNeg=0.712
[2025-10-19 01:44:43] INFO: [Thresholds] Abs=0.613, Margin=0.113(12.6%), RelMargin=14.9%, Tightness=0.867, StdDev=0.032
[2025-10-19 01:44:43] INFO: [Decision] ACCEPT: Tier 1 - Absolute + Strong Margin (10%)
[2025-10-19 01:44:43] INFO: [Recognition] Scores: S00001 - jereme=0.905 S12342 - wyn=0.715 S13234 - Jin_Rae=0.774 
[2025-10-19 01:44:43] INFO: [Decision] Best=S00001 - jereme(0.905), 2nd=0.774, Discriminative=0.645, AvgNeg=0.744
[2025-10-19 01:44:43] INFO: [Thresholds] Abs=0.613, Margin=0.113(12.5%), RelMargin=14.5%, Tightness=0.867, StdDev=0.032
[2025-10-19 01:44:43] INFO: [Decision] ACCEPT: Tier 1 - Absolute + Strong Margin (10%)
[2025-10-19 01:44:43] INFO: [Recognition] Scores: S00001 - jereme=0.906 S12342 - wyn=0.729 S13234 - Jin_Rae=0.775 
[2025-10-19 01:44:43] INFO: [Decision] Best=S00001 - jereme(0.906), 2nd=0.775, Discriminative=0.643, AvgNeg=0.752
[2025-10-19 01:44:43] INFO: [Thresholds] Abs=0.613, Margin=0.113(12.5%), RelMargin=14.5%, Tightness=0.867, StdDev=0.032
[2025-10-19 01:44:43] INFO: [Decision] ACCEPT: Tier 1 - Absolute + Strong Margin (10%)
[2025-10-19 01:44:43] INFO: Exiting Face Recognition Demo...
[2025-10-19 01:44:43] INFO: [Recognition] Scores: S00001 - jereme=0.917 S12342 - wyn=0.681 S13234 - Jin_Rae=0.767 
[2025-10-19 01:44:43] INFO: [Decision] Best=S00001 - jereme(0.917), 2nd=0.767, Discriminative=0.664, AvgNeg=0.724
[2025-10-19 01:44:43] INFO: [Thresholds] Abs=0.613, Margin=0.113(12.3%), RelMargin=16.4%, Tightness=0.867, StdDev=0.032
[2025-10-19 01:44:43] INFO: [Decision] ACCEPT: Tier 1 - Absolute + Strong Margin (10%)
[2025-10-19 01:44:43] INFO: Exiting Face Recognition Demo...
