[2025-10-19 23:18:55] INFO: Application Logger Initialized.
[2025-10-19 23:18:55] INFO: Configuration and core components loaded.
[2025-10-19 23:18:55] INFO: Configuration loaded from classpath: app.properties
[2025-10-19 23:18:55] INFO: Configuration file loaded
[2025-10-19 23:18:55] INFO: MyGUIProgram Started!
[2025-10-19 23:18:56] INFO: Face embedding model loaded successfully
[2025-10-19 23:18:56] INFO: === Folder debug ===
[2025-10-19 23:18:56] INFO: Found folder: C:\SMU\CS102 Project\FaceRecognitionCS102\data\facedata\S13234_Jin_Rae
[2025-10-19 23:18:56] INFO:   Contains: 38 items
[2025-10-19 23:18:56] INFO:   Display label: S13234 - Jin_Rae
[2025-10-19 23:18:56] INFO: ====================
[2025-10-19 23:18:56] INFO: Person S13234 - Jin_Rae: tightness=0.864, stdDev=0.044, absThresh=0.614, margin=0.114
[2025-10-19 23:18:56] INFO: DNN face detector loaded successfully for recognition
[2025-10-19 23:18:56] INFO: Attempting to open camera with DSHOW backend...
[2025-10-19 23:18:57] INFO: Camera opened successfully with DSHOW backend
[2025-10-19 23:18:58] INFO: Camera configured: 640x480 @ 30fps with MJPEG codec
[2025-10-19 23:18:58] INFO: Camera initialized successfully
[2025-10-19 23:18:59] INFO: [Recognition] Scores: S13234 - Jin_Rae=0.765 
[2025-10-19 23:18:59] INFO: [Decision] Best=S13234 - Jin_Rae(0.765), 2nd=0.000, Discriminative=0.765, AvgNeg=0.000
[2025-10-19 23:18:59] INFO: [Thresholds] Abs=0.614, Margin=0.114(14.9%), RelMargin=100.0%, Tightness=0.864, StdDev=0.044
[2025-10-19 23:18:59] INFO: [Decision] ACCEPT: Primary thresholds met (abs + margin + relative)
[2025-10-19 23:18:59] INFO: [Recognition] Scores: S13234 - Jin_Rae=0.732 
[2025-10-19 23:18:59] INFO: [Decision] Best=S13234 - Jin_Rae(0.732), 2nd=0.000, Discriminative=0.732, AvgNeg=0.000
[2025-10-19 23:18:59] INFO: [Thresholds] Abs=0.614, Margin=0.114(15.5%), RelMargin=100.0%, Tightness=0.864, StdDev=0.044
[2025-10-19 23:18:59] INFO: [Decision] ACCEPT: Primary thresholds met (abs + margin + relative)
[2025-10-19 23:18:59] INFO: [Recognition] Scores: S13234 - Jin_Rae=0.720 
[2025-10-19 23:18:59] INFO: [Decision] Best=S13234 - Jin_Rae(0.720), 2nd=0.000, Discriminative=0.720, AvgNeg=0.000
[2025-10-19 23:18:59] INFO: [Thresholds] Abs=0.614, Margin=0.114(15.8%), RelMargin=100.0%, Tightness=0.864, StdDev=0.044
[2025-10-19 23:18:59] INFO: [Decision] ACCEPT: Primary thresholds met (abs + margin + relative)
[2025-10-19 23:18:59] INFO: [Recognition] Scores: S13234 - Jin_Rae=0.709 
[2025-10-19 23:18:59] INFO: [Decision] Best=S13234 - Jin_Rae(0.709), 2nd=0.000, Discriminative=0.709, AvgNeg=0.000
[2025-10-19 23:18:59] INFO: [Thresholds] Abs=0.614, Margin=0.114(16.0%), RelMargin=100.0%, Tightness=0.864, StdDev=0.044
[2025-10-19 23:18:59] INFO: [Decision] ACCEPT: Primary thresholds met (abs + margin + relative)
[2025-10-19 23:19:00] INFO: [Recognition] Scores: S13234 - Jin_Rae=0.709 
[2025-10-19 23:19:00] INFO: [Decision] Best=S13234 - Jin_Rae(0.709), 2nd=0.000, Discriminative=0.709, AvgNeg=0.000
[2025-10-19 23:19:00] INFO: [Thresholds] Abs=0.614, Margin=0.114(16.0%), RelMargin=100.0%, Tightness=0.864, StdDev=0.044
[2025-10-19 23:19:00] INFO: [Decision] ACCEPT: Primary thresholds met (abs + margin + relative)
[2025-10-19 23:19:00] INFO: [Recognition] Scores: S13234 - Jin_Rae=0.752 
[2025-10-19 23:19:00] INFO: [Decision] Best=S13234 - Jin_Rae(0.752), 2nd=0.000, Discriminative=0.752, AvgNeg=0.000
[2025-10-19 23:19:00] INFO: [Thresholds] Abs=0.614, Margin=0.114(15.1%), RelMargin=100.0%, Tightness=0.864, StdDev=0.044
[2025-10-19 23:19:00] INFO: [Decision] ACCEPT: Primary thresholds met (abs + margin + relative)
[2025-10-19 23:19:00] INFO: [Recognition] Scores: S13234 - Jin_Rae=0.738 
[2025-10-19 23:19:00] INFO: [Decision] Best=S13234 - Jin_Rae(0.738), 2nd=0.000, Discriminative=0.738, AvgNeg=0.000
[2025-10-19 23:19:00] INFO: [Thresholds] Abs=0.614, Margin=0.114(15.4%), RelMargin=100.0%, Tightness=0.864, StdDev=0.044
[2025-10-19 23:19:00] INFO: [Decision] ACCEPT: Primary thresholds met (abs + margin + relative)
[2025-10-19 23:19:00] INFO: [Recognition] Scores: S13234 - Jin_Rae=0.726 
[2025-10-19 23:19:00] INFO: [Decision] Best=S13234 - Jin_Rae(0.726), 2nd=0.000, Discriminative=0.726, AvgNeg=0.000
[2025-10-19 23:19:00] INFO: [Thresholds] Abs=0.614, Margin=0.114(15.6%), RelMargin=100.0%, Tightness=0.864, StdDev=0.044
[2025-10-19 23:19:00] INFO: [Decision] ACCEPT: Primary thresholds met (abs + margin + relative)
[2025-10-19 23:19:01] INFO: [Recognition] Scores: S13234 - Jin_Rae=0.739 
[2025-10-19 23:19:01] INFO: [Decision] Best=S13234 - Jin_Rae(0.739), 2nd=0.000, Discriminative=0.739, AvgNeg=0.000
[2025-10-19 23:19:01] INFO: [Thresholds] Abs=0.614, Margin=0.114(15.4%), RelMargin=100.0%, Tightness=0.864, StdDev=0.044
[2025-10-19 23:19:01] INFO: [Decision] ACCEPT: Primary thresholds met (abs + margin + relative)
[2025-10-19 23:19:02] INFO: [Recognition] Scores: S13234 - Jin_Rae=0.750 
[2025-10-19 23:19:02] INFO: [Decision] Best=S13234 - Jin_Rae(0.750), 2nd=0.000, Discriminative=0.750, AvgNeg=0.000
[2025-10-19 23:19:02] INFO: [Thresholds] Abs=0.614, Margin=0.114(15.1%), RelMargin=100.0%, Tightness=0.864, StdDev=0.044
[2025-10-19 23:19:02] INFO: [Decision] ACCEPT: Primary thresholds met (abs + margin + relative)
[2025-10-19 23:19:03] INFO: [Recognition] Scores: S13234 - Jin_Rae=0.735 
[2025-10-19 23:19:03] INFO: [Decision] Best=S13234 - Jin_Rae(0.735), 2nd=0.000, Discriminative=0.735, AvgNeg=0.000
[2025-10-19 23:19:03] INFO: [Thresholds] Abs=0.614, Margin=0.114(15.5%), RelMargin=100.0%, Tightness=0.864, StdDev=0.044
[2025-10-19 23:19:03] INFO: [Decision] ACCEPT: Primary thresholds met (abs + margin + relative)
[2025-10-19 23:19:03] INFO: [Recognition] Scores: S13234 - Jin_Rae=0.713 
[2025-10-19 23:19:03] INFO: [Decision] Best=S13234 - Jin_Rae(0.713), 2nd=0.000, Discriminative=0.713, AvgNeg=0.000
[2025-10-19 23:19:03] INFO: [Thresholds] Abs=0.614, Margin=0.114(15.9%), RelMargin=100.0%, Tightness=0.864, StdDev=0.044
[2025-10-19 23:19:03] INFO: [Decision] ACCEPT: Primary thresholds met (abs + margin + relative)
[2025-10-19 23:19:03] INFO: [Recognition] Scores: S13234 - Jin_Rae=0.676 
[2025-10-19 23:19:03] INFO: [Decision] Best=S13234 - Jin_Rae(0.676), 2nd=0.000, Discriminative=0.676, AvgNeg=0.000
[2025-10-19 23:19:03] INFO: [Thresholds] Abs=0.614, Margin=0.114(16.8%), RelMargin=100.0%, Tightness=0.864, StdDev=0.044
[2025-10-19 23:19:03] INFO: [Decision] ACCEPT: Primary thresholds met (abs + margin + relative)
[2025-10-19 23:19:03] INFO: [Recognition] Scores: S13234 - Jin_Rae=0.731 
[2025-10-19 23:19:03] INFO: [Decision] Best=S13234 - Jin_Rae(0.731), 2nd=0.000, Discriminative=0.731, AvgNeg=0.000
[2025-10-19 23:19:03] INFO: [Thresholds] Abs=0.614, Margin=0.114(15.5%), RelMargin=100.0%, Tightness=0.864, StdDev=0.044
[2025-10-19 23:19:03] INFO: [Decision] ACCEPT: Primary thresholds met (abs + margin + relative)
[2025-10-19 23:19:03] INFO: [Recognition] Scores: S13234 - Jin_Rae=0.673 
[2025-10-19 23:19:03] INFO: [Decision] Best=S13234 - Jin_Rae(0.673), 2nd=0.000, Discriminative=0.673, AvgNeg=0.000
[2025-10-19 23:19:03] INFO: [Thresholds] Abs=0.614, Margin=0.114(16.9%), RelMargin=100.0%, Tightness=0.864, StdDev=0.044
[2025-10-19 23:19:03] INFO: [Decision] ACCEPT: Primary thresholds met (abs + margin + relative)
[2025-10-19 23:19:04] INFO: [Recognition] Scores: S13234 - Jin_Rae=0.762 
[2025-10-19 23:19:04] INFO: [Decision] Best=S13234 - Jin_Rae(0.762), 2nd=0.000, Discriminative=0.762, AvgNeg=0.000
[2025-10-19 23:19:04] INFO: [Thresholds] Abs=0.614, Margin=0.114(14.9%), RelMargin=100.0%, Tightness=0.864, StdDev=0.044
[2025-10-19 23:19:04] INFO: [Decision] ACCEPT: Primary thresholds met (abs + margin + relative)
[2025-10-19 23:19:04] INFO: [Recognition] Scores: S13234 - Jin_Rae=0.697 
[2025-10-19 23:19:04] INFO: [Decision] Best=S13234 - Jin_Rae(0.697), 2nd=0.000, Discriminative=0.697, AvgNeg=0.000
[2025-10-19 23:19:04] INFO: [Thresholds] Abs=0.614, Margin=0.114(16.3%), RelMargin=100.0%, Tightness=0.864, StdDev=0.044
[2025-10-19 23:19:04] INFO: [Decision] ACCEPT: Primary thresholds met (abs + margin + relative)
[2025-10-19 23:19:04] INFO: [Recognition] Scores: S13234 - Jin_Rae=0.703 
[2025-10-19 23:19:04] INFO: [Decision] Best=S13234 - Jin_Rae(0.703), 2nd=0.000, Discriminative=0.703, AvgNeg=0.000
[2025-10-19 23:19:04] INFO: [Thresholds] Abs=0.614, Margin=0.114(16.2%), RelMargin=100.0%, Tightness=0.864, StdDev=0.044
[2025-10-19 23:19:04] INFO: [Decision] ACCEPT: Primary thresholds met (abs + margin + relative)
[2025-10-19 23:19:04] INFO: [Recognition] Scores: S13234 - Jin_Rae=0.705 
[2025-10-19 23:19:04] INFO: [Decision] Best=S13234 - Jin_Rae(0.705), 2nd=0.000, Discriminative=0.705, AvgNeg=0.000
[2025-10-19 23:19:04] INFO: [Thresholds] Abs=0.614, Margin=0.114(16.1%), RelMargin=100.0%, Tightness=0.864, StdDev=0.044
[2025-10-19 23:19:04] INFO: [Decision] ACCEPT: Primary thresholds met (abs + margin + relative)
[2025-10-19 23:19:04] INFO: [Recognition] Scores: S13234 - Jin_Rae=0.777 
[2025-10-19 23:19:04] INFO: [Decision] Best=S13234 - Jin_Rae(0.777), 2nd=0.000, Discriminative=0.777, AvgNeg=0.000
[2025-10-19 23:19:04] INFO: [Thresholds] Abs=0.614, Margin=0.114(14.6%), RelMargin=100.0%, Tightness=0.864, StdDev=0.044
[2025-10-19 23:19:04] INFO: [Decision] ACCEPT: Primary thresholds met (abs + margin + relative)
[2025-10-19 23:19:04] INFO: [Recognition] Scores: S13234 - Jin_Rae=0.761 
[2025-10-19 23:19:04] INFO: [Decision] Best=S13234 - Jin_Rae(0.761), 2nd=0.000, Discriminative=0.761, AvgNeg=0.000
[2025-10-19 23:19:04] INFO: [Thresholds] Abs=0.614, Margin=0.114(14.9%), RelMargin=100.0%, Tightness=0.864, StdDev=0.044
[2025-10-19 23:19:04] INFO: [Decision] ACCEPT: Primary thresholds met (abs + margin + relative)
[2025-10-19 23:19:05] INFO: [Recognition] Scores: S13234 - Jin_Rae=0.729 
[2025-10-19 23:19:05] INFO: [Decision] Best=S13234 - Jin_Rae(0.729), 2nd=0.000, Discriminative=0.729, AvgNeg=0.000
[2025-10-19 23:19:05] INFO: [Thresholds] Abs=0.614, Margin=0.114(15.6%), RelMargin=100.0%, Tightness=0.864, StdDev=0.044
[2025-10-19 23:19:05] INFO: [Decision] ACCEPT: Primary thresholds met (abs + margin + relative)
[2025-10-19 23:19:05] INFO: [Recognition] Scores: S13234 - Jin_Rae=0.745 
[2025-10-19 23:19:05] INFO: [Decision] Best=S13234 - Jin_Rae(0.745), 2nd=0.000, Discriminative=0.745, AvgNeg=0.000
[2025-10-19 23:19:05] INFO: [Thresholds] Abs=0.614, Margin=0.114(15.3%), RelMargin=100.0%, Tightness=0.864, StdDev=0.044
[2025-10-19 23:19:05] INFO: [Decision] ACCEPT: Primary thresholds met (abs + margin + relative)
[2025-10-19 23:19:05] INFO: [Recognition] Scores: S13234 - Jin_Rae=0.754 
[2025-10-19 23:19:05] INFO: [Decision] Best=S13234 - Jin_Rae(0.754), 2nd=0.000, Discriminative=0.754, AvgNeg=0.000
[2025-10-19 23:19:05] INFO: [Thresholds] Abs=0.614, Margin=0.114(15.1%), RelMargin=100.0%, Tightness=0.864, StdDev=0.044
[2025-10-19 23:19:05] INFO: [Decision] ACCEPT: Primary thresholds met (abs + margin + relative)
[2025-10-19 23:19:05] INFO: [Recognition] Scores: S13234 - Jin_Rae=0.772 
[2025-10-19 23:19:05] INFO: [Decision] Best=S13234 - Jin_Rae(0.772), 2nd=0.000, Discriminative=0.772, AvgNeg=0.000
[2025-10-19 23:19:05] INFO: [Thresholds] Abs=0.614, Margin=0.114(14.7%), RelMargin=100.0%, Tightness=0.864, StdDev=0.044
[2025-10-19 23:19:05] INFO: [Decision] ACCEPT: Primary thresholds met (abs + margin + relative)
[2025-10-19 23:19:05] INFO: [Recognition] Scores: S13234 - Jin_Rae=0.742 
[2025-10-19 23:19:05] INFO: [Decision] Best=S13234 - Jin_Rae(0.742), 2nd=0.000, Discriminative=0.742, AvgNeg=0.000
[2025-10-19 23:19:05] INFO: [Thresholds] Abs=0.614, Margin=0.114(15.3%), RelMargin=100.0%, Tightness=0.864, StdDev=0.044
[2025-10-19 23:19:05] INFO: [Decision] ACCEPT: Primary thresholds met (abs + margin + relative)
[2025-10-19 23:19:06] INFO: [Recognition] Scores: S13234 - Jin_Rae=0.750 
[2025-10-19 23:19:06] INFO: [Decision] Best=S13234 - Jin_Rae(0.750), 2nd=0.000, Discriminative=0.750, AvgNeg=0.000
[2025-10-19 23:19:06] INFO: [Thresholds] Abs=0.614, Margin=0.114(15.1%), RelMargin=100.0%, Tightness=0.864, StdDev=0.044
[2025-10-19 23:19:06] INFO: [Decision] ACCEPT: Primary thresholds met (abs + margin + relative)
[2025-10-19 23:19:06] INFO: [Recognition] Scores: S13234 - Jin_Rae=0.751 
[2025-10-19 23:19:06] INFO: [Decision] Best=S13234 - Jin_Rae(0.751), 2nd=0.000, Discriminative=0.751, AvgNeg=0.000
[2025-10-19 23:19:06] INFO: [Thresholds] Abs=0.614, Margin=0.114(15.1%), RelMargin=100.0%, Tightness=0.864, StdDev=0.044
[2025-10-19 23:19:06] INFO: [Decision] ACCEPT: Primary thresholds met (abs + margin + relative)
[2025-10-19 23:19:06] INFO: [Recognition] Scores: S13234 - Jin_Rae=0.803 
[2025-10-19 23:19:06] INFO: [Decision] Best=S13234 - Jin_Rae(0.803), 2nd=0.000, Discriminative=0.803, AvgNeg=0.000
[2025-10-19 23:19:06] INFO: [Thresholds] Abs=0.614, Margin=0.114(14.1%), RelMargin=100.0%, Tightness=0.864, StdDev=0.044
[2025-10-19 23:19:06] INFO: [Decision] ACCEPT: Primary thresholds met (abs + margin + relative)
[2025-10-19 23:19:07] INFO: [Recognition] Scores: S13234 - Jin_Rae=0.847 
[2025-10-19 23:19:07] INFO: [Decision] Best=S13234 - Jin_Rae(0.847), 2nd=0.000, Discriminative=0.847, AvgNeg=0.000
[2025-10-19 23:19:07] INFO: [Thresholds] Abs=0.614, Margin=0.114(13.4%), RelMargin=100.0%, Tightness=0.864, StdDev=0.044
[2025-10-19 23:19:07] INFO: [Decision] ACCEPT: Primary thresholds met (abs + margin + relative)
[2025-10-19 23:19:08] INFO: [Recognition] Scores: S13234 - Jin_Rae=0.794 
[2025-10-19 23:19:08] INFO: [Decision] Best=S13234 - Jin_Rae(0.794), 2nd=0.000, Discriminative=0.794, AvgNeg=0.000
[2025-10-19 23:19:08] INFO: [Thresholds] Abs=0.614, Margin=0.114(14.3%), RelMargin=100.0%, Tightness=0.864, StdDev=0.044
[2025-10-19 23:19:08] INFO: [Decision] ACCEPT: Primary thresholds met (abs + margin + relative)
[2025-10-19 23:19:08] INFO: [Recognition] Scores: S13234 - Jin_Rae=0.829 
[2025-10-19 23:19:08] INFO: [Decision] Best=S13234 - Jin_Rae(0.829), 2nd=0.000, Discriminative=0.829, AvgNeg=0.000
[2025-10-19 23:19:08] INFO: [Thresholds] Abs=0.614, Margin=0.114(13.7%), RelMargin=100.0%, Tightness=0.864, StdDev=0.044
[2025-10-19 23:19:08] INFO: [Decision] ACCEPT: Primary thresholds met (abs + margin + relative)
[2025-10-19 23:19:09] INFO: [Recognition] Scores: S13234 - Jin_Rae=0.828 
[2025-10-19 23:19:09] INFO: [Decision] Best=S13234 - Jin_Rae(0.828), 2nd=0.000, Discriminative=0.828, AvgNeg=0.000
[2025-10-19 23:19:09] INFO: [Thresholds] Abs=0.614, Margin=0.114(13.7%), RelMargin=100.0%, Tightness=0.864, StdDev=0.044
[2025-10-19 23:19:09] INFO: [Decision] ACCEPT: Primary thresholds met (abs + margin + relative)
[2025-10-19 23:19:09] INFO: [Recognition] Scores: S13234 - Jin_Rae=0.923 
[2025-10-19 23:19:09] INFO: [Decision] Best=S13234 - Jin_Rae(0.923), 2nd=0.000, Discriminative=0.923, AvgNeg=0.000
[2025-10-19 23:19:09] INFO: [Thresholds] Abs=0.614, Margin=0.114(12.3%), RelMargin=100.0%, Tightness=0.864, StdDev=0.044
[2025-10-19 23:19:09] INFO: [Decision] ACCEPT: Primary thresholds met (abs + margin + relative)
[2025-10-19 23:19:09] INFO: [Recognition] Scores: S13234 - Jin_Rae=0.876 
[2025-10-19 23:19:09] INFO: [Decision] Best=S13234 - Jin_Rae(0.876), 2nd=0.000, Discriminative=0.876, AvgNeg=0.000
[2025-10-19 23:19:09] INFO: [Thresholds] Abs=0.614, Margin=0.114(13.0%), RelMargin=100.0%, Tightness=0.864, StdDev=0.044
[2025-10-19 23:19:09] INFO: [Decision] ACCEPT: Primary thresholds met (abs + margin + relative)
[2025-10-19 23:19:09] INFO: [Recognition] Scores: S13234 - Jin_Rae=0.870 
[2025-10-19 23:19:09] INFO: [Decision] Best=S13234 - Jin_Rae(0.870), 2nd=0.000, Discriminative=0.870, AvgNeg=0.000
[2025-10-19 23:19:09] INFO: [Thresholds] Abs=0.614, Margin=0.114(13.1%), RelMargin=100.0%, Tightness=0.864, StdDev=0.044
[2025-10-19 23:19:09] INFO: [Decision] ACCEPT: Primary thresholds met (abs + margin + relative)
[2025-10-19 23:19:10] INFO: [Recognition] Scores: S13234 - Jin_Rae=0.844 
[2025-10-19 23:19:10] INFO: [Decision] Best=S13234 - Jin_Rae(0.844), 2nd=0.000, Discriminative=0.844, AvgNeg=0.000
[2025-10-19 23:19:10] INFO: [Thresholds] Abs=0.614, Margin=0.114(13.5%), RelMargin=100.0%, Tightness=0.864, StdDev=0.044
[2025-10-19 23:19:10] INFO: [Decision] ACCEPT: Primary thresholds met (abs + margin + relative)
[2025-10-19 23:19:10] INFO: [Recognition] Scores: S13234 - Jin_Rae=0.861 
[2025-10-19 23:19:10] INFO: [Decision] Best=S13234 - Jin_Rae(0.861), 2nd=0.000, Discriminative=0.861, AvgNeg=0.000
[2025-10-19 23:19:10] INFO: [Thresholds] Abs=0.614, Margin=0.114(13.2%), RelMargin=100.0%, Tightness=0.864, StdDev=0.044
[2025-10-19 23:19:10] INFO: [Decision] ACCEPT: Primary thresholds met (abs + margin + relative)
[2025-10-19 23:19:10] INFO: [Recognition] Scores: S13234 - Jin_Rae=0.825 
[2025-10-19 23:19:10] INFO: [Decision] Best=S13234 - Jin_Rae(0.825), 2nd=0.000, Discriminative=0.825, AvgNeg=0.000
[2025-10-19 23:19:10] INFO: [Thresholds] Abs=0.614, Margin=0.114(13.8%), RelMargin=100.0%, Tightness=0.864, StdDev=0.044
[2025-10-19 23:19:10] INFO: [Decision] ACCEPT: Primary thresholds met (abs + margin + relative)
[2025-10-19 23:19:10] INFO: [Recognition] Scores: S13234 - Jin_Rae=0.803 
[2025-10-19 23:19:10] INFO: [Decision] Best=S13234 - Jin_Rae(0.803), 2nd=0.000, Discriminative=0.803, AvgNeg=0.000
[2025-10-19 23:19:10] INFO: [Thresholds] Abs=0.614, Margin=0.114(14.1%), RelMargin=100.0%, Tightness=0.864, StdDev=0.044
[2025-10-19 23:19:10] INFO: [Decision] ACCEPT: Primary thresholds met (abs + margin + relative)
[2025-10-19 23:19:11] INFO: [Recognition] Scores: S13234 - Jin_Rae=0.855 
[2025-10-19 23:19:11] INFO: [Decision] Best=S13234 - Jin_Rae(0.855), 2nd=0.000, Discriminative=0.855, AvgNeg=0.000
[2025-10-19 23:19:11] INFO: [Thresholds] Abs=0.614, Margin=0.114(13.3%), RelMargin=100.0%, Tightness=0.864, StdDev=0.044
[2025-10-19 23:19:11] INFO: [Decision] ACCEPT: Primary thresholds met (abs + margin + relative)
[2025-10-19 23:19:12] INFO: [Recognition] Scores: S13234 - Jin_Rae=0.816 
[2025-10-19 23:19:12] INFO: [Decision] Best=S13234 - Jin_Rae(0.816), 2nd=0.000, Discriminative=0.816, AvgNeg=0.000
[2025-10-19 23:19:12] INFO: [Thresholds] Abs=0.614, Margin=0.114(13.9%), RelMargin=100.0%, Tightness=0.864, StdDev=0.044
[2025-10-19 23:19:12] INFO: [Decision] ACCEPT: Primary thresholds met (abs + margin + relative)
[2025-10-19 23:19:13] INFO: [Recognition] Scores: S13234 - Jin_Rae=0.840 
[2025-10-19 23:19:13] INFO: [Decision] Best=S13234 - Jin_Rae(0.840), 2nd=0.000, Discriminative=0.840, AvgNeg=0.000
[2025-10-19 23:19:13] INFO: [Thresholds] Abs=0.614, Margin=0.114(13.5%), RelMargin=100.0%, Tightness=0.864, StdDev=0.044
[2025-10-19 23:19:13] INFO: [Decision] ACCEPT: Primary thresholds met (abs + margin + relative)
[2025-10-19 23:19:13] INFO: [Recognition] Scores: S13234 - Jin_Rae=0.839 
[2025-10-19 23:19:13] INFO: [Decision] Best=S13234 - Jin_Rae(0.839), 2nd=0.000, Discriminative=0.839, AvgNeg=0.000
[2025-10-19 23:19:13] INFO: [Thresholds] Abs=0.614, Margin=0.114(13.6%), RelMargin=100.0%, Tightness=0.864, StdDev=0.044
[2025-10-19 23:19:13] INFO: [Decision] ACCEPT: Primary thresholds met (abs + margin + relative)
[2025-10-19 23:19:13] INFO: [Recognition] Scores: S13234 - Jin_Rae=0.827 
[2025-10-19 23:19:13] INFO: [Decision] Best=S13234 - Jin_Rae(0.827), 2nd=0.000, Discriminative=0.827, AvgNeg=0.000
[2025-10-19 23:19:13] INFO: [Thresholds] Abs=0.614, Margin=0.114(13.7%), RelMargin=100.0%, Tightness=0.864, StdDev=0.044
[2025-10-19 23:19:13] INFO: [Decision] ACCEPT: Primary thresholds met (abs + margin + relative)
[2025-10-19 23:19:14] INFO: [Recognition] Scores: S13234 - Jin_Rae=0.849 
[2025-10-19 23:19:14] INFO: [Decision] Best=S13234 - Jin_Rae(0.849), 2nd=0.000, Discriminative=0.849, AvgNeg=0.000
[2025-10-19 23:19:14] INFO: [Thresholds] Abs=0.614, Margin=0.114(13.4%), RelMargin=100.0%, Tightness=0.864, StdDev=0.044
[2025-10-19 23:19:14] INFO: [Decision] ACCEPT: Primary thresholds met (abs + margin + relative)
[2025-10-19 23:19:14] INFO: [Recognition] Scores: S13234 - Jin_Rae=0.840 
[2025-10-19 23:19:14] INFO: [Decision] Best=S13234 - Jin_Rae(0.840), 2nd=0.000, Discriminative=0.840, AvgNeg=0.000
[2025-10-19 23:19:14] INFO: [Thresholds] Abs=0.614, Margin=0.114(13.5%), RelMargin=100.0%, Tightness=0.864, StdDev=0.044
[2025-10-19 23:19:14] INFO: [Decision] ACCEPT: Primary thresholds met (abs + margin + relative)
[2025-10-19 23:19:14] INFO: [Recognition] Scores: S13234 - Jin_Rae=0.822 
[2025-10-19 23:19:14] INFO: [Decision] Best=S13234 - Jin_Rae(0.822), 2nd=0.000, Discriminative=0.822, AvgNeg=0.000
[2025-10-19 23:19:14] INFO: [Thresholds] Abs=0.614, Margin=0.114(13.8%), RelMargin=100.0%, Tightness=0.864, StdDev=0.044
[2025-10-19 23:19:14] INFO: [Decision] ACCEPT: Primary thresholds met (abs + margin + relative)
[2025-10-19 23:19:14] INFO: [Recognition] Scores: S13234 - Jin_Rae=0.787 
[2025-10-19 23:19:14] INFO: [Decision] Best=S13234 - Jin_Rae(0.787), 2nd=0.000, Discriminative=0.787, AvgNeg=0.000
[2025-10-19 23:19:14] INFO: [Thresholds] Abs=0.614, Margin=0.114(14.4%), RelMargin=100.0%, Tightness=0.864, StdDev=0.044
[2025-10-19 23:19:14] INFO: [Decision] ACCEPT: Primary thresholds met (abs + margin + relative)
[2025-10-19 23:19:14] INFO: Exiting Face Recognition Demo...
[2025-10-19 23:19:14] INFO: Exiting Face Recognition Demo...
