[2025-10-23 01:53:57] INFO: Application Logger Initialized.
[2025-10-23 01:53:57] INFO: Configuration and core components loaded.
[2025-10-23 01:53:57] INFO: app.properties normalized (55 entries).
[2025-10-23 01:53:57] INFO: Configuration loaded from classpath: app.properties
[2025-10-23 01:53:57] INFO: Configuration file loaded
[2025-10-23 01:53:57] INFO: MyGUIProgram Started!
[2025-10-23 01:53:58] INFO: ￢ﾜﾓ FaceAligner initialized with 5-point alignment support
[2025-10-23 01:53:59] INFO: ￢ﾜﾅ ArcFace ResNet100 model loaded successfully
[2025-10-23 01:53:59] INFO: ￢ﾜﾓ FaceAligner initialized with 5-point alignment support
[2025-10-23 01:53:59] INFO: === Folder debug ===
[2025-10-23 01:53:59] INFO: Found folder: C:\SMU\CS102 Project\FaceRecognitionCS102\data\facedata\S13234_Jin_Rae
[2025-10-23 01:53:59] INFO:   Contains: 34 items
[2025-10-23 01:53:59] INFO:   Display label: S13234 - Jin_Rae
[2025-10-23 01:53:59] INFO: ====================
[2025-10-23 01:53:59] INFO: Person S13234 - Jin_Rae: tightness=1.000, stdDev=0.000, absThresh=0.600, margin=0.100
[2025-10-23 01:53:59] INFO: DNN face detector loaded successfully for recognition
[2025-10-23 01:53:59] INFO: Attempting camera index 0 with DSHOW backend...
[2025-10-23 01:54:00] INFO: Camera opened successfully: index 0 with DSHOW backend
[2025-10-23 01:54:01] INFO: Camera configured: 640x480 @ 30fps (MJPEG: yes)
[2025-10-23 01:54:01] INFO: Camera initialized successfully
[2025-10-23 01:54:02] INFO: [Recognition] Scores: S13234 - Jin_Rae=0.999 
[2025-10-23 01:54:02] INFO: [Decision] Best=S13234 - Jin_Rae(0.999), 2nd=0.000, Discriminative=0.999, AvgNeg=0.000
[2025-10-23 01:54:02] INFO: [Thresholds] Abs=0.600, Margin=0.100(10.0%), RelMargin=100.0%, Tightness=1.000, StdDev=0.000
[2025-10-23 01:54:02] INFO: [Accept] S13234 - Jin_Rae | Raw=0.999, Confidence=100%, Margin=0.999 | Strong confidence match
[2025-10-23 01:54:02] INFO: [Recognition] Scores: S13234 - Jin_Rae=0.998 
[2025-10-23 01:54:02] INFO: [Decision] Best=S13234 - Jin_Rae(0.998), 2nd=0.000, Discriminative=0.998, AvgNeg=0.000
[2025-10-23 01:54:02] INFO: [Thresholds] Abs=0.600, Margin=0.100(10.0%), RelMargin=100.0%, Tightness=1.000, StdDev=0.000
[2025-10-23 01:54:02] INFO: [Accept] S13234 - Jin_Rae | Raw=0.998, Confidence=100%, Margin=0.998 | Strong confidence match
[2025-10-23 01:54:02] INFO: [Recognition] Scores: S13234 - Jin_Rae=0.999 
[2025-10-23 01:54:02] INFO: [Decision] Best=S13234 - Jin_Rae(0.999), 2nd=0.000, Discriminative=0.999, AvgNeg=0.000
[2025-10-23 01:54:02] INFO: [Thresholds] Abs=0.600, Margin=0.100(10.0%), RelMargin=100.0%, Tightness=1.000, StdDev=0.000
[2025-10-23 01:54:02] INFO: [Accept] S13234 - Jin_Rae | Raw=0.999, Confidence=100%, Margin=0.999 | Strong confidence match
[2025-10-23 01:54:03] INFO: [Recognition] Scores: S13234 - Jin_Rae=0.997 
[2025-10-23 01:54:03] INFO: [Decision] Best=S13234 - Jin_Rae(0.997), 2nd=0.000, Discriminative=0.997, AvgNeg=0.000
[2025-10-23 01:54:03] INFO: [Thresholds] Abs=0.600, Margin=0.100(10.0%), RelMargin=100.0%, Tightness=1.000, StdDev=0.000
[2025-10-23 01:54:03] INFO: [Accept] S13234 - Jin_Rae | Raw=0.997, Confidence=100%, Margin=0.997 | Strong confidence match
[2025-10-23 01:54:03] INFO: [Recognition] Scores: S13234 - Jin_Rae=0.999 
[2025-10-23 01:54:03] INFO: [Decision] Best=S13234 - Jin_Rae(0.999), 2nd=0.000, Discriminative=0.999, AvgNeg=0.000
[2025-10-23 01:54:03] INFO: [Thresholds] Abs=0.600, Margin=0.100(10.0%), RelMargin=100.0%, Tightness=1.000, StdDev=0.000
[2025-10-23 01:54:03] INFO: [Accept] S13234 - Jin_Rae | Raw=0.999, Confidence=100%, Margin=0.999 | Strong confidence match
[2025-10-23 01:54:03] INFO: [Recognition] Scores: S13234 - Jin_Rae=0.997 
[2025-10-23 01:54:03] INFO: [Decision] Best=S13234 - Jin_Rae(0.997), 2nd=0.000, Discriminative=0.997, AvgNeg=0.000
[2025-10-23 01:54:03] INFO: [Thresholds] Abs=0.600, Margin=0.100(10.0%), RelMargin=100.0%, Tightness=1.000, StdDev=0.000
[2025-10-23 01:54:03] INFO: [Accept] S13234 - Jin_Rae | Raw=0.997, Confidence=100%, Margin=0.997 | Strong confidence match
[2025-10-23 01:54:03] INFO: [Recognition] Scores: S13234 - Jin_Rae=1.000 
[2025-10-23 01:54:03] INFO: [Decision] Best=S13234 - Jin_Rae(1.000), 2nd=0.000, Discriminative=1.000, AvgNeg=0.000
[2025-10-23 01:54:03] INFO: [Thresholds] Abs=0.600, Margin=0.100(10.0%), RelMargin=100.0%, Tightness=1.000, StdDev=0.000
[2025-10-23 01:54:03] INFO: [Accept] S13234 - Jin_Rae | Raw=1.000, Confidence=100%, Margin=1.000 | Strong confidence match
[2025-10-23 01:54:03] INFO: [Recognition] Scores: S13234 - Jin_Rae=0.999 
[2025-10-23 01:54:03] INFO: [Decision] Best=S13234 - Jin_Rae(0.999), 2nd=0.000, Discriminative=0.999, AvgNeg=0.000
[2025-10-23 01:54:03] INFO: [Thresholds] Abs=0.600, Margin=0.100(10.0%), RelMargin=100.0%, Tightness=1.000, StdDev=0.000
[2025-10-23 01:54:03] INFO: [Accept] S13234 - Jin_Rae | Raw=0.999, Confidence=100%, Margin=0.999 | Strong confidence match
[2025-10-23 01:54:04] INFO: [Recognition] Scores: S13234 - Jin_Rae=0.998 
[2025-10-23 01:54:04] INFO: [Decision] Best=S13234 - Jin_Rae(0.998), 2nd=0.000, Discriminative=0.998, AvgNeg=0.000
[2025-10-23 01:54:04] INFO: [Thresholds] Abs=0.600, Margin=0.100(10.0%), RelMargin=100.0%, Tightness=1.000, StdDev=0.000
[2025-10-23 01:54:04] INFO: [Accept] S13234 - Jin_Rae | Raw=0.998, Confidence=100%, Margin=0.998 | Strong confidence match
[2025-10-23 01:54:04] INFO: [Recognition] Scores: S13234 - Jin_Rae=0.998 
[2025-10-23 01:54:04] INFO: [Decision] Best=S13234 - Jin_Rae(0.998), 2nd=0.000, Discriminative=0.998, AvgNeg=0.000
[2025-10-23 01:54:04] INFO: [Thresholds] Abs=0.600, Margin=0.100(10.0%), RelMargin=100.0%, Tightness=1.000, StdDev=0.000
[2025-10-23 01:54:04] INFO: [Accept] S13234 - Jin_Rae | Raw=0.998, Confidence=100%, Margin=0.998 | Strong confidence match
[2025-10-23 01:54:04] INFO: [Recognition] Scores: S13234 - Jin_Rae=0.997 
[2025-10-23 01:54:04] INFO: [Decision] Best=S13234 - Jin_Rae(0.997), 2nd=0.000, Discriminative=0.997, AvgNeg=0.000
[2025-10-23 01:54:04] INFO: [Thresholds] Abs=0.600, Margin=0.100(10.0%), RelMargin=100.0%, Tightness=1.000, StdDev=0.000
[2025-10-23 01:54:04] INFO: [Accept] S13234 - Jin_Rae | Raw=0.997, Confidence=100%, Margin=0.997 | Strong confidence match
[2025-10-23 01:54:04] INFO: [Recognition] Scores: S13234 - Jin_Rae=0.996 
[2025-10-23 01:54:04] INFO: [Decision] Best=S13234 - Jin_Rae(0.996), 2nd=0.000, Discriminative=0.996, AvgNeg=0.000
[2025-10-23 01:54:04] INFO: [Thresholds] Abs=0.600, Margin=0.100(10.0%), RelMargin=100.0%, Tightness=1.000, StdDev=0.000
[2025-10-23 01:54:04] INFO: [Accept] S13234 - Jin_Rae | Raw=0.996, Confidence=100%, Margin=0.996 | Strong confidence match
[2025-10-23 01:54:04] INFO: [Recognition] Scores: S13234 - Jin_Rae=0.996 
[2025-10-23 01:54:04] INFO: [Decision] Best=S13234 - Jin_Rae(0.996), 2nd=0.000, Discriminative=0.996, AvgNeg=0.000
[2025-10-23 01:54:04] INFO: [Thresholds] Abs=0.600, Margin=0.100(10.0%), RelMargin=100.0%, Tightness=1.000, StdDev=0.000
[2025-10-23 01:54:04] INFO: [Accept] S13234 - Jin_Rae | Raw=0.996, Confidence=100%, Margin=0.996 | Strong confidence match
[2025-10-23 01:54:04] INFO: [Recognition] Scores: S13234 - Jin_Rae=0.997 
[2025-10-23 01:54:04] INFO: [Decision] Best=S13234 - Jin_Rae(0.997), 2nd=0.000, Discriminative=0.997, AvgNeg=0.000
[2025-10-23 01:54:04] INFO: [Thresholds] Abs=0.600, Margin=0.100(10.0%), RelMargin=100.0%, Tightness=1.000, StdDev=0.000
[2025-10-23 01:54:04] INFO: [Accept] S13234 - Jin_Rae | Raw=0.997, Confidence=100%, Margin=0.997 | Strong confidence match
[2025-10-23 01:54:05] INFO: [Recognition] Scores: S13234 - Jin_Rae=0.998 
[2025-10-23 01:54:05] INFO: [Decision] Best=S13234 - Jin_Rae(0.998), 2nd=0.000, Discriminative=0.998, AvgNeg=0.000
[2025-10-23 01:54:05] INFO: [Thresholds] Abs=0.600, Margin=0.100(10.0%), RelMargin=100.0%, Tightness=1.000, StdDev=0.000
[2025-10-23 01:54:05] INFO: [Accept] S13234 - Jin_Rae | Raw=0.998, Confidence=100%, Margin=0.998 | Strong confidence match
[2025-10-23 01:54:05] INFO: [Recognition] Scores: S13234 - Jin_Rae=0.998 
[2025-10-23 01:54:05] INFO: [Decision] Best=S13234 - Jin_Rae(0.998), 2nd=0.000, Discriminative=0.998, AvgNeg=0.000
[2025-10-23 01:54:05] INFO: [Thresholds] Abs=0.600, Margin=0.100(10.0%), RelMargin=100.0%, Tightness=1.000, StdDev=0.000
[2025-10-23 01:54:05] INFO: [Accept] S13234 - Jin_Rae | Raw=0.998, Confidence=100%, Margin=0.998 | Strong confidence match
[2025-10-23 01:54:05] INFO: [Recognition] Scores: S13234 - Jin_Rae=0.998 
[2025-10-23 01:54:05] INFO: [Decision] Best=S13234 - Jin_Rae(0.998), 2nd=0.000, Discriminative=0.998, AvgNeg=0.000
[2025-10-23 01:54:05] INFO: [Thresholds] Abs=0.600, Margin=0.100(10.0%), RelMargin=100.0%, Tightness=1.000, StdDev=0.000
[2025-10-23 01:54:05] INFO: [Accept] S13234 - Jin_Rae | Raw=0.998, Confidence=100%, Margin=0.998 | Strong confidence match
[2025-10-23 01:54:05] INFO: [Recognition] Scores: S13234 - Jin_Rae=0.998 
[2025-10-23 01:54:05] INFO: [Decision] Best=S13234 - Jin_Rae(0.998), 2nd=0.000, Discriminative=0.998, AvgNeg=0.000
[2025-10-23 01:54:05] INFO: [Thresholds] Abs=0.600, Margin=0.100(10.0%), RelMargin=100.0%, Tightness=1.000, StdDev=0.000
[2025-10-23 01:54:05] INFO: [Accept] S13234 - Jin_Rae | Raw=0.998, Confidence=100%, Margin=0.998 | Strong confidence match
[2025-10-23 01:54:05] INFO: [Recognition] Scores: S13234 - Jin_Rae=0.999 
[2025-10-23 01:54:05] INFO: [Decision] Best=S13234 - Jin_Rae(0.999), 2nd=0.000, Discriminative=0.999, AvgNeg=0.000
[2025-10-23 01:54:05] INFO: [Thresholds] Abs=0.600, Margin=0.100(10.0%), RelMargin=100.0%, Tightness=1.000, StdDev=0.000
[2025-10-23 01:54:05] INFO: [Accept] S13234 - Jin_Rae | Raw=0.999, Confidence=100%, Margin=0.999 | Strong confidence match
[2025-10-23 01:54:05] INFO: [Recognition] Scores: S13234 - Jin_Rae=0.999 
[2025-10-23 01:54:05] INFO: [Decision] Best=S13234 - Jin_Rae(0.999), 2nd=0.000, Discriminative=0.999, AvgNeg=0.000
[2025-10-23 01:54:05] INFO: [Thresholds] Abs=0.600, Margin=0.100(10.0%), RelMargin=100.0%, Tightness=1.000, StdDev=0.000
[2025-10-23 01:54:05] INFO: [Accept] S13234 - Jin_Rae | Raw=0.999, Confidence=100%, Margin=0.999 | Strong confidence match
[2025-10-23 01:54:06] INFO: [Recognition] Scores: S13234 - Jin_Rae=0.997 
[2025-10-23 01:54:06] INFO: [Decision] Best=S13234 - Jin_Rae(0.997), 2nd=0.000, Discriminative=0.997, AvgNeg=0.000
[2025-10-23 01:54:06] INFO: [Thresholds] Abs=0.600, Margin=0.100(10.0%), RelMargin=100.0%, Tightness=1.000, StdDev=0.000
[2025-10-23 01:54:06] INFO: [Accept] S13234 - Jin_Rae | Raw=0.997, Confidence=100%, Margin=0.997 | Strong confidence match
[2025-10-23 01:54:06] INFO: [Recognition] Scores: S13234 - Jin_Rae=0.998 
[2025-10-23 01:54:06] INFO: [Decision] Best=S13234 - Jin_Rae(0.998), 2nd=0.000, Discriminative=0.998, AvgNeg=0.000
[2025-10-23 01:54:06] INFO: [Thresholds] Abs=0.600, Margin=0.100(10.0%), RelMargin=100.0%, Tightness=1.000, StdDev=0.000
[2025-10-23 01:54:06] INFO: [Accept] S13234 - Jin_Rae | Raw=0.998, Confidence=100%, Margin=0.998 | Strong confidence match
[2025-10-23 01:54:06] INFO: [Recognition] Scores: S13234 - Jin_Rae=0.999 
[2025-10-23 01:54:06] INFO: [Decision] Best=S13234 - Jin_Rae(0.999), 2nd=0.000, Discriminative=0.999, AvgNeg=0.000
[2025-10-23 01:54:06] INFO: [Thresholds] Abs=0.600, Margin=0.100(10.0%), RelMargin=100.0%, Tightness=1.000, StdDev=0.000
[2025-10-23 01:54:06] INFO: [Accept] S13234 - Jin_Rae | Raw=0.999, Confidence=100%, Margin=0.999 | Strong confidence match
[2025-10-23 01:54:06] INFO: [Recognition] Scores: S13234 - Jin_Rae=0.998 
[2025-10-23 01:54:06] INFO: [Decision] Best=S13234 - Jin_Rae(0.998), 2nd=0.000, Discriminative=0.998, AvgNeg=0.000
[2025-10-23 01:54:06] INFO: [Thresholds] Abs=0.600, Margin=0.100(10.0%), RelMargin=100.0%, Tightness=1.000, StdDev=0.000
[2025-10-23 01:54:06] INFO: [Accept] S13234 - Jin_Rae | Raw=0.998, Confidence=100%, Margin=0.998 | Strong confidence match
[2025-10-23 01:54:06] INFO: [Recognition] Scores: S13234 - Jin_Rae=0.998 
[2025-10-23 01:54:06] INFO: [Decision] Best=S13234 - Jin_Rae(0.998), 2nd=0.000, Discriminative=0.998, AvgNeg=0.000
[2025-10-23 01:54:06] INFO: [Thresholds] Abs=0.600, Margin=0.100(10.0%), RelMargin=100.0%, Tightness=1.000, StdDev=0.000
[2025-10-23 01:54:06] INFO: [Accept] S13234 - Jin_Rae | Raw=0.998, Confidence=100%, Margin=0.998 | Strong confidence match
[2025-10-23 01:54:07] INFO: [Recognition] Scores: S13234 - Jin_Rae=0.998 
[2025-10-23 01:54:07] INFO: [Decision] Best=S13234 - Jin_Rae(0.998), 2nd=0.000, Discriminative=0.998, AvgNeg=0.000
[2025-10-23 01:54:07] INFO: [Thresholds] Abs=0.600, Margin=0.100(10.0%), RelMargin=100.0%, Tightness=1.000, StdDev=0.000
[2025-10-23 01:54:07] INFO: [Accept] S13234 - Jin_Rae | Raw=0.998, Confidence=100%, Margin=0.998 | Strong confidence match
[2025-10-23 01:54:07] INFO: [Recognition] Scores: S13234 - Jin_Rae=0.996 
[2025-10-23 01:54:07] INFO: [Decision] Best=S13234 - Jin_Rae(0.996), 2nd=0.000, Discriminative=0.996, AvgNeg=0.000
[2025-10-23 01:54:07] INFO: [Thresholds] Abs=0.600, Margin=0.100(10.0%), RelMargin=100.0%, Tightness=1.000, StdDev=0.000
[2025-10-23 01:54:07] INFO: [Accept] S13234 - Jin_Rae | Raw=0.996, Confidence=100%, Margin=0.996 | Strong confidence match
[2025-10-23 01:54:07] INFO: [Recognition] Scores: S13234 - Jin_Rae=0.997 
[2025-10-23 01:54:07] INFO: [Decision] Best=S13234 - Jin_Rae(0.997), 2nd=0.000, Discriminative=0.997, AvgNeg=0.000
[2025-10-23 01:54:07] INFO: [Thresholds] Abs=0.600, Margin=0.100(10.0%), RelMargin=100.0%, Tightness=1.000, StdDev=0.000
[2025-10-23 01:54:07] INFO: [Accept] S13234 - Jin_Rae | Raw=0.997, Confidence=100%, Margin=0.997 | Strong confidence match
[2025-10-23 01:54:07] INFO: [Recognition] Scores: S13234 - Jin_Rae=0.996 
[2025-10-23 01:54:07] INFO: [Decision] Best=S13234 - Jin_Rae(0.996), 2nd=0.000, Discriminative=0.996, AvgNeg=0.000
[2025-10-23 01:54:07] INFO: [Thresholds] Abs=0.600, Margin=0.100(10.0%), RelMargin=100.0%, Tightness=1.000, StdDev=0.000
[2025-10-23 01:54:07] INFO: [Accept] S13234 - Jin_Rae | Raw=0.996, Confidence=100%, Margin=0.996 | Strong confidence match
[2025-10-23 01:54:08] INFO: [Recognition] Scores: S13234 - Jin_Rae=0.998 
[2025-10-23 01:54:08] INFO: [Decision] Best=S13234 - Jin_Rae(0.998), 2nd=0.000, Discriminative=0.998, AvgNeg=0.000
[2025-10-23 01:54:08] INFO: [Thresholds] Abs=0.600, Margin=0.100(10.0%), RelMargin=100.0%, Tightness=1.000, StdDev=0.000
[2025-10-23 01:54:08] INFO: [Accept] S13234 - Jin_Rae | Raw=0.998, Confidence=100%, Margin=0.998 | Strong confidence match
[2025-10-23 01:54:08] INFO: [Recognition] Scores: S13234 - Jin_Rae=0.997 
[2025-10-23 01:54:08] INFO: [Decision] Best=S13234 - Jin_Rae(0.997), 2nd=0.000, Discriminative=0.997, AvgNeg=0.000
[2025-10-23 01:54:08] INFO: [Thresholds] Abs=0.600, Margin=0.100(10.0%), RelMargin=100.0%, Tightness=1.000, StdDev=0.000
[2025-10-23 01:54:08] INFO: [Accept] S13234 - Jin_Rae | Raw=0.997, Confidence=100%, Margin=0.997 | Strong confidence match
[2025-10-23 01:54:08] INFO: [Recognition] Scores: S13234 - Jin_Rae=0.997 
[2025-10-23 01:54:08] INFO: [Decision] Best=S13234 - Jin_Rae(0.997), 2nd=0.000, Discriminative=0.997, AvgNeg=0.000
[2025-10-23 01:54:08] INFO: [Thresholds] Abs=0.600, Margin=0.100(10.0%), RelMargin=100.0%, Tightness=1.000, StdDev=0.000
[2025-10-23 01:54:08] INFO: [Accept] S13234 - Jin_Rae | Raw=0.997, Confidence=100%, Margin=0.997 | Strong confidence match
[2025-10-23 01:54:08] INFO: [Recognition] Scores: S13234 - Jin_Rae=0.997 
[2025-10-23 01:54:08] INFO: [Decision] Best=S13234 - Jin_Rae(0.997), 2nd=0.000, Discriminative=0.997, AvgNeg=0.000
[2025-10-23 01:54:08] INFO: [Thresholds] Abs=0.600, Margin=0.100(10.0%), RelMargin=100.0%, Tightness=1.000, StdDev=0.000
[2025-10-23 01:54:08] INFO: [Accept] S13234 - Jin_Rae | Raw=0.997, Confidence=100%, Margin=0.997 | Strong confidence match
[2025-10-23 01:54:09] INFO: [Recognition] Scores: S13234 - Jin_Rae=0.998 
[2025-10-23 01:54:09] INFO: [Decision] Best=S13234 - Jin_Rae(0.998), 2nd=0.000, Discriminative=0.998, AvgNeg=0.000
[2025-10-23 01:54:09] INFO: [Thresholds] Abs=0.600, Margin=0.100(10.0%), RelMargin=100.0%, Tightness=1.000, StdDev=0.000
[2025-10-23 01:54:09] INFO: [Accept] S13234 - Jin_Rae | Raw=0.998, Confidence=100%, Margin=0.998 | Strong confidence match
[2025-10-23 01:54:10] INFO: [Recognition] Scores: S13234 - Jin_Rae=0.996 
[2025-10-23 01:54:10] INFO: [Decision] Best=S13234 - Jin_Rae(0.996), 2nd=0.000, Discriminative=0.996, AvgNeg=0.000
[2025-10-23 01:54:10] INFO: [Thresholds] Abs=0.600, Margin=0.100(10.0%), RelMargin=100.0%, Tightness=1.000, StdDev=0.000
[2025-10-23 01:54:10] INFO: [Accept] S13234 - Jin_Rae | Raw=0.996, Confidence=100%, Margin=0.996 | Strong confidence match
[2025-10-23 01:54:10] INFO: [Recognition] Scores: S13234 - Jin_Rae=0.996 
[2025-10-23 01:54:10] INFO: [Decision] Best=S13234 - Jin_Rae(0.996), 2nd=0.000, Discriminative=0.996, AvgNeg=0.000
[2025-10-23 01:54:10] INFO: [Thresholds] Abs=0.600, Margin=0.100(10.0%), RelMargin=100.0%, Tightness=1.000, StdDev=0.000
[2025-10-23 01:54:10] INFO: [Accept] S13234 - Jin_Rae | Raw=0.996, Confidence=100%, Margin=0.996 | Strong confidence match
[2025-10-23 01:54:10] INFO: [Recognition] Scores: S13234 - Jin_Rae=0.997 
[2025-10-23 01:54:10] INFO: [Decision] Best=S13234 - Jin_Rae(0.997), 2nd=0.000, Discriminative=0.997, AvgNeg=0.000
[2025-10-23 01:54:10] INFO: [Thresholds] Abs=0.600, Margin=0.100(10.0%), RelMargin=100.0%, Tightness=1.000, StdDev=0.000
[2025-10-23 01:54:10] INFO: [Accept] S13234 - Jin_Rae | Raw=0.997, Confidence=100%, Margin=0.997 | Strong confidence match
[2025-10-23 01:54:10] INFO: [Recognition] Scores: S13234 - Jin_Rae=0.998 
[2025-10-23 01:54:10] INFO: [Decision] Best=S13234 - Jin_Rae(0.998), 2nd=0.000, Discriminative=0.998, AvgNeg=0.000
[2025-10-23 01:54:10] INFO: [Thresholds] Abs=0.600, Margin=0.100(10.0%), RelMargin=100.0%, Tightness=1.000, StdDev=0.000
[2025-10-23 01:54:10] INFO: [Accept] S13234 - Jin_Rae | Raw=0.998, Confidence=100%, Margin=0.998 | Strong confidence match
[2025-10-23 01:54:10] INFO: [Recognition] Scores: S13234 - Jin_Rae=0.997 
[2025-10-23 01:54:10] INFO: [Decision] Best=S13234 - Jin_Rae(0.997), 2nd=0.000, Discriminative=0.997, AvgNeg=0.000
[2025-10-23 01:54:10] INFO: [Thresholds] Abs=0.600, Margin=0.100(10.0%), RelMargin=100.0%, Tightness=1.000, StdDev=0.000
[2025-10-23 01:54:10] INFO: [Accept] S13234 - Jin_Rae | Raw=0.997, Confidence=100%, Margin=0.997 | Strong confidence match
[2025-10-23 01:54:11] INFO: [Recognition] Scores: S13234 - Jin_Rae=0.997 
[2025-10-23 01:54:11] INFO: [Decision] Best=S13234 - Jin_Rae(0.997), 2nd=0.000, Discriminative=0.997, AvgNeg=0.000
[2025-10-23 01:54:11] INFO: [Thresholds] Abs=0.600, Margin=0.100(10.0%), RelMargin=100.0%, Tightness=1.000, StdDev=0.000
[2025-10-23 01:54:11] INFO: [Accept] S13234 - Jin_Rae | Raw=0.997, Confidence=100%, Margin=0.997 | Strong confidence match
[2025-10-23 01:54:11] INFO: [Recognition] Scores: S13234 - Jin_Rae=0.997 
[2025-10-23 01:54:11] INFO: [Decision] Best=S13234 - Jin_Rae(0.997), 2nd=0.000, Discriminative=0.997, AvgNeg=0.000
[2025-10-23 01:54:11] INFO: [Thresholds] Abs=0.600, Margin=0.100(10.0%), RelMargin=100.0%, Tightness=1.000, StdDev=0.000
[2025-10-23 01:54:11] INFO: [Accept] S13234 - Jin_Rae | Raw=0.997, Confidence=100%, Margin=0.997 | Strong confidence match
[2025-10-23 01:54:11] INFO: [Recognition] Scores: S13234 - Jin_Rae=0.997 
[2025-10-23 01:54:11] INFO: [Decision] Best=S13234 - Jin_Rae(0.997), 2nd=0.000, Discriminative=0.997, AvgNeg=0.000
[2025-10-23 01:54:11] INFO: [Thresholds] Abs=0.600, Margin=0.100(10.0%), RelMargin=100.0%, Tightness=1.000, StdDev=0.000
[2025-10-23 01:54:11] INFO: [Accept] S13234 - Jin_Rae | Raw=0.997, Confidence=100%, Margin=0.997 | Strong confidence match
[2025-10-23 01:54:11] INFO: [Recognition] Scores: S13234 - Jin_Rae=0.996 
[2025-10-23 01:54:11] INFO: [Decision] Best=S13234 - Jin_Rae(0.996), 2nd=0.000, Discriminative=0.996, AvgNeg=0.000
[2025-10-23 01:54:11] INFO: [Thresholds] Abs=0.600, Margin=0.100(10.0%), RelMargin=100.0%, Tightness=1.000, StdDev=0.000
[2025-10-23 01:54:11] INFO: [Accept] S13234 - Jin_Rae | Raw=0.996, Confidence=100%, Margin=0.996 | Strong confidence match
[2025-10-23 01:54:12] INFO: [Recognition] Scores: S13234 - Jin_Rae=0.996 
[2025-10-23 01:54:12] INFO: [Decision] Best=S13234 - Jin_Rae(0.996), 2nd=0.000, Discriminative=0.996, AvgNeg=0.000
[2025-10-23 01:54:12] INFO: [Thresholds] Abs=0.600, Margin=0.100(10.0%), RelMargin=100.0%, Tightness=1.000, StdDev=0.000
[2025-10-23 01:54:12] INFO: [Accept] S13234 - Jin_Rae | Raw=0.996, Confidence=100%, Margin=0.996 | Strong confidence match
[2025-10-23 01:54:12] INFO: [Recognition] Scores: S13234 - Jin_Rae=0.996 
[2025-10-23 01:54:12] INFO: [Decision] Best=S13234 - Jin_Rae(0.996), 2nd=0.000, Discriminative=0.996, AvgNeg=0.000
[2025-10-23 01:54:12] INFO: [Thresholds] Abs=0.600, Margin=0.100(10.0%), RelMargin=100.0%, Tightness=1.000, StdDev=0.000
[2025-10-23 01:54:12] INFO: [Accept] S13234 - Jin_Rae | Raw=0.996, Confidence=100%, Margin=0.996 | Strong confidence match
[2025-10-23 01:54:12] INFO: [Recognition] Scores: S13234 - Jin_Rae=0.996 
[2025-10-23 01:54:12] INFO: [Decision] Best=S13234 - Jin_Rae(0.996), 2nd=0.000, Discriminative=0.996, AvgNeg=0.000
[2025-10-23 01:54:12] INFO: [Thresholds] Abs=0.600, Margin=0.100(10.0%), RelMargin=100.0%, Tightness=1.000, StdDev=0.000
[2025-10-23 01:54:12] INFO: [Accept] S13234 - Jin_Rae | Raw=0.996, Confidence=100%, Margin=0.996 | Strong confidence match
[2025-10-23 01:54:12] INFO: [Recognition] Scores: S13234 - Jin_Rae=0.996 
[2025-10-23 01:54:12] INFO: [Decision] Best=S13234 - Jin_Rae(0.996), 2nd=0.000, Discriminative=0.996, AvgNeg=0.000
[2025-10-23 01:54:12] INFO: [Thresholds] Abs=0.600, Margin=0.100(10.0%), RelMargin=100.0%, Tightness=1.000, StdDev=0.000
[2025-10-23 01:54:12] INFO: [Accept] S13234 - Jin_Rae | Raw=0.996, Confidence=100%, Margin=0.996 | Strong confidence match
[2025-10-23 01:54:12] INFO: [Recognition] Scores: S13234 - Jin_Rae=0.996 
[2025-10-23 01:54:12] INFO: [Decision] Best=S13234 - Jin_Rae(0.996), 2nd=0.000, Discriminative=0.996, AvgNeg=0.000
[2025-10-23 01:54:12] INFO: [Thresholds] Abs=0.600, Margin=0.100(10.0%), RelMargin=100.0%, Tightness=1.000, StdDev=0.000
[2025-10-23 01:54:12] INFO: [Accept] S13234 - Jin_Rae | Raw=0.996, Confidence=100%, Margin=0.996 | Strong confidence match
[2025-10-23 01:54:13] INFO: [Recognition] Scores: S13234 - Jin_Rae=0.996 
[2025-10-23 01:54:13] INFO: [Decision] Best=S13234 - Jin_Rae(0.996), 2nd=0.000, Discriminative=0.996, AvgNeg=0.000
[2025-10-23 01:54:13] INFO: [Thresholds] Abs=0.600, Margin=0.100(10.0%), RelMargin=100.0%, Tightness=1.000, StdDev=0.000
[2025-10-23 01:54:13] INFO: [Accept] S13234 - Jin_Rae | Raw=0.996, Confidence=100%, Margin=0.996 | Strong confidence match
[2025-10-23 01:54:13] INFO: [Recognition] Scores: S13234 - Jin_Rae=0.997 
[2025-10-23 01:54:13] INFO: [Decision] Best=S13234 - Jin_Rae(0.997), 2nd=0.000, Discriminative=0.997, AvgNeg=0.000
[2025-10-23 01:54:13] INFO: [Thresholds] Abs=0.600, Margin=0.100(10.0%), RelMargin=100.0%, Tightness=1.000, StdDev=0.000
[2025-10-23 01:54:13] INFO: [Accept] S13234 - Jin_Rae | Raw=0.997, Confidence=100%, Margin=0.997 | Strong confidence match
[2025-10-23 01:54:13] INFO: [Recognition] Scores: S13234 - Jin_Rae=0.999 
[2025-10-23 01:54:13] INFO: [Decision] Best=S13234 - Jin_Rae(0.999), 2nd=0.000, Discriminative=0.999, AvgNeg=0.000
[2025-10-23 01:54:13] INFO: [Thresholds] Abs=0.600, Margin=0.100(10.0%), RelMargin=100.0%, Tightness=1.000, StdDev=0.000
[2025-10-23 01:54:13] INFO: [Accept] S13234 - Jin_Rae | Raw=0.999, Confidence=100%, Margin=0.999 | Strong confidence match
[2025-10-23 01:54:14] INFO: [Recognition] Scores: S13234 - Jin_Rae=0.998 
[2025-10-23 01:54:14] INFO: [Decision] Best=S13234 - Jin_Rae(0.998), 2nd=0.000, Discriminative=0.998, AvgNeg=0.000
[2025-10-23 01:54:14] INFO: [Thresholds] Abs=0.600, Margin=0.100(10.0%), RelMargin=100.0%, Tightness=1.000, StdDev=0.000
[2025-10-23 01:54:14] INFO: [Accept] S13234 - Jin_Rae | Raw=0.998, Confidence=100%, Margin=0.998 | Strong confidence match
[2025-10-23 01:54:14] INFO: [Recognition] Scores: S13234 - Jin_Rae=0.999 
[2025-10-23 01:54:14] INFO: [Decision] Best=S13234 - Jin_Rae(0.999), 2nd=0.000, Discriminative=0.999, AvgNeg=0.000
[2025-10-23 01:54:14] INFO: [Thresholds] Abs=0.600, Margin=0.100(10.0%), RelMargin=100.0%, Tightness=1.000, StdDev=0.000
[2025-10-23 01:54:14] INFO: [Accept] S13234 - Jin_Rae | Raw=0.999, Confidence=100%, Margin=0.999 | Strong confidence match
[2025-10-23 01:54:14] INFO: [Recognition] Scores: S13234 - Jin_Rae=0.999 
[2025-10-23 01:54:14] INFO: [Decision] Best=S13234 - Jin_Rae(0.999), 2nd=0.000, Discriminative=0.999, AvgNeg=0.000
[2025-10-23 01:54:14] INFO: [Thresholds] Abs=0.600, Margin=0.100(10.0%), RelMargin=100.0%, Tightness=1.000, StdDev=0.000
[2025-10-23 01:54:14] INFO: [Accept] S13234 - Jin_Rae | Raw=0.999, Confidence=100%, Margin=0.999 | Strong confidence match
[2025-10-23 01:54:14] INFO: [Recognition] Scores: S13234 - Jin_Rae=0.999 
[2025-10-23 01:54:14] INFO: [Decision] Best=S13234 - Jin_Rae(0.999), 2nd=0.000, Discriminative=0.999, AvgNeg=0.000
[2025-10-23 01:54:14] INFO: [Thresholds] Abs=0.600, Margin=0.100(10.0%), RelMargin=100.0%, Tightness=1.000, StdDev=0.000
[2025-10-23 01:54:14] INFO: [Accept] S13234 - Jin_Rae | Raw=0.999, Confidence=100%, Margin=0.999 | Strong confidence match
[2025-10-23 01:54:14] INFO: [Recognition] Scores: S13234 - Jin_Rae=0.999 
[2025-10-23 01:54:14] INFO: [Decision] Best=S13234 - Jin_Rae(0.999), 2nd=0.000, Discriminative=0.999, AvgNeg=0.000
[2025-10-23 01:54:14] INFO: [Thresholds] Abs=0.600, Margin=0.100(10.0%), RelMargin=100.0%, Tightness=1.000, StdDev=0.000
[2025-10-23 01:54:14] INFO: [Accept] S13234 - Jin_Rae | Raw=0.999, Confidence=100%, Margin=0.999 | Strong confidence match
[2025-10-23 01:54:14] INFO: [Recognition] Scores: S13234 - Jin_Rae=0.999 
[2025-10-23 01:54:14] INFO: [Decision] Best=S13234 - Jin_Rae(0.999), 2nd=0.000, Discriminative=0.999, AvgNeg=0.000
[2025-10-23 01:54:14] INFO: [Thresholds] Abs=0.600, Margin=0.100(10.0%), RelMargin=100.0%, Tightness=1.000, StdDev=0.000
[2025-10-23 01:54:14] INFO: [Accept] S13234 - Jin_Rae | Raw=0.999, Confidence=100%, Margin=0.999 | Strong confidence match
[2025-10-23 01:54:15] INFO: [Recognition] Scores: S13234 - Jin_Rae=0.999 
[2025-10-23 01:54:15] INFO: [Decision] Best=S13234 - Jin_Rae(0.999), 2nd=0.000, Discriminative=0.999, AvgNeg=0.000
[2025-10-23 01:54:15] INFO: [Thresholds] Abs=0.600, Margin=0.100(10.0%), RelMargin=100.0%, Tightness=1.000, StdDev=0.000
[2025-10-23 01:54:15] INFO: [Accept] S13234 - Jin_Rae | Raw=0.999, Confidence=100%, Margin=0.999 | Strong confidence match
[2025-10-23 01:54:15] INFO: [Recognition] Scores: S13234 - Jin_Rae=0.999 
[2025-10-23 01:54:15] INFO: [Decision] Best=S13234 - Jin_Rae(0.999), 2nd=0.000, Discriminative=0.999, AvgNeg=0.000
[2025-10-23 01:54:15] INFO: [Thresholds] Abs=0.600, Margin=0.100(10.0%), RelMargin=100.0%, Tightness=1.000, StdDev=0.000
[2025-10-23 01:54:15] INFO: [Accept] S13234 - Jin_Rae | Raw=0.999, Confidence=100%, Margin=0.999 | Strong confidence match
[2025-10-23 01:54:15] INFO: Exiting Face Recognition Demo...
[2025-10-23 01:54:15] INFO: Exiting Face Recognition Demo...
