[2025-10-23 03:28:33] INFO: Application Logger Initialized.
[2025-10-23 03:28:33] INFO: app.properties normalized (55 entries).
[2025-10-23 03:28:33] INFO: Configuration loaded from file: C:\SMU\CS102 Project\FaceRecognitionCS102\app.properties
[2025-10-23 03:28:35] INFO: ￢ﾜﾅ ArcFace ResNet100 model loaded successfully
[2025-10-23 03:28:35] INFO: ￢ﾜﾓ FaceAligner initialized with 5-point alignment support
[2025-10-23 03:28:35] INFO: StudentManager initialized successfully
[2025-10-23 03:28:36] INFO: GUI launched successfully
[2025-10-23 03:28:39] INFO: ￢ﾜﾅ ArcFace ResNet100 model loaded successfully
[2025-10-23 03:28:39] INFO: ￢ﾜﾓ FaceAligner initialized with 5-point alignment support
[2025-10-23 03:28:39] INFO: FaceCaptureDialog created for student: Jin Rae
[2025-10-23 03:28:39] INFO: Dialog initialized
[2025-10-23 03:28:39] INFO: Starting camera preview...
[2025-10-23 03:28:39] INFO: Preview timer started at 20fps
[2025-10-23 03:28:41] INFO: Starting capture process...
[2025-10-23 03:28:41] INFO: Performing capture with target: 20
[2025-10-23 03:28:41] INFO: Debug: Capture process started
[2025-10-23 03:28:41] INFO: Debug: Image saved with confidence 1.00
[2025-10-23 03:28:42] INFO: Debug: Image saved with confidence 0.99
[2025-10-23 03:28:43] INFO: Debug: Image saved with confidence 0.99
[2025-10-23 03:28:45] INFO: Debug: Image saved with confidence 0.98
[2025-10-23 03:28:46] INFO: Debug: Image saved with confidence 1.00
[2025-10-23 03:28:47] INFO: Debug: Image saved with confidence 1.00
[2025-10-23 03:28:49] INFO: Debug: Image saved with confidence 1.00
[2025-10-23 03:28:50] INFO: Debug: Image saved with confidence 1.00
[2025-10-23 03:28:51] INFO: Debug: Image saved with confidence 1.00
[2025-10-23 03:28:53] INFO: Debug: Image saved with confidence 1.00
[2025-10-23 03:28:54] INFO: Debug: Image saved with confidence 1.00
[2025-10-23 03:28:55] INFO: Debug: Image saved with confidence 1.00
[2025-10-23 03:28:57] INFO: Debug: Image saved with confidence 1.00
[2025-10-23 03:28:58] INFO: Debug: Image saved with confidence 0.73
[2025-10-23 03:28:59] INFO: Debug: Image saved with confidence 1.00
[2025-10-23 03:29:01] INFO: Debug: Image saved with confidence 0.99
[2025-10-23 03:29:02] INFO: Debug: Image saved with confidence 1.00
[2025-10-23 03:29:03] INFO: Debug: Image saved with confidence 1.00
[2025-10-23 03:29:05] INFO: Debug: Image saved with confidence 1.00
[2025-10-23 03:29:06] INFO: Debug: Image saved with confidence 0.99
[2025-10-23 03:29:07] INFO: Debug: Capture process finished
[2025-10-23 03:29:07] INFO: Debug: Warning - Processing captured images...
[2025-10-23 03:29:08] INFO: DEBUG After norm in matToByteArray: Magnitude = 0.9999999727841752
[2025-10-23 03:29:08] INFO: DEBUG Generated embedding first 10 values: 
[2025-10-23 03:29:08] INFO: -0.010224 
[2025-10-23 03:29:08] INFO: -0.016619 
[2025-10-23 03:29:08] INFO: 0.029850 
[2025-10-23 03:29:08] INFO: 0.018337 
[2025-10-23 03:29:08] INFO: 0.024826 
[2025-10-23 03:29:08] INFO: 0.042764 
[2025-10-23 03:29:08] INFO: -0.060582 
[2025-10-23 03:29:08] INFO: -0.014872 
[2025-10-23 03:29:08] INFO: 0.030460 
[2025-10-23 03:29:08] INFO: -0.031524 
[2025-10-23 03:29:08] INFO: | Magnitude: 1.000000
[2025-10-23 03:29:08] INFO: ￢ﾜﾓ Saved embedding: S13234_001.emb
[2025-10-23 03:29:08] INFO: DEBUG After norm in matToByteArray: Magnitude = 1.0000000111071148
[2025-10-23 03:29:08] INFO: DEBUG Generated embedding first 10 values: 
[2025-10-23 03:29:08] INFO: -0.014302 
[2025-10-23 03:29:08] INFO: -0.019938 
[2025-10-23 03:29:08] INFO: 0.026058 
[2025-10-23 03:29:08] INFO: 0.019594 
[2025-10-23 03:29:08] INFO: 0.028680 
[2025-10-23 03:29:08] INFO: 0.041855 
[2025-10-23 03:29:08] INFO: -0.057808 
[2025-10-23 03:29:08] INFO: -0.015873 
[2025-10-23 03:29:08] INFO: 0.025711 
[2025-10-23 03:29:08] INFO: -0.029592 
[2025-10-23 03:29:08] INFO: | Magnitude: 1.000000
[2025-10-23 03:29:08] INFO: ￢ﾜﾓ Saved embedding: S13234_002.emb
[2025-10-23 03:29:08] INFO: DEBUG After norm in matToByteArray: Magnitude = 1.0000000181576494
[2025-10-23 03:29:08] INFO: DEBUG Generated embedding first 10 values: 
[2025-10-23 03:29:08] INFO: -0.014040 
[2025-10-23 03:29:08] INFO: -0.019713 
[2025-10-23 03:29:08] INFO: 0.026637 
[2025-10-23 03:29:08] INFO: 0.019706 
[2025-10-23 03:29:08] INFO: 0.029566 
[2025-10-23 03:29:08] INFO: 0.042230 
[2025-10-23 03:29:08] INFO: -0.058878 
[2025-10-23 03:29:08] INFO: -0.015987 
[2025-10-23 03:29:08] INFO: 0.024172 
[2025-10-23 03:29:08] INFO: -0.028639 
[2025-10-23 03:29:08] INFO: | Magnitude: 1.000000
[2025-10-23 03:29:08] INFO: ￢ﾜﾓ Saved embedding: S13234_003.emb
[2025-10-23 03:29:08] INFO: DEBUG After norm in matToByteArray: Magnitude = 1.000000023266271
[2025-10-23 03:29:08] INFO: DEBUG Generated embedding first 10 values: 
[2025-10-23 03:29:08] INFO: -0.013820 
[2025-10-23 03:29:08] INFO: -0.019477 
[2025-10-23 03:29:08] INFO: 0.026010 
[2025-10-23 03:29:08] INFO: 0.019556 
[2025-10-23 03:29:08] INFO: 0.028854 
[2025-10-23 03:29:08] INFO: 0.042255 
[2025-10-23 03:29:08] INFO: -0.058752 
[2025-10-23 03:29:08] INFO: -0.015857 
[2025-10-23 03:29:08] INFO: 0.024713 
[2025-10-23 03:29:08] INFO: -0.028578 
[2025-10-23 03:29:08] INFO: | Magnitude: 1.000000
[2025-10-23 03:29:08] INFO: ￢ﾜﾓ Saved embedding: S13234_004.emb
[2025-10-23 03:29:08] INFO: DEBUG After norm in matToByteArray: Magnitude = 1.0000000062973151
[2025-10-23 03:29:08] INFO: DEBUG Generated embedding first 10 values: 
[2025-10-23 03:29:08] INFO: -0.012834 
[2025-10-23 03:29:08] INFO: -0.020354 
[2025-10-23 03:29:08] INFO: 0.027150 
[2025-10-23 03:29:08] INFO: 0.019518 
[2025-10-23 03:29:08] INFO: 0.030034 
[2025-10-23 03:29:08] INFO: 0.042414 
[2025-10-23 03:29:08] INFO: -0.060992 
[2025-10-23 03:29:08] INFO: -0.016111 
[2025-10-23 03:29:08] INFO: 0.022125 
[2025-10-23 03:29:08] INFO: -0.027772 
[2025-10-23 03:29:08] INFO: | Magnitude: 1.000000
[2025-10-23 03:29:08] INFO: ￢ﾜﾓ Saved embedding: S13234_005.emb
[2025-10-23 03:29:08] INFO: DEBUG After norm in matToByteArray: Magnitude = 0.9999999902813279
[2025-10-23 03:29:08] INFO: DEBUG Generated embedding first 10 values: 
[2025-10-23 03:29:08] INFO: -0.013914 
[2025-10-23 03:29:08] INFO: -0.020826 
[2025-10-23 03:29:08] INFO: 0.027626 
[2025-10-23 03:29:08] INFO: 0.019086 
[2025-10-23 03:29:08] INFO: 0.029430 
[2025-10-23 03:29:08] INFO: 0.043481 
[2025-10-23 03:29:08] INFO: -0.060843 
[2025-10-23 03:29:08] INFO: -0.014890 
[2025-10-23 03:29:08] INFO: 0.019981 
[2025-10-23 03:29:08] INFO: -0.028163 
[2025-10-23 03:29:08] INFO: | Magnitude: 1.000000
[2025-10-23 03:29:08] INFO: ￢ﾜﾓ Saved embedding: S13234_006.emb
[2025-10-23 03:29:09] INFO: DEBUG After norm in matToByteArray: Magnitude = 0.9999999886014538
[2025-10-23 03:29:09] INFO: DEBUG Generated embedding first 10 values: 
[2025-10-23 03:29:09] INFO: -0.012380 
[2025-10-23 03:29:09] INFO: -0.019892 
[2025-10-23 03:29:09] INFO: 0.025643 
[2025-10-23 03:29:09] INFO: 0.019636 
[2025-10-23 03:29:09] INFO: 0.030427 
[2025-10-23 03:29:09] INFO: 0.041356 
[2025-10-23 03:29:09] INFO: -0.058783 
[2025-10-23 03:29:09] INFO: -0.016889 
[2025-10-23 03:29:09] INFO: 0.023994 
[2025-10-23 03:29:09] INFO: -0.027694 
[2025-10-23 03:29:09] INFO: | Magnitude: 1.000000
[2025-10-23 03:29:09] INFO: ￢ﾜﾓ Saved embedding: S13234_007.emb
[2025-10-23 03:29:09] INFO: DEBUG After norm in matToByteArray: Magnitude = 1.0000000302942333
[2025-10-23 03:29:09] INFO: DEBUG Generated embedding first 10 values: 
[2025-10-23 03:29:09] INFO: -0.012307 
[2025-10-23 03:29:09] INFO: -0.020429 
[2025-10-23 03:29:09] INFO: 0.025673 
[2025-10-23 03:29:09] INFO: 0.020520 
[2025-10-23 03:29:09] INFO: 0.031485 
[2025-10-23 03:29:09] INFO: 0.041983 
[2025-10-23 03:29:09] INFO: -0.059824 
[2025-10-23 03:29:09] INFO: -0.015984 
[2025-10-23 03:29:09] INFO: 0.022820 
[2025-10-23 03:29:09] INFO: -0.027702 
[2025-10-23 03:29:09] INFO: | Magnitude: 1.000000
[2025-10-23 03:29:09] INFO: ￢ﾜﾓ Saved embedding: S13234_008.emb
[2025-10-23 03:29:09] INFO: DEBUG After norm in matToByteArray: Magnitude = 0.9999999836548062
[2025-10-23 03:29:09] INFO: DEBUG Generated embedding first 10 values: 
[2025-10-23 03:29:09] INFO: -0.012801 
[2025-10-23 03:29:09] INFO: -0.020413 
[2025-10-23 03:29:09] INFO: 0.027178 
[2025-10-23 03:29:09] INFO: 0.020041 
[2025-10-23 03:29:09] INFO: 0.030895 
[2025-10-23 03:29:09] INFO: 0.042091 
[2025-10-23 03:29:09] INFO: -0.060146 
[2025-10-23 03:29:09] INFO: -0.016295 
[2025-10-23 03:29:09] INFO: 0.022070 
[2025-10-23 03:29:09] INFO: -0.026953 
[2025-10-23 03:29:09] INFO: | Magnitude: 1.000000
[2025-10-23 03:29:09] INFO: ￢ﾜﾓ Saved embedding: S13234_009.emb
[2025-10-23 03:29:09] INFO: DEBUG After norm in matToByteArray: Magnitude = 1.0000000102642557
[2025-10-23 03:29:09] INFO: DEBUG Generated embedding first 10 values: 
[2025-10-23 03:29:09] INFO: -0.013017 
[2025-10-23 03:29:09] INFO: -0.020676 
[2025-10-23 03:29:09] INFO: 0.027594 
[2025-10-23 03:29:09] INFO: 0.019883 
[2025-10-23 03:29:09] INFO: 0.030723 
[2025-10-23 03:29:09] INFO: 0.042600 
[2025-10-23 03:29:09] INFO: -0.060885 
[2025-10-23 03:29:09] INFO: -0.015484 
[2025-10-23 03:29:09] INFO: 0.021059 
[2025-10-23 03:29:09] INFO: -0.027433 
[2025-10-23 03:29:09] INFO: | Magnitude: 1.000000
[2025-10-23 03:29:09] INFO: ￢ﾜﾓ Saved embedding: S13234_010.emb
[2025-10-23 03:29:09] INFO: DEBUG After norm in matToByteArray: Magnitude = 0.9999999985858139
[2025-10-23 03:29:09] INFO: DEBUG Generated embedding first 10 values: 
[2025-10-23 03:29:09] INFO: -0.012628 
[2025-10-23 03:29:09] INFO: -0.020046 
[2025-10-23 03:29:09] INFO: 0.027130 
[2025-10-23 03:29:09] INFO: 0.020279 
[2025-10-23 03:29:09] INFO: 0.032156 
[2025-10-23 03:29:09] INFO: 0.041687 
[2025-10-23 03:29:09] INFO: -0.059545 
[2025-10-23 03:29:09] INFO: -0.016226 
[2025-10-23 03:29:09] INFO: 0.022166 
[2025-10-23 03:29:09] INFO: -0.027024 
[2025-10-23 03:29:09] INFO: | Magnitude: 1.000000
[2025-10-23 03:29:09] INFO: ￢ﾜﾓ Saved embedding: S13234_011.emb
[2025-10-23 03:29:09] INFO: DEBUG After norm in matToByteArray: Magnitude = 0.9999999501431014
[2025-10-23 03:29:09] INFO: DEBUG Generated embedding first 10 values: 
[2025-10-23 03:29:09] INFO: -0.012414 
[2025-10-23 03:29:09] INFO: -0.019779 
[2025-10-23 03:29:09] INFO: 0.027004 
[2025-10-23 03:29:09] INFO: 0.020079 
[2025-10-23 03:29:09] INFO: 0.031761 
[2025-10-23 03:29:09] INFO: 0.042054 
[2025-10-23 03:29:09] INFO: -0.059788 
[2025-10-23 03:29:09] INFO: -0.016693 
[2025-10-23 03:29:09] INFO: 0.021987 
[2025-10-23 03:29:09] INFO: -0.026662 
[2025-10-23 03:29:09] INFO: | Magnitude: 1.000000
[2025-10-23 03:29:09] INFO: ￢ﾜﾓ Saved embedding: S13234_012.emb
[2025-10-23 03:29:09] INFO: DEBUG After norm in matToByteArray: Magnitude = 0.9999999930421672
[2025-10-23 03:29:09] INFO: DEBUG Generated embedding first 10 values: 
[2025-10-23 03:29:09] INFO: -0.009144 
[2025-10-23 03:29:09] INFO: -0.018408 
[2025-10-23 03:29:09] INFO: 0.022980 
[2025-10-23 03:29:09] INFO: 0.019637 
[2025-10-23 03:29:09] INFO: 0.029029 
[2025-10-23 03:29:09] INFO: 0.043274 
[2025-10-23 03:29:09] INFO: -0.059290 
[2025-10-23 03:29:09] INFO: -0.017968 
[2025-10-23 03:29:09] INFO: 0.025981 
[2025-10-23 03:29:09] INFO: -0.030492 
[2025-10-23 03:29:09] INFO: | Magnitude: 1.000000
[2025-10-23 03:29:09] INFO: ￢ﾜﾓ Saved embedding: S13234_013.emb
[2025-10-23 03:29:09] INFO: DEBUG After norm in matToByteArray: Magnitude = 1.0000000433389706
[2025-10-23 03:29:09] INFO: DEBUG Generated embedding first 10 values: 
[2025-10-23 03:29:09] INFO: -0.015842 
[2025-10-23 03:29:09] INFO: -0.017340 
[2025-10-23 03:29:09] INFO: 0.024922 
[2025-10-23 03:29:09] INFO: 0.018209 
[2025-10-23 03:29:09] INFO: 0.024083 
[2025-10-23 03:29:09] INFO: 0.041350 
[2025-10-23 03:29:09] INFO: -0.058615 
[2025-10-23 03:29:09] INFO: -0.013799 
[2025-10-23 03:29:09] INFO: 0.026514 
[2025-10-23 03:29:09] INFO: -0.030783 
[2025-10-23 03:29:09] INFO: | Magnitude: 1.000000
[2025-10-23 03:29:09] INFO: ￢ﾜﾓ Saved embedding: S13234_014.emb
[2025-10-23 03:29:09] INFO: DEBUG After norm in matToByteArray: Magnitude = 1.0000000277110903
[2025-10-23 03:29:09] INFO: DEBUG Generated embedding first 10 values: 
[2025-10-23 03:29:09] INFO: -0.012435 
[2025-10-23 03:29:09] INFO: -0.018852 
[2025-10-23 03:29:09] INFO: 0.026000 
[2025-10-23 03:29:09] INFO: 0.016150 
[2025-10-23 03:29:09] INFO: 0.030297 
[2025-10-23 03:29:09] INFO: 0.042539 
[2025-10-23 03:29:09] INFO: -0.061957 
[2025-10-23 03:29:09] INFO: -0.018738 
[2025-10-23 03:29:09] INFO: 0.024797 
[2025-10-23 03:29:09] INFO: -0.028543 
[2025-10-23 03:29:09] INFO: | Magnitude: 1.000000
[2025-10-23 03:29:09] INFO: ￢ﾜﾓ Saved embedding: S13234_015.emb
[2025-10-23 03:29:09] INFO: DEBUG After norm in matToByteArray: Magnitude = 0.999999968250748
[2025-10-23 03:29:09] INFO: DEBUG Generated embedding first 10 values: 
[2025-10-23 03:29:09] INFO: -0.016594 
[2025-10-23 03:29:09] INFO: -0.023711 
[2025-10-23 03:29:09] INFO: 0.031744 
[2025-10-23 03:29:09] INFO: 0.019508 
[2025-10-23 03:29:09] INFO: 0.027708 
[2025-10-23 03:29:09] INFO: 0.044316 
[2025-10-23 03:29:09] INFO: -0.061154 
[2025-10-23 03:29:09] INFO: -0.012710 
[2025-10-23 03:29:09] INFO: 0.022778 
[2025-10-23 03:29:09] INFO: -0.033033 
[2025-10-23 03:29:09] INFO: | Magnitude: 1.000000
[2025-10-23 03:29:09] INFO: ￢ﾜﾓ Saved embedding: S13234_016.emb
[2025-10-23 03:29:09] INFO: DEBUG After norm in matToByteArray: Magnitude = 0.9999999608760536
[2025-10-23 03:29:09] INFO: DEBUG Generated embedding first 10 values: 
[2025-10-23 03:29:09] INFO: -0.013931 
[2025-10-23 03:29:09] INFO: -0.019161 
[2025-10-23 03:29:09] INFO: 0.026623 
[2025-10-23 03:29:09] INFO: 0.015594 
[2025-10-23 03:29:09] INFO: 0.027890 
[2025-10-23 03:29:09] INFO: 0.040934 
[2025-10-23 03:29:09] INFO: -0.059552 
[2025-10-23 03:29:09] INFO: -0.018571 
[2025-10-23 03:29:09] INFO: 0.027815 
[2025-10-23 03:29:09] INFO: -0.031495 
[2025-10-23 03:29:09] INFO: | Magnitude: 1.000000
[2025-10-23 03:29:09] INFO: ￢ﾜﾓ Saved embedding: S13234_017.emb
[2025-10-23 03:29:09] INFO: DEBUG After norm in matToByteArray: Magnitude = 1.0000000369608686
[2025-10-23 03:29:09] INFO: DEBUG Generated embedding first 10 values: 
[2025-10-23 03:29:09] INFO: -0.015477 
[2025-10-23 03:29:09] INFO: -0.022171 
[2025-10-23 03:29:09] INFO: 0.029784 
[2025-10-23 03:29:09] INFO: 0.018025 
[2025-10-23 03:29:09] INFO: 0.024615 
[2025-10-23 03:29:09] INFO: 0.045323 
[2025-10-23 03:29:09] INFO: -0.059658 
[2025-10-23 03:29:09] INFO: -0.012859 
[2025-10-23 03:29:09] INFO: 0.022900 
[2025-10-23 03:29:09] INFO: -0.032431 
[2025-10-23 03:29:09] INFO: | Magnitude: 1.000000
[2025-10-23 03:29:09] INFO: ￢ﾜﾓ Saved embedding: S13234_018.emb
[2025-10-23 03:29:10] INFO: DEBUG After norm in matToByteArray: Magnitude = 1.0000000036124166
[2025-10-23 03:29:10] INFO: DEBUG Generated embedding first 10 values: 
[2025-10-23 03:29:10] INFO: -0.016128 
[2025-10-23 03:29:10] INFO: -0.021031 
[2025-10-23 03:29:10] INFO: 0.032629 
[2025-10-23 03:29:10] INFO: 0.017660 
[2025-10-23 03:29:10] INFO: 0.021614 
[2025-10-23 03:29:10] INFO: 0.042185 
[2025-10-23 03:29:10] INFO: -0.058747 
[2025-10-23 03:29:10] INFO: -0.010884 
[2025-10-23 03:29:10] INFO: 0.030166 
[2025-10-23 03:29:10] INFO: -0.034673 
[2025-10-23 03:29:10] INFO: | Magnitude: 1.000000
[2025-10-23 03:29:10] INFO: ￢ﾜﾓ Saved embedding: S13234_019.emb
[2025-10-23 03:29:10] INFO: DEBUG After norm in matToByteArray: Magnitude = 0.9999999537148769
[2025-10-23 03:29:10] INFO: DEBUG Generated embedding first 10 values: 
[2025-10-23 03:29:10] INFO: -0.015850 
[2025-10-23 03:29:10] INFO: -0.019370 
[2025-10-23 03:29:10] INFO: 0.032665 
[2025-10-23 03:29:10] INFO: 0.017621 
[2025-10-23 03:29:10] INFO: 0.022036 
[2025-10-23 03:29:10] INFO: 0.040522 
[2025-10-23 03:29:10] INFO: -0.058696 
[2025-10-23 03:29:10] INFO: -0.010420 
[2025-10-23 03:29:10] INFO: 0.031157 
[2025-10-23 03:29:10] INFO: -0.034668 
[2025-10-23 03:29:10] INFO: | Magnitude: 1.000000
[2025-10-23 03:29:10] INFO: ￢ﾜﾓ Saved embedding: S13234_020.emb
[2025-10-23 03:29:10] INFO: Embedding generation complete: 20/20 successful
[2025-10-23 03:29:10] INFO:   Outlier detected: index=18, avgSim=0.9957, threshold=0.9964
[2025-10-23 03:29:10] INFO:   Outlier detected: index=19, avgSim=0.9953, threshold=0.9964
[2025-10-23 03:29:10] INFO:   ￢ﾜﾗ Deleted outlier embedding: S13234_019.emb
[2025-10-23 03:29:10] INFO:   ￢ﾜﾗ Deleted outlier image: S13234_019.png
[2025-10-23 03:29:10] INFO:   ￢ﾜﾗ Deleted outlier embedding: S13234_020.emb
[2025-10-23 03:29:10] INFO:   ￢ﾜﾗ Deleted outlier image: S13234_020.png
[2025-10-23 03:29:10] INFO: ￢ﾜﾓ Auto-removed 2 outlier embedding(s)
[2025-10-23 03:29:10] INFO:   Weak embedding detected: index=0, avgSim=0.9964, threshold=0.9969, absThresh=0.6000
[2025-10-23 03:29:10] INFO:   Weak embedding detected: index=18, avgSim=0.9957, threshold=0.9969, absThresh=0.6000
[2025-10-23 03:29:10] INFO:   Weak embedding detected: index=19, avgSim=0.9953, threshold=0.9969, absThresh=0.6000
[2025-10-23 03:29:10] INFO:   ￢ﾜﾗ Deleted weak embedding: S13234_001.emb
[2025-10-23 03:29:10] INFO:   ￢ﾜﾗ Deleted weak image: S13234_001.png
[2025-10-23 03:29:10] INFO: ￢ﾜﾓ Auto-removed 1 weak embedding(s)
[2025-10-23 03:29:10] INFO: Capture result: true - Successfully captured 20 high-quality face images
[2025-10-23 03:29:10] INFO: Debug: Warning - Analyzing embedding quality...
[2025-10-23 03:29:10] INFO: Debug: Warning - Removed 2 outlier image(s) automatically
[2025-10-23 03:29:10] INFO: Debug: Warning - Removed 1 weak image(s) automatically
[2025-10-23 03:29:11] INFO: Debug: All images captured successfully
[2025-10-23 03:29:12] INFO: Disposing FaceCaptureDialog...
[2025-10-23 03:29:12] INFO: Preview timer stopped
[2025-10-23 03:29:12] INFO: Face detection resources released
