[2025-10-22 13:35:04] INFO: Application Logger Initialized.
[2025-10-22 13:35:04] INFO: Configuration and core components loaded.
[2025-10-22 13:35:04] INFO: app.properties normalized (55 entries).
[2025-10-22 13:35:04] INFO: Configuration loaded from classpath: app.properties
[2025-10-22 13:35:04] INFO: Configuration file loaded
[2025-10-22 13:35:04] INFO: MyGUIProgram Started!
[2025-10-22 13:35:06] INFO: ￢ﾜﾓ FaceAligner initialized with fallback eye detector
[2025-10-22 13:35:06] INFO: ￢ﾜﾅ OpenFace nn4.small2.v1 model loaded successfully
[2025-10-22 13:35:06] INFO: ￢ﾜﾓ FaceAligner initialized with fallback eye detector
[2025-10-22 13:35:06] INFO: === Folder debug ===
[2025-10-22 13:35:06] INFO: Found folder: C:\SMU\CS102 Project\FaceRecognitionCS102\data\facedata\S00001_jereme
[2025-10-22 13:35:06] INFO:   Contains: 20 items
[2025-10-22 13:35:06] INFO:   Display label: S00001 - jereme
[2025-10-22 13:35:06] INFO: Found folder: C:\SMU\CS102 Project\FaceRecognitionCS102\data\facedata\S13234_Jin_Rae
[2025-10-22 13:35:06] INFO:   Contains: 34 items
[2025-10-22 13:35:06] INFO:   Display label: S13234 - Jin_Rae
[2025-10-22 13:35:06] INFO: ====================
[2025-10-22 13:35:06] INFO: Person S00001 - jereme: tightness=0.890, stdDev=0.013, absThresh=0.611, margin=0.111
[2025-10-22 13:35:06] INFO: Person S13234 - Jin_Rae: tightness=0.948, stdDev=0.025, absThresh=0.605, margin=0.105
[2025-10-22 13:35:06] INFO: DNN face detector loaded successfully for recognition
[2025-10-22 13:35:06] INFO: Attempting camera index 0 with DSHOW backend...
[2025-10-22 13:35:08] INFO: Camera opened successfully: index 0 with DSHOW backend
[2025-10-22 13:35:12] INFO: Camera configured: 640x480 @ 30fps (MJPEG: yes)
[2025-10-22 13:35:12] INFO: Camera initialized successfully
[2025-10-22 13:35:13] INFO: [Recognition] Scores: S00001 - jereme=0.741 S13234 - Jin_Rae=0.721 
[2025-10-22 13:35:13] INFO: [Decision] Best=S00001 - jereme(0.741), 2nd=0.721, Discriminative=0.597, AvgNeg=0.721
[2025-10-22 13:35:13] INFO: [Thresholds] Abs=0.611, Margin=0.111(15.0%), RelMargin=2.8%, Tightness=0.890, StdDev=0.013
[2025-10-22 13:35:13] INFO: [Decision] REJECT: Abs=
[2025-10-22 13:35:13] INFO: true
[2025-10-22 13:35:13] INFO: , AbsMargin=
[2025-10-22 13:35:13] INFO: false
[2025-10-22 13:35:13] INFO: , RelMargin=
[2025-10-22 13:35:13] INFO: false
[2025-10-22 13:35:13] INFO: (
[2025-10-22 13:35:13] INFO: 2.8
[2025-10-22 13:35:13] INFO: %
[2025-10-22 13:35:13] INFO: ), StrongMargin=
[2025-10-22 13:35:13] INFO: false
[2025-10-22 13:35:13] INFO: (
[2025-10-22 13:35:13] INFO: 12.0
[2025-10-22 13:35:13] INFO: %
[2025-10-22 13:35:13] INFO: ), Discrim=
[2025-10-22 13:35:13] INFO: false
[2025-10-22 13:35:13] INFO: , Consist=
[2025-10-22 13:35:13] INFO: false
[2025-10-22 13:35:13] INFO: (
[2025-10-22 13:35:13] INFO: 0
[2025-10-22 13:35:13] INFO: /
[2025-10-22 13:35:13] INFO: 7
[2025-10-22 13:35:13] INFO: )
[2025-10-22 13:35:13] INFO: [Recognition] Scores: S00001 - jereme=0.751 S13234 - Jin_Rae=0.694 
[2025-10-22 13:35:13] INFO: [Decision] Best=S00001 - jereme(0.751), 2nd=0.694, Discriminative=0.612, AvgNeg=0.694
[2025-10-22 13:35:13] INFO: [Thresholds] Abs=0.611, Margin=0.111(14.8%), RelMargin=7.6%, Tightness=0.890, StdDev=0.013
[2025-10-22 13:35:13] INFO: [Decision] REJECT: Abs=
[2025-10-22 13:35:13] INFO: true
[2025-10-22 13:35:13] INFO: , AbsMargin=
[2025-10-22 13:35:13] INFO: false
[2025-10-22 13:35:13] INFO: , RelMargin=
[2025-10-22 13:35:13] INFO: false
[2025-10-22 13:35:13] INFO: (
[2025-10-22 13:35:13] INFO: 7.6
[2025-10-22 13:35:13] INFO: %
[2025-10-22 13:35:13] INFO: ), StrongMargin=
[2025-10-22 13:35:13] INFO: false
[2025-10-22 13:35:13] INFO: (
[2025-10-22 13:35:13] INFO: 12.0
[2025-10-22 13:35:13] INFO: %
[2025-10-22 13:35:13] INFO: ), Discrim=
[2025-10-22 13:35:13] INFO: true
[2025-10-22 13:35:13] INFO: , Consist=
[2025-10-22 13:35:13] INFO: false
[2025-10-22 13:35:13] INFO: (
[2025-10-22 13:35:13] INFO: 0
[2025-10-22 13:35:13] INFO: /
[2025-10-22 13:35:13] INFO: 7
[2025-10-22 13:35:13] INFO: )
[2025-10-22 13:35:13] INFO: [Recognition] Scores: S00001 - jereme=0.742 S13234 - Jin_Rae=0.774 
[2025-10-22 13:35:13] INFO: [Decision] Best=S13234 - Jin_Rae(0.774), 2nd=0.742, Discriminative=0.626, AvgNeg=0.742
[2025-10-22 13:35:13] INFO: [Thresholds] Abs=0.605, Margin=0.105(13.6%), RelMargin=4.1%, Tightness=0.948, StdDev=0.025
[2025-10-22 13:35:13] INFO: [Decision] REJECT: Abs=
[2025-10-22 13:35:13] INFO: true
[2025-10-22 13:35:13] INFO: , AbsMargin=
[2025-10-22 13:35:13] INFO: false
[2025-10-22 13:35:13] INFO: , RelMargin=
[2025-10-22 13:35:13] INFO: false
[2025-10-22 13:35:13] INFO: (
[2025-10-22 13:35:13] INFO: 4.1
[2025-10-22 13:35:13] INFO: %
[2025-10-22 13:35:13] INFO: ), StrongMargin=
[2025-10-22 13:35:13] INFO: false
[2025-10-22 13:35:13] INFO: (
[2025-10-22 13:35:13] INFO: 12.0
[2025-10-22 13:35:13] INFO: %
[2025-10-22 13:35:13] INFO: ), Discrim=
[2025-10-22 13:35:13] INFO: true
[2025-10-22 13:35:13] INFO: , Consist=
[2025-10-22 13:35:13] INFO: false
[2025-10-22 13:35:13] INFO: (
[2025-10-22 13:35:13] INFO: 0
[2025-10-22 13:35:13] INFO: /
[2025-10-22 13:35:13] INFO: 7
[2025-10-22 13:35:13] INFO: )
[2025-10-22 13:35:14] INFO: [Recognition] Scores: S00001 - jereme=0.765 S13234 - Jin_Rae=0.724 
[2025-10-22 13:35:14] INFO: [Decision] Best=S00001 - jereme(0.765), 2nd=0.724, Discriminative=0.620, AvgNeg=0.724
[2025-10-22 13:35:14] INFO: [Thresholds] Abs=0.611, Margin=0.111(14.5%), RelMargin=5.3%, Tightness=0.890, StdDev=0.013
[2025-10-22 13:35:14] INFO: [Decision] REJECT: Abs=
[2025-10-22 13:35:14] INFO: true
[2025-10-22 13:35:14] INFO: , AbsMargin=
[2025-10-22 13:35:14] INFO: false
[2025-10-22 13:35:14] INFO: , RelMargin=
[2025-10-22 13:35:14] INFO: false
[2025-10-22 13:35:14] INFO: (
[2025-10-22 13:35:14] INFO: 5.3
[2025-10-22 13:35:14] INFO: %
[2025-10-22 13:35:14] INFO: ), StrongMargin=
[2025-10-22 13:35:14] INFO: false
[2025-10-22 13:35:14] INFO: (
[2025-10-22 13:35:14] INFO: 12.0
[2025-10-22 13:35:14] INFO: %
[2025-10-22 13:35:14] INFO: ), Discrim=
[2025-10-22 13:35:14] INFO: true
[2025-10-22 13:35:14] INFO: , Consist=
[2025-10-22 13:35:14] INFO: false
[2025-10-22 13:35:14] INFO: (
[2025-10-22 13:35:14] INFO: 0
[2025-10-22 13:35:14] INFO: /
[2025-10-22 13:35:14] INFO: 7
[2025-10-22 13:35:14] INFO: )
[2025-10-22 13:35:14] INFO: [Recognition] Scores: S00001 - jereme=0.753 S13234 - Jin_Rae=0.799 
[2025-10-22 13:35:14] INFO: [Decision] Best=S13234 - Jin_Rae(0.799), 2nd=0.753, Discriminative=0.648, AvgNeg=0.753
[2025-10-22 13:35:14] INFO: [Thresholds] Abs=0.605, Margin=0.105(13.2%), RelMargin=5.7%, Tightness=0.948, StdDev=0.025
[2025-10-22 13:35:14] INFO: [Decision] REJECT: Abs=
[2025-10-22 13:35:14] INFO: true
[2025-10-22 13:35:14] INFO: , AbsMargin=
[2025-10-22 13:35:14] INFO: false
[2025-10-22 13:35:14] INFO: , RelMargin=
[2025-10-22 13:35:14] INFO: false
[2025-10-22 13:35:14] INFO: (
[2025-10-22 13:35:14] INFO: 5.7
[2025-10-22 13:35:14] INFO: %
[2025-10-22 13:35:14] INFO: ), StrongMargin=
[2025-10-22 13:35:14] INFO: false
[2025-10-22 13:35:14] INFO: (
[2025-10-22 13:35:14] INFO: 12.0
[2025-10-22 13:35:14] INFO: %
[2025-10-22 13:35:14] INFO: ), Discrim=
[2025-10-22 13:35:14] INFO: true
[2025-10-22 13:35:14] INFO: , Consist=
[2025-10-22 13:35:14] INFO: false
[2025-10-22 13:35:14] INFO: (
[2025-10-22 13:35:14] INFO: 0
[2025-10-22 13:35:14] INFO: /
[2025-10-22 13:35:14] INFO: 7
[2025-10-22 13:35:14] INFO: )
[2025-10-22 13:35:14] INFO: [Recognition] Scores: S00001 - jereme=0.763 S13234 - Jin_Rae=0.782 
[2025-10-22 13:35:14] INFO: [Decision] Best=S13234 - Jin_Rae(0.782), 2nd=0.763, Discriminative=0.629, AvgNeg=0.763
[2025-10-22 13:35:14] INFO: [Thresholds] Abs=0.605, Margin=0.105(13.5%), RelMargin=2.4%, Tightness=0.948, StdDev=0.025
[2025-10-22 13:35:14] INFO: [Decision] REJECT: Abs=
[2025-10-22 13:35:14] INFO: true
[2025-10-22 13:35:14] INFO: , AbsMargin=
[2025-10-22 13:35:14] INFO: false
[2025-10-22 13:35:14] INFO: , RelMargin=
[2025-10-22 13:35:14] INFO: false
[2025-10-22 13:35:14] INFO: (
[2025-10-22 13:35:14] INFO: 2.4
[2025-10-22 13:35:14] INFO: %
[2025-10-22 13:35:14] INFO: ), StrongMargin=
[2025-10-22 13:35:14] INFO: false
[2025-10-22 13:35:14] INFO: (
[2025-10-22 13:35:14] INFO: 12.0
[2025-10-22 13:35:14] INFO: %
[2025-10-22 13:35:14] INFO: ), Discrim=
[2025-10-22 13:35:14] INFO: true
[2025-10-22 13:35:14] INFO: , Consist=
[2025-10-22 13:35:14] INFO: false
[2025-10-22 13:35:14] INFO: (
[2025-10-22 13:35:14] INFO: 0
[2025-10-22 13:35:14] INFO: /
[2025-10-22 13:35:14] INFO: 7
[2025-10-22 13:35:14] INFO: )
[2025-10-22 13:35:15] INFO: [Recognition] Scores: S00001 - jereme=0.759 S13234 - Jin_Rae=0.785 
[2025-10-22 13:35:15] INFO: [Decision] Best=S13234 - Jin_Rae(0.785), 2nd=0.759, Discriminative=0.633, AvgNeg=0.759
[2025-10-22 13:35:15] INFO: [Thresholds] Abs=0.605, Margin=0.105(13.4%), RelMargin=3.2%, Tightness=0.948, StdDev=0.025
[2025-10-22 13:35:15] INFO: [Decision] REJECT: Abs=
[2025-10-22 13:35:15] INFO: true
[2025-10-22 13:35:15] INFO: , AbsMargin=
[2025-10-22 13:35:15] INFO: false
[2025-10-22 13:35:15] INFO: , RelMargin=
[2025-10-22 13:35:15] INFO: false
[2025-10-22 13:35:15] INFO: (
[2025-10-22 13:35:15] INFO: 3.2
[2025-10-22 13:35:15] INFO: %
[2025-10-22 13:35:15] INFO: ), StrongMargin=
[2025-10-22 13:35:15] INFO: false
[2025-10-22 13:35:15] INFO: (
[2025-10-22 13:35:15] INFO: 12.0
[2025-10-22 13:35:15] INFO: %
[2025-10-22 13:35:15] INFO: ), Discrim=
[2025-10-22 13:35:15] INFO: true
[2025-10-22 13:35:15] INFO: , Consist=
[2025-10-22 13:35:15] INFO: false
[2025-10-22 13:35:15] INFO: (
[2025-10-22 13:35:15] INFO: 0
[2025-10-22 13:35:15] INFO: /
[2025-10-22 13:35:15] INFO: 7
[2025-10-22 13:35:15] INFO: )
[2025-10-22 13:35:15] INFO: [Recognition] Scores: S00001 - jereme=0.754 S13234 - Jin_Rae=0.782 
[2025-10-22 13:35:15] INFO: [Decision] Best=S13234 - Jin_Rae(0.782), 2nd=0.754, Discriminative=0.632, AvgNeg=0.754
[2025-10-22 13:35:15] INFO: [Thresholds] Abs=0.605, Margin=0.105(13.4%), RelMargin=3.7%, Tightness=0.948, StdDev=0.025
[2025-10-22 13:35:15] INFO: [Decision] REJECT: Abs=
[2025-10-22 13:35:15] INFO: true
[2025-10-22 13:35:15] INFO: , AbsMargin=
[2025-10-22 13:35:15] INFO: false
[2025-10-22 13:35:15] INFO: , RelMargin=
[2025-10-22 13:35:15] INFO: false
[2025-10-22 13:35:15] INFO: (
[2025-10-22 13:35:15] INFO: 3.7
[2025-10-22 13:35:15] INFO: %
[2025-10-22 13:35:15] INFO: ), StrongMargin=
[2025-10-22 13:35:15] INFO: false
[2025-10-22 13:35:15] INFO: (
[2025-10-22 13:35:15] INFO: 12.0
[2025-10-22 13:35:15] INFO: %
[2025-10-22 13:35:15] INFO: ), Discrim=
[2025-10-22 13:35:15] INFO: true
[2025-10-22 13:35:15] INFO: , Consist=
[2025-10-22 13:35:15] INFO: false
[2025-10-22 13:35:15] INFO: (
[2025-10-22 13:35:15] INFO: 0
[2025-10-22 13:35:15] INFO: /
[2025-10-22 13:35:15] INFO: 7
[2025-10-22 13:35:15] INFO: )
[2025-10-22 13:35:17] INFO: [Recognition] Scores: S00001 - jereme=0.764 S13234 - Jin_Rae=0.803 
[2025-10-22 13:35:17] INFO: [Decision] Best=S13234 - Jin_Rae(0.803), 2nd=0.764, Discriminative=0.650, AvgNeg=0.764
[2025-10-22 13:35:17] INFO: [Thresholds] Abs=0.605, Margin=0.105(13.1%), RelMargin=4.8%, Tightness=0.948, StdDev=0.025
[2025-10-22 13:35:17] INFO: [Decision] REJECT: Abs=
[2025-10-22 13:35:17] INFO: true
[2025-10-22 13:35:17] INFO: , AbsMargin=
[2025-10-22 13:35:17] INFO: false
[2025-10-22 13:35:17] INFO: , RelMargin=
[2025-10-22 13:35:17] INFO: false
[2025-10-22 13:35:17] INFO: (
[2025-10-22 13:35:17] INFO: 4.8
[2025-10-22 13:35:17] INFO: %
[2025-10-22 13:35:17] INFO: ), StrongMargin=
[2025-10-22 13:35:17] INFO: false
[2025-10-22 13:35:17] INFO: (
[2025-10-22 13:35:17] INFO: 12.0
[2025-10-22 13:35:17] INFO: %
[2025-10-22 13:35:17] INFO: ), Discrim=
[2025-10-22 13:35:17] INFO: true
[2025-10-22 13:35:17] INFO: , Consist=
[2025-10-22 13:35:17] INFO: false
[2025-10-22 13:35:17] INFO: (
[2025-10-22 13:35:17] INFO: 0
[2025-10-22 13:35:17] INFO: /
[2025-10-22 13:35:17] INFO: 7
[2025-10-22 13:35:17] INFO: )
[2025-10-22 13:35:17] INFO: [Recognition] Scores: S00001 - jereme=0.801 S13234 - Jin_Rae=0.836 
[2025-10-22 13:35:17] INFO: [Decision] Best=S13234 - Jin_Rae(0.836), 2nd=0.801, Discriminative=0.676, AvgNeg=0.801
[2025-10-22 13:35:17] INFO: [Thresholds] Abs=0.605, Margin=0.105(12.6%), RelMargin=4.2%, Tightness=0.948, StdDev=0.025
[2025-10-22 13:35:17] INFO: [Decision] REJECT: Abs=
[2025-10-22 13:35:17] INFO: true
[2025-10-22 13:35:17] INFO: , AbsMargin=
[2025-10-22 13:35:17] INFO: false
[2025-10-22 13:35:17] INFO: , RelMargin=
[2025-10-22 13:35:17] INFO: false
[2025-10-22 13:35:17] INFO: (
[2025-10-22 13:35:17] INFO: 4.2
[2025-10-22 13:35:17] INFO: %
[2025-10-22 13:35:17] INFO: ), StrongMargin=
[2025-10-22 13:35:17] INFO: false
[2025-10-22 13:35:17] INFO: (
[2025-10-22 13:35:17] INFO: 12.0
[2025-10-22 13:35:17] INFO: %
[2025-10-22 13:35:17] INFO: ), Discrim=
[2025-10-22 13:35:17] INFO: true
[2025-10-22 13:35:17] INFO: , Consist=
[2025-10-22 13:35:17] INFO: false
[2025-10-22 13:35:17] INFO: (
[2025-10-22 13:35:17] INFO: 0
[2025-10-22 13:35:17] INFO: /
[2025-10-22 13:35:17] INFO: 7
[2025-10-22 13:35:17] INFO: )
[2025-10-22 13:35:18] INFO: [Recognition] Scores: S00001 - jereme=0.792 S13234 - Jin_Rae=0.857 
[2025-10-22 13:35:18] INFO: [Decision] Best=S13234 - Jin_Rae(0.857), 2nd=0.792, Discriminative=0.698, AvgNeg=0.792
[2025-10-22 13:35:18] INFO: [Thresholds] Abs=0.605, Margin=0.105(12.3%), RelMargin=7.6%, Tightness=0.948, StdDev=0.025
[2025-10-22 13:35:18] INFO: [Decision] REJECT: Abs=
[2025-10-22 13:35:18] INFO: true
[2025-10-22 13:35:18] INFO: , AbsMargin=
[2025-10-22 13:35:18] INFO: false
[2025-10-22 13:35:18] INFO: , RelMargin=
[2025-10-22 13:35:18] INFO: false
[2025-10-22 13:35:18] INFO: (
[2025-10-22 13:35:18] INFO: 7.6
[2025-10-22 13:35:18] INFO: %
[2025-10-22 13:35:18] INFO: ), StrongMargin=
[2025-10-22 13:35:18] INFO: false
[2025-10-22 13:35:18] INFO: (
[2025-10-22 13:35:18] INFO: 12.0
[2025-10-22 13:35:18] INFO: %
[2025-10-22 13:35:18] INFO: ), Discrim=
[2025-10-22 13:35:18] INFO: true
[2025-10-22 13:35:18] INFO: , Consist=
[2025-10-22 13:35:18] INFO: false
[2025-10-22 13:35:18] INFO: (
[2025-10-22 13:35:18] INFO: 0
[2025-10-22 13:35:18] INFO: /
[2025-10-22 13:35:18] INFO: 7
[2025-10-22 13:35:18] INFO: )
[2025-10-22 13:35:18] INFO: [Recognition] Scores: S00001 - jereme=0.762 S13234 - Jin_Rae=0.822 
[2025-10-22 13:35:18] INFO: [Decision] Best=S13234 - Jin_Rae(0.822), 2nd=0.762, Discriminative=0.670, AvgNeg=0.762
[2025-10-22 13:35:18] INFO: [Thresholds] Abs=0.605, Margin=0.105(12.8%), RelMargin=7.3%, Tightness=0.948, StdDev=0.025
[2025-10-22 13:35:18] INFO: [Decision] REJECT: Abs=
[2025-10-22 13:35:18] INFO: true
[2025-10-22 13:35:18] INFO: , AbsMargin=
[2025-10-22 13:35:18] INFO: false
[2025-10-22 13:35:18] INFO: , RelMargin=
[2025-10-22 13:35:18] INFO: false
[2025-10-22 13:35:18] INFO: (
[2025-10-22 13:35:18] INFO: 7.3
[2025-10-22 13:35:18] INFO: %
[2025-10-22 13:35:18] INFO: ), StrongMargin=
[2025-10-22 13:35:18] INFO: false
[2025-10-22 13:35:18] INFO: (
[2025-10-22 13:35:18] INFO: 12.0
[2025-10-22 13:35:18] INFO: %
[2025-10-22 13:35:18] INFO: ), Discrim=
[2025-10-22 13:35:18] INFO: true
[2025-10-22 13:35:18] INFO: , Consist=
[2025-10-22 13:35:18] INFO: false
[2025-10-22 13:35:18] INFO: (
[2025-10-22 13:35:18] INFO: 0
[2025-10-22 13:35:18] INFO: /
[2025-10-22 13:35:18] INFO: 7
[2025-10-22 13:35:18] INFO: )
[2025-10-22 13:35:19] INFO: [Recognition] Scores: S00001 - jereme=0.753 S13234 - Jin_Rae=0.808 
[2025-10-22 13:35:19] INFO: [Decision] Best=S13234 - Jin_Rae(0.808), 2nd=0.753, Discriminative=0.658, AvgNeg=0.753
[2025-10-22 13:35:19] INFO: [Thresholds] Abs=0.605, Margin=0.105(13.0%), RelMargin=6.9%, Tightness=0.948, StdDev=0.025
[2025-10-22 13:35:19] INFO: [Decision] REJECT: Abs=
[2025-10-22 13:35:19] INFO: true
[2025-10-22 13:35:19] INFO: , AbsMargin=
[2025-10-22 13:35:19] INFO: false
[2025-10-22 13:35:19] INFO: , RelMargin=
[2025-10-22 13:35:19] INFO: false
[2025-10-22 13:35:19] INFO: (
[2025-10-22 13:35:19] INFO: 6.9
[2025-10-22 13:35:19] INFO: %
[2025-10-22 13:35:19] INFO: ), StrongMargin=
[2025-10-22 13:35:19] INFO: false
[2025-10-22 13:35:19] INFO: (
[2025-10-22 13:35:19] INFO: 12.0
[2025-10-22 13:35:19] INFO: %
[2025-10-22 13:35:19] INFO: ), Discrim=
[2025-10-22 13:35:19] INFO: true
[2025-10-22 13:35:19] INFO: , Consist=
[2025-10-22 13:35:19] INFO: false
[2025-10-22 13:35:19] INFO: (
[2025-10-22 13:35:19] INFO: 0
[2025-10-22 13:35:19] INFO: /
[2025-10-22 13:35:19] INFO: 7
[2025-10-22 13:35:19] INFO: )
[2025-10-22 13:35:19] INFO: [Recognition] Scores: S00001 - jereme=0.746 S13234 - Jin_Rae=0.770 
[2025-10-22 13:35:19] INFO: [Decision] Best=S13234 - Jin_Rae(0.770), 2nd=0.746, Discriminative=0.621, AvgNeg=0.746
[2025-10-22 13:35:19] INFO: [Thresholds] Abs=0.605, Margin=0.105(13.7%), RelMargin=3.2%, Tightness=0.948, StdDev=0.025
[2025-10-22 13:35:19] INFO: [Decision] REJECT: Abs=
[2025-10-22 13:35:19] INFO: true
[2025-10-22 13:35:19] INFO: , AbsMargin=
[2025-10-22 13:35:19] INFO: false
[2025-10-22 13:35:19] INFO: , RelMargin=
[2025-10-22 13:35:19] INFO: false
[2025-10-22 13:35:19] INFO: (
[2025-10-22 13:35:19] INFO: 3.2
[2025-10-22 13:35:19] INFO: %
[2025-10-22 13:35:19] INFO: ), StrongMargin=
[2025-10-22 13:35:19] INFO: false
[2025-10-22 13:35:19] INFO: (
[2025-10-22 13:35:19] INFO: 12.0
[2025-10-22 13:35:19] INFO: %
[2025-10-22 13:35:19] INFO: ), Discrim=
[2025-10-22 13:35:19] INFO: true
[2025-10-22 13:35:19] INFO: , Consist=
[2025-10-22 13:35:19] INFO: false
[2025-10-22 13:35:19] INFO: (
[2025-10-22 13:35:19] INFO: 0
[2025-10-22 13:35:19] INFO: /
[2025-10-22 13:35:19] INFO: 7
[2025-10-22 13:35:19] INFO: )
[2025-10-22 13:35:19] INFO: [Recognition] Scores: S00001 - jereme=0.739 S13234 - Jin_Rae=0.764 
[2025-10-22 13:35:19] INFO: [Decision] Best=S13234 - Jin_Rae(0.764), 2nd=0.739, Discriminative=0.616, AvgNeg=0.739
[2025-10-22 13:35:19] INFO: [Thresholds] Abs=0.605, Margin=0.105(13.8%), RelMargin=3.3%, Tightness=0.948, StdDev=0.025
[2025-10-22 13:35:19] INFO: [Decision] REJECT: Abs=
[2025-10-22 13:35:19] INFO: true
[2025-10-22 13:35:19] INFO: , AbsMargin=
[2025-10-22 13:35:19] INFO: false
[2025-10-22 13:35:19] INFO: , RelMargin=
[2025-10-22 13:35:19] INFO: false
[2025-10-22 13:35:19] INFO: (
[2025-10-22 13:35:19] INFO: 3.3
[2025-10-22 13:35:19] INFO: %
[2025-10-22 13:35:19] INFO: ), StrongMargin=
[2025-10-22 13:35:19] INFO: false
[2025-10-22 13:35:19] INFO: (
[2025-10-22 13:35:19] INFO: 12.0
[2025-10-22 13:35:19] INFO: %
[2025-10-22 13:35:19] INFO: ), Discrim=
[2025-10-22 13:35:19] INFO: true
[2025-10-22 13:35:19] INFO: , Consist=
[2025-10-22 13:35:19] INFO: false
[2025-10-22 13:35:19] INFO: (
[2025-10-22 13:35:19] INFO: 0
[2025-10-22 13:35:19] INFO: /
[2025-10-22 13:35:19] INFO: 7
[2025-10-22 13:35:19] INFO: )
[2025-10-22 13:35:20] INFO: [Recognition] Scores: S00001 - jereme=0.759 S13234 - Jin_Rae=0.753 
[2025-10-22 13:35:20] INFO: [Decision] Best=S00001 - jereme(0.759), 2nd=0.753, Discriminative=0.609, AvgNeg=0.753
[2025-10-22 13:35:20] INFO: [Thresholds] Abs=0.611, Margin=0.111(14.6%), RelMargin=0.8%, Tightness=0.890, StdDev=0.013
[2025-10-22 13:35:20] INFO: [Decision] REJECT: Abs=
[2025-10-22 13:35:20] INFO: true
[2025-10-22 13:35:20] INFO: , AbsMargin=
[2025-10-22 13:35:20] INFO: false
[2025-10-22 13:35:20] INFO: , RelMargin=
[2025-10-22 13:35:20] INFO: false
[2025-10-22 13:35:20] INFO: (
[2025-10-22 13:35:20] INFO: 0.8
[2025-10-22 13:35:20] INFO: %
[2025-10-22 13:35:20] INFO: ), StrongMargin=
[2025-10-22 13:35:20] INFO: false
[2025-10-22 13:35:20] INFO: (
[2025-10-22 13:35:20] INFO: 12.0
[2025-10-22 13:35:20] INFO: %
[2025-10-22 13:35:20] INFO: ), Discrim=
[2025-10-22 13:35:20] INFO: false
[2025-10-22 13:35:20] INFO: , Consist=
[2025-10-22 13:35:20] INFO: false
[2025-10-22 13:35:20] INFO: (
[2025-10-22 13:35:20] INFO: 0
[2025-10-22 13:35:20] INFO: /
[2025-10-22 13:35:20] INFO: 7
[2025-10-22 13:35:20] INFO: )
[2025-10-22 13:35:20] INFO: [Recognition] Scores: S00001 - jereme=0.723 S13234 - Jin_Rae=0.722 
[2025-10-22 13:35:20] INFO: [Decision] Best=S00001 - jereme(0.723), 2nd=0.722, Discriminative=0.578, AvgNeg=0.722
[2025-10-22 13:35:20] INFO: [Thresholds] Abs=0.611, Margin=0.111(15.4%), RelMargin=0.1%, Tightness=0.890, StdDev=0.013
[2025-10-22 13:35:20] INFO: [Decision] REJECT: Abs=
[2025-10-22 13:35:20] INFO: true
[2025-10-22 13:35:20] INFO: , AbsMargin=
[2025-10-22 13:35:20] INFO: false
[2025-10-22 13:35:20] INFO: , RelMargin=
[2025-10-22 13:35:20] INFO: false
[2025-10-22 13:35:20] INFO: (
[2025-10-22 13:35:20] INFO: 0.1
[2025-10-22 13:35:20] INFO: %
[2025-10-22 13:35:20] INFO: ), StrongMargin=
[2025-10-22 13:35:20] INFO: false
[2025-10-22 13:35:20] INFO: (
[2025-10-22 13:35:20] INFO: 12.0
[2025-10-22 13:35:20] INFO: %
[2025-10-22 13:35:20] INFO: ), Discrim=
[2025-10-22 13:35:20] INFO: false
[2025-10-22 13:35:20] INFO: , Consist=
[2025-10-22 13:35:20] INFO: false
[2025-10-22 13:35:20] INFO: (
[2025-10-22 13:35:20] INFO: 0
[2025-10-22 13:35:20] INFO: /
[2025-10-22 13:35:20] INFO: 7
[2025-10-22 13:35:20] INFO: )
[2025-10-22 13:35:21] INFO: [Recognition] Scores: S00001 - jereme=0.750 S13234 - Jin_Rae=0.714 
[2025-10-22 13:35:21] INFO: [Decision] Best=S00001 - jereme(0.750), 2nd=0.714, Discriminative=0.607, AvgNeg=0.714
[2025-10-22 13:35:21] INFO: [Thresholds] Abs=0.611, Margin=0.111(14.8%), RelMargin=4.8%, Tightness=0.890, StdDev=0.013
[2025-10-22 13:35:21] INFO: [Decision] REJECT: Abs=
[2025-10-22 13:35:21] INFO: true
[2025-10-22 13:35:21] INFO: , AbsMargin=
[2025-10-22 13:35:21] INFO: false
[2025-10-22 13:35:21] INFO: , RelMargin=
[2025-10-22 13:35:21] INFO: false
[2025-10-22 13:35:21] INFO: (
[2025-10-22 13:35:21] INFO: 4.8
[2025-10-22 13:35:21] INFO: %
[2025-10-22 13:35:21] INFO: ), StrongMargin=
[2025-10-22 13:35:21] INFO: false
[2025-10-22 13:35:21] INFO: (
[2025-10-22 13:35:21] INFO: 12.0
[2025-10-22 13:35:21] INFO: %
[2025-10-22 13:35:21] INFO: ), Discrim=
[2025-10-22 13:35:21] INFO: false
[2025-10-22 13:35:21] INFO: , Consist=
[2025-10-22 13:35:21] INFO: false
[2025-10-22 13:35:21] INFO: (
[2025-10-22 13:35:21] INFO: 0
[2025-10-22 13:35:21] INFO: /
[2025-10-22 13:35:21] INFO: 7
[2025-10-22 13:35:21] INFO: )
[2025-10-22 13:35:21] INFO: [Recognition] Scores: S00001 - jereme=0.764 S13234 - Jin_Rae=0.787 
[2025-10-22 13:35:21] INFO: [Decision] Best=S13234 - Jin_Rae(0.787), 2nd=0.764, Discriminative=0.634, AvgNeg=0.764
[2025-10-22 13:35:21] INFO: [Thresholds] Abs=0.605, Margin=0.105(13.4%), RelMargin=3.0%, Tightness=0.948, StdDev=0.025
[2025-10-22 13:35:21] INFO: [Decision] REJECT: Abs=
[2025-10-22 13:35:21] INFO: true
[2025-10-22 13:35:21] INFO: , AbsMargin=
[2025-10-22 13:35:21] INFO: false
[2025-10-22 13:35:21] INFO: , RelMargin=
[2025-10-22 13:35:21] INFO: false
[2025-10-22 13:35:21] INFO: (
[2025-10-22 13:35:21] INFO: 3.0
[2025-10-22 13:35:21] INFO: %
[2025-10-22 13:35:21] INFO: ), StrongMargin=
[2025-10-22 13:35:21] INFO: false
[2025-10-22 13:35:21] INFO: (
[2025-10-22 13:35:21] INFO: 12.0
[2025-10-22 13:35:21] INFO: %
[2025-10-22 13:35:21] INFO: ), Discrim=
[2025-10-22 13:35:21] INFO: true
[2025-10-22 13:35:21] INFO: , Consist=
[2025-10-22 13:35:21] INFO: false
[2025-10-22 13:35:21] INFO: (
[2025-10-22 13:35:21] INFO: 0
[2025-10-22 13:35:21] INFO: /
[2025-10-22 13:35:21] INFO: 7
[2025-10-22 13:35:21] INFO: )
[2025-10-22 13:35:21] INFO: [Recognition] Scores: S00001 - jereme=0.775 S13234 - Jin_Rae=0.765 
[2025-10-22 13:35:21] INFO: [Decision] Best=S00001 - jereme(0.775), 2nd=0.765, Discriminative=0.622, AvgNeg=0.765
[2025-10-22 13:35:21] INFO: [Thresholds] Abs=0.611, Margin=0.111(14.3%), RelMargin=1.3%, Tightness=0.890, StdDev=0.013
[2025-10-22 13:35:21] INFO: [Decision] REJECT: Abs=
[2025-10-22 13:35:21] INFO: true
[2025-10-22 13:35:21] INFO: , AbsMargin=
[2025-10-22 13:35:21] INFO: false
[2025-10-22 13:35:21] INFO: , RelMargin=
[2025-10-22 13:35:21] INFO: false
[2025-10-22 13:35:21] INFO: (
[2025-10-22 13:35:21] INFO: 1.3
[2025-10-22 13:35:21] INFO: %
[2025-10-22 13:35:21] INFO: ), StrongMargin=
[2025-10-22 13:35:21] INFO: false
[2025-10-22 13:35:21] INFO: (
[2025-10-22 13:35:21] INFO: 12.0
[2025-10-22 13:35:21] INFO: %
[2025-10-22 13:35:21] INFO: ), Discrim=
[2025-10-22 13:35:21] INFO: true
[2025-10-22 13:35:21] INFO: , Consist=
[2025-10-22 13:35:21] INFO: false
[2025-10-22 13:35:21] INFO: (
[2025-10-22 13:35:21] INFO: 0
[2025-10-22 13:35:21] INFO: /
[2025-10-22 13:35:21] INFO: 7
[2025-10-22 13:35:21] INFO: )
[2025-10-22 13:35:22] INFO: [Recognition] Scores: S00001 - jereme=0.753 S13234 - Jin_Rae=0.773 
[2025-10-22 13:35:22] INFO: [Decision] Best=S13234 - Jin_Rae(0.773), 2nd=0.753, Discriminative=0.622, AvgNeg=0.753
[2025-10-22 13:35:22] INFO: [Thresholds] Abs=0.605, Margin=0.105(13.6%), RelMargin=2.5%, Tightness=0.948, StdDev=0.025
[2025-10-22 13:35:22] INFO: [Decision] REJECT: Abs=
[2025-10-22 13:35:22] INFO: true
[2025-10-22 13:35:22] INFO: , AbsMargin=
[2025-10-22 13:35:22] INFO: false
[2025-10-22 13:35:22] INFO: , RelMargin=
[2025-10-22 13:35:22] INFO: false
[2025-10-22 13:35:22] INFO: (
[2025-10-22 13:35:22] INFO: 2.5
[2025-10-22 13:35:22] INFO: %
[2025-10-22 13:35:22] INFO: ), StrongMargin=
[2025-10-22 13:35:22] INFO: false
[2025-10-22 13:35:22] INFO: (
[2025-10-22 13:35:22] INFO: 12.0
[2025-10-22 13:35:22] INFO: %
[2025-10-22 13:35:22] INFO: ), Discrim=
[2025-10-22 13:35:22] INFO: true
[2025-10-22 13:35:22] INFO: , Consist=
[2025-10-22 13:35:22] INFO: false
[2025-10-22 13:35:22] INFO: (
[2025-10-22 13:35:22] INFO: 0
[2025-10-22 13:35:22] INFO: /
[2025-10-22 13:35:22] INFO: 7
[2025-10-22 13:35:22] INFO: )
[2025-10-22 13:35:22] INFO: [Recognition] Scores: S00001 - jereme=0.742 S13234 - Jin_Rae=0.740 
[2025-10-22 13:35:22] INFO: [Decision] Best=S00001 - jereme(0.742), 2nd=0.740, Discriminative=0.594, AvgNeg=0.740
[2025-10-22 13:35:22] INFO: [Thresholds] Abs=0.611, Margin=0.111(14.9%), RelMargin=0.3%, Tightness=0.890, StdDev=0.013
[2025-10-22 13:35:22] INFO: [Decision] REJECT: Abs=
[2025-10-22 13:35:22] INFO: true
[2025-10-22 13:35:22] INFO: , AbsMargin=
[2025-10-22 13:35:22] INFO: false
[2025-10-22 13:35:22] INFO: , RelMargin=
[2025-10-22 13:35:22] INFO: false
[2025-10-22 13:35:22] INFO: (
[2025-10-22 13:35:22] INFO: 0.3
[2025-10-22 13:35:22] INFO: %
[2025-10-22 13:35:22] INFO: ), StrongMargin=
[2025-10-22 13:35:22] INFO: false
[2025-10-22 13:35:22] INFO: (
[2025-10-22 13:35:22] INFO: 12.0
[2025-10-22 13:35:22] INFO: %
[2025-10-22 13:35:22] INFO: ), Discrim=
[2025-10-22 13:35:22] INFO: false
[2025-10-22 13:35:22] INFO: , Consist=
[2025-10-22 13:35:22] INFO: false
[2025-10-22 13:35:22] INFO: (
[2025-10-22 13:35:22] INFO: 0
[2025-10-22 13:35:22] INFO: /
[2025-10-22 13:35:22] INFO: 7
[2025-10-22 13:35:22] INFO: )
[2025-10-22 13:35:23] INFO: [Recognition] Scores: S00001 - jereme=0.740 S13234 - Jin_Rae=0.775 
[2025-10-22 13:35:23] INFO: [Decision] Best=S13234 - Jin_Rae(0.775), 2nd=0.740, Discriminative=0.627, AvgNeg=0.740
[2025-10-22 13:35:23] INFO: [Thresholds] Abs=0.605, Margin=0.105(13.6%), RelMargin=4.5%, Tightness=0.948, StdDev=0.025
[2025-10-22 13:35:23] INFO: [Decision] REJECT: Abs=
[2025-10-22 13:35:23] INFO: true
[2025-10-22 13:35:23] INFO: , AbsMargin=
[2025-10-22 13:35:23] INFO: false
[2025-10-22 13:35:23] INFO: , RelMargin=
[2025-10-22 13:35:23] INFO: false
[2025-10-22 13:35:23] INFO: (
[2025-10-22 13:35:23] INFO: 4.5
[2025-10-22 13:35:23] INFO: %
[2025-10-22 13:35:23] INFO: ), StrongMargin=
[2025-10-22 13:35:23] INFO: false
[2025-10-22 13:35:23] INFO: (
[2025-10-22 13:35:23] INFO: 12.0
[2025-10-22 13:35:23] INFO: %
[2025-10-22 13:35:23] INFO: ), Discrim=
[2025-10-22 13:35:23] INFO: true
[2025-10-22 13:35:23] INFO: , Consist=
[2025-10-22 13:35:23] INFO: false
[2025-10-22 13:35:23] INFO: (
[2025-10-22 13:35:23] INFO: 0
[2025-10-22 13:35:23] INFO: /
[2025-10-22 13:35:23] INFO: 7
[2025-10-22 13:35:23] INFO: )
[2025-10-22 13:35:24] INFO: [Recognition] Scores: S00001 - jereme=0.723 S13234 - Jin_Rae=0.757 
[2025-10-22 13:35:24] INFO: [Decision] Best=S13234 - Jin_Rae(0.757), 2nd=0.723, Discriminative=0.612, AvgNeg=0.723
[2025-10-22 13:35:24] INFO: [Thresholds] Abs=0.605, Margin=0.105(13.9%), RelMargin=4.4%, Tightness=0.948, StdDev=0.025
[2025-10-22 13:35:24] INFO: [Decision] REJECT: Abs=
[2025-10-22 13:35:24] INFO: true
[2025-10-22 13:35:24] INFO: , AbsMargin=
[2025-10-22 13:35:24] INFO: false
[2025-10-22 13:35:24] INFO: , RelMargin=
[2025-10-22 13:35:24] INFO: false
[2025-10-22 13:35:24] INFO: (
[2025-10-22 13:35:24] INFO: 4.4
[2025-10-22 13:35:24] INFO: %
[2025-10-22 13:35:24] INFO: ), StrongMargin=
[2025-10-22 13:35:24] INFO: false
[2025-10-22 13:35:24] INFO: (
[2025-10-22 13:35:24] INFO: 12.0
[2025-10-22 13:35:24] INFO: %
[2025-10-22 13:35:24] INFO: ), Discrim=
[2025-10-22 13:35:24] INFO: true
[2025-10-22 13:35:24] INFO: , Consist=
[2025-10-22 13:35:24] INFO: false
[2025-10-22 13:35:24] INFO: (
[2025-10-22 13:35:24] INFO: 0
[2025-10-22 13:35:24] INFO: /
[2025-10-22 13:35:24] INFO: 7
[2025-10-22 13:35:24] INFO: )
[2025-10-22 13:35:24] INFO: Exiting Face Recognition Demo...
[2025-10-22 13:35:24] INFO: [Recognition] Scores: S00001 - jereme=0.706 S13234 - Jin_Rae=0.764 
[2025-10-22 13:35:24] INFO: [Decision] Best=S13234 - Jin_Rae(0.764), 2nd=0.706, Discriminative=0.623, AvgNeg=0.706
[2025-10-22 13:35:24] INFO: [Thresholds] Abs=0.605, Margin=0.105(13.8%), RelMargin=7.6%, Tightness=0.948, StdDev=0.025
[2025-10-22 13:35:24] INFO: [Decision] REJECT: Abs=
[2025-10-22 13:35:24] INFO: true
[2025-10-22 13:35:24] INFO: , AbsMargin=
[2025-10-22 13:35:24] INFO: false
[2025-10-22 13:35:24] INFO: , RelMargin=
[2025-10-22 13:35:24] INFO: false
[2025-10-22 13:35:24] INFO: (
[2025-10-22 13:35:24] INFO: 7.6
[2025-10-22 13:35:24] INFO: %
[2025-10-22 13:35:24] INFO: ), StrongMargin=
[2025-10-22 13:35:24] INFO: false
[2025-10-22 13:35:24] INFO: (
[2025-10-22 13:35:24] INFO: 12.0
[2025-10-22 13:35:24] INFO: %
[2025-10-22 13:35:24] INFO: ), Discrim=
[2025-10-22 13:35:24] INFO: true
[2025-10-22 13:35:24] INFO: , Consist=
[2025-10-22 13:35:24] INFO: false
[2025-10-22 13:35:24] INFO: (
[2025-10-22 13:35:24] INFO: 0
[2025-10-22 13:35:24] INFO: /
[2025-10-22 13:35:24] INFO: 7
[2025-10-22 13:35:24] INFO: )
[2025-10-22 13:35:24] INFO: Exiting Face Recognition Demo...
