[2025-10-23 02:50:12] INFO: Application Logger Initialized.
[2025-10-23 02:50:12] INFO: app.properties normalized (55 entries).
[2025-10-23 02:50:12] INFO: Configuration loaded from file: C:\SMU\CS102 Project\FaceRecognitionCS102\app.properties
[2025-10-23 02:50:14] INFO: ￢ﾜﾅ ArcFace ResNet100 model loaded successfully
[2025-10-23 02:50:14] INFO: ￢ﾜﾓ FaceAligner initialized with 5-point alignment support
[2025-10-23 02:50:14] INFO: StudentManager initialized successfully
[2025-10-23 02:50:15] INFO: GUI launched successfully
[2025-10-23 02:50:19] INFO: ￢ﾜﾅ ArcFace ResNet100 model loaded successfully
[2025-10-23 02:50:19] INFO: ￢ﾜﾓ FaceAligner initialized with 5-point alignment support
[2025-10-23 02:50:19] INFO: FaceCaptureDialog created for student: Jin Rae
[2025-10-23 02:50:19] INFO: Dialog initialized
[2025-10-23 02:50:19] INFO: Starting camera preview...
[2025-10-23 02:50:19] INFO: Preview timer started at 20fps
[2025-10-23 02:50:20] INFO: Starting capture process...
[2025-10-23 02:50:20] INFO: Performing capture with target: 20
[2025-10-23 02:50:20] INFO: Debug: Capture process started
[2025-10-23 02:50:20] INFO: Debug: Image saved with confidence 0.98
[2025-10-23 02:50:22] INFO: Debug: Image saved with confidence 0.98
[2025-10-23 02:50:23] INFO: Debug: Image saved with confidence 1.00
[2025-10-23 02:50:25] INFO: Debug: Image saved with confidence 1.00
[2025-10-23 02:50:26] INFO: Debug: Image saved with confidence 1.00
[2025-10-23 02:50:27] INFO: Debug: Image saved with confidence 1.00
[2025-10-23 02:50:29] INFO: Debug: Image saved with confidence 1.00
[2025-10-23 02:50:30] INFO: Debug: Image saved with confidence 1.00
[2025-10-23 02:50:31] INFO: Debug: Image saved with confidence 1.00
[2025-10-23 02:50:33] INFO: Debug: Image saved with confidence 1.00
[2025-10-23 02:50:34] INFO: Debug: Image saved with confidence 1.00
[2025-10-23 02:50:35] INFO: Debug: Image saved with confidence 1.00
[2025-10-23 02:50:37] INFO: Debug: Image saved with confidence 1.00
[2025-10-23 02:50:38] INFO: Debug: Image saved with confidence 1.00
[2025-10-23 02:50:39] INFO: Debug: Image saved with confidence 1.00
[2025-10-23 02:50:41] INFO: Debug: Image saved with confidence 0.99
[2025-10-23 02:50:42] INFO: Debug: Image saved with confidence 0.99
[2025-10-23 02:50:43] INFO: Debug: Image saved with confidence 0.99
[2025-10-23 02:50:45] INFO: Debug: Image saved with confidence 0.98
[2025-10-23 02:50:46] INFO: Debug: Image saved with confidence 0.99
[2025-10-23 02:50:47] INFO: Debug: Capture process finished
[2025-10-23 02:50:47] INFO: Debug: Warning - Processing captured images...
[2025-10-23 02:50:48] INFO: ￢ﾜﾓ Saved embedding: S13234_001.emb
[2025-10-23 02:50:48] INFO: ￢ﾜﾓ Saved embedding: S13234_002.emb
[2025-10-23 02:50:48] INFO: ￢ﾜﾓ Saved embedding: S13234_003.emb
[2025-10-23 02:50:48] INFO: ￢ﾜﾓ Saved embedding: S13234_004.emb
[2025-10-23 02:50:48] INFO: ￢ﾜﾓ Saved embedding: S13234_005.emb
[2025-10-23 02:50:49] INFO: ￢ﾜﾓ Saved embedding: S13234_006.emb
[2025-10-23 02:50:49] INFO: ￢ﾜﾓ Saved embedding: S13234_007.emb
[2025-10-23 02:50:49] INFO: ￢ﾜﾓ Saved embedding: S13234_008.emb
[2025-10-23 02:50:49] INFO: ￢ﾜﾓ Saved embedding: S13234_009.emb
[2025-10-23 02:50:49] INFO: ￢ﾜﾓ Saved embedding: S13234_010.emb
[2025-10-23 02:50:49] INFO: ￢ﾜﾓ Saved embedding: S13234_011.emb
[2025-10-23 02:50:49] INFO: ￢ﾜﾓ Saved embedding: S13234_012.emb
[2025-10-23 02:50:49] INFO: ￢ﾜﾓ Saved embedding: S13234_013.emb
[2025-10-23 02:50:49] INFO: ￢ﾜﾓ Saved embedding: S13234_014.emb
[2025-10-23 02:50:49] INFO: ￢ﾜﾓ Saved embedding: S13234_015.emb
[2025-10-23 02:50:49] INFO: ￢ﾜﾓ Saved embedding: S13234_016.emb
[2025-10-23 02:50:50] INFO: ￢ﾜﾓ Saved embedding: S13234_017.emb
[2025-10-23 02:50:50] INFO: ￢ﾜﾓ Saved embedding: S13234_018.emb
[2025-10-23 02:50:50] INFO: ￢ﾜﾓ Saved embedding: S13234_019.emb
[2025-10-23 02:50:50] INFO: ￢ﾜﾓ Saved embedding: S13234_020.emb
[2025-10-23 02:50:50] INFO: Embedding generation complete: 20/20 successful
[2025-10-23 02:50:50] INFO: Debug: Warning - Analyzing embedding quality...
[2025-10-23 02:50:50] INFO:   Outlier detected: index=2, avgSim=0.9973, threshold=0.9976
[2025-10-23 02:50:50] INFO:   Outlier detected: index=3, avgSim=0.9974, threshold=0.9976
[2025-10-23 02:50:50] INFO:   Outlier detected: index=4, avgSim=0.9976, threshold=0.9976
[2025-10-23 02:50:50] INFO:   ￢ﾜﾗ Deleted outlier embedding: S13234_003.emb
[2025-10-23 02:50:50] INFO:   ￢ﾜﾗ Deleted outlier image: S13234_003.png
[2025-10-23 02:50:50] INFO:   ￢ﾜﾗ Deleted outlier embedding: S13234_004.emb
[2025-10-23 02:50:50] INFO:   ￢ﾜﾗ Deleted outlier image: S13234_004.png
[2025-10-23 02:50:50] INFO:   ￢ﾜﾗ Deleted outlier embedding: S13234_005.emb
[2025-10-23 02:50:50] INFO:   ￢ﾜﾗ Deleted outlier image: S13234_005.png
[2025-10-23 02:50:50] INFO: ￢ﾜﾓ Auto-removed 3 outlier embedding(s)
[2025-10-23 02:50:50] INFO: Debug: Warning - Removed 3 outlier image(s) automatically
[2025-10-23 02:50:50] INFO:   Weak embedding detected: index=2, avgSim=0.9973, threshold=0.9979, absThresh=0.6000
[2025-10-23 02:50:50] INFO:   Weak embedding detected: index=3, avgSim=0.9974, threshold=0.9979, absThresh=0.6000
[2025-10-23 02:50:50] INFO:   Weak embedding detected: index=4, avgSim=0.9976, threshold=0.9979, absThresh=0.6000
[2025-10-23 02:50:50] INFO:   Weak embedding detected: index=5, avgSim=0.9977, threshold=0.9979, absThresh=0.6000
[2025-10-23 02:50:50] INFO:   ￢ﾜﾗ Deleted weak embedding: S13234_006.emb
[2025-10-23 02:50:50] INFO:   ￢ﾜﾗ Deleted weak image: S13234_006.png
[2025-10-23 02:50:50] INFO: ￢ﾜﾓ Auto-removed 1 weak embedding(s)
[2025-10-23 02:50:50] INFO: Debug: Warning - Removed 1 weak image(s) automatically
[2025-10-23 02:50:50] INFO: Capture result: true - Successfully captured 20 high-quality face images
[2025-10-23 02:50:52] INFO: Debug: All images captured successfully
[2025-10-23 02:50:53] INFO: Disposing FaceCaptureDialog...
[2025-10-23 02:50:53] INFO: Preview timer stopped
[2025-10-23 02:50:53] INFO: Face detection resources released
