[2025-10-21 23:29:48] INFO: Application Logger Initialized.
[2025-10-21 23:29:48] INFO: Configuration loaded from file: C:\SMU\CS102 Project\FaceRecognitionCS102\app.properties
[2025-10-21 23:29:49] INFO: GUI launched successfully
[2025-10-21 23:29:51] INFO: ￢ﾜﾅ OpenFace nn4.small2.v1 model loaded successfully
[2025-10-21 23:29:51] INFO: ￢ﾜﾓ SimpleHaarFaceAligner initialized successfully
[2025-10-21 23:29:51] INFO: FaceCaptureDialog created for student: Jin Rae
[2025-10-21 23:29:52] INFO: Dialog initialized
[2025-10-21 23:29:52] INFO: Starting camera preview...
[2025-10-21 23:29:52] INFO: Preview timer started at 20fps
[2025-10-21 23:29:53] INFO: Starting capture process...
[2025-10-21 23:29:53] INFO: Performing capture with target: 20
[2025-10-21 23:29:53] INFO: Debug: Capture process started
[2025-10-21 23:29:53] INFO: Debug: Image saved with confidence 0.94
[2025-10-21 23:29:55] INFO: Debug: Image saved with confidence 0.98
[2025-10-21 23:29:56] INFO: Debug: Image saved with confidence 0.98
[2025-10-21 23:29:57] INFO: Debug: Image saved with confidence 0.97
[2025-10-21 23:29:59] INFO: Debug: Image saved with confidence 1.00
[2025-10-21 23:30:00] INFO: Debug: Image saved with confidence 1.00
[2025-10-21 23:30:01] INFO: Debug: Image saved with confidence 0.99
[2025-10-21 23:30:03] INFO: Debug: Image saved with confidence 1.00
[2025-10-21 23:30:04] INFO: Debug: Image saved with confidence 1.00
[2025-10-21 23:30:06] INFO: Debug: Image saved with confidence 1.00
[2025-10-21 23:30:07] INFO: Debug: Image saved with confidence 1.00
[2025-10-21 23:30:08] INFO: Debug: Image saved with confidence 1.00
[2025-10-21 23:30:10] INFO: Debug: Image saved with confidence 1.00
[2025-10-21 23:30:11] INFO: Debug: Image saved with confidence 1.00
[2025-10-21 23:30:12] INFO: Debug: Image saved with confidence 1.00
[2025-10-21 23:30:14] INFO: Debug: Image saved with confidence 1.00
[2025-10-21 23:30:15] INFO: Debug: Image saved with confidence 1.00
[2025-10-21 23:30:17] INFO: Debug: Image saved with confidence 1.00
[2025-10-21 23:30:18] INFO: Debug: Image saved with confidence 1.00
[2025-10-21 23:30:19] INFO: Debug: Image saved with confidence 1.00
[2025-10-21 23:30:21] INFO: Debug: Capture process finished
[2025-10-21 23:30:21] INFO: Debug: Warning - Processing captured images...
[2025-10-21 23:30:21] INFO: ￢ﾜﾓ Saved embedding: S13234_001.emb
[2025-10-21 23:30:21] INFO: ￢ﾜﾓ Saved embedding: S13234_002.emb
[2025-10-21 23:30:21] INFO: ￢ﾜﾓ Saved embedding: S13234_003.emb
[2025-10-21 23:30:21] INFO: ￢ﾜﾓ Saved embedding: S13234_004.emb
[2025-10-21 23:30:21] INFO: ￢ﾜﾓ Saved embedding: S13234_005.emb
[2025-10-21 23:30:21] INFO: ￢ﾜﾓ Saved embedding: S13234_006.emb
[2025-10-21 23:30:21] INFO: ￢ﾜﾓ Saved embedding: S13234_007.emb
[2025-10-21 23:30:21] INFO: ￢ﾜﾓ Saved embedding: S13234_008.emb
[2025-10-21 23:30:21] INFO: ￢ﾜﾓ Saved embedding: S13234_009.emb
[2025-10-21 23:30:21] INFO: ￢ﾜﾓ Saved embedding: S13234_010.emb
[2025-10-21 23:30:21] INFO: ￢ﾜﾓ Saved embedding: S13234_011.emb
[2025-10-21 23:30:21] INFO: ￢ﾜﾓ Saved embedding: S13234_012.emb
[2025-10-21 23:30:21] INFO: ￢ﾜﾓ Saved embedding: S13234_013.emb
[2025-10-21 23:30:21] INFO: ￢ﾜﾓ Saved embedding: S13234_014.emb
[2025-10-21 23:30:21] INFO: ￢ﾜﾓ Saved embedding: S13234_015.emb
[2025-10-21 23:30:21] INFO: ￢ﾜﾓ Saved embedding: S13234_016.emb
[2025-10-21 23:30:21] INFO: ￢ﾜﾓ Saved embedding: S13234_017.emb
[2025-10-21 23:30:21] INFO: ￢ﾜﾓ Saved embedding: S13234_018.emb
[2025-10-21 23:30:21] INFO: ￢ﾜﾓ Saved embedding: S13234_019.emb
[2025-10-21 23:30:21] INFO: ￢ﾜﾓ Saved embedding: S13234_020.emb
[2025-10-21 23:30:21] INFO: Embedding generation complete: 20/20 successful
[2025-10-21 23:30:21] INFO:   Outlier detected: index=6, avgSim=0.6294, threshold=0.7000
[2025-10-21 23:30:21] INFO: Debug: Warning - Analyzing embedding quality...
[2025-10-21 23:30:21] INFO:   Outlier detected: index=7, avgSim=0.5320, threshold=0.7000
[2025-10-21 23:30:21] INFO:   Outlier detected: index=8, avgSim=0.5573, threshold=0.7000
[2025-10-21 23:30:21] INFO:   Outlier detected: index=12, avgSim=0.3319, threshold=0.7000
[2025-10-21 23:30:21] INFO:   ￢ﾜﾗ Deleted outlier embedding: S13234_007.emb
[2025-10-21 23:30:21] INFO:   ￢ﾜﾗ Deleted outlier image: S13234_007.png
[2025-10-21 23:30:21] INFO:   ￢ﾜﾗ Deleted outlier embedding: S13234_008.emb
[2025-10-21 23:30:21] INFO:   ￢ﾜﾗ Deleted outlier image: S13234_008.png
[2025-10-21 23:30:21] INFO:   ￢ﾜﾗ Deleted outlier embedding: S13234_009.emb
[2025-10-21 23:30:21] INFO:   ￢ﾜﾗ Deleted outlier image: S13234_009.png
[2025-10-21 23:30:21] INFO:   ￢ﾜﾗ Deleted outlier embedding: S13234_013.emb
[2025-10-21 23:30:21] INFO:   ￢ﾜﾗ Deleted outlier image: S13234_013.png
[2025-10-21 23:30:21] INFO: ￢ﾜﾓ Auto-removed 4 outlier embedding(s)
[2025-10-21 23:30:21] INFO:   Weak embedding detected: index=0, avgSim=0.7836, threshold=0.7500, absThresh=0.8500
[2025-10-21 23:30:21] INFO:   Weak embedding detected: index=1, avgSim=0.7512, threshold=0.7500, absThresh=0.8500
[2025-10-21 23:30:21] INFO:   Weak embedding detected: index=2, avgSim=0.7516, threshold=0.7500, absThresh=0.8500
[2025-10-21 23:30:21] INFO:   Weak embedding detected: index=3, avgSim=0.7828, threshold=0.7500, absThresh=0.8500
[2025-10-21 23:30:21] INFO:   Weak embedding detected: index=4, avgSim=0.7771, threshold=0.7500, absThresh=0.8500
[2025-10-21 23:30:21] INFO:   Weak embedding detected: index=5, avgSim=0.7886, threshold=0.7500, absThresh=0.8500
[2025-10-21 23:30:21] INFO:   Weak embedding detected: index=6, avgSim=0.6294, threshold=0.7500, absThresh=0.8500
[2025-10-21 23:30:21] INFO:   Weak embedding detected: index=7, avgSim=0.5320, threshold=0.7500, absThresh=0.8500
[2025-10-21 23:30:21] INFO:   Weak embedding detected: index=8, avgSim=0.5573, threshold=0.7500, absThresh=0.8500
[2025-10-21 23:30:21] INFO:   Weak embedding detected: index=9, avgSim=0.7944, threshold=0.7500, absThresh=0.8500
[2025-10-21 23:30:21] INFO:   Weak embedding detected: index=10, avgSim=0.7116, threshold=0.7500, absThresh=0.8500
[2025-10-21 23:30:21] INFO:   Weak embedding detected: index=11, avgSim=0.8158, threshold=0.7500, absThresh=0.8500
[2025-10-21 23:30:21] INFO:   Weak embedding detected: index=12, avgSim=0.3319, threshold=0.7500, absThresh=0.8500
[2025-10-21 23:30:21] INFO:   Weak embedding detected: index=13, avgSim=0.7392, threshold=0.7500, absThresh=0.8500
[2025-10-21 23:30:21] INFO:   Weak embedding detected: index=14, avgSim=0.8031, threshold=0.7500, absThresh=0.8500
[2025-10-21 23:30:21] INFO:   Weak embedding detected: index=15, avgSim=0.7930, threshold=0.7500, absThresh=0.8500
[2025-10-21 23:30:21] INFO:   Weak embedding detected: index=16, avgSim=0.7895, threshold=0.7500, absThresh=0.8500
[2025-10-21 23:30:21] INFO:   Weak embedding detected: index=17, avgSim=0.7681, threshold=0.7500, absThresh=0.8500
[2025-10-21 23:30:21] INFO:   Weak embedding detected: index=18, avgSim=0.8028, threshold=0.7500, absThresh=0.8500
[2025-10-21 23:30:21] INFO:   Weak embedding detected: index=19, avgSim=0.7642, threshold=0.7500, absThresh=0.8500
[2025-10-21 23:30:21] INFO:   ￢ﾜﾗ Deleted weak embedding: S13234_020.emb
[2025-10-21 23:30:21] INFO: Debug: Warning - Removed 4 outlier image(s) automatically
[2025-10-21 23:30:21] INFO:   ￢ﾜﾗ Deleted weak image: S13234_020.png
[2025-10-21 23:30:21] INFO:   ￢ﾜﾗ Deleted weak embedding: S13234_019.emb
[2025-10-21 23:30:21] INFO:   ￢ﾜﾗ Deleted weak image: S13234_019.png
[2025-10-21 23:30:21] INFO:   ￢ﾜﾗ Deleted weak embedding: S13234_018.emb
[2025-10-21 23:30:21] INFO:   ￢ﾜﾗ Deleted weak image: S13234_018.png
[2025-10-21 23:30:21] INFO:   ￢ﾜﾗ Deleted weak embedding: S13234_017.emb
[2025-10-21 23:30:21] INFO:   ￢ﾜﾗ Deleted weak image: S13234_017.png
[2025-10-21 23:30:21] INFO:   ￢ﾜﾗ Deleted weak embedding: S13234_016.emb
[2025-10-21 23:30:21] INFO:   ￢ﾜﾗ Deleted weak image: S13234_016.png
[2025-10-21 23:30:21] INFO:   ￢ﾜﾗ Deleted weak embedding: S13234_015.emb
[2025-10-21 23:30:21] INFO:   ￢ﾜﾗ Deleted weak image: S13234_015.png
[2025-10-21 23:30:21] INFO:   ￢ﾜﾗ Deleted weak embedding: S13234_014.emb
[2025-10-21 23:30:21] INFO:   ￢ﾜﾗ Deleted weak image: S13234_014.png
[2025-10-21 23:30:21] INFO:   ￢ﾜﾗ Deleted weak embedding: S13234_012.emb
[2025-10-21 23:30:21] INFO:   ￢ﾜﾗ Deleted weak image: S13234_012.png
[2025-10-21 23:30:21] INFO:   ￢ﾜﾗ Deleted weak embedding: S13234_011.emb
[2025-10-21 23:30:21] INFO:   ￢ﾜﾗ Deleted weak image: S13234_011.png
[2025-10-21 23:30:21] INFO:   ￢ﾜﾗ Deleted weak embedding: S13234_010.emb
[2025-10-21 23:30:21] INFO:   ￢ﾜﾗ Deleted weak image: S13234_010.png
[2025-10-21 23:30:21] INFO:   ￢ﾜﾗ Deleted weak embedding: S13234_006.emb
[2025-10-21 23:30:21] INFO:   ￢ﾜﾗ Deleted weak image: S13234_006.png
[2025-10-21 23:30:21] INFO:   ￢ﾜﾗ Deleted weak embedding: S13234_005.emb
[2025-10-21 23:30:21] INFO:   ￢ﾜﾗ Deleted weak image: S13234_005.png
[2025-10-21 23:30:21] INFO:   ￢ﾜﾗ Deleted weak embedding: S13234_004.emb
[2025-10-21 23:30:21] INFO:   ￢ﾜﾗ Deleted weak image: S13234_004.png
[2025-10-21 23:30:21] INFO:   ￢ﾜﾗ Deleted weak embedding: S13234_003.emb
[2025-10-21 23:30:21] INFO:   ￢ﾜﾗ Deleted weak image: S13234_003.png
[2025-10-21 23:30:21] INFO:   ￢ﾜﾗ Deleted weak embedding: S13234_002.emb
[2025-10-21 23:30:21] INFO:   ￢ﾜﾗ Deleted weak image: S13234_002.png
[2025-10-21 23:30:21] INFO:   ￢ﾜﾗ Deleted weak embedding: S13234_001.emb
[2025-10-21 23:30:21] INFO:   ￢ﾜﾗ Deleted weak image: S13234_001.png
[2025-10-21 23:30:21] INFO: ￢ﾜﾓ Auto-removed 16 weak embedding(s)
[2025-10-21 23:30:21] INFO: Debug: Warning - Removed 16 weak image(s) automatically
[2025-10-21 23:30:21] INFO: Capture result: true - Successfully captured 20 high-quality face images
[2025-10-21 23:30:29] INFO: Debug: All images captured successfully
[2025-10-21 23:30:47] INFO: Disposing FaceCaptureDialog...
[2025-10-21 23:30:47] INFO: Preview timer stopped
[2025-10-21 23:30:47] INFO: Face detection resources released
