[2025-10-17 17:46:01] INFO: Application Logger Initialized.
[2025-10-17 17:46:01] INFO: Configuration and core components loaded.
[2025-10-17 17:46:01] INFO: Configuration loaded from classpath: app.properties
[2025-10-17 17:46:01] INFO: Configuration file loaded
[2025-10-17 17:46:01] INFO: MyGUIProgram Started!
[2025-10-17 17:46:03] INFO: Face embedding model loaded successfully from: C:\SMU\CS102 Project\FaceRecognitionCS102\data\resources\openface.nn4.small2.v1.t7
[2025-10-17 17:46:03] INFO: === Folder debug ===
[2025-10-17 17:46:03] INFO: Found folder: C:\SMU\CS102 Project\FaceRecognitionCS102\data\facedata\S12434_jingyuan
[2025-10-17 17:46:03] INFO:   Contains: 30 items
[2025-10-17 17:46:03] INFO:   Display label: S12434 - jingyuan
[2025-10-17 17:46:03] INFO: Found folder: C:\SMU\CS102 Project\FaceRecognitionCS102\data\facedata\S13234_Jin_Rae
[2025-10-17 17:46:03] INFO:   Contains: 30 items
[2025-10-17 17:46:03] INFO:   Display label: S13234 - Jin_Rae
[2025-10-17 17:46:03] INFO: ====================
[2025-10-17 17:46:03] INFO: Person 
[2025-10-17 17:46:03] INFO: S12434 - jingyuan
[2025-10-17 17:46:03] INFO: : tightness=
[2025-10-17 17:46:03] INFO: 0.654
[2025-10-17 17:46:03] INFO: , stdDev=
[2025-10-17 17:46:03] INFO: 0.100
[2025-10-17 17:46:03] INFO: , absThresh=
[2025-10-17 17:46:03] INFO: 0.802
[2025-10-17 17:46:03] INFO: , margin=
[2025-10-17 17:46:03] INFO: 0.108
[2025-10-17 17:46:04] INFO:   [Glasses Mode] Detected high variation (stdDev=0.123) - relaxed thresholds
[2025-10-17 17:46:04] INFO: Person 
[2025-10-17 17:46:04] INFO: S13234 - Jin_Rae
[2025-10-17 17:46:04] INFO: : tightness=
[2025-10-17 17:46:04] INFO: 0.694
[2025-10-17 17:46:04] INFO: , stdDev=
[2025-10-17 17:46:04] INFO: 0.123
[2025-10-17 17:46:04] INFO: , absThresh=
[2025-10-17 17:46:04] INFO: 0.753
[2025-10-17 17:46:04] INFO: , margin=
[2025-10-17 17:46:04] INFO: 0.092
[2025-10-17 17:46:04] INFO: Attempting to open camera with DSHOW backend...
[2025-10-17 17:46:05] INFO: Camera opened successfully with DSHOW backend
[2025-10-17 17:46:09] INFO: Camera configured: 640x480 @ 30fps with MJPEG codec
[2025-10-17 17:46:09] INFO: Camera initialized successfully
[2025-10-17 17:46:09] INFO: [Recognition] Scores: S12434 - jingyuan=0.402 S13234 - Jin_Rae=0.674 
[2025-10-17 17:46:09] INFO: [Decision] Best=
[2025-10-17 17:46:09] INFO: S13234 - Jin_Rae
[2025-10-17 17:46:09] INFO: (
[2025-10-17 17:46:09] INFO: 0.674
[2025-10-17 17:46:09] INFO: ), 2nd=
[2025-10-17 17:46:09] INFO: 0.402
[2025-10-17 17:46:09] INFO: , Discriminative=
[2025-10-17 17:46:09] INFO: 0.593
[2025-10-17 17:46:09] INFO: , AvgNeg=
[2025-10-17 17:46:09] INFO: 0.402
[2025-10-17 17:46:09] INFO: [Thresholds] Abs=
[2025-10-17 17:46:09] INFO: 0.753
[2025-10-17 17:46:09] INFO: , Margin=
[2025-10-17 17:46:09] INFO: 0.092
[2025-10-17 17:46:09] INFO: (
[2025-10-17 17:46:09] INFO: 13.7
[2025-10-17 17:46:09] INFO: %
[2025-10-17 17:46:09] INFO: ), RelMargin=
[2025-10-17 17:46:09] INFO: 40.4
[2025-10-17 17:46:09] INFO: %
[2025-10-17 17:46:09] INFO: , Tightness=
[2025-10-17 17:46:09] INFO: 0.694
[2025-10-17 17:46:09] INFO: , StdDev=
[2025-10-17 17:46:09] INFO: 0.123
[2025-10-17 17:46:09] INFO: [Decision] REJECT: Abs=
[2025-10-17 17:46:09] INFO: false
[2025-10-17 17:46:09] INFO: , AbsMargin=
[2025-10-17 17:46:09] INFO: true
[2025-10-17 17:46:09] INFO: , RelMargin=
[2025-10-17 17:46:09] INFO: true
[2025-10-17 17:46:09] INFO: , Discrim=
[2025-10-17 17:46:09] INFO: false
[2025-10-17 17:46:09] INFO: , Consist=
[2025-10-17 17:46:09] INFO: false
[2025-10-17 17:46:10] INFO: [Recognition] Scores: S12434 - jingyuan=0.422 S13234 - Jin_Rae=0.681 
[2025-10-17 17:46:10] INFO: [Decision] Best=
[2025-10-17 17:46:10] INFO: S13234 - Jin_Rae
[2025-10-17 17:46:10] INFO: (
[2025-10-17 17:46:10] INFO: 0.681
[2025-10-17 17:46:10] INFO: ), 2nd=
[2025-10-17 17:46:10] INFO: 0.422
[2025-10-17 17:46:10] INFO: , Discriminative=
[2025-10-17 17:46:10] INFO: 0.596
[2025-10-17 17:46:10] INFO: , AvgNeg=
[2025-10-17 17:46:10] INFO: 0.422
[2025-10-17 17:46:10] INFO: [Thresholds] Abs=
[2025-10-17 17:46:10] INFO: 0.753
[2025-10-17 17:46:10] INFO: , Margin=
[2025-10-17 17:46:10] INFO: 0.092
[2025-10-17 17:46:10] INFO: (
[2025-10-17 17:46:10] INFO: 13.6
[2025-10-17 17:46:10] INFO: %
[2025-10-17 17:46:10] INFO: ), RelMargin=
[2025-10-17 17:46:10] INFO: 37.9
[2025-10-17 17:46:10] INFO: %
[2025-10-17 17:46:10] INFO: , Tightness=
[2025-10-17 17:46:10] INFO: 0.694
[2025-10-17 17:46:10] INFO: , StdDev=
[2025-10-17 17:46:10] INFO: 0.123
[2025-10-17 17:46:10] INFO: [Decision] REJECT: Abs=
[2025-10-17 17:46:10] INFO: false
[2025-10-17 17:46:10] INFO: , AbsMargin=
[2025-10-17 17:46:10] INFO: true
[2025-10-17 17:46:10] INFO: , RelMargin=
[2025-10-17 17:46:10] INFO: true
[2025-10-17 17:46:10] INFO: , Discrim=
[2025-10-17 17:46:10] INFO: false
[2025-10-17 17:46:10] INFO: , Consist=
[2025-10-17 17:46:10] INFO: false
[2025-10-17 17:46:10] INFO: [Recognition] Scores: S12434 - jingyuan=0.423 S13234 - Jin_Rae=0.676 
[2025-10-17 17:46:10] INFO: [Decision] Best=
[2025-10-17 17:46:10] INFO: S13234 - Jin_Rae
[2025-10-17 17:46:10] INFO: (
[2025-10-17 17:46:10] INFO: 0.676
[2025-10-17 17:46:10] INFO: ), 2nd=
[2025-10-17 17:46:10] INFO: 0.423
[2025-10-17 17:46:10] INFO: , Discriminative=
[2025-10-17 17:46:10] INFO: 0.592
[2025-10-17 17:46:10] INFO: , AvgNeg=
[2025-10-17 17:46:10] INFO: 0.423
[2025-10-17 17:46:10] INFO: [Thresholds] Abs=
[2025-10-17 17:46:10] INFO: 0.753
[2025-10-17 17:46:10] INFO: , Margin=
[2025-10-17 17:46:10] INFO: 0.092
[2025-10-17 17:46:10] INFO: (
[2025-10-17 17:46:10] INFO: 13.7
[2025-10-17 17:46:10] INFO: %
[2025-10-17 17:46:10] INFO: ), RelMargin=
[2025-10-17 17:46:10] INFO: 37.4
[2025-10-17 17:46:10] INFO: %
[2025-10-17 17:46:10] INFO: , Tightness=
[2025-10-17 17:46:10] INFO: 0.694
[2025-10-17 17:46:10] INFO: , StdDev=
[2025-10-17 17:46:10] INFO: 0.123
[2025-10-17 17:46:10] INFO: [Decision] REJECT: Abs=
[2025-10-17 17:46:10] INFO: false
[2025-10-17 17:46:10] INFO: , AbsMargin=
[2025-10-17 17:46:10] INFO: true
[2025-10-17 17:46:10] INFO: , RelMargin=
[2025-10-17 17:46:10] INFO: true
[2025-10-17 17:46:10] INFO: , Discrim=
[2025-10-17 17:46:10] INFO: false
[2025-10-17 17:46:10] INFO: , Consist=
[2025-10-17 17:46:10] INFO: false
[2025-10-17 17:46:10] INFO: [Recognition] Scores: S12434 - jingyuan=0.598 S13234 - Jin_Rae=0.719 
[2025-10-17 17:46:10] INFO: [Decision] Best=
[2025-10-17 17:46:10] INFO: S13234 - Jin_Rae
[2025-10-17 17:46:10] INFO: (
[2025-10-17 17:46:10] INFO: 0.719
[2025-10-17 17:46:10] INFO: ), 2nd=
[2025-10-17 17:46:10] INFO: 0.598
[2025-10-17 17:46:10] INFO: , Discriminative=
[2025-10-17 17:46:10] INFO: 0.600
[2025-10-17 17:46:10] INFO: , AvgNeg=
[2025-10-17 17:46:10] INFO: 0.598
[2025-10-17 17:46:10] INFO: [Thresholds] Abs=
[2025-10-17 17:46:10] INFO: 0.753
[2025-10-17 17:46:10] INFO: , Margin=
[2025-10-17 17:46:10] INFO: 0.092
[2025-10-17 17:46:10] INFO: (
[2025-10-17 17:46:10] INFO: 12.9
[2025-10-17 17:46:10] INFO: %
[2025-10-17 17:46:10] INFO: ), RelMargin=
[2025-10-17 17:46:10] INFO: 16.9
[2025-10-17 17:46:10] INFO: %
[2025-10-17 17:46:10] INFO: , Tightness=
[2025-10-17 17:46:10] INFO: 0.694
[2025-10-17 17:46:10] INFO: , StdDev=
[2025-10-17 17:46:10] INFO: 0.123
[2025-10-17 17:46:10] INFO: [Decision] REJECT: Abs=
[2025-10-17 17:46:10] INFO: false
[2025-10-17 17:46:10] INFO: , AbsMargin=
[2025-10-17 17:46:10] INFO: true
[2025-10-17 17:46:10] INFO: , RelMargin=
[2025-10-17 17:46:10] INFO: true
[2025-10-17 17:46:10] INFO: , Discrim=
[2025-10-17 17:46:10] INFO: false
[2025-10-17 17:46:10] INFO: , Consist=
[2025-10-17 17:46:10] INFO: false
[2025-10-17 17:46:10] INFO: [Recognition] Scores: S12434 - jingyuan=0.464 S13234 - Jin_Rae=0.712 
[2025-10-17 17:46:10] INFO: [Decision] Best=
[2025-10-17 17:46:10] INFO: S13234 - Jin_Rae
[2025-10-17 17:46:10] INFO: (
[2025-10-17 17:46:10] INFO: 0.712
[2025-10-17 17:46:10] INFO: ), 2nd=
[2025-10-17 17:46:10] INFO: 0.464
[2025-10-17 17:46:10] INFO: , Discriminative=
[2025-10-17 17:46:10] INFO: 0.619
[2025-10-17 17:46:10] INFO: , AvgNeg=
[2025-10-17 17:46:10] INFO: 0.464
[2025-10-17 17:46:10] INFO: [Thresholds] Abs=
[2025-10-17 17:46:10] INFO: 0.753
[2025-10-17 17:46:10] INFO: , Margin=
[2025-10-17 17:46:10] INFO: 0.092
[2025-10-17 17:46:10] INFO: (
[2025-10-17 17:46:10] INFO: 13.0
[2025-10-17 17:46:10] INFO: %
[2025-10-17 17:46:10] INFO: ), RelMargin=
[2025-10-17 17:46:10] INFO: 34.8
[2025-10-17 17:46:10] INFO: %
[2025-10-17 17:46:10] INFO: , Tightness=
[2025-10-17 17:46:10] INFO: 0.694
[2025-10-17 17:46:10] INFO: , StdDev=
[2025-10-17 17:46:10] INFO: 0.123
[2025-10-17 17:46:10] INFO: [Decision] REJECT: Abs=
[2025-10-17 17:46:10] INFO: false
[2025-10-17 17:46:10] INFO: , AbsMargin=
[2025-10-17 17:46:10] INFO: true
[2025-10-17 17:46:10] INFO: , RelMargin=
[2025-10-17 17:46:10] INFO: true
[2025-10-17 17:46:10] INFO: , Discrim=
[2025-10-17 17:46:10] INFO: false
[2025-10-17 17:46:10] INFO: , Consist=
[2025-10-17 17:46:10] INFO: false
[2025-10-17 17:46:10] INFO: [Recognition] Scores: S12434 - jingyuan=0.469 S13234 - Jin_Rae=0.718 
[2025-10-17 17:46:10] INFO: [Decision] Best=
[2025-10-17 17:46:10] INFO: S13234 - Jin_Rae
[2025-10-17 17:46:10] INFO: (
[2025-10-17 17:46:10] INFO: 0.718
[2025-10-17 17:46:10] INFO: ), 2nd=
[2025-10-17 17:46:10] INFO: 0.469
[2025-10-17 17:46:10] INFO: , Discriminative=
[2025-10-17 17:46:10] INFO: 0.624
[2025-10-17 17:46:10] INFO: , AvgNeg=
[2025-10-17 17:46:10] INFO: 0.469
[2025-10-17 17:46:10] INFO: [Thresholds] Abs=
[2025-10-17 17:46:10] INFO: 0.753
[2025-10-17 17:46:10] INFO: , Margin=
[2025-10-17 17:46:10] INFO: 0.092
[2025-10-17 17:46:10] INFO: (
[2025-10-17 17:46:10] INFO: 12.9
[2025-10-17 17:46:10] INFO: %
[2025-10-17 17:46:10] INFO: ), RelMargin=
[2025-10-17 17:46:10] INFO: 34.7
[2025-10-17 17:46:10] INFO: %
[2025-10-17 17:46:10] INFO: , Tightness=
[2025-10-17 17:46:10] INFO: 0.694
[2025-10-17 17:46:10] INFO: , StdDev=
[2025-10-17 17:46:10] INFO: 0.123
[2025-10-17 17:46:10] INFO: [Decision] REJECT: Abs=
[2025-10-17 17:46:10] INFO: false
[2025-10-17 17:46:10] INFO: , AbsMargin=
[2025-10-17 17:46:10] INFO: true
[2025-10-17 17:46:10] INFO: , RelMargin=
[2025-10-17 17:46:10] INFO: true
[2025-10-17 17:46:10] INFO: , Discrim=
[2025-10-17 17:46:10] INFO: false
[2025-10-17 17:46:10] INFO: , Consist=
[2025-10-17 17:46:10] INFO: false
[2025-10-17 17:46:10] INFO: [Recognition] Scores: S12434 - jingyuan=0.474 S13234 - Jin_Rae=0.725 
[2025-10-17 17:46:10] INFO: [Decision] Best=
[2025-10-17 17:46:10] INFO: S13234 - Jin_Rae
[2025-10-17 17:46:10] INFO: (
[2025-10-17 17:46:10] INFO: 0.725
[2025-10-17 17:46:10] INFO: ), 2nd=
[2025-10-17 17:46:10] INFO: 0.474
[2025-10-17 17:46:10] INFO: , Discriminative=
[2025-10-17 17:46:10] INFO: 0.630
[2025-10-17 17:46:10] INFO: , AvgNeg=
[2025-10-17 17:46:10] INFO: 0.474
[2025-10-17 17:46:10] INFO: [Thresholds] Abs=
[2025-10-17 17:46:10] INFO: 0.753
[2025-10-17 17:46:10] INFO: , Margin=
[2025-10-17 17:46:10] INFO: 0.092
[2025-10-17 17:46:10] INFO: (
[2025-10-17 17:46:10] INFO: 12.8
[2025-10-17 17:46:10] INFO: %
[2025-10-17 17:46:10] INFO: ), RelMargin=
[2025-10-17 17:46:10] INFO: 34.6
[2025-10-17 17:46:10] INFO: %
[2025-10-17 17:46:10] INFO: , Tightness=
[2025-10-17 17:46:10] INFO: 0.694
[2025-10-17 17:46:10] INFO: , StdDev=
[2025-10-17 17:46:10] INFO: 0.123
[2025-10-17 17:46:10] INFO: [Decision] REJECT: Abs=
[2025-10-17 17:46:10] INFO: false
[2025-10-17 17:46:10] INFO: , AbsMargin=
[2025-10-17 17:46:10] INFO: true
[2025-10-17 17:46:10] INFO: , RelMargin=
[2025-10-17 17:46:10] INFO: true
[2025-10-17 17:46:10] INFO: , Discrim=
[2025-10-17 17:46:10] INFO: false
[2025-10-17 17:46:10] INFO: , Consist=
[2025-10-17 17:46:10] INFO: false
[2025-10-17 17:46:11] INFO: [Recognition] Scores: S12434 - jingyuan=0.462 S13234 - Jin_Rae=0.716 
[2025-10-17 17:46:11] INFO: [Decision] Best=
[2025-10-17 17:46:11] INFO: S13234 - Jin_Rae
[2025-10-17 17:46:11] INFO: (
[2025-10-17 17:46:11] INFO: 0.716
[2025-10-17 17:46:11] INFO: ), 2nd=
[2025-10-17 17:46:11] INFO: 0.462
[2025-10-17 17:46:11] INFO: , Discriminative=
[2025-10-17 17:46:11] INFO: 0.624
[2025-10-17 17:46:11] INFO: , AvgNeg=
[2025-10-17 17:46:11] INFO: 0.462
[2025-10-17 17:46:11] INFO: [Thresholds] Abs=
[2025-10-17 17:46:11] INFO: 0.753
[2025-10-17 17:46:11] INFO: , Margin=
[2025-10-17 17:46:11] INFO: 0.092
[2025-10-17 17:46:11] INFO: (
[2025-10-17 17:46:11] INFO: 12.9
[2025-10-17 17:46:11] INFO: %
[2025-10-17 17:46:11] INFO: ), RelMargin=
[2025-10-17 17:46:11] INFO: 35.5
[2025-10-17 17:46:11] INFO: %
[2025-10-17 17:46:11] INFO: , Tightness=
[2025-10-17 17:46:11] INFO: 0.694
[2025-10-17 17:46:11] INFO: , StdDev=
[2025-10-17 17:46:11] INFO: 0.123
[2025-10-17 17:46:11] INFO: [Decision] REJECT: Abs=
[2025-10-17 17:46:11] INFO: false
[2025-10-17 17:46:11] INFO: , AbsMargin=
[2025-10-17 17:46:11] INFO: true
[2025-10-17 17:46:11] INFO: , RelMargin=
[2025-10-17 17:46:11] INFO: true
[2025-10-17 17:46:11] INFO: , Discrim=
[2025-10-17 17:46:11] INFO: false
[2025-10-17 17:46:11] INFO: , Consist=
[2025-10-17 17:46:11] INFO: false
[2025-10-17 17:46:11] INFO: [Recognition] Scores: S12434 - jingyuan=0.403 S13234 - Jin_Rae=0.715 
[2025-10-17 17:46:11] INFO: [Decision] Best=
[2025-10-17 17:46:11] INFO: S13234 - Jin_Rae
[2025-10-17 17:46:11] INFO: (
[2025-10-17 17:46:11] INFO: 0.715
[2025-10-17 17:46:11] INFO: ), 2nd=
[2025-10-17 17:46:11] INFO: 0.403
[2025-10-17 17:46:11] INFO: , Discriminative=
[2025-10-17 17:46:11] INFO: 0.634
[2025-10-17 17:46:11] INFO: , AvgNeg=
[2025-10-17 17:46:11] INFO: 0.403
[2025-10-17 17:46:11] INFO: [Thresholds] Abs=
[2025-10-17 17:46:11] INFO: 0.753
[2025-10-17 17:46:11] INFO: , Margin=
[2025-10-17 17:46:11] INFO: 0.092
[2025-10-17 17:46:11] INFO: (
[2025-10-17 17:46:11] INFO: 12.9
[2025-10-17 17:46:11] INFO: %
[2025-10-17 17:46:11] INFO: ), RelMargin=
[2025-10-17 17:46:11] INFO: 43.6
[2025-10-17 17:46:11] INFO: %
[2025-10-17 17:46:11] INFO: , Tightness=
[2025-10-17 17:46:11] INFO: 0.694
[2025-10-17 17:46:11] INFO: , StdDev=
[2025-10-17 17:46:11] INFO: 0.123
[2025-10-17 17:46:11] INFO: [Decision] REJECT: Abs=
[2025-10-17 17:46:11] INFO: false
[2025-10-17 17:46:11] INFO: , AbsMargin=
[2025-10-17 17:46:11] INFO: true
[2025-10-17 17:46:11] INFO: , RelMargin=
[2025-10-17 17:46:11] INFO: true
[2025-10-17 17:46:11] INFO: , Discrim=
[2025-10-17 17:46:11] INFO: false
[2025-10-17 17:46:11] INFO: , Consist=
[2025-10-17 17:46:11] INFO: false
[2025-10-17 17:46:11] INFO: [Recognition] Scores: S12434 - jingyuan=0.441 S13234 - Jin_Rae=0.747 
[2025-10-17 17:46:11] INFO: [Decision] Best=
[2025-10-17 17:46:11] INFO: S13234 - Jin_Rae
[2025-10-17 17:46:11] INFO: (
[2025-10-17 17:46:11] INFO: 0.747
[2025-10-17 17:46:11] INFO: ), 2nd=
[2025-10-17 17:46:11] INFO: 0.441
[2025-10-17 17:46:11] INFO: , Discriminative=
[2025-10-17 17:46:11] INFO: 0.659
[2025-10-17 17:46:11] INFO: , AvgNeg=
[2025-10-17 17:46:11] INFO: 0.441
[2025-10-17 17:46:11] INFO: [Thresholds] Abs=
[2025-10-17 17:46:11] INFO: 0.753
[2025-10-17 17:46:11] INFO: , Margin=
[2025-10-17 17:46:11] INFO: 0.092
[2025-10-17 17:46:11] INFO: (
[2025-10-17 17:46:11] INFO: 12.4
[2025-10-17 17:46:11] INFO: %
[2025-10-17 17:46:11] INFO: ), RelMargin=
[2025-10-17 17:46:11] INFO: 41.0
[2025-10-17 17:46:11] INFO: %
[2025-10-17 17:46:11] INFO: , Tightness=
[2025-10-17 17:46:11] INFO: 0.694
[2025-10-17 17:46:11] INFO: , StdDev=
[2025-10-17 17:46:11] INFO: 0.123
[2025-10-17 17:46:11] INFO: [Decision] REJECT: Abs=
[2025-10-17 17:46:11] INFO: false
[2025-10-17 17:46:11] INFO: , AbsMargin=
[2025-10-17 17:46:11] INFO: true
[2025-10-17 17:46:11] INFO: , RelMargin=
[2025-10-17 17:46:11] INFO: true
[2025-10-17 17:46:11] INFO: , Discrim=
[2025-10-17 17:46:11] INFO: false
[2025-10-17 17:46:11] INFO: , Consist=
[2025-10-17 17:46:11] INFO: false
[2025-10-17 17:46:11] INFO: [Recognition] Scores: S12434 - jingyuan=0.401 S13234 - Jin_Rae=0.689 
[2025-10-17 17:46:11] INFO: [Decision] Best=
[2025-10-17 17:46:11] INFO: S13234 - Jin_Rae
[2025-10-17 17:46:11] INFO: (
[2025-10-17 17:46:11] INFO: 0.689
[2025-10-17 17:46:11] INFO: ), 2nd=
[2025-10-17 17:46:11] INFO: 0.401
[2025-10-17 17:46:11] INFO: , Discriminative=
[2025-10-17 17:46:11] INFO: 0.609
[2025-10-17 17:46:11] INFO: , AvgNeg=
[2025-10-17 17:46:11] INFO: 0.401
[2025-10-17 17:46:11] INFO: [Thresholds] Abs=
[2025-10-17 17:46:11] INFO: 0.753
[2025-10-17 17:46:11] INFO: , Margin=
[2025-10-17 17:46:11] INFO: 0.092
[2025-10-17 17:46:11] INFO: (
[2025-10-17 17:46:11] INFO: 13.4
[2025-10-17 17:46:11] INFO: %
[2025-10-17 17:46:11] INFO: ), RelMargin=
[2025-10-17 17:46:11] INFO: 41.8
[2025-10-17 17:46:11] INFO: %
[2025-10-17 17:46:11] INFO: , Tightness=
[2025-10-17 17:46:11] INFO: 0.694
[2025-10-17 17:46:11] INFO: , StdDev=
[2025-10-17 17:46:11] INFO: 0.123
[2025-10-17 17:46:11] INFO: [Decision] REJECT: Abs=
[2025-10-17 17:46:11] INFO: false
[2025-10-17 17:46:11] INFO: , AbsMargin=
[2025-10-17 17:46:11] INFO: true
[2025-10-17 17:46:11] INFO: , RelMargin=
[2025-10-17 17:46:11] INFO: true
[2025-10-17 17:46:11] INFO: , Discrim=
[2025-10-17 17:46:11] INFO: false
[2025-10-17 17:46:11] INFO: , Consist=
[2025-10-17 17:46:11] INFO: false
[2025-10-17 17:46:11] INFO: [Recognition] Scores: S12434 - jingyuan=0.384 S13234 - Jin_Rae=0.676 
[2025-10-17 17:46:11] INFO: [Decision] Best=
[2025-10-17 17:46:11] INFO: S13234 - Jin_Rae
[2025-10-17 17:46:11] INFO: (
[2025-10-17 17:46:11] INFO: 0.676
[2025-10-17 17:46:11] INFO: ), 2nd=
[2025-10-17 17:46:11] INFO: 0.384
[2025-10-17 17:46:11] INFO: , Discriminative=
[2025-10-17 17:46:11] INFO: 0.599
[2025-10-17 17:46:11] INFO: , AvgNeg=
[2025-10-17 17:46:11] INFO: 0.384
[2025-10-17 17:46:11] INFO: [Thresholds] Abs=
[2025-10-17 17:46:11] INFO: 0.753
[2025-10-17 17:46:11] INFO: , Margin=
[2025-10-17 17:46:11] INFO: 0.092
[2025-10-17 17:46:11] INFO: (
[2025-10-17 17:46:11] INFO: 13.7
[2025-10-17 17:46:11] INFO: %
[2025-10-17 17:46:11] INFO: ), RelMargin=
[2025-10-17 17:46:11] INFO: 43.2
[2025-10-17 17:46:11] INFO: %
[2025-10-17 17:46:11] INFO: , Tightness=
[2025-10-17 17:46:11] INFO: 0.694
[2025-10-17 17:46:11] INFO: , StdDev=
[2025-10-17 17:46:11] INFO: 0.123
[2025-10-17 17:46:11] INFO: [Decision] REJECT: Abs=
[2025-10-17 17:46:11] INFO: false
[2025-10-17 17:46:11] INFO: , AbsMargin=
[2025-10-17 17:46:11] INFO: true
[2025-10-17 17:46:11] INFO: , RelMargin=
[2025-10-17 17:46:11] INFO: true
[2025-10-17 17:46:11] INFO: , Discrim=
[2025-10-17 17:46:11] INFO: false
[2025-10-17 17:46:11] INFO: , Consist=
[2025-10-17 17:46:11] INFO: false
[2025-10-17 17:46:12] INFO: [Recognition] Scores: S12434 - jingyuan=0.442 S13234 - Jin_Rae=0.689 
[2025-10-17 17:46:12] INFO: [Decision] Best=
[2025-10-17 17:46:12] INFO: S13234 - Jin_Rae
[2025-10-17 17:46:12] INFO: (
[2025-10-17 17:46:12] INFO: 0.689
[2025-10-17 17:46:12] INFO: ), 2nd=
[2025-10-17 17:46:12] INFO: 0.442
[2025-10-17 17:46:12] INFO: , Discriminative=
[2025-10-17 17:46:12] INFO: 0.601
[2025-10-17 17:46:12] INFO: , AvgNeg=
[2025-10-17 17:46:12] INFO: 0.442
[2025-10-17 17:46:12] INFO: [Thresholds] Abs=
[2025-10-17 17:46:12] INFO: 0.753
[2025-10-17 17:46:12] INFO: , Margin=
[2025-10-17 17:46:12] INFO: 0.092
[2025-10-17 17:46:12] INFO: (
[2025-10-17 17:46:12] INFO: 13.4
[2025-10-17 17:46:12] INFO: %
[2025-10-17 17:46:12] INFO: ), RelMargin=
[2025-10-17 17:46:12] INFO: 35.8
[2025-10-17 17:46:12] INFO: %
[2025-10-17 17:46:12] INFO: , Tightness=
[2025-10-17 17:46:12] INFO: 0.694
[2025-10-17 17:46:12] INFO: , StdDev=
[2025-10-17 17:46:12] INFO: 0.123
[2025-10-17 17:46:12] INFO: [Decision] REJECT: Abs=
[2025-10-17 17:46:12] INFO: false
[2025-10-17 17:46:12] INFO: , AbsMargin=
[2025-10-17 17:46:12] INFO: true
[2025-10-17 17:46:12] INFO: , RelMargin=
[2025-10-17 17:46:12] INFO: true
[2025-10-17 17:46:12] INFO: , Discrim=
[2025-10-17 17:46:12] INFO: false
[2025-10-17 17:46:12] INFO: , Consist=
[2025-10-17 17:46:12] INFO: false
[2025-10-17 17:46:12] INFO: [Recognition] Scores: S12434 - jingyuan=0.402 S13234 - Jin_Rae=0.676 
[2025-10-17 17:46:12] INFO: [Decision] Best=
[2025-10-17 17:46:12] INFO: S13234 - Jin_Rae
[2025-10-17 17:46:12] INFO: (
[2025-10-17 17:46:12] INFO: 0.676
[2025-10-17 17:46:12] INFO: ), 2nd=
[2025-10-17 17:46:12] INFO: 0.402
[2025-10-17 17:46:12] INFO: , Discriminative=
[2025-10-17 17:46:12] INFO: 0.595
[2025-10-17 17:46:12] INFO: , AvgNeg=
[2025-10-17 17:46:12] INFO: 0.402
[2025-10-17 17:46:12] INFO: [Thresholds] Abs=
[2025-10-17 17:46:12] INFO: 0.753
[2025-10-17 17:46:12] INFO: , Margin=
[2025-10-17 17:46:12] INFO: 0.092
[2025-10-17 17:46:12] INFO: (
[2025-10-17 17:46:12] INFO: 13.7
[2025-10-17 17:46:12] INFO: %
[2025-10-17 17:46:12] INFO: ), RelMargin=
[2025-10-17 17:46:12] INFO: 40.5
[2025-10-17 17:46:12] INFO: %
[2025-10-17 17:46:12] INFO: , Tightness=
[2025-10-17 17:46:12] INFO: 0.694
[2025-10-17 17:46:12] INFO: , StdDev=
[2025-10-17 17:46:12] INFO: 0.123
[2025-10-17 17:46:12] INFO: [Decision] REJECT: Abs=
[2025-10-17 17:46:12] INFO: false
[2025-10-17 17:46:12] INFO: , AbsMargin=
[2025-10-17 17:46:12] INFO: true
[2025-10-17 17:46:12] INFO: , RelMargin=
[2025-10-17 17:46:12] INFO: true
[2025-10-17 17:46:12] INFO: , Discrim=
[2025-10-17 17:46:12] INFO: false
[2025-10-17 17:46:12] INFO: , Consist=
[2025-10-17 17:46:12] INFO: false
[2025-10-17 17:46:12] INFO: [Recognition] Scores: S12434 - jingyuan=0.385 S13234 - Jin_Rae=0.658 
[2025-10-17 17:46:12] INFO: [Decision] Best=
[2025-10-17 17:46:12] INFO: S13234 - Jin_Rae
[2025-10-17 17:46:12] INFO: (
[2025-10-17 17:46:12] INFO: 0.658
[2025-10-17 17:46:12] INFO: ), 2nd=
[2025-10-17 17:46:12] INFO: 0.385
[2025-10-17 17:46:12] INFO: , Discriminative=
[2025-10-17 17:46:12] INFO: 0.581
[2025-10-17 17:46:12] INFO: , AvgNeg=
[2025-10-17 17:46:12] INFO: 0.385
[2025-10-17 17:46:12] INFO: [Thresholds] Abs=
[2025-10-17 17:46:12] INFO: 0.753
[2025-10-17 17:46:12] INFO: , Margin=
[2025-10-17 17:46:12] INFO: 0.092
[2025-10-17 17:46:12] INFO: (
[2025-10-17 17:46:12] INFO: 14.1
[2025-10-17 17:46:12] INFO: %
[2025-10-17 17:46:12] INFO: ), RelMargin=
[2025-10-17 17:46:12] INFO: 41.5
[2025-10-17 17:46:12] INFO: %
[2025-10-17 17:46:12] INFO: , Tightness=
[2025-10-17 17:46:12] INFO: 0.694
[2025-10-17 17:46:12] INFO: , StdDev=
[2025-10-17 17:46:12] INFO: 0.123
[2025-10-17 17:46:12] INFO: [Decision] REJECT: Abs=
[2025-10-17 17:46:12] INFO: false
[2025-10-17 17:46:12] INFO: , AbsMargin=
[2025-10-17 17:46:12] INFO: true
[2025-10-17 17:46:12] INFO: , RelMargin=
[2025-10-17 17:46:12] INFO: true
[2025-10-17 17:46:12] INFO: , Discrim=
[2025-10-17 17:46:12] INFO: false
[2025-10-17 17:46:12] INFO: , Consist=
[2025-10-17 17:46:12] INFO: false
[2025-10-17 17:46:12] INFO: [Recognition] Scores: S12434 - jingyuan=0.382 S13234 - Jin_Rae=0.650 
[2025-10-17 17:46:12] INFO: [Decision] Best=
[2025-10-17 17:46:12] INFO: S13234 - Jin_Rae
[2025-10-17 17:46:12] INFO: (
[2025-10-17 17:46:12] INFO: 0.650
[2025-10-17 17:46:12] INFO: ), 2nd=
[2025-10-17 17:46:12] INFO: 0.382
[2025-10-17 17:46:12] INFO: , Discriminative=
[2025-10-17 17:46:12] INFO: 0.573
[2025-10-17 17:46:12] INFO: , AvgNeg=
[2025-10-17 17:46:12] INFO: 0.382
[2025-10-17 17:46:12] INFO: [Thresholds] Abs=
[2025-10-17 17:46:12] INFO: 0.753
[2025-10-17 17:46:12] INFO: , Margin=
[2025-10-17 17:46:12] INFO: 0.092
[2025-10-17 17:46:12] INFO: (
[2025-10-17 17:46:12] INFO: 14.2
[2025-10-17 17:46:12] INFO: %
[2025-10-17 17:46:12] INFO: ), RelMargin=
[2025-10-17 17:46:12] INFO: 41.2
[2025-10-17 17:46:12] INFO: %
[2025-10-17 17:46:12] INFO: , Tightness=
[2025-10-17 17:46:12] INFO: 0.694
[2025-10-17 17:46:12] INFO: , StdDev=
[2025-10-17 17:46:12] INFO: 0.123
[2025-10-17 17:46:12] INFO: [Decision] REJECT: Abs=
[2025-10-17 17:46:12] INFO: false
[2025-10-17 17:46:12] INFO: , AbsMargin=
[2025-10-17 17:46:12] INFO: true
[2025-10-17 17:46:12] INFO: , RelMargin=
[2025-10-17 17:46:12] INFO: true
[2025-10-17 17:46:12] INFO: , Discrim=
[2025-10-17 17:46:12] INFO: false
[2025-10-17 17:46:12] INFO: , Consist=
[2025-10-17 17:46:12] INFO: false
[2025-10-17 17:46:12] INFO: [Recognition] Scores: S12434 - jingyuan=0.386 S13234 - Jin_Rae=0.653 
[2025-10-17 17:46:12] INFO: [Decision] Best=
[2025-10-17 17:46:12] INFO: S13234 - Jin_Rae
[2025-10-17 17:46:12] INFO: (
[2025-10-17 17:46:12] INFO: 0.653
[2025-10-17 17:46:12] INFO: ), 2nd=
[2025-10-17 17:46:12] INFO: 0.386
[2025-10-17 17:46:12] INFO: , Discriminative=
[2025-10-17 17:46:12] INFO: 0.576
[2025-10-17 17:46:12] INFO: , AvgNeg=
[2025-10-17 17:46:12] INFO: 0.386
[2025-10-17 17:46:12] INFO: [Thresholds] Abs=
[2025-10-17 17:46:12] INFO: 0.753
[2025-10-17 17:46:12] INFO: , Margin=
[2025-10-17 17:46:12] INFO: 0.092
[2025-10-17 17:46:12] INFO: (
[2025-10-17 17:46:12] INFO: 14.2
[2025-10-17 17:46:12] INFO: %
[2025-10-17 17:46:12] INFO: ), RelMargin=
[2025-10-17 17:46:12] INFO: 40.9
[2025-10-17 17:46:12] INFO: %
[2025-10-17 17:46:12] INFO: , Tightness=
[2025-10-17 17:46:12] INFO: 0.694
[2025-10-17 17:46:12] INFO: , StdDev=
[2025-10-17 17:46:12] INFO: 0.123
[2025-10-17 17:46:12] INFO: [Decision] REJECT: Abs=
[2025-10-17 17:46:12] INFO: false
[2025-10-17 17:46:12] INFO: , AbsMargin=
[2025-10-17 17:46:12] INFO: true
[2025-10-17 17:46:12] INFO: , RelMargin=
[2025-10-17 17:46:12] INFO: true
[2025-10-17 17:46:12] INFO: , Discrim=
[2025-10-17 17:46:12] INFO: false
[2025-10-17 17:46:12] INFO: , Consist=
[2025-10-17 17:46:12] INFO: false
[2025-10-17 17:46:13] INFO: [Recognition] Scores: S12434 - jingyuan=0.384 S13234 - Jin_Rae=0.672 
[2025-10-17 17:46:13] INFO: [Decision] Best=
[2025-10-17 17:46:13] INFO: S13234 - Jin_Rae
[2025-10-17 17:46:13] INFO: (
[2025-10-17 17:46:13] INFO: 0.672
[2025-10-17 17:46:13] INFO: ), 2nd=
[2025-10-17 17:46:13] INFO: 0.384
[2025-10-17 17:46:13] INFO: , Discriminative=
[2025-10-17 17:46:13] INFO: 0.595
[2025-10-17 17:46:13] INFO: , AvgNeg=
[2025-10-17 17:46:13] INFO: 0.384
[2025-10-17 17:46:13] INFO: [Thresholds] Abs=
[2025-10-17 17:46:13] INFO: 0.753
[2025-10-17 17:46:13] INFO: , Margin=
[2025-10-17 17:46:13] INFO: 0.092
[2025-10-17 17:46:13] INFO: (
[2025-10-17 17:46:13] INFO: 13.8
[2025-10-17 17:46:13] INFO: %
[2025-10-17 17:46:13] INFO: ), RelMargin=
[2025-10-17 17:46:13] INFO: 42.8
[2025-10-17 17:46:13] INFO: %
[2025-10-17 17:46:13] INFO: , Tightness=
[2025-10-17 17:46:13] INFO: 0.694
[2025-10-17 17:46:13] INFO: , StdDev=
[2025-10-17 17:46:13] INFO: 0.123
[2025-10-17 17:46:13] INFO: [Decision] REJECT: Abs=
[2025-10-17 17:46:13] INFO: false
[2025-10-17 17:46:13] INFO: , AbsMargin=
[2025-10-17 17:46:13] INFO: true
[2025-10-17 17:46:13] INFO: , RelMargin=
[2025-10-17 17:46:13] INFO: true
[2025-10-17 17:46:13] INFO: , Discrim=
[2025-10-17 17:46:13] INFO: false
[2025-10-17 17:46:13] INFO: , Consist=
[2025-10-17 17:46:13] INFO: false
[2025-10-17 17:46:13] INFO: [Recognition] Scores: S12434 - jingyuan=0.385 S13234 - Jin_Rae=0.653 
[2025-10-17 17:46:13] INFO: [Decision] Best=
[2025-10-17 17:46:13] INFO: S13234 - Jin_Rae
[2025-10-17 17:46:13] INFO: (
[2025-10-17 17:46:13] INFO: 0.653
[2025-10-17 17:46:13] INFO: ), 2nd=
[2025-10-17 17:46:13] INFO: 0.385
[2025-10-17 17:46:13] INFO: , Discriminative=
[2025-10-17 17:46:13] INFO: 0.576
[2025-10-17 17:46:13] INFO: , AvgNeg=
[2025-10-17 17:46:13] INFO: 0.385
[2025-10-17 17:46:13] INFO: [Thresholds] Abs=
[2025-10-17 17:46:13] INFO: 0.753
[2025-10-17 17:46:13] INFO: , Margin=
[2025-10-17 17:46:13] INFO: 0.092
[2025-10-17 17:46:13] INFO: (
[2025-10-17 17:46:13] INFO: 14.2
[2025-10-17 17:46:13] INFO: %
[2025-10-17 17:46:13] INFO: ), RelMargin=
[2025-10-17 17:46:13] INFO: 40.9
[2025-10-17 17:46:13] INFO: %
[2025-10-17 17:46:13] INFO: , Tightness=
[2025-10-17 17:46:13] INFO: 0.694
[2025-10-17 17:46:13] INFO: , StdDev=
[2025-10-17 17:46:13] INFO: 0.123
[2025-10-17 17:46:13] INFO: [Decision] REJECT: Abs=
[2025-10-17 17:46:13] INFO: false
[2025-10-17 17:46:13] INFO: , AbsMargin=
[2025-10-17 17:46:13] INFO: true
[2025-10-17 17:46:13] INFO: , RelMargin=
[2025-10-17 17:46:13] INFO: true
[2025-10-17 17:46:13] INFO: , Discrim=
[2025-10-17 17:46:13] INFO: false
[2025-10-17 17:46:13] INFO: , Consist=
[2025-10-17 17:46:13] INFO: false
[2025-10-17 17:46:13] INFO: [Recognition] Scores: S12434 - jingyuan=0.401 S13234 - Jin_Rae=0.677 
[2025-10-17 17:46:13] INFO: [Decision] Best=
[2025-10-17 17:46:13] INFO: S13234 - Jin_Rae
[2025-10-17 17:46:13] INFO: (
[2025-10-17 17:46:13] INFO: 0.677
[2025-10-17 17:46:13] INFO: ), 2nd=
[2025-10-17 17:46:13] INFO: 0.401
[2025-10-17 17:46:13] INFO: , Discriminative=
[2025-10-17 17:46:13] INFO: 0.596
[2025-10-17 17:46:13] INFO: , AvgNeg=
[2025-10-17 17:46:13] INFO: 0.401
[2025-10-17 17:46:13] INFO: [Thresholds] Abs=
[2025-10-17 17:46:13] INFO: 0.753
[2025-10-17 17:46:13] INFO: , Margin=
[2025-10-17 17:46:13] INFO: 0.092
[2025-10-17 17:46:13] INFO: (
[2025-10-17 17:46:13] INFO: 13.7
[2025-10-17 17:46:13] INFO: %
[2025-10-17 17:46:13] INFO: ), RelMargin=
[2025-10-17 17:46:13] INFO: 40.7
[2025-10-17 17:46:13] INFO: %
[2025-10-17 17:46:13] INFO: , Tightness=
[2025-10-17 17:46:13] INFO: 0.694
[2025-10-17 17:46:13] INFO: , StdDev=
[2025-10-17 17:46:13] INFO: 0.123
[2025-10-17 17:46:13] INFO: [Decision] REJECT: Abs=
[2025-10-17 17:46:13] INFO: false
[2025-10-17 17:46:13] INFO: , AbsMargin=
[2025-10-17 17:46:13] INFO: true
[2025-10-17 17:46:13] INFO: , RelMargin=
[2025-10-17 17:46:13] INFO: true
[2025-10-17 17:46:13] INFO: , Discrim=
[2025-10-17 17:46:13] INFO: false
[2025-10-17 17:46:13] INFO: , Consist=
[2025-10-17 17:46:13] INFO: false
[2025-10-17 17:46:13] INFO: [Recognition] Scores: S12434 - jingyuan=0.384 S13234 - Jin_Rae=0.654 
[2025-10-17 17:46:13] INFO: [Decision] Best=
[2025-10-17 17:46:13] INFO: S13234 - Jin_Rae
[2025-10-17 17:46:13] INFO: (
[2025-10-17 17:46:13] INFO: 0.654
[2025-10-17 17:46:13] INFO: ), 2nd=
[2025-10-17 17:46:13] INFO: 0.384
[2025-10-17 17:46:13] INFO: , Discriminative=
[2025-10-17 17:46:13] INFO: 0.577
[2025-10-17 17:46:13] INFO: , AvgNeg=
[2025-10-17 17:46:13] INFO: 0.384
[2025-10-17 17:46:13] INFO: [Thresholds] Abs=
[2025-10-17 17:46:13] INFO: 0.753
[2025-10-17 17:46:13] INFO: , Margin=
[2025-10-17 17:46:13] INFO: 0.092
[2025-10-17 17:46:13] INFO: (
[2025-10-17 17:46:13] INFO: 14.1
[2025-10-17 17:46:13] INFO: %
[2025-10-17 17:46:13] INFO: ), RelMargin=
[2025-10-17 17:46:13] INFO: 41.2
[2025-10-17 17:46:13] INFO: %
[2025-10-17 17:46:13] INFO: , Tightness=
[2025-10-17 17:46:13] INFO: 0.694
[2025-10-17 17:46:13] INFO: , StdDev=
[2025-10-17 17:46:13] INFO: 0.123
[2025-10-17 17:46:13] INFO: [Decision] REJECT: Abs=
[2025-10-17 17:46:13] INFO: false
[2025-10-17 17:46:13] INFO: , AbsMargin=
[2025-10-17 17:46:13] INFO: true
[2025-10-17 17:46:13] INFO: , RelMargin=
[2025-10-17 17:46:13] INFO: true
[2025-10-17 17:46:13] INFO: , Discrim=
[2025-10-17 17:46:13] INFO: false
[2025-10-17 17:46:13] INFO: , Consist=
[2025-10-17 17:46:13] INFO: false
[2025-10-17 17:46:14] INFO: [Recognition] Scores: S12434 - jingyuan=0.367 S13234 - Jin_Rae=0.633 
[2025-10-17 17:46:14] INFO: [Decision] Best=
[2025-10-17 17:46:14] INFO: S13234 - Jin_Rae
[2025-10-17 17:46:14] INFO: (
[2025-10-17 17:46:14] INFO: 0.633
[2025-10-17 17:46:14] INFO: ), 2nd=
[2025-10-17 17:46:14] INFO: 0.367
[2025-10-17 17:46:14] INFO: , Discriminative=
[2025-10-17 17:46:14] INFO: 0.560
[2025-10-17 17:46:14] INFO: , AvgNeg=
[2025-10-17 17:46:14] INFO: 0.367
[2025-10-17 17:46:14] INFO: [Thresholds] Abs=
[2025-10-17 17:46:14] INFO: 0.753
[2025-10-17 17:46:14] INFO: , Margin=
[2025-10-17 17:46:14] INFO: 0.092
[2025-10-17 17:46:14] INFO: (
[2025-10-17 17:46:14] INFO: 14.6
[2025-10-17 17:46:14] INFO: %
[2025-10-17 17:46:14] INFO: ), RelMargin=
[2025-10-17 17:46:14] INFO: 42.1
[2025-10-17 17:46:14] INFO: %
[2025-10-17 17:46:14] INFO: , Tightness=
[2025-10-17 17:46:14] INFO: 0.694
[2025-10-17 17:46:14] INFO: , StdDev=
[2025-10-17 17:46:14] INFO: 0.123
[2025-10-17 17:46:14] INFO: [Decision] REJECT: Abs=
[2025-10-17 17:46:14] INFO: false
[2025-10-17 17:46:14] INFO: , AbsMargin=
[2025-10-17 17:46:14] INFO: true
[2025-10-17 17:46:14] INFO: , RelMargin=
[2025-10-17 17:46:14] INFO: true
[2025-10-17 17:46:14] INFO: , Discrim=
[2025-10-17 17:46:14] INFO: false
[2025-10-17 17:46:14] INFO: , Consist=
[2025-10-17 17:46:14] INFO: false
[2025-10-17 17:46:14] INFO: [Recognition] Scores: S12434 - jingyuan=0.335 S13234 - Jin_Rae=0.599 
[2025-10-17 17:46:14] INFO: [Decision] Best=
[2025-10-17 17:46:14] INFO: S13234 - Jin_Rae
[2025-10-17 17:46:14] INFO: (
[2025-10-17 17:46:14] INFO: 0.599
[2025-10-17 17:46:14] INFO: ), 2nd=
[2025-10-17 17:46:14] INFO: 0.335
[2025-10-17 17:46:14] INFO: , Discriminative=
[2025-10-17 17:46:14] INFO: 0.532
[2025-10-17 17:46:14] INFO: , AvgNeg=
[2025-10-17 17:46:14] INFO: 0.335
[2025-10-17 17:46:14] INFO: [Thresholds] Abs=
[2025-10-17 17:46:14] INFO: 0.753
[2025-10-17 17:46:14] INFO: , Margin=
[2025-10-17 17:46:14] INFO: 0.092
[2025-10-17 17:46:14] INFO: (
[2025-10-17 17:46:14] INFO: 15.4
[2025-10-17 17:46:14] INFO: %
[2025-10-17 17:46:14] INFO: ), RelMargin=
[2025-10-17 17:46:14] INFO: 44.2
[2025-10-17 17:46:14] INFO: %
[2025-10-17 17:46:14] INFO: , Tightness=
[2025-10-17 17:46:14] INFO: 0.694
[2025-10-17 17:46:14] INFO: , StdDev=
[2025-10-17 17:46:14] INFO: 0.123
[2025-10-17 17:46:14] INFO: [Decision] REJECT: Abs=
[2025-10-17 17:46:14] INFO: false
[2025-10-17 17:46:14] INFO: , AbsMargin=
[2025-10-17 17:46:14] INFO: true
[2025-10-17 17:46:14] INFO: , RelMargin=
[2025-10-17 17:46:14] INFO: true
[2025-10-17 17:46:14] INFO: , Discrim=
[2025-10-17 17:46:14] INFO: false
[2025-10-17 17:46:14] INFO: , Consist=
[2025-10-17 17:46:14] INFO: false
[2025-10-17 17:46:14] INFO: [Recognition] Scores: S12434 - jingyuan=0.299 S13234 - Jin_Rae=0.575 
[2025-10-17 17:46:14] INFO: [Decision] Best=
[2025-10-17 17:46:14] INFO: S13234 - Jin_Rae
[2025-10-17 17:46:14] INFO: (
[2025-10-17 17:46:14] INFO: 0.575
[2025-10-17 17:46:14] INFO: ), 2nd=
[2025-10-17 17:46:14] INFO: 0.299
[2025-10-17 17:46:14] INFO: , Discriminative=
[2025-10-17 17:46:14] INFO: 0.515
[2025-10-17 17:46:14] INFO: , AvgNeg=
[2025-10-17 17:46:14] INFO: 0.299
[2025-10-17 17:46:14] INFO: [Thresholds] Abs=
[2025-10-17 17:46:14] INFO: 0.753
[2025-10-17 17:46:14] INFO: , Margin=
[2025-10-17 17:46:14] INFO: 0.092
[2025-10-17 17:46:14] INFO: (
[2025-10-17 17:46:14] INFO: 16.1
[2025-10-17 17:46:14] INFO: %
[2025-10-17 17:46:14] INFO: ), RelMargin=
[2025-10-17 17:46:14] INFO: 48.0
[2025-10-17 17:46:14] INFO: %
[2025-10-17 17:46:14] INFO: , Tightness=
[2025-10-17 17:46:14] INFO: 0.694
[2025-10-17 17:46:14] INFO: , StdDev=
[2025-10-17 17:46:14] INFO: 0.123
[2025-10-17 17:46:14] INFO: [Decision] REJECT: Abs=
[2025-10-17 17:46:14] INFO: false
[2025-10-17 17:46:14] INFO: , AbsMargin=
[2025-10-17 17:46:14] INFO: true
[2025-10-17 17:46:14] INFO: , RelMargin=
[2025-10-17 17:46:14] INFO: true
[2025-10-17 17:46:14] INFO: , Discrim=
[2025-10-17 17:46:14] INFO: false
[2025-10-17 17:46:14] INFO: , Consist=
[2025-10-17 17:46:14] INFO: false
[2025-10-17 17:46:14] INFO: [Recognition] Scores: S12434 - jingyuan=0.269 S13234 - Jin_Rae=0.555 
[2025-10-17 17:46:14] INFO: [Decision] Best=
[2025-10-17 17:46:14] INFO: S13234 - Jin_Rae
[2025-10-17 17:46:14] INFO: (
[2025-10-17 17:46:14] INFO: 0.555
[2025-10-17 17:46:14] INFO: ), 2nd=
[2025-10-17 17:46:14] INFO: 0.269
[2025-10-17 17:46:14] INFO: , Discriminative=
[2025-10-17 17:46:14] INFO: 0.501
[2025-10-17 17:46:14] INFO: , AvgNeg=
[2025-10-17 17:46:14] INFO: 0.269
[2025-10-17 17:46:14] INFO: [Thresholds] Abs=
[2025-10-17 17:46:14] INFO: 0.753
[2025-10-17 17:46:14] INFO: , Margin=
[2025-10-17 17:46:14] INFO: 0.092
[2025-10-17 17:46:14] INFO: (
[2025-10-17 17:46:14] INFO: 16.7
[2025-10-17 17:46:14] INFO: %
[2025-10-17 17:46:14] INFO: ), RelMargin=
[2025-10-17 17:46:14] INFO: 51.5
[2025-10-17 17:46:14] INFO: %
[2025-10-17 17:46:14] INFO: , Tightness=
[2025-10-17 17:46:14] INFO: 0.694
[2025-10-17 17:46:14] INFO: , StdDev=
[2025-10-17 17:46:14] INFO: 0.123
[2025-10-17 17:46:14] INFO: [Decision] REJECT: Abs=
[2025-10-17 17:46:14] INFO: false
[2025-10-17 17:46:14] INFO: , AbsMargin=
[2025-10-17 17:46:14] INFO: true
[2025-10-17 17:46:14] INFO: , RelMargin=
[2025-10-17 17:46:14] INFO: true
[2025-10-17 17:46:14] INFO: , Discrim=
[2025-10-17 17:46:14] INFO: false
[2025-10-17 17:46:14] INFO: , Consist=
[2025-10-17 17:46:14] INFO: false
[2025-10-17 17:46:14] INFO: [Recognition] Scores: S12434 - jingyuan=0.242 S13234 - Jin_Rae=0.533 
[2025-10-17 17:46:14] INFO: [Decision] Best=
[2025-10-17 17:46:14] INFO: S13234 - Jin_Rae
[2025-10-17 17:46:14] INFO: (
[2025-10-17 17:46:14] INFO: 0.533
[2025-10-17 17:46:14] INFO: ), 2nd=
[2025-10-17 17:46:14] INFO: 0.242
[2025-10-17 17:46:14] INFO: , Discriminative=
[2025-10-17 17:46:14] INFO: 0.484
[2025-10-17 17:46:14] INFO: , AvgNeg=
[2025-10-17 17:46:14] INFO: 0.242
[2025-10-17 17:46:14] INFO: [Thresholds] Abs=
[2025-10-17 17:46:14] INFO: 0.753
[2025-10-17 17:46:14] INFO: , Margin=
[2025-10-17 17:46:14] INFO: 0.092
[2025-10-17 17:46:14] INFO: (
[2025-10-17 17:46:14] INFO: 17.4
[2025-10-17 17:46:14] INFO: %
[2025-10-17 17:46:14] INFO: ), RelMargin=
[2025-10-17 17:46:14] INFO: 54.6
[2025-10-17 17:46:14] INFO: %
[2025-10-17 17:46:14] INFO: , Tightness=
[2025-10-17 17:46:14] INFO: 0.694
[2025-10-17 17:46:14] INFO: , StdDev=
[2025-10-17 17:46:14] INFO: 0.123
[2025-10-17 17:46:14] INFO: [Decision] REJECT: Abs=
[2025-10-17 17:46:14] INFO: false
[2025-10-17 17:46:14] INFO: , AbsMargin=
[2025-10-17 17:46:14] INFO: true
[2025-10-17 17:46:14] INFO: , RelMargin=
[2025-10-17 17:46:14] INFO: true
[2025-10-17 17:46:14] INFO: , Discrim=
[2025-10-17 17:46:14] INFO: false
[2025-10-17 17:46:14] INFO: , Consist=
[2025-10-17 17:46:14] INFO: false
[2025-10-17 17:46:15] INFO: [Recognition] Scores: S12434 - jingyuan=0.273 S13234 - Jin_Rae=0.525 
[2025-10-17 17:46:15] INFO: [Decision] Best=
[2025-10-17 17:46:15] INFO: S13234 - Jin_Rae
[2025-10-17 17:46:15] INFO: (
[2025-10-17 17:46:15] INFO: 0.525
[2025-10-17 17:46:15] INFO: ), 2nd=
[2025-10-17 17:46:15] INFO: 0.273
[2025-10-17 17:46:15] INFO: , Discriminative=
[2025-10-17 17:46:15] INFO: 0.471
[2025-10-17 17:46:15] INFO: , AvgNeg=
[2025-10-17 17:46:15] INFO: 0.273
[2025-10-17 17:46:15] INFO: [Thresholds] Abs=
[2025-10-17 17:46:15] INFO: 0.753
[2025-10-17 17:46:15] INFO: , Margin=
[2025-10-17 17:46:15] INFO: 0.092
[2025-10-17 17:46:15] INFO: (
[2025-10-17 17:46:15] INFO: 17.6
[2025-10-17 17:46:15] INFO: %
[2025-10-17 17:46:15] INFO: ), RelMargin=
[2025-10-17 17:46:15] INFO: 48.0
[2025-10-17 17:46:15] INFO: %
[2025-10-17 17:46:15] INFO: , Tightness=
[2025-10-17 17:46:15] INFO: 0.694
[2025-10-17 17:46:15] INFO: , StdDev=
[2025-10-17 17:46:15] INFO: 0.123
[2025-10-17 17:46:15] INFO: [Decision] REJECT: Abs=
[2025-10-17 17:46:15] INFO: false
[2025-10-17 17:46:15] INFO: , AbsMargin=
[2025-10-17 17:46:15] INFO: true
[2025-10-17 17:46:15] INFO: , RelMargin=
[2025-10-17 17:46:15] INFO: true
[2025-10-17 17:46:15] INFO: , Discrim=
[2025-10-17 17:46:15] INFO: false
[2025-10-17 17:46:15] INFO: , Consist=
[2025-10-17 17:46:15] INFO: false
[2025-10-17 17:46:15] INFO: [Recognition] Scores: S12434 - jingyuan=0.283 S13234 - Jin_Rae=0.539 
[2025-10-17 17:46:15] INFO: [Decision] Best=
[2025-10-17 17:46:15] INFO: S13234 - Jin_Rae
[2025-10-17 17:46:15] INFO: (
[2025-10-17 17:46:15] INFO: 0.539
[2025-10-17 17:46:15] INFO: ), 2nd=
[2025-10-17 17:46:15] INFO: 0.283
[2025-10-17 17:46:15] INFO: , Discriminative=
[2025-10-17 17:46:15] INFO: 0.483
[2025-10-17 17:46:15] INFO: , AvgNeg=
[2025-10-17 17:46:15] INFO: 0.283
[2025-10-17 17:46:15] INFO: [Thresholds] Abs=
[2025-10-17 17:46:15] INFO: 0.753
[2025-10-17 17:46:15] INFO: , Margin=
[2025-10-17 17:46:15] INFO: 0.092
[2025-10-17 17:46:15] INFO: (
[2025-10-17 17:46:15] INFO: 17.1
[2025-10-17 17:46:15] INFO: %
[2025-10-17 17:46:15] INFO: ), RelMargin=
[2025-10-17 17:46:15] INFO: 47.5
[2025-10-17 17:46:15] INFO: %
[2025-10-17 17:46:15] INFO: , Tightness=
[2025-10-17 17:46:15] INFO: 0.694
[2025-10-17 17:46:15] INFO: , StdDev=
[2025-10-17 17:46:15] INFO: 0.123
[2025-10-17 17:46:15] INFO: [Decision] REJECT: Abs=
[2025-10-17 17:46:15] INFO: false
[2025-10-17 17:46:15] INFO: , AbsMargin=
[2025-10-17 17:46:15] INFO: true
[2025-10-17 17:46:15] INFO: , RelMargin=
[2025-10-17 17:46:15] INFO: true
[2025-10-17 17:46:15] INFO: , Discrim=
[2025-10-17 17:46:15] INFO: false
[2025-10-17 17:46:15] INFO: , Consist=
[2025-10-17 17:46:15] INFO: false
[2025-10-17 17:46:15] INFO: [Recognition] Scores: S12434 - jingyuan=0.315 S13234 - Jin_Rae=0.557 
[2025-10-17 17:46:15] INFO: [Decision] Best=
[2025-10-17 17:46:15] INFO: S13234 - Jin_Rae
[2025-10-17 17:46:15] INFO: (
[2025-10-17 17:46:15] INFO: 0.557
[2025-10-17 17:46:15] INFO: ), 2nd=
[2025-10-17 17:46:15] INFO: 0.315
[2025-10-17 17:46:15] INFO: , Discriminative=
[2025-10-17 17:46:15] INFO: 0.494
[2025-10-17 17:46:15] INFO: , AvgNeg=
[2025-10-17 17:46:15] INFO: 0.315
[2025-10-17 17:46:15] INFO: [Thresholds] Abs=
[2025-10-17 17:46:15] INFO: 0.753
[2025-10-17 17:46:15] INFO: , Margin=
[2025-10-17 17:46:15] INFO: 0.092
[2025-10-17 17:46:15] INFO: (
[2025-10-17 17:46:15] INFO: 16.6
[2025-10-17 17:46:15] INFO: %
[2025-10-17 17:46:15] INFO: ), RelMargin=
[2025-10-17 17:46:15] INFO: 43.4
[2025-10-17 17:46:15] INFO: %
[2025-10-17 17:46:15] INFO: , Tightness=
[2025-10-17 17:46:15] INFO: 0.694
[2025-10-17 17:46:15] INFO: , StdDev=
[2025-10-17 17:46:15] INFO: 0.123
[2025-10-17 17:46:15] INFO: [Decision] REJECT: Abs=
[2025-10-17 17:46:15] INFO: false
[2025-10-17 17:46:15] INFO: , AbsMargin=
[2025-10-17 17:46:15] INFO: true
[2025-10-17 17:46:15] INFO: , RelMargin=
[2025-10-17 17:46:15] INFO: true
[2025-10-17 17:46:15] INFO: , Discrim=
[2025-10-17 17:46:15] INFO: false
[2025-10-17 17:46:15] INFO: , Consist=
[2025-10-17 17:46:15] INFO: false
[2025-10-17 17:46:15] INFO: [Recognition] Scores: S12434 - jingyuan=0.306 S13234 - Jin_Rae=0.553 
[2025-10-17 17:46:15] INFO: [Decision] Best=
[2025-10-17 17:46:15] INFO: S13234 - Jin_Rae
[2025-10-17 17:46:15] INFO: (
[2025-10-17 17:46:15] INFO: 0.553
[2025-10-17 17:46:15] INFO: ), 2nd=
[2025-10-17 17:46:15] INFO: 0.306
[2025-10-17 17:46:15] INFO: , Discriminative=
[2025-10-17 17:46:15] INFO: 0.492
[2025-10-17 17:46:15] INFO: , AvgNeg=
[2025-10-17 17:46:15] INFO: 0.306
[2025-10-17 17:46:15] INFO: [Thresholds] Abs=
[2025-10-17 17:46:15] INFO: 0.753
[2025-10-17 17:46:15] INFO: , Margin=
[2025-10-17 17:46:15] INFO: 0.092
[2025-10-17 17:46:15] INFO: (
[2025-10-17 17:46:15] INFO: 16.7
[2025-10-17 17:46:15] INFO: %
[2025-10-17 17:46:15] INFO: ), RelMargin=
[2025-10-17 17:46:15] INFO: 44.8
[2025-10-17 17:46:15] INFO: %
[2025-10-17 17:46:15] INFO: , Tightness=
[2025-10-17 17:46:15] INFO: 0.694
[2025-10-17 17:46:15] INFO: , StdDev=
[2025-10-17 17:46:15] INFO: 0.123
[2025-10-17 17:46:15] INFO: [Decision] REJECT: Abs=
[2025-10-17 17:46:15] INFO: false
[2025-10-17 17:46:15] INFO: , AbsMargin=
[2025-10-17 17:46:15] INFO: true
[2025-10-17 17:46:15] INFO: , RelMargin=
[2025-10-17 17:46:15] INFO: true
[2025-10-17 17:46:15] INFO: , Discrim=
[2025-10-17 17:46:15] INFO: false
[2025-10-17 17:46:15] INFO: , Consist=
[2025-10-17 17:46:15] INFO: false
[2025-10-17 17:46:15] INFO: [Recognition] Scores: S12434 - jingyuan=0.295 S13234 - Jin_Rae=0.544 
[2025-10-17 17:46:15] INFO: [Decision] Best=
[2025-10-17 17:46:15] INFO: S13234 - Jin_Rae
[2025-10-17 17:46:15] INFO: (
[2025-10-17 17:46:15] INFO: 0.544
[2025-10-17 17:46:15] INFO: ), 2nd=
[2025-10-17 17:46:15] INFO: 0.295
[2025-10-17 17:46:15] INFO: , Discriminative=
[2025-10-17 17:46:15] INFO: 0.485
[2025-10-17 17:46:15] INFO: , AvgNeg=
[2025-10-17 17:46:15] INFO: 0.295
[2025-10-17 17:46:15] INFO: [Thresholds] Abs=
[2025-10-17 17:46:15] INFO: 0.753
[2025-10-17 17:46:15] INFO: , Margin=
[2025-10-17 17:46:15] INFO: 0.092
[2025-10-17 17:46:15] INFO: (
[2025-10-17 17:46:15] INFO: 17.0
[2025-10-17 17:46:15] INFO: %
[2025-10-17 17:46:15] INFO: ), RelMargin=
[2025-10-17 17:46:15] INFO: 45.9
[2025-10-17 17:46:15] INFO: %
[2025-10-17 17:46:15] INFO: , Tightness=
[2025-10-17 17:46:15] INFO: 0.694
[2025-10-17 17:46:15] INFO: , StdDev=
[2025-10-17 17:46:15] INFO: 0.123
[2025-10-17 17:46:15] INFO: [Decision] REJECT: Abs=
[2025-10-17 17:46:15] INFO: false
[2025-10-17 17:46:15] INFO: , AbsMargin=
[2025-10-17 17:46:15] INFO: true
[2025-10-17 17:46:15] INFO: , RelMargin=
[2025-10-17 17:46:15] INFO: true
[2025-10-17 17:46:15] INFO: , Discrim=
[2025-10-17 17:46:15] INFO: false
[2025-10-17 17:46:15] INFO: , Consist=
[2025-10-17 17:46:15] INFO: false
[2025-10-17 17:46:16] INFO: [Recognition] Scores: S12434 - jingyuan=0.303 S13234 - Jin_Rae=0.557 
[2025-10-17 17:46:16] INFO: [Decision] Best=
[2025-10-17 17:46:16] INFO: S13234 - Jin_Rae
[2025-10-17 17:46:16] INFO: (
[2025-10-17 17:46:16] INFO: 0.557
[2025-10-17 17:46:16] INFO: ), 2nd=
[2025-10-17 17:46:16] INFO: 0.303
[2025-10-17 17:46:16] INFO: , Discriminative=
[2025-10-17 17:46:16] INFO: 0.496
[2025-10-17 17:46:16] INFO: , AvgNeg=
[2025-10-17 17:46:16] INFO: 0.303
[2025-10-17 17:46:16] INFO: [Thresholds] Abs=
[2025-10-17 17:46:16] INFO: 0.753
[2025-10-17 17:46:16] INFO: , Margin=
[2025-10-17 17:46:16] INFO: 0.092
[2025-10-17 17:46:16] INFO: (
[2025-10-17 17:46:16] INFO: 16.6
[2025-10-17 17:46:16] INFO: %
[2025-10-17 17:46:16] INFO: ), RelMargin=
[2025-10-17 17:46:16] INFO: 45.7
[2025-10-17 17:46:16] INFO: %
[2025-10-17 17:46:16] INFO: , Tightness=
[2025-10-17 17:46:16] INFO: 0.694
[2025-10-17 17:46:16] INFO: , StdDev=
[2025-10-17 17:46:16] INFO: 0.123
[2025-10-17 17:46:16] INFO: [Decision] REJECT: Abs=
[2025-10-17 17:46:16] INFO: false
[2025-10-17 17:46:16] INFO: , AbsMargin=
[2025-10-17 17:46:16] INFO: true
[2025-10-17 17:46:16] INFO: , RelMargin=
[2025-10-17 17:46:16] INFO: true
[2025-10-17 17:46:16] INFO: , Discrim=
[2025-10-17 17:46:16] INFO: false
[2025-10-17 17:46:16] INFO: , Consist=
[2025-10-17 17:46:16] INFO: false
[2025-10-17 17:46:16] INFO: [Recognition] Scores: S12434 - jingyuan=0.301 S13234 - Jin_Rae=0.550 
[2025-10-17 17:46:16] INFO: [Decision] Best=
[2025-10-17 17:46:16] INFO: S13234 - Jin_Rae
[2025-10-17 17:46:16] INFO: (
[2025-10-17 17:46:16] INFO: 0.550
[2025-10-17 17:46:16] INFO: ), 2nd=
[2025-10-17 17:46:16] INFO: 0.301
[2025-10-17 17:46:16] INFO: , Discriminative=
[2025-10-17 17:46:16] INFO: 0.489
[2025-10-17 17:46:16] INFO: , AvgNeg=
[2025-10-17 17:46:16] INFO: 0.301
[2025-10-17 17:46:16] INFO: [Thresholds] Abs=
[2025-10-17 17:46:16] INFO: 0.753
[2025-10-17 17:46:16] INFO: , Margin=
[2025-10-17 17:46:16] INFO: 0.092
[2025-10-17 17:46:16] INFO: (
[2025-10-17 17:46:16] INFO: 16.8
[2025-10-17 17:46:16] INFO: %
[2025-10-17 17:46:16] INFO: ), RelMargin=
[2025-10-17 17:46:16] INFO: 45.2
[2025-10-17 17:46:16] INFO: %
[2025-10-17 17:46:16] INFO: , Tightness=
[2025-10-17 17:46:16] INFO: 0.694
[2025-10-17 17:46:16] INFO: , StdDev=
[2025-10-17 17:46:16] INFO: 0.123
[2025-10-17 17:46:16] INFO: [Decision] REJECT: Abs=
[2025-10-17 17:46:16] INFO: false
[2025-10-17 17:46:16] INFO: , AbsMargin=
[2025-10-17 17:46:16] INFO: true
[2025-10-17 17:46:16] INFO: , RelMargin=
[2025-10-17 17:46:16] INFO: true
[2025-10-17 17:46:16] INFO: , Discrim=
[2025-10-17 17:46:16] INFO: false
[2025-10-17 17:46:16] INFO: , Consist=
[2025-10-17 17:46:16] INFO: false
[2025-10-17 17:46:16] INFO: [Recognition] Scores: S12434 - jingyuan=0.288 S13234 - Jin_Rae=0.535 
[2025-10-17 17:46:16] INFO: [Decision] Best=
[2025-10-17 17:46:16] INFO: S13234 - Jin_Rae
[2025-10-17 17:46:16] INFO: (
[2025-10-17 17:46:16] INFO: 0.535
[2025-10-17 17:46:16] INFO: ), 2nd=
[2025-10-17 17:46:16] INFO: 0.288
[2025-10-17 17:46:16] INFO: , Discriminative=
[2025-10-17 17:46:16] INFO: 0.477
[2025-10-17 17:46:16] INFO: , AvgNeg=
[2025-10-17 17:46:16] INFO: 0.288
[2025-10-17 17:46:16] INFO: [Thresholds] Abs=
[2025-10-17 17:46:16] INFO: 0.753
[2025-10-17 17:46:16] INFO: , Margin=
[2025-10-17 17:46:16] INFO: 0.092
[2025-10-17 17:46:16] INFO: (
[2025-10-17 17:46:16] INFO: 17.3
[2025-10-17 17:46:16] INFO: %
[2025-10-17 17:46:16] INFO: ), RelMargin=
[2025-10-17 17:46:16] INFO: 46.1
[2025-10-17 17:46:16] INFO: %
[2025-10-17 17:46:16] INFO: , Tightness=
[2025-10-17 17:46:16] INFO: 0.694
[2025-10-17 17:46:16] INFO: , StdDev=
[2025-10-17 17:46:16] INFO: 0.123
[2025-10-17 17:46:16] INFO: [Decision] REJECT: Abs=
[2025-10-17 17:46:16] INFO: false
[2025-10-17 17:46:16] INFO: , AbsMargin=
[2025-10-17 17:46:16] INFO: true
[2025-10-17 17:46:16] INFO: , RelMargin=
[2025-10-17 17:46:16] INFO: true
[2025-10-17 17:46:16] INFO: , Discrim=
[2025-10-17 17:46:16] INFO: false
[2025-10-17 17:46:16] INFO: , Consist=
[2025-10-17 17:46:16] INFO: false
[2025-10-17 17:46:16] INFO: [Recognition] Scores: S12434 - jingyuan=0.274 S13234 - Jin_Rae=0.522 
[2025-10-17 17:46:16] INFO: [Decision] Best=
[2025-10-17 17:46:16] INFO: S13234 - Jin_Rae
[2025-10-17 17:46:16] INFO: (
[2025-10-17 17:46:16] INFO: 0.522
[2025-10-17 17:46:16] INFO: ), 2nd=
[2025-10-17 17:46:16] INFO: 0.274
[2025-10-17 17:46:16] INFO: , Discriminative=
[2025-10-17 17:46:16] INFO: 0.467
[2025-10-17 17:46:16] INFO: , AvgNeg=
[2025-10-17 17:46:16] INFO: 0.274
[2025-10-17 17:46:16] INFO: [Thresholds] Abs=
[2025-10-17 17:46:16] INFO: 0.753
[2025-10-17 17:46:16] INFO: , Margin=
[2025-10-17 17:46:16] INFO: 0.092
[2025-10-17 17:46:16] INFO: (
[2025-10-17 17:46:16] INFO: 17.7
[2025-10-17 17:46:16] INFO: %
[2025-10-17 17:46:16] INFO: ), RelMargin=
[2025-10-17 17:46:16] INFO: 47.4
[2025-10-17 17:46:16] INFO: %
[2025-10-17 17:46:16] INFO: , Tightness=
[2025-10-17 17:46:16] INFO: 0.694
[2025-10-17 17:46:16] INFO: , StdDev=
[2025-10-17 17:46:16] INFO: 0.123
[2025-10-17 17:46:16] INFO: [Decision] REJECT: Abs=
[2025-10-17 17:46:16] INFO: false
[2025-10-17 17:46:16] INFO: , AbsMargin=
[2025-10-17 17:46:16] INFO: true
[2025-10-17 17:46:16] INFO: , RelMargin=
[2025-10-17 17:46:16] INFO: true
[2025-10-17 17:46:16] INFO: , Discrim=
[2025-10-17 17:46:16] INFO: false
[2025-10-17 17:46:16] INFO: , Consist=
[2025-10-17 17:46:16] INFO: false
[2025-10-17 17:46:16] INFO: [Recognition] Scores: S12434 - jingyuan=0.266 S13234 - Jin_Rae=0.510 
[2025-10-17 17:46:16] INFO: [Decision] Best=
[2025-10-17 17:46:16] INFO: S13234 - Jin_Rae
[2025-10-17 17:46:16] INFO: (
[2025-10-17 17:46:16] INFO: 0.510
[2025-10-17 17:46:16] INFO: ), 2nd=
[2025-10-17 17:46:16] INFO: 0.266
[2025-10-17 17:46:16] INFO: , Discriminative=
[2025-10-17 17:46:16] INFO: 0.457
[2025-10-17 17:46:16] INFO: , AvgNeg=
[2025-10-17 17:46:16] INFO: 0.266
[2025-10-17 17:46:16] INFO: [Thresholds] Abs=
[2025-10-17 17:46:16] INFO: 0.753
[2025-10-17 17:46:16] INFO: , Margin=
[2025-10-17 17:46:16] INFO: 0.092
[2025-10-17 17:46:16] INFO: (
[2025-10-17 17:46:16] INFO: 18.1
[2025-10-17 17:46:16] INFO: %
[2025-10-17 17:46:16] INFO: ), RelMargin=
[2025-10-17 17:46:16] INFO: 47.9
[2025-10-17 17:46:16] INFO: %
[2025-10-17 17:46:16] INFO: , Tightness=
[2025-10-17 17:46:16] INFO: 0.694
[2025-10-17 17:46:16] INFO: , StdDev=
[2025-10-17 17:46:16] INFO: 0.123
[2025-10-17 17:46:16] INFO: [Decision] REJECT: Abs=
[2025-10-17 17:46:16] INFO: false
[2025-10-17 17:46:16] INFO: , AbsMargin=
[2025-10-17 17:46:16] INFO: true
[2025-10-17 17:46:16] INFO: , RelMargin=
[2025-10-17 17:46:16] INFO: true
[2025-10-17 17:46:16] INFO: , Discrim=
[2025-10-17 17:46:16] INFO: false
[2025-10-17 17:46:16] INFO: , Consist=
[2025-10-17 17:46:16] INFO: false
[2025-10-17 17:46:17] INFO: [Recognition] Scores: S12434 - jingyuan=0.249 S13234 - Jin_Rae=0.487 
[2025-10-17 17:46:17] INFO: [Decision] Best=
[2025-10-17 17:46:17] INFO: S13234 - Jin_Rae
[2025-10-17 17:46:17] INFO: (
[2025-10-17 17:46:17] INFO: 0.487
[2025-10-17 17:46:17] INFO: ), 2nd=
[2025-10-17 17:46:17] INFO: 0.249
[2025-10-17 17:46:17] INFO: , Discriminative=
[2025-10-17 17:46:17] INFO: 0.437
[2025-10-17 17:46:17] INFO: , AvgNeg=
[2025-10-17 17:46:17] INFO: 0.249
[2025-10-17 17:46:17] INFO: [Thresholds] Abs=
[2025-10-17 17:46:17] INFO: 0.753
[2025-10-17 17:46:17] INFO: , Margin=
[2025-10-17 17:46:17] INFO: 0.092
[2025-10-17 17:46:17] INFO: (
[2025-10-17 17:46:17] INFO: 19.0
[2025-10-17 17:46:17] INFO: %
[2025-10-17 17:46:17] INFO: ), RelMargin=
[2025-10-17 17:46:17] INFO: 48.8
[2025-10-17 17:46:17] INFO: %
[2025-10-17 17:46:17] INFO: , Tightness=
[2025-10-17 17:46:17] INFO: 0.694
[2025-10-17 17:46:17] INFO: , StdDev=
[2025-10-17 17:46:17] INFO: 0.123
[2025-10-17 17:46:17] INFO: [Decision] REJECT: Abs=
[2025-10-17 17:46:17] INFO: false
[2025-10-17 17:46:17] INFO: , AbsMargin=
[2025-10-17 17:46:17] INFO: true
[2025-10-17 17:46:17] INFO: , RelMargin=
[2025-10-17 17:46:17] INFO: true
[2025-10-17 17:46:17] INFO: , Discrim=
[2025-10-17 17:46:17] INFO: false
[2025-10-17 17:46:17] INFO: , Consist=
[2025-10-17 17:46:17] INFO: false
[2025-10-17 17:46:17] INFO: [Recognition] Scores: S12434 - jingyuan=0.282 S13234 - Jin_Rae=0.530 
[2025-10-17 17:46:17] INFO: [Decision] Best=
[2025-10-17 17:46:17] INFO: S13234 - Jin_Rae
[2025-10-17 17:46:17] INFO: (
[2025-10-17 17:46:17] INFO: 0.530
[2025-10-17 17:46:17] INFO: ), 2nd=
[2025-10-17 17:46:17] INFO: 0.282
[2025-10-17 17:46:17] INFO: , Discriminative=
[2025-10-17 17:46:17] INFO: 0.473
[2025-10-17 17:46:17] INFO: , AvgNeg=
[2025-10-17 17:46:17] INFO: 0.282
[2025-10-17 17:46:17] INFO: [Thresholds] Abs=
[2025-10-17 17:46:17] INFO: 0.753
[2025-10-17 17:46:17] INFO: , Margin=
[2025-10-17 17:46:17] INFO: 0.092
[2025-10-17 17:46:17] INFO: (
[2025-10-17 17:46:17] INFO: 17.5
[2025-10-17 17:46:17] INFO: %
[2025-10-17 17:46:17] INFO: ), RelMargin=
[2025-10-17 17:46:17] INFO: 46.7
[2025-10-17 17:46:17] INFO: %
[2025-10-17 17:46:17] INFO: , Tightness=
[2025-10-17 17:46:17] INFO: 0.694
[2025-10-17 17:46:17] INFO: , StdDev=
[2025-10-17 17:46:17] INFO: 0.123
[2025-10-17 17:46:17] INFO: [Decision] REJECT: Abs=
[2025-10-17 17:46:17] INFO: false
[2025-10-17 17:46:17] INFO: , AbsMargin=
[2025-10-17 17:46:17] INFO: true
[2025-10-17 17:46:17] INFO: , RelMargin=
[2025-10-17 17:46:17] INFO: true
[2025-10-17 17:46:17] INFO: , Discrim=
[2025-10-17 17:46:17] INFO: false
[2025-10-17 17:46:17] INFO: , Consist=
[2025-10-17 17:46:17] INFO: false
[2025-10-17 17:46:17] INFO: [Recognition] Scores: S12434 - jingyuan=0.274 S13234 - Jin_Rae=0.524 
[2025-10-17 17:46:17] INFO: [Decision] Best=
[2025-10-17 17:46:17] INFO: S13234 - Jin_Rae
[2025-10-17 17:46:17] INFO: (
[2025-10-17 17:46:17] INFO: 0.524
[2025-10-17 17:46:17] INFO: ), 2nd=
[2025-10-17 17:46:17] INFO: 0.274
[2025-10-17 17:46:17] INFO: , Discriminative=
[2025-10-17 17:46:17] INFO: 0.469
[2025-10-17 17:46:17] INFO: , AvgNeg=
[2025-10-17 17:46:17] INFO: 0.274
[2025-10-17 17:46:17] INFO: [Thresholds] Abs=
[2025-10-17 17:46:17] INFO: 0.753
[2025-10-17 17:46:17] INFO: , Margin=
[2025-10-17 17:46:17] INFO: 0.092
[2025-10-17 17:46:17] INFO: (
[2025-10-17 17:46:17] INFO: 17.6
[2025-10-17 17:46:17] INFO: %
[2025-10-17 17:46:17] INFO: ), RelMargin=
[2025-10-17 17:46:17] INFO: 47.7
[2025-10-17 17:46:17] INFO: %
[2025-10-17 17:46:17] INFO: , Tightness=
[2025-10-17 17:46:17] INFO: 0.694
[2025-10-17 17:46:17] INFO: , StdDev=
[2025-10-17 17:46:17] INFO: 0.123
[2025-10-17 17:46:17] INFO: [Decision] REJECT: Abs=
[2025-10-17 17:46:17] INFO: false
[2025-10-17 17:46:17] INFO: , AbsMargin=
[2025-10-17 17:46:17] INFO: true
[2025-10-17 17:46:17] INFO: , RelMargin=
[2025-10-17 17:46:17] INFO: true
[2025-10-17 17:46:17] INFO: , Discrim=
[2025-10-17 17:46:17] INFO: false
[2025-10-17 17:46:17] INFO: , Consist=
[2025-10-17 17:46:17] INFO: false
[2025-10-17 17:46:17] INFO: Exiting Face Recognition Demo...
[2025-10-17 17:46:17] INFO: [Recognition] Scores: S12434 - jingyuan=0.256 S13234 - Jin_Rae=0.494 
[2025-10-17 17:46:17] INFO: [Decision] Best=
[2025-10-17 17:46:17] INFO: S13234 - Jin_Rae
[2025-10-17 17:46:17] INFO: (
[2025-10-17 17:46:17] INFO: 0.494
[2025-10-17 17:46:17] INFO: ), 2nd=
[2025-10-17 17:46:17] INFO: 0.256
[2025-10-17 17:46:17] INFO: , Discriminative=
[2025-10-17 17:46:17] INFO: 0.442
[2025-10-17 17:46:17] INFO: , AvgNeg=
[2025-10-17 17:46:17] INFO: 0.256
[2025-10-17 17:46:17] INFO: [Thresholds] Abs=
[2025-10-17 17:46:17] INFO: 0.753
[2025-10-17 17:46:17] INFO: , Margin=
[2025-10-17 17:46:17] INFO: 0.092
[2025-10-17 17:46:17] INFO: (
[2025-10-17 17:46:17] INFO: 18.7
[2025-10-17 17:46:17] INFO: %
[2025-10-17 17:46:17] INFO: ), RelMargin=
[2025-10-17 17:46:17] INFO: 48.1
[2025-10-17 17:46:17] INFO: %
[2025-10-17 17:46:17] INFO: , Tightness=
[2025-10-17 17:46:17] INFO: 0.694
[2025-10-17 17:46:17] INFO: , StdDev=
[2025-10-17 17:46:17] INFO: 0.123
[2025-10-17 17:46:17] INFO: [Decision] REJECT: Abs=
[2025-10-17 17:46:17] INFO: false
[2025-10-17 17:46:17] INFO: , AbsMargin=
[2025-10-17 17:46:17] INFO: true
[2025-10-17 17:46:17] INFO: , RelMargin=
[2025-10-17 17:46:17] INFO: true
[2025-10-17 17:46:17] INFO: , Discrim=
[2025-10-17 17:46:17] INFO: false
[2025-10-17 17:46:17] INFO: , Consist=
[2025-10-17 17:46:17] INFO: false
[2025-10-17 17:46:17] INFO: Exiting Face Recognition Demo...
