[2025-10-22 17:46:49] INFO: Application Logger Initialized.
[2025-10-22 17:46:49] INFO: app.properties normalized (55 entries).
[2025-10-22 17:46:49] INFO: Configuration loaded from file: C:\SMU\CS102 Project\FaceRecognitionCS102\app.properties
[2025-10-22 17:46:51] INFO: ￢ﾜﾅ ArcFace ResNet100 model loaded successfully
[2025-10-22 17:46:51] INFO: ￢ﾜﾓ FaceAligner initialized with 5-point alignment support
[2025-10-22 17:46:51] INFO: StudentManager initialized successfully
[2025-10-22 17:46:53] INFO: GUI launched successfully
[2025-10-22 17:46:57] INFO: ￢ﾜﾅ ArcFace ResNet100 model loaded successfully
[2025-10-22 17:46:57] INFO: ￢ﾜﾓ FaceAligner initialized with 5-point alignment support
[2025-10-22 17:46:57] INFO: FaceCaptureDialog created for student: Jin Rae
[2025-10-22 17:46:57] INFO: Dialog initialized
[2025-10-22 17:46:57] INFO: Starting camera preview...
[2025-10-22 17:46:57] INFO: Preview timer started at 20fps
[2025-10-22 17:47:04] INFO: Starting capture process...
[2025-10-22 17:47:04] INFO: Performing capture with target: 20
[2025-10-22 17:47:04] INFO: Debug: Capture process started
[2025-10-22 17:47:04] INFO: Debug: Image saved with confidence 1.00
[2025-10-22 17:47:06] INFO: Debug: Image saved with confidence 1.00
[2025-10-22 17:47:07] INFO: Debug: Image saved with confidence 1.00
[2025-10-22 17:47:09] INFO: Debug: Image saved with confidence 1.00
[2025-10-22 17:47:10] INFO: Debug: Image saved with confidence 1.00
[2025-10-22 17:47:11] INFO: Debug: Image saved with confidence 1.00
[2025-10-22 17:47:13] INFO: Debug: Image saved with confidence 1.00
[2025-10-22 17:47:14] INFO: Debug: Image saved with confidence 1.00
[2025-10-22 17:47:16] INFO: Debug: Image saved with confidence 0.73
[2025-10-22 17:47:17] INFO: Debug: Image saved with confidence 1.00
[2025-10-22 17:47:19] INFO: Debug: Image saved with confidence 1.00
[2025-10-22 17:47:20] INFO: Debug: Image saved with confidence 1.00
[2025-10-22 17:47:22] INFO: Debug: Image saved with confidence 1.00
[2025-10-22 17:47:23] INFO: Debug: Image saved with confidence 1.16
[2025-10-22 17:47:25] INFO: Debug: Image saved with confidence 1.00
[2025-10-22 17:47:26] INFO: Debug: Image saved with confidence 1.00
[2025-10-22 17:47:28] INFO: Debug: Image saved with confidence 1.00
[2025-10-22 17:47:29] INFO: Debug: Image saved with confidence 1.00
[2025-10-22 17:47:31] INFO: Debug: Image saved with confidence 1.00
[2025-10-22 17:47:32] INFO: Debug: Image saved with confidence 1.00
[2025-10-22 17:47:33] INFO: Debug: Capture process finished
[2025-10-22 17:47:34] INFO: Debug: Warning - Processing captured images...
[2025-10-22 17:47:35] INFO: ￢ﾜﾓ Saved embedding: S13234_001.emb
[2025-10-22 17:47:35] INFO: ￢ﾜﾓ Saved embedding: S13234_002.emb
[2025-10-22 17:47:36] INFO: ￢ﾜﾓ Saved embedding: S13234_003.emb
[2025-10-22 17:47:36] INFO: ￢ﾜﾓ Saved embedding: S13234_004.emb
[2025-10-22 17:47:36] INFO: ￢ﾜﾓ Saved embedding: S13234_005.emb
[2025-10-22 17:47:36] INFO: ￢ﾜﾓ Saved embedding: S13234_006.emb
[2025-10-22 17:47:37] INFO: ￢ﾜﾓ Saved embedding: S13234_007.emb
[2025-10-22 17:47:37] INFO: ￢ﾜﾓ Saved embedding: S13234_008.emb
[2025-10-22 17:47:37] INFO: ￢ﾜﾓ Saved embedding: S13234_009.emb
[2025-10-22 17:47:37] INFO: ￢ﾜﾓ Saved embedding: S13234_010.emb
[2025-10-22 17:47:37] INFO: ￢ﾜﾓ Saved embedding: S13234_011.emb
[2025-10-22 17:47:38] INFO: ￢ﾜﾓ Saved embedding: S13234_012.emb
[2025-10-22 17:47:38] INFO: ￢ﾜﾓ Saved embedding: S13234_013.emb
[2025-10-22 17:47:38] INFO: ￢ﾜﾓ Saved embedding: S13234_014.emb
[2025-10-22 17:47:38] INFO: ￢ﾜﾓ Saved embedding: S13234_015.emb
[2025-10-22 17:47:39] INFO: ￢ﾜﾓ Saved embedding: S13234_016.emb
[2025-10-22 17:47:39] INFO: ￢ﾜﾓ Saved embedding: S13234_017.emb
[2025-10-22 17:47:39] INFO: ￢ﾜﾓ Saved embedding: S13234_018.emb
[2025-10-22 17:47:39] INFO: ￢ﾜﾓ Saved embedding: S13234_019.emb
[2025-10-22 17:47:39] INFO: ￢ﾜﾓ Saved embedding: S13234_020.emb
[2025-10-22 17:47:39] INFO: Embedding generation complete: 20/20 successful
[2025-10-22 17:47:39] INFO:   Outlier detected: index=3, avgSim=0.9882, threshold=0.9920
[2025-10-22 17:47:39] INFO:   Outlier detected: index=15, avgSim=0.9892, threshold=0.9920
[2025-10-22 17:47:39] INFO:   ￢ﾜﾗ Deleted outlier embedding: S13234_004.emb
[2025-10-22 17:47:39] INFO:   ￢ﾜﾗ Deleted outlier image: S13234_004.png
[2025-10-22 17:47:39] INFO:   ￢ﾜﾗ Deleted outlier embedding: S13234_016.emb
[2025-10-22 17:47:39] INFO:   ￢ﾜﾗ Deleted outlier image: S13234_016.png
[2025-10-22 17:47:39] INFO: ￢ﾜﾓ Auto-removed 2 outlier embedding(s)
[2025-10-22 17:47:39] INFO:   Weak embedding detected: index=3, avgSim=0.9882, threshold=0.9934, absThresh=0.6000
[2025-10-22 17:47:39] INFO:   Weak embedding detected: index=15, avgSim=0.9892, threshold=0.9934, absThresh=0.6000
[2025-10-22 17:47:39] INFO: ￢ﾜﾓ All embeddings passed weakness check
[2025-10-22 17:47:39] INFO: Capture result: true - Successfully captured 20 high-quality face images
[2025-10-22 17:47:39] INFO: Debug: Warning - Analyzing embedding quality...
[2025-10-22 17:47:39] INFO: Debug: Warning - Removed 2 outlier image(s) automatically
[2025-10-22 17:47:42] INFO: Debug: All images captured successfully
[2025-10-22 17:47:43] INFO: Disposing FaceCaptureDialog...
[2025-10-22 17:47:43] INFO: Preview timer stopped
[2025-10-22 17:47:43] INFO: Face detection resources released
