[2025-10-19 02:47:53] INFO: Application Logger Initialized.
[2025-10-19 02:47:53] INFO: Configuration and core components loaded.
[2025-10-19 02:47:53] INFO: Configuration loaded from classpath: app.properties
[2025-10-19 02:47:53] INFO: Configuration file loaded
[2025-10-19 02:47:53] INFO: MyGUIProgram Started!
[2025-10-19 02:47:56] INFO: Face embedding model loaded successfully
[2025-10-19 02:47:56] INFO: === Folder debug ===
[2025-10-19 02:47:56] INFO: Found folder: C:\SMU\CS102 Project\FaceRecognitionCS102\data\facedata\S12342_wyn
[2025-10-19 02:47:56] INFO:   Contains: 26 items
[2025-10-19 02:47:56] INFO:   Display label: S12342 - wyn
[2025-10-19 02:47:56] INFO: Found folder: C:\SMU\CS102 Project\FaceRecognitionCS102\data\facedata\S13234_Jin_Rae
[2025-10-19 02:47:56] INFO:   Contains: 26 items
[2025-10-19 02:47:56] INFO:   Display label: S13234 - Jin_Rae
[2025-10-19 02:47:56] INFO: ====================
[2025-10-19 02:47:56] INFO: Person S12342 - wyn: tightness=0.884, stdDev=0.020, absThresh=0.612, margin=0.112
[2025-10-19 02:47:56] INFO: Person S13234 - Jin_Rae: tightness=0.883, stdDev=0.039, absThresh=0.612, margin=0.112
[2025-10-19 02:47:56] INFO: DNN face detector loaded successfully for recognition
[2025-10-19 02:47:56] INFO: Attempting to open camera with DSHOW backend...
[2025-10-19 02:47:56] INFO: Camera opened successfully with DSHOW backend
[2025-10-19 02:47:57] INFO: Camera configured: 640x480 @ 30fps with MJPEG codec
[2025-10-19 02:47:57] INFO: Camera initialized successfully
[2025-10-19 02:47:58] INFO: [Recognition] Scores: S12342 - wyn=0.593 S13234 - Jin_Rae=0.753 
[2025-10-19 02:47:58] INFO: [Decision] Best=S13234 - Jin_Rae(0.753), 2nd=0.593, Discriminative=0.635, AvgNeg=0.593
[2025-10-19 02:47:58] INFO: [Thresholds] Abs=0.612, Margin=0.112(14.8%), RelMargin=21.3%, Tightness=0.883, StdDev=0.039
[2025-10-19 02:47:58] INFO: [Decision] ACCEPT: Tier 1 - Absolute + Strong Margin (10%)
[2025-10-19 02:47:58] INFO: [Recognition] Scores: S12342 - wyn=0.626 S13234 - Jin_Rae=0.856 
[2025-10-19 02:47:58] INFO: [Decision] Best=S13234 - Jin_Rae(0.856), 2nd=0.626, Discriminative=0.731, AvgNeg=0.626
[2025-10-19 02:47:58] INFO: [Thresholds] Abs=0.612, Margin=0.112(13.0%), RelMargin=26.9%, Tightness=0.883, StdDev=0.039
[2025-10-19 02:47:58] INFO: [Decision] ACCEPT: Tier 1 - Absolute + Strong Margin (10%)
[2025-10-19 02:47:59] INFO: [Recognition] Scores: S12342 - wyn=0.573 S13234 - Jin_Rae=0.806 
[2025-10-19 02:47:59] INFO: [Decision] Best=S13234 - Jin_Rae(0.806), 2nd=0.573, Discriminative=0.692, AvgNeg=0.573
[2025-10-19 02:47:59] INFO: [Thresholds] Abs=0.612, Margin=0.112(13.8%), RelMargin=29.0%, Tightness=0.883, StdDev=0.039
[2025-10-19 02:47:59] INFO: [Decision] ACCEPT: Tier 1 - Absolute + Strong Margin (10%)
[2025-10-19 02:47:59] INFO: [Recognition] Scores: S12342 - wyn=0.538 S13234 - Jin_Rae=0.786 
[2025-10-19 02:47:59] INFO: [Decision] Best=S13234 - Jin_Rae(0.786), 2nd=0.538, Discriminative=0.678, AvgNeg=0.538
[2025-10-19 02:47:59] INFO: [Thresholds] Abs=0.612, Margin=0.112(14.2%), RelMargin=31.5%, Tightness=0.883, StdDev=0.039
[2025-10-19 02:47:59] INFO: [Decision] ACCEPT: Tier 1 - Absolute + Strong Margin (10%)
[2025-10-19 02:47:59] INFO: [Recognition] Scores: S12342 - wyn=0.518 S13234 - Jin_Rae=0.775 
[2025-10-19 02:47:59] INFO: [Decision] Best=S13234 - Jin_Rae(0.775), 2nd=0.518, Discriminative=0.671, AvgNeg=0.518
[2025-10-19 02:47:59] INFO: [Thresholds] Abs=0.612, Margin=0.112(14.4%), RelMargin=33.1%, Tightness=0.883, StdDev=0.039
[2025-10-19 02:47:59] INFO: [Decision] ACCEPT: Tier 1 - Absolute + Strong Margin (10%)
[2025-10-19 02:47:59] INFO: [Recognition] Scores: S12342 - wyn=0.517 S13234 - Jin_Rae=0.776 
[2025-10-19 02:47:59] INFO: [Decision] Best=S13234 - Jin_Rae(0.776), 2nd=0.517, Discriminative=0.672, AvgNeg=0.517
[2025-10-19 02:47:59] INFO: [Thresholds] Abs=0.612, Margin=0.112(14.4%), RelMargin=33.3%, Tightness=0.883, StdDev=0.039
[2025-10-19 02:47:59] INFO: [Decision] ACCEPT: Tier 1 - Absolute + Strong Margin (10%)
[2025-10-19 02:47:59] INFO: [Recognition] Scores: S12342 - wyn=0.511 S13234 - Jin_Rae=0.768 
[2025-10-19 02:47:59] INFO: [Decision] Best=S13234 - Jin_Rae(0.768), 2nd=0.511, Discriminative=0.666, AvgNeg=0.511
[2025-10-19 02:47:59] INFO: [Thresholds] Abs=0.612, Margin=0.112(14.5%), RelMargin=33.5%, Tightness=0.883, StdDev=0.039
[2025-10-19 02:47:59] INFO: [Decision] ACCEPT: Tier 1 - Absolute + Strong Margin (10%)
[2025-10-19 02:48:00] INFO: [Recognition] Scores: S12342 - wyn=0.520 S13234 - Jin_Rae=0.774 
[2025-10-19 02:48:00] INFO: [Decision] Best=S13234 - Jin_Rae(0.774), 2nd=0.520, Discriminative=0.670, AvgNeg=0.520
[2025-10-19 02:48:00] INFO: [Thresholds] Abs=0.612, Margin=0.112(14.4%), RelMargin=32.9%, Tightness=0.883, StdDev=0.039
[2025-10-19 02:48:00] INFO: [Decision] ACCEPT: Tier 1 - Absolute + Strong Margin (10%)
[2025-10-19 02:48:00] INFO: [Recognition] Scores: S12342 - wyn=0.478 S13234 - Jin_Rae=0.752 
[2025-10-19 02:48:00] INFO: [Decision] Best=S13234 - Jin_Rae(0.752), 2nd=0.478, Discriminative=0.656, AvgNeg=0.478
[2025-10-19 02:48:00] INFO: [Thresholds] Abs=0.612, Margin=0.112(14.9%), RelMargin=36.4%, Tightness=0.883, StdDev=0.039
[2025-10-19 02:48:00] INFO: [Decision] ACCEPT: Tier 1 - Absolute + Strong Margin (10%)
[2025-10-19 02:48:00] INFO: [Recognition] Scores: S12342 - wyn=0.481 S13234 - Jin_Rae=0.753 
[2025-10-19 02:48:00] INFO: [Decision] Best=S13234 - Jin_Rae(0.753), 2nd=0.481, Discriminative=0.657, AvgNeg=0.481
[2025-10-19 02:48:00] INFO: [Thresholds] Abs=0.612, Margin=0.112(14.8%), RelMargin=36.2%, Tightness=0.883, StdDev=0.039
[2025-10-19 02:48:00] INFO: [Decision] ACCEPT: Tier 1 - Absolute + Strong Margin (10%)
[2025-10-19 02:48:00] INFO: [Recognition] Scores: S12342 - wyn=0.485 S13234 - Jin_Rae=0.755 
[2025-10-19 02:48:00] INFO: [Decision] Best=S13234 - Jin_Rae(0.755), 2nd=0.485, Discriminative=0.658, AvgNeg=0.485
[2025-10-19 02:48:00] INFO: [Thresholds] Abs=0.612, Margin=0.112(14.8%), RelMargin=35.8%, Tightness=0.883, StdDev=0.039
[2025-10-19 02:48:00] INFO: [Decision] ACCEPT: Tier 1 - Absolute + Strong Margin (10%)
[2025-10-19 02:48:00] INFO: [Recognition] Scores: S12342 - wyn=0.475 S13234 - Jin_Rae=0.767 
[2025-10-19 02:48:00] INFO: [Decision] Best=S13234 - Jin_Rae(0.767), 2nd=0.475, Discriminative=0.672, AvgNeg=0.475
[2025-10-19 02:48:00] INFO: [Thresholds] Abs=0.612, Margin=0.112(14.6%), RelMargin=38.0%, Tightness=0.883, StdDev=0.039
[2025-10-19 02:48:00] INFO: [Decision] ACCEPT: Tier 1 - Absolute + Strong Margin (10%)
[2025-10-19 02:48:01] INFO: [Recognition] Scores: S12342 - wyn=0.477 S13234 - Jin_Rae=0.745 
[2025-10-19 02:48:01] INFO: [Decision] Best=S13234 - Jin_Rae(0.745), 2nd=0.477, Discriminative=0.650, AvgNeg=0.477
[2025-10-19 02:48:01] INFO: [Thresholds] Abs=0.612, Margin=0.112(15.0%), RelMargin=36.0%, Tightness=0.883, StdDev=0.039
[2025-10-19 02:48:01] INFO: [Decision] ACCEPT: Tier 1 - Absolute + Strong Margin (10%)
[2025-10-19 02:48:01] INFO: [Recognition] Scores: S12342 - wyn=0.467 S13234 - Jin_Rae=0.744 
[2025-10-19 02:48:01] INFO: [Decision] Best=S13234 - Jin_Rae(0.744), 2nd=0.467, Discriminative=0.651, AvgNeg=0.467
[2025-10-19 02:48:01] INFO: [Thresholds] Abs=0.612, Margin=0.112(15.0%), RelMargin=37.2%, Tightness=0.883, StdDev=0.039
[2025-10-19 02:48:01] INFO: [Decision] ACCEPT: Tier 1 - Absolute + Strong Margin (10%)
[2025-10-19 02:48:01] INFO: [Recognition] Scores: S12342 - wyn=0.482 S13234 - Jin_Rae=0.755 
[2025-10-19 02:48:01] INFO: [Decision] Best=S13234 - Jin_Rae(0.755), 2nd=0.482, Discriminative=0.659, AvgNeg=0.482
[2025-10-19 02:48:01] INFO: [Thresholds] Abs=0.612, Margin=0.112(14.8%), RelMargin=36.2%, Tightness=0.883, StdDev=0.039
[2025-10-19 02:48:01] INFO: [Decision] ACCEPT: Tier 1 - Absolute + Strong Margin (10%)
[2025-10-19 02:48:01] INFO: [Recognition] Scores: S12342 - wyn=0.470 S13234 - Jin_Rae=0.746 
[2025-10-19 02:48:01] INFO: [Decision] Best=S13234 - Jin_Rae(0.746), 2nd=0.470, Discriminative=0.652, AvgNeg=0.470
[2025-10-19 02:48:01] INFO: [Thresholds] Abs=0.612, Margin=0.112(15.0%), RelMargin=37.1%, Tightness=0.883, StdDev=0.039
[2025-10-19 02:48:01] INFO: [Decision] ACCEPT: Tier 1 - Absolute + Strong Margin (10%)
[2025-10-19 02:48:01] INFO: [Recognition] Scores: S12342 - wyn=0.533 S13234 - Jin_Rae=0.786 
[2025-10-19 02:48:01] INFO: [Decision] Best=S13234 - Jin_Rae(0.786), 2nd=0.533, Discriminative=0.679, AvgNeg=0.533
[2025-10-19 02:48:01] INFO: [Thresholds] Abs=0.612, Margin=0.112(14.2%), RelMargin=32.2%, Tightness=0.883, StdDev=0.039
[2025-10-19 02:48:01] INFO: [Decision] ACCEPT: Tier 1 - Absolute + Strong Margin (10%)
[2025-10-19 02:48:02] INFO: [Recognition] Scores: S12342 - wyn=0.503 S13234 - Jin_Rae=0.772 
[2025-10-19 02:48:02] INFO: [Decision] Best=S13234 - Jin_Rae(0.772), 2nd=0.503, Discriminative=0.671, AvgNeg=0.503
[2025-10-19 02:48:02] INFO: [Thresholds] Abs=0.612, Margin=0.112(14.5%), RelMargin=34.7%, Tightness=0.883, StdDev=0.039
[2025-10-19 02:48:02] INFO: [Decision] ACCEPT: Tier 1 - Absolute + Strong Margin (10%)
[2025-10-19 02:48:02] INFO: [Recognition] Scores: S12342 - wyn=0.494 S13234 - Jin_Rae=0.766 
[2025-10-19 02:48:02] INFO: [Decision] Best=S13234 - Jin_Rae(0.766), 2nd=0.494, Discriminative=0.667, AvgNeg=0.494
[2025-10-19 02:48:02] INFO: [Thresholds] Abs=0.612, Margin=0.112(14.6%), RelMargin=35.5%, Tightness=0.883, StdDev=0.039
[2025-10-19 02:48:02] INFO: [Decision] ACCEPT: Tier 1 - Absolute + Strong Margin (10%)
[2025-10-19 02:48:02] INFO: [Recognition] Scores: S12342 - wyn=0.546 S13234 - Jin_Rae=0.795 
[2025-10-19 02:48:02] INFO: [Decision] Best=S13234 - Jin_Rae(0.795), 2nd=0.546, Discriminative=0.686, AvgNeg=0.546
[2025-10-19 02:48:02] INFO: [Thresholds] Abs=0.612, Margin=0.112(14.0%), RelMargin=31.3%, Tightness=0.883, StdDev=0.039
[2025-10-19 02:48:02] INFO: [Decision] ACCEPT: Tier 1 - Absolute + Strong Margin (10%)
[2025-10-19 02:48:02] INFO: [Recognition] Scores: S12342 - wyn=0.505 S13234 - Jin_Rae=0.771 
[2025-10-19 02:48:02] INFO: [Decision] Best=S13234 - Jin_Rae(0.771), 2nd=0.505, Discriminative=0.670, AvgNeg=0.505
[2025-10-19 02:48:02] INFO: [Thresholds] Abs=0.612, Margin=0.112(14.5%), RelMargin=34.5%, Tightness=0.883, StdDev=0.039
[2025-10-19 02:48:02] INFO: [Decision] ACCEPT: Tier 1 - Absolute + Strong Margin (10%)
[2025-10-19 02:48:03] INFO: [Recognition] Scores: S12342 - wyn=0.484 S13234 - Jin_Rae=0.756 
[2025-10-19 02:48:03] INFO: [Decision] Best=S13234 - Jin_Rae(0.756), 2nd=0.484, Discriminative=0.659, AvgNeg=0.484
[2025-10-19 02:48:03] INFO: [Thresholds] Abs=0.612, Margin=0.112(14.8%), RelMargin=35.9%, Tightness=0.883, StdDev=0.039
[2025-10-19 02:48:03] INFO: [Decision] ACCEPT: Tier 1 - Absolute + Strong Margin (10%)
[2025-10-19 02:48:03] INFO: [Recognition] Scores: S12342 - wyn=0.461 S13234 - Jin_Rae=0.738 
[2025-10-19 02:48:03] INFO: [Decision] Best=S13234 - Jin_Rae(0.738), 2nd=0.461, Discriminative=0.646, AvgNeg=0.461
[2025-10-19 02:48:03] INFO: [Thresholds] Abs=0.612, Margin=0.112(15.1%), RelMargin=37.5%, Tightness=0.883, StdDev=0.039
[2025-10-19 02:48:03] INFO: [Decision] ACCEPT: Tier 1 - Absolute + Strong Margin (10%)
[2025-10-19 02:48:03] INFO: [Recognition] Scores: S12342 - wyn=0.446 S13234 - Jin_Rae=0.726 
[2025-10-19 02:48:03] INFO: [Decision] Best=S13234 - Jin_Rae(0.726), 2nd=0.446, Discriminative=0.637, AvgNeg=0.446
[2025-10-19 02:48:03] INFO: [Thresholds] Abs=0.612, Margin=0.112(15.4%), RelMargin=38.6%, Tightness=0.883, StdDev=0.039
[2025-10-19 02:48:03] INFO: [Decision] ACCEPT: Tier 1 - Absolute + Strong Margin (10%)
[2025-10-19 02:48:03] INFO: [Recognition] Scores: S12342 - wyn=0.425 S13234 - Jin_Rae=0.705 
[2025-10-19 02:48:03] INFO: [Decision] Best=S13234 - Jin_Rae(0.705), 2nd=0.425, Discriminative=0.620, AvgNeg=0.425
[2025-10-19 02:48:03] INFO: [Thresholds] Abs=0.612, Margin=0.112(15.8%), RelMargin=39.7%, Tightness=0.883, StdDev=0.039
[2025-10-19 02:48:03] INFO: [Decision] ACCEPT: Tier 1 - Absolute + Strong Margin (10%)
[2025-10-19 02:48:03] INFO: [Recognition] Scores: S12342 - wyn=0.508 S13234 - Jin_Rae=0.798 
[2025-10-19 02:48:03] INFO: [Decision] Best=S13234 - Jin_Rae(0.798), 2nd=0.508, Discriminative=0.696, AvgNeg=0.508
[2025-10-19 02:48:03] INFO: [Thresholds] Abs=0.612, Margin=0.112(14.0%), RelMargin=36.3%, Tightness=0.883, StdDev=0.039
[2025-10-19 02:48:03] INFO: [Decision] ACCEPT: Tier 1 - Absolute + Strong Margin (10%)
[2025-10-19 02:48:04] INFO: [Recognition] Scores: S12342 - wyn=0.442 S13234 - Jin_Rae=0.726 
[2025-10-19 02:48:04] INFO: [Decision] Best=S13234 - Jin_Rae(0.726), 2nd=0.442, Discriminative=0.638, AvgNeg=0.442
[2025-10-19 02:48:04] INFO: [Thresholds] Abs=0.612, Margin=0.112(15.4%), RelMargin=39.2%, Tightness=0.883, StdDev=0.039
[2025-10-19 02:48:04] INFO: [Decision] ACCEPT: Tier 1 - Absolute + Strong Margin (10%)
[2025-10-19 02:48:04] INFO: [Recognition] Scores: S12342 - wyn=0.504 S13234 - Jin_Rae=0.782 
[2025-10-19 02:48:04] INFO: [Decision] Best=S13234 - Jin_Rae(0.782), 2nd=0.504, Discriminative=0.681, AvgNeg=0.504
[2025-10-19 02:48:04] INFO: [Thresholds] Abs=0.612, Margin=0.112(14.3%), RelMargin=35.6%, Tightness=0.883, StdDev=0.039
[2025-10-19 02:48:04] INFO: [Decision] ACCEPT: Tier 1 - Absolute + Strong Margin (10%)
[2025-10-19 02:48:04] INFO: [Recognition] Scores: S12342 - wyn=0.486 S13234 - Jin_Rae=0.769 
[2025-10-19 02:48:04] INFO: [Decision] Best=S13234 - Jin_Rae(0.769), 2nd=0.486, Discriminative=0.672, AvgNeg=0.486
[2025-10-19 02:48:04] INFO: [Thresholds] Abs=0.612, Margin=0.112(14.5%), RelMargin=36.8%, Tightness=0.883, StdDev=0.039
[2025-10-19 02:48:04] INFO: [Decision] ACCEPT: Tier 1 - Absolute + Strong Margin (10%)
[2025-10-19 02:48:04] INFO: [Recognition] Scores: S12342 - wyn=0.481 S13234 - Jin_Rae=0.764 
[2025-10-19 02:48:04] INFO: [Decision] Best=S13234 - Jin_Rae(0.764), 2nd=0.481, Discriminative=0.668, AvgNeg=0.481
[2025-10-19 02:48:04] INFO: [Thresholds] Abs=0.612, Margin=0.112(14.6%), RelMargin=37.0%, Tightness=0.883, StdDev=0.039
[2025-10-19 02:48:04] INFO: [Decision] ACCEPT: Tier 1 - Absolute + Strong Margin (10%)
[2025-10-19 02:48:04] INFO: [Recognition] Scores: S12342 - wyn=0.467 S13234 - Jin_Rae=0.745 
[2025-10-19 02:48:04] INFO: [Decision] Best=S13234 - Jin_Rae(0.745), 2nd=0.467, Discriminative=0.651, AvgNeg=0.467
[2025-10-19 02:48:04] INFO: [Thresholds] Abs=0.612, Margin=0.112(15.0%), RelMargin=37.3%, Tightness=0.883, StdDev=0.039
[2025-10-19 02:48:04] INFO: [Decision] ACCEPT: Tier 1 - Absolute + Strong Margin (10%)
[2025-10-19 02:48:05] INFO: [Recognition] Scores: S12342 - wyn=0.471 S13234 - Jin_Rae=0.747 
[2025-10-19 02:48:05] INFO: [Decision] Best=S13234 - Jin_Rae(0.747), 2nd=0.471, Discriminative=0.653, AvgNeg=0.471
[2025-10-19 02:48:05] INFO: [Thresholds] Abs=0.612, Margin=0.112(15.0%), RelMargin=36.9%, Tightness=0.883, StdDev=0.039
[2025-10-19 02:48:05] INFO: [Decision] ACCEPT: Tier 1 - Absolute + Strong Margin (10%)
[2025-10-19 02:48:05] INFO: [Recognition] Scores: S12342 - wyn=0.468 S13234 - Jin_Rae=0.736 
[2025-10-19 02:48:05] INFO: [Decision] Best=S13234 - Jin_Rae(0.736), 2nd=0.468, Discriminative=0.643, AvgNeg=0.468
[2025-10-19 02:48:05] INFO: [Thresholds] Abs=0.612, Margin=0.112(15.2%), RelMargin=36.5%, Tightness=0.883, StdDev=0.039
[2025-10-19 02:48:05] INFO: [Decision] ACCEPT: Tier 1 - Absolute + Strong Margin (10%)
[2025-10-19 02:48:05] INFO: [Recognition] Scores: S12342 - wyn=0.536 S13234 - Jin_Rae=0.729 
[2025-10-19 02:48:05] INFO: [Decision] Best=S13234 - Jin_Rae(0.729), 2nd=0.536, Discriminative=0.622, AvgNeg=0.536
[2025-10-19 02:48:05] INFO: [Thresholds] Abs=0.612, Margin=0.112(15.3%), RelMargin=26.5%, Tightness=0.883, StdDev=0.039
[2025-10-19 02:48:05] INFO: [Decision] ACCEPT: Tier 1 - Absolute + Strong Margin (10%)
[2025-10-19 02:48:05] INFO: [Recognition] Scores: S12342 - wyn=0.492 S13234 - Jin_Rae=0.785 
[2025-10-19 02:48:05] INFO: [Decision] Best=S13234 - Jin_Rae(0.785), 2nd=0.492, Discriminative=0.687, AvgNeg=0.492
[2025-10-19 02:48:05] INFO: [Thresholds] Abs=0.612, Margin=0.112(14.2%), RelMargin=37.3%, Tightness=0.883, StdDev=0.039
[2025-10-19 02:48:05] INFO: [Decision] ACCEPT: Tier 1 - Absolute + Strong Margin (10%)
[2025-10-19 02:48:06] INFO: [Recognition] Scores: S12342 - wyn=0.495 S13234 - Jin_Rae=0.777 
[2025-10-19 02:48:06] INFO: [Decision] Best=S13234 - Jin_Rae(0.777), 2nd=0.495, Discriminative=0.678, AvgNeg=0.495
[2025-10-19 02:48:06] INFO: [Thresholds] Abs=0.612, Margin=0.112(14.4%), RelMargin=36.2%, Tightness=0.883, StdDev=0.039
[2025-10-19 02:48:06] INFO: [Decision] ACCEPT: Tier 1 - Absolute + Strong Margin (10%)
[2025-10-19 02:48:06] INFO: [Recognition] Scores: S12342 - wyn=0.494 S13234 - Jin_Rae=0.756 
[2025-10-19 02:48:06] INFO: [Decision] Best=S13234 - Jin_Rae(0.756), 2nd=0.494, Discriminative=0.657, AvgNeg=0.494
[2025-10-19 02:48:06] INFO: [Thresholds] Abs=0.612, Margin=0.112(14.8%), RelMargin=34.7%, Tightness=0.883, StdDev=0.039
[2025-10-19 02:48:06] INFO: [Decision] ACCEPT: Tier 1 - Absolute + Strong Margin (10%)
[2025-10-19 02:48:06] INFO: [Recognition] Scores: S12342 - wyn=0.500 S13234 - Jin_Rae=0.758 
[2025-10-19 02:48:06] INFO: [Decision] Best=S13234 - Jin_Rae(0.758), 2nd=0.500, Discriminative=0.658, AvgNeg=0.500
[2025-10-19 02:48:06] INFO: [Thresholds] Abs=0.612, Margin=0.112(14.7%), RelMargin=34.1%, Tightness=0.883, StdDev=0.039
[2025-10-19 02:48:06] INFO: [Decision] ACCEPT: Tier 1 - Absolute + Strong Margin (10%)
[2025-10-19 02:48:06] INFO: [Recognition] Scores: S12342 - wyn=0.484 S13234 - Jin_Rae=0.752 
[2025-10-19 02:48:06] INFO: [Decision] Best=S13234 - Jin_Rae(0.752), 2nd=0.484, Discriminative=0.655, AvgNeg=0.484
[2025-10-19 02:48:06] INFO: [Thresholds] Abs=0.612, Margin=0.112(14.8%), RelMargin=35.6%, Tightness=0.883, StdDev=0.039
[2025-10-19 02:48:06] INFO: [Decision] ACCEPT: Tier 1 - Absolute + Strong Margin (10%)
[2025-10-19 02:48:06] INFO: [Recognition] Scores: S12342 - wyn=0.486 S13234 - Jin_Rae=0.749 
[2025-10-19 02:48:06] INFO: [Decision] Best=S13234 - Jin_Rae(0.749), 2nd=0.486, Discriminative=0.652, AvgNeg=0.486
[2025-10-19 02:48:06] INFO: [Thresholds] Abs=0.612, Margin=0.112(14.9%), RelMargin=35.1%, Tightness=0.883, StdDev=0.039
[2025-10-19 02:48:06] INFO: [Decision] ACCEPT: Tier 1 - Absolute + Strong Margin (10%)
[2025-10-19 02:48:07] INFO: [Recognition] Scores: S12342 - wyn=0.480 S13234 - Jin_Rae=0.754 
[2025-10-19 02:48:07] INFO: [Decision] Best=S13234 - Jin_Rae(0.754), 2nd=0.480, Discriminative=0.658, AvgNeg=0.480
[2025-10-19 02:48:07] INFO: [Thresholds] Abs=0.612, Margin=0.112(14.8%), RelMargin=36.4%, Tightness=0.883, StdDev=0.039
[2025-10-19 02:48:07] INFO: [Decision] ACCEPT: Tier 1 - Absolute + Strong Margin (10%)
[2025-10-19 02:48:07] INFO: [Recognition] Scores: S12342 - wyn=0.463 S13234 - Jin_Rae=0.745 
[2025-10-19 02:48:07] INFO: [Decision] Best=S13234 - Jin_Rae(0.745), 2nd=0.463, Discriminative=0.652, AvgNeg=0.463
[2025-10-19 02:48:07] INFO: [Thresholds] Abs=0.612, Margin=0.112(15.0%), RelMargin=37.9%, Tightness=0.883, StdDev=0.039
[2025-10-19 02:48:07] INFO: [Decision] ACCEPT: Tier 1 - Absolute + Strong Margin (10%)
[2025-10-19 02:48:07] INFO: [Recognition] Scores: S12342 - wyn=0.447 S13234 - Jin_Rae=0.742 
[2025-10-19 02:48:07] INFO: [Decision] Best=S13234 - Jin_Rae(0.742), 2nd=0.447, Discriminative=0.653, AvgNeg=0.447
[2025-10-19 02:48:07] INFO: [Thresholds] Abs=0.612, Margin=0.112(15.1%), RelMargin=39.8%, Tightness=0.883, StdDev=0.039
[2025-10-19 02:48:07] INFO: [Decision] ACCEPT: Tier 1 - Absolute + Strong Margin (10%)
[2025-10-19 02:48:07] INFO: [Recognition] Scores: S12342 - wyn=0.426 S13234 - Jin_Rae=0.736 
[2025-10-19 02:48:07] INFO: [Decision] Best=S13234 - Jin_Rae(0.736), 2nd=0.426, Discriminative=0.650, AvgNeg=0.426
[2025-10-19 02:48:07] INFO: [Thresholds] Abs=0.612, Margin=0.112(15.2%), RelMargin=42.1%, Tightness=0.883, StdDev=0.039
[2025-10-19 02:48:07] INFO: [Decision] ACCEPT: Tier 1 - Absolute + Strong Margin (10%)
[2025-10-19 02:48:07] INFO: [Recognition] Scores: S12342 - wyn=0.507 S13234 - Jin_Rae=0.764 
[2025-10-19 02:48:07] INFO: [Decision] Best=S13234 - Jin_Rae(0.764), 2nd=0.507, Discriminative=0.663, AvgNeg=0.507
[2025-10-19 02:48:07] INFO: [Thresholds] Abs=0.612, Margin=0.112(14.6%), RelMargin=33.6%, Tightness=0.883, StdDev=0.039
[2025-10-19 02:48:07] INFO: [Decision] ACCEPT: Tier 1 - Absolute + Strong Margin (10%)
[2025-10-19 02:48:08] INFO: [Recognition] Scores: S12342 - wyn=0.601 S13234 - Jin_Rae=0.806 
[2025-10-19 02:48:08] INFO: [Decision] Best=S13234 - Jin_Rae(0.806), 2nd=0.601, Discriminative=0.686, AvgNeg=0.601
[2025-10-19 02:48:08] INFO: [Thresholds] Abs=0.612, Margin=0.112(13.9%), RelMargin=25.4%, Tightness=0.883, StdDev=0.039
[2025-10-19 02:48:08] INFO: [Decision] ACCEPT: Tier 1 - Absolute + Strong Margin (10%)
[2025-10-19 02:48:08] INFO: [Recognition] Scores: S12342 - wyn=0.542 S13234 - Jin_Rae=0.792 
[2025-10-19 02:48:08] INFO: [Decision] Best=S13234 - Jin_Rae(0.792), 2nd=0.542, Discriminative=0.684, AvgNeg=0.542
[2025-10-19 02:48:08] INFO: [Thresholds] Abs=0.612, Margin=0.112(14.1%), RelMargin=31.6%, Tightness=0.883, StdDev=0.039
[2025-10-19 02:48:08] INFO: [Decision] ACCEPT: Tier 1 - Absolute + Strong Margin (10%)
[2025-10-19 02:48:08] INFO: [Recognition] Scores: S12342 - wyn=0.602 S13234 - Jin_Rae=0.779 
[2025-10-19 02:48:08] INFO: [Decision] Best=S13234 - Jin_Rae(0.779), 2nd=0.602, Discriminative=0.658, AvgNeg=0.602
[2025-10-19 02:48:08] INFO: [Thresholds] Abs=0.612, Margin=0.112(14.3%), RelMargin=22.7%, Tightness=0.883, StdDev=0.039
[2025-10-19 02:48:08] INFO: [Decision] ACCEPT: Tier 1 - Absolute + Strong Margin (10%)
[2025-10-19 02:48:08] INFO: [Recognition] Scores: S12342 - wyn=0.609 S13234 - Jin_Rae=0.768 
[2025-10-19 02:48:08] INFO: [Decision] Best=S13234 - Jin_Rae(0.768), 2nd=0.609, Discriminative=0.647, AvgNeg=0.609
[2025-10-19 02:48:08] INFO: [Thresholds] Abs=0.612, Margin=0.112(14.5%), RelMargin=20.7%, Tightness=0.883, StdDev=0.039
[2025-10-19 02:48:08] INFO: [Decision] ACCEPT: Tier 1 - Absolute + Strong Margin (10%)
[2025-10-19 02:48:09] INFO: [Recognition] Scores: S12342 - wyn=0.633 S13234 - Jin_Rae=0.801 
[2025-10-19 02:48:09] INFO: [Decision] Best=S13234 - Jin_Rae(0.801), 2nd=0.633, Discriminative=0.674, AvgNeg=0.633
[2025-10-19 02:48:09] INFO: [Thresholds] Abs=0.612, Margin=0.112(14.0%), RelMargin=20.9%, Tightness=0.883, StdDev=0.039
[2025-10-19 02:48:09] INFO: [Decision] ACCEPT: Tier 1 - Absolute + Strong Margin (10%)
[2025-10-19 02:48:09] INFO: Exiting Face Recognition Demo...
[2025-10-19 02:48:09] INFO: [Recognition] Scores: S12342 - wyn=0.596 S13234 - Jin_Rae=0.757 
[2025-10-19 02:48:09] INFO: [Decision] Best=S13234 - Jin_Rae(0.757), 2nd=0.596, Discriminative=0.638, AvgNeg=0.596
[2025-10-19 02:48:09] INFO: [Thresholds] Abs=0.612, Margin=0.112(14.8%), RelMargin=21.3%, Tightness=0.883, StdDev=0.039
[2025-10-19 02:48:09] INFO: [Decision] ACCEPT: Tier 1 - Absolute + Strong Margin (10%)
[2025-10-19 02:48:09] INFO: Exiting Face Recognition Demo...
