[2025-10-19 23:12:09] INFO: Application Logger Initialized.
[2025-10-19 23:12:09] INFO: Configuration and core components loaded.
[2025-10-19 23:12:09] INFO: Configuration loaded from classpath: app.properties
[2025-10-19 23:12:09] INFO: Configuration file loaded
[2025-10-19 23:12:09] INFO: MyGUIProgram Started!
[2025-10-19 23:12:10] INFO: Face embedding model loaded successfully
[2025-10-19 23:12:10] INFO: === Folder debug ===
[2025-10-19 23:12:10] INFO: Found folder: C:\SMU\CS102 Project\FaceRecognitionCS102\data\facedata\S13234_Jin_Rae
[2025-10-19 23:12:10] INFO:   Contains: 38 items
[2025-10-19 23:12:10] INFO:   Display label: S13234 - Jin_Rae
[2025-10-19 23:12:10] INFO: ====================
[2025-10-19 23:12:10] INFO: Person S13234 - Jin_Rae: tightness=0.864, stdDev=0.044, absThresh=0.614, margin=0.114
[2025-10-19 23:12:10] INFO: DNN face detector loaded successfully for recognition
[2025-10-19 23:12:10] INFO: Attempting to open camera with DSHOW backend...
[2025-10-19 23:12:11] INFO: Camera opened successfully with DSHOW backend
[2025-10-19 23:12:12] INFO: Camera configured: 640x480 @ 30fps with MJPEG codec
[2025-10-19 23:12:12] INFO: Camera initialized successfully
[2025-10-19 23:12:13] INFO: [Recognition] Scores: S13234 - Jin_Rae=0.571 
[2025-10-19 23:12:13] INFO: [Decision] Best=S13234 - Jin_Rae(0.571), 2nd=0.000, Discriminative=0.571, AvgNeg=0.000
[2025-10-19 23:12:13] INFO: [Thresholds] Abs=0.614, Margin=0.114(19.9%), RelMargin=100.0%, Tightness=0.864, StdDev=0.044
[2025-10-19 23:12:13] INFO: [Decision] REJECT: Abs=
[2025-10-19 23:12:13] INFO: false
[2025-10-19 23:12:13] INFO: , AbsMargin=
[2025-10-19 23:12:13] INFO: true
[2025-10-19 23:12:13] INFO: , RelMargin=
[2025-10-19 23:12:13] INFO: true
[2025-10-19 23:12:13] INFO: (
[2025-10-19 23:12:13] INFO: 100.0
[2025-10-19 23:12:13] INFO: %
[2025-10-19 23:12:13] INFO: ), StrongMargin=
[2025-10-19 23:12:13] INFO: true
[2025-10-19 23:12:13] INFO: (
[2025-10-19 23:12:13] INFO: 12.0
[2025-10-19 23:12:13] INFO: %
[2025-10-19 23:12:13] INFO: ), Discrim=
[2025-10-19 23:12:13] INFO: false
[2025-10-19 23:12:13] INFO: , Consist=
[2025-10-19 23:12:13] INFO: false
[2025-10-19 23:12:13] INFO: (
[2025-10-19 23:12:13] INFO: 0
[2025-10-19 23:12:13] INFO: /
[2025-10-19 23:12:13] INFO: 7
[2025-10-19 23:12:13] INFO: )
[2025-10-19 23:12:13] INFO: [Recognition] Scores: S13234 - Jin_Rae=0.653 
[2025-10-19 23:12:13] INFO: [Decision] Best=S13234 - Jin_Rae(0.653), 2nd=0.000, Discriminative=0.653, AvgNeg=0.000
[2025-10-19 23:12:13] INFO: [Thresholds] Abs=0.614, Margin=0.114(17.4%), RelMargin=100.0%, Tightness=0.864, StdDev=0.044
[2025-10-19 23:12:13] INFO: [Decision] REJECT: Below minimum confidence threshold (0.75)
[2025-10-19 23:12:13] INFO: [Decision] REJECT: Abs=
[2025-10-19 23:12:13] INFO: true
[2025-10-19 23:12:13] INFO: , AbsMargin=
[2025-10-19 23:12:13] INFO: true
[2025-10-19 23:12:13] INFO: , RelMargin=
[2025-10-19 23:12:13] INFO: true
[2025-10-19 23:12:13] INFO: (
[2025-10-19 23:12:13] INFO: 100.0
[2025-10-19 23:12:13] INFO: %
[2025-10-19 23:12:13] INFO: ), StrongMargin=
[2025-10-19 23:12:13] INFO: true
[2025-10-19 23:12:13] INFO: (
[2025-10-19 23:12:13] INFO: 12.0
[2025-10-19 23:12:13] INFO: %
[2025-10-19 23:12:13] INFO: ), Discrim=
[2025-10-19 23:12:13] INFO: true
[2025-10-19 23:12:13] INFO: , Consist=
[2025-10-19 23:12:13] INFO: false
[2025-10-19 23:12:13] INFO: (
[2025-10-19 23:12:13] INFO: 0
[2025-10-19 23:12:13] INFO: /
[2025-10-19 23:12:13] INFO: 7
[2025-10-19 23:12:13] INFO: )
[2025-10-19 23:12:13] INFO: [Recognition] Scores: S13234 - Jin_Rae=0.625 
[2025-10-19 23:12:13] INFO: [Decision] Best=S13234 - Jin_Rae(0.625), 2nd=0.000, Discriminative=0.625, AvgNeg=0.000
[2025-10-19 23:12:13] INFO: [Thresholds] Abs=0.614, Margin=0.114(18.2%), RelMargin=100.0%, Tightness=0.864, StdDev=0.044
[2025-10-19 23:12:13] INFO: [Decision] REJECT: Below minimum confidence threshold (0.75)
[2025-10-19 23:12:13] INFO: [Decision] REJECT: Abs=
[2025-10-19 23:12:13] INFO: true
[2025-10-19 23:12:13] INFO: , AbsMargin=
[2025-10-19 23:12:13] INFO: true
[2025-10-19 23:12:13] INFO: , RelMargin=
[2025-10-19 23:12:13] INFO: true
[2025-10-19 23:12:13] INFO: (
[2025-10-19 23:12:13] INFO: 100.0
[2025-10-19 23:12:13] INFO: %
[2025-10-19 23:12:13] INFO: ), StrongMargin=
[2025-10-19 23:12:13] INFO: true
[2025-10-19 23:12:13] INFO: (
[2025-10-19 23:12:13] INFO: 12.0
[2025-10-19 23:12:13] INFO: %
[2025-10-19 23:12:13] INFO: ), Discrim=
[2025-10-19 23:12:13] INFO: true
[2025-10-19 23:12:13] INFO: , Consist=
[2025-10-19 23:12:13] INFO: false
[2025-10-19 23:12:13] INFO: (
[2025-10-19 23:12:13] INFO: 0
[2025-10-19 23:12:13] INFO: /
[2025-10-19 23:12:13] INFO: 7
[2025-10-19 23:12:13] INFO: )
[2025-10-19 23:12:13] INFO: [Recognition] Scores: S13234 - Jin_Rae=0.656 
[2025-10-19 23:12:13] INFO: [Decision] Best=S13234 - Jin_Rae(0.656), 2nd=0.000, Discriminative=0.656, AvgNeg=0.000
[2025-10-19 23:12:13] INFO: [Thresholds] Abs=0.614, Margin=0.114(17.3%), RelMargin=100.0%, Tightness=0.864, StdDev=0.044
[2025-10-19 23:12:13] INFO: [Decision] REJECT: Below minimum confidence threshold (0.75)
[2025-10-19 23:12:13] INFO: [Decision] REJECT: Abs=
[2025-10-19 23:12:13] INFO: true
[2025-10-19 23:12:13] INFO: , AbsMargin=
[2025-10-19 23:12:13] INFO: true
[2025-10-19 23:12:13] INFO: , RelMargin=
[2025-10-19 23:12:13] INFO: true
[2025-10-19 23:12:13] INFO: (
[2025-10-19 23:12:13] INFO: 100.0
[2025-10-19 23:12:13] INFO: %
[2025-10-19 23:12:13] INFO: ), StrongMargin=
[2025-10-19 23:12:13] INFO: true
[2025-10-19 23:12:13] INFO: (
[2025-10-19 23:12:13] INFO: 12.0
[2025-10-19 23:12:13] INFO: %
[2025-10-19 23:12:13] INFO: ), Discrim=
[2025-10-19 23:12:13] INFO: true
[2025-10-19 23:12:13] INFO: , Consist=
[2025-10-19 23:12:13] INFO: false
[2025-10-19 23:12:13] INFO: (
[2025-10-19 23:12:13] INFO: 0
[2025-10-19 23:12:13] INFO: /
[2025-10-19 23:12:13] INFO: 7
[2025-10-19 23:12:13] INFO: )
[2025-10-19 23:12:14] INFO: [Recognition] Scores: S13234 - Jin_Rae=0.778 
[2025-10-19 23:12:14] INFO: [Decision] Best=S13234 - Jin_Rae(0.778), 2nd=0.000, Discriminative=0.778, AvgNeg=0.000
[2025-10-19 23:12:14] INFO: [Thresholds] Abs=0.614, Margin=0.114(14.6%), RelMargin=100.0%, Tightness=0.864, StdDev=0.044
[2025-10-19 23:12:14] INFO: [Decision] ACCEPT: Primary thresholds met (abs + margin + relative)
[2025-10-19 23:12:15] INFO: [Recognition] Scores: S13234 - Jin_Rae=0.837 
[2025-10-19 23:12:15] INFO: [Decision] Best=S13234 - Jin_Rae(0.837), 2nd=0.000, Discriminative=0.837, AvgNeg=0.000
[2025-10-19 23:12:15] INFO: [Thresholds] Abs=0.614, Margin=0.114(13.6%), RelMargin=100.0%, Tightness=0.864, StdDev=0.044
[2025-10-19 23:12:15] INFO: [Decision] ACCEPT: Primary thresholds met (abs + margin + relative)
[2025-10-19 23:12:15] INFO: [Recognition] Scores: S13234 - Jin_Rae=0.818 
[2025-10-19 23:12:15] INFO: [Decision] Best=S13234 - Jin_Rae(0.818), 2nd=0.000, Discriminative=0.818, AvgNeg=0.000
[2025-10-19 23:12:15] INFO: [Thresholds] Abs=0.614, Margin=0.114(13.9%), RelMargin=100.0%, Tightness=0.864, StdDev=0.044
[2025-10-19 23:12:15] INFO: [Decision] ACCEPT: Primary thresholds met (abs + margin + relative)
[2025-10-19 23:12:15] INFO: [Recognition] Scores: S13234 - Jin_Rae=0.819 
[2025-10-19 23:12:15] INFO: [Decision] Best=S13234 - Jin_Rae(0.819), 2nd=0.000, Discriminative=0.819, AvgNeg=0.000
[2025-10-19 23:12:15] INFO: [Thresholds] Abs=0.614, Margin=0.114(13.9%), RelMargin=100.0%, Tightness=0.864, StdDev=0.044
[2025-10-19 23:12:15] INFO: [Decision] ACCEPT: Primary thresholds met (abs + margin + relative)
[2025-10-19 23:12:16] INFO: [Recognition] Scores: S13234 - Jin_Rae=0.819 
[2025-10-19 23:12:16] INFO: [Decision] Best=S13234 - Jin_Rae(0.819), 2nd=0.000, Discriminative=0.819, AvgNeg=0.000
[2025-10-19 23:12:16] INFO: [Thresholds] Abs=0.614, Margin=0.114(13.9%), RelMargin=100.0%, Tightness=0.864, StdDev=0.044
[2025-10-19 23:12:16] INFO: [Decision] ACCEPT: Primary thresholds met (abs + margin + relative)
[2025-10-19 23:12:16] INFO: [Recognition] Scores: S13234 - Jin_Rae=0.823 
[2025-10-19 23:12:16] INFO: [Decision] Best=S13234 - Jin_Rae(0.823), 2nd=0.000, Discriminative=0.823, AvgNeg=0.000
[2025-10-19 23:12:16] INFO: [Thresholds] Abs=0.614, Margin=0.114(13.8%), RelMargin=100.0%, Tightness=0.864, StdDev=0.044
[2025-10-19 23:12:16] INFO: [Decision] ACCEPT: Primary thresholds met (abs + margin + relative)
[2025-10-19 23:12:16] INFO: [Recognition] Scores: S13234 - Jin_Rae=0.810 
[2025-10-19 23:12:16] INFO: [Decision] Best=S13234 - Jin_Rae(0.810), 2nd=0.000, Discriminative=0.810, AvgNeg=0.000
[2025-10-19 23:12:16] INFO: [Thresholds] Abs=0.614, Margin=0.114(14.0%), RelMargin=100.0%, Tightness=0.864, StdDev=0.044
[2025-10-19 23:12:16] INFO: [Decision] ACCEPT: Primary thresholds met (abs + margin + relative)
[2025-10-19 23:12:16] INFO: [Recognition] Scores: S13234 - Jin_Rae=0.796 
[2025-10-19 23:12:16] INFO: [Decision] Best=S13234 - Jin_Rae(0.796), 2nd=0.000, Discriminative=0.796, AvgNeg=0.000
[2025-10-19 23:12:16] INFO: [Thresholds] Abs=0.614, Margin=0.114(14.3%), RelMargin=100.0%, Tightness=0.864, StdDev=0.044
[2025-10-19 23:12:16] INFO: [Decision] ACCEPT: Primary thresholds met (abs + margin + relative)
[2025-10-19 23:12:16] INFO: [Recognition] Scores: S13234 - Jin_Rae=0.775 
[2025-10-19 23:12:16] INFO: [Decision] Best=S13234 - Jin_Rae(0.775), 2nd=0.000, Discriminative=0.775, AvgNeg=0.000
[2025-10-19 23:12:16] INFO: [Thresholds] Abs=0.614, Margin=0.114(14.7%), RelMargin=100.0%, Tightness=0.864, StdDev=0.044
[2025-10-19 23:12:16] INFO: [Decision] ACCEPT: Primary thresholds met (abs + margin + relative)
[2025-10-19 23:12:17] INFO: [Recognition] Scores: S13234 - Jin_Rae=0.755 
[2025-10-19 23:12:17] INFO: [Decision] Best=S13234 - Jin_Rae(0.755), 2nd=0.000, Discriminative=0.755, AvgNeg=0.000
[2025-10-19 23:12:17] INFO: [Thresholds] Abs=0.614, Margin=0.114(15.0%), RelMargin=100.0%, Tightness=0.864, StdDev=0.044
[2025-10-19 23:12:17] INFO: [Decision] ACCEPT: Primary thresholds met (abs + margin + relative)
[2025-10-19 23:12:17] INFO: [Recognition] Scores: S13234 - Jin_Rae=0.766 
[2025-10-19 23:12:17] INFO: [Decision] Best=S13234 - Jin_Rae(0.766), 2nd=0.000, Discriminative=0.766, AvgNeg=0.000
[2025-10-19 23:12:17] INFO: [Thresholds] Abs=0.614, Margin=0.114(14.8%), RelMargin=100.0%, Tightness=0.864, StdDev=0.044
[2025-10-19 23:12:17] INFO: [Decision] ACCEPT: Primary thresholds met (abs + margin + relative)
[2025-10-19 23:12:17] INFO: [Recognition] Scores: S13234 - Jin_Rae=0.743 
[2025-10-19 23:12:17] INFO: [Decision] Best=S13234 - Jin_Rae(0.743), 2nd=0.000, Discriminative=0.743, AvgNeg=0.000
[2025-10-19 23:12:17] INFO: [Thresholds] Abs=0.614, Margin=0.114(15.3%), RelMargin=100.0%, Tightness=0.864, StdDev=0.044
[2025-10-19 23:12:17] INFO: [Decision] REJECT: Below minimum confidence threshold (0.75)
[2025-10-19 23:12:17] INFO: [Decision] REJECT: Abs=
[2025-10-19 23:12:17] INFO: true
[2025-10-19 23:12:17] INFO: , AbsMargin=
[2025-10-19 23:12:17] INFO: true
[2025-10-19 23:12:17] INFO: , RelMargin=
[2025-10-19 23:12:17] INFO: true
[2025-10-19 23:12:17] INFO: (
[2025-10-19 23:12:17] INFO: 100.0
[2025-10-19 23:12:17] INFO: %
[2025-10-19 23:12:17] INFO: ), StrongMargin=
[2025-10-19 23:12:17] INFO: true
[2025-10-19 23:12:17] INFO: (
[2025-10-19 23:12:17] INFO: 12.0
[2025-10-19 23:12:17] INFO: %
[2025-10-19 23:12:17] INFO: ), Discrim=
[2025-10-19 23:12:17] INFO: true
[2025-10-19 23:12:17] INFO: , Consist=
[2025-10-19 23:12:17] INFO: true
[2025-10-19 23:12:17] INFO: (
[2025-10-19 23:12:17] INFO: 7
[2025-10-19 23:12:17] INFO: /
[2025-10-19 23:12:17] INFO: 7
[2025-10-19 23:12:17] INFO: )
[2025-10-19 23:12:17] INFO: [Recognition] Scores: S13234 - Jin_Rae=0.697 
[2025-10-19 23:12:17] INFO: [Decision] Best=S13234 - Jin_Rae(0.697), 2nd=0.000, Discriminative=0.697, AvgNeg=0.000
[2025-10-19 23:12:17] INFO: [Thresholds] Abs=0.614, Margin=0.114(16.3%), RelMargin=100.0%, Tightness=0.864, StdDev=0.044
[2025-10-19 23:12:17] INFO: [Decision] REJECT: Below minimum confidence threshold (0.75)
[2025-10-19 23:12:17] INFO: [Decision] REJECT: Abs=
[2025-10-19 23:12:17] INFO: true
[2025-10-19 23:12:17] INFO: , AbsMargin=
[2025-10-19 23:12:17] INFO: true
[2025-10-19 23:12:17] INFO: , RelMargin=
[2025-10-19 23:12:17] INFO: true
[2025-10-19 23:12:17] INFO: (
[2025-10-19 23:12:17] INFO: 100.0
[2025-10-19 23:12:17] INFO: %
[2025-10-19 23:12:17] INFO: ), StrongMargin=
[2025-10-19 23:12:17] INFO: true
[2025-10-19 23:12:17] INFO: (
[2025-10-19 23:12:17] INFO: 12.0
[2025-10-19 23:12:17] INFO: %
[2025-10-19 23:12:17] INFO: ), Discrim=
[2025-10-19 23:12:17] INFO: true
[2025-10-19 23:12:17] INFO: , Consist=
[2025-10-19 23:12:17] INFO: true
[2025-10-19 23:12:17] INFO: (
[2025-10-19 23:12:17] INFO: 6
[2025-10-19 23:12:17] INFO: /
[2025-10-19 23:12:17] INFO: 7
[2025-10-19 23:12:17] INFO: )
[2025-10-19 23:12:18] INFO: [Recognition] Scores: S13234 - Jin_Rae=0.685 
[2025-10-19 23:12:18] INFO: [Decision] Best=S13234 - Jin_Rae(0.685), 2nd=0.000, Discriminative=0.685, AvgNeg=0.000
[2025-10-19 23:12:18] INFO: [Thresholds] Abs=0.614, Margin=0.114(16.6%), RelMargin=100.0%, Tightness=0.864, StdDev=0.044
[2025-10-19 23:12:18] INFO: [Decision] REJECT: Below minimum confidence threshold (0.75)
[2025-10-19 23:12:18] INFO: [Decision] REJECT: Abs=
[2025-10-19 23:12:18] INFO: true
[2025-10-19 23:12:18] INFO: , AbsMargin=
[2025-10-19 23:12:18] INFO: true
[2025-10-19 23:12:18] INFO: , RelMargin=
[2025-10-19 23:12:18] INFO: true
[2025-10-19 23:12:18] INFO: (
[2025-10-19 23:12:18] INFO: 100.0
[2025-10-19 23:12:18] INFO: %
[2025-10-19 23:12:18] INFO: ), StrongMargin=
[2025-10-19 23:12:18] INFO: true
[2025-10-19 23:12:18] INFO: (
[2025-10-19 23:12:18] INFO: 12.0
[2025-10-19 23:12:18] INFO: %
[2025-10-19 23:12:18] INFO: ), Discrim=
[2025-10-19 23:12:18] INFO: true
[2025-10-19 23:12:18] INFO: , Consist=
[2025-10-19 23:12:18] INFO: true
[2025-10-19 23:12:18] INFO: (
[2025-10-19 23:12:18] INFO: 5
[2025-10-19 23:12:18] INFO: /
[2025-10-19 23:12:18] INFO: 7
[2025-10-19 23:12:18] INFO: )
[2025-10-19 23:12:18] INFO: [Recognition] Scores: S13234 - Jin_Rae=0.738 
[2025-10-19 23:12:18] INFO: [Decision] Best=S13234 - Jin_Rae(0.738), 2nd=0.000, Discriminative=0.738, AvgNeg=0.000
[2025-10-19 23:12:18] INFO: [Thresholds] Abs=0.614, Margin=0.114(15.4%), RelMargin=100.0%, Tightness=0.864, StdDev=0.044
[2025-10-19 23:12:18] INFO: [Decision] REJECT: Below minimum confidence threshold (0.75)
[2025-10-19 23:12:18] INFO: [Decision] REJECT: Abs=
[2025-10-19 23:12:18] INFO: true
[2025-10-19 23:12:18] INFO: , AbsMargin=
[2025-10-19 23:12:18] INFO: true
[2025-10-19 23:12:18] INFO: , RelMargin=
[2025-10-19 23:12:18] INFO: true
[2025-10-19 23:12:18] INFO: (
[2025-10-19 23:12:18] INFO: 100.0
[2025-10-19 23:12:18] INFO: %
[2025-10-19 23:12:18] INFO: ), StrongMargin=
[2025-10-19 23:12:18] INFO: true
[2025-10-19 23:12:18] INFO: (
[2025-10-19 23:12:18] INFO: 12.0
[2025-10-19 23:12:18] INFO: %
[2025-10-19 23:12:18] INFO: ), Discrim=
[2025-10-19 23:12:18] INFO: true
[2025-10-19 23:12:18] INFO: , Consist=
[2025-10-19 23:12:18] INFO: false
[2025-10-19 23:12:18] INFO: (
[2025-10-19 23:12:18] INFO: 4
[2025-10-19 23:12:18] INFO: /
[2025-10-19 23:12:18] INFO: 7
[2025-10-19 23:12:18] INFO: )
[2025-10-19 23:12:18] INFO: [Recognition] Scores: S13234 - Jin_Rae=0.695 
[2025-10-19 23:12:18] INFO: [Decision] Best=S13234 - Jin_Rae(0.695), 2nd=0.000, Discriminative=0.695, AvgNeg=0.000
[2025-10-19 23:12:18] INFO: [Thresholds] Abs=0.614, Margin=0.114(16.4%), RelMargin=100.0%, Tightness=0.864, StdDev=0.044
[2025-10-19 23:12:18] INFO: [Decision] REJECT: Below minimum confidence threshold (0.75)
[2025-10-19 23:12:18] INFO: [Decision] REJECT: Abs=
[2025-10-19 23:12:18] INFO: true
[2025-10-19 23:12:18] INFO: , AbsMargin=
[2025-10-19 23:12:18] INFO: true
[2025-10-19 23:12:18] INFO: , RelMargin=
[2025-10-19 23:12:18] INFO: true
[2025-10-19 23:12:18] INFO: (
[2025-10-19 23:12:18] INFO: 100.0
[2025-10-19 23:12:18] INFO: %
[2025-10-19 23:12:18] INFO: ), StrongMargin=
[2025-10-19 23:12:18] INFO: true
[2025-10-19 23:12:18] INFO: (
[2025-10-19 23:12:18] INFO: 12.0
[2025-10-19 23:12:18] INFO: %
[2025-10-19 23:12:18] INFO: ), Discrim=
[2025-10-19 23:12:18] INFO: true
[2025-10-19 23:12:18] INFO: , Consist=
[2025-10-19 23:12:18] INFO: false
[2025-10-19 23:12:18] INFO: (
[2025-10-19 23:12:18] INFO: 3
[2025-10-19 23:12:18] INFO: /
[2025-10-19 23:12:18] INFO: 7
[2025-10-19 23:12:18] INFO: )
[2025-10-19 23:12:18] INFO: [Recognition] Scores: S13234 - Jin_Rae=0.763 
[2025-10-19 23:12:18] INFO: [Decision] Best=S13234 - Jin_Rae(0.763), 2nd=0.000, Discriminative=0.763, AvgNeg=0.000
[2025-10-19 23:12:18] INFO: [Thresholds] Abs=0.614, Margin=0.114(14.9%), RelMargin=100.0%, Tightness=0.864, StdDev=0.044
[2025-10-19 23:12:18] INFO: [Decision] ACCEPT: Primary thresholds met (abs + margin + relative)
[2025-10-19 23:12:18] INFO: [Recognition] Scores: S13234 - Jin_Rae=0.784 
[2025-10-19 23:12:18] INFO: [Decision] Best=S13234 - Jin_Rae(0.784), 2nd=0.000, Discriminative=0.784, AvgNeg=0.000
[2025-10-19 23:12:18] INFO: [Thresholds] Abs=0.614, Margin=0.114(14.5%), RelMargin=100.0%, Tightness=0.864, StdDev=0.044
[2025-10-19 23:12:18] INFO: [Decision] ACCEPT: Primary thresholds met (abs + margin + relative)
[2025-10-19 23:12:19] INFO: [Recognition] Scores: S13234 - Jin_Rae=0.738 
[2025-10-19 23:12:19] INFO: [Decision] Best=S13234 - Jin_Rae(0.738), 2nd=0.000, Discriminative=0.738, AvgNeg=0.000
[2025-10-19 23:12:19] INFO: [Thresholds] Abs=0.614, Margin=0.114(15.4%), RelMargin=100.0%, Tightness=0.864, StdDev=0.044
[2025-10-19 23:12:19] INFO: [Decision] REJECT: Below minimum confidence threshold (0.75)
[2025-10-19 23:12:19] INFO: [Decision] REJECT: Abs=
[2025-10-19 23:12:19] INFO: true
[2025-10-19 23:12:19] INFO: , AbsMargin=
[2025-10-19 23:12:19] INFO: true
[2025-10-19 23:12:19] INFO: , RelMargin=
[2025-10-19 23:12:19] INFO: true
[2025-10-19 23:12:19] INFO: (
[2025-10-19 23:12:19] INFO: 100.0
[2025-10-19 23:12:19] INFO: %
[2025-10-19 23:12:19] INFO: ), StrongMargin=
[2025-10-19 23:12:19] INFO: true
[2025-10-19 23:12:19] INFO: (
[2025-10-19 23:12:19] INFO: 12.0
[2025-10-19 23:12:19] INFO: %
[2025-10-19 23:12:19] INFO: ), Discrim=
[2025-10-19 23:12:19] INFO: true
[2025-10-19 23:12:19] INFO: , Consist=
[2025-10-19 23:12:19] INFO: false
[2025-10-19 23:12:19] INFO: (
[2025-10-19 23:12:19] INFO: 2
[2025-10-19 23:12:19] INFO: /
[2025-10-19 23:12:19] INFO: 7
[2025-10-19 23:12:19] INFO: )
[2025-10-19 23:12:19] INFO: [Recognition] Scores: S13234 - Jin_Rae=0.735 
[2025-10-19 23:12:19] INFO: [Decision] Best=S13234 - Jin_Rae(0.735), 2nd=0.000, Discriminative=0.735, AvgNeg=0.000
[2025-10-19 23:12:19] INFO: [Thresholds] Abs=0.614, Margin=0.114(15.5%), RelMargin=100.0%, Tightness=0.864, StdDev=0.044
[2025-10-19 23:12:19] INFO: [Decision] REJECT: Below minimum confidence threshold (0.75)
[2025-10-19 23:12:19] INFO: [Decision] REJECT: Abs=
[2025-10-19 23:12:19] INFO: true
[2025-10-19 23:12:19] INFO: , AbsMargin=
[2025-10-19 23:12:19] INFO: true
[2025-10-19 23:12:19] INFO: , RelMargin=
[2025-10-19 23:12:19] INFO: true
[2025-10-19 23:12:19] INFO: (
[2025-10-19 23:12:19] INFO: 100.0
[2025-10-19 23:12:19] INFO: %
[2025-10-19 23:12:19] INFO: ), StrongMargin=
[2025-10-19 23:12:19] INFO: true
[2025-10-19 23:12:19] INFO: (
[2025-10-19 23:12:19] INFO: 12.0
[2025-10-19 23:12:19] INFO: %
[2025-10-19 23:12:19] INFO: ), Discrim=
[2025-10-19 23:12:19] INFO: true
[2025-10-19 23:12:19] INFO: , Consist=
[2025-10-19 23:12:19] INFO: false
[2025-10-19 23:12:19] INFO: (
[2025-10-19 23:12:19] INFO: 2
[2025-10-19 23:12:19] INFO: /
[2025-10-19 23:12:19] INFO: 7
[2025-10-19 23:12:19] INFO: )
[2025-10-19 23:12:19] INFO: [Recognition] Scores: S13234 - Jin_Rae=0.765 
[2025-10-19 23:12:19] INFO: [Decision] Best=S13234 - Jin_Rae(0.765), 2nd=0.000, Discriminative=0.765, AvgNeg=0.000
[2025-10-19 23:12:19] INFO: [Thresholds] Abs=0.614, Margin=0.114(14.9%), RelMargin=100.0%, Tightness=0.864, StdDev=0.044
[2025-10-19 23:12:19] INFO: [Decision] ACCEPT: Primary thresholds met (abs + margin + relative)
[2025-10-19 23:12:19] INFO: [Recognition] Scores: S13234 - Jin_Rae=0.796 
[2025-10-19 23:12:19] INFO: [Decision] Best=S13234 - Jin_Rae(0.796), 2nd=0.000, Discriminative=0.796, AvgNeg=0.000
[2025-10-19 23:12:19] INFO: [Thresholds] Abs=0.614, Margin=0.114(14.3%), RelMargin=100.0%, Tightness=0.864, StdDev=0.044
[2025-10-19 23:12:19] INFO: [Decision] ACCEPT: Primary thresholds met (abs + margin + relative)
[2025-10-19 23:12:20] INFO: [Recognition] Scores: S13234 - Jin_Rae=0.817 
[2025-10-19 23:12:20] INFO: [Decision] Best=S13234 - Jin_Rae(0.817), 2nd=0.000, Discriminative=0.817, AvgNeg=0.000
[2025-10-19 23:12:20] INFO: [Thresholds] Abs=0.614, Margin=0.114(13.9%), RelMargin=100.0%, Tightness=0.864, StdDev=0.044
[2025-10-19 23:12:20] INFO: [Decision] ACCEPT: Primary thresholds met (abs + margin + relative)
[2025-10-19 23:12:20] INFO: [Recognition] Scores: S13234 - Jin_Rae=0.811 
[2025-10-19 23:12:20] INFO: [Decision] Best=S13234 - Jin_Rae(0.811), 2nd=0.000, Discriminative=0.811, AvgNeg=0.000
[2025-10-19 23:12:20] INFO: [Thresholds] Abs=0.614, Margin=0.114(14.0%), RelMargin=100.0%, Tightness=0.864, StdDev=0.044
[2025-10-19 23:12:20] INFO: [Decision] ACCEPT: Primary thresholds met (abs + margin + relative)
[2025-10-19 23:12:20] INFO: [Recognition] Scores: S13234 - Jin_Rae=0.804 
[2025-10-19 23:12:20] INFO: [Decision] Best=S13234 - Jin_Rae(0.804), 2nd=0.000, Discriminative=0.804, AvgNeg=0.000
[2025-10-19 23:12:20] INFO: [Thresholds] Abs=0.614, Margin=0.114(14.1%), RelMargin=100.0%, Tightness=0.864, StdDev=0.044
[2025-10-19 23:12:20] INFO: [Decision] ACCEPT: Primary thresholds met (abs + margin + relative)
[2025-10-19 23:12:20] INFO: [Recognition] Scores: S13234 - Jin_Rae=0.797 
[2025-10-19 23:12:20] INFO: [Decision] Best=S13234 - Jin_Rae(0.797), 2nd=0.000, Discriminative=0.797, AvgNeg=0.000
[2025-10-19 23:12:20] INFO: [Thresholds] Abs=0.614, Margin=0.114(14.3%), RelMargin=100.0%, Tightness=0.864, StdDev=0.044
[2025-10-19 23:12:20] INFO: [Decision] ACCEPT: Primary thresholds met (abs + margin + relative)
[2025-10-19 23:12:21] INFO: [Recognition] Scores: S13234 - Jin_Rae=0.782 
[2025-10-19 23:12:21] INFO: [Decision] Best=S13234 - Jin_Rae(0.782), 2nd=0.000, Discriminative=0.782, AvgNeg=0.000
[2025-10-19 23:12:21] INFO: [Thresholds] Abs=0.614, Margin=0.114(14.5%), RelMargin=100.0%, Tightness=0.864, StdDev=0.044
[2025-10-19 23:12:21] INFO: [Decision] ACCEPT: Primary thresholds met (abs + margin + relative)
[2025-10-19 23:12:21] INFO: [Recognition] Scores: S13234 - Jin_Rae=0.779 
[2025-10-19 23:12:21] INFO: [Decision] Best=S13234 - Jin_Rae(0.779), 2nd=0.000, Discriminative=0.779, AvgNeg=0.000
[2025-10-19 23:12:21] INFO: [Thresholds] Abs=0.614, Margin=0.114(14.6%), RelMargin=100.0%, Tightness=0.864, StdDev=0.044
[2025-10-19 23:12:21] INFO: [Decision] ACCEPT: Primary thresholds met (abs + margin + relative)
[2025-10-19 23:12:21] INFO: [Recognition] Scores: S13234 - Jin_Rae=0.750 
[2025-10-19 23:12:21] INFO: [Decision] Best=S13234 - Jin_Rae(0.750), 2nd=0.000, Discriminative=0.750, AvgNeg=0.000
[2025-10-19 23:12:21] INFO: [Thresholds] Abs=0.614, Margin=0.114(15.2%), RelMargin=100.0%, Tightness=0.864, StdDev=0.044
[2025-10-19 23:12:21] INFO: [Decision] REJECT: Below minimum confidence threshold (0.75)
[2025-10-19 23:12:21] INFO: [Decision] REJECT: Abs=
[2025-10-19 23:12:21] INFO: true
[2025-10-19 23:12:21] INFO: , AbsMargin=
[2025-10-19 23:12:21] INFO: true
[2025-10-19 23:12:21] INFO: , RelMargin=
[2025-10-19 23:12:21] INFO: true
[2025-10-19 23:12:21] INFO: (
[2025-10-19 23:12:21] INFO: 100.0
[2025-10-19 23:12:21] INFO: %
[2025-10-19 23:12:21] INFO: ), StrongMargin=
[2025-10-19 23:12:21] INFO: true
[2025-10-19 23:12:21] INFO: (
[2025-10-19 23:12:21] INFO: 12.0
[2025-10-19 23:12:21] INFO: %
[2025-10-19 23:12:21] INFO: ), Discrim=
[2025-10-19 23:12:21] INFO: true
[2025-10-19 23:12:21] INFO: , Consist=
[2025-10-19 23:12:21] INFO: true
[2025-10-19 23:12:21] INFO: (
[2025-10-19 23:12:21] INFO: 7
[2025-10-19 23:12:21] INFO: /
[2025-10-19 23:12:21] INFO: 7
[2025-10-19 23:12:21] INFO: )
[2025-10-19 23:12:21] INFO: [Recognition] Scores: S13234 - Jin_Rae=0.738 
[2025-10-19 23:12:21] INFO: [Decision] Best=S13234 - Jin_Rae(0.738), 2nd=0.000, Discriminative=0.738, AvgNeg=0.000
[2025-10-19 23:12:21] INFO: [Thresholds] Abs=0.614, Margin=0.114(15.4%), RelMargin=100.0%, Tightness=0.864, StdDev=0.044
[2025-10-19 23:12:21] INFO: [Decision] REJECT: Below minimum confidence threshold (0.75)
[2025-10-19 23:12:21] INFO: [Decision] REJECT: Abs=
[2025-10-19 23:12:21] INFO: true
[2025-10-19 23:12:21] INFO: , AbsMargin=
[2025-10-19 23:12:21] INFO: true
[2025-10-19 23:12:21] INFO: , RelMargin=
[2025-10-19 23:12:21] INFO: true
[2025-10-19 23:12:21] INFO: (
[2025-10-19 23:12:21] INFO: 100.0
[2025-10-19 23:12:21] INFO: %
[2025-10-19 23:12:21] INFO: ), StrongMargin=
[2025-10-19 23:12:21] INFO: true
[2025-10-19 23:12:21] INFO: (
[2025-10-19 23:12:21] INFO: 12.0
[2025-10-19 23:12:21] INFO: %
[2025-10-19 23:12:21] INFO: ), Discrim=
[2025-10-19 23:12:21] INFO: true
[2025-10-19 23:12:21] INFO: , Consist=
[2025-10-19 23:12:21] INFO: true
[2025-10-19 23:12:21] INFO: (
[2025-10-19 23:12:21] INFO: 6
[2025-10-19 23:12:21] INFO: /
[2025-10-19 23:12:21] INFO: 7
[2025-10-19 23:12:21] INFO: )
[2025-10-19 23:12:21] INFO: Exiting Face Recognition Demo...
[2025-10-19 23:12:21] INFO: Exiting Face Recognition Demo...
