[2025-10-19 01:29:05] INFO: Application Logger Initialized.
[2025-10-19 01:29:05] INFO: Configuration and core components loaded.
[2025-10-19 01:29:05] INFO: Configuration loaded from classpath: app.properties
[2025-10-19 01:29:05] INFO: Configuration file loaded
[2025-10-19 01:29:05] INFO: MyGUIProgram Started!
[2025-10-19 01:29:07] INFO: Face embedding model loaded successfully
[2025-10-19 01:29:07] INFO: === Folder debug ===
[2025-10-19 01:29:07] INFO: Found folder: C:\SMU\CS102 Project\FaceRecognitionCS102\data\facedata\S00001_jereme
[2025-10-19 01:29:07] INFO:   Contains: 13 items
[2025-10-19 01:29:07] INFO:   Display label: S00001 - jereme
[2025-10-19 01:29:07] INFO: Found folder: C:\SMU\CS102 Project\FaceRecognitionCS102\data\facedata\S12342_wyn
[2025-10-19 01:29:07] INFO:   Contains: 26 items
[2025-10-19 01:29:07] INFO:   Display label: S12342 - wyn
[2025-10-19 01:29:07] INFO: Found folder: C:\SMU\CS102 Project\FaceRecognitionCS102\data\facedata\S13234_Jin_Rae
[2025-10-19 01:29:07] INFO:   Contains: 26 items
[2025-10-19 01:29:07] INFO:   Display label: S13234 - Jin_Rae
[2025-10-19 01:29:07] INFO: ====================
[2025-10-19 01:29:07] INFO: Person S00001 - jereme: tightness=1.000, stdDev=0.000, absThresh=0.600, margin=0.100
[2025-10-19 01:29:07] INFO: Person S12342 - wyn: tightness=0.922, stdDev=0.027, absThresh=0.608, margin=0.108
[2025-10-19 01:29:07] INFO: Person S13234 - Jin_Rae: tightness=0.955, stdDev=0.012, absThresh=0.605, margin=0.105
[2025-10-19 01:29:07] INFO: DNN face detector loaded successfully for recognition
[2025-10-19 01:29:07] INFO: Attempting to open camera with DSHOW backend...
[2025-10-19 01:29:07] INFO: Camera opened successfully with DSHOW backend
[2025-10-19 01:29:08] INFO: Camera configured: 640x480 @ 30fps with MJPEG codec
[2025-10-19 01:29:08] INFO: Camera initialized successfully
[2025-10-19 01:29:09] INFO: [Recognition] Scores: S00001 - jereme=0.000 S12342 - wyn=0.744 S13234 - Jin_Rae=0.681 
[2025-10-19 01:29:09] INFO: [Decision] Best=S12342 - wyn(0.744), 2nd=0.681, Discriminative=0.625, AvgNeg=0.341
[2025-10-19 01:29:09] INFO: [Thresholds] Abs=0.608, Margin=0.108(14.5%), RelMargin=8.4%, Tightness=0.922, StdDev=0.027
[2025-10-19 01:29:09] INFO: [Decision] REJECT: Abs=true, AbsMargin=false, RelMargin=false(8.4%), StrongMargin=false(10.0%), Discrim=true, Consist=false(0/0)
[2025-10-19 01:29:09] INFO: [Recognition] Scores: S00001 - jereme=0.000 S12342 - wyn=0.777 S13234 - Jin_Rae=0.829 
[2025-10-19 01:29:09] INFO: [Decision] Best=S13234 - Jin_Rae(0.829), 2nd=0.777, Discriminative=0.693, AvgNeg=0.389
[2025-10-19 01:29:09] INFO: [Thresholds] Abs=0.605, Margin=0.105(12.6%), RelMargin=6.2%, Tightness=0.955, StdDev=0.012
[2025-10-19 01:29:09] INFO: [Decision] REJECT: Abs=true, AbsMargin=false, RelMargin=false(6.2%), StrongMargin=false(10.0%), Discrim=true, Consist=false(0/1)
[2025-10-19 01:29:10] INFO: [Recognition] Scores: S00001 - jereme=0.000 S12342 - wyn=0.779 S13234 - Jin_Rae=0.825 
[2025-10-19 01:29:10] INFO: [Decision] Best=S13234 - Jin_Rae(0.825), 2nd=0.779, Discriminative=0.689, AvgNeg=0.389
[2025-10-19 01:29:10] INFO: [Thresholds] Abs=0.605, Margin=0.105(12.7%), RelMargin=5.6%, Tightness=0.955, StdDev=0.012
[2025-10-19 01:29:10] INFO: [Decision] REJECT: Abs=true, AbsMargin=false, RelMargin=false(5.6%), StrongMargin=false(10.0%), Discrim=true, Consist=false(0/2)
[2025-10-19 01:29:10] INFO: [Recognition] Scores: S00001 - jereme=0.000 S12342 - wyn=0.792 S13234 - Jin_Rae=0.818 
[2025-10-19 01:29:10] INFO: [Decision] Best=S13234 - Jin_Rae(0.818), 2nd=0.792, Discriminative=0.680, AvgNeg=0.396
[2025-10-19 01:29:10] INFO: [Thresholds] Abs=0.605, Margin=0.105(12.8%), RelMargin=3.2%, Tightness=0.955, StdDev=0.012
[2025-10-19 01:29:10] INFO: [Decision] REJECT: Abs=true, AbsMargin=false, RelMargin=false(3.2%), StrongMargin=false(10.0%), Discrim=true, Consist=false(0/3)
[2025-10-19 01:29:10] INFO: [Recognition] Scores: S00001 - jereme=0.000 S12342 - wyn=0.799 S13234 - Jin_Rae=0.828 
[2025-10-19 01:29:10] INFO: [Decision] Best=S13234 - Jin_Rae(0.828), 2nd=0.799, Discriminative=0.688, AvgNeg=0.400
[2025-10-19 01:29:10] INFO: [Thresholds] Abs=0.605, Margin=0.105(12.6%), RelMargin=3.5%, Tightness=0.955, StdDev=0.012
[2025-10-19 01:29:10] INFO: [Decision] REJECT: Abs=true, AbsMargin=false, RelMargin=false(3.5%), StrongMargin=false(10.0%), Discrim=true, Consist=false(0/4)
[2025-10-19 01:29:10] INFO: [Recognition] Scores: S00001 - jereme=0.000 S12342 - wyn=0.782 S13234 - Jin_Rae=0.839 
[2025-10-19 01:29:10] INFO: [Decision] Best=S13234 - Jin_Rae(0.839), 2nd=0.782, Discriminative=0.703, AvgNeg=0.391
[2025-10-19 01:29:10] INFO: [Thresholds] Abs=0.605, Margin=0.105(12.5%), RelMargin=6.9%, Tightness=0.955, StdDev=0.012
[2025-10-19 01:29:10] INFO: [Decision] REJECT: Abs=true, AbsMargin=false, RelMargin=false(6.9%), StrongMargin=false(10.0%), Discrim=true, Consist=false(0/5)
[2025-10-19 01:29:11] INFO: [Recognition] Scores: S00001 - jereme=0.000 S12342 - wyn=0.773 S13234 - Jin_Rae=0.829 
[2025-10-19 01:29:11] INFO: [Decision] Best=S13234 - Jin_Rae(0.829), 2nd=0.773, Discriminative=0.693, AvgNeg=0.387
[2025-10-19 01:29:11] INFO: [Thresholds] Abs=0.605, Margin=0.105(12.6%), RelMargin=6.7%, Tightness=0.955, StdDev=0.012
[2025-10-19 01:29:11] INFO: [Decision] REJECT: Abs=true, AbsMargin=false, RelMargin=false(6.7%), StrongMargin=false(10.0%), Discrim=true, Consist=false(0/6)
[2025-10-19 01:29:11] INFO: [Recognition] Scores: S00001 - jereme=0.000 S12342 - wyn=0.754 S13234 - Jin_Rae=0.817 
[2025-10-19 01:29:11] INFO: [Decision] Best=S13234 - Jin_Rae(0.817), 2nd=0.754, Discriminative=0.685, AvgNeg=0.377
[2025-10-19 01:29:11] INFO: [Thresholds] Abs=0.605, Margin=0.105(12.8%), RelMargin=7.7%, Tightness=0.955, StdDev=0.012
[2025-10-19 01:29:11] INFO: [Decision] REJECT: Abs=true, AbsMargin=false, RelMargin=false(7.7%), StrongMargin=false(10.0%), Discrim=true, Consist=false(0/7)
[2025-10-19 01:29:11] INFO: [Recognition] Scores: S00001 - jereme=0.000 S12342 - wyn=0.754 S13234 - Jin_Rae=0.818 
[2025-10-19 01:29:11] INFO: [Decision] Best=S13234 - Jin_Rae(0.818), 2nd=0.754, Discriminative=0.686, AvgNeg=0.377
[2025-10-19 01:29:11] INFO: [Thresholds] Abs=0.605, Margin=0.105(12.8%), RelMargin=7.8%, Tightness=0.955, StdDev=0.012
[2025-10-19 01:29:11] INFO: [Decision] REJECT: Abs=true, AbsMargin=false, RelMargin=false(7.8%), StrongMargin=false(10.0%), Discrim=true, Consist=false(0/8)
[2025-10-19 01:29:11] INFO: [Recognition] Scores: S00001 - jereme=0.000 S12342 - wyn=0.733 S13234 - Jin_Rae=0.789 
[2025-10-19 01:29:11] INFO: [Decision] Best=S13234 - Jin_Rae(0.789), 2nd=0.733, Discriminative=0.661, AvgNeg=0.367
[2025-10-19 01:29:11] INFO: [Thresholds] Abs=0.605, Margin=0.105(13.2%), RelMargin=7.1%, Tightness=0.955, StdDev=0.012
[2025-10-19 01:29:11] INFO: [Decision] REJECT: Abs=true, AbsMargin=false, RelMargin=false(7.1%), StrongMargin=false(10.0%), Discrim=true, Consist=false(0/8)
[2025-10-19 01:29:11] INFO: [Recognition] Scores: S00001 - jereme=0.000 S12342 - wyn=0.766 S13234 - Jin_Rae=0.794 
[2025-10-19 01:29:11] INFO: [Decision] Best=S13234 - Jin_Rae(0.794), 2nd=0.766, Discriminative=0.660, AvgNeg=0.383
[2025-10-19 01:29:11] INFO: [Thresholds] Abs=0.605, Margin=0.105(13.2%), RelMargin=3.5%, Tightness=0.955, StdDev=0.012
[2025-10-19 01:29:11] INFO: [Decision] REJECT: Abs=true, AbsMargin=false, RelMargin=false(3.5%), StrongMargin=false(10.0%), Discrim=true, Consist=false(0/8)
[2025-10-19 01:29:12] INFO: [Recognition] Scores: S00001 - jereme=0.000 S12342 - wyn=0.758 S13234 - Jin_Rae=0.786 
[2025-10-19 01:29:12] INFO: [Decision] Best=S13234 - Jin_Rae(0.786), 2nd=0.758, Discriminative=0.653, AvgNeg=0.379
[2025-10-19 01:29:12] INFO: [Thresholds] Abs=0.605, Margin=0.105(13.3%), RelMargin=3.5%, Tightness=0.955, StdDev=0.012
[2025-10-19 01:29:12] INFO: [Decision] REJECT: Abs=true, AbsMargin=false, RelMargin=false(3.5%), StrongMargin=false(10.0%), Discrim=true, Consist=false(0/8)
[2025-10-19 01:29:12] INFO: [Recognition] Scores: S00001 - jereme=0.000 S12342 - wyn=0.774 S13234 - Jin_Rae=0.833 
[2025-10-19 01:29:12] INFO: [Decision] Best=S13234 - Jin_Rae(0.833), 2nd=0.774, Discriminative=0.698, AvgNeg=0.387
[2025-10-19 01:29:12] INFO: [Thresholds] Abs=0.605, Margin=0.105(12.6%), RelMargin=7.1%, Tightness=0.955, StdDev=0.012
[2025-10-19 01:29:12] INFO: [Decision] REJECT: Abs=true, AbsMargin=false, RelMargin=false(7.1%), StrongMargin=false(10.0%), Discrim=true, Consist=false(0/8)
[2025-10-19 01:29:12] INFO: [Recognition] Scores: S00001 - jereme=0.000 S12342 - wyn=0.796 S13234 - Jin_Rae=0.812 
[2025-10-19 01:29:12] INFO: [Decision] Best=S13234 - Jin_Rae(0.812), 2nd=0.796, Discriminative=0.673, AvgNeg=0.398
[2025-10-19 01:29:12] INFO: [Thresholds] Abs=0.605, Margin=0.105(12.9%), RelMargin=2.0%, Tightness=0.955, StdDev=0.012
[2025-10-19 01:29:12] INFO: [Decision] REJECT: Abs=true, AbsMargin=false, RelMargin=false(2.0%), StrongMargin=false(10.0%), Discrim=true, Consist=false(0/8)
[2025-10-19 01:29:12] INFO: [Recognition] Scores: S00001 - jereme=0.000 S12342 - wyn=0.807 S13234 - Jin_Rae=0.831 
[2025-10-19 01:29:12] INFO: [Decision] Best=S13234 - Jin_Rae(0.831), 2nd=0.807, Discriminative=0.690, AvgNeg=0.404
[2025-10-19 01:29:12] INFO: [Thresholds] Abs=0.605, Margin=0.105(12.6%), RelMargin=2.9%, Tightness=0.955, StdDev=0.012
[2025-10-19 01:29:12] INFO: [Decision] REJECT: Abs=true, AbsMargin=false, RelMargin=false(2.9%), StrongMargin=false(10.0%), Discrim=true, Consist=false(0/8)
[2025-10-19 01:29:13] INFO: [Recognition] Scores: S00001 - jereme=0.000 S12342 - wyn=0.804 S13234 - Jin_Rae=0.849 
[2025-10-19 01:29:13] INFO: [Decision] Best=S13234 - Jin_Rae(0.849), 2nd=0.804, Discriminative=0.708, AvgNeg=0.402
[2025-10-19 01:29:13] INFO: [Thresholds] Abs=0.605, Margin=0.105(12.3%), RelMargin=5.2%, Tightness=0.955, StdDev=0.012
[2025-10-19 01:29:13] INFO: [Decision] REJECT: Abs=true, AbsMargin=false, RelMargin=false(5.2%), StrongMargin=false(10.0%), Discrim=true, Consist=false(0/8)
[2025-10-19 01:29:13] INFO: [Recognition] Scores: S00001 - jereme=0.000 S12342 - wyn=0.808 S13234 - Jin_Rae=0.865 
[2025-10-19 01:29:13] INFO: [Decision] Best=S13234 - Jin_Rae(0.865), 2nd=0.808, Discriminative=0.724, AvgNeg=0.404
[2025-10-19 01:29:13] INFO: [Thresholds] Abs=0.605, Margin=0.105(12.1%), RelMargin=6.7%, Tightness=0.955, StdDev=0.012
[2025-10-19 01:29:13] INFO: [Decision] REJECT: Abs=true, AbsMargin=false, RelMargin=false(6.7%), StrongMargin=false(10.0%), Discrim=true, Consist=false(0/8)
[2025-10-19 01:29:13] INFO: [Recognition] Scores: S00001 - jereme=0.000 S12342 - wyn=0.812 S13234 - Jin_Rae=0.848 
[2025-10-19 01:29:13] INFO: [Decision] Best=S13234 - Jin_Rae(0.848), 2nd=0.812, Discriminative=0.706, AvgNeg=0.406
[2025-10-19 01:29:13] INFO: [Thresholds] Abs=0.605, Margin=0.105(12.3%), RelMargin=4.3%, Tightness=0.955, StdDev=0.012
[2025-10-19 01:29:13] INFO: [Decision] REJECT: Abs=true, AbsMargin=false, RelMargin=false(4.3%), StrongMargin=false(10.0%), Discrim=true, Consist=false(0/8)
[2025-10-19 01:29:13] INFO: [Recognition] Scores: S00001 - jereme=0.000 S12342 - wyn=0.818 S13234 - Jin_Rae=0.909 
[2025-10-19 01:29:13] INFO: [Decision] Best=S13234 - Jin_Rae(0.909), 2nd=0.818, Discriminative=0.765, AvgNeg=0.409
[2025-10-19 01:29:13] INFO: [Thresholds] Abs=0.605, Margin=0.105(11.5%), RelMargin=10.0%, Tightness=0.955, StdDev=0.012
[2025-10-19 01:29:13] INFO: [Decision] REJECT: Abs=true, AbsMargin=false, RelMargin=false(10.0%), StrongMargin=false(10.0%), Discrim=true, Consist=false(0/8)
[2025-10-19 01:29:14] INFO: [Recognition] Scores: S00001 - jereme=0.000 S12342 - wyn=0.820 S13234 - Jin_Rae=0.874 
[2025-10-19 01:29:14] INFO: [Decision] Best=S13234 - Jin_Rae(0.874), 2nd=0.820, Discriminative=0.731, AvgNeg=0.410
[2025-10-19 01:29:14] INFO: [Thresholds] Abs=0.605, Margin=0.105(12.0%), RelMargin=6.2%, Tightness=0.955, StdDev=0.012
[2025-10-19 01:29:14] INFO: [Decision] REJECT: Abs=true, AbsMargin=false, RelMargin=false(6.2%), StrongMargin=false(10.0%), Discrim=true, Consist=false(0/8)
[2025-10-19 01:29:14] INFO: [Recognition] Scores: S00001 - jereme=0.000 S12342 - wyn=0.819 S13234 - Jin_Rae=0.828 
[2025-10-19 01:29:14] INFO: [Decision] Best=S13234 - Jin_Rae(0.828), 2nd=0.819, Discriminative=0.685, AvgNeg=0.409
[2025-10-19 01:29:14] INFO: [Thresholds] Abs=0.605, Margin=0.105(12.6%), RelMargin=1.1%, Tightness=0.955, StdDev=0.012
[2025-10-19 01:29:14] INFO: [Decision] REJECT: Abs=true, AbsMargin=false, RelMargin=false(1.1%), StrongMargin=false(10.0%), Discrim=true, Consist=false(0/8)
[2025-10-19 01:29:14] INFO: [Recognition] Scores: S00001 - jereme=0.000 S12342 - wyn=0.804 S13234 - Jin_Rae=0.787 
[2025-10-19 01:29:14] INFO: [Decision] Best=S12342 - wyn(0.804), 2nd=0.787, Discriminative=0.666, AvgNeg=0.394
[2025-10-19 01:29:14] INFO: [Thresholds] Abs=0.608, Margin=0.108(13.4%), RelMargin=2.1%, Tightness=0.922, StdDev=0.027
[2025-10-19 01:29:14] INFO: [Decision] REJECT: Abs=true, AbsMargin=false, RelMargin=false(2.1%), StrongMargin=false(10.0%), Discrim=true, Consist=false(0/8)
[2025-10-19 01:29:14] INFO: [Recognition] Scores: S00001 - jereme=0.000 S12342 - wyn=0.790 S13234 - Jin_Rae=0.769 
[2025-10-19 01:29:14] INFO: [Decision] Best=S12342 - wyn(0.790), 2nd=0.769, Discriminative=0.655, AvgNeg=0.385
[2025-10-19 01:29:14] INFO: [Thresholds] Abs=0.608, Margin=0.108(13.7%), RelMargin=2.6%, Tightness=0.922, StdDev=0.027
[2025-10-19 01:29:14] INFO: [Decision] REJECT: Abs=true, AbsMargin=false, RelMargin=false(2.6%), StrongMargin=false(10.0%), Discrim=true, Consist=false(0/8)
[2025-10-19 01:29:15] INFO: [Recognition] Scores: S00001 - jereme=0.000 S12342 - wyn=0.803 S13234 - Jin_Rae=0.783 
[2025-10-19 01:29:15] INFO: [Decision] Best=S12342 - wyn(0.803), 2nd=0.783, Discriminative=0.665, AvgNeg=0.392
[2025-10-19 01:29:15] INFO: [Thresholds] Abs=0.608, Margin=0.108(13.4%), RelMargin=2.4%, Tightness=0.922, StdDev=0.027
[2025-10-19 01:29:15] INFO: [Decision] REJECT: Abs=true, AbsMargin=false, RelMargin=false(2.4%), StrongMargin=false(10.0%), Discrim=true, Consist=false(0/8)
[2025-10-19 01:29:15] INFO: [Recognition] Scores: S00001 - jereme=0.000 S12342 - wyn=0.795 S13234 - Jin_Rae=0.774 
[2025-10-19 01:29:15] INFO: [Decision] Best=S12342 - wyn(0.795), 2nd=0.774, Discriminative=0.660, AvgNeg=0.387
[2025-10-19 01:29:15] INFO: [Thresholds] Abs=0.608, Margin=0.108(13.6%), RelMargin=2.7%, Tightness=0.922, StdDev=0.027
[2025-10-19 01:29:15] INFO: [Decision] REJECT: Abs=true, AbsMargin=false, RelMargin=false(2.7%), StrongMargin=false(10.0%), Discrim=true, Consist=false(0/8)
[2025-10-19 01:29:15] INFO: [Recognition] Scores: S00001 - jereme=0.000 S12342 - wyn=0.758 S13234 - Jin_Rae=0.763 
[2025-10-19 01:29:15] INFO: [Decision] Best=S13234 - Jin_Rae(0.763), 2nd=0.758, Discriminative=0.630, AvgNeg=0.379
[2025-10-19 01:29:15] INFO: [Thresholds] Abs=0.605, Margin=0.105(13.7%), RelMargin=0.7%, Tightness=0.955, StdDev=0.012
[2025-10-19 01:29:15] INFO: [Decision] REJECT: Abs=true, AbsMargin=false, RelMargin=false(0.7%), StrongMargin=false(10.0%), Discrim=true, Consist=false(0/8)
[2025-10-19 01:29:15] INFO: [Recognition] Scores: S00001 - jereme=0.000 S12342 - wyn=0.706 S13234 - Jin_Rae=0.724 
[2025-10-19 01:29:15] INFO: [Decision] Best=S13234 - Jin_Rae(0.724), 2nd=0.706, Discriminative=0.601, AvgNeg=0.353
[2025-10-19 01:29:15] INFO: [Thresholds] Abs=0.605, Margin=0.105(14.4%), RelMargin=2.5%, Tightness=0.955, StdDev=0.012
[2025-10-19 01:29:15] INFO: [Decision] REJECT: Abs=true, AbsMargin=false, RelMargin=false(2.5%), StrongMargin=false(10.0%), Discrim=false, Consist=false(0/8)
[2025-10-19 01:29:15] INFO: [Recognition] Scores: S00001 - jereme=0.000 S12342 - wyn=0.638 S13234 - Jin_Rae=0.677 
[2025-10-19 01:29:15] INFO: [Decision] Best=S13234 - Jin_Rae(0.677), 2nd=0.638, Discriminative=0.566, AvgNeg=0.319
[2025-10-19 01:29:15] INFO: [Thresholds] Abs=0.605, Margin=0.105(15.4%), RelMargin=5.8%, Tightness=0.955, StdDev=0.012
[2025-10-19 01:29:15] INFO: [Decision] REJECT: Abs=true, AbsMargin=false, RelMargin=false(5.8%), StrongMargin=false(10.0%), Discrim=false, Consist=false(0/8)
[2025-10-19 01:29:16] INFO: [Recognition] Scores: S00001 - jereme=0.000 S12342 - wyn=0.610 S13234 - Jin_Rae=0.670 
[2025-10-19 01:29:16] INFO: [Decision] Best=S13234 - Jin_Rae(0.670), 2nd=0.610, Discriminative=0.563, AvgNeg=0.305
[2025-10-19 01:29:16] INFO: [Thresholds] Abs=0.605, Margin=0.105(15.6%), RelMargin=9.0%, Tightness=0.955, StdDev=0.012
[2025-10-19 01:29:16] INFO: [Decision] REJECT: Abs=true, AbsMargin=false, RelMargin=false(9.0%), StrongMargin=false(10.0%), Discrim=false, Consist=false(0/8)
[2025-10-19 01:29:16] INFO: [Recognition] Scores: S00001 - jereme=0.000 S12342 - wyn=0.520 S13234 - Jin_Rae=0.553 
[2025-10-19 01:29:16] INFO: [Decision] Best=S13234 - Jin_Rae(0.553), 2nd=0.520, Discriminative=0.462, AvgNeg=0.260
[2025-10-19 01:29:16] INFO: [Thresholds] Abs=0.605, Margin=0.105(18.9%), RelMargin=6.1%, Tightness=0.955, StdDev=0.012
[2025-10-19 01:29:16] INFO: [Decision] REJECT: Abs=false, AbsMargin=false, RelMargin=false(6.1%), StrongMargin=false(10.0%), Discrim=false, Consist=false(0/8)
[2025-10-19 01:29:16] INFO: [Recognition] Scores: S00001 - jereme=0.000 S12342 - wyn=0.767 S13234 - Jin_Rae=0.928 
[2025-10-19 01:29:16] INFO: [Decision] Best=S13234 - Jin_Rae(0.928), 2nd=0.767, Discriminative=0.794, AvgNeg=0.383
[2025-10-19 01:29:16] INFO: [Thresholds] Abs=0.605, Margin=0.105(11.3%), RelMargin=17.4%, Tightness=0.955, StdDev=0.012
[2025-10-19 01:29:16] INFO: [Decision] ACCEPT: Tier 1 - Absolute + Strong Margin (10%)
[2025-10-19 01:29:17] INFO: [Recognition] Scores: S00001 - jereme=0.000 S12342 - wyn=0.835 S13234 - Jin_Rae=0.843 
[2025-10-19 01:29:17] INFO: [Decision] Best=S13234 - Jin_Rae(0.843), 2nd=0.835, Discriminative=0.697, AvgNeg=0.418
[2025-10-19 01:29:17] INFO: [Thresholds] Abs=0.605, Margin=0.105(12.4%), RelMargin=0.9%, Tightness=0.955, StdDev=0.012
[2025-10-19 01:29:17] INFO: [Decision] REJECT: Abs=true, AbsMargin=false, RelMargin=false(0.9%), StrongMargin=false(10.0%), Discrim=true, Consist=false(1/8)
[2025-10-19 01:29:17] INFO: [Recognition] Scores: S00001 - jereme=0.000 S12342 - wyn=0.766 S13234 - Jin_Rae=0.825 
[2025-10-19 01:29:17] INFO: [Decision] Best=S13234 - Jin_Rae(0.825), 2nd=0.766, Discriminative=0.691, AvgNeg=0.383
[2025-10-19 01:29:17] INFO: [Thresholds] Abs=0.605, Margin=0.105(12.7%), RelMargin=7.2%, Tightness=0.955, StdDev=0.012
[2025-10-19 01:29:17] INFO: [Decision] REJECT: Abs=true, AbsMargin=false, RelMargin=false(7.2%), StrongMargin=false(10.0%), Discrim=true, Consist=false(1/8)
[2025-10-19 01:29:17] INFO: [Recognition] Scores: S00001 - jereme=0.000 S12342 - wyn=0.809 S13234 - Jin_Rae=0.851 
[2025-10-19 01:29:17] INFO: [Decision] Best=S13234 - Jin_Rae(0.851), 2nd=0.809, Discriminative=0.710, AvgNeg=0.404
[2025-10-19 01:29:17] INFO: [Thresholds] Abs=0.605, Margin=0.105(12.3%), RelMargin=5.0%, Tightness=0.955, StdDev=0.012
[2025-10-19 01:29:17] INFO: [Decision] REJECT: Abs=true, AbsMargin=false, RelMargin=false(5.0%), StrongMargin=false(10.0%), Discrim=true, Consist=false(1/8)
[2025-10-19 01:29:17] INFO: [Recognition] Scores: S00001 - jereme=0.000 S12342 - wyn=0.847 S13234 - Jin_Rae=0.884 
[2025-10-19 01:29:17] INFO: [Decision] Best=S13234 - Jin_Rae(0.884), 2nd=0.847, Discriminative=0.736, AvgNeg=0.424
[2025-10-19 01:29:17] INFO: [Thresholds] Abs=0.605, Margin=0.105(11.8%), RelMargin=4.1%, Tightness=0.955, StdDev=0.012
[2025-10-19 01:29:17] INFO: [Decision] REJECT: Abs=true, AbsMargin=false, RelMargin=false(4.1%), StrongMargin=false(10.0%), Discrim=true, Consist=false(1/8)
[2025-10-19 01:29:18] INFO: [Recognition] Scores: S00001 - jereme=0.000 S12342 - wyn=0.864 S13234 - Jin_Rae=0.901 
[2025-10-19 01:29:18] INFO: [Decision] Best=S13234 - Jin_Rae(0.901), 2nd=0.864, Discriminative=0.750, AvgNeg=0.432
[2025-10-19 01:29:18] INFO: [Thresholds] Abs=0.605, Margin=0.105(11.6%), RelMargin=4.1%, Tightness=0.955, StdDev=0.012
[2025-10-19 01:29:18] INFO: [Decision] REJECT: Abs=true, AbsMargin=false, RelMargin=false(4.1%), StrongMargin=false(10.0%), Discrim=true, Consist=false(1/8)
[2025-10-19 01:29:18] INFO: [Recognition] Scores: S00001 - jereme=0.000 S12342 - wyn=0.840 S13234 - Jin_Rae=0.876 
[2025-10-19 01:29:18] INFO: [Decision] Best=S13234 - Jin_Rae(0.876), 2nd=0.840, Discriminative=0.729, AvgNeg=0.420
[2025-10-19 01:29:18] INFO: [Thresholds] Abs=0.605, Margin=0.105(11.9%), RelMargin=4.1%, Tightness=0.955, StdDev=0.012
[2025-10-19 01:29:18] INFO: [Decision] REJECT: Abs=true, AbsMargin=false, RelMargin=false(4.1%), StrongMargin=false(10.0%), Discrim=true, Consist=false(1/8)
[2025-10-19 01:29:18] INFO: [Recognition] Scores: S00001 - jereme=0.000 S12342 - wyn=0.865 S13234 - Jin_Rae=0.884 
[2025-10-19 01:29:18] INFO: [Decision] Best=S13234 - Jin_Rae(0.884), 2nd=0.865, Discriminative=0.733, AvgNeg=0.433
[2025-10-19 01:29:18] INFO: [Thresholds] Abs=0.605, Margin=0.105(11.8%), RelMargin=2.1%, Tightness=0.955, StdDev=0.012
[2025-10-19 01:29:18] INFO: [Decision] REJECT: Abs=true, AbsMargin=false, RelMargin=false(2.1%), StrongMargin=false(10.0%), Discrim=true, Consist=false(1/8)
[2025-10-19 01:29:18] INFO: [Recognition] Scores: S00001 - jereme=0.000 S12342 - wyn=0.847 S13234 - Jin_Rae=0.881 
[2025-10-19 01:29:18] INFO: [Decision] Best=S13234 - Jin_Rae(0.881), 2nd=0.847, Discriminative=0.733, AvgNeg=0.424
[2025-10-19 01:29:18] INFO: [Thresholds] Abs=0.605, Margin=0.105(11.9%), RelMargin=3.9%, Tightness=0.955, StdDev=0.012
[2025-10-19 01:29:18] INFO: [Decision] REJECT: Abs=true, AbsMargin=false, RelMargin=false(3.9%), StrongMargin=false(10.0%), Discrim=true, Consist=false(1/8)
[2025-10-19 01:29:19] INFO: [Recognition] Scores: S00001 - jereme=0.000 S12342 - wyn=0.803 S13234 - Jin_Rae=0.857 
[2025-10-19 01:29:19] INFO: [Decision] Best=S13234 - Jin_Rae(0.857), 2nd=0.803, Discriminative=0.716, AvgNeg=0.402
[2025-10-19 01:29:19] INFO: [Thresholds] Abs=0.605, Margin=0.105(12.2%), RelMargin=6.3%, Tightness=0.955, StdDev=0.012
[2025-10-19 01:29:19] INFO: [Decision] REJECT: Abs=true, AbsMargin=false, RelMargin=false(6.3%), StrongMargin=false(10.0%), Discrim=true, Consist=false(0/8)
[2025-10-19 01:29:19] INFO: [Recognition] Scores: S00001 - jereme=0.000 S12342 - wyn=0.764 S13234 - Jin_Rae=0.816 
[2025-10-19 01:29:19] INFO: [Decision] Best=S13234 - Jin_Rae(0.816), 2nd=0.764, Discriminative=0.682, AvgNeg=0.382
[2025-10-19 01:29:19] INFO: [Thresholds] Abs=0.605, Margin=0.105(12.8%), RelMargin=6.4%, Tightness=0.955, StdDev=0.012
[2025-10-19 01:29:19] INFO: [Decision] REJECT: Abs=true, AbsMargin=false, RelMargin=false(6.4%), StrongMargin=false(10.0%), Discrim=true, Consist=false(0/8)
[2025-10-19 01:29:19] INFO: [Recognition] Scores: S00001 - jereme=0.000 S12342 - wyn=0.750 S13234 - Jin_Rae=0.786 
[2025-10-19 01:29:19] INFO: [Decision] Best=S13234 - Jin_Rae(0.786), 2nd=0.750, Discriminative=0.655, AvgNeg=0.375
[2025-10-19 01:29:19] INFO: [Thresholds] Abs=0.605, Margin=0.105(13.3%), RelMargin=4.7%, Tightness=0.955, StdDev=0.012
[2025-10-19 01:29:19] INFO: [Decision] REJECT: Abs=true, AbsMargin=false, RelMargin=false(4.7%), StrongMargin=false(10.0%), Discrim=true, Consist=false(0/8)
[2025-10-19 01:29:19] INFO: [Recognition] Scores: S00001 - jereme=0.000 S12342 - wyn=0.772 S13234 - Jin_Rae=0.799 
[2025-10-19 01:29:19] INFO: [Decision] Best=S13234 - Jin_Rae(0.799), 2nd=0.772, Discriminative=0.664, AvgNeg=0.386
[2025-10-19 01:29:19] INFO: [Thresholds] Abs=0.605, Margin=0.105(13.1%), RelMargin=3.3%, Tightness=0.955, StdDev=0.012
[2025-10-19 01:29:19] INFO: [Decision] REJECT: Abs=true, AbsMargin=false, RelMargin=false(3.3%), StrongMargin=false(10.0%), Discrim=true, Consist=false(0/8)
[2025-10-19 01:29:20] INFO: [Recognition] Scores: S00001 - jereme=0.000 S12342 - wyn=0.727 S13234 - Jin_Rae=0.759 
[2025-10-19 01:29:20] INFO: [Decision] Best=S13234 - Jin_Rae(0.759), 2nd=0.727, Discriminative=0.632, AvgNeg=0.364
[2025-10-19 01:29:20] INFO: [Thresholds] Abs=0.605, Margin=0.105(13.8%), RelMargin=4.2%, Tightness=0.955, StdDev=0.012
[2025-10-19 01:29:20] INFO: [Decision] REJECT: Abs=true, AbsMargin=false, RelMargin=false(4.2%), StrongMargin=false(10.0%), Discrim=true, Consist=false(0/8)
[2025-10-19 01:29:20] INFO: [Recognition] Scores: S00001 - jereme=0.000 S12342 - wyn=0.786 S13234 - Jin_Rae=0.795 
[2025-10-19 01:29:20] INFO: [Decision] Best=S13234 - Jin_Rae(0.795), 2nd=0.786, Discriminative=0.657, AvgNeg=0.393
[2025-10-19 01:29:20] INFO: [Thresholds] Abs=0.605, Margin=0.105(13.2%), RelMargin=1.1%, Tightness=0.955, StdDev=0.012
[2025-10-19 01:29:20] INFO: [Decision] REJECT: Abs=true, AbsMargin=false, RelMargin=false(1.1%), StrongMargin=false(10.0%), Discrim=true, Consist=false(0/8)
[2025-10-19 01:29:20] INFO: [Recognition] Scores: S00001 - jereme=0.000 S12342 - wyn=0.820 S13234 - Jin_Rae=0.810 
[2025-10-19 01:29:20] INFO: [Decision] Best=S12342 - wyn(0.820), 2nd=0.810, Discriminative=0.678, AvgNeg=0.405
[2025-10-19 01:29:20] INFO: [Thresholds] Abs=0.608, Margin=0.108(13.1%), RelMargin=1.2%, Tightness=0.922, StdDev=0.027
[2025-10-19 01:29:20] INFO: [Decision] REJECT: Abs=true, AbsMargin=false, RelMargin=false(1.2%), StrongMargin=false(10.0%), Discrim=true, Consist=false(0/8)
[2025-10-19 01:29:20] INFO: [Recognition] Scores: S00001 - jereme=0.000 S12342 - wyn=0.820 S13234 - Jin_Rae=0.808 
[2025-10-19 01:29:20] INFO: [Decision] Best=S12342 - wyn(0.820), 2nd=0.808, Discriminative=0.678, AvgNeg=0.404
[2025-10-19 01:29:20] INFO: [Thresholds] Abs=0.608, Margin=0.108(13.2%), RelMargin=1.4%, Tightness=0.922, StdDev=0.027
[2025-10-19 01:29:20] INFO: [Decision] REJECT: Abs=true, AbsMargin=false, RelMargin=false(1.4%), StrongMargin=false(10.0%), Discrim=true, Consist=false(0/8)
[2025-10-19 01:29:20] INFO: [Recognition] Scores: S00001 - jereme=0.000 S12342 - wyn=0.803 S13234 - Jin_Rae=0.788 
[2025-10-19 01:29:20] INFO: [Decision] Best=S12342 - wyn(0.803), 2nd=0.788, Discriminative=0.665, AvgNeg=0.394
[2025-10-19 01:29:20] INFO: [Thresholds] Abs=0.608, Margin=0.108(13.4%), RelMargin=1.9%, Tightness=0.922, StdDev=0.027
[2025-10-19 01:29:20] INFO: [Decision] REJECT: Abs=true, AbsMargin=false, RelMargin=false(1.9%), StrongMargin=false(10.0%), Discrim=true, Consist=false(0/8)
[2025-10-19 01:29:21] INFO: [Recognition] Scores: S00001 - jereme=0.000 S12342 - wyn=0.798 S13234 - Jin_Rae=0.786 
[2025-10-19 01:29:21] INFO: [Decision] Best=S12342 - wyn(0.798), 2nd=0.786, Discriminative=0.660, AvgNeg=0.393
[2025-10-19 01:29:21] INFO: [Thresholds] Abs=0.608, Margin=0.108(13.5%), RelMargin=1.4%, Tightness=0.922, StdDev=0.027
[2025-10-19 01:29:21] INFO: [Decision] REJECT: Abs=true, AbsMargin=false, RelMargin=false(1.4%), StrongMargin=false(10.0%), Discrim=true, Consist=false(0/8)
[2025-10-19 01:29:21] INFO: Exiting Face Recognition Demo...
[2025-10-19 01:29:21] INFO: [Recognition] Scores: S00001 - jereme=0.000 S12342 - wyn=0.805 S13234 - Jin_Rae=0.873 
[2025-10-19 01:29:21] INFO: [Decision] Best=S13234 - Jin_Rae(0.873), 2nd=0.805, Discriminative=0.733, AvgNeg=0.402
[2025-10-19 01:29:21] INFO: [Thresholds] Abs=0.605, Margin=0.105(12.0%), RelMargin=7.9%, Tightness=0.955, StdDev=0.012
[2025-10-19 01:29:21] INFO: [Decision] REJECT: Abs=true, AbsMargin=false, RelMargin=false(7.9%), StrongMargin=false(10.0%), Discrim=true, Consist=false(0/8)
[2025-10-19 01:29:21] INFO: Exiting Face Recognition Demo...
