[2025-10-25 23:52:09] INFO: Application Logger Initialized.
[2025-10-25 23:52:09] INFO: app.properties normalized (54 entries).
[2025-10-25 23:52:09] INFO: Configuration loaded from file: C:\Users\Jereme\OneDrive\Pictures\Documents\GITHUB SHIT\FaceRecognitionCS102\app.properties
[2025-10-25 23:52:10] INFO: ￢ﾜﾅ OpenFace nn4.small2.v1 model loaded successfully
[2025-10-25 23:52:10] INFO: ￢ﾜﾓ FaceAligner initialized with fallback eye detector
[2025-10-25 23:52:10] INFO: StudentManager initialized successfully
[2025-10-25 23:52:10] INFO: GUI launched successfully
[2025-10-25 23:52:16] INFO: ￢ﾜﾅ OpenFace nn4.small2.v1 model loaded successfully
[2025-10-25 23:52:16] INFO: ￢ﾜﾓ FaceAligner initialized with fallback eye detector
[2025-10-25 23:52:16] INFO: FaceCaptureDialog created for student: Tiffany
[2025-10-25 23:52:16] INFO: FaceCropSettingsPanel ctor - showCapture=false showSave=true
[2025-10-25 23:52:16] INFO: Dialog initialized
[2025-10-25 23:52:16] INFO: Starting camera preview...
[2025-10-25 23:52:16] INFO: Preview timer started at 20fps
[2025-10-25 23:52:20] INFO: Disposing FaceCaptureDialog...
[2025-10-25 23:52:20] INFO: Preview timer stopped
[2025-10-25 23:52:20] INFO: Face detection resources released
[2025-10-25 23:52:29] INFO: ￢ﾜﾅ OpenFace nn4.small2.v1 model loaded successfully
[2025-10-25 23:52:29] INFO: ￢ﾜﾓ FaceAligner initialized with fallback eye detector
[2025-10-25 23:52:29] INFO: FaceCaptureDialog created for student: jereme
[2025-10-25 23:52:29] INFO: FaceCropSettingsPanel ctor - showCapture=false showSave=true
[2025-10-25 23:52:29] INFO: Dialog initialized
[2025-10-25 23:52:29] INFO: Starting camera preview...
[2025-10-25 23:52:29] INFO: Preview timer started at 20fps
