[2025-10-26 21:38:36] INFO: Application Logger Initialized.
[2025-10-26 21:38:36] INFO: app.properties normalized (55 entries).
[2025-10-26 21:38:36] INFO: Configuration loaded from file: C:\Users\Jereme\OneDrive\Pictures\Documents\GITHUB SHIT\FaceRecognitionCS102\app.properties
[2025-10-26 21:38:37] INFO: ￢ﾜﾅ OpenFace nn4.small2.v1 model loaded successfully
[2025-10-26 21:38:37] INFO: ￢ﾜﾓ FaceAligner initialized with fallback eye detector
[2025-10-26 21:38:37] INFO: StudentManager initialized successfully
[2025-10-26 21:38:38] INFO: GUI launched successfully
[2025-10-26 21:38:42] INFO: ￢ﾜﾅ OpenFace nn4.small2.v1 model loaded successfully
[2025-10-26 21:38:42] INFO: ￢ﾜﾓ FaceAligner initialized with fallback eye detector
[2025-10-26 21:38:42] INFO: FaceCaptureDialog created for student: Tiffany
[2025-10-26 21:38:42] INFO: FaceCropSettingsPanel ctor - showCapture=false showSave=true
[2025-10-26 21:38:42] INFO: Dialog initialized
[2025-10-26 21:38:42] INFO: Starting camera preview...
[2025-10-26 21:38:42] INFO: Preview timer started at 20fps
[2025-10-26 21:38:51] INFO: Disposing FaceCaptureDialog...
[2025-10-26 21:38:51] INFO: Preview timer stopped
[2025-10-26 21:38:52] INFO: Face detection resources released
[2025-10-26 21:38:55] INFO: Disposing FaceCaptureDialog...
[2025-10-26 21:38:55] INFO: Preview timer stopped
[2025-10-26 21:38:55] INFO: Face detection resources released
[2025-10-26 21:38:55] INFO: Disposing FaceCaptureDialog...
[2025-10-26 21:38:55] INFO: Preview timer stopped
[2025-10-26 21:38:55] INFO: Face detection resources released
