[2025-10-21 00:31:40] INFO: Application Logger Initialized.
[2025-10-21 00:31:40] INFO: Configuration and core components loaded.
[2025-10-21 00:31:40] INFO: Configuration loaded from classpath: app.properties
[2025-10-21 00:31:40] INFO: Configuration file loaded
[2025-10-21 00:31:40] INFO: MyGUIProgram Started!
[2025-10-21 00:31:41] INFO: ￢ﾜﾅ OpenFace nn4.small2.v1 model loaded successfully
[2025-10-21 00:31:41] INFO: === Folder debug ===
[2025-10-21 00:31:41] INFO: Found folder: C:\SMU\CS102 Project\FaceRecognitionCS102\data\facedata\S12313_ma
[2025-10-21 00:31:41] INFO:   Contains: 36 items
[2025-10-21 00:31:41] INFO:   Display label: S12313 - ma
[2025-10-21 00:31:41] INFO: Found folder: C:\SMU\CS102 Project\FaceRecognitionCS102\data\facedata\S13234_Jin_Rae
[2025-10-21 00:31:41] INFO:   Contains: 36 items
[2025-10-21 00:31:41] INFO:   Display label: S13234 - Jin_Rae
[2025-10-21 00:31:41] INFO: ====================
[2025-10-21 00:31:41] INFO: Person S12313 - ma: tightness=0.934, stdDev=0.015, absThresh=0.607, margin=0.107
[2025-10-21 00:31:41] INFO: Person S13234 - Jin_Rae: tightness=0.960, stdDev=0.009, absThresh=0.604, margin=0.104
[2025-10-21 00:31:41] INFO: DNN face detector loaded successfully for recognition
[2025-10-21 00:31:41] INFO: Attempting camera index 0 with DSHOW backend...
[2025-10-21 00:31:42] INFO: Camera opened successfully: index 0 with DSHOW backend
[2025-10-21 00:31:43] INFO: Camera configured: 640x480 @ 30fps (MJPEG: yes)
[2025-10-21 00:31:43] INFO: Camera initialized successfully
[2025-10-21 00:31:44] INFO: [Recognition] Scores: S12313 - ma=0.380 S13234 - Jin_Rae=0.671 
[2025-10-21 00:31:44] INFO: [Decision] Best=S13234 - Jin_Rae(0.671), 2nd=0.380, Discriminative=0.595, AvgNeg=0.380
[2025-10-21 00:31:44] INFO: [Thresholds] Abs=0.604, Margin=0.104(15.5%), RelMargin=43.4%, Tightness=0.960, StdDev=0.009
[2025-10-21 00:31:44] INFO: [Decision] ACCEPT: Primary thresholds met (abs + margin + relative)
[2025-10-21 00:31:44] INFO: [Recognition] Scores: S12313 - ma=0.551 S13234 - Jin_Rae=0.744 
[2025-10-21 00:31:44] INFO: [Decision] Best=S13234 - Jin_Rae(0.744), 2nd=0.551, Discriminative=0.633, AvgNeg=0.551
[2025-10-21 00:31:44] INFO: [Thresholds] Abs=0.604, Margin=0.104(14.0%), RelMargin=25.9%, Tightness=0.960, StdDev=0.009
[2025-10-21 00:31:44] INFO: [Decision] ACCEPT: Primary thresholds met (abs + margin + relative)
[2025-10-21 00:31:44] INFO: [Recognition] Scores: S12313 - ma=0.511 S13234 - Jin_Rae=0.719 
[2025-10-21 00:31:44] INFO: [Decision] Best=S13234 - Jin_Rae(0.719), 2nd=0.511, Discriminative=0.616, AvgNeg=0.511
[2025-10-21 00:31:44] INFO: [Thresholds] Abs=0.604, Margin=0.104(14.5%), RelMargin=28.9%, Tightness=0.960, StdDev=0.009
[2025-10-21 00:31:44] INFO: [Decision] ACCEPT: Primary thresholds met (abs + margin + relative)
[2025-10-21 00:31:44] INFO: [Recognition] Scores: S12313 - ma=0.427 S13234 - Jin_Rae=0.632 
[2025-10-21 00:31:44] INFO: [Decision] Best=S13234 - Jin_Rae(0.632), 2nd=0.427, Discriminative=0.547, AvgNeg=0.427
[2025-10-21 00:31:44] INFO: [Thresholds] Abs=0.604, Margin=0.104(16.4%), RelMargin=32.4%, Tightness=0.960, StdDev=0.009
[2025-10-21 00:31:44] INFO: [Decision] ACCEPT: Primary thresholds met (abs + margin + relative)
[2025-10-21 00:31:44] INFO: [Recognition] Scores: S12313 - ma=0.397 S13234 - Jin_Rae=0.601 
[2025-10-21 00:31:44] INFO: [Decision] Best=S13234 - Jin_Rae(0.601), 2nd=0.397, Discriminative=0.521, AvgNeg=0.397
[2025-10-21 00:31:44] INFO: [Thresholds] Abs=0.604, Margin=0.104(17.3%), RelMargin=33.9%, Tightness=0.960, StdDev=0.009
[2025-10-21 00:31:44] INFO: [Decision] REJECT: Abs=
[2025-10-21 00:31:44] INFO: false
[2025-10-21 00:31:44] INFO: , AbsMargin=
[2025-10-21 00:31:44] INFO: true
[2025-10-21 00:31:44] INFO: , RelMargin=
[2025-10-21 00:31:44] INFO: true
[2025-10-21 00:31:44] INFO: (
[2025-10-21 00:31:44] INFO: 33.9
[2025-10-21 00:31:44] INFO: %
[2025-10-21 00:31:44] INFO: ), StrongMargin=
[2025-10-21 00:31:44] INFO: true
[2025-10-21 00:31:44] INFO: (
[2025-10-21 00:31:44] INFO: 12.0
[2025-10-21 00:31:44] INFO: %
[2025-10-21 00:31:44] INFO: ), Discrim=
[2025-10-21 00:31:44] INFO: false
[2025-10-21 00:31:44] INFO: , Consist=
[2025-10-21 00:31:44] INFO: false
[2025-10-21 00:31:44] INFO: (
[2025-10-21 00:31:44] INFO: 4
[2025-10-21 00:31:44] INFO: /
[2025-10-21 00:31:44] INFO: 7
[2025-10-21 00:31:44] INFO: )
[2025-10-21 00:31:45] INFO: [Recognition] Scores: S12313 - ma=0.353 S13234 - Jin_Rae=0.552 
[2025-10-21 00:31:45] INFO: [Decision] Best=S13234 - Jin_Rae(0.552), 2nd=0.353, Discriminative=0.481, AvgNeg=0.353
[2025-10-21 00:31:45] INFO: [Thresholds] Abs=0.604, Margin=0.104(18.8%), RelMargin=36.0%, Tightness=0.960, StdDev=0.009
[2025-10-21 00:31:45] INFO: [Decision] REJECT: Abs=
[2025-10-21 00:31:45] INFO: false
[2025-10-21 00:31:45] INFO: , AbsMargin=
[2025-10-21 00:31:45] INFO: true
[2025-10-21 00:31:45] INFO: , RelMargin=
[2025-10-21 00:31:45] INFO: true
[2025-10-21 00:31:45] INFO: (
[2025-10-21 00:31:45] INFO: 36.0
[2025-10-21 00:31:45] INFO: %
[2025-10-21 00:31:45] INFO: ), StrongMargin=
[2025-10-21 00:31:45] INFO: true
[2025-10-21 00:31:45] INFO: (
[2025-10-21 00:31:45] INFO: 12.0
[2025-10-21 00:31:45] INFO: %
[2025-10-21 00:31:45] INFO: ), Discrim=
[2025-10-21 00:31:45] INFO: false
[2025-10-21 00:31:45] INFO: , Consist=
[2025-10-21 00:31:45] INFO: false
[2025-10-21 00:31:45] INFO: (
[2025-10-21 00:31:45] INFO: 4
[2025-10-21 00:31:45] INFO: /
[2025-10-21 00:31:45] INFO: 7
[2025-10-21 00:31:45] INFO: )
[2025-10-21 00:31:45] INFO: [Recognition] Scores: S12313 - ma=0.366 S13234 - Jin_Rae=0.573 
[2025-10-21 00:31:45] INFO: [Decision] Best=S13234 - Jin_Rae(0.573), 2nd=0.366, Discriminative=0.500, AvgNeg=0.366
[2025-10-21 00:31:45] INFO: [Thresholds] Abs=0.604, Margin=0.104(18.1%), RelMargin=36.2%, Tightness=0.960, StdDev=0.009
[2025-10-21 00:31:45] INFO: [Decision] REJECT: Abs=
[2025-10-21 00:31:45] INFO: false
[2025-10-21 00:31:45] INFO: , AbsMargin=
[2025-10-21 00:31:45] INFO: true
[2025-10-21 00:31:45] INFO: , RelMargin=
[2025-10-21 00:31:45] INFO: true
[2025-10-21 00:31:45] INFO: (
[2025-10-21 00:31:45] INFO: 36.2
[2025-10-21 00:31:45] INFO: %
[2025-10-21 00:31:45] INFO: ), StrongMargin=
[2025-10-21 00:31:45] INFO: true
[2025-10-21 00:31:45] INFO: (
[2025-10-21 00:31:45] INFO: 12.0
[2025-10-21 00:31:45] INFO: %
[2025-10-21 00:31:45] INFO: ), Discrim=
[2025-10-21 00:31:45] INFO: false
[2025-10-21 00:31:45] INFO: , Consist=
[2025-10-21 00:31:45] INFO: false
[2025-10-21 00:31:45] INFO: (
[2025-10-21 00:31:45] INFO: 4
[2025-10-21 00:31:45] INFO: /
[2025-10-21 00:31:45] INFO: 7
[2025-10-21 00:31:45] INFO: )
[2025-10-21 00:31:45] INFO: [Recognition] Scores: S12313 - ma=0.542 S13234 - Jin_Rae=0.677 
[2025-10-21 00:31:45] INFO: [Decision] Best=S13234 - Jin_Rae(0.677), 2nd=0.542, Discriminative=0.568, AvgNeg=0.542
[2025-10-21 00:31:45] INFO: [Thresholds] Abs=0.604, Margin=0.104(15.4%), RelMargin=19.8%, Tightness=0.960, StdDev=0.009
[2025-10-21 00:31:45] INFO: [Decision] ACCEPT: Primary thresholds met (abs + margin + relative)
[2025-10-21 00:31:45] INFO: [Recognition] Scores: S12313 - ma=0.726 S13234 - Jin_Rae=0.772 
[2025-10-21 00:31:45] INFO: [Decision] Best=S13234 - Jin_Rae(0.772), 2nd=0.726, Discriminative=0.626, AvgNeg=0.726
[2025-10-21 00:31:45] INFO: [Thresholds] Abs=0.604, Margin=0.104(13.5%), RelMargin=5.9%, Tightness=0.960, StdDev=0.009
[2025-10-21 00:31:45] INFO: [Decision] REJECT: Abs=
[2025-10-21 00:31:45] INFO: true
[2025-10-21 00:31:45] INFO: , AbsMargin=
[2025-10-21 00:31:45] INFO: false
[2025-10-21 00:31:45] INFO: , RelMargin=
[2025-10-21 00:31:45] INFO: false
[2025-10-21 00:31:45] INFO: (
[2025-10-21 00:31:45] INFO: 5.9
[2025-10-21 00:31:45] INFO: %
[2025-10-21 00:31:45] INFO: ), StrongMargin=
[2025-10-21 00:31:45] INFO: false
[2025-10-21 00:31:45] INFO: (
[2025-10-21 00:31:45] INFO: 12.0
[2025-10-21 00:31:45] INFO: %
[2025-10-21 00:31:45] INFO: ), Discrim=
[2025-10-21 00:31:45] INFO: true
[2025-10-21 00:31:45] INFO: , Consist=
[2025-10-21 00:31:45] INFO: false
[2025-10-21 00:31:45] INFO: (
[2025-10-21 00:31:45] INFO: 4
[2025-10-21 00:31:45] INFO: /
[2025-10-21 00:31:45] INFO: 7
[2025-10-21 00:31:45] INFO: )
[2025-10-21 00:31:45] INFO: [Recognition] Scores: S12313 - ma=0.697 S13234 - Jin_Rae=0.768 
[2025-10-21 00:31:45] INFO: [Decision] Best=S13234 - Jin_Rae(0.768), 2nd=0.697, Discriminative=0.629, AvgNeg=0.697
[2025-10-21 00:31:45] INFO: [Thresholds] Abs=0.604, Margin=0.104(13.5%), RelMargin=9.3%, Tightness=0.960, StdDev=0.009
[2025-10-21 00:31:45] INFO: [Decision] REJECT: Abs=
[2025-10-21 00:31:45] INFO: true
[2025-10-21 00:31:45] INFO: , AbsMargin=
[2025-10-21 00:31:45] INFO: false
[2025-10-21 00:31:45] INFO: , RelMargin=
[2025-10-21 00:31:45] INFO: false
[2025-10-21 00:31:45] INFO: (
[2025-10-21 00:31:45] INFO: 9.3
[2025-10-21 00:31:45] INFO: %
[2025-10-21 00:31:45] INFO: ), StrongMargin=
[2025-10-21 00:31:45] INFO: false
[2025-10-21 00:31:45] INFO: (
[2025-10-21 00:31:45] INFO: 12.0
[2025-10-21 00:31:45] INFO: %
[2025-10-21 00:31:45] INFO: ), Discrim=
[2025-10-21 00:31:45] INFO: true
[2025-10-21 00:31:45] INFO: , Consist=
[2025-10-21 00:31:45] INFO: false
[2025-10-21 00:31:45] INFO: (
[2025-10-21 00:31:45] INFO: 3
[2025-10-21 00:31:45] INFO: /
[2025-10-21 00:31:45] INFO: 7
[2025-10-21 00:31:45] INFO: )
[2025-10-21 00:31:45] INFO: [Recognition] Scores: S12313 - ma=0.766 S13234 - Jin_Rae=0.779 
[2025-10-21 00:31:45] INFO: [Decision] Best=S13234 - Jin_Rae(0.779), 2nd=0.766, Discriminative=0.626, AvgNeg=0.766
[2025-10-21 00:31:45] INFO: [Thresholds] Abs=0.604, Margin=0.104(13.3%), RelMargin=1.7%, Tightness=0.960, StdDev=0.009
[2025-10-21 00:31:45] INFO: [Decision] REJECT: Abs=
[2025-10-21 00:31:45] INFO: true
[2025-10-21 00:31:45] INFO: , AbsMargin=
[2025-10-21 00:31:45] INFO: false
[2025-10-21 00:31:45] INFO: , RelMargin=
[2025-10-21 00:31:45] INFO: false
[2025-10-21 00:31:45] INFO: (
[2025-10-21 00:31:45] INFO: 1.7
[2025-10-21 00:31:45] INFO: %
[2025-10-21 00:31:45] INFO: ), StrongMargin=
[2025-10-21 00:31:45] INFO: false
[2025-10-21 00:31:45] INFO: (
[2025-10-21 00:31:45] INFO: 12.0
[2025-10-21 00:31:45] INFO: %
[2025-10-21 00:31:45] INFO: ), Discrim=
[2025-10-21 00:31:45] INFO: true
[2025-10-21 00:31:45] INFO: , Consist=
[2025-10-21 00:31:45] INFO: false
[2025-10-21 00:31:45] INFO: (
[2025-10-21 00:31:45] INFO: 2
[2025-10-21 00:31:45] INFO: /
[2025-10-21 00:31:45] INFO: 7
[2025-10-21 00:31:45] INFO: )
[2025-10-21 00:31:45] INFO: [Recognition] Scores: S12313 - ma=0.753 S13234 - Jin_Rae=0.758 
[2025-10-21 00:31:45] INFO: [Decision] Best=S13234 - Jin_Rae(0.758), 2nd=0.753, Discriminative=0.607, AvgNeg=0.753
[2025-10-21 00:31:45] INFO: [Thresholds] Abs=0.604, Margin=0.104(13.7%), RelMargin=0.6%, Tightness=0.960, StdDev=0.009
[2025-10-21 00:31:45] INFO: [Decision] REJECT: Abs=
[2025-10-21 00:31:45] INFO: true
[2025-10-21 00:31:45] INFO: , AbsMargin=
[2025-10-21 00:31:45] INFO: false
[2025-10-21 00:31:45] INFO: , RelMargin=
[2025-10-21 00:31:45] INFO: false
[2025-10-21 00:31:45] INFO: (
[2025-10-21 00:31:45] INFO: 0.6
[2025-10-21 00:31:45] INFO: %
[2025-10-21 00:31:45] INFO: ), StrongMargin=
[2025-10-21 00:31:45] INFO: false
[2025-10-21 00:31:45] INFO: (
[2025-10-21 00:31:45] INFO: 12.0
[2025-10-21 00:31:45] INFO: %
[2025-10-21 00:31:45] INFO: ), Discrim=
[2025-10-21 00:31:45] INFO: true
[2025-10-21 00:31:45] INFO: , Consist=
[2025-10-21 00:31:45] INFO: false
[2025-10-21 00:31:45] INFO: (
[2025-10-21 00:31:45] INFO: 1
[2025-10-21 00:31:45] INFO: /
[2025-10-21 00:31:45] INFO: 7
[2025-10-21 00:31:45] INFO: )
[2025-10-21 00:31:45] INFO: [Recognition] Scores: S12313 - ma=0.743 S13234 - Jin_Rae=0.757 
[2025-10-21 00:31:45] INFO: [Decision] Best=S13234 - Jin_Rae(0.757), 2nd=0.743, Discriminative=0.609, AvgNeg=0.743
[2025-10-21 00:31:45] INFO: [Thresholds] Abs=0.604, Margin=0.104(13.7%), RelMargin=2.0%, Tightness=0.960, StdDev=0.009
[2025-10-21 00:31:45] INFO: [Decision] REJECT: Abs=
[2025-10-21 00:31:45] INFO: true
[2025-10-21 00:31:45] INFO: , AbsMargin=
[2025-10-21 00:31:45] INFO: false
[2025-10-21 00:31:45] INFO: , RelMargin=
[2025-10-21 00:31:45] INFO: false
[2025-10-21 00:31:45] INFO: (
[2025-10-21 00:31:45] INFO: 2.0
[2025-10-21 00:31:45] INFO: %
[2025-10-21 00:31:45] INFO: ), StrongMargin=
[2025-10-21 00:31:45] INFO: false
[2025-10-21 00:31:45] INFO: (
[2025-10-21 00:31:45] INFO: 12.0
[2025-10-21 00:31:45] INFO: %
[2025-10-21 00:31:45] INFO: ), Discrim=
[2025-10-21 00:31:45] INFO: true
[2025-10-21 00:31:45] INFO: , Consist=
[2025-10-21 00:31:45] INFO: false
[2025-10-21 00:31:45] INFO: (
[2025-10-21 00:31:45] INFO: 1
[2025-10-21 00:31:45] INFO: /
[2025-10-21 00:31:45] INFO: 7
[2025-10-21 00:31:45] INFO: )
[2025-10-21 00:31:46] INFO: [Recognition] Scores: S12313 - ma=0.693 S13234 - Jin_Rae=0.738 
[2025-10-21 00:31:46] INFO: [Decision] Best=S13234 - Jin_Rae(0.738), 2nd=0.693, Discriminative=0.600, AvgNeg=0.693
[2025-10-21 00:31:46] INFO: [Thresholds] Abs=0.604, Margin=0.104(14.1%), RelMargin=6.1%, Tightness=0.960, StdDev=0.009
[2025-10-21 00:31:46] INFO: [Decision] REJECT: Abs=
[2025-10-21 00:31:46] INFO: true
[2025-10-21 00:31:46] INFO: , AbsMargin=
[2025-10-21 00:31:46] INFO: false
[2025-10-21 00:31:46] INFO: , RelMargin=
[2025-10-21 00:31:46] INFO: false
[2025-10-21 00:31:46] INFO: (
[2025-10-21 00:31:46] INFO: 6.1
[2025-10-21 00:31:46] INFO: %
[2025-10-21 00:31:46] INFO: ), StrongMargin=
[2025-10-21 00:31:46] INFO: false
[2025-10-21 00:31:46] INFO: (
[2025-10-21 00:31:46] INFO: 12.0
[2025-10-21 00:31:46] INFO: %
[2025-10-21 00:31:46] INFO: ), Discrim=
[2025-10-21 00:31:46] INFO: false
[2025-10-21 00:31:46] INFO: , Consist=
[2025-10-21 00:31:46] INFO: false
[2025-10-21 00:31:46] INFO: (
[2025-10-21 00:31:46] INFO: 1
[2025-10-21 00:31:46] INFO: /
[2025-10-21 00:31:46] INFO: 7
[2025-10-21 00:31:46] INFO: )
[2025-10-21 00:31:46] INFO: [Recognition] Scores: S12313 - ma=0.695 S13234 - Jin_Rae=0.764 
[2025-10-21 00:31:46] INFO: [Decision] Best=S13234 - Jin_Rae(0.764), 2nd=0.695, Discriminative=0.625, AvgNeg=0.695
[2025-10-21 00:31:46] INFO: [Thresholds] Abs=0.604, Margin=0.104(13.6%), RelMargin=9.0%, Tightness=0.960, StdDev=0.009
[2025-10-21 00:31:46] INFO: [Decision] REJECT: Abs=
[2025-10-21 00:31:46] INFO: true
[2025-10-21 00:31:46] INFO: , AbsMargin=
[2025-10-21 00:31:46] INFO: false
[2025-10-21 00:31:46] INFO: , RelMargin=
[2025-10-21 00:31:46] INFO: false
[2025-10-21 00:31:46] INFO: (
[2025-10-21 00:31:46] INFO: 9.0
[2025-10-21 00:31:46] INFO: %
[2025-10-21 00:31:46] INFO: ), StrongMargin=
[2025-10-21 00:31:46] INFO: false
[2025-10-21 00:31:46] INFO: (
[2025-10-21 00:31:46] INFO: 12.0
[2025-10-21 00:31:46] INFO: %
[2025-10-21 00:31:46] INFO: ), Discrim=
[2025-10-21 00:31:46] INFO: true
[2025-10-21 00:31:46] INFO: , Consist=
[2025-10-21 00:31:46] INFO: false
[2025-10-21 00:31:46] INFO: (
[2025-10-21 00:31:46] INFO: 1
[2025-10-21 00:31:46] INFO: /
[2025-10-21 00:31:46] INFO: 7
[2025-10-21 00:31:46] INFO: )
[2025-10-21 00:31:46] INFO: [Recognition] Scores: S12313 - ma=0.713 S13234 - Jin_Rae=0.747 
[2025-10-21 00:31:46] INFO: [Decision] Best=S13234 - Jin_Rae(0.747), 2nd=0.713, Discriminative=0.605, AvgNeg=0.713
[2025-10-21 00:31:46] INFO: [Thresholds] Abs=0.604, Margin=0.104(13.9%), RelMargin=4.6%, Tightness=0.960, StdDev=0.009
[2025-10-21 00:31:46] INFO: [Decision] REJECT: Abs=
[2025-10-21 00:31:46] INFO: true
[2025-10-21 00:31:46] INFO: , AbsMargin=
[2025-10-21 00:31:46] INFO: false
[2025-10-21 00:31:46] INFO: , RelMargin=
[2025-10-21 00:31:46] INFO: false
[2025-10-21 00:31:46] INFO: (
[2025-10-21 00:31:46] INFO: 4.6
[2025-10-21 00:31:46] INFO: %
[2025-10-21 00:31:46] INFO: ), StrongMargin=
[2025-10-21 00:31:46] INFO: false
[2025-10-21 00:31:46] INFO: (
[2025-10-21 00:31:46] INFO: 12.0
[2025-10-21 00:31:46] INFO: %
[2025-10-21 00:31:46] INFO: ), Discrim=
[2025-10-21 00:31:46] INFO: true
[2025-10-21 00:31:46] INFO: , Consist=
[2025-10-21 00:31:46] INFO: false
[2025-10-21 00:31:46] INFO: (
[2025-10-21 00:31:46] INFO: 0
[2025-10-21 00:31:46] INFO: /
[2025-10-21 00:31:46] INFO: 7
[2025-10-21 00:31:46] INFO: )
[2025-10-21 00:31:46] INFO: [Recognition] Scores: S12313 - ma=0.695 S13234 - Jin_Rae=0.732 
[2025-10-21 00:31:46] INFO: [Decision] Best=S13234 - Jin_Rae(0.732), 2nd=0.695, Discriminative=0.593, AvgNeg=0.695
[2025-10-21 00:31:46] INFO: [Thresholds] Abs=0.604, Margin=0.104(14.2%), RelMargin=5.0%, Tightness=0.960, StdDev=0.009
[2025-10-21 00:31:46] INFO: [Decision] REJECT: Abs=
[2025-10-21 00:31:46] INFO: true
[2025-10-21 00:31:46] INFO: , AbsMargin=
[2025-10-21 00:31:46] INFO: false
[2025-10-21 00:31:46] INFO: , RelMargin=
[2025-10-21 00:31:46] INFO: false
[2025-10-21 00:31:46] INFO: (
[2025-10-21 00:31:46] INFO: 5.0
[2025-10-21 00:31:46] INFO: %
[2025-10-21 00:31:46] INFO: ), StrongMargin=
[2025-10-21 00:31:46] INFO: false
[2025-10-21 00:31:46] INFO: (
[2025-10-21 00:31:46] INFO: 12.0
[2025-10-21 00:31:46] INFO: %
[2025-10-21 00:31:46] INFO: ), Discrim=
[2025-10-21 00:31:46] INFO: false
[2025-10-21 00:31:46] INFO: , Consist=
[2025-10-21 00:31:46] INFO: false
[2025-10-21 00:31:46] INFO: (
[2025-10-21 00:31:46] INFO: 0
[2025-10-21 00:31:46] INFO: /
[2025-10-21 00:31:46] INFO: 7
[2025-10-21 00:31:46] INFO: )
[2025-10-21 00:31:46] INFO: [Recognition] Scores: S12313 - ma=0.684 S13234 - Jin_Rae=0.725 
[2025-10-21 00:31:46] INFO: [Decision] Best=S13234 - Jin_Rae(0.725), 2nd=0.684, Discriminative=0.588, AvgNeg=0.684
[2025-10-21 00:31:46] INFO: [Thresholds] Abs=0.604, Margin=0.104(14.3%), RelMargin=5.7%, Tightness=0.960, StdDev=0.009
[2025-10-21 00:31:46] INFO: [Decision] REJECT: Abs=
[2025-10-21 00:31:46] INFO: true
[2025-10-21 00:31:46] INFO: , AbsMargin=
[2025-10-21 00:31:46] INFO: false
[2025-10-21 00:31:46] INFO: , RelMargin=
[2025-10-21 00:31:46] INFO: false
[2025-10-21 00:31:46] INFO: (
[2025-10-21 00:31:46] INFO: 5.7
[2025-10-21 00:31:46] INFO: %
[2025-10-21 00:31:46] INFO: ), StrongMargin=
[2025-10-21 00:31:46] INFO: false
[2025-10-21 00:31:46] INFO: (
[2025-10-21 00:31:46] INFO: 12.0
[2025-10-21 00:31:46] INFO: %
[2025-10-21 00:31:46] INFO: ), Discrim=
[2025-10-21 00:31:46] INFO: false
[2025-10-21 00:31:46] INFO: , Consist=
[2025-10-21 00:31:46] INFO: false
[2025-10-21 00:31:46] INFO: (
[2025-10-21 00:31:46] INFO: 0
[2025-10-21 00:31:46] INFO: /
[2025-10-21 00:31:46] INFO: 7
[2025-10-21 00:31:46] INFO: )
[2025-10-21 00:31:46] INFO: [Recognition] Scores: S12313 - ma=0.747 S13234 - Jin_Rae=0.802 
[2025-10-21 00:31:46] INFO: [Decision] Best=S13234 - Jin_Rae(0.802), 2nd=0.747, Discriminative=0.653, AvgNeg=0.747
[2025-10-21 00:31:46] INFO: [Thresholds] Abs=0.604, Margin=0.104(13.0%), RelMargin=6.9%, Tightness=0.960, StdDev=0.009
[2025-10-21 00:31:46] INFO: [Decision] REJECT: Abs=
[2025-10-21 00:31:46] INFO: true
[2025-10-21 00:31:46] INFO: , AbsMargin=
[2025-10-21 00:31:46] INFO: false
[2025-10-21 00:31:46] INFO: , RelMargin=
[2025-10-21 00:31:46] INFO: false
[2025-10-21 00:31:46] INFO: (
[2025-10-21 00:31:46] INFO: 6.9
[2025-10-21 00:31:46] INFO: %
[2025-10-21 00:31:46] INFO: ), StrongMargin=
[2025-10-21 00:31:46] INFO: false
[2025-10-21 00:31:46] INFO: (
[2025-10-21 00:31:46] INFO: 12.0
[2025-10-21 00:31:46] INFO: %
[2025-10-21 00:31:46] INFO: ), Discrim=
[2025-10-21 00:31:46] INFO: true
[2025-10-21 00:31:46] INFO: , Consist=
[2025-10-21 00:31:46] INFO: false
[2025-10-21 00:31:46] INFO: (
[2025-10-21 00:31:46] INFO: 0
[2025-10-21 00:31:46] INFO: /
[2025-10-21 00:31:46] INFO: 7
[2025-10-21 00:31:46] INFO: )
[2025-10-21 00:31:46] INFO: [Recognition] Scores: S12313 - ma=0.745 S13234 - Jin_Rae=0.786 
[2025-10-21 00:31:46] INFO: [Decision] Best=S13234 - Jin_Rae(0.786), 2nd=0.745, Discriminative=0.637, AvgNeg=0.745
[2025-10-21 00:31:46] INFO: [Thresholds] Abs=0.604, Margin=0.104(13.2%), RelMargin=5.1%, Tightness=0.960, StdDev=0.009
[2025-10-21 00:31:46] INFO: [Decision] REJECT: Abs=
[2025-10-21 00:31:46] INFO: true
[2025-10-21 00:31:46] INFO: , AbsMargin=
[2025-10-21 00:31:46] INFO: false
[2025-10-21 00:31:46] INFO: , RelMargin=
[2025-10-21 00:31:46] INFO: false
[2025-10-21 00:31:46] INFO: (
[2025-10-21 00:31:46] INFO: 5.1
[2025-10-21 00:31:46] INFO: %
[2025-10-21 00:31:46] INFO: ), StrongMargin=
[2025-10-21 00:31:46] INFO: false
[2025-10-21 00:31:46] INFO: (
[2025-10-21 00:31:46] INFO: 12.0
[2025-10-21 00:31:46] INFO: %
[2025-10-21 00:31:46] INFO: ), Discrim=
[2025-10-21 00:31:46] INFO: true
[2025-10-21 00:31:46] INFO: , Consist=
[2025-10-21 00:31:46] INFO: false
[2025-10-21 00:31:46] INFO: (
[2025-10-21 00:31:46] INFO: 0
[2025-10-21 00:31:46] INFO: /
[2025-10-21 00:31:46] INFO: 7
[2025-10-21 00:31:46] INFO: )
[2025-10-21 00:31:46] INFO: [Recognition] Scores: S12313 - ma=0.803 S13234 - Jin_Rae=0.829 
[2025-10-21 00:31:46] INFO: [Decision] Best=S13234 - Jin_Rae(0.829), 2nd=0.803, Discriminative=0.668, AvgNeg=0.803
[2025-10-21 00:31:46] INFO: [Thresholds] Abs=0.604, Margin=0.104(12.5%), RelMargin=3.1%, Tightness=0.960, StdDev=0.009
[2025-10-21 00:31:46] INFO: [Decision] REJECT: Abs=
[2025-10-21 00:31:46] INFO: true
[2025-10-21 00:31:46] INFO: , AbsMargin=
[2025-10-21 00:31:46] INFO: false
[2025-10-21 00:31:46] INFO: , RelMargin=
[2025-10-21 00:31:46] INFO: false
[2025-10-21 00:31:46] INFO: (
[2025-10-21 00:31:46] INFO: 3.1
[2025-10-21 00:31:46] INFO: %
[2025-10-21 00:31:46] INFO: ), StrongMargin=
[2025-10-21 00:31:46] INFO: false
[2025-10-21 00:31:46] INFO: (
[2025-10-21 00:31:46] INFO: 12.0
[2025-10-21 00:31:46] INFO: %
[2025-10-21 00:31:46] INFO: ), Discrim=
[2025-10-21 00:31:46] INFO: true
[2025-10-21 00:31:46] INFO: , Consist=
[2025-10-21 00:31:46] INFO: false
[2025-10-21 00:31:46] INFO: (
[2025-10-21 00:31:46] INFO: 0
[2025-10-21 00:31:46] INFO: /
[2025-10-21 00:31:46] INFO: 7
[2025-10-21 00:31:46] INFO: )
[2025-10-21 00:31:47] INFO: [Recognition] Scores: S12313 - ma=0.819 S13234 - Jin_Rae=0.812 
[2025-10-21 00:31:47] INFO: [Decision] Best=S12313 - ma(0.819), 2nd=0.812, Discriminative=0.656, AvgNeg=0.812
[2025-10-21 00:31:47] INFO: [Thresholds] Abs=0.607, Margin=0.107(13.0%), RelMargin=0.8%, Tightness=0.934, StdDev=0.015
[2025-10-21 00:31:47] INFO: [Decision] REJECT: Abs=
[2025-10-21 00:31:47] INFO: true
[2025-10-21 00:31:47] INFO: , AbsMargin=
[2025-10-21 00:31:47] INFO: false
[2025-10-21 00:31:47] INFO: , RelMargin=
[2025-10-21 00:31:47] INFO: false
[2025-10-21 00:31:47] INFO: (
[2025-10-21 00:31:47] INFO: 0.8
[2025-10-21 00:31:47] INFO: %
[2025-10-21 00:31:47] INFO: ), StrongMargin=
[2025-10-21 00:31:47] INFO: false
[2025-10-21 00:31:47] INFO: (
[2025-10-21 00:31:47] INFO: 12.0
[2025-10-21 00:31:47] INFO: %
[2025-10-21 00:31:47] INFO: ), Discrim=
[2025-10-21 00:31:47] INFO: true
[2025-10-21 00:31:47] INFO: , Consist=
[2025-10-21 00:31:47] INFO: false
[2025-10-21 00:31:47] INFO: (
[2025-10-21 00:31:47] INFO: 0
[2025-10-21 00:31:47] INFO: /
[2025-10-21 00:31:47] INFO: 7
[2025-10-21 00:31:47] INFO: )
[2025-10-21 00:31:47] INFO: [Recognition] Scores: S12313 - ma=0.807 S13234 - Jin_Rae=0.877 
[2025-10-21 00:31:47] INFO: [Decision] Best=S13234 - Jin_Rae(0.877), 2nd=0.807, Discriminative=0.715, AvgNeg=0.807
[2025-10-21 00:31:47] INFO: [Thresholds] Abs=0.604, Margin=0.104(11.9%), RelMargin=8.0%, Tightness=0.960, StdDev=0.009
[2025-10-21 00:31:47] INFO: [Decision] REJECT: Abs=
[2025-10-21 00:31:47] INFO: true
[2025-10-21 00:31:47] INFO: , AbsMargin=
[2025-10-21 00:31:47] INFO: false
[2025-10-21 00:31:47] INFO: , RelMargin=
[2025-10-21 00:31:47] INFO: false
[2025-10-21 00:31:47] INFO: (
[2025-10-21 00:31:47] INFO: 8.0
[2025-10-21 00:31:47] INFO: %
[2025-10-21 00:31:47] INFO: ), StrongMargin=
[2025-10-21 00:31:47] INFO: false
[2025-10-21 00:31:47] INFO: (
[2025-10-21 00:31:47] INFO: 12.0
[2025-10-21 00:31:47] INFO: %
[2025-10-21 00:31:47] INFO: ), Discrim=
[2025-10-21 00:31:47] INFO: true
[2025-10-21 00:31:47] INFO: , Consist=
[2025-10-21 00:31:47] INFO: false
[2025-10-21 00:31:47] INFO: (
[2025-10-21 00:31:47] INFO: 0
[2025-10-21 00:31:47] INFO: /
[2025-10-21 00:31:47] INFO: 7
[2025-10-21 00:31:47] INFO: )
[2025-10-21 00:31:47] INFO: [Recognition] Scores: S12313 - ma=0.800 S13234 - Jin_Rae=0.845 
[2025-10-21 00:31:47] INFO: [Decision] Best=S13234 - Jin_Rae(0.845), 2nd=0.800, Discriminative=0.685, AvgNeg=0.800
[2025-10-21 00:31:47] INFO: [Thresholds] Abs=0.604, Margin=0.104(12.3%), RelMargin=5.3%, Tightness=0.960, StdDev=0.009
[2025-10-21 00:31:47] INFO: [Decision] REJECT: Abs=
[2025-10-21 00:31:47] INFO: true
[2025-10-21 00:31:47] INFO: , AbsMargin=
[2025-10-21 00:31:47] INFO: false
[2025-10-21 00:31:47] INFO: , RelMargin=
[2025-10-21 00:31:47] INFO: false
[2025-10-21 00:31:47] INFO: (
[2025-10-21 00:31:47] INFO: 5.3
[2025-10-21 00:31:47] INFO: %
[2025-10-21 00:31:47] INFO: ), StrongMargin=
[2025-10-21 00:31:47] INFO: false
[2025-10-21 00:31:47] INFO: (
[2025-10-21 00:31:47] INFO: 12.0
[2025-10-21 00:31:47] INFO: %
[2025-10-21 00:31:47] INFO: ), Discrim=
[2025-10-21 00:31:47] INFO: true
[2025-10-21 00:31:47] INFO: , Consist=
[2025-10-21 00:31:47] INFO: false
[2025-10-21 00:31:47] INFO: (
[2025-10-21 00:31:47] INFO: 0
[2025-10-21 00:31:47] INFO: /
[2025-10-21 00:31:47] INFO: 7
[2025-10-21 00:31:47] INFO: )
[2025-10-21 00:31:47] INFO: [Recognition] Scores: S12313 - ma=0.791 S13234 - Jin_Rae=0.848 
[2025-10-21 00:31:47] INFO: [Decision] Best=S13234 - Jin_Rae(0.848), 2nd=0.791, Discriminative=0.690, AvgNeg=0.791
[2025-10-21 00:31:47] INFO: [Thresholds] Abs=0.604, Margin=0.104(12.3%), RelMargin=6.8%, Tightness=0.960, StdDev=0.009
[2025-10-21 00:31:47] INFO: [Decision] REJECT: Abs=
[2025-10-21 00:31:47] INFO: true
[2025-10-21 00:31:47] INFO: , AbsMargin=
[2025-10-21 00:31:47] INFO: false
[2025-10-21 00:31:47] INFO: , RelMargin=
[2025-10-21 00:31:47] INFO: false
[2025-10-21 00:31:47] INFO: (
[2025-10-21 00:31:47] INFO: 6.8
[2025-10-21 00:31:47] INFO: %
[2025-10-21 00:31:47] INFO: ), StrongMargin=
[2025-10-21 00:31:47] INFO: false
[2025-10-21 00:31:47] INFO: (
[2025-10-21 00:31:47] INFO: 12.0
[2025-10-21 00:31:47] INFO: %
[2025-10-21 00:31:47] INFO: ), Discrim=
[2025-10-21 00:31:47] INFO: true
[2025-10-21 00:31:47] INFO: , Consist=
[2025-10-21 00:31:47] INFO: false
[2025-10-21 00:31:47] INFO: (
[2025-10-21 00:31:47] INFO: 0
[2025-10-21 00:31:47] INFO: /
[2025-10-21 00:31:47] INFO: 7
[2025-10-21 00:31:47] INFO: )
[2025-10-21 00:31:47] INFO: [Recognition] Scores: S12313 - ma=0.778 S13234 - Jin_Rae=0.841 
[2025-10-21 00:31:47] INFO: [Decision] Best=S13234 - Jin_Rae(0.841), 2nd=0.778, Discriminative=0.685, AvgNeg=0.778
[2025-10-21 00:31:47] INFO: [Thresholds] Abs=0.604, Margin=0.104(12.4%), RelMargin=7.5%, Tightness=0.960, StdDev=0.009
[2025-10-21 00:31:47] INFO: [Decision] REJECT: Abs=
[2025-10-21 00:31:47] INFO: true
[2025-10-21 00:31:47] INFO: , AbsMargin=
[2025-10-21 00:31:47] INFO: false
[2025-10-21 00:31:47] INFO: , RelMargin=
[2025-10-21 00:31:47] INFO: false
[2025-10-21 00:31:47] INFO: (
[2025-10-21 00:31:47] INFO: 7.5
[2025-10-21 00:31:47] INFO: %
[2025-10-21 00:31:47] INFO: ), StrongMargin=
[2025-10-21 00:31:47] INFO: false
[2025-10-21 00:31:47] INFO: (
[2025-10-21 00:31:47] INFO: 12.0
[2025-10-21 00:31:47] INFO: %
[2025-10-21 00:31:47] INFO: ), Discrim=
[2025-10-21 00:31:47] INFO: true
[2025-10-21 00:31:47] INFO: , Consist=
[2025-10-21 00:31:47] INFO: false
[2025-10-21 00:31:47] INFO: (
[2025-10-21 00:31:47] INFO: 0
[2025-10-21 00:31:47] INFO: /
[2025-10-21 00:31:47] INFO: 7
[2025-10-21 00:31:47] INFO: )
[2025-10-21 00:31:47] INFO: [Recognition] Scores: S12313 - ma=0.768 S13234 - Jin_Rae=0.827 
[2025-10-21 00:31:47] INFO: [Decision] Best=S13234 - Jin_Rae(0.827), 2nd=0.768, Discriminative=0.673, AvgNeg=0.768
[2025-10-21 00:31:47] INFO: [Thresholds] Abs=0.604, Margin=0.104(12.6%), RelMargin=7.2%, Tightness=0.960, StdDev=0.009
[2025-10-21 00:31:47] INFO: [Decision] REJECT: Abs=
[2025-10-21 00:31:47] INFO: true
[2025-10-21 00:31:47] INFO: , AbsMargin=
[2025-10-21 00:31:47] INFO: false
[2025-10-21 00:31:47] INFO: , RelMargin=
[2025-10-21 00:31:47] INFO: false
[2025-10-21 00:31:47] INFO: (
[2025-10-21 00:31:47] INFO: 7.2
[2025-10-21 00:31:47] INFO: %
[2025-10-21 00:31:47] INFO: ), StrongMargin=
[2025-10-21 00:31:47] INFO: false
[2025-10-21 00:31:47] INFO: (
[2025-10-21 00:31:47] INFO: 12.0
[2025-10-21 00:31:47] INFO: %
[2025-10-21 00:31:47] INFO: ), Discrim=
[2025-10-21 00:31:47] INFO: true
[2025-10-21 00:31:47] INFO: , Consist=
[2025-10-21 00:31:47] INFO: false
[2025-10-21 00:31:47] INFO: (
[2025-10-21 00:31:47] INFO: 0
[2025-10-21 00:31:47] INFO: /
[2025-10-21 00:31:47] INFO: 7
[2025-10-21 00:31:47] INFO: )
[2025-10-21 00:31:47] INFO: [Recognition] Scores: S12313 - ma=0.755 S13234 - Jin_Rae=0.806 
[2025-10-21 00:31:47] INFO: [Decision] Best=S13234 - Jin_Rae(0.806), 2nd=0.755, Discriminative=0.655, AvgNeg=0.755
[2025-10-21 00:31:47] INFO: [Thresholds] Abs=0.604, Margin=0.104(12.9%), RelMargin=6.3%, Tightness=0.960, StdDev=0.009
[2025-10-21 00:31:47] INFO: [Decision] REJECT: Abs=
[2025-10-21 00:31:47] INFO: true
[2025-10-21 00:31:47] INFO: , AbsMargin=
[2025-10-21 00:31:47] INFO: false
[2025-10-21 00:31:47] INFO: , RelMargin=
[2025-10-21 00:31:47] INFO: false
[2025-10-21 00:31:47] INFO: (
[2025-10-21 00:31:47] INFO: 6.3
[2025-10-21 00:31:47] INFO: %
[2025-10-21 00:31:47] INFO: ), StrongMargin=
[2025-10-21 00:31:47] INFO: false
[2025-10-21 00:31:47] INFO: (
[2025-10-21 00:31:47] INFO: 12.0
[2025-10-21 00:31:47] INFO: %
[2025-10-21 00:31:47] INFO: ), Discrim=
[2025-10-21 00:31:47] INFO: true
[2025-10-21 00:31:47] INFO: , Consist=
[2025-10-21 00:31:47] INFO: false
[2025-10-21 00:31:47] INFO: (
[2025-10-21 00:31:47] INFO: 0
[2025-10-21 00:31:47] INFO: /
[2025-10-21 00:31:47] INFO: 7
[2025-10-21 00:31:47] INFO: )
[2025-10-21 00:31:48] INFO: [Recognition] Scores: S12313 - ma=0.754 S13234 - Jin_Rae=0.801 
[2025-10-21 00:31:48] INFO: [Decision] Best=S13234 - Jin_Rae(0.801), 2nd=0.754, Discriminative=0.650, AvgNeg=0.754
[2025-10-21 00:31:48] INFO: [Thresholds] Abs=0.604, Margin=0.104(13.0%), RelMargin=5.8%, Tightness=0.960, StdDev=0.009
[2025-10-21 00:31:48] INFO: [Decision] REJECT: Abs=
[2025-10-21 00:31:48] INFO: true
[2025-10-21 00:31:48] INFO: , AbsMargin=
[2025-10-21 00:31:48] INFO: false
[2025-10-21 00:31:48] INFO: , RelMargin=
[2025-10-21 00:31:48] INFO: false
[2025-10-21 00:31:48] INFO: (
[2025-10-21 00:31:48] INFO: 5.8
[2025-10-21 00:31:48] INFO: %
[2025-10-21 00:31:48] INFO: ), StrongMargin=
[2025-10-21 00:31:48] INFO: false
[2025-10-21 00:31:48] INFO: (
[2025-10-21 00:31:48] INFO: 12.0
[2025-10-21 00:31:48] INFO: %
[2025-10-21 00:31:48] INFO: ), Discrim=
[2025-10-21 00:31:48] INFO: true
[2025-10-21 00:31:48] INFO: , Consist=
[2025-10-21 00:31:48] INFO: false
[2025-10-21 00:31:48] INFO: (
[2025-10-21 00:31:48] INFO: 0
[2025-10-21 00:31:48] INFO: /
[2025-10-21 00:31:48] INFO: 7
[2025-10-21 00:31:48] INFO: )
[2025-10-21 00:31:48] INFO: [Recognition] Scores: S12313 - ma=0.758 S13234 - Jin_Rae=0.800 
[2025-10-21 00:31:48] INFO: [Decision] Best=S13234 - Jin_Rae(0.800), 2nd=0.758, Discriminative=0.649, AvgNeg=0.758
[2025-10-21 00:31:48] INFO: [Thresholds] Abs=0.604, Margin=0.104(13.0%), RelMargin=5.3%, Tightness=0.960, StdDev=0.009
[2025-10-21 00:31:48] INFO: [Decision] REJECT: Abs=
[2025-10-21 00:31:48] INFO: true
[2025-10-21 00:31:48] INFO: , AbsMargin=
[2025-10-21 00:31:48] INFO: false
[2025-10-21 00:31:48] INFO: , RelMargin=
[2025-10-21 00:31:48] INFO: false
[2025-10-21 00:31:48] INFO: (
[2025-10-21 00:31:48] INFO: 5.3
[2025-10-21 00:31:48] INFO: %
[2025-10-21 00:31:48] INFO: ), StrongMargin=
[2025-10-21 00:31:48] INFO: false
[2025-10-21 00:31:48] INFO: (
[2025-10-21 00:31:48] INFO: 12.0
[2025-10-21 00:31:48] INFO: %
[2025-10-21 00:31:48] INFO: ), Discrim=
[2025-10-21 00:31:48] INFO: true
[2025-10-21 00:31:48] INFO: , Consist=
[2025-10-21 00:31:48] INFO: false
[2025-10-21 00:31:48] INFO: (
[2025-10-21 00:31:48] INFO: 0
[2025-10-21 00:31:48] INFO: /
[2025-10-21 00:31:48] INFO: 7
[2025-10-21 00:31:48] INFO: )
[2025-10-21 00:31:48] INFO: [Recognition] Scores: S12313 - ma=0.753 S13234 - Jin_Rae=0.787 
[2025-10-21 00:31:48] INFO: [Decision] Best=S13234 - Jin_Rae(0.787), 2nd=0.753, Discriminative=0.636, AvgNeg=0.753
[2025-10-21 00:31:48] INFO: [Thresholds] Abs=0.604, Margin=0.104(13.2%), RelMargin=4.3%, Tightness=0.960, StdDev=0.009
[2025-10-21 00:31:48] INFO: [Decision] REJECT: Abs=
[2025-10-21 00:31:48] INFO: true
[2025-10-21 00:31:48] INFO: , AbsMargin=
[2025-10-21 00:31:48] INFO: false
[2025-10-21 00:31:48] INFO: , RelMargin=
[2025-10-21 00:31:48] INFO: false
[2025-10-21 00:31:48] INFO: (
[2025-10-21 00:31:48] INFO: 4.3
[2025-10-21 00:31:48] INFO: %
[2025-10-21 00:31:48] INFO: ), StrongMargin=
[2025-10-21 00:31:48] INFO: false
[2025-10-21 00:31:48] INFO: (
[2025-10-21 00:31:48] INFO: 12.0
[2025-10-21 00:31:48] INFO: %
[2025-10-21 00:31:48] INFO: ), Discrim=
[2025-10-21 00:31:48] INFO: true
[2025-10-21 00:31:48] INFO: , Consist=
[2025-10-21 00:31:48] INFO: false
[2025-10-21 00:31:48] INFO: (
[2025-10-21 00:31:48] INFO: 0
[2025-10-21 00:31:48] INFO: /
[2025-10-21 00:31:48] INFO: 7
[2025-10-21 00:31:48] INFO: )
[2025-10-21 00:31:48] INFO: [Recognition] Scores: S12313 - ma=0.756 S13234 - Jin_Rae=0.778 
[2025-10-21 00:31:48] INFO: [Decision] Best=S13234 - Jin_Rae(0.778), 2nd=0.756, Discriminative=0.626, AvgNeg=0.756
[2025-10-21 00:31:48] INFO: [Thresholds] Abs=0.604, Margin=0.104(13.4%), RelMargin=2.8%, Tightness=0.960, StdDev=0.009
[2025-10-21 00:31:48] INFO: [Decision] REJECT: Abs=
[2025-10-21 00:31:48] INFO: true
[2025-10-21 00:31:48] INFO: , AbsMargin=
[2025-10-21 00:31:48] INFO: false
[2025-10-21 00:31:48] INFO: , RelMargin=
[2025-10-21 00:31:48] INFO: false
[2025-10-21 00:31:48] INFO: (
[2025-10-21 00:31:48] INFO: 2.8
[2025-10-21 00:31:48] INFO: %
[2025-10-21 00:31:48] INFO: ), StrongMargin=
[2025-10-21 00:31:48] INFO: false
[2025-10-21 00:31:48] INFO: (
[2025-10-21 00:31:48] INFO: 12.0
[2025-10-21 00:31:48] INFO: %
[2025-10-21 00:31:48] INFO: ), Discrim=
[2025-10-21 00:31:48] INFO: true
[2025-10-21 00:31:48] INFO: , Consist=
[2025-10-21 00:31:48] INFO: false
[2025-10-21 00:31:48] INFO: (
[2025-10-21 00:31:48] INFO: 0
[2025-10-21 00:31:48] INFO: /
[2025-10-21 00:31:48] INFO: 7
[2025-10-21 00:31:48] INFO: )
[2025-10-21 00:31:48] INFO: [Recognition] Scores: S12313 - ma=0.769 S13234 - Jin_Rae=0.806 
[2025-10-21 00:31:48] INFO: [Decision] Best=S13234 - Jin_Rae(0.806), 2nd=0.769, Discriminative=0.652, AvgNeg=0.769
[2025-10-21 00:31:48] INFO: [Thresholds] Abs=0.604, Margin=0.104(12.9%), RelMargin=4.6%, Tightness=0.960, StdDev=0.009
[2025-10-21 00:31:48] INFO: [Decision] REJECT: Abs=
[2025-10-21 00:31:48] INFO: true
[2025-10-21 00:31:48] INFO: , AbsMargin=
[2025-10-21 00:31:48] INFO: false
[2025-10-21 00:31:48] INFO: , RelMargin=
[2025-10-21 00:31:48] INFO: false
[2025-10-21 00:31:48] INFO: (
[2025-10-21 00:31:48] INFO: 4.6
[2025-10-21 00:31:48] INFO: %
[2025-10-21 00:31:48] INFO: ), StrongMargin=
[2025-10-21 00:31:48] INFO: false
[2025-10-21 00:31:48] INFO: (
[2025-10-21 00:31:48] INFO: 12.0
[2025-10-21 00:31:48] INFO: %
[2025-10-21 00:31:48] INFO: ), Discrim=
[2025-10-21 00:31:48] INFO: true
[2025-10-21 00:31:48] INFO: , Consist=
[2025-10-21 00:31:48] INFO: false
[2025-10-21 00:31:48] INFO: (
[2025-10-21 00:31:48] INFO: 0
[2025-10-21 00:31:48] INFO: /
[2025-10-21 00:31:48] INFO: 7
[2025-10-21 00:31:48] INFO: )
[2025-10-21 00:31:48] INFO: [Recognition] Scores: S12313 - ma=0.765 S13234 - Jin_Rae=0.827 
[2025-10-21 00:31:48] INFO: [Decision] Best=S13234 - Jin_Rae(0.827), 2nd=0.765, Discriminative=0.674, AvgNeg=0.765
[2025-10-21 00:31:48] INFO: [Thresholds] Abs=0.604, Margin=0.104(12.6%), RelMargin=7.5%, Tightness=0.960, StdDev=0.009
[2025-10-21 00:31:48] INFO: [Decision] REJECT: Abs=
[2025-10-21 00:31:48] INFO: true
[2025-10-21 00:31:48] INFO: , AbsMargin=
[2025-10-21 00:31:48] INFO: false
[2025-10-21 00:31:48] INFO: , RelMargin=
[2025-10-21 00:31:48] INFO: false
[2025-10-21 00:31:48] INFO: (
[2025-10-21 00:31:48] INFO: 7.5
[2025-10-21 00:31:48] INFO: %
[2025-10-21 00:31:48] INFO: ), StrongMargin=
[2025-10-21 00:31:48] INFO: false
[2025-10-21 00:31:48] INFO: (
[2025-10-21 00:31:48] INFO: 12.0
[2025-10-21 00:31:48] INFO: %
[2025-10-21 00:31:48] INFO: ), Discrim=
[2025-10-21 00:31:48] INFO: true
[2025-10-21 00:31:48] INFO: , Consist=
[2025-10-21 00:31:48] INFO: false
[2025-10-21 00:31:48] INFO: (
[2025-10-21 00:31:48] INFO: 0
[2025-10-21 00:31:48] INFO: /
[2025-10-21 00:31:48] INFO: 7
[2025-10-21 00:31:48] INFO: )
[2025-10-21 00:31:48] INFO: [Recognition] Scores: S12313 - ma=0.774 S13234 - Jin_Rae=0.793 
[2025-10-21 00:31:48] INFO: [Decision] Best=S13234 - Jin_Rae(0.793), 2nd=0.774, Discriminative=0.638, AvgNeg=0.774
[2025-10-21 00:31:48] INFO: [Thresholds] Abs=0.604, Margin=0.104(13.1%), RelMargin=2.4%, Tightness=0.960, StdDev=0.009
[2025-10-21 00:31:48] INFO: [Decision] REJECT: Abs=
[2025-10-21 00:31:48] INFO: true
[2025-10-21 00:31:48] INFO: , AbsMargin=
[2025-10-21 00:31:48] INFO: false
[2025-10-21 00:31:48] INFO: , RelMargin=
[2025-10-21 00:31:48] INFO: false
[2025-10-21 00:31:48] INFO: (
[2025-10-21 00:31:48] INFO: 2.4
[2025-10-21 00:31:48] INFO: %
[2025-10-21 00:31:48] INFO: ), StrongMargin=
[2025-10-21 00:31:48] INFO: false
[2025-10-21 00:31:48] INFO: (
[2025-10-21 00:31:48] INFO: 12.0
[2025-10-21 00:31:48] INFO: %
[2025-10-21 00:31:48] INFO: ), Discrim=
[2025-10-21 00:31:48] INFO: true
[2025-10-21 00:31:48] INFO: , Consist=
[2025-10-21 00:31:48] INFO: false
[2025-10-21 00:31:48] INFO: (
[2025-10-21 00:31:48] INFO: 0
[2025-10-21 00:31:48] INFO: /
[2025-10-21 00:31:48] INFO: 7
[2025-10-21 00:31:48] INFO: )
[2025-10-21 00:31:48] INFO: [Recognition] Scores: S12313 - ma=0.770 S13234 - Jin_Rae=0.824 
[2025-10-21 00:31:48] INFO: [Decision] Best=S13234 - Jin_Rae(0.824), 2nd=0.770, Discriminative=0.669, AvgNeg=0.770
[2025-10-21 00:31:48] INFO: [Thresholds] Abs=0.604, Margin=0.104(12.6%), RelMargin=6.5%, Tightness=0.960, StdDev=0.009
[2025-10-21 00:31:48] INFO: [Decision] REJECT: Abs=
[2025-10-21 00:31:48] INFO: true
[2025-10-21 00:31:48] INFO: , AbsMargin=
[2025-10-21 00:31:48] INFO: false
[2025-10-21 00:31:48] INFO: , RelMargin=
[2025-10-21 00:31:48] INFO: false
[2025-10-21 00:31:48] INFO: (
[2025-10-21 00:31:48] INFO: 6.5
[2025-10-21 00:31:48] INFO: %
[2025-10-21 00:31:48] INFO: ), StrongMargin=
[2025-10-21 00:31:48] INFO: false
[2025-10-21 00:31:48] INFO: (
[2025-10-21 00:31:48] INFO: 12.0
[2025-10-21 00:31:48] INFO: %
[2025-10-21 00:31:48] INFO: ), Discrim=
[2025-10-21 00:31:48] INFO: true
[2025-10-21 00:31:48] INFO: , Consist=
[2025-10-21 00:31:48] INFO: false
[2025-10-21 00:31:48] INFO: (
[2025-10-21 00:31:48] INFO: 0
[2025-10-21 00:31:48] INFO: /
[2025-10-21 00:31:48] INFO: 7
[2025-10-21 00:31:48] INFO: )
[2025-10-21 00:31:49] INFO: [Recognition] Scores: S12313 - ma=0.767 S13234 - Jin_Rae=0.811 
[2025-10-21 00:31:49] INFO: [Decision] Best=S13234 - Jin_Rae(0.811), 2nd=0.767, Discriminative=0.658, AvgNeg=0.767
[2025-10-21 00:31:49] INFO: [Thresholds] Abs=0.604, Margin=0.104(12.8%), RelMargin=5.4%, Tightness=0.960, StdDev=0.009
[2025-10-21 00:31:49] INFO: [Decision] REJECT: Abs=
[2025-10-21 00:31:49] INFO: true
[2025-10-21 00:31:49] INFO: , AbsMargin=
[2025-10-21 00:31:49] INFO: false
[2025-10-21 00:31:49] INFO: , RelMargin=
[2025-10-21 00:31:49] INFO: false
[2025-10-21 00:31:49] INFO: (
[2025-10-21 00:31:49] INFO: 5.4
[2025-10-21 00:31:49] INFO: %
[2025-10-21 00:31:49] INFO: ), StrongMargin=
[2025-10-21 00:31:49] INFO: false
[2025-10-21 00:31:49] INFO: (
[2025-10-21 00:31:49] INFO: 12.0
[2025-10-21 00:31:49] INFO: %
[2025-10-21 00:31:49] INFO: ), Discrim=
[2025-10-21 00:31:49] INFO: true
[2025-10-21 00:31:49] INFO: , Consist=
[2025-10-21 00:31:49] INFO: false
[2025-10-21 00:31:49] INFO: (
[2025-10-21 00:31:49] INFO: 0
[2025-10-21 00:31:49] INFO: /
[2025-10-21 00:31:49] INFO: 7
[2025-10-21 00:31:49] INFO: )
[2025-10-21 00:31:49] INFO: [Recognition] Scores: S12313 - ma=0.762 S13234 - Jin_Rae=0.805 
[2025-10-21 00:31:49] INFO: [Decision] Best=S13234 - Jin_Rae(0.805), 2nd=0.762, Discriminative=0.652, AvgNeg=0.762
[2025-10-21 00:31:49] INFO: [Thresholds] Abs=0.604, Margin=0.104(12.9%), RelMargin=5.3%, Tightness=0.960, StdDev=0.009
[2025-10-21 00:31:49] INFO: [Decision] REJECT: Abs=
[2025-10-21 00:31:49] INFO: true
[2025-10-21 00:31:49] INFO: , AbsMargin=
[2025-10-21 00:31:49] INFO: false
[2025-10-21 00:31:49] INFO: , RelMargin=
[2025-10-21 00:31:49] INFO: false
[2025-10-21 00:31:49] INFO: (
[2025-10-21 00:31:49] INFO: 5.3
[2025-10-21 00:31:49] INFO: %
[2025-10-21 00:31:49] INFO: ), StrongMargin=
[2025-10-21 00:31:49] INFO: false
[2025-10-21 00:31:49] INFO: (
[2025-10-21 00:31:49] INFO: 12.0
[2025-10-21 00:31:49] INFO: %
[2025-10-21 00:31:49] INFO: ), Discrim=
[2025-10-21 00:31:49] INFO: true
[2025-10-21 00:31:49] INFO: , Consist=
[2025-10-21 00:31:49] INFO: false
[2025-10-21 00:31:49] INFO: (
[2025-10-21 00:31:49] INFO: 0
[2025-10-21 00:31:49] INFO: /
[2025-10-21 00:31:49] INFO: 7
[2025-10-21 00:31:49] INFO: )
[2025-10-21 00:31:49] INFO: [Recognition] Scores: S12313 - ma=0.773 S13234 - Jin_Rae=0.819 
[2025-10-21 00:31:49] INFO: [Decision] Best=S13234 - Jin_Rae(0.819), 2nd=0.773, Discriminative=0.664, AvgNeg=0.773
[2025-10-21 00:31:49] INFO: [Thresholds] Abs=0.604, Margin=0.104(12.7%), RelMargin=5.5%, Tightness=0.960, StdDev=0.009
[2025-10-21 00:31:49] INFO: [Decision] REJECT: Abs=
[2025-10-21 00:31:49] INFO: true
[2025-10-21 00:31:49] INFO: , AbsMargin=
[2025-10-21 00:31:49] INFO: false
[2025-10-21 00:31:49] INFO: , RelMargin=
[2025-10-21 00:31:49] INFO: false
[2025-10-21 00:31:49] INFO: (
[2025-10-21 00:31:49] INFO: 5.5
[2025-10-21 00:31:49] INFO: %
[2025-10-21 00:31:49] INFO: ), StrongMargin=
[2025-10-21 00:31:49] INFO: false
[2025-10-21 00:31:49] INFO: (
[2025-10-21 00:31:49] INFO: 12.0
[2025-10-21 00:31:49] INFO: %
[2025-10-21 00:31:49] INFO: ), Discrim=
[2025-10-21 00:31:49] INFO: true
[2025-10-21 00:31:49] INFO: , Consist=
[2025-10-21 00:31:49] INFO: false
[2025-10-21 00:31:49] INFO: (
[2025-10-21 00:31:49] INFO: 0
[2025-10-21 00:31:49] INFO: /
[2025-10-21 00:31:49] INFO: 7
[2025-10-21 00:31:49] INFO: )
[2025-10-21 00:31:49] INFO: [Recognition] Scores: S12313 - ma=0.748 S13234 - Jin_Rae=0.798 
[2025-10-21 00:31:49] INFO: [Decision] Best=S13234 - Jin_Rae(0.798), 2nd=0.748, Discriminative=0.648, AvgNeg=0.748
[2025-10-21 00:31:49] INFO: [Thresholds] Abs=0.604, Margin=0.104(13.0%), RelMargin=6.2%, Tightness=0.960, StdDev=0.009
[2025-10-21 00:31:49] INFO: [Decision] REJECT: Abs=
[2025-10-21 00:31:49] INFO: true
[2025-10-21 00:31:49] INFO: , AbsMargin=
[2025-10-21 00:31:49] INFO: false
[2025-10-21 00:31:49] INFO: , RelMargin=
[2025-10-21 00:31:49] INFO: false
[2025-10-21 00:31:49] INFO: (
[2025-10-21 00:31:49] INFO: 6.2
[2025-10-21 00:31:49] INFO: %
[2025-10-21 00:31:49] INFO: ), StrongMargin=
[2025-10-21 00:31:49] INFO: false
[2025-10-21 00:31:49] INFO: (
[2025-10-21 00:31:49] INFO: 12.0
[2025-10-21 00:31:49] INFO: %
[2025-10-21 00:31:49] INFO: ), Discrim=
[2025-10-21 00:31:49] INFO: true
[2025-10-21 00:31:49] INFO: , Consist=
[2025-10-21 00:31:49] INFO: false
[2025-10-21 00:31:49] INFO: (
[2025-10-21 00:31:49] INFO: 0
[2025-10-21 00:31:49] INFO: /
[2025-10-21 00:31:49] INFO: 7
[2025-10-21 00:31:49] INFO: )
[2025-10-21 00:31:49] INFO: [Recognition] Scores: S12313 - ma=0.793 S13234 - Jin_Rae=0.882 
[2025-10-21 00:31:49] INFO: [Decision] Best=S13234 - Jin_Rae(0.882), 2nd=0.793, Discriminative=0.724, AvgNeg=0.793
[2025-10-21 00:31:49] INFO: [Thresholds] Abs=0.604, Margin=0.104(11.8%), RelMargin=10.1%, Tightness=0.960, StdDev=0.009
[2025-10-21 00:31:49] INFO: [Decision] REJECT: Abs=
[2025-10-21 00:31:49] INFO: true
[2025-10-21 00:31:49] INFO: , AbsMargin=
[2025-10-21 00:31:49] INFO: false
[2025-10-21 00:31:49] INFO: , RelMargin=
[2025-10-21 00:31:49] INFO: false
[2025-10-21 00:31:49] INFO: (
[2025-10-21 00:31:49] INFO: 10.1
[2025-10-21 00:31:49] INFO: %
[2025-10-21 00:31:49] INFO: ), StrongMargin=
[2025-10-21 00:31:49] INFO: false
[2025-10-21 00:31:49] INFO: (
[2025-10-21 00:31:49] INFO: 12.0
[2025-10-21 00:31:49] INFO: %
[2025-10-21 00:31:49] INFO: ), Discrim=
[2025-10-21 00:31:49] INFO: true
[2025-10-21 00:31:49] INFO: , Consist=
[2025-10-21 00:31:49] INFO: false
[2025-10-21 00:31:49] INFO: (
[2025-10-21 00:31:49] INFO: 0
[2025-10-21 00:31:49] INFO: /
[2025-10-21 00:31:49] INFO: 7
[2025-10-21 00:31:49] INFO: )
[2025-10-21 00:31:49] INFO: [Recognition] Scores: S12313 - ma=0.791 S13234 - Jin_Rae=0.846 
[2025-10-21 00:31:49] INFO: [Decision] Best=S13234 - Jin_Rae(0.846), 2nd=0.791, Discriminative=0.688, AvgNeg=0.791
[2025-10-21 00:31:49] INFO: [Thresholds] Abs=0.604, Margin=0.104(12.3%), RelMargin=6.5%, Tightness=0.960, StdDev=0.009
[2025-10-21 00:31:49] INFO: [Decision] REJECT: Abs=
[2025-10-21 00:31:49] INFO: true
[2025-10-21 00:31:49] INFO: , AbsMargin=
[2025-10-21 00:31:49] INFO: false
[2025-10-21 00:31:49] INFO: , RelMargin=
[2025-10-21 00:31:49] INFO: false
[2025-10-21 00:31:49] INFO: (
[2025-10-21 00:31:49] INFO: 6.5
[2025-10-21 00:31:49] INFO: %
[2025-10-21 00:31:49] INFO: ), StrongMargin=
[2025-10-21 00:31:49] INFO: false
[2025-10-21 00:31:49] INFO: (
[2025-10-21 00:31:49] INFO: 12.0
[2025-10-21 00:31:49] INFO: %
[2025-10-21 00:31:49] INFO: ), Discrim=
[2025-10-21 00:31:49] INFO: true
[2025-10-21 00:31:49] INFO: , Consist=
[2025-10-21 00:31:49] INFO: false
[2025-10-21 00:31:49] INFO: (
[2025-10-21 00:31:49] INFO: 0
[2025-10-21 00:31:49] INFO: /
[2025-10-21 00:31:49] INFO: 7
[2025-10-21 00:31:49] INFO: )
[2025-10-21 00:31:49] INFO: [Recognition] Scores: S12313 - ma=0.786 S13234 - Jin_Rae=0.862 
[2025-10-21 00:31:49] INFO: [Decision] Best=S13234 - Jin_Rae(0.862), 2nd=0.786, Discriminative=0.705, AvgNeg=0.786
[2025-10-21 00:31:49] INFO: [Thresholds] Abs=0.604, Margin=0.104(12.1%), RelMargin=8.8%, Tightness=0.960, StdDev=0.009
[2025-10-21 00:31:49] INFO: [Decision] REJECT: Abs=
[2025-10-21 00:31:49] INFO: true
[2025-10-21 00:31:49] INFO: , AbsMargin=
[2025-10-21 00:31:49] INFO: false
[2025-10-21 00:31:49] INFO: , RelMargin=
[2025-10-21 00:31:49] INFO: false
[2025-10-21 00:31:49] INFO: (
[2025-10-21 00:31:49] INFO: 8.8
[2025-10-21 00:31:49] INFO: %
[2025-10-21 00:31:49] INFO: ), StrongMargin=
[2025-10-21 00:31:49] INFO: false
[2025-10-21 00:31:49] INFO: (
[2025-10-21 00:31:49] INFO: 12.0
[2025-10-21 00:31:49] INFO: %
[2025-10-21 00:31:49] INFO: ), Discrim=
[2025-10-21 00:31:49] INFO: true
[2025-10-21 00:31:49] INFO: , Consist=
[2025-10-21 00:31:49] INFO: false
[2025-10-21 00:31:49] INFO: (
[2025-10-21 00:31:49] INFO: 0
[2025-10-21 00:31:49] INFO: /
[2025-10-21 00:31:49] INFO: 7
[2025-10-21 00:31:49] INFO: )
[2025-10-21 00:31:49] INFO: [Recognition] Scores: S12313 - ma=0.774 S13234 - Jin_Rae=0.893 
[2025-10-21 00:31:49] INFO: [Decision] Best=S13234 - Jin_Rae(0.893), 2nd=0.774, Discriminative=0.738, AvgNeg=0.774
[2025-10-21 00:31:49] INFO: [Thresholds] Abs=0.604, Margin=0.104(11.6%), RelMargin=13.3%, Tightness=0.960, StdDev=0.009
[2025-10-21 00:31:49] INFO: [Decision] ACCEPT: Primary thresholds met (abs + margin + relative)
[2025-10-21 00:31:50] INFO: [Recognition] Scores: S12313 - ma=0.839 S13234 - Jin_Rae=0.887 
[2025-10-21 00:31:50] INFO: [Decision] Best=S13234 - Jin_Rae(0.887), 2nd=0.839, Discriminative=0.719, AvgNeg=0.839
[2025-10-21 00:31:50] INFO: [Thresholds] Abs=0.604, Margin=0.104(11.7%), RelMargin=5.4%, Tightness=0.960, StdDev=0.009
[2025-10-21 00:31:50] INFO: [Decision] REJECT: Abs=
[2025-10-21 00:31:50] INFO: true
[2025-10-21 00:31:50] INFO: , AbsMargin=
[2025-10-21 00:31:50] INFO: false
[2025-10-21 00:31:50] INFO: , RelMargin=
[2025-10-21 00:31:50] INFO: false
[2025-10-21 00:31:50] INFO: (
[2025-10-21 00:31:50] INFO: 5.4
[2025-10-21 00:31:50] INFO: %
[2025-10-21 00:31:50] INFO: ), StrongMargin=
[2025-10-21 00:31:50] INFO: false
[2025-10-21 00:31:50] INFO: (
[2025-10-21 00:31:50] INFO: 12.0
[2025-10-21 00:31:50] INFO: %
[2025-10-21 00:31:50] INFO: ), Discrim=
[2025-10-21 00:31:50] INFO: true
[2025-10-21 00:31:50] INFO: , Consist=
[2025-10-21 00:31:50] INFO: false
[2025-10-21 00:31:50] INFO: (
[2025-10-21 00:31:50] INFO: 1
[2025-10-21 00:31:50] INFO: /
[2025-10-21 00:31:50] INFO: 7
[2025-10-21 00:31:50] INFO: )
[2025-10-21 00:31:50] INFO: [Recognition] Scores: S12313 - ma=0.796 S13234 - Jin_Rae=0.864 
[2025-10-21 00:31:50] INFO: [Decision] Best=S13234 - Jin_Rae(0.864), 2nd=0.796, Discriminative=0.704, AvgNeg=0.796
[2025-10-21 00:31:50] INFO: [Thresholds] Abs=0.604, Margin=0.104(12.0%), RelMargin=7.8%, Tightness=0.960, StdDev=0.009
[2025-10-21 00:31:50] INFO: [Decision] REJECT: Abs=
[2025-10-21 00:31:50] INFO: true
[2025-10-21 00:31:50] INFO: , AbsMargin=
[2025-10-21 00:31:50] INFO: false
[2025-10-21 00:31:50] INFO: , RelMargin=
[2025-10-21 00:31:50] INFO: false
[2025-10-21 00:31:50] INFO: (
[2025-10-21 00:31:50] INFO: 7.8
[2025-10-21 00:31:50] INFO: %
[2025-10-21 00:31:50] INFO: ), StrongMargin=
[2025-10-21 00:31:50] INFO: false
[2025-10-21 00:31:50] INFO: (
[2025-10-21 00:31:50] INFO: 12.0
[2025-10-21 00:31:50] INFO: %
[2025-10-21 00:31:50] INFO: ), Discrim=
[2025-10-21 00:31:50] INFO: true
[2025-10-21 00:31:50] INFO: , Consist=
[2025-10-21 00:31:50] INFO: false
[2025-10-21 00:31:50] INFO: (
[2025-10-21 00:31:50] INFO: 1
[2025-10-21 00:31:50] INFO: /
[2025-10-21 00:31:50] INFO: 7
[2025-10-21 00:31:50] INFO: )
[2025-10-21 00:31:50] INFO: [Recognition] Scores: S12313 - ma=0.774 S13234 - Jin_Rae=0.859 
[2025-10-21 00:31:50] INFO: [Decision] Best=S13234 - Jin_Rae(0.859), 2nd=0.774, Discriminative=0.705, AvgNeg=0.774
[2025-10-21 00:31:50] INFO: [Thresholds] Abs=0.604, Margin=0.104(12.1%), RelMargin=10.0%, Tightness=0.960, StdDev=0.009
[2025-10-21 00:31:50] INFO: [Decision] REJECT: Abs=
[2025-10-21 00:31:50] INFO: true
[2025-10-21 00:31:50] INFO: , AbsMargin=
[2025-10-21 00:31:50] INFO: false
[2025-10-21 00:31:50] INFO: , RelMargin=
[2025-10-21 00:31:50] INFO: false
[2025-10-21 00:31:50] INFO: (
[2025-10-21 00:31:50] INFO: 10.0
[2025-10-21 00:31:50] INFO: %
[2025-10-21 00:31:50] INFO: ), StrongMargin=
[2025-10-21 00:31:50] INFO: false
[2025-10-21 00:31:50] INFO: (
[2025-10-21 00:31:50] INFO: 12.0
[2025-10-21 00:31:50] INFO: %
[2025-10-21 00:31:50] INFO: ), Discrim=
[2025-10-21 00:31:50] INFO: true
[2025-10-21 00:31:50] INFO: , Consist=
[2025-10-21 00:31:50] INFO: false
[2025-10-21 00:31:50] INFO: (
[2025-10-21 00:31:50] INFO: 1
[2025-10-21 00:31:50] INFO: /
[2025-10-21 00:31:50] INFO: 7
[2025-10-21 00:31:50] INFO: )
[2025-10-21 00:31:50] INFO: [Recognition] Scores: S12313 - ma=0.784 S13234 - Jin_Rae=0.816 
[2025-10-21 00:31:50] INFO: [Decision] Best=S13234 - Jin_Rae(0.816), 2nd=0.784, Discriminative=0.659, AvgNeg=0.784
[2025-10-21 00:31:50] INFO: [Thresholds] Abs=0.604, Margin=0.104(12.7%), RelMargin=3.9%, Tightness=0.960, StdDev=0.009
[2025-10-21 00:31:50] INFO: [Decision] REJECT: Abs=
[2025-10-21 00:31:50] INFO: true
[2025-10-21 00:31:50] INFO: , AbsMargin=
[2025-10-21 00:31:50] INFO: false
[2025-10-21 00:31:50] INFO: , RelMargin=
[2025-10-21 00:31:50] INFO: false
[2025-10-21 00:31:50] INFO: (
[2025-10-21 00:31:50] INFO: 3.9
[2025-10-21 00:31:50] INFO: %
[2025-10-21 00:31:50] INFO: ), StrongMargin=
[2025-10-21 00:31:50] INFO: false
[2025-10-21 00:31:50] INFO: (
[2025-10-21 00:31:50] INFO: 12.0
[2025-10-21 00:31:50] INFO: %
[2025-10-21 00:31:50] INFO: ), Discrim=
[2025-10-21 00:31:50] INFO: true
[2025-10-21 00:31:50] INFO: , Consist=
[2025-10-21 00:31:50] INFO: false
[2025-10-21 00:31:50] INFO: (
[2025-10-21 00:31:50] INFO: 1
[2025-10-21 00:31:50] INFO: /
[2025-10-21 00:31:50] INFO: 7
[2025-10-21 00:31:50] INFO: )
[2025-10-21 00:31:50] INFO: [Recognition] Scores: S12313 - ma=0.756 S13234 - Jin_Rae=0.753 
[2025-10-21 00:31:50] INFO: [Decision] Best=S12313 - ma(0.756), 2nd=0.753, Discriminative=0.605, AvgNeg=0.753
[2025-10-21 00:31:50] INFO: [Thresholds] Abs=0.607, Margin=0.107(14.1%), RelMargin=0.3%, Tightness=0.934, StdDev=0.015
[2025-10-21 00:31:50] INFO: [Decision] REJECT: Abs=
[2025-10-21 00:31:50] INFO: true
[2025-10-21 00:31:50] INFO: , AbsMargin=
[2025-10-21 00:31:50] INFO: false
[2025-10-21 00:31:50] INFO: , RelMargin=
[2025-10-21 00:31:50] INFO: false
[2025-10-21 00:31:50] INFO: (
[2025-10-21 00:31:50] INFO: 0.3
[2025-10-21 00:31:50] INFO: %
[2025-10-21 00:31:50] INFO: ), StrongMargin=
[2025-10-21 00:31:50] INFO: false
[2025-10-21 00:31:50] INFO: (
[2025-10-21 00:31:50] INFO: 12.0
[2025-10-21 00:31:50] INFO: %
[2025-10-21 00:31:50] INFO: ), Discrim=
[2025-10-21 00:31:50] INFO: false
[2025-10-21 00:31:50] INFO: , Consist=
[2025-10-21 00:31:50] INFO: false
[2025-10-21 00:31:50] INFO: (
[2025-10-21 00:31:50] INFO: 0
[2025-10-21 00:31:50] INFO: /
[2025-10-21 00:31:50] INFO: 7
[2025-10-21 00:31:50] INFO: )
[2025-10-21 00:31:50] INFO: [Recognition] Scores: S12313 - ma=0.743 S13234 - Jin_Rae=0.694 
[2025-10-21 00:31:50] INFO: [Decision] Best=S12313 - ma(0.743), 2nd=0.694, Discriminative=0.604, AvgNeg=0.694
[2025-10-21 00:31:50] INFO: [Thresholds] Abs=0.607, Margin=0.107(14.3%), RelMargin=6.6%, Tightness=0.934, StdDev=0.015
[2025-10-21 00:31:50] INFO: [Decision] REJECT: Abs=
[2025-10-21 00:31:50] INFO: true
[2025-10-21 00:31:50] INFO: , AbsMargin=
[2025-10-21 00:31:50] INFO: false
[2025-10-21 00:31:50] INFO: , RelMargin=
[2025-10-21 00:31:50] INFO: false
[2025-10-21 00:31:50] INFO: (
[2025-10-21 00:31:50] INFO: 6.6
[2025-10-21 00:31:50] INFO: %
[2025-10-21 00:31:50] INFO: ), StrongMargin=
[2025-10-21 00:31:50] INFO: false
[2025-10-21 00:31:50] INFO: (
[2025-10-21 00:31:50] INFO: 12.0
[2025-10-21 00:31:50] INFO: %
[2025-10-21 00:31:50] INFO: ), Discrim=
[2025-10-21 00:31:50] INFO: false
[2025-10-21 00:31:50] INFO: , Consist=
[2025-10-21 00:31:50] INFO: false
[2025-10-21 00:31:50] INFO: (
[2025-10-21 00:31:50] INFO: 0
[2025-10-21 00:31:50] INFO: /
[2025-10-21 00:31:50] INFO: 7
[2025-10-21 00:31:50] INFO: )
[2025-10-21 00:31:50] INFO: [Recognition] Scores: S12313 - ma=0.733 S13234 - Jin_Rae=0.694 
[2025-10-21 00:31:50] INFO: [Decision] Best=S12313 - ma(0.733), 2nd=0.694, Discriminative=0.594, AvgNeg=0.694
[2025-10-21 00:31:50] INFO: [Thresholds] Abs=0.607, Margin=0.107(14.5%), RelMargin=5.4%, Tightness=0.934, StdDev=0.015
[2025-10-21 00:31:50] INFO: [Decision] REJECT: Abs=
[2025-10-21 00:31:50] INFO: true
[2025-10-21 00:31:50] INFO: , AbsMargin=
[2025-10-21 00:31:50] INFO: false
[2025-10-21 00:31:50] INFO: , RelMargin=
[2025-10-21 00:31:50] INFO: false
[2025-10-21 00:31:50] INFO: (
[2025-10-21 00:31:50] INFO: 5.4
[2025-10-21 00:31:50] INFO: %
[2025-10-21 00:31:50] INFO: ), StrongMargin=
[2025-10-21 00:31:50] INFO: false
[2025-10-21 00:31:50] INFO: (
[2025-10-21 00:31:50] INFO: 12.0
[2025-10-21 00:31:50] INFO: %
[2025-10-21 00:31:50] INFO: ), Discrim=
[2025-10-21 00:31:50] INFO: false
[2025-10-21 00:31:50] INFO: , Consist=
[2025-10-21 00:31:50] INFO: false
[2025-10-21 00:31:50] INFO: (
[2025-10-21 00:31:50] INFO: 0
[2025-10-21 00:31:50] INFO: /
[2025-10-21 00:31:50] INFO: 7
[2025-10-21 00:31:50] INFO: )
[2025-10-21 00:31:50] INFO: Exiting Face Recognition Demo...
[2025-10-21 00:31:50] INFO: Exiting Face Recognition Demo...
