[2025-10-22 12:46:39] INFO: Application Logger Initialized.
[2025-10-22 12:46:39] INFO: Configuration and core components loaded.
[2025-10-22 12:46:39] INFO: Configuration loaded from classpath: app.properties
[2025-10-22 12:46:39] INFO: Configuration file loaded
[2025-10-22 12:46:39] INFO: MyGUIProgram Started!
[2025-10-22 12:46:40] INFO: ￢ﾜﾓ FaceAligner initialized with fallback eye detector
[2025-10-22 12:46:40] INFO: ￢ﾜﾅ OpenFace nn4.small2.v1 model loaded successfully
[2025-10-22 12:46:40] INFO: ￢ﾜﾓ FaceAligner initialized with fallback eye detector
[2025-10-22 12:46:40] INFO: === Folder debug ===
[2025-10-22 12:46:40] INFO: Found folder: C:\SMU\CS102 Project\FaceRecognitionCS102\data\facedata\S00000_Nicholas
[2025-10-22 12:46:40] INFO:   Contains: 34 items
[2025-10-22 12:46:40] INFO:   Display label: S00000 - Nicholas
[2025-10-22 12:46:40] INFO: Found folder: C:\SMU\CS102 Project\FaceRecognitionCS102\data\facedata\S13234_Jin_Rae
[2025-10-22 12:46:40] INFO:   Contains: 22 items
[2025-10-22 12:46:40] INFO:   Display label: S13234 - Jin_Rae
[2025-10-22 12:46:40] INFO: Found folder: C:\SMU\CS102 Project\FaceRecognitionCS102\data\facedata\S99999_Tonald_Drump
[2025-10-22 12:46:40] INFO:   Contains: 8 items
[2025-10-22 12:46:40] INFO:   Display label: S99999 - Tonald_Drump
[2025-10-22 12:46:40] INFO: ====================
[2025-10-22 12:46:41] INFO: Person S00000 - Nicholas: tightness=0.899, stdDev=0.030, absThresh=0.610, margin=0.110
[2025-10-22 12:46:41] INFO: Person S13234 - Jin_Rae: tightness=0.942, stdDev=0.009, absThresh=0.606, margin=0.106
[2025-10-22 12:46:41] INFO: Person S99999 - Tonald_Drump: tightness=0.911, stdDev=0.009, absThresh=0.609, margin=0.109
[2025-10-22 12:46:41] INFO: DNN face detector loaded successfully for recognition
[2025-10-22 12:46:41] INFO: Attempting camera index 0 with DSHOW backend...
[2025-10-22 12:46:43] INFO: Camera opened successfully: index 0 with DSHOW backend
[2025-10-22 12:46:47] INFO: Camera configured: 640x480 @ 30fps (MJPEG: yes)
[2025-10-22 12:46:47] INFO: Camera initialized successfully
[2025-10-22 12:46:48] INFO: [Recognition] Scores: S00000 - Nicholas=0.560 S13234 - Jin_Rae=0.670 S99999 - Tonald_Drump=0.695 
[2025-10-22 12:46:48] INFO: [Decision] Best=S99999 - Tonald_Drump(0.695), 2nd=0.670, Discriminative=0.572, AvgNeg=0.615
[2025-10-22 12:46:48] INFO: [Thresholds] Abs=0.609, Margin=0.109(15.7%), RelMargin=3.6%, Tightness=0.911, StdDev=0.009
[2025-10-22 12:46:48] INFO: [Decision] REJECT: Abs=
[2025-10-22 12:46:48] INFO: true
[2025-10-22 12:46:48] INFO: , AbsMargin=
[2025-10-22 12:46:48] INFO: false
[2025-10-22 12:46:48] INFO: , RelMargin=
[2025-10-22 12:46:48] INFO: false
[2025-10-22 12:46:48] INFO: (
[2025-10-22 12:46:48] INFO: 3.6
[2025-10-22 12:46:48] INFO: %
[2025-10-22 12:46:48] INFO: ), StrongMargin=
[2025-10-22 12:46:48] INFO: false
[2025-10-22 12:46:48] INFO: (
[2025-10-22 12:46:48] INFO: 12.0
[2025-10-22 12:46:48] INFO: %
[2025-10-22 12:46:48] INFO: ), Discrim=
[2025-10-22 12:46:48] INFO: false
[2025-10-22 12:46:48] INFO: , Consist=
[2025-10-22 12:46:48] INFO: false
[2025-10-22 12:46:48] INFO: (
[2025-10-22 12:46:48] INFO: 0
[2025-10-22 12:46:48] INFO: /
[2025-10-22 12:46:48] INFO: 7
[2025-10-22 12:46:48] INFO: )
[2025-10-22 12:46:49] INFO: [Recognition] Scores: S00000 - Nicholas=0.578 S13234 - Jin_Rae=0.845 S99999 - Tonald_Drump=0.795 
[2025-10-22 12:46:49] INFO: [Decision] Best=S13234 - Jin_Rae(0.845), 2nd=0.795, Discriminative=0.707, AvgNeg=0.687
[2025-10-22 12:46:49] INFO: [Thresholds] Abs=0.606, Margin=0.106(12.5%), RelMargin=5.9%, Tightness=0.942, StdDev=0.009
[2025-10-22 12:46:49] INFO: [Decision] REJECT: Abs=
[2025-10-22 12:46:49] INFO: true
[2025-10-22 12:46:49] INFO: , AbsMargin=
[2025-10-22 12:46:49] INFO: false
[2025-10-22 12:46:49] INFO: , RelMargin=
[2025-10-22 12:46:49] INFO: false
[2025-10-22 12:46:49] INFO: (
[2025-10-22 12:46:49] INFO: 5.9
[2025-10-22 12:46:49] INFO: %
[2025-10-22 12:46:49] INFO: ), StrongMargin=
[2025-10-22 12:46:49] INFO: false
[2025-10-22 12:46:49] INFO: (
[2025-10-22 12:46:49] INFO: 12.0
[2025-10-22 12:46:49] INFO: %
[2025-10-22 12:46:49] INFO: ), Discrim=
[2025-10-22 12:46:49] INFO: true
[2025-10-22 12:46:49] INFO: , Consist=
[2025-10-22 12:46:49] INFO: false
[2025-10-22 12:46:49] INFO: (
[2025-10-22 12:46:49] INFO: 0
[2025-10-22 12:46:49] INFO: /
[2025-10-22 12:46:49] INFO: 7
[2025-10-22 12:46:49] INFO: )
[2025-10-22 12:46:49] INFO: [Recognition] Scores: S00000 - Nicholas=0.682 S13234 - Jin_Rae=0.813 S99999 - Tonald_Drump=0.754 
[2025-10-22 12:46:49] INFO: [Decision] Best=S13234 - Jin_Rae(0.813), 2nd=0.754, Discriminative=0.669, AvgNeg=0.718
[2025-10-22 12:46:49] INFO: [Thresholds] Abs=0.606, Margin=0.106(13.0%), RelMargin=7.2%, Tightness=0.942, StdDev=0.009
[2025-10-22 12:46:49] INFO: [Decision] REJECT: Abs=
[2025-10-22 12:46:49] INFO: true
[2025-10-22 12:46:49] INFO: , AbsMargin=
[2025-10-22 12:46:49] INFO: false
[2025-10-22 12:46:49] INFO: , RelMargin=
[2025-10-22 12:46:49] INFO: false
[2025-10-22 12:46:49] INFO: (
[2025-10-22 12:46:49] INFO: 7.2
[2025-10-22 12:46:49] INFO: %
[2025-10-22 12:46:49] INFO: ), StrongMargin=
[2025-10-22 12:46:49] INFO: false
[2025-10-22 12:46:49] INFO: (
[2025-10-22 12:46:49] INFO: 12.0
[2025-10-22 12:46:49] INFO: %
[2025-10-22 12:46:49] INFO: ), Discrim=
[2025-10-22 12:46:49] INFO: true
[2025-10-22 12:46:49] INFO: , Consist=
[2025-10-22 12:46:49] INFO: false
[2025-10-22 12:46:49] INFO: (
[2025-10-22 12:46:49] INFO: 0
[2025-10-22 12:46:49] INFO: /
[2025-10-22 12:46:49] INFO: 7
[2025-10-22 12:46:49] INFO: )
[2025-10-22 12:46:50] INFO: [Recognition] Scores: S00000 - Nicholas=0.665 S13234 - Jin_Rae=0.800 S99999 - Tonald_Drump=0.726 
[2025-10-22 12:46:50] INFO: [Decision] Best=S13234 - Jin_Rae(0.800), 2nd=0.726, Discriminative=0.660, AvgNeg=0.696
[2025-10-22 12:46:50] INFO: [Thresholds] Abs=0.606, Margin=0.106(13.2%), RelMargin=9.2%, Tightness=0.942, StdDev=0.009
[2025-10-22 12:46:50] INFO: [Decision] REJECT: Abs=
[2025-10-22 12:46:50] INFO: true
[2025-10-22 12:46:50] INFO: , AbsMargin=
[2025-10-22 12:46:50] INFO: false
[2025-10-22 12:46:50] INFO: , RelMargin=
[2025-10-22 12:46:50] INFO: false
[2025-10-22 12:46:50] INFO: (
[2025-10-22 12:46:50] INFO: 9.2
[2025-10-22 12:46:50] INFO: %
[2025-10-22 12:46:50] INFO: ), StrongMargin=
[2025-10-22 12:46:50] INFO: false
[2025-10-22 12:46:50] INFO: (
[2025-10-22 12:46:50] INFO: 12.0
[2025-10-22 12:46:50] INFO: %
[2025-10-22 12:46:50] INFO: ), Discrim=
[2025-10-22 12:46:50] INFO: true
[2025-10-22 12:46:50] INFO: , Consist=
[2025-10-22 12:46:50] INFO: false
[2025-10-22 12:46:50] INFO: (
[2025-10-22 12:46:50] INFO: 0
[2025-10-22 12:46:50] INFO: /
[2025-10-22 12:46:50] INFO: 7
[2025-10-22 12:46:50] INFO: )
[2025-10-22 12:46:50] INFO: [Recognition] Scores: S00000 - Nicholas=0.689 S13234 - Jin_Rae=0.798 S99999 - Tonald_Drump=0.733 
[2025-10-22 12:46:50] INFO: [Decision] Best=S13234 - Jin_Rae(0.798), 2nd=0.733, Discriminative=0.656, AvgNeg=0.711
[2025-10-22 12:46:50] INFO: [Thresholds] Abs=0.606, Margin=0.106(13.3%), RelMargin=8.1%, Tightness=0.942, StdDev=0.009
[2025-10-22 12:46:50] INFO: [Decision] REJECT: Abs=
[2025-10-22 12:46:50] INFO: true
[2025-10-22 12:46:50] INFO: , AbsMargin=
[2025-10-22 12:46:50] INFO: false
[2025-10-22 12:46:50] INFO: , RelMargin=
[2025-10-22 12:46:50] INFO: false
[2025-10-22 12:46:50] INFO: (
[2025-10-22 12:46:50] INFO: 8.1
[2025-10-22 12:46:50] INFO: %
[2025-10-22 12:46:50] INFO: ), StrongMargin=
[2025-10-22 12:46:50] INFO: false
[2025-10-22 12:46:50] INFO: (
[2025-10-22 12:46:50] INFO: 12.0
[2025-10-22 12:46:50] INFO: %
[2025-10-22 12:46:50] INFO: ), Discrim=
[2025-10-22 12:46:50] INFO: true
[2025-10-22 12:46:50] INFO: , Consist=
[2025-10-22 12:46:50] INFO: false
[2025-10-22 12:46:50] INFO: (
[2025-10-22 12:46:50] INFO: 0
[2025-10-22 12:46:50] INFO: /
[2025-10-22 12:46:50] INFO: 7
[2025-10-22 12:46:50] INFO: )
[2025-10-22 12:46:51] INFO: [Recognition] Scores: S00000 - Nicholas=0.651 S13234 - Jin_Rae=0.791 S99999 - Tonald_Drump=0.736 
[2025-10-22 12:46:51] INFO: [Decision] Best=S13234 - Jin_Rae(0.791), 2nd=0.736, Discriminative=0.652, AvgNeg=0.693
[2025-10-22 12:46:51] INFO: [Thresholds] Abs=0.606, Margin=0.106(13.4%), RelMargin=6.9%, Tightness=0.942, StdDev=0.009
[2025-10-22 12:46:51] INFO: [Decision] REJECT: Abs=
[2025-10-22 12:46:51] INFO: true
[2025-10-22 12:46:51] INFO: , AbsMargin=
[2025-10-22 12:46:51] INFO: false
[2025-10-22 12:46:51] INFO: , RelMargin=
[2025-10-22 12:46:51] INFO: false
[2025-10-22 12:46:51] INFO: (
[2025-10-22 12:46:51] INFO: 6.9
[2025-10-22 12:46:51] INFO: %
[2025-10-22 12:46:51] INFO: ), StrongMargin=
[2025-10-22 12:46:51] INFO: false
[2025-10-22 12:46:51] INFO: (
[2025-10-22 12:46:51] INFO: 12.0
[2025-10-22 12:46:51] INFO: %
[2025-10-22 12:46:51] INFO: ), Discrim=
[2025-10-22 12:46:51] INFO: true
[2025-10-22 12:46:51] INFO: , Consist=
[2025-10-22 12:46:51] INFO: false
[2025-10-22 12:46:51] INFO: (
[2025-10-22 12:46:51] INFO: 0
[2025-10-22 12:46:51] INFO: /
[2025-10-22 12:46:51] INFO: 7
[2025-10-22 12:46:51] INFO: )
[2025-10-22 12:46:51] INFO: [Recognition] Scores: S00000 - Nicholas=0.637 S13234 - Jin_Rae=0.766 S99999 - Tonald_Drump=0.676 
[2025-10-22 12:46:51] INFO: [Decision] Best=S13234 - Jin_Rae(0.766), 2nd=0.676, Discriminative=0.635, AvgNeg=0.657
[2025-10-22 12:46:51] INFO: [Thresholds] Abs=0.606, Margin=0.106(13.8%), RelMargin=11.7%, Tightness=0.942, StdDev=0.009
[2025-10-22 12:46:51] INFO: [Decision] REJECT: Abs=
[2025-10-22 12:46:51] INFO: true
[2025-10-22 12:46:51] INFO: , AbsMargin=
[2025-10-22 12:46:51] INFO: false
[2025-10-22 12:46:51] INFO: , RelMargin=
[2025-10-22 12:46:51] INFO: false
[2025-10-22 12:46:51] INFO: (
[2025-10-22 12:46:51] INFO: 11.7
[2025-10-22 12:46:51] INFO: %
[2025-10-22 12:46:51] INFO: ), StrongMargin=
[2025-10-22 12:46:51] INFO: false
[2025-10-22 12:46:51] INFO: (
[2025-10-22 12:46:51] INFO: 12.0
[2025-10-22 12:46:51] INFO: %
[2025-10-22 12:46:51] INFO: ), Discrim=
[2025-10-22 12:46:51] INFO: true
[2025-10-22 12:46:51] INFO: , Consist=
[2025-10-22 12:46:51] INFO: false
[2025-10-22 12:46:51] INFO: (
[2025-10-22 12:46:51] INFO: 0
[2025-10-22 12:46:51] INFO: /
[2025-10-22 12:46:51] INFO: 7
[2025-10-22 12:46:51] INFO: )
[2025-10-22 12:46:51] INFO: [Recognition] Scores: S00000 - Nicholas=0.670 S13234 - Jin_Rae=0.745 S99999 - Tonald_Drump=0.648 
[2025-10-22 12:46:51] INFO: [Decision] Best=S13234 - Jin_Rae(0.745), 2nd=0.670, Discriminative=0.613, AvgNeg=0.659
[2025-10-22 12:46:51] INFO: [Thresholds] Abs=0.606, Margin=0.106(14.2%), RelMargin=10.1%, Tightness=0.942, StdDev=0.009
[2025-10-22 12:46:51] INFO: [Decision] REJECT: Abs=
[2025-10-22 12:46:51] INFO: true
[2025-10-22 12:46:51] INFO: , AbsMargin=
[2025-10-22 12:46:51] INFO: false
[2025-10-22 12:46:51] INFO: , RelMargin=
[2025-10-22 12:46:51] INFO: false
[2025-10-22 12:46:51] INFO: (
[2025-10-22 12:46:51] INFO: 10.1
[2025-10-22 12:46:51] INFO: %
[2025-10-22 12:46:51] INFO: ), StrongMargin=
[2025-10-22 12:46:51] INFO: false
[2025-10-22 12:46:51] INFO: (
[2025-10-22 12:46:51] INFO: 12.0
[2025-10-22 12:46:51] INFO: %
[2025-10-22 12:46:51] INFO: ), Discrim=
[2025-10-22 12:46:51] INFO: true
[2025-10-22 12:46:51] INFO: , Consist=
[2025-10-22 12:46:51] INFO: false
[2025-10-22 12:46:51] INFO: (
[2025-10-22 12:46:51] INFO: 0
[2025-10-22 12:46:51] INFO: /
[2025-10-22 12:46:51] INFO: 7
[2025-10-22 12:46:51] INFO: )
[2025-10-22 12:46:52] INFO: [Recognition] Scores: S00000 - Nicholas=0.653 S13234 - Jin_Rae=0.734 S99999 - Tonald_Drump=0.632 
[2025-10-22 12:46:52] INFO: [Decision] Best=S13234 - Jin_Rae(0.734), 2nd=0.653, Discriminative=0.606, AvgNeg=0.643
[2025-10-22 12:46:52] INFO: [Thresholds] Abs=0.606, Margin=0.106(14.4%), RelMargin=11.1%, Tightness=0.942, StdDev=0.009
[2025-10-22 12:46:52] INFO: [Decision] REJECT: Abs=
[2025-10-22 12:46:52] INFO: true
[2025-10-22 12:46:52] INFO: , AbsMargin=
[2025-10-22 12:46:52] INFO: false
[2025-10-22 12:46:52] INFO: , RelMargin=
[2025-10-22 12:46:52] INFO: false
[2025-10-22 12:46:52] INFO: (
[2025-10-22 12:46:52] INFO: 11.1
[2025-10-22 12:46:52] INFO: %
[2025-10-22 12:46:52] INFO: ), StrongMargin=
[2025-10-22 12:46:52] INFO: false
[2025-10-22 12:46:52] INFO: (
[2025-10-22 12:46:52] INFO: 12.0
[2025-10-22 12:46:52] INFO: %
[2025-10-22 12:46:52] INFO: ), Discrim=
[2025-10-22 12:46:52] INFO: true
[2025-10-22 12:46:52] INFO: , Consist=
[2025-10-22 12:46:52] INFO: false
[2025-10-22 12:46:52] INFO: (
[2025-10-22 12:46:52] INFO: 0
[2025-10-22 12:46:52] INFO: /
[2025-10-22 12:46:52] INFO: 7
[2025-10-22 12:46:52] INFO: )
[2025-10-22 12:46:52] INFO: [Recognition] Scores: S00000 - Nicholas=0.695 S13234 - Jin_Rae=0.769 S99999 - Tonald_Drump=0.675 
[2025-10-22 12:46:52] INFO: [Decision] Best=S13234 - Jin_Rae(0.769), 2nd=0.695, Discriminative=0.632, AvgNeg=0.685
[2025-10-22 12:46:52] INFO: [Thresholds] Abs=0.606, Margin=0.106(13.8%), RelMargin=9.7%, Tightness=0.942, StdDev=0.009
[2025-10-22 12:46:52] INFO: [Decision] REJECT: Abs=
[2025-10-22 12:46:52] INFO: true
[2025-10-22 12:46:52] INFO: , AbsMargin=
[2025-10-22 12:46:52] INFO: false
[2025-10-22 12:46:52] INFO: , RelMargin=
[2025-10-22 12:46:52] INFO: false
[2025-10-22 12:46:52] INFO: (
[2025-10-22 12:46:52] INFO: 9.7
[2025-10-22 12:46:52] INFO: %
[2025-10-22 12:46:52] INFO: ), StrongMargin=
[2025-10-22 12:46:52] INFO: false
[2025-10-22 12:46:52] INFO: (
[2025-10-22 12:46:52] INFO: 12.0
[2025-10-22 12:46:52] INFO: %
[2025-10-22 12:46:52] INFO: ), Discrim=
[2025-10-22 12:46:52] INFO: true
[2025-10-22 12:46:52] INFO: , Consist=
[2025-10-22 12:46:52] INFO: false
[2025-10-22 12:46:52] INFO: (
[2025-10-22 12:46:52] INFO: 0
[2025-10-22 12:46:52] INFO: /
[2025-10-22 12:46:52] INFO: 7
[2025-10-22 12:46:52] INFO: )
[2025-10-22 12:46:52] INFO: [Recognition] Scores: S00000 - Nicholas=0.689 S13234 - Jin_Rae=0.801 S99999 - Tonald_Drump=0.796 
[2025-10-22 12:46:52] INFO: [Decision] Best=S13234 - Jin_Rae(0.801), 2nd=0.796, Discriminative=0.652, AvgNeg=0.742
[2025-10-22 12:46:52] INFO: [Thresholds] Abs=0.606, Margin=0.106(13.2%), RelMargin=0.6%, Tightness=0.942, StdDev=0.009
[2025-10-22 12:46:52] INFO: [Decision] REJECT: Abs=
[2025-10-22 12:46:52] INFO: true
[2025-10-22 12:46:52] INFO: , AbsMargin=
[2025-10-22 12:46:52] INFO: false
[2025-10-22 12:46:52] INFO: , RelMargin=
[2025-10-22 12:46:52] INFO: false
[2025-10-22 12:46:52] INFO: (
[2025-10-22 12:46:52] INFO: 0.6
[2025-10-22 12:46:52] INFO: %
[2025-10-22 12:46:52] INFO: ), StrongMargin=
[2025-10-22 12:46:52] INFO: false
[2025-10-22 12:46:52] INFO: (
[2025-10-22 12:46:52] INFO: 12.0
[2025-10-22 12:46:52] INFO: %
[2025-10-22 12:46:52] INFO: ), Discrim=
[2025-10-22 12:46:52] INFO: true
[2025-10-22 12:46:52] INFO: , Consist=
[2025-10-22 12:46:52] INFO: false
[2025-10-22 12:46:52] INFO: (
[2025-10-22 12:46:52] INFO: 0
[2025-10-22 12:46:52] INFO: /
[2025-10-22 12:46:52] INFO: 7
[2025-10-22 12:46:52] INFO: )
[2025-10-22 12:46:53] INFO: [Recognition] Scores: S00000 - Nicholas=0.672 S13234 - Jin_Rae=0.848 S99999 - Tonald_Drump=0.790 
[2025-10-22 12:46:53] INFO: [Decision] Best=S13234 - Jin_Rae(0.848), 2nd=0.790, Discriminative=0.702, AvgNeg=0.731
[2025-10-22 12:46:53] INFO: [Thresholds] Abs=0.606, Margin=0.106(12.5%), RelMargin=6.9%, Tightness=0.942, StdDev=0.009
[2025-10-22 12:46:53] INFO: [Decision] REJECT: Abs=
[2025-10-22 12:46:53] INFO: true
[2025-10-22 12:46:53] INFO: , AbsMargin=
[2025-10-22 12:46:53] INFO: false
[2025-10-22 12:46:53] INFO: , RelMargin=
[2025-10-22 12:46:53] INFO: false
[2025-10-22 12:46:53] INFO: (
[2025-10-22 12:46:53] INFO: 6.9
[2025-10-22 12:46:53] INFO: %
[2025-10-22 12:46:53] INFO: ), StrongMargin=
[2025-10-22 12:46:53] INFO: false
[2025-10-22 12:46:53] INFO: (
[2025-10-22 12:46:53] INFO: 12.0
[2025-10-22 12:46:53] INFO: %
[2025-10-22 12:46:53] INFO: ), Discrim=
[2025-10-22 12:46:53] INFO: true
[2025-10-22 12:46:53] INFO: , Consist=
[2025-10-22 12:46:53] INFO: false
[2025-10-22 12:46:53] INFO: (
[2025-10-22 12:46:53] INFO: 0
[2025-10-22 12:46:53] INFO: /
[2025-10-22 12:46:53] INFO: 7
[2025-10-22 12:46:53] INFO: )
[2025-10-22 12:46:53] INFO: [Recognition] Scores: S00000 - Nicholas=0.657 S13234 - Jin_Rae=0.856 S99999 - Tonald_Drump=0.782 
[2025-10-22 12:46:53] INFO: [Decision] Best=S13234 - Jin_Rae(0.856), 2nd=0.782, Discriminative=0.713, AvgNeg=0.719
[2025-10-22 12:46:53] INFO: [Thresholds] Abs=0.606, Margin=0.106(12.4%), RelMargin=8.7%, Tightness=0.942, StdDev=0.009
[2025-10-22 12:46:53] INFO: [Decision] REJECT: Abs=
[2025-10-22 12:46:53] INFO: true
[2025-10-22 12:46:53] INFO: , AbsMargin=
[2025-10-22 12:46:53] INFO: false
[2025-10-22 12:46:53] INFO: , RelMargin=
[2025-10-22 12:46:53] INFO: false
[2025-10-22 12:46:53] INFO: (
[2025-10-22 12:46:53] INFO: 8.7
[2025-10-22 12:46:53] INFO: %
[2025-10-22 12:46:53] INFO: ), StrongMargin=
[2025-10-22 12:46:53] INFO: false
[2025-10-22 12:46:53] INFO: (
[2025-10-22 12:46:53] INFO: 12.0
[2025-10-22 12:46:53] INFO: %
[2025-10-22 12:46:53] INFO: ), Discrim=
[2025-10-22 12:46:53] INFO: true
[2025-10-22 12:46:53] INFO: , Consist=
[2025-10-22 12:46:53] INFO: false
[2025-10-22 12:46:53] INFO: (
[2025-10-22 12:46:53] INFO: 0
[2025-10-22 12:46:53] INFO: /
[2025-10-22 12:46:53] INFO: 7
[2025-10-22 12:46:53] INFO: )
[2025-10-22 12:46:54] INFO: [Recognition] Scores: S00000 - Nicholas=0.611 S13234 - Jin_Rae=0.850 S99999 - Tonald_Drump=0.792 
[2025-10-22 12:46:54] INFO: [Decision] Best=S13234 - Jin_Rae(0.850), 2nd=0.792, Discriminative=0.709, AvgNeg=0.702
[2025-10-22 12:46:54] INFO: [Thresholds] Abs=0.606, Margin=0.106(12.5%), RelMargin=6.8%, Tightness=0.942, StdDev=0.009
[2025-10-22 12:46:54] INFO: [Decision] REJECT: Abs=
[2025-10-22 12:46:54] INFO: true
[2025-10-22 12:46:54] INFO: , AbsMargin=
[2025-10-22 12:46:54] INFO: false
[2025-10-22 12:46:54] INFO: , RelMargin=
[2025-10-22 12:46:54] INFO: false
[2025-10-22 12:46:54] INFO: (
[2025-10-22 12:46:54] INFO: 6.8
[2025-10-22 12:46:54] INFO: %
[2025-10-22 12:46:54] INFO: ), StrongMargin=
[2025-10-22 12:46:54] INFO: false
[2025-10-22 12:46:54] INFO: (
[2025-10-22 12:46:54] INFO: 12.0
[2025-10-22 12:46:54] INFO: %
[2025-10-22 12:46:54] INFO: ), Discrim=
[2025-10-22 12:46:54] INFO: true
[2025-10-22 12:46:54] INFO: , Consist=
[2025-10-22 12:46:54] INFO: false
[2025-10-22 12:46:54] INFO: (
[2025-10-22 12:46:54] INFO: 0
[2025-10-22 12:46:54] INFO: /
[2025-10-22 12:46:54] INFO: 7
[2025-10-22 12:46:54] INFO: )
[2025-10-22 12:46:54] INFO: [Recognition] Scores: S00000 - Nicholas=0.725 S13234 - Jin_Rae=0.879 S99999 - Tonald_Drump=0.796 
[2025-10-22 12:46:54] INFO: [Decision] Best=S13234 - Jin_Rae(0.879), 2nd=0.796, Discriminative=0.727, AvgNeg=0.760
[2025-10-22 12:46:54] INFO: [Thresholds] Abs=0.606, Margin=0.106(12.0%), RelMargin=9.4%, Tightness=0.942, StdDev=0.009
[2025-10-22 12:46:54] INFO: [Decision] REJECT: Abs=
[2025-10-22 12:46:54] INFO: true
[2025-10-22 12:46:54] INFO: , AbsMargin=
[2025-10-22 12:46:54] INFO: false
[2025-10-22 12:46:54] INFO: , RelMargin=
[2025-10-22 12:46:54] INFO: false
[2025-10-22 12:46:54] INFO: (
[2025-10-22 12:46:54] INFO: 9.4
[2025-10-22 12:46:54] INFO: %
[2025-10-22 12:46:54] INFO: ), StrongMargin=
[2025-10-22 12:46:54] INFO: false
[2025-10-22 12:46:54] INFO: (
[2025-10-22 12:46:54] INFO: 12.0
[2025-10-22 12:46:54] INFO: %
[2025-10-22 12:46:54] INFO: ), Discrim=
[2025-10-22 12:46:54] INFO: true
[2025-10-22 12:46:54] INFO: , Consist=
[2025-10-22 12:46:54] INFO: false
[2025-10-22 12:46:54] INFO: (
[2025-10-22 12:46:54] INFO: 0
[2025-10-22 12:46:54] INFO: /
[2025-10-22 12:46:54] INFO: 7
[2025-10-22 12:46:54] INFO: )
[2025-10-22 12:46:55] INFO: [Recognition] Scores: S00000 - Nicholas=0.659 S13234 - Jin_Rae=0.860 S99999 - Tonald_Drump=0.789 
[2025-10-22 12:46:55] INFO: [Decision] Best=S13234 - Jin_Rae(0.860), 2nd=0.789, Discriminative=0.715, AvgNeg=0.724
[2025-10-22 12:46:55] INFO: [Thresholds] Abs=0.606, Margin=0.106(12.3%), RelMargin=8.2%, Tightness=0.942, StdDev=0.009
[2025-10-22 12:46:55] INFO: [Decision] REJECT: Abs=
[2025-10-22 12:46:55] INFO: true
[2025-10-22 12:46:55] INFO: , AbsMargin=
[2025-10-22 12:46:55] INFO: false
[2025-10-22 12:46:55] INFO: , RelMargin=
[2025-10-22 12:46:55] INFO: false
[2025-10-22 12:46:55] INFO: (
[2025-10-22 12:46:55] INFO: 8.2
[2025-10-22 12:46:55] INFO: %
[2025-10-22 12:46:55] INFO: ), StrongMargin=
[2025-10-22 12:46:55] INFO: false
[2025-10-22 12:46:55] INFO: (
[2025-10-22 12:46:55] INFO: 12.0
[2025-10-22 12:46:55] INFO: %
[2025-10-22 12:46:55] INFO: ), Discrim=
[2025-10-22 12:46:55] INFO: true
[2025-10-22 12:46:55] INFO: , Consist=
[2025-10-22 12:46:55] INFO: false
[2025-10-22 12:46:55] INFO: (
[2025-10-22 12:46:55] INFO: 0
[2025-10-22 12:46:55] INFO: /
[2025-10-22 12:46:55] INFO: 7
[2025-10-22 12:46:55] INFO: )
[2025-10-22 12:46:55] INFO: [Recognition] Scores: S00000 - Nicholas=0.665 S13234 - Jin_Rae=0.853 S99999 - Tonald_Drump=0.801 
[2025-10-22 12:46:55] INFO: [Decision] Best=S13234 - Jin_Rae(0.853), 2nd=0.801, Discriminative=0.707, AvgNeg=0.733
[2025-10-22 12:46:55] INFO: [Thresholds] Abs=0.606, Margin=0.106(12.4%), RelMargin=6.2%, Tightness=0.942, StdDev=0.009
[2025-10-22 12:46:55] INFO: [Decision] REJECT: Abs=
[2025-10-22 12:46:55] INFO: true
[2025-10-22 12:46:55] INFO: , AbsMargin=
[2025-10-22 12:46:55] INFO: false
[2025-10-22 12:46:55] INFO: , RelMargin=
[2025-10-22 12:46:55] INFO: false
[2025-10-22 12:46:55] INFO: (
[2025-10-22 12:46:55] INFO: 6.2
[2025-10-22 12:46:55] INFO: %
[2025-10-22 12:46:55] INFO: ), StrongMargin=
[2025-10-22 12:46:55] INFO: false
[2025-10-22 12:46:55] INFO: (
[2025-10-22 12:46:55] INFO: 12.0
[2025-10-22 12:46:55] INFO: %
[2025-10-22 12:46:55] INFO: ), Discrim=
[2025-10-22 12:46:55] INFO: true
[2025-10-22 12:46:55] INFO: , Consist=
[2025-10-22 12:46:55] INFO: false
[2025-10-22 12:46:55] INFO: (
[2025-10-22 12:46:55] INFO: 0
[2025-10-22 12:46:55] INFO: /
[2025-10-22 12:46:55] INFO: 7
[2025-10-22 12:46:55] INFO: )
[2025-10-22 12:46:55] INFO: [Recognition] Scores: S00000 - Nicholas=0.653 S13234 - Jin_Rae=0.825 S99999 - Tonald_Drump=0.796 
[2025-10-22 12:46:55] INFO: [Decision] Best=S13234 - Jin_Rae(0.825), 2nd=0.796, Discriminative=0.680, AvgNeg=0.724
[2025-10-22 12:46:55] INFO: [Thresholds] Abs=0.606, Margin=0.106(12.8%), RelMargin=3.5%, Tightness=0.942, StdDev=0.009
[2025-10-22 12:46:55] INFO: [Decision] REJECT: Abs=
[2025-10-22 12:46:55] INFO: true
[2025-10-22 12:46:55] INFO: , AbsMargin=
[2025-10-22 12:46:55] INFO: false
[2025-10-22 12:46:55] INFO: , RelMargin=
[2025-10-22 12:46:55] INFO: false
[2025-10-22 12:46:55] INFO: (
[2025-10-22 12:46:55] INFO: 3.5
[2025-10-22 12:46:55] INFO: %
[2025-10-22 12:46:55] INFO: ), StrongMargin=
[2025-10-22 12:46:55] INFO: false
[2025-10-22 12:46:55] INFO: (
[2025-10-22 12:46:55] INFO: 12.0
[2025-10-22 12:46:55] INFO: %
[2025-10-22 12:46:55] INFO: ), Discrim=
[2025-10-22 12:46:55] INFO: true
[2025-10-22 12:46:55] INFO: , Consist=
[2025-10-22 12:46:55] INFO: false
[2025-10-22 12:46:55] INFO: (
[2025-10-22 12:46:55] INFO: 0
[2025-10-22 12:46:55] INFO: /
[2025-10-22 12:46:55] INFO: 7
[2025-10-22 12:46:55] INFO: )
[2025-10-22 12:46:56] INFO: [Recognition] Scores: S00000 - Nicholas=0.608 S13234 - Jin_Rae=0.850 S99999 - Tonald_Drump=0.785 
[2025-10-22 12:46:56] INFO: [Decision] Best=S13234 - Jin_Rae(0.850), 2nd=0.785, Discriminative=0.711, AvgNeg=0.696
[2025-10-22 12:46:56] INFO: [Thresholds] Abs=0.606, Margin=0.106(12.4%), RelMargin=7.7%, Tightness=0.942, StdDev=0.009
[2025-10-22 12:46:56] INFO: [Decision] REJECT: Abs=
[2025-10-22 12:46:56] INFO: true
[2025-10-22 12:46:56] INFO: , AbsMargin=
[2025-10-22 12:46:56] INFO: false
[2025-10-22 12:46:56] INFO: , RelMargin=
[2025-10-22 12:46:56] INFO: false
[2025-10-22 12:46:56] INFO: (
[2025-10-22 12:46:56] INFO: 7.7
[2025-10-22 12:46:56] INFO: %
[2025-10-22 12:46:56] INFO: ), StrongMargin=
[2025-10-22 12:46:56] INFO: false
[2025-10-22 12:46:56] INFO: (
[2025-10-22 12:46:56] INFO: 12.0
[2025-10-22 12:46:56] INFO: %
[2025-10-22 12:46:56] INFO: ), Discrim=
[2025-10-22 12:46:56] INFO: true
[2025-10-22 12:46:56] INFO: , Consist=
[2025-10-22 12:46:56] INFO: false
[2025-10-22 12:46:56] INFO: (
[2025-10-22 12:46:56] INFO: 0
[2025-10-22 12:46:56] INFO: /
[2025-10-22 12:46:56] INFO: 7
[2025-10-22 12:46:56] INFO: )
[2025-10-22 12:46:56] INFO: [Recognition] Scores: S00000 - Nicholas=0.812 S13234 - Jin_Rae=0.817 S99999 - Tonald_Drump=0.739 
[2025-10-22 12:46:56] INFO: [Decision] Best=S13234 - Jin_Rae(0.817), 2nd=0.812, Discriminative=0.661, AvgNeg=0.775
[2025-10-22 12:46:56] INFO: [Thresholds] Abs=0.606, Margin=0.106(13.0%), RelMargin=0.5%, Tightness=0.942, StdDev=0.009
[2025-10-22 12:46:56] INFO: [Decision] REJECT: Abs=
[2025-10-22 12:46:56] INFO: true
[2025-10-22 12:46:56] INFO: , AbsMargin=
[2025-10-22 12:46:56] INFO: false
[2025-10-22 12:46:56] INFO: , RelMargin=
[2025-10-22 12:46:56] INFO: false
[2025-10-22 12:46:56] INFO: (
[2025-10-22 12:46:56] INFO: 0.5
[2025-10-22 12:46:56] INFO: %
[2025-10-22 12:46:56] INFO: ), StrongMargin=
[2025-10-22 12:46:56] INFO: false
[2025-10-22 12:46:56] INFO: (
[2025-10-22 12:46:56] INFO: 12.0
[2025-10-22 12:46:56] INFO: %
[2025-10-22 12:46:56] INFO: ), Discrim=
[2025-10-22 12:46:56] INFO: true
[2025-10-22 12:46:56] INFO: , Consist=
[2025-10-22 12:46:56] INFO: false
[2025-10-22 12:46:56] INFO: (
[2025-10-22 12:46:56] INFO: 0
[2025-10-22 12:46:56] INFO: /
[2025-10-22 12:46:56] INFO: 7
[2025-10-22 12:46:56] INFO: )
[2025-10-22 12:46:56] INFO: Exiting Face Recognition Demo...
[2025-10-22 12:46:57] INFO: [Recognition] Scores: S00000 - Nicholas=0.752 S13234 - Jin_Rae=0.771 S99999 - Tonald_Drump=0.683 
[2025-10-22 12:46:57] INFO: [Decision] Best=S13234 - Jin_Rae(0.771), 2nd=0.752, Discriminative=0.628, AvgNeg=0.718
[2025-10-22 12:46:57] INFO: [Thresholds] Abs=0.606, Margin=0.106(13.7%), RelMargin=2.5%, Tightness=0.942, StdDev=0.009
[2025-10-22 12:46:57] INFO: [Decision] REJECT: Abs=
[2025-10-22 12:46:57] INFO: true
[2025-10-22 12:46:57] INFO: , AbsMargin=
[2025-10-22 12:46:57] INFO: false
[2025-10-22 12:46:57] INFO: , RelMargin=
[2025-10-22 12:46:57] INFO: false
[2025-10-22 12:46:57] INFO: (
[2025-10-22 12:46:57] INFO: 2.5
[2025-10-22 12:46:57] INFO: %
[2025-10-22 12:46:57] INFO: ), StrongMargin=
[2025-10-22 12:46:57] INFO: false
[2025-10-22 12:46:57] INFO: (
[2025-10-22 12:46:57] INFO: 12.0
[2025-10-22 12:46:57] INFO: %
[2025-10-22 12:46:57] INFO: ), Discrim=
[2025-10-22 12:46:57] INFO: true
[2025-10-22 12:46:57] INFO: , Consist=
[2025-10-22 12:46:57] INFO: false
[2025-10-22 12:46:57] INFO: (
[2025-10-22 12:46:57] INFO: 0
[2025-10-22 12:46:57] INFO: /
[2025-10-22 12:46:57] INFO: 7
[2025-10-22 12:46:57] INFO: )
[2025-10-22 12:46:57] INFO: Exiting Face Recognition Demo...
