[2025-10-22 15:54:28] INFO: Application Logger Initialized.
[2025-10-22 15:54:28] INFO: app.properties normalized (55 entries).
[2025-10-22 15:54:28] INFO: Configuration loaded from file: C:\SMU\CS102 Project\FaceRecognitionCS102\app.properties
[2025-10-22 15:54:30] INFO: ￢ﾜﾅ ArcFace ResNet100 model loaded successfully
[2025-10-22 15:54:30] INFO: ￢ﾜﾓ FaceAligner initialized with fallback eye detector
[2025-10-22 15:54:30] INFO: StudentManager initialized successfully
[2025-10-22 15:54:32] INFO: GUI launched successfully
[2025-10-22 15:54:36] INFO: ￢ﾜﾅ ArcFace ResNet100 model loaded successfully
[2025-10-22 15:54:36] INFO: ￢ﾜﾓ FaceAligner initialized with fallback eye detector
[2025-10-22 15:54:36] INFO: FaceCaptureDialog created for student: Jin Rae
[2025-10-22 15:54:36] INFO: Dialog initialized
[2025-10-22 15:54:36] INFO: Starting camera preview...
[2025-10-22 15:54:36] INFO: Preview timer started at 20fps
[2025-10-22 15:54:43] INFO: Starting capture process...
[2025-10-22 15:54:43] INFO: Performing capture with target: 20
[2025-10-22 15:54:44] INFO: Debug: Capture process started
[2025-10-22 15:54:44] INFO: Debug: Image saved with confidence 1.00
[2025-10-22 15:54:45] INFO: Debug: Image saved with confidence 0.99
[2025-10-22 15:54:47] INFO: Debug: Image saved with confidence 0.99
[2025-10-22 15:54:48] INFO: Debug: Image saved with confidence 0.99
[2025-10-22 15:54:49] INFO: Debug: Image saved with confidence 0.99
[2025-10-22 15:54:51] INFO: Debug: Image saved with confidence 0.99
[2025-10-22 15:54:52] INFO: Debug: Image saved with confidence 0.99
[2025-10-22 15:54:54] INFO: Debug: Image saved with confidence 0.99
[2025-10-22 15:54:55] INFO: Debug: Image saved with confidence 1.00
[2025-10-22 15:54:57] INFO: Debug: Image saved with confidence 0.99
[2025-10-22 15:54:58] INFO: Debug: Image saved with confidence 1.00
[2025-10-22 15:55:00] INFO: Debug: Image saved with confidence 0.99
[2025-10-22 15:55:01] INFO: Debug: Image saved with confidence 0.99
[2025-10-22 15:55:03] INFO: Debug: Image saved with confidence 0.99
[2025-10-22 15:55:04] INFO: Debug: Image saved with confidence 0.99
[2025-10-22 15:55:05] INFO: Debug: Image saved with confidence 0.99
[2025-10-22 15:55:07] INFO: Debug: Image saved with confidence 0.99
[2025-10-22 15:55:08] INFO: Debug: Image saved with confidence 0.99
[2025-10-22 15:55:10] INFO: Debug: Image saved with confidence 0.99
[2025-10-22 15:55:11] INFO: Debug: Image saved with confidence 0.99
[2025-10-22 15:55:13] INFO: Debug: Capture process finished
[2025-10-22 15:55:13] INFO: Debug: Warning - Processing captured images...
[2025-10-22 15:55:14] INFO: ￢ﾜﾓ Saved embedding: S13234_001.emb
[2025-10-22 15:55:15] INFO: ￢ﾜﾓ Saved embedding: S13234_002.emb
[2025-10-22 15:55:15] INFO: ￢ﾜﾓ Saved embedding: S13234_003.emb
[2025-10-22 15:55:15] INFO: ￢ﾜﾓ Saved embedding: S13234_004.emb
[2025-10-22 15:55:15] INFO: ￢ﾜﾓ Saved embedding: S13234_005.emb
[2025-10-22 15:55:16] INFO: ￢ﾜﾓ Saved embedding: S13234_006.emb
[2025-10-22 15:55:16] INFO: ￢ﾜﾓ Saved embedding: S13234_007.emb
[2025-10-22 15:55:16] INFO: ￢ﾜﾓ Saved embedding: S13234_008.emb
[2025-10-22 15:55:17] INFO: ￢ﾜﾓ Saved embedding: S13234_009.emb
[2025-10-22 15:55:17] INFO: ￢ﾜﾓ Saved embedding: S13234_010.emb
[2025-10-22 15:55:17] INFO: ￢ﾜﾓ Saved embedding: S13234_011.emb
[2025-10-22 15:55:17] INFO: ￢ﾜﾓ Saved embedding: S13234_012.emb
[2025-10-22 15:55:18] INFO: ￢ﾜﾓ Saved embedding: S13234_013.emb
[2025-10-22 15:55:18] INFO: ￢ﾜﾓ Saved embedding: S13234_014.emb
[2025-10-22 15:55:18] INFO: ￢ﾜﾓ Saved embedding: S13234_015.emb
[2025-10-22 15:55:18] INFO: ￢ﾜﾓ Saved embedding: S13234_016.emb
[2025-10-22 15:55:19] INFO: ￢ﾜﾓ Saved embedding: S13234_017.emb
[2025-10-22 15:55:19] INFO: ￢ﾜﾓ Saved embedding: S13234_018.emb
[2025-10-22 15:55:19] INFO: ￢ﾜﾓ Saved embedding: S13234_019.emb
[2025-10-22 15:55:19] INFO: ￢ﾜﾓ Saved embedding: S13234_020.emb
[2025-10-22 15:55:19] INFO: Embedding generation complete: 20/20 successful
[2025-10-22 15:55:19] INFO: Debug: Warning - Analyzing embedding quality...
[2025-10-22 15:55:19] INFO:   Outlier detected: index=1, avgSim=0.9896, threshold=0.9934
[2025-10-22 15:55:19] INFO:   ￢ﾜﾗ Deleted outlier embedding: S13234_002.emb
[2025-10-22 15:55:19] INFO:   ￢ﾜﾗ Deleted outlier image: S13234_002.png
[2025-10-22 15:55:19] INFO: ￢ﾜﾓ Auto-removed 1 outlier embedding(s)
[2025-10-22 15:55:19] INFO: Debug: Warning - Removed 1 outlier image(s) automatically
[2025-10-22 15:55:19] INFO:   Weak embedding detected: index=1, avgSim=0.9896, threshold=0.9942, absThresh=0.6000
[2025-10-22 15:55:19] INFO: ￢ﾜﾓ All embeddings passed weakness check
[2025-10-22 15:55:19] INFO: Capture result: true - Successfully captured 20 high-quality face images
[2025-10-22 15:55:22] INFO: Debug: All images captured successfully
[2025-10-22 15:55:23] INFO: Disposing FaceCaptureDialog...
[2025-10-22 15:55:23] INFO: Preview timer stopped
[2025-10-22 15:55:23] INFO: Face detection resources released
