[2025-10-23 03:12:10] INFO: Application Logger Initialized.
[2025-10-23 03:12:10] INFO: Configuration and core components loaded.
[2025-10-23 03:12:10] INFO: app.properties normalized (55 entries).
[2025-10-23 03:12:10] INFO: Configuration loaded from classpath: app.properties
[2025-10-23 03:12:10] INFO: Configuration file loaded
[2025-10-23 03:12:10] INFO: MyGUIProgram Started!
[2025-10-23 03:12:12] INFO: ￢ﾜﾓ FaceAligner initialized with 5-point alignment support
[2025-10-23 03:12:12] INFO: ￢ﾜﾅ ArcFace ResNet100 model loaded successfully
[2025-10-23 03:12:12] INFO: ￢ﾜﾓ FaceAligner initialized with 5-point alignment support
[2025-10-23 03:12:12] INFO: === Folder debug ===
[2025-10-23 03:12:12] INFO: Found folder: C:\SMU\CS102 Project\FaceRecognitionCS102\data\facedata\S13234_Jin_Rae
[2025-10-23 03:12:12] INFO:   Contains: 40 items
[2025-10-23 03:12:12] INFO:   Display label: S13234 - Jin_Rae
[2025-10-23 03:12:12] INFO: ====================
[2025-10-23 03:12:12] INFO: Person S13234 - Jin_Rae: tightness=1.000, stdDev=0.000, absThresh=0.600, margin=0.100
[2025-10-23 03:12:12] INFO: DNN face detector loaded successfully for recognition
[2025-10-23 03:12:12] INFO: Attempting camera index 0 with DSHOW backend...
[2025-10-23 03:12:13] INFO: Camera opened successfully: index 0 with DSHOW backend
[2025-10-23 03:12:14] INFO: Camera configured: 640x480 @ 30fps (MJPEG: yes)
[2025-10-23 03:12:14] INFO: Camera initialized successfully
[2025-10-23 03:12:15] INFO: [Recognition] Scores: S13234 - Jin_Rae=1.000 
[2025-10-23 03:12:15] INFO: [Decision] Best=S13234 - Jin_Rae(1.000), 2nd=0.000, Discriminative=1.000, AvgNeg=0.000
[2025-10-23 03:12:15] INFO: [Thresholds] Abs=0.600, Margin=0.100(10.0%), RelMargin=100.0%, Tightness=1.000, StdDev=0.000
[2025-10-23 03:12:15] INFO: [Accept] S13234 - Jin_Rae | Raw=1.000, Confidence=100%, Margin=1.000 | Strong confidence match
[2025-10-23 03:12:15] INFO: [Recognition] Scores: S13234 - Jin_Rae=1.000 
[2025-10-23 03:12:15] INFO: [Decision] Best=S13234 - Jin_Rae(1.000), 2nd=0.000, Discriminative=1.000, AvgNeg=0.000
[2025-10-23 03:12:15] INFO: [Thresholds] Abs=0.600, Margin=0.100(10.0%), RelMargin=100.0%, Tightness=1.000, StdDev=0.000
[2025-10-23 03:12:15] INFO: [Accept] S13234 - Jin_Rae | Raw=1.000, Confidence=100%, Margin=1.000 | Strong confidence match
[2025-10-23 03:12:16] INFO: [Recognition] Scores: S13234 - Jin_Rae=1.000 
[2025-10-23 03:12:16] INFO: [Decision] Best=S13234 - Jin_Rae(1.000), 2nd=0.000, Discriminative=1.000, AvgNeg=0.000
[2025-10-23 03:12:16] INFO: [Thresholds] Abs=0.600, Margin=0.100(10.0%), RelMargin=100.0%, Tightness=1.000, StdDev=0.000
[2025-10-23 03:12:16] INFO: [Accept] S13234 - Jin_Rae | Raw=1.000, Confidence=100%, Margin=1.000 | Strong confidence match
[2025-10-23 03:12:16] INFO: [Recognition] Scores: S13234 - Jin_Rae=1.000 
[2025-10-23 03:12:16] INFO: [Decision] Best=S13234 - Jin_Rae(1.000), 2nd=0.000, Discriminative=1.000, AvgNeg=0.000
[2025-10-23 03:12:16] INFO: [Thresholds] Abs=0.600, Margin=0.100(10.0%), RelMargin=100.0%, Tightness=1.000, StdDev=0.000
[2025-10-23 03:12:16] INFO: [Accept] S13234 - Jin_Rae | Raw=1.000, Confidence=100%, Margin=1.000 | Strong confidence match
[2025-10-23 03:12:16] INFO: [Recognition] Scores: S13234 - Jin_Rae=1.000 
[2025-10-23 03:12:16] INFO: [Decision] Best=S13234 - Jin_Rae(1.000), 2nd=0.000, Discriminative=1.000, AvgNeg=0.000
[2025-10-23 03:12:16] INFO: [Thresholds] Abs=0.600, Margin=0.100(10.0%), RelMargin=100.0%, Tightness=1.000, StdDev=0.000
[2025-10-23 03:12:16] INFO: [Accept] S13234 - Jin_Rae | Raw=1.000, Confidence=100%, Margin=1.000 | Strong confidence match
[2025-10-23 03:12:16] INFO: [Recognition] Scores: S13234 - Jin_Rae=1.000 
[2025-10-23 03:12:16] INFO: [Decision] Best=S13234 - Jin_Rae(1.000), 2nd=0.000, Discriminative=1.000, AvgNeg=0.000
[2025-10-23 03:12:16] INFO: [Thresholds] Abs=0.600, Margin=0.100(10.0%), RelMargin=100.0%, Tightness=1.000, StdDev=0.000
[2025-10-23 03:12:16] INFO: [Accept] S13234 - Jin_Rae | Raw=1.000, Confidence=100%, Margin=1.000 | Strong confidence match
[2025-10-23 03:12:16] INFO: [Recognition] Scores: S13234 - Jin_Rae=1.000 
[2025-10-23 03:12:16] INFO: [Decision] Best=S13234 - Jin_Rae(1.000), 2nd=0.000, Discriminative=1.000, AvgNeg=0.000
[2025-10-23 03:12:16] INFO: [Thresholds] Abs=0.600, Margin=0.100(10.0%), RelMargin=100.0%, Tightness=1.000, StdDev=0.000
[2025-10-23 03:12:16] INFO: [Accept] S13234 - Jin_Rae | Raw=1.000, Confidence=100%, Margin=1.000 | Strong confidence match
[2025-10-23 03:12:17] INFO: [Recognition] Scores: S13234 - Jin_Rae=1.000 
[2025-10-23 03:12:17] INFO: [Decision] Best=S13234 - Jin_Rae(1.000), 2nd=0.000, Discriminative=1.000, AvgNeg=0.000
[2025-10-23 03:12:17] INFO: [Thresholds] Abs=0.600, Margin=0.100(10.0%), RelMargin=100.0%, Tightness=1.000, StdDev=0.000
[2025-10-23 03:12:17] INFO: [Accept] S13234 - Jin_Rae | Raw=1.000, Confidence=100%, Margin=1.000 | Strong confidence match
[2025-10-23 03:12:17] INFO: [Recognition] Scores: S13234 - Jin_Rae=1.000 
[2025-10-23 03:12:17] INFO: [Decision] Best=S13234 - Jin_Rae(1.000), 2nd=0.000, Discriminative=1.000, AvgNeg=0.000
[2025-10-23 03:12:17] INFO: [Thresholds] Abs=0.600, Margin=0.100(10.0%), RelMargin=100.0%, Tightness=1.000, StdDev=0.000
[2025-10-23 03:12:17] INFO: [Accept] S13234 - Jin_Rae | Raw=1.000, Confidence=100%, Margin=1.000 | Strong confidence match
[2025-10-23 03:12:17] INFO: [Recognition] Scores: S13234 - Jin_Rae=1.000 
[2025-10-23 03:12:17] INFO: [Decision] Best=S13234 - Jin_Rae(1.000), 2nd=0.000, Discriminative=1.000, AvgNeg=0.000
[2025-10-23 03:12:17] INFO: [Thresholds] Abs=0.600, Margin=0.100(10.0%), RelMargin=100.0%, Tightness=1.000, StdDev=0.000
[2025-10-23 03:12:17] INFO: [Accept] S13234 - Jin_Rae | Raw=1.000, Confidence=100%, Margin=1.000 | Strong confidence match
[2025-10-23 03:12:17] INFO: [Recognition] Scores: S13234 - Jin_Rae=1.000 
[2025-10-23 03:12:17] INFO: [Decision] Best=S13234 - Jin_Rae(1.000), 2nd=0.000, Discriminative=1.000, AvgNeg=0.000
[2025-10-23 03:12:17] INFO: [Thresholds] Abs=0.600, Margin=0.100(10.0%), RelMargin=100.0%, Tightness=1.000, StdDev=0.000
[2025-10-23 03:12:17] INFO: [Accept] S13234 - Jin_Rae | Raw=1.000, Confidence=100%, Margin=1.000 | Strong confidence match
[2025-10-23 03:12:17] INFO: [Recognition] Scores: S13234 - Jin_Rae=1.000 
[2025-10-23 03:12:17] INFO: [Decision] Best=S13234 - Jin_Rae(1.000), 2nd=0.000, Discriminative=1.000, AvgNeg=0.000
[2025-10-23 03:12:17] INFO: [Thresholds] Abs=0.600, Margin=0.100(10.0%), RelMargin=100.0%, Tightness=1.000, StdDev=0.000
[2025-10-23 03:12:17] INFO: [Accept] S13234 - Jin_Rae | Raw=1.000, Confidence=100%, Margin=1.000 | Strong confidence match
[2025-10-23 03:12:17] INFO: [Recognition] Scores: S13234 - Jin_Rae=1.000 
[2025-10-23 03:12:17] INFO: [Decision] Best=S13234 - Jin_Rae(1.000), 2nd=0.000, Discriminative=1.000, AvgNeg=0.000
[2025-10-23 03:12:17] INFO: [Thresholds] Abs=0.600, Margin=0.100(10.0%), RelMargin=100.0%, Tightness=1.000, StdDev=0.000
[2025-10-23 03:12:17] INFO: [Accept] S13234 - Jin_Rae | Raw=1.000, Confidence=100%, Margin=1.000 | Strong confidence match
[2025-10-23 03:12:18] INFO: [Recognition] Scores: S13234 - Jin_Rae=1.000 
[2025-10-23 03:12:18] INFO: [Decision] Best=S13234 - Jin_Rae(1.000), 2nd=0.000, Discriminative=1.000, AvgNeg=0.000
[2025-10-23 03:12:18] INFO: [Thresholds] Abs=0.600, Margin=0.100(10.0%), RelMargin=100.0%, Tightness=1.000, StdDev=0.000
[2025-10-23 03:12:18] INFO: [Accept] S13234 - Jin_Rae | Raw=1.000, Confidence=100%, Margin=1.000 | Strong confidence match
[2025-10-23 03:12:18] INFO: [Recognition] Scores: S13234 - Jin_Rae=1.000 
[2025-10-23 03:12:18] INFO: [Decision] Best=S13234 - Jin_Rae(1.000), 2nd=0.000, Discriminative=1.000, AvgNeg=0.000
[2025-10-23 03:12:18] INFO: [Thresholds] Abs=0.600, Margin=0.100(10.0%), RelMargin=100.0%, Tightness=1.000, StdDev=0.000
[2025-10-23 03:12:18] INFO: [Accept] S13234 - Jin_Rae | Raw=1.000, Confidence=100%, Margin=1.000 | Strong confidence match
[2025-10-23 03:12:18] INFO: [Recognition] Scores: S13234 - Jin_Rae=1.000 
[2025-10-23 03:12:18] INFO: [Decision] Best=S13234 - Jin_Rae(1.000), 2nd=0.000, Discriminative=1.000, AvgNeg=0.000
[2025-10-23 03:12:18] INFO: [Thresholds] Abs=0.600, Margin=0.100(10.0%), RelMargin=100.0%, Tightness=1.000, StdDev=0.000
[2025-10-23 03:12:18] INFO: [Accept] S13234 - Jin_Rae | Raw=1.000, Confidence=100%, Margin=1.000 | Strong confidence match
[2025-10-23 03:12:18] INFO: [Recognition] Scores: S13234 - Jin_Rae=1.000 
[2025-10-23 03:12:18] INFO: [Decision] Best=S13234 - Jin_Rae(1.000), 2nd=0.000, Discriminative=1.000, AvgNeg=0.000
[2025-10-23 03:12:18] INFO: [Thresholds] Abs=0.600, Margin=0.100(10.0%), RelMargin=100.0%, Tightness=1.000, StdDev=0.000
[2025-10-23 03:12:18] INFO: [Accept] S13234 - Jin_Rae | Raw=1.000, Confidence=100%, Margin=1.000 | Strong confidence match
[2025-10-23 03:12:18] INFO: [Recognition] Scores: S13234 - Jin_Rae=1.000 
[2025-10-23 03:12:18] INFO: [Decision] Best=S13234 - Jin_Rae(1.000), 2nd=0.000, Discriminative=1.000, AvgNeg=0.000
[2025-10-23 03:12:18] INFO: [Thresholds] Abs=0.600, Margin=0.100(10.0%), RelMargin=100.0%, Tightness=1.000, StdDev=0.000
[2025-10-23 03:12:18] INFO: [Accept] S13234 - Jin_Rae | Raw=1.000, Confidence=100%, Margin=1.000 | Strong confidence match
[2025-10-23 03:12:18] INFO: [Recognition] Scores: S13234 - Jin_Rae=1.000 
[2025-10-23 03:12:18] INFO: [Decision] Best=S13234 - Jin_Rae(1.000), 2nd=0.000, Discriminative=1.000, AvgNeg=0.000
[2025-10-23 03:12:18] INFO: [Thresholds] Abs=0.600, Margin=0.100(10.0%), RelMargin=100.0%, Tightness=1.000, StdDev=0.000
[2025-10-23 03:12:18] INFO: [Accept] S13234 - Jin_Rae | Raw=1.000, Confidence=100%, Margin=1.000 | Strong confidence match
[2025-10-23 03:12:19] INFO: [Recognition] Scores: S13234 - Jin_Rae=1.000 
[2025-10-23 03:12:19] INFO: [Decision] Best=S13234 - Jin_Rae(1.000), 2nd=0.000, Discriminative=1.000, AvgNeg=0.000
[2025-10-23 03:12:19] INFO: [Thresholds] Abs=0.600, Margin=0.100(10.0%), RelMargin=100.0%, Tightness=1.000, StdDev=0.000
[2025-10-23 03:12:19] INFO: [Accept] S13234 - Jin_Rae | Raw=1.000, Confidence=100%, Margin=1.000 | Strong confidence match
[2025-10-23 03:12:19] INFO: [Recognition] Scores: S13234 - Jin_Rae=1.000 
[2025-10-23 03:12:19] INFO: [Decision] Best=S13234 - Jin_Rae(1.000), 2nd=0.000, Discriminative=1.000, AvgNeg=0.000
[2025-10-23 03:12:19] INFO: [Thresholds] Abs=0.600, Margin=0.100(10.0%), RelMargin=100.0%, Tightness=1.000, StdDev=0.000
[2025-10-23 03:12:19] INFO: [Accept] S13234 - Jin_Rae | Raw=1.000, Confidence=100%, Margin=1.000 | Strong confidence match
[2025-10-23 03:12:19] INFO: [Recognition] Scores: S13234 - Jin_Rae=1.000 
[2025-10-23 03:12:19] INFO: [Decision] Best=S13234 - Jin_Rae(1.000), 2nd=0.000, Discriminative=1.000, AvgNeg=0.000
[2025-10-23 03:12:19] INFO: [Thresholds] Abs=0.600, Margin=0.100(10.0%), RelMargin=100.0%, Tightness=1.000, StdDev=0.000
[2025-10-23 03:12:19] INFO: [Accept] S13234 - Jin_Rae | Raw=1.000, Confidence=100%, Margin=1.000 | Strong confidence match
[2025-10-23 03:12:19] INFO: [Recognition] Scores: S13234 - Jin_Rae=1.000 
[2025-10-23 03:12:19] INFO: [Decision] Best=S13234 - Jin_Rae(1.000), 2nd=0.000, Discriminative=1.000, AvgNeg=0.000
[2025-10-23 03:12:19] INFO: [Thresholds] Abs=0.600, Margin=0.100(10.0%), RelMargin=100.0%, Tightness=1.000, StdDev=0.000
[2025-10-23 03:12:19] INFO: [Accept] S13234 - Jin_Rae | Raw=1.000, Confidence=100%, Margin=1.000 | Strong confidence match
[2025-10-23 03:12:19] INFO: [Recognition] Scores: S13234 - Jin_Rae=1.000 
[2025-10-23 03:12:19] INFO: [Decision] Best=S13234 - Jin_Rae(1.000), 2nd=0.000, Discriminative=1.000, AvgNeg=0.000
[2025-10-23 03:12:19] INFO: [Thresholds] Abs=0.600, Margin=0.100(10.0%), RelMargin=100.0%, Tightness=1.000, StdDev=0.000
[2025-10-23 03:12:19] INFO: [Accept] S13234 - Jin_Rae | Raw=1.000, Confidence=100%, Margin=1.000 | Strong confidence match
[2025-10-23 03:12:20] INFO: [Recognition] Scores: S13234 - Jin_Rae=1.000 
[2025-10-23 03:12:20] INFO: [Decision] Best=S13234 - Jin_Rae(1.000), 2nd=0.000, Discriminative=1.000, AvgNeg=0.000
[2025-10-23 03:12:20] INFO: [Thresholds] Abs=0.600, Margin=0.100(10.0%), RelMargin=100.0%, Tightness=1.000, StdDev=0.000
[2025-10-23 03:12:20] INFO: [Accept] S13234 - Jin_Rae | Raw=1.000, Confidence=100%, Margin=1.000 | Strong confidence match
[2025-10-23 03:12:20] INFO: [Recognition] Scores: S13234 - Jin_Rae=1.000 
[2025-10-23 03:12:20] INFO: [Decision] Best=S13234 - Jin_Rae(1.000), 2nd=0.000, Discriminative=1.000, AvgNeg=0.000
[2025-10-23 03:12:20] INFO: [Thresholds] Abs=0.600, Margin=0.100(10.0%), RelMargin=100.0%, Tightness=1.000, StdDev=0.000
[2025-10-23 03:12:20] INFO: [Accept] S13234 - Jin_Rae | Raw=1.000, Confidence=100%, Margin=1.000 | Strong confidence match
[2025-10-23 03:12:20] INFO: [Recognition] Scores: S13234 - Jin_Rae=1.000 
[2025-10-23 03:12:20] INFO: [Decision] Best=S13234 - Jin_Rae(1.000), 2nd=0.000, Discriminative=1.000, AvgNeg=0.000
[2025-10-23 03:12:20] INFO: [Thresholds] Abs=0.600, Margin=0.100(10.0%), RelMargin=100.0%, Tightness=1.000, StdDev=0.000
[2025-10-23 03:12:20] INFO: [Accept] S13234 - Jin_Rae | Raw=1.000, Confidence=100%, Margin=1.000 | Strong confidence match
[2025-10-23 03:12:20] INFO: [Recognition] Scores: S13234 - Jin_Rae=1.000 
[2025-10-23 03:12:20] INFO: [Decision] Best=S13234 - Jin_Rae(1.000), 2nd=0.000, Discriminative=1.000, AvgNeg=0.000
[2025-10-23 03:12:20] INFO: [Thresholds] Abs=0.600, Margin=0.100(10.0%), RelMargin=100.0%, Tightness=1.000, StdDev=0.000
[2025-10-23 03:12:20] INFO: [Accept] S13234 - Jin_Rae | Raw=1.000, Confidence=100%, Margin=1.000 | Strong confidence match
[2025-10-23 03:12:20] INFO: [Recognition] Scores: S13234 - Jin_Rae=1.000 
[2025-10-23 03:12:20] INFO: [Decision] Best=S13234 - Jin_Rae(1.000), 2nd=0.000, Discriminative=1.000, AvgNeg=0.000
[2025-10-23 03:12:20] INFO: [Thresholds] Abs=0.600, Margin=0.100(10.0%), RelMargin=100.0%, Tightness=1.000, StdDev=0.000
[2025-10-23 03:12:20] INFO: [Accept] S13234 - Jin_Rae | Raw=1.000, Confidence=100%, Margin=1.000 | Strong confidence match
[2025-10-23 03:12:20] INFO: [Recognition] Scores: S13234 - Jin_Rae=1.000 
[2025-10-23 03:12:20] INFO: [Decision] Best=S13234 - Jin_Rae(1.000), 2nd=0.000, Discriminative=1.000, AvgNeg=0.000
[2025-10-23 03:12:20] INFO: [Thresholds] Abs=0.600, Margin=0.100(10.0%), RelMargin=100.0%, Tightness=1.000, StdDev=0.000
[2025-10-23 03:12:20] INFO: [Accept] S13234 - Jin_Rae | Raw=1.000, Confidence=100%, Margin=1.000 | Strong confidence match
[2025-10-23 03:12:21] INFO: [Recognition] Scores: S13234 - Jin_Rae=1.000 
[2025-10-23 03:12:21] INFO: [Decision] Best=S13234 - Jin_Rae(1.000), 2nd=0.000, Discriminative=1.000, AvgNeg=0.000
[2025-10-23 03:12:21] INFO: [Thresholds] Abs=0.600, Margin=0.100(10.0%), RelMargin=100.0%, Tightness=1.000, StdDev=0.000
[2025-10-23 03:12:21] INFO: [Accept] S13234 - Jin_Rae | Raw=1.000, Confidence=100%, Margin=1.000 | Strong confidence match
[2025-10-23 03:12:21] INFO: [Recognition] Scores: S13234 - Jin_Rae=1.000 
[2025-10-23 03:12:21] INFO: [Decision] Best=S13234 - Jin_Rae(1.000), 2nd=0.000, Discriminative=1.000, AvgNeg=0.000
[2025-10-23 03:12:21] INFO: [Thresholds] Abs=0.600, Margin=0.100(10.0%), RelMargin=100.0%, Tightness=1.000, StdDev=0.000
[2025-10-23 03:12:21] INFO: [Accept] S13234 - Jin_Rae | Raw=1.000, Confidence=100%, Margin=1.000 | Strong confidence match
[2025-10-23 03:12:21] INFO: [Recognition] Scores: S13234 - Jin_Rae=1.000 
[2025-10-23 03:12:21] INFO: [Decision] Best=S13234 - Jin_Rae(1.000), 2nd=0.000, Discriminative=1.000, AvgNeg=0.000
[2025-10-23 03:12:21] INFO: [Thresholds] Abs=0.600, Margin=0.100(10.0%), RelMargin=100.0%, Tightness=1.000, StdDev=0.000
[2025-10-23 03:12:21] INFO: [Accept] S13234 - Jin_Rae | Raw=1.000, Confidence=100%, Margin=1.000 | Strong confidence match
[2025-10-23 03:12:21] INFO: [Recognition] Scores: S13234 - Jin_Rae=1.000 
[2025-10-23 03:12:21] INFO: [Decision] Best=S13234 - Jin_Rae(1.000), 2nd=0.000, Discriminative=1.000, AvgNeg=0.000
[2025-10-23 03:12:21] INFO: [Thresholds] Abs=0.600, Margin=0.100(10.0%), RelMargin=100.0%, Tightness=1.000, StdDev=0.000
[2025-10-23 03:12:21] INFO: [Accept] S13234 - Jin_Rae | Raw=1.000, Confidence=100%, Margin=1.000 | Strong confidence match
[2025-10-23 03:12:21] INFO: [Recognition] Scores: S13234 - Jin_Rae=1.000 
[2025-10-23 03:12:21] INFO: [Decision] Best=S13234 - Jin_Rae(1.000), 2nd=0.000, Discriminative=1.000, AvgNeg=0.000
[2025-10-23 03:12:21] INFO: [Thresholds] Abs=0.600, Margin=0.100(10.0%), RelMargin=100.0%, Tightness=1.000, StdDev=0.000
[2025-10-23 03:12:21] INFO: [Accept] S13234 - Jin_Rae | Raw=1.000, Confidence=100%, Margin=1.000 | Strong confidence match
[2025-10-23 03:12:21] INFO: [Recognition] Scores: S13234 - Jin_Rae=1.000 
[2025-10-23 03:12:21] INFO: [Decision] Best=S13234 - Jin_Rae(1.000), 2nd=0.000, Discriminative=1.000, AvgNeg=0.000
[2025-10-23 03:12:21] INFO: [Thresholds] Abs=0.600, Margin=0.100(10.0%), RelMargin=100.0%, Tightness=1.000, StdDev=0.000
[2025-10-23 03:12:21] INFO: [Accept] S13234 - Jin_Rae | Raw=1.000, Confidence=100%, Margin=1.000 | Strong confidence match
[2025-10-23 03:12:22] INFO: [Recognition] Scores: S13234 - Jin_Rae=1.000 
[2025-10-23 03:12:22] INFO: [Decision] Best=S13234 - Jin_Rae(1.000), 2nd=0.000, Discriminative=1.000, AvgNeg=0.000
[2025-10-23 03:12:22] INFO: [Thresholds] Abs=0.600, Margin=0.100(10.0%), RelMargin=100.0%, Tightness=1.000, StdDev=0.000
[2025-10-23 03:12:22] INFO: [Accept] S13234 - Jin_Rae | Raw=1.000, Confidence=100%, Margin=1.000 | Strong confidence match
[2025-10-23 03:12:22] INFO: [Recognition] Scores: S13234 - Jin_Rae=1.000 
[2025-10-23 03:12:22] INFO: [Decision] Best=S13234 - Jin_Rae(1.000), 2nd=0.000, Discriminative=1.000, AvgNeg=0.000
[2025-10-23 03:12:22] INFO: [Thresholds] Abs=0.600, Margin=0.100(10.0%), RelMargin=100.0%, Tightness=1.000, StdDev=0.000
[2025-10-23 03:12:22] INFO: [Accept] S13234 - Jin_Rae | Raw=1.000, Confidence=100%, Margin=1.000 | Strong confidence match
[2025-10-23 03:12:22] INFO: [Recognition] Scores: S13234 - Jin_Rae=1.000 
[2025-10-23 03:12:22] INFO: [Decision] Best=S13234 - Jin_Rae(1.000), 2nd=0.000, Discriminative=1.000, AvgNeg=0.000
[2025-10-23 03:12:22] INFO: [Thresholds] Abs=0.600, Margin=0.100(10.0%), RelMargin=100.0%, Tightness=1.000, StdDev=0.000
[2025-10-23 03:12:22] INFO: [Accept] S13234 - Jin_Rae | Raw=1.000, Confidence=100%, Margin=1.000 | Strong confidence match
[2025-10-23 03:12:22] INFO: [Recognition] Scores: S13234 - Jin_Rae=1.000 
[2025-10-23 03:12:22] INFO: [Decision] Best=S13234 - Jin_Rae(1.000), 2nd=0.000, Discriminative=1.000, AvgNeg=0.000
[2025-10-23 03:12:22] INFO: [Thresholds] Abs=0.600, Margin=0.100(10.0%), RelMargin=100.0%, Tightness=1.000, StdDev=0.000
[2025-10-23 03:12:22] INFO: [Accept] S13234 - Jin_Rae | Raw=1.000, Confidence=100%, Margin=1.000 | Strong confidence match
[2025-10-23 03:12:22] INFO: [Recognition] Scores: S13234 - Jin_Rae=1.000 
[2025-10-23 03:12:22] INFO: [Decision] Best=S13234 - Jin_Rae(1.000), 2nd=0.000, Discriminative=1.000, AvgNeg=0.000
[2025-10-23 03:12:22] INFO: [Thresholds] Abs=0.600, Margin=0.100(10.0%), RelMargin=100.0%, Tightness=1.000, StdDev=0.000
[2025-10-23 03:12:22] INFO: [Accept] S13234 - Jin_Rae | Raw=1.000, Confidence=100%, Margin=1.000 | Strong confidence match
[2025-10-23 03:12:23] INFO: [Recognition] Scores: S13234 - Jin_Rae=1.000 
[2025-10-23 03:12:23] INFO: [Decision] Best=S13234 - Jin_Rae(1.000), 2nd=0.000, Discriminative=1.000, AvgNeg=0.000
[2025-10-23 03:12:23] INFO: [Thresholds] Abs=0.600, Margin=0.100(10.0%), RelMargin=100.0%, Tightness=1.000, StdDev=0.000
[2025-10-23 03:12:23] INFO: [Accept] S13234 - Jin_Rae | Raw=1.000, Confidence=100%, Margin=1.000 | Strong confidence match
[2025-10-23 03:12:23] INFO: [Recognition] Scores: S13234 - Jin_Rae=1.000 
[2025-10-23 03:12:23] INFO: [Decision] Best=S13234 - Jin_Rae(1.000), 2nd=0.000, Discriminative=1.000, AvgNeg=0.000
[2025-10-23 03:12:23] INFO: [Thresholds] Abs=0.600, Margin=0.100(10.0%), RelMargin=100.0%, Tightness=1.000, StdDev=0.000
[2025-10-23 03:12:23] INFO: [Accept] S13234 - Jin_Rae | Raw=1.000, Confidence=100%, Margin=1.000 | Strong confidence match
[2025-10-23 03:12:23] INFO: [Recognition] Scores: S13234 - Jin_Rae=1.000 
[2025-10-23 03:12:23] INFO: [Decision] Best=S13234 - Jin_Rae(1.000), 2nd=0.000, Discriminative=1.000, AvgNeg=0.000
[2025-10-23 03:12:23] INFO: [Thresholds] Abs=0.600, Margin=0.100(10.0%), RelMargin=100.0%, Tightness=1.000, StdDev=0.000
[2025-10-23 03:12:23] INFO: [Accept] S13234 - Jin_Rae | Raw=1.000, Confidence=100%, Margin=1.000 | Strong confidence match
[2025-10-23 03:12:23] INFO: [Recognition] Scores: S13234 - Jin_Rae=1.000 
[2025-10-23 03:12:23] INFO: [Decision] Best=S13234 - Jin_Rae(1.000), 2nd=0.000, Discriminative=1.000, AvgNeg=0.000
[2025-10-23 03:12:23] INFO: [Thresholds] Abs=0.600, Margin=0.100(10.0%), RelMargin=100.0%, Tightness=1.000, StdDev=0.000
[2025-10-23 03:12:23] INFO: [Accept] S13234 - Jin_Rae | Raw=1.000, Confidence=100%, Margin=1.000 | Strong confidence match
[2025-10-23 03:12:23] INFO: [Recognition] Scores: S13234 - Jin_Rae=1.000 
[2025-10-23 03:12:23] INFO: [Decision] Best=S13234 - Jin_Rae(1.000), 2nd=0.000, Discriminative=1.000, AvgNeg=0.000
[2025-10-23 03:12:23] INFO: [Thresholds] Abs=0.600, Margin=0.100(10.0%), RelMargin=100.0%, Tightness=1.000, StdDev=0.000
[2025-10-23 03:12:23] INFO: [Accept] S13234 - Jin_Rae | Raw=1.000, Confidence=100%, Margin=1.000 | Strong confidence match
[2025-10-23 03:12:23] INFO: [Recognition] Scores: S13234 - Jin_Rae=1.000 
[2025-10-23 03:12:23] INFO: [Decision] Best=S13234 - Jin_Rae(1.000), 2nd=0.000, Discriminative=1.000, AvgNeg=0.000
[2025-10-23 03:12:23] INFO: [Thresholds] Abs=0.600, Margin=0.100(10.0%), RelMargin=100.0%, Tightness=1.000, StdDev=0.000
[2025-10-23 03:12:23] INFO: [Accept] S13234 - Jin_Rae | Raw=1.000, Confidence=100%, Margin=1.000 | Strong confidence match
[2025-10-23 03:12:24] INFO: [Recognition] Scores: S13234 - Jin_Rae=1.000 
[2025-10-23 03:12:24] INFO: [Decision] Best=S13234 - Jin_Rae(1.000), 2nd=0.000, Discriminative=1.000, AvgNeg=0.000
[2025-10-23 03:12:24] INFO: [Thresholds] Abs=0.600, Margin=0.100(10.0%), RelMargin=100.0%, Tightness=1.000, StdDev=0.000
[2025-10-23 03:12:24] INFO: [Accept] S13234 - Jin_Rae | Raw=1.000, Confidence=100%, Margin=1.000 | Strong confidence match
[2025-10-23 03:12:24] INFO: [Recognition] Scores: S13234 - Jin_Rae=1.000 
[2025-10-23 03:12:24] INFO: [Decision] Best=S13234 - Jin_Rae(1.000), 2nd=0.000, Discriminative=1.000, AvgNeg=0.000
[2025-10-23 03:12:24] INFO: [Thresholds] Abs=0.600, Margin=0.100(10.0%), RelMargin=100.0%, Tightness=1.000, StdDev=0.000
[2025-10-23 03:12:24] INFO: [Accept] S13234 - Jin_Rae | Raw=1.000, Confidence=100%, Margin=1.000 | Strong confidence match
[2025-10-23 03:12:24] INFO: [Recognition] Scores: S13234 - Jin_Rae=1.000 
[2025-10-23 03:12:24] INFO: [Decision] Best=S13234 - Jin_Rae(1.000), 2nd=0.000, Discriminative=1.000, AvgNeg=0.000
[2025-10-23 03:12:24] INFO: [Thresholds] Abs=0.600, Margin=0.100(10.0%), RelMargin=100.0%, Tightness=1.000, StdDev=0.000
[2025-10-23 03:12:24] INFO: [Accept] S13234 - Jin_Rae | Raw=1.000, Confidence=100%, Margin=1.000 | Strong confidence match
[2025-10-23 03:12:24] INFO: [Recognition] Scores: S13234 - Jin_Rae=1.000 
[2025-10-23 03:12:24] INFO: [Decision] Best=S13234 - Jin_Rae(1.000), 2nd=0.000, Discriminative=1.000, AvgNeg=0.000
[2025-10-23 03:12:24] INFO: [Thresholds] Abs=0.600, Margin=0.100(10.0%), RelMargin=100.0%, Tightness=1.000, StdDev=0.000
[2025-10-23 03:12:24] INFO: [Accept] S13234 - Jin_Rae | Raw=1.000, Confidence=100%, Margin=1.000 | Strong confidence match
[2025-10-23 03:12:24] INFO: [Recognition] Scores: S13234 - Jin_Rae=1.000 
[2025-10-23 03:12:24] INFO: [Decision] Best=S13234 - Jin_Rae(1.000), 2nd=0.000, Discriminative=1.000, AvgNeg=0.000
[2025-10-23 03:12:24] INFO: [Thresholds] Abs=0.600, Margin=0.100(10.0%), RelMargin=100.0%, Tightness=1.000, StdDev=0.000
[2025-10-23 03:12:24] INFO: [Accept] S13234 - Jin_Rae | Raw=1.000, Confidence=100%, Margin=1.000 | Strong confidence match
[2025-10-23 03:12:25] INFO: [Recognition] Scores: S13234 - Jin_Rae=1.000 
[2025-10-23 03:12:25] INFO: [Decision] Best=S13234 - Jin_Rae(1.000), 2nd=0.000, Discriminative=1.000, AvgNeg=0.000
[2025-10-23 03:12:25] INFO: [Thresholds] Abs=0.600, Margin=0.100(10.0%), RelMargin=100.0%, Tightness=1.000, StdDev=0.000
[2025-10-23 03:12:25] INFO: [Accept] S13234 - Jin_Rae | Raw=1.000, Confidence=100%, Margin=1.000 | Strong confidence match
[2025-10-23 03:12:25] INFO: Exiting Face Recognition Demo...
[2025-10-23 03:12:25] INFO: [Recognition] Scores: S13234 - Jin_Rae=1.000 
[2025-10-23 03:12:25] INFO: [Decision] Best=S13234 - Jin_Rae(1.000), 2nd=0.000, Discriminative=1.000, AvgNeg=0.000
[2025-10-23 03:12:25] INFO: [Thresholds] Abs=0.600, Margin=0.100(10.0%), RelMargin=100.0%, Tightness=1.000, StdDev=0.000
[2025-10-23 03:12:25] INFO: [Accept] S13234 - Jin_Rae | Raw=1.000, Confidence=100%, Margin=1.000 | Strong confidence match
[2025-10-23 03:12:25] INFO: Exiting Face Recognition Demo...
