[2025-10-24 09:12:58] INFO: Application Logger Initialized.
[2025-10-24 09:12:58] INFO: Configuration and core components loaded.
[2025-10-24 09:12:58] INFO: app.properties normalized (55 entries).
[2025-10-24 09:12:58] INFO: Configuration loaded from classpath: app.properties
[2025-10-24 09:12:58] INFO: Configuration file loaded
[2025-10-24 09:12:58] INFO: MyGUIProgram Started!
[2025-10-24 09:13:01] INFO: ￢ﾜﾅ ArcFace ResNet100 model loaded successfully
[2025-10-24 09:13:01] INFO: ￢ﾜﾓ FaceAligner initialized with 5-point alignment support
[2025-10-24 09:13:01] INFO: ￢ﾜﾓ FaceAligner initialized with 5-point alignment support
[2025-10-24 09:13:01] INFO: === Folder debug ===
[2025-10-24 09:13:01] INFO: Found folder: C:\SMU\CS102 Project\FaceRecognitionCS102\data\facedata\S13234_Jin_Rae
[2025-10-24 09:13:01] INFO:   Contains: 22 items
[2025-10-24 09:13:01] INFO:   Display label: S13234 - Jin_Rae
[2025-10-24 09:13:01] INFO: ====================
[2025-10-24 09:13:01] INFO: Person S13234 - Jin_Rae: tightness=0.837, stdDev=0.029, absThresh=0.616, margin=0.116
[2025-10-24 09:13:01] INFO: DEBUG CENTROID:
[2025-10-24 09:13:01] INFO:   Centroid length: 512
[2025-10-24 09:13:01] INFO:   Centroid first 10 values:
[2025-10-24 09:13:01] INFO:   -0.028593785166595227 
[2025-10-24 09:13:01] INFO:   0.028991017338915622 
[2025-10-24 09:13:01] INFO:   0.0016995196587905781 
[2025-10-24 09:13:01] INFO:   -0.011126352209855682 
[2025-10-24 09:13:01] INFO:   -0.032112121028909056 
[2025-10-24 09:13:01] INFO:   0.014363034236117199 
[2025-10-24 09:13:01] INFO:   -0.004951837419878797 
[2025-10-24 09:13:01] INFO:   -0.0239825003030594 
[2025-10-24 09:13:01] INFO:   0.04780148405693992 
[2025-10-24 09:13:01] INFO:   -0.0253077880648383 
[2025-10-24 09:13:01] INFO:   Centroid magnitude: 0.9999999999999997
[2025-10-24 09:13:01] INFO: DNN face detector loaded successfully for recognition
[2025-10-24 09:13:01] INFO: Attempting camera index 0 with DSHOW backend...
[2025-10-24 09:13:03] INFO: Camera opened successfully: index 0 with DSHOW backend
[2025-10-24 09:13:07] INFO: Camera configured: 640x480 @ 30fps (MJPEG: yes)
[2025-10-24 09:13:07] INFO: Camera initialized successfully
[2025-10-24 09:13:07] INFO: === STAGE 1: Face Detection & Preprocessing ===
[2025-10-24 09:13:07] INFO: Original frame resolution: 221x221
[2025-10-24 09:13:07] INFO: Face ROI size: 221x221
[2025-10-24 09:13:07] INFO: Face ROI mean pixel value (BGR): [184.92903503204278, 200.86458098728528, 203.68874511168897, 0.0]
[2025-10-24 09:13:07] INFO: Face ROI std deviation: 54.04875721584994
[2025-10-24 09:13:08] INFO: [Recognition] Scores: S13234 - Jin_Rae=0.181 
[2025-10-24 09:13:08] INFO: [Decision] Best=S13234 - Jin_Rae(0.181), 2nd=0.000, Discriminative=0.181, AvgNeg=0.000
[2025-10-24 09:13:08] INFO: [Thresholds] Abs=0.616, Margin=0.116(64.4%), RelMargin=100.0%, Tightness=0.837, StdDev=0.029
[2025-10-24 09:13:08] INFO: [Reject] Best=S13234 - Jin_Rae(0.181), 2nd=0.000, Confidence=100%, Margin=0.181 | Raw score too low (0.181 < 0.70)
[2025-10-24 09:13:08] INFO: === STAGE 1: Face Detection & Preprocessing ===
[2025-10-24 09:13:08] INFO: Original frame resolution: 293x293
[2025-10-24 09:13:08] INFO: Face ROI size: 293x293
[2025-10-24 09:13:08] INFO: Face ROI mean pixel value (BGR): [188.8833067362462, 203.11105545783875, 209.56952323265267, 0.0]
[2025-10-24 09:13:08] INFO: Face ROI std deviation: 53.10569314048722
[2025-10-24 09:13:08] INFO: [Recognition] Scores: S13234 - Jin_Rae=0.133 
[2025-10-24 09:13:08] INFO: [Decision] Best=S13234 - Jin_Rae(0.133), 2nd=0.000, Discriminative=0.133, AvgNeg=0.000
[2025-10-24 09:13:08] INFO: [Thresholds] Abs=0.616, Margin=0.116(87.3%), RelMargin=100.0%, Tightness=0.837, StdDev=0.029
[2025-10-24 09:13:08] INFO: [Reject] Best=S13234 - Jin_Rae(0.133), 2nd=0.000, Confidence=100%, Margin=0.133 | Raw score too low (0.133 < 0.70)
[2025-10-24 09:13:08] INFO: === STAGE 1: Face Detection & Preprocessing ===
[2025-10-24 09:13:08] INFO: Original frame resolution: 328x328
[2025-10-24 09:13:08] INFO: Face ROI size: 328x328
[2025-10-24 09:13:08] INFO: Face ROI mean pixel value (BGR): [177.01981707317074, 187.94368121653778, 199.63889611838192, 0.0]
[2025-10-24 09:13:08] INFO: Face ROI std deviation: 49.26769440800569
[2025-10-24 09:13:08] INFO: [Recognition] Scores: S13234 - Jin_Rae=0.291 
[2025-10-24 09:13:08] INFO: [Decision] Best=S13234 - Jin_Rae(0.291), 2nd=0.000, Discriminative=0.291, AvgNeg=0.000
[2025-10-24 09:13:08] INFO: [Thresholds] Abs=0.616, Margin=0.116(40.0%), RelMargin=100.0%, Tightness=0.837, StdDev=0.029
[2025-10-24 09:13:08] INFO: [Reject] Best=S13234 - Jin_Rae(0.291), 2nd=0.000, Confidence=100%, Margin=0.291 | Raw score too low (0.291 < 0.70)
[2025-10-24 09:13:09] INFO: === STAGE 1: Face Detection & Preprocessing ===
[2025-10-24 09:13:09] INFO: Original frame resolution: 326x326
[2025-10-24 09:13:09] INFO: Face ROI size: 326x326
[2025-10-24 09:13:09] INFO: Face ROI mean pixel value (BGR): [171.0836501185592, 182.0159772667394, 193.43084986262184, 0.0]
[2025-10-24 09:13:09] INFO: Face ROI std deviation: 49.39900485273004
[2025-10-24 09:13:09] INFO: [Recognition] Scores: S13234 - Jin_Rae=0.251 
[2025-10-24 09:13:09] INFO: [Decision] Best=S13234 - Jin_Rae(0.251), 2nd=0.000, Discriminative=0.251, AvgNeg=0.000
[2025-10-24 09:13:09] INFO: [Thresholds] Abs=0.616, Margin=0.116(46.4%), RelMargin=100.0%, Tightness=0.837, StdDev=0.029
[2025-10-24 09:13:09] INFO: [Reject] Best=S13234 - Jin_Rae(0.251), 2nd=0.000, Confidence=100%, Margin=0.251 | Raw score too low (0.251 < 0.70)
[2025-10-24 09:13:09] INFO: === STAGE 1: Face Detection & Preprocessing ===
[2025-10-24 09:13:09] INFO: Original frame resolution: 330x330
[2025-10-24 09:13:09] INFO: Face ROI size: 330x330
[2025-10-24 09:13:09] INFO: Face ROI mean pixel value (BGR): [172.75159779614324, 183.67303030303032, 194.06004591368227, 0.0]
[2025-10-24 09:13:09] INFO: Face ROI std deviation: 49.69538203967892
[2025-10-24 09:13:09] INFO: [Recognition] Scores: S13234 - Jin_Rae=0.201 
[2025-10-24 09:13:09] INFO: [Decision] Best=S13234 - Jin_Rae(0.201), 2nd=0.000, Discriminative=0.201, AvgNeg=0.000
[2025-10-24 09:13:09] INFO: [Thresholds] Abs=0.616, Margin=0.116(57.9%), RelMargin=100.0%, Tightness=0.837, StdDev=0.029
[2025-10-24 09:13:09] INFO: [Reject] Best=S13234 - Jin_Rae(0.201), 2nd=0.000, Confidence=100%, Margin=0.201 | Raw score too low (0.201 < 0.70)
[2025-10-24 09:13:10] INFO: === STAGE 1: Face Detection & Preprocessing ===
[2025-10-24 09:13:10] INFO: Original frame resolution: 329x329
[2025-10-24 09:13:10] INFO: Face ROI size: 329x329
[2025-10-24 09:13:10] INFO: Face ROI mean pixel value (BGR): [173.56088727931188, 184.41100876747257, 194.60730222374144, 0.0]
[2025-10-24 09:13:10] INFO: Face ROI std deviation: 50.08716388491906
[2025-10-24 09:13:10] INFO: [Recognition] Scores: S13234 - Jin_Rae=0.210 
[2025-10-24 09:13:10] INFO: [Decision] Best=S13234 - Jin_Rae(0.210), 2nd=0.000, Discriminative=0.210, AvgNeg=0.000
[2025-10-24 09:13:10] INFO: [Thresholds] Abs=0.616, Margin=0.116(55.3%), RelMargin=100.0%, Tightness=0.837, StdDev=0.029
[2025-10-24 09:13:10] INFO: [Reject] Best=S13234 - Jin_Rae(0.210), 2nd=0.000, Confidence=100%, Margin=0.210 | Raw score too low (0.210 < 0.70)
[2025-10-24 09:13:10] INFO: === STAGE 1: Face Detection & Preprocessing ===
[2025-10-24 09:13:10] INFO: Original frame resolution: 325x325
[2025-10-24 09:13:10] INFO: Face ROI size: 325x325
[2025-10-24 09:13:10] INFO: Face ROI mean pixel value (BGR): [172.49868875739642, 183.59435739644968, 193.37057514792897, 0.0]
[2025-10-24 09:13:10] INFO: Face ROI std deviation: 50.01618730334699
[2025-10-24 09:13:10] INFO: [Recognition] Scores: S13234 - Jin_Rae=0.212 
[2025-10-24 09:13:10] INFO: [Decision] Best=S13234 - Jin_Rae(0.212), 2nd=0.000, Discriminative=0.212, AvgNeg=0.000
[2025-10-24 09:13:10] INFO: [Thresholds] Abs=0.616, Margin=0.116(55.0%), RelMargin=100.0%, Tightness=0.837, StdDev=0.029
[2025-10-24 09:13:10] INFO: [Reject] Best=S13234 - Jin_Rae(0.212), 2nd=0.000, Confidence=100%, Margin=0.212 | Raw score too low (0.212 < 0.70)
[2025-10-24 09:13:10] INFO: === STAGE 1: Face Detection & Preprocessing ===
[2025-10-24 09:13:10] INFO: Original frame resolution: 314x314
[2025-10-24 09:13:10] INFO: Face ROI size: 314x314
[2025-10-24 09:13:10] INFO: Face ROI mean pixel value (BGR): [171.95339567528092, 183.55645259442574, 192.83319810134284, 0.0]
[2025-10-24 09:13:10] INFO: Face ROI std deviation: 50.4342173213564
[2025-10-24 09:13:11] INFO: [Recognition] Scores: S13234 - Jin_Rae=0.234 
[2025-10-24 09:13:11] INFO: [Decision] Best=S13234 - Jin_Rae(0.234), 2nd=0.000, Discriminative=0.234, AvgNeg=0.000
[2025-10-24 09:13:11] INFO: [Thresholds] Abs=0.616, Margin=0.116(49.8%), RelMargin=100.0%, Tightness=0.837, StdDev=0.029
[2025-10-24 09:13:11] INFO: [Reject] Best=S13234 - Jin_Rae(0.234), 2nd=0.000, Confidence=100%, Margin=0.234 | Raw score too low (0.234 < 0.70)
[2025-10-24 09:13:11] INFO: === STAGE 1: Face Detection & Preprocessing ===
[2025-10-24 09:13:11] INFO: Original frame resolution: 295x295
[2025-10-24 09:13:11] INFO: Face ROI size: 295x295
[2025-10-24 09:13:11] INFO: Face ROI mean pixel value (BGR): [173.669141051422, 186.54329215742604, 197.6620511347314, 0.0]
[2025-10-24 09:13:11] INFO: Face ROI std deviation: 50.649650564513394
[2025-10-24 09:13:11] INFO: [Recognition] Scores: S13234 - Jin_Rae=0.455 
[2025-10-24 09:13:11] INFO: [Decision] Best=S13234 - Jin_Rae(0.455), 2nd=0.000, Discriminative=0.455, AvgNeg=0.000
[2025-10-24 09:13:11] INFO: [Thresholds] Abs=0.616, Margin=0.116(25.6%), RelMargin=100.0%, Tightness=0.837, StdDev=0.029
[2025-10-24 09:13:11] INFO: [Reject] Best=S13234 - Jin_Rae(0.455), 2nd=0.000, Confidence=100%, Margin=0.455 | Raw score too low (0.455 < 0.70)
[2025-10-24 09:13:11] INFO: === STAGE 1: Face Detection & Preprocessing ===
[2025-10-24 09:13:11] INFO: Original frame resolution: 293x293
[2025-10-24 09:13:11] INFO: Face ROI size: 293x293
[2025-10-24 09:13:11] INFO: Face ROI mean pixel value (BGR): [175.11614579086535, 187.6927978194271, 199.7682092977204, 0.0]
[2025-10-24 09:13:11] INFO: Face ROI std deviation: 50.92551417893799
[2025-10-24 09:13:11] INFO: [Recognition] Scores: S13234 - Jin_Rae=0.457 
[2025-10-24 09:13:11] INFO: [Decision] Best=S13234 - Jin_Rae(0.457), 2nd=0.000, Discriminative=0.457, AvgNeg=0.000
[2025-10-24 09:13:11] INFO: [Thresholds] Abs=0.616, Margin=0.116(25.4%), RelMargin=100.0%, Tightness=0.837, StdDev=0.029
[2025-10-24 09:13:11] INFO: [Reject] Best=S13234 - Jin_Rae(0.457), 2nd=0.000, Confidence=100%, Margin=0.457 | Raw score too low (0.457 < 0.70)
[2025-10-24 09:13:12] INFO: === STAGE 1: Face Detection & Preprocessing ===
[2025-10-24 09:13:12] INFO: Original frame resolution: 295x295
[2025-10-24 09:13:12] INFO: Face ROI size: 295x295
[2025-10-24 09:13:12] INFO: Face ROI mean pixel value (BGR): [175.8009767308245, 188.11687446136168, 200.3792588336685, 0.0]
[2025-10-24 09:13:12] INFO: Face ROI std deviation: 50.93145614578921
[2025-10-24 09:13:12] INFO: [Recognition] Scores: S13234 - Jin_Rae=0.502 
[2025-10-24 09:13:12] INFO: [Decision] Best=S13234 - Jin_Rae(0.502), 2nd=0.000, Discriminative=0.502, AvgNeg=0.000
[2025-10-24 09:13:12] INFO: [Thresholds] Abs=0.616, Margin=0.116(23.2%), RelMargin=100.0%, Tightness=0.837, StdDev=0.029
[2025-10-24 09:13:12] INFO: [Reject] Best=S13234 - Jin_Rae(0.502), 2nd=0.000, Confidence=100%, Margin=0.502 | Raw score too low (0.502 < 0.70)
[2025-10-24 09:13:12] INFO: === STAGE 1: Face Detection & Preprocessing ===
[2025-10-24 09:13:12] INFO: Original frame resolution: 294x294
[2025-10-24 09:13:12] INFO: Face ROI size: 294x294
[2025-10-24 09:13:12] INFO: Face ROI mean pixel value (BGR): [175.50857281688187, 187.9148387246055, 200.28067009116572, 0.0]
[2025-10-24 09:13:12] INFO: Face ROI std deviation: 50.93439151012249
[2025-10-24 09:13:12] INFO: [Recognition] Scores: S13234 - Jin_Rae=0.516 
[2025-10-24 09:13:12] INFO: [Decision] Best=S13234 - Jin_Rae(0.516), 2nd=0.000, Discriminative=0.516, AvgNeg=0.000
[2025-10-24 09:13:12] INFO: [Thresholds] Abs=0.616, Margin=0.116(22.5%), RelMargin=100.0%, Tightness=0.837, StdDev=0.029
[2025-10-24 09:13:12] INFO: [Reject] Best=S13234 - Jin_Rae(0.516), 2nd=0.000, Confidence=100%, Margin=0.516 | Raw score too low (0.516 < 0.70)
[2025-10-24 09:13:12] INFO: === STAGE 1: Face Detection & Preprocessing ===
[2025-10-24 09:13:12] INFO: Original frame resolution: 295x295
[2025-10-24 09:13:12] INFO: Face ROI size: 295x295
[2025-10-24 09:13:12] INFO: Face ROI mean pixel value (BGR): [175.73836253950014, 187.86768170066074, 201.02052283826487, 0.0]
[2025-10-24 09:13:12] INFO: Face ROI std deviation: 50.71769473606951
[2025-10-24 09:13:13] INFO: [Recognition] Scores: S13234 - Jin_Rae=0.505 
[2025-10-24 09:13:13] INFO: [Decision] Best=S13234 - Jin_Rae(0.505), 2nd=0.000, Discriminative=0.505, AvgNeg=0.000
[2025-10-24 09:13:13] INFO: [Thresholds] Abs=0.616, Margin=0.116(23.0%), RelMargin=100.0%, Tightness=0.837, StdDev=0.029
[2025-10-24 09:13:13] INFO: [Reject] Best=S13234 - Jin_Rae(0.505), 2nd=0.000, Confidence=100%, Margin=0.505 | Raw score too low (0.505 < 0.70)
[2025-10-24 09:13:13] INFO: === STAGE 1: Face Detection & Preprocessing ===
[2025-10-24 09:13:13] INFO: Original frame resolution: 295x295
[2025-10-24 09:13:13] INFO: Face ROI size: 295x295
[2025-10-24 09:13:13] INFO: Face ROI mean pixel value (BGR): [175.32691755242746, 187.49422579718473, 201.7954151106004, 0.0]
[2025-10-24 09:13:13] INFO: Face ROI std deviation: 50.57344895970405
[2025-10-24 09:13:13] INFO: Exiting Face Recognition Demo...
[2025-10-24 09:13:13] INFO: [Recognition] Scores: S13234 - Jin_Rae=0.520 
[2025-10-24 09:13:13] INFO: [Decision] Best=S13234 - Jin_Rae(0.520), 2nd=0.000, Discriminative=0.520, AvgNeg=0.000
[2025-10-24 09:13:13] INFO: [Thresholds] Abs=0.616, Margin=0.116(22.4%), RelMargin=100.0%, Tightness=0.837, StdDev=0.029
[2025-10-24 09:13:13] INFO: [Reject] Best=S13234 - Jin_Rae(0.520), 2nd=0.000, Confidence=100%, Margin=0.520 | Raw score too low (0.520 < 0.70)
[2025-10-24 09:13:13] INFO: Exiting Face Recognition Demo...
