[2025-10-19 03:14:30] INFO: Application Logger Initialized.
[2025-10-19 03:14:30] INFO: Configuration and core components loaded.
[2025-10-19 03:14:30] INFO: Configuration loaded from classpath: app.properties
[2025-10-19 03:14:30] INFO: Configuration file loaded
[2025-10-19 03:14:30] INFO: MyGUIProgram Started!
[2025-10-19 03:14:31] INFO: Face embedding model loaded successfully
[2025-10-19 03:14:31] INFO: === Folder debug ===
[2025-10-19 03:14:31] INFO: Found folder: C:\SMU\CS102 Project\FaceRecognitionCS102\data\facedata\S12342_wyn
[2025-10-19 03:14:31] INFO:   Contains: 26 items
[2025-10-19 03:14:31] INFO:   Display label: S12342 - wyn
[2025-10-19 03:14:31] INFO: Found folder: C:\SMU\CS102 Project\FaceRecognitionCS102\data\facedata\S13234_Jin_Rae
[2025-10-19 03:14:31] INFO:   Contains: 26 items
[2025-10-19 03:14:31] INFO:   Display label: S13234 - Jin_Rae
[2025-10-19 03:14:31] INFO: ====================
[2025-10-19 03:14:31] INFO: Person 
[2025-10-19 03:14:31] INFO: S12342 - wyn
[2025-10-19 03:14:31] INFO: : tightness=
[2025-10-19 03:14:31] INFO: 0.884
[2025-10-19 03:14:31] INFO: , stdDev=
[2025-10-19 03:14:31] INFO: 0.020
[2025-10-19 03:14:31] INFO: , absThresh=
[2025-10-19 03:14:31] INFO: 0.612
[2025-10-19 03:14:31] INFO: , margin=
[2025-10-19 03:14:31] INFO: 0.112
[2025-10-19 03:14:31] INFO: Person 
[2025-10-19 03:14:31] INFO: S13234 - Jin_Rae
[2025-10-19 03:14:31] INFO: : tightness=
[2025-10-19 03:14:31] INFO: 0.883
[2025-10-19 03:14:31] INFO: , stdDev=
[2025-10-19 03:14:31] INFO: 0.039
[2025-10-19 03:14:31] INFO: , absThresh=
[2025-10-19 03:14:31] INFO: 0.612
[2025-10-19 03:14:31] INFO: , margin=
[2025-10-19 03:14:31] INFO: 0.112
[2025-10-19 03:14:31] INFO: DNN face detector loaded successfully for recognition
[2025-10-19 03:14:31] INFO: Attempting to open camera with DSHOW backend...
[2025-10-19 03:14:32] INFO: Camera opened successfully with DSHOW backend
[2025-10-19 03:14:33] INFO: Camera configured: 640x480 @ 30fps with MJPEG codec
[2025-10-19 03:14:33] INFO: Camera initialized successfully
[2025-10-19 03:14:34] INFO: [Recognition] Scores: S12342 - wyn=0.505 S13234 - Jin_Rae=0.718 
[2025-10-19 03:14:34] INFO: [Decision] Best=
[2025-10-19 03:14:34] INFO: S13234 - Jin_Rae
[2025-10-19 03:14:34] INFO: (
[2025-10-19 03:14:34] INFO: 0.718
[2025-10-19 03:14:34] INFO: ), 2nd=
[2025-10-19 03:14:34] INFO: 0.505
[2025-10-19 03:14:34] INFO: , Discriminative=
[2025-10-19 03:14:34] INFO: 0.617
[2025-10-19 03:14:34] INFO: , AvgNeg=
[2025-10-19 03:14:34] INFO: 0.505
[2025-10-19 03:14:34] INFO: [Thresholds] Abs=
[2025-10-19 03:14:34] INFO: 0.612
[2025-10-19 03:14:34] INFO: , Margin=
[2025-10-19 03:14:34] INFO: 0.112
[2025-10-19 03:14:34] INFO: (
[2025-10-19 03:14:34] INFO: 15.6
[2025-10-19 03:14:34] INFO: %
[2025-10-19 03:14:34] INFO: ), RelMargin=
[2025-10-19 03:14:34] INFO: 29.6
[2025-10-19 03:14:34] INFO: %
[2025-10-19 03:14:34] INFO: , Tightness=
[2025-10-19 03:14:34] INFO: 0.883
[2025-10-19 03:14:34] INFO: , StdDev=
[2025-10-19 03:14:34] INFO: 0.039
[2025-10-19 03:14:34] INFO: [Decision] ACCEPT: Tier 1 - Absolute + Strong Margin (10%)
[2025-10-19 03:14:34] INFO: [Recognition] Scores: S12342 - wyn=0.411 S13234 - Jin_Rae=0.695 
[2025-10-19 03:14:34] INFO: [Decision] Best=
[2025-10-19 03:14:34] INFO: S13234 - Jin_Rae
[2025-10-19 03:14:34] INFO: (
[2025-10-19 03:14:34] INFO: 0.695
[2025-10-19 03:14:34] INFO: ), 2nd=
[2025-10-19 03:14:34] INFO: 0.411
[2025-10-19 03:14:34] INFO: , Discriminative=
[2025-10-19 03:14:34] INFO: 0.612
[2025-10-19 03:14:34] INFO: , AvgNeg=
[2025-10-19 03:14:34] INFO: 0.411
[2025-10-19 03:14:34] INFO: [Thresholds] Abs=
[2025-10-19 03:14:34] INFO: 0.612
[2025-10-19 03:14:34] INFO: , Margin=
[2025-10-19 03:14:34] INFO: 0.112
[2025-10-19 03:14:34] INFO: (
[2025-10-19 03:14:34] INFO: 16.1
[2025-10-19 03:14:34] INFO: %
[2025-10-19 03:14:34] INFO: ), RelMargin=
[2025-10-19 03:14:34] INFO: 40.8
[2025-10-19 03:14:34] INFO: %
[2025-10-19 03:14:34] INFO: , Tightness=
[2025-10-19 03:14:34] INFO: 0.883
[2025-10-19 03:14:34] INFO: , StdDev=
[2025-10-19 03:14:34] INFO: 0.039
[2025-10-19 03:14:34] INFO: [Decision] ACCEPT: Tier 1 - Absolute + Strong Margin (10%)
[2025-10-19 03:14:34] INFO: [Recognition] Scores: S12342 - wyn=0.449 S13234 - Jin_Rae=0.766 
[2025-10-19 03:14:34] INFO: [Decision] Best=
[2025-10-19 03:14:34] INFO: S13234 - Jin_Rae
[2025-10-19 03:14:34] INFO: (
[2025-10-19 03:14:34] INFO: 0.766
[2025-10-19 03:14:34] INFO: ), 2nd=
[2025-10-19 03:14:34] INFO: 0.449
[2025-10-19 03:14:34] INFO: , Discriminative=
[2025-10-19 03:14:34] INFO: 0.676
[2025-10-19 03:14:34] INFO: , AvgNeg=
[2025-10-19 03:14:34] INFO: 0.449
[2025-10-19 03:14:34] INFO: [Thresholds] Abs=
[2025-10-19 03:14:34] INFO: 0.612
[2025-10-19 03:14:34] INFO: , Margin=
[2025-10-19 03:14:34] INFO: 0.112
[2025-10-19 03:14:34] INFO: (
[2025-10-19 03:14:34] INFO: 14.6
[2025-10-19 03:14:34] INFO: %
[2025-10-19 03:14:34] INFO: ), RelMargin=
[2025-10-19 03:14:34] INFO: 41.4
[2025-10-19 03:14:34] INFO: %
[2025-10-19 03:14:34] INFO: , Tightness=
[2025-10-19 03:14:34] INFO: 0.883
[2025-10-19 03:14:34] INFO: , StdDev=
[2025-10-19 03:14:34] INFO: 0.039
[2025-10-19 03:14:34] INFO: [Decision] ACCEPT: Tier 1 - Absolute + Strong Margin (10%)
[2025-10-19 03:14:35] INFO: [Recognition] Scores: S12342 - wyn=0.419 S13234 - Jin_Rae=0.711 
[2025-10-19 03:14:35] INFO: [Decision] Best=
[2025-10-19 03:14:35] INFO: S13234 - Jin_Rae
[2025-10-19 03:14:35] INFO: (
[2025-10-19 03:14:35] INFO: 0.711
[2025-10-19 03:14:35] INFO: ), 2nd=
[2025-10-19 03:14:35] INFO: 0.419
[2025-10-19 03:14:35] INFO: , Discriminative=
[2025-10-19 03:14:35] INFO: 0.627
[2025-10-19 03:14:35] INFO: , AvgNeg=
[2025-10-19 03:14:35] INFO: 0.419
[2025-10-19 03:14:35] INFO: [Thresholds] Abs=
[2025-10-19 03:14:35] INFO: 0.612
[2025-10-19 03:14:35] INFO: , Margin=
[2025-10-19 03:14:35] INFO: 0.112
[2025-10-19 03:14:35] INFO: (
[2025-10-19 03:14:35] INFO: 15.7
[2025-10-19 03:14:35] INFO: %
[2025-10-19 03:14:35] INFO: ), RelMargin=
[2025-10-19 03:14:35] INFO: 41.0
[2025-10-19 03:14:35] INFO: %
[2025-10-19 03:14:35] INFO: , Tightness=
[2025-10-19 03:14:35] INFO: 0.883
[2025-10-19 03:14:35] INFO: , StdDev=
[2025-10-19 03:14:35] INFO: 0.039
[2025-10-19 03:14:35] INFO: [Decision] ACCEPT: Tier 1 - Absolute + Strong Margin (10%)
[2025-10-19 03:14:35] INFO: [Recognition] Scores: S12342 - wyn=0.418 S13234 - Jin_Rae=0.703 
[2025-10-19 03:14:35] INFO: [Decision] Best=
[2025-10-19 03:14:35] INFO: S13234 - Jin_Rae
[2025-10-19 03:14:35] INFO: (
[2025-10-19 03:14:35] INFO: 0.703
[2025-10-19 03:14:35] INFO: ), 2nd=
[2025-10-19 03:14:35] INFO: 0.418
[2025-10-19 03:14:35] INFO: , Discriminative=
[2025-10-19 03:14:35] INFO: 0.619
[2025-10-19 03:14:35] INFO: , AvgNeg=
[2025-10-19 03:14:35] INFO: 0.418
[2025-10-19 03:14:35] INFO: [Thresholds] Abs=
[2025-10-19 03:14:35] INFO: 0.612
[2025-10-19 03:14:35] INFO: , Margin=
[2025-10-19 03:14:35] INFO: 0.112
[2025-10-19 03:14:35] INFO: (
[2025-10-19 03:14:35] INFO: 15.9
[2025-10-19 03:14:35] INFO: %
[2025-10-19 03:14:35] INFO: ), RelMargin=
[2025-10-19 03:14:35] INFO: 40.5
[2025-10-19 03:14:35] INFO: %
[2025-10-19 03:14:35] INFO: , Tightness=
[2025-10-19 03:14:35] INFO: 0.883
[2025-10-19 03:14:35] INFO: , StdDev=
[2025-10-19 03:14:35] INFO: 0.039
[2025-10-19 03:14:35] INFO: [Decision] ACCEPT: Tier 1 - Absolute + Strong Margin (10%)
[2025-10-19 03:14:35] INFO: [Recognition] Scores: S12342 - wyn=0.362 S13234 - Jin_Rae=0.663 
[2025-10-19 03:14:35] INFO: [Decision] Best=
[2025-10-19 03:14:35] INFO: S13234 - Jin_Rae
[2025-10-19 03:14:35] INFO: (
[2025-10-19 03:14:35] INFO: 0.663
[2025-10-19 03:14:35] INFO: ), 2nd=
[2025-10-19 03:14:35] INFO: 0.362
[2025-10-19 03:14:35] INFO: , Discriminative=
[2025-10-19 03:14:35] INFO: 0.591
[2025-10-19 03:14:35] INFO: , AvgNeg=
[2025-10-19 03:14:35] INFO: 0.362
[2025-10-19 03:14:35] INFO: [Thresholds] Abs=
[2025-10-19 03:14:35] INFO: 0.612
[2025-10-19 03:14:35] INFO: , Margin=
[2025-10-19 03:14:35] INFO: 0.112
[2025-10-19 03:14:35] INFO: (
[2025-10-19 03:14:35] INFO: 16.8
[2025-10-19 03:14:35] INFO: %
[2025-10-19 03:14:35] INFO: ), RelMargin=
[2025-10-19 03:14:35] INFO: 45.4
[2025-10-19 03:14:35] INFO: %
[2025-10-19 03:14:35] INFO: , Tightness=
[2025-10-19 03:14:35] INFO: 0.883
[2025-10-19 03:14:35] INFO: , StdDev=
[2025-10-19 03:14:35] INFO: 0.039
[2025-10-19 03:14:35] INFO: [Decision] ACCEPT: Tier 1 - Absolute + Strong Margin (10%)
[2025-10-19 03:14:35] INFO: [Recognition] Scores: S12342 - wyn=0.429 S13234 - Jin_Rae=0.738 
[2025-10-19 03:14:35] INFO: [Decision] Best=
[2025-10-19 03:14:35] INFO: S13234 - Jin_Rae
[2025-10-19 03:14:35] INFO: (
[2025-10-19 03:14:35] INFO: 0.738
[2025-10-19 03:14:35] INFO: ), 2nd=
[2025-10-19 03:14:35] INFO: 0.429
[2025-10-19 03:14:35] INFO: , Discriminative=
[2025-10-19 03:14:35] INFO: 0.652
[2025-10-19 03:14:35] INFO: , AvgNeg=
[2025-10-19 03:14:35] INFO: 0.429
[2025-10-19 03:14:35] INFO: [Thresholds] Abs=
[2025-10-19 03:14:35] INFO: 0.612
[2025-10-19 03:14:35] INFO: , Margin=
[2025-10-19 03:14:35] INFO: 0.112
[2025-10-19 03:14:35] INFO: (
[2025-10-19 03:14:35] INFO: 15.1
[2025-10-19 03:14:35] INFO: %
[2025-10-19 03:14:35] INFO: ), RelMargin=
[2025-10-19 03:14:35] INFO: 41.9
[2025-10-19 03:14:35] INFO: %
[2025-10-19 03:14:35] INFO: , Tightness=
[2025-10-19 03:14:35] INFO: 0.883
[2025-10-19 03:14:35] INFO: , StdDev=
[2025-10-19 03:14:35] INFO: 0.039
[2025-10-19 03:14:35] INFO: [Decision] ACCEPT: Tier 1 - Absolute + Strong Margin (10%)
[2025-10-19 03:14:36] INFO: [Recognition] Scores: S12342 - wyn=0.497 S13234 - Jin_Rae=0.780 
[2025-10-19 03:14:36] INFO: [Decision] Best=
[2025-10-19 03:14:36] INFO: S13234 - Jin_Rae
[2025-10-19 03:14:36] INFO: (
[2025-10-19 03:14:36] INFO: 0.780
[2025-10-19 03:14:36] INFO: ), 2nd=
[2025-10-19 03:14:36] INFO: 0.497
[2025-10-19 03:14:36] INFO: , Discriminative=
[2025-10-19 03:14:36] INFO: 0.680
[2025-10-19 03:14:36] INFO: , AvgNeg=
[2025-10-19 03:14:36] INFO: 0.497
[2025-10-19 03:14:36] INFO: [Thresholds] Abs=
[2025-10-19 03:14:36] INFO: 0.612
[2025-10-19 03:14:36] INFO: , Margin=
[2025-10-19 03:14:36] INFO: 0.112
[2025-10-19 03:14:36] INFO: (
[2025-10-19 03:14:36] INFO: 14.3
[2025-10-19 03:14:36] INFO: %
[2025-10-19 03:14:36] INFO: ), RelMargin=
[2025-10-19 03:14:36] INFO: 36.2
[2025-10-19 03:14:36] INFO: %
[2025-10-19 03:14:36] INFO: , Tightness=
[2025-10-19 03:14:36] INFO: 0.883
[2025-10-19 03:14:36] INFO: , StdDev=
[2025-10-19 03:14:36] INFO: 0.039
[2025-10-19 03:14:36] INFO: [Decision] ACCEPT: Tier 1 - Absolute + Strong Margin (10%)
[2025-10-19 03:14:36] INFO: [Recognition] Scores: S12342 - wyn=0.416 S13234 - Jin_Rae=0.714 
[2025-10-19 03:14:36] INFO: [Decision] Best=
[2025-10-19 03:14:36] INFO: S13234 - Jin_Rae
[2025-10-19 03:14:36] INFO: (
[2025-10-19 03:14:36] INFO: 0.714
[2025-10-19 03:14:36] INFO: ), 2nd=
[2025-10-19 03:14:36] INFO: 0.416
[2025-10-19 03:14:36] INFO: , Discriminative=
[2025-10-19 03:14:36] INFO: 0.631
[2025-10-19 03:14:36] INFO: , AvgNeg=
[2025-10-19 03:14:36] INFO: 0.416
[2025-10-19 03:14:36] INFO: [Thresholds] Abs=
[2025-10-19 03:14:36] INFO: 0.612
[2025-10-19 03:14:36] INFO: , Margin=
[2025-10-19 03:14:36] INFO: 0.112
[2025-10-19 03:14:36] INFO: (
[2025-10-19 03:14:36] INFO: 15.6
[2025-10-19 03:14:36] INFO: %
[2025-10-19 03:14:36] INFO: ), RelMargin=
[2025-10-19 03:14:36] INFO: 41.7
[2025-10-19 03:14:36] INFO: %
[2025-10-19 03:14:36] INFO: , Tightness=
[2025-10-19 03:14:36] INFO: 0.883
[2025-10-19 03:14:36] INFO: , StdDev=
[2025-10-19 03:14:36] INFO: 0.039
[2025-10-19 03:14:36] INFO: [Decision] ACCEPT: Tier 1 - Absolute + Strong Margin (10%)
[2025-10-19 03:14:36] INFO: [Recognition] Scores: S12342 - wyn=0.414 S13234 - Jin_Rae=0.688 
[2025-10-19 03:14:36] INFO: [Decision] Best=
[2025-10-19 03:14:36] INFO: S13234 - Jin_Rae
[2025-10-19 03:14:36] INFO: (
[2025-10-19 03:14:36] INFO: 0.688
[2025-10-19 03:14:36] INFO: ), 2nd=
[2025-10-19 03:14:36] INFO: 0.414
[2025-10-19 03:14:36] INFO: , Discriminative=
[2025-10-19 03:14:36] INFO: 0.605
[2025-10-19 03:14:36] INFO: , AvgNeg=
[2025-10-19 03:14:36] INFO: 0.414
[2025-10-19 03:14:36] INFO: [Thresholds] Abs=
[2025-10-19 03:14:36] INFO: 0.612
[2025-10-19 03:14:36] INFO: , Margin=
[2025-10-19 03:14:36] INFO: 0.112
[2025-10-19 03:14:36] INFO: (
[2025-10-19 03:14:36] INFO: 16.2
[2025-10-19 03:14:36] INFO: %
[2025-10-19 03:14:36] INFO: ), RelMargin=
[2025-10-19 03:14:36] INFO: 39.8
[2025-10-19 03:14:36] INFO: %
[2025-10-19 03:14:36] INFO: , Tightness=
[2025-10-19 03:14:36] INFO: 0.883
[2025-10-19 03:14:36] INFO: , StdDev=
[2025-10-19 03:14:36] INFO: 0.039
[2025-10-19 03:14:36] INFO: [Decision] ACCEPT: Tier 1 - Absolute + Strong Margin (10%)
[2025-10-19 03:14:36] INFO: [Recognition] Scores: S12342 - wyn=0.465 S13234 - Jin_Rae=0.671 
[2025-10-19 03:14:36] INFO: [Decision] Best=
[2025-10-19 03:14:36] INFO: S13234 - Jin_Rae
[2025-10-19 03:14:36] INFO: (
[2025-10-19 03:14:36] INFO: 0.671
[2025-10-19 03:14:36] INFO: ), 2nd=
[2025-10-19 03:14:36] INFO: 0.465
[2025-10-19 03:14:36] INFO: , Discriminative=
[2025-10-19 03:14:36] INFO: 0.578
[2025-10-19 03:14:36] INFO: , AvgNeg=
[2025-10-19 03:14:36] INFO: 0.465
[2025-10-19 03:14:36] INFO: [Thresholds] Abs=
[2025-10-19 03:14:36] INFO: 0.612
[2025-10-19 03:14:36] INFO: , Margin=
[2025-10-19 03:14:36] INFO: 0.112
[2025-10-19 03:14:36] INFO: (
[2025-10-19 03:14:36] INFO: 16.6
[2025-10-19 03:14:36] INFO: %
[2025-10-19 03:14:36] INFO: ), RelMargin=
[2025-10-19 03:14:36] INFO: 30.8
[2025-10-19 03:14:36] INFO: %
[2025-10-19 03:14:36] INFO: , Tightness=
[2025-10-19 03:14:36] INFO: 0.883
[2025-10-19 03:14:36] INFO: , StdDev=
[2025-10-19 03:14:36] INFO: 0.039
[2025-10-19 03:14:36] INFO: [Decision] ACCEPT: Tier 1 - Absolute + Strong Margin (10%)
[2025-10-19 03:14:37] INFO: [Recognition] Scores: S12342 - wyn=0.434 S13234 - Jin_Rae=0.620 
[2025-10-19 03:14:37] INFO: [Decision] Best=
[2025-10-19 03:14:37] INFO: S13234 - Jin_Rae
[2025-10-19 03:14:37] INFO: (
[2025-10-19 03:14:37] INFO: 0.620
[2025-10-19 03:14:37] INFO: ), 2nd=
[2025-10-19 03:14:37] INFO: 0.434
[2025-10-19 03:14:37] INFO: , Discriminative=
[2025-10-19 03:14:37] INFO: 0.533
[2025-10-19 03:14:37] INFO: , AvgNeg=
[2025-10-19 03:14:37] INFO: 0.434
[2025-10-19 03:14:37] INFO: [Thresholds] Abs=
[2025-10-19 03:14:37] INFO: 0.612
[2025-10-19 03:14:37] INFO: , Margin=
[2025-10-19 03:14:37] INFO: 0.112
[2025-10-19 03:14:37] INFO: (
[2025-10-19 03:14:37] INFO: 18.0
[2025-10-19 03:14:37] INFO: %
[2025-10-19 03:14:37] INFO: ), RelMargin=
[2025-10-19 03:14:37] INFO: 29.9
[2025-10-19 03:14:37] INFO: %
[2025-10-19 03:14:37] INFO: , Tightness=
[2025-10-19 03:14:37] INFO: 0.883
[2025-10-19 03:14:37] INFO: , StdDev=
[2025-10-19 03:14:37] INFO: 0.039
[2025-10-19 03:14:37] INFO: [Decision] ACCEPT: Tier 1 - Absolute + Strong Margin (10%)
[2025-10-19 03:14:37] INFO: [Recognition] Scores: S12342 - wyn=0.370 S13234 - Jin_Rae=0.510 
[2025-10-19 03:14:37] INFO: [Decision] Best=
[2025-10-19 03:14:37] INFO: S13234 - Jin_Rae
[2025-10-19 03:14:37] INFO: (
[2025-10-19 03:14:37] INFO: 0.510
[2025-10-19 03:14:37] INFO: ), 2nd=
[2025-10-19 03:14:37] INFO: 0.370
[2025-10-19 03:14:37] INFO: , Discriminative=
[2025-10-19 03:14:37] INFO: 0.436
[2025-10-19 03:14:37] INFO: , AvgNeg=
[2025-10-19 03:14:37] INFO: 0.370
[2025-10-19 03:14:37] INFO: [Thresholds] Abs=
[2025-10-19 03:14:37] INFO: 0.612
[2025-10-19 03:14:37] INFO: , Margin=
[2025-10-19 03:14:37] INFO: 0.112
[2025-10-19 03:14:37] INFO: (
[2025-10-19 03:14:37] INFO: 21.9
[2025-10-19 03:14:37] INFO: %
[2025-10-19 03:14:37] INFO: ), RelMargin=
[2025-10-19 03:14:37] INFO: 27.5
[2025-10-19 03:14:37] INFO: %
[2025-10-19 03:14:37] INFO: , Tightness=
[2025-10-19 03:14:37] INFO: 0.883
[2025-10-19 03:14:37] INFO: , StdDev=
[2025-10-19 03:14:37] INFO: 0.039
[2025-10-19 03:14:37] INFO: [Decision] ACCEPT: Tier 4 - Very Strong Consistency (5 frames)
[2025-10-19 03:14:37] INFO: [Recognition] Scores: S12342 - wyn=0.335 S13234 - Jin_Rae=0.439 
[2025-10-19 03:14:37] INFO: [Decision] Best=
[2025-10-19 03:14:37] INFO: S13234 - Jin_Rae
[2025-10-19 03:14:37] INFO: (
[2025-10-19 03:14:37] INFO: 0.439
[2025-10-19 03:14:37] INFO: ), 2nd=
[2025-10-19 03:14:37] INFO: 0.335
[2025-10-19 03:14:37] INFO: , Discriminative=
[2025-10-19 03:14:37] INFO: 0.372
[2025-10-19 03:14:37] INFO: , AvgNeg=
[2025-10-19 03:14:37] INFO: 0.335
[2025-10-19 03:14:37] INFO: [Thresholds] Abs=
[2025-10-19 03:14:37] INFO: 0.612
[2025-10-19 03:14:37] INFO: , Margin=
[2025-10-19 03:14:37] INFO: 0.112
[2025-10-19 03:14:37] INFO: (
[2025-10-19 03:14:37] INFO: 25.4
[2025-10-19 03:14:37] INFO: %
[2025-10-19 03:14:37] INFO: ), RelMargin=
[2025-10-19 03:14:37] INFO: 23.8
[2025-10-19 03:14:37] INFO: %
[2025-10-19 03:14:37] INFO: , Tightness=
[2025-10-19 03:14:37] INFO: 0.883
[2025-10-19 03:14:37] INFO: , StdDev=
[2025-10-19 03:14:37] INFO: 0.039
[2025-10-19 03:14:37] INFO: [Decision] ACCEPT: Tier 4 - Very Strong Consistency (5 frames)
[2025-10-19 03:14:37] INFO: [Recognition] Scores: S12342 - wyn=0.492 S13234 - Jin_Rae=0.704 
[2025-10-19 03:14:37] INFO: [Decision] Best=
[2025-10-19 03:14:37] INFO: S13234 - Jin_Rae
[2025-10-19 03:14:37] INFO: (
[2025-10-19 03:14:37] INFO: 0.704
[2025-10-19 03:14:37] INFO: ), 2nd=
[2025-10-19 03:14:37] INFO: 0.492
[2025-10-19 03:14:37] INFO: , Discriminative=
[2025-10-19 03:14:37] INFO: 0.606
[2025-10-19 03:14:37] INFO: , AvgNeg=
[2025-10-19 03:14:37] INFO: 0.492
[2025-10-19 03:14:37] INFO: [Thresholds] Abs=
[2025-10-19 03:14:37] INFO: 0.612
[2025-10-19 03:14:37] INFO: , Margin=
[2025-10-19 03:14:37] INFO: 0.112
[2025-10-19 03:14:37] INFO: (
[2025-10-19 03:14:37] INFO: 15.9
[2025-10-19 03:14:37] INFO: %
[2025-10-19 03:14:37] INFO: ), RelMargin=
[2025-10-19 03:14:37] INFO: 30.1
[2025-10-19 03:14:37] INFO: %
[2025-10-19 03:14:37] INFO: , Tightness=
[2025-10-19 03:14:37] INFO: 0.883
[2025-10-19 03:14:37] INFO: , StdDev=
[2025-10-19 03:14:37] INFO: 0.039
[2025-10-19 03:14:37] INFO: [Decision] ACCEPT: Tier 1 - Absolute + Strong Margin (10%)
[2025-10-19 03:14:37] INFO: [Recognition] Scores: S12342 - wyn=0.485 S13234 - Jin_Rae=0.693 
[2025-10-19 03:14:37] INFO: [Decision] Best=
[2025-10-19 03:14:37] INFO: S13234 - Jin_Rae
[2025-10-19 03:14:37] INFO: (
[2025-10-19 03:14:37] INFO: 0.693
[2025-10-19 03:14:37] INFO: ), 2nd=
[2025-10-19 03:14:37] INFO: 0.485
[2025-10-19 03:14:37] INFO: , Discriminative=
[2025-10-19 03:14:37] INFO: 0.596
[2025-10-19 03:14:37] INFO: , AvgNeg=
[2025-10-19 03:14:37] INFO: 0.485
[2025-10-19 03:14:37] INFO: [Thresholds] Abs=
[2025-10-19 03:14:37] INFO: 0.612
[2025-10-19 03:14:37] INFO: , Margin=
[2025-10-19 03:14:37] INFO: 0.112
[2025-10-19 03:14:37] INFO: (
[2025-10-19 03:14:37] INFO: 16.1
[2025-10-19 03:14:37] INFO: %
[2025-10-19 03:14:37] INFO: ), RelMargin=
[2025-10-19 03:14:37] INFO: 30.0
[2025-10-19 03:14:37] INFO: %
[2025-10-19 03:14:37] INFO: , Tightness=
[2025-10-19 03:14:37] INFO: 0.883
[2025-10-19 03:14:37] INFO: , StdDev=
[2025-10-19 03:14:37] INFO: 0.039
[2025-10-19 03:14:37] INFO: [Decision] ACCEPT: Tier 1 - Absolute + Strong Margin (10%)
[2025-10-19 03:14:38] INFO: [Recognition] Scores: S12342 - wyn=0.455 S13234 - Jin_Rae=0.731 
[2025-10-19 03:14:38] INFO: [Decision] Best=
[2025-10-19 03:14:38] INFO: S13234 - Jin_Rae
[2025-10-19 03:14:38] INFO: (
[2025-10-19 03:14:38] INFO: 0.731
[2025-10-19 03:14:38] INFO: ), 2nd=
[2025-10-19 03:14:38] INFO: 0.455
[2025-10-19 03:14:38] INFO: , Discriminative=
[2025-10-19 03:14:38] INFO: 0.640
[2025-10-19 03:14:38] INFO: , AvgNeg=
[2025-10-19 03:14:38] INFO: 0.455
[2025-10-19 03:14:38] INFO: [Thresholds] Abs=
[2025-10-19 03:14:38] INFO: 0.612
[2025-10-19 03:14:38] INFO: , Margin=
[2025-10-19 03:14:38] INFO: 0.112
[2025-10-19 03:14:38] INFO: (
[2025-10-19 03:14:38] INFO: 15.3
[2025-10-19 03:14:38] INFO: %
[2025-10-19 03:14:38] INFO: ), RelMargin=
[2025-10-19 03:14:38] INFO: 37.7
[2025-10-19 03:14:38] INFO: %
[2025-10-19 03:14:38] INFO: , Tightness=
[2025-10-19 03:14:38] INFO: 0.883
[2025-10-19 03:14:38] INFO: , StdDev=
[2025-10-19 03:14:38] INFO: 0.039
[2025-10-19 03:14:38] INFO: [Decision] ACCEPT: Tier 1 - Absolute + Strong Margin (10%)
[2025-10-19 03:14:38] INFO: [Recognition] Scores: S12342 - wyn=0.470 S13234 - Jin_Rae=0.727 
[2025-10-19 03:14:38] INFO: [Decision] Best=
[2025-10-19 03:14:38] INFO: S13234 - Jin_Rae
[2025-10-19 03:14:38] INFO: (
[2025-10-19 03:14:38] INFO: 0.727
[2025-10-19 03:14:38] INFO: ), 2nd=
[2025-10-19 03:14:38] INFO: 0.470
[2025-10-19 03:14:38] INFO: , Discriminative=
[2025-10-19 03:14:38] INFO: 0.633
[2025-10-19 03:14:38] INFO: , AvgNeg=
[2025-10-19 03:14:38] INFO: 0.470
[2025-10-19 03:14:38] INFO: [Thresholds] Abs=
[2025-10-19 03:14:38] INFO: 0.612
[2025-10-19 03:14:38] INFO: , Margin=
[2025-10-19 03:14:38] INFO: 0.112
[2025-10-19 03:14:38] INFO: (
[2025-10-19 03:14:38] INFO: 15.4
[2025-10-19 03:14:38] INFO: %
[2025-10-19 03:14:38] INFO: ), RelMargin=
[2025-10-19 03:14:38] INFO: 35.3
[2025-10-19 03:14:38] INFO: %
[2025-10-19 03:14:38] INFO: , Tightness=
[2025-10-19 03:14:38] INFO: 0.883
[2025-10-19 03:14:38] INFO: , StdDev=
[2025-10-19 03:14:38] INFO: 0.039
[2025-10-19 03:14:38] INFO: [Decision] ACCEPT: Tier 1 - Absolute + Strong Margin (10%)
[2025-10-19 03:14:38] INFO: [Recognition] Scores: S12342 - wyn=0.472 S13234 - Jin_Rae=0.742 
[2025-10-19 03:14:38] INFO: [Decision] Best=
[2025-10-19 03:14:38] INFO: S13234 - Jin_Rae
[2025-10-19 03:14:38] INFO: (
[2025-10-19 03:14:38] INFO: 0.742
[2025-10-19 03:14:38] INFO: ), 2nd=
[2025-10-19 03:14:38] INFO: 0.472
[2025-10-19 03:14:38] INFO: , Discriminative=
[2025-10-19 03:14:38] INFO: 0.647
[2025-10-19 03:14:38] INFO: , AvgNeg=
[2025-10-19 03:14:38] INFO: 0.472
[2025-10-19 03:14:38] INFO: [Thresholds] Abs=
[2025-10-19 03:14:38] INFO: 0.612
[2025-10-19 03:14:38] INFO: , Margin=
[2025-10-19 03:14:38] INFO: 0.112
[2025-10-19 03:14:38] INFO: (
[2025-10-19 03:14:38] INFO: 15.1
[2025-10-19 03:14:38] INFO: %
[2025-10-19 03:14:38] INFO: ), RelMargin=
[2025-10-19 03:14:38] INFO: 36.4
[2025-10-19 03:14:38] INFO: %
[2025-10-19 03:14:38] INFO: , Tightness=
[2025-10-19 03:14:38] INFO: 0.883
[2025-10-19 03:14:38] INFO: , StdDev=
[2025-10-19 03:14:38] INFO: 0.039
[2025-10-19 03:14:38] INFO: [Decision] ACCEPT: Tier 1 - Absolute + Strong Margin (10%)
[2025-10-19 03:14:38] INFO: [Recognition] Scores: S12342 - wyn=0.445 S13234 - Jin_Rae=0.716 
[2025-10-19 03:14:38] INFO: [Decision] Best=
[2025-10-19 03:14:38] INFO: S13234 - Jin_Rae
[2025-10-19 03:14:38] INFO: (
[2025-10-19 03:14:38] INFO: 0.716
[2025-10-19 03:14:38] INFO: ), 2nd=
[2025-10-19 03:14:38] INFO: 0.445
[2025-10-19 03:14:38] INFO: , Discriminative=
[2025-10-19 03:14:38] INFO: 0.627
[2025-10-19 03:14:38] INFO: , AvgNeg=
[2025-10-19 03:14:38] INFO: 0.445
[2025-10-19 03:14:38] INFO: [Thresholds] Abs=
[2025-10-19 03:14:38] INFO: 0.612
[2025-10-19 03:14:38] INFO: , Margin=
[2025-10-19 03:14:38] INFO: 0.112
[2025-10-19 03:14:38] INFO: (
[2025-10-19 03:14:38] INFO: 15.6
[2025-10-19 03:14:38] INFO: %
[2025-10-19 03:14:38] INFO: ), RelMargin=
[2025-10-19 03:14:38] INFO: 37.9
[2025-10-19 03:14:38] INFO: %
[2025-10-19 03:14:38] INFO: , Tightness=
[2025-10-19 03:14:38] INFO: 0.883
[2025-10-19 03:14:38] INFO: , StdDev=
[2025-10-19 03:14:38] INFO: 0.039
[2025-10-19 03:14:38] INFO: [Decision] ACCEPT: Tier 1 - Absolute + Strong Margin (10%)
[2025-10-19 03:14:39] INFO: [Recognition] Scores: S12342 - wyn=0.414 S13234 - Jin_Rae=0.702 
[2025-10-19 03:14:39] INFO: [Decision] Best=
[2025-10-19 03:14:39] INFO: S13234 - Jin_Rae
[2025-10-19 03:14:39] INFO: (
[2025-10-19 03:14:39] INFO: 0.702
[2025-10-19 03:14:39] INFO: ), 2nd=
[2025-10-19 03:14:39] INFO: 0.414
[2025-10-19 03:14:39] INFO: , Discriminative=
[2025-10-19 03:14:39] INFO: 0.619
[2025-10-19 03:14:39] INFO: , AvgNeg=
[2025-10-19 03:14:39] INFO: 0.414
[2025-10-19 03:14:39] INFO: [Thresholds] Abs=
[2025-10-19 03:14:39] INFO: 0.612
[2025-10-19 03:14:39] INFO: , Margin=
[2025-10-19 03:14:39] INFO: 0.112
[2025-10-19 03:14:39] INFO: (
[2025-10-19 03:14:39] INFO: 15.9
[2025-10-19 03:14:39] INFO: %
[2025-10-19 03:14:39] INFO: ), RelMargin=
[2025-10-19 03:14:39] INFO: 41.0
[2025-10-19 03:14:39] INFO: %
[2025-10-19 03:14:39] INFO: , Tightness=
[2025-10-19 03:14:39] INFO: 0.883
[2025-10-19 03:14:39] INFO: , StdDev=
[2025-10-19 03:14:39] INFO: 0.039
[2025-10-19 03:14:39] INFO: [Decision] ACCEPT: Tier 1 - Absolute + Strong Margin (10%)
[2025-10-19 03:14:39] INFO: [Recognition] Scores: S12342 - wyn=0.404 S13234 - Jin_Rae=0.683 
[2025-10-19 03:14:39] INFO: [Decision] Best=
[2025-10-19 03:14:39] INFO: S13234 - Jin_Rae
[2025-10-19 03:14:39] INFO: (
[2025-10-19 03:14:39] INFO: 0.683
[2025-10-19 03:14:39] INFO: ), 2nd=
[2025-10-19 03:14:39] INFO: 0.404
[2025-10-19 03:14:39] INFO: , Discriminative=
[2025-10-19 03:14:39] INFO: 0.602
[2025-10-19 03:14:39] INFO: , AvgNeg=
[2025-10-19 03:14:39] INFO: 0.404
[2025-10-19 03:14:39] INFO: [Thresholds] Abs=
[2025-10-19 03:14:39] INFO: 0.612
[2025-10-19 03:14:39] INFO: , Margin=
[2025-10-19 03:14:39] INFO: 0.112
[2025-10-19 03:14:39] INFO: (
[2025-10-19 03:14:39] INFO: 16.4
[2025-10-19 03:14:39] INFO: %
[2025-10-19 03:14:39] INFO: ), RelMargin=
[2025-10-19 03:14:39] INFO: 40.8
[2025-10-19 03:14:39] INFO: %
[2025-10-19 03:14:39] INFO: , Tightness=
[2025-10-19 03:14:39] INFO: 0.883
[2025-10-19 03:14:39] INFO: , StdDev=
[2025-10-19 03:14:39] INFO: 0.039
[2025-10-19 03:14:39] INFO: [Decision] ACCEPT: Tier 1 - Absolute + Strong Margin (10%)
[2025-10-19 03:14:39] INFO: [Recognition] Scores: S12342 - wyn=0.435 S13234 - Jin_Rae=0.688 
[2025-10-19 03:14:39] INFO: [Decision] Best=
[2025-10-19 03:14:39] INFO: S13234 - Jin_Rae
[2025-10-19 03:14:39] INFO: (
[2025-10-19 03:14:39] INFO: 0.688
[2025-10-19 03:14:39] INFO: ), 2nd=
[2025-10-19 03:14:39] INFO: 0.435
[2025-10-19 03:14:39] INFO: , Discriminative=
[2025-10-19 03:14:39] INFO: 0.601
[2025-10-19 03:14:39] INFO: , AvgNeg=
[2025-10-19 03:14:39] INFO: 0.435
[2025-10-19 03:14:39] INFO: [Thresholds] Abs=
[2025-10-19 03:14:39] INFO: 0.612
[2025-10-19 03:14:39] INFO: , Margin=
[2025-10-19 03:14:39] INFO: 0.112
[2025-10-19 03:14:39] INFO: (
[2025-10-19 03:14:39] INFO: 16.2
[2025-10-19 03:14:39] INFO: %
[2025-10-19 03:14:39] INFO: ), RelMargin=
[2025-10-19 03:14:39] INFO: 36.8
[2025-10-19 03:14:39] INFO: %
[2025-10-19 03:14:39] INFO: , Tightness=
[2025-10-19 03:14:39] INFO: 0.883
[2025-10-19 03:14:39] INFO: , StdDev=
[2025-10-19 03:14:39] INFO: 0.039
[2025-10-19 03:14:39] INFO: [Decision] ACCEPT: Tier 1 - Absolute + Strong Margin (10%)
[2025-10-19 03:14:39] INFO: [Recognition] Scores: S12342 - wyn=0.405 S13234 - Jin_Rae=0.681 
[2025-10-19 03:14:39] INFO: [Decision] Best=
[2025-10-19 03:14:39] INFO: S13234 - Jin_Rae
[2025-10-19 03:14:39] INFO: (
[2025-10-19 03:14:39] INFO: 0.681
[2025-10-19 03:14:39] INFO: ), 2nd=
[2025-10-19 03:14:39] INFO: 0.405
[2025-10-19 03:14:39] INFO: , Discriminative=
[2025-10-19 03:14:39] INFO: 0.600
[2025-10-19 03:14:39] INFO: , AvgNeg=
[2025-10-19 03:14:39] INFO: 0.405
[2025-10-19 03:14:39] INFO: [Thresholds] Abs=
[2025-10-19 03:14:39] INFO: 0.612
[2025-10-19 03:14:39] INFO: , Margin=
[2025-10-19 03:14:39] INFO: 0.112
[2025-10-19 03:14:39] INFO: (
[2025-10-19 03:14:39] INFO: 16.4
[2025-10-19 03:14:39] INFO: %
[2025-10-19 03:14:39] INFO: ), RelMargin=
[2025-10-19 03:14:39] INFO: 40.5
[2025-10-19 03:14:39] INFO: %
[2025-10-19 03:14:39] INFO: , Tightness=
[2025-10-19 03:14:39] INFO: 0.883
[2025-10-19 03:14:39] INFO: , StdDev=
[2025-10-19 03:14:39] INFO: 0.039
[2025-10-19 03:14:39] INFO: [Decision] ACCEPT: Tier 1 - Absolute + Strong Margin (10%)
[2025-10-19 03:14:39] INFO: [Recognition] Scores: S12342 - wyn=0.461 S13234 - Jin_Rae=0.711 
[2025-10-19 03:14:39] INFO: [Decision] Best=
[2025-10-19 03:14:39] INFO: S13234 - Jin_Rae
[2025-10-19 03:14:39] INFO: (
[2025-10-19 03:14:39] INFO: 0.711
[2025-10-19 03:14:39] INFO: ), 2nd=
[2025-10-19 03:14:39] INFO: 0.461
[2025-10-19 03:14:39] INFO: , Discriminative=
[2025-10-19 03:14:39] INFO: 0.619
[2025-10-19 03:14:39] INFO: , AvgNeg=
[2025-10-19 03:14:39] INFO: 0.461
[2025-10-19 03:14:39] INFO: [Thresholds] Abs=
[2025-10-19 03:14:39] INFO: 0.612
[2025-10-19 03:14:39] INFO: , Margin=
[2025-10-19 03:14:39] INFO: 0.112
[2025-10-19 03:14:39] INFO: (
[2025-10-19 03:14:39] INFO: 15.7
[2025-10-19 03:14:39] INFO: %
[2025-10-19 03:14:39] INFO: ), RelMargin=
[2025-10-19 03:14:39] INFO: 35.1
[2025-10-19 03:14:39] INFO: %
[2025-10-19 03:14:39] INFO: , Tightness=
[2025-10-19 03:14:39] INFO: 0.883
[2025-10-19 03:14:39] INFO: , StdDev=
[2025-10-19 03:14:39] INFO: 0.039
[2025-10-19 03:14:39] INFO: [Decision] ACCEPT: Tier 1 - Absolute + Strong Margin (10%)
[2025-10-19 03:14:40] INFO: [Recognition] Scores: S12342 - wyn=0.540 S13234 - Jin_Rae=0.714 
[2025-10-19 03:14:40] INFO: [Decision] Best=
[2025-10-19 03:14:40] INFO: S13234 - Jin_Rae
[2025-10-19 03:14:40] INFO: (
[2025-10-19 03:14:40] INFO: 0.714
[2025-10-19 03:14:40] INFO: ), 2nd=
[2025-10-19 03:14:40] INFO: 0.540
[2025-10-19 03:14:40] INFO: , Discriminative=
[2025-10-19 03:14:40] INFO: 0.606
[2025-10-19 03:14:40] INFO: , AvgNeg=
[2025-10-19 03:14:40] INFO: 0.540
[2025-10-19 03:14:40] INFO: [Thresholds] Abs=
[2025-10-19 03:14:40] INFO: 0.612
[2025-10-19 03:14:40] INFO: , Margin=
[2025-10-19 03:14:40] INFO: 0.112
[2025-10-19 03:14:40] INFO: (
[2025-10-19 03:14:40] INFO: 15.6
[2025-10-19 03:14:40] INFO: %
[2025-10-19 03:14:40] INFO: ), RelMargin=
[2025-10-19 03:14:40] INFO: 24.5
[2025-10-19 03:14:40] INFO: %
[2025-10-19 03:14:40] INFO: , Tightness=
[2025-10-19 03:14:40] INFO: 0.883
[2025-10-19 03:14:40] INFO: , StdDev=
[2025-10-19 03:14:40] INFO: 0.039
[2025-10-19 03:14:40] INFO: [Decision] ACCEPT: Tier 1 - Absolute + Strong Margin (10%)
[2025-10-19 03:14:40] INFO: [Recognition] Scores: S12342 - wyn=0.585 S13234 - Jin_Rae=0.734 
[2025-10-19 03:14:40] INFO: [Decision] Best=
[2025-10-19 03:14:40] INFO: S13234 - Jin_Rae
[2025-10-19 03:14:40] INFO: (
[2025-10-19 03:14:40] INFO: 0.734
[2025-10-19 03:14:40] INFO: ), 2nd=
[2025-10-19 03:14:40] INFO: 0.585
[2025-10-19 03:14:40] INFO: , Discriminative=
[2025-10-19 03:14:40] INFO: 0.617
[2025-10-19 03:14:40] INFO: , AvgNeg=
[2025-10-19 03:14:40] INFO: 0.585
[2025-10-19 03:14:40] INFO: [Thresholds] Abs=
[2025-10-19 03:14:40] INFO: 0.612
[2025-10-19 03:14:40] INFO: , Margin=
[2025-10-19 03:14:40] INFO: 0.112
[2025-10-19 03:14:40] INFO: (
[2025-10-19 03:14:40] INFO: 15.2
[2025-10-19 03:14:40] INFO: %
[2025-10-19 03:14:40] INFO: ), RelMargin=
[2025-10-19 03:14:40] INFO: 20.3
[2025-10-19 03:14:40] INFO: %
[2025-10-19 03:14:40] INFO: , Tightness=
[2025-10-19 03:14:40] INFO: 0.883
[2025-10-19 03:14:40] INFO: , StdDev=
[2025-10-19 03:14:40] INFO: 0.039
[2025-10-19 03:14:40] INFO: [Decision] ACCEPT: Tier 1 - Absolute + Strong Margin (10%)
[2025-10-19 03:14:40] INFO: [Recognition] Scores: S12342 - wyn=0.526 S13234 - Jin_Rae=0.703 
[2025-10-19 03:14:40] INFO: [Decision] Best=
[2025-10-19 03:14:40] INFO: S13234 - Jin_Rae
[2025-10-19 03:14:40] INFO: (
[2025-10-19 03:14:40] INFO: 0.703
[2025-10-19 03:14:40] INFO: ), 2nd=
[2025-10-19 03:14:40] INFO: 0.526
[2025-10-19 03:14:40] INFO: , Discriminative=
[2025-10-19 03:14:40] INFO: 0.598
[2025-10-19 03:14:40] INFO: , AvgNeg=
[2025-10-19 03:14:40] INFO: 0.526
[2025-10-19 03:14:40] INFO: [Thresholds] Abs=
[2025-10-19 03:14:40] INFO: 0.612
[2025-10-19 03:14:40] INFO: , Margin=
[2025-10-19 03:14:40] INFO: 0.112
[2025-10-19 03:14:40] INFO: (
[2025-10-19 03:14:40] INFO: 15.9
[2025-10-19 03:14:40] INFO: %
[2025-10-19 03:14:40] INFO: ), RelMargin=
[2025-10-19 03:14:40] INFO: 25.2
[2025-10-19 03:14:40] INFO: %
[2025-10-19 03:14:40] INFO: , Tightness=
[2025-10-19 03:14:40] INFO: 0.883
[2025-10-19 03:14:40] INFO: , StdDev=
[2025-10-19 03:14:40] INFO: 0.039
[2025-10-19 03:14:40] INFO: [Decision] ACCEPT: Tier 1 - Absolute + Strong Margin (10%)
[2025-10-19 03:14:40] INFO: [Recognition] Scores: S12342 - wyn=0.597 S13234 - Jin_Rae=0.674 
[2025-10-19 03:14:40] INFO: [Decision] Best=
[2025-10-19 03:14:40] INFO: S13234 - Jin_Rae
[2025-10-19 03:14:40] INFO: (
[2025-10-19 03:14:40] INFO: 0.674
[2025-10-19 03:14:40] INFO: ), 2nd=
[2025-10-19 03:14:40] INFO: 0.597
[2025-10-19 03:14:40] INFO: , Discriminative=
[2025-10-19 03:14:40] INFO: 0.554
[2025-10-19 03:14:40] INFO: , AvgNeg=
[2025-10-19 03:14:40] INFO: 0.597
[2025-10-19 03:14:40] INFO: [Thresholds] Abs=
[2025-10-19 03:14:40] INFO: 0.612
[2025-10-19 03:14:40] INFO: , Margin=
[2025-10-19 03:14:40] INFO: 0.112
[2025-10-19 03:14:40] INFO: (
[2025-10-19 03:14:40] INFO: 16.6
[2025-10-19 03:14:40] INFO: %
[2025-10-19 03:14:40] INFO: ), RelMargin=
[2025-10-19 03:14:40] INFO: 11.3
[2025-10-19 03:14:40] INFO: %
[2025-10-19 03:14:40] INFO: , Tightness=
[2025-10-19 03:14:40] INFO: 0.883
[2025-10-19 03:14:40] INFO: , StdDev=
[2025-10-19 03:14:40] INFO: 0.039
[2025-10-19 03:14:40] INFO: [Decision] ACCEPT: Tier 1 - Absolute + Strong Margin (10%)
[2025-10-19 03:14:41] INFO: [Recognition] Scores: S12342 - wyn=0.564 S13234 - Jin_Rae=0.664 
[2025-10-19 03:14:41] INFO: [Decision] Best=
[2025-10-19 03:14:41] INFO: S13234 - Jin_Rae
[2025-10-19 03:14:41] INFO: (
[2025-10-19 03:14:41] INFO: 0.664
[2025-10-19 03:14:41] INFO: ), 2nd=
[2025-10-19 03:14:41] INFO: 0.564
[2025-10-19 03:14:41] INFO: , Discriminative=
[2025-10-19 03:14:41] INFO: 0.552
[2025-10-19 03:14:41] INFO: , AvgNeg=
[2025-10-19 03:14:41] INFO: 0.564
[2025-10-19 03:14:41] INFO: [Thresholds] Abs=
[2025-10-19 03:14:41] INFO: 0.612
[2025-10-19 03:14:41] INFO: , Margin=
[2025-10-19 03:14:41] INFO: 0.112
[2025-10-19 03:14:41] INFO: (
[2025-10-19 03:14:41] INFO: 16.8
[2025-10-19 03:14:41] INFO: %
[2025-10-19 03:14:41] INFO: ), RelMargin=
[2025-10-19 03:14:41] INFO: 15.2
[2025-10-19 03:14:41] INFO: %
[2025-10-19 03:14:41] INFO: , Tightness=
[2025-10-19 03:14:41] INFO: 0.883
[2025-10-19 03:14:41] INFO: , StdDev=
[2025-10-19 03:14:41] INFO: 0.039
[2025-10-19 03:14:41] INFO: [Decision] ACCEPT: Tier 1 - Absolute + Strong Margin (10%)
[2025-10-19 03:14:41] INFO: [Recognition] Scores: S12342 - wyn=0.585 S13234 - Jin_Rae=0.660 
[2025-10-19 03:14:41] INFO: [Decision] Best=
[2025-10-19 03:14:41] INFO: S13234 - Jin_Rae
[2025-10-19 03:14:41] INFO: (
[2025-10-19 03:14:41] INFO: 0.660
[2025-10-19 03:14:41] INFO: ), 2nd=
[2025-10-19 03:14:41] INFO: 0.585
[2025-10-19 03:14:41] INFO: , Discriminative=
[2025-10-19 03:14:41] INFO: 0.543
[2025-10-19 03:14:41] INFO: , AvgNeg=
[2025-10-19 03:14:41] INFO: 0.585
[2025-10-19 03:14:41] INFO: [Thresholds] Abs=
[2025-10-19 03:14:41] INFO: 0.612
[2025-10-19 03:14:41] INFO: , Margin=
[2025-10-19 03:14:41] INFO: 0.112
[2025-10-19 03:14:41] INFO: (
[2025-10-19 03:14:41] INFO: 16.9
[2025-10-19 03:14:41] INFO: %
[2025-10-19 03:14:41] INFO: ), RelMargin=
[2025-10-19 03:14:41] INFO: 11.3
[2025-10-19 03:14:41] INFO: %
[2025-10-19 03:14:41] INFO: , Tightness=
[2025-10-19 03:14:41] INFO: 0.883
[2025-10-19 03:14:41] INFO: , StdDev=
[2025-10-19 03:14:41] INFO: 0.039
[2025-10-19 03:14:41] INFO: [Decision] ACCEPT: Tier 1 - Absolute + Strong Margin (10%)
[2025-10-19 03:14:41] INFO: [Recognition] Scores: S12342 - wyn=0.563 S13234 - Jin_Rae=0.655 
[2025-10-19 03:14:41] INFO: [Decision] Best=
[2025-10-19 03:14:41] INFO: S13234 - Jin_Rae
[2025-10-19 03:14:41] INFO: (
[2025-10-19 03:14:41] INFO: 0.655
[2025-10-19 03:14:41] INFO: ), 2nd=
[2025-10-19 03:14:41] INFO: 0.563
[2025-10-19 03:14:41] INFO: , Discriminative=
[2025-10-19 03:14:41] INFO: 0.543
[2025-10-19 03:14:41] INFO: , AvgNeg=
[2025-10-19 03:14:41] INFO: 0.563
[2025-10-19 03:14:41] INFO: [Thresholds] Abs=
[2025-10-19 03:14:41] INFO: 0.612
[2025-10-19 03:14:41] INFO: , Margin=
[2025-10-19 03:14:41] INFO: 0.112
[2025-10-19 03:14:41] INFO: (
[2025-10-19 03:14:41] INFO: 17.0
[2025-10-19 03:14:41] INFO: %
[2025-10-19 03:14:41] INFO: ), RelMargin=
[2025-10-19 03:14:41] INFO: 14.1
[2025-10-19 03:14:41] INFO: %
[2025-10-19 03:14:41] INFO: , Tightness=
[2025-10-19 03:14:41] INFO: 0.883
[2025-10-19 03:14:41] INFO: , StdDev=
[2025-10-19 03:14:41] INFO: 0.039
[2025-10-19 03:14:41] INFO: [Decision] ACCEPT: Tier 1 - Absolute + Strong Margin (10%)
[2025-10-19 03:14:41] INFO: [Recognition] Scores: S12342 - wyn=0.575 S13234 - Jin_Rae=0.649 
[2025-10-19 03:14:41] INFO: [Decision] Best=
[2025-10-19 03:14:41] INFO: S13234 - Jin_Rae
[2025-10-19 03:14:41] INFO: (
[2025-10-19 03:14:41] INFO: 0.649
[2025-10-19 03:14:41] INFO: ), 2nd=
[2025-10-19 03:14:41] INFO: 0.575
[2025-10-19 03:14:41] INFO: , Discriminative=
[2025-10-19 03:14:41] INFO: 0.534
[2025-10-19 03:14:41] INFO: , AvgNeg=
[2025-10-19 03:14:41] INFO: 0.575
[2025-10-19 03:14:41] INFO: [Thresholds] Abs=
[2025-10-19 03:14:41] INFO: 0.612
[2025-10-19 03:14:41] INFO: , Margin=
[2025-10-19 03:14:41] INFO: 0.112
[2025-10-19 03:14:41] INFO: (
[2025-10-19 03:14:41] INFO: 17.2
[2025-10-19 03:14:41] INFO: %
[2025-10-19 03:14:41] INFO: ), RelMargin=
[2025-10-19 03:14:41] INFO: 11.4
[2025-10-19 03:14:41] INFO: %
[2025-10-19 03:14:41] INFO: , Tightness=
[2025-10-19 03:14:41] INFO: 0.883
[2025-10-19 03:14:41] INFO: , StdDev=
[2025-10-19 03:14:41] INFO: 0.039
[2025-10-19 03:14:41] INFO: [Decision] ACCEPT: Tier 1 - Absolute + Strong Margin (10%)
[2025-10-19 03:14:41] INFO: [Recognition] Scores: S12342 - wyn=0.568 S13234 - Jin_Rae=0.694 
[2025-10-19 03:14:41] INFO: [Decision] Best=
[2025-10-19 03:14:41] INFO: S13234 - Jin_Rae
[2025-10-19 03:14:41] INFO: (
[2025-10-19 03:14:41] INFO: 0.694
[2025-10-19 03:14:41] INFO: ), 2nd=
[2025-10-19 03:14:41] INFO: 0.568
[2025-10-19 03:14:41] INFO: , Discriminative=
[2025-10-19 03:14:41] INFO: 0.580
[2025-10-19 03:14:41] INFO: , AvgNeg=
[2025-10-19 03:14:41] INFO: 0.568
[2025-10-19 03:14:41] INFO: [Thresholds] Abs=
[2025-10-19 03:14:41] INFO: 0.612
[2025-10-19 03:14:41] INFO: , Margin=
[2025-10-19 03:14:41] INFO: 0.112
[2025-10-19 03:14:41] INFO: (
[2025-10-19 03:14:41] INFO: 16.1
[2025-10-19 03:14:41] INFO: %
[2025-10-19 03:14:41] INFO: ), RelMargin=
[2025-10-19 03:14:41] INFO: 18.1
[2025-10-19 03:14:41] INFO: %
[2025-10-19 03:14:41] INFO: , Tightness=
[2025-10-19 03:14:41] INFO: 0.883
[2025-10-19 03:14:41] INFO: , StdDev=
[2025-10-19 03:14:41] INFO: 0.039
[2025-10-19 03:14:41] INFO: [Decision] ACCEPT: Tier 1 - Absolute + Strong Margin (10%)
[2025-10-19 03:14:42] INFO: [Recognition] Scores: S12342 - wyn=0.527 S13234 - Jin_Rae=0.662 
[2025-10-19 03:14:42] INFO: [Decision] Best=
[2025-10-19 03:14:42] INFO: S13234 - Jin_Rae
[2025-10-19 03:14:42] INFO: (
[2025-10-19 03:14:42] INFO: 0.662
[2025-10-19 03:14:42] INFO: ), 2nd=
[2025-10-19 03:14:42] INFO: 0.527
[2025-10-19 03:14:42] INFO: , Discriminative=
[2025-10-19 03:14:42] INFO: 0.556
[2025-10-19 03:14:42] INFO: , AvgNeg=
[2025-10-19 03:14:42] INFO: 0.527
[2025-10-19 03:14:42] INFO: [Thresholds] Abs=
[2025-10-19 03:14:42] INFO: 0.612
[2025-10-19 03:14:42] INFO: , Margin=
[2025-10-19 03:14:42] INFO: 0.112
[2025-10-19 03:14:42] INFO: (
[2025-10-19 03:14:42] INFO: 16.9
[2025-10-19 03:14:42] INFO: %
[2025-10-19 03:14:42] INFO: ), RelMargin=
[2025-10-19 03:14:42] INFO: 20.4
[2025-10-19 03:14:42] INFO: %
[2025-10-19 03:14:42] INFO: , Tightness=
[2025-10-19 03:14:42] INFO: 0.883
[2025-10-19 03:14:42] INFO: , StdDev=
[2025-10-19 03:14:42] INFO: 0.039
[2025-10-19 03:14:42] INFO: [Decision] ACCEPT: Tier 1 - Absolute + Strong Margin (10%)
[2025-10-19 03:14:42] INFO: [Recognition] Scores: S12342 - wyn=0.487 S13234 - Jin_Rae=0.641 
[2025-10-19 03:14:42] INFO: [Decision] Best=
[2025-10-19 03:14:42] INFO: S13234 - Jin_Rae
[2025-10-19 03:14:42] INFO: (
[2025-10-19 03:14:42] INFO: 0.641
[2025-10-19 03:14:42] INFO: ), 2nd=
[2025-10-19 03:14:42] INFO: 0.487
[2025-10-19 03:14:42] INFO: , Discriminative=
[2025-10-19 03:14:42] INFO: 0.544
[2025-10-19 03:14:42] INFO: , AvgNeg=
[2025-10-19 03:14:42] INFO: 0.487
[2025-10-19 03:14:42] INFO: [Thresholds] Abs=
[2025-10-19 03:14:42] INFO: 0.612
[2025-10-19 03:14:42] INFO: , Margin=
[2025-10-19 03:14:42] INFO: 0.112
[2025-10-19 03:14:42] INFO: (
[2025-10-19 03:14:42] INFO: 17.4
[2025-10-19 03:14:42] INFO: %
[2025-10-19 03:14:42] INFO: ), RelMargin=
[2025-10-19 03:14:42] INFO: 24.1
[2025-10-19 03:14:42] INFO: %
[2025-10-19 03:14:42] INFO: , Tightness=
[2025-10-19 03:14:42] INFO: 0.883
[2025-10-19 03:14:42] INFO: , StdDev=
[2025-10-19 03:14:42] INFO: 0.039
[2025-10-19 03:14:42] INFO: [Decision] ACCEPT: Tier 1 - Absolute + Strong Margin (10%)
[2025-10-19 03:14:42] INFO: [Recognition] Scores: S12342 - wyn=0.532 S13234 - Jin_Rae=0.681 
[2025-10-19 03:14:42] INFO: [Decision] Best=
[2025-10-19 03:14:42] INFO: S13234 - Jin_Rae
[2025-10-19 03:14:42] INFO: (
[2025-10-19 03:14:42] INFO: 0.681
[2025-10-19 03:14:42] INFO: ), 2nd=
[2025-10-19 03:14:42] INFO: 0.532
[2025-10-19 03:14:42] INFO: , Discriminative=
[2025-10-19 03:14:42] INFO: 0.574
[2025-10-19 03:14:42] INFO: , AvgNeg=
[2025-10-19 03:14:42] INFO: 0.532
[2025-10-19 03:14:42] INFO: [Thresholds] Abs=
[2025-10-19 03:14:42] INFO: 0.612
[2025-10-19 03:14:42] INFO: , Margin=
[2025-10-19 03:14:42] INFO: 0.112
[2025-10-19 03:14:42] INFO: (
[2025-10-19 03:14:42] INFO: 16.4
[2025-10-19 03:14:42] INFO: %
[2025-10-19 03:14:42] INFO: ), RelMargin=
[2025-10-19 03:14:42] INFO: 21.9
[2025-10-19 03:14:42] INFO: %
[2025-10-19 03:14:42] INFO: , Tightness=
[2025-10-19 03:14:42] INFO: 0.883
[2025-10-19 03:14:42] INFO: , StdDev=
[2025-10-19 03:14:42] INFO: 0.039
[2025-10-19 03:14:42] INFO: [Decision] ACCEPT: Tier 1 - Absolute + Strong Margin (10%)
[2025-10-19 03:14:42] INFO: [Recognition] Scores: S12342 - wyn=0.571 S13234 - Jin_Rae=0.709 
[2025-10-19 03:14:42] INFO: [Decision] Best=
[2025-10-19 03:14:42] INFO: S13234 - Jin_Rae
[2025-10-19 03:14:42] INFO: (
[2025-10-19 03:14:42] INFO: 0.709
[2025-10-19 03:14:42] INFO: ), 2nd=
[2025-10-19 03:14:42] INFO: 0.571
[2025-10-19 03:14:42] INFO: , Discriminative=
[2025-10-19 03:14:42] INFO: 0.595
[2025-10-19 03:14:42] INFO: , AvgNeg=
[2025-10-19 03:14:42] INFO: 0.571
[2025-10-19 03:14:42] INFO: [Thresholds] Abs=
[2025-10-19 03:14:42] INFO: 0.612
[2025-10-19 03:14:42] INFO: , Margin=
[2025-10-19 03:14:42] INFO: 0.112
[2025-10-19 03:14:42] INFO: (
[2025-10-19 03:14:42] INFO: 15.7
[2025-10-19 03:14:42] INFO: %
[2025-10-19 03:14:42] INFO: ), RelMargin=
[2025-10-19 03:14:42] INFO: 19.5
[2025-10-19 03:14:42] INFO: %
[2025-10-19 03:14:42] INFO: , Tightness=
[2025-10-19 03:14:42] INFO: 0.883
[2025-10-19 03:14:42] INFO: , StdDev=
[2025-10-19 03:14:42] INFO: 0.039
[2025-10-19 03:14:42] INFO: [Decision] ACCEPT: Tier 1 - Absolute + Strong Margin (10%)
[2025-10-19 03:14:43] INFO: [Recognition] Scores: S12342 - wyn=0.504 S13234 - Jin_Rae=0.664 
[2025-10-19 03:14:43] INFO: [Decision] Best=
[2025-10-19 03:14:43] INFO: S13234 - Jin_Rae
[2025-10-19 03:14:43] INFO: (
[2025-10-19 03:14:43] INFO: 0.664
[2025-10-19 03:14:43] INFO: ), 2nd=
[2025-10-19 03:14:43] INFO: 0.504
[2025-10-19 03:14:43] INFO: , Discriminative=
[2025-10-19 03:14:43] INFO: 0.563
[2025-10-19 03:14:43] INFO: , AvgNeg=
[2025-10-19 03:14:43] INFO: 0.504
[2025-10-19 03:14:43] INFO: [Thresholds] Abs=
[2025-10-19 03:14:43] INFO: 0.612
[2025-10-19 03:14:43] INFO: , Margin=
[2025-10-19 03:14:43] INFO: 0.112
[2025-10-19 03:14:43] INFO: (
[2025-10-19 03:14:43] INFO: 16.8
[2025-10-19 03:14:43] INFO: %
[2025-10-19 03:14:43] INFO: ), RelMargin=
[2025-10-19 03:14:43] INFO: 24.1
[2025-10-19 03:14:43] INFO: %
[2025-10-19 03:14:43] INFO: , Tightness=
[2025-10-19 03:14:43] INFO: 0.883
[2025-10-19 03:14:43] INFO: , StdDev=
[2025-10-19 03:14:43] INFO: 0.039
[2025-10-19 03:14:43] INFO: [Decision] ACCEPT: Tier 1 - Absolute + Strong Margin (10%)
[2025-10-19 03:14:43] INFO: [Recognition] Scores: S12342 - wyn=0.481 S13234 - Jin_Rae=0.600 
[2025-10-19 03:14:43] INFO: [Decision] Best=
[2025-10-19 03:14:43] INFO: S13234 - Jin_Rae
[2025-10-19 03:14:43] INFO: (
[2025-10-19 03:14:43] INFO: 0.600
[2025-10-19 03:14:43] INFO: ), 2nd=
[2025-10-19 03:14:43] INFO: 0.481
[2025-10-19 03:14:43] INFO: , Discriminative=
[2025-10-19 03:14:43] INFO: 0.503
[2025-10-19 03:14:43] INFO: , AvgNeg=
[2025-10-19 03:14:43] INFO: 0.481
[2025-10-19 03:14:43] INFO: [Thresholds] Abs=
[2025-10-19 03:14:43] INFO: 0.612
[2025-10-19 03:14:43] INFO: , Margin=
[2025-10-19 03:14:43] INFO: 0.112
[2025-10-19 03:14:43] INFO: (
[2025-10-19 03:14:43] INFO: 18.6
[2025-10-19 03:14:43] INFO: %
[2025-10-19 03:14:43] INFO: ), RelMargin=
[2025-10-19 03:14:43] INFO: 19.8
[2025-10-19 03:14:43] INFO: %
[2025-10-19 03:14:43] INFO: , Tightness=
[2025-10-19 03:14:43] INFO: 0.883
[2025-10-19 03:14:43] INFO: , StdDev=
[2025-10-19 03:14:43] INFO: 0.039
[2025-10-19 03:14:43] INFO: [Decision] ACCEPT: Tier 4 - Very Strong Consistency (5 frames)
[2025-10-19 03:14:43] INFO: [Recognition] Scores: S12342 - wyn=0.522 S13234 - Jin_Rae=0.701 
[2025-10-19 03:14:43] INFO: [Decision] Best=
[2025-10-19 03:14:43] INFO: S13234 - Jin_Rae
[2025-10-19 03:14:43] INFO: (
[2025-10-19 03:14:43] INFO: 0.701
[2025-10-19 03:14:43] INFO: ), 2nd=
[2025-10-19 03:14:43] INFO: 0.522
[2025-10-19 03:14:43] INFO: , Discriminative=
[2025-10-19 03:14:43] INFO: 0.596
[2025-10-19 03:14:43] INFO: , AvgNeg=
[2025-10-19 03:14:43] INFO: 0.522
[2025-10-19 03:14:43] INFO: [Thresholds] Abs=
[2025-10-19 03:14:43] INFO: 0.612
[2025-10-19 03:14:43] INFO: , Margin=
[2025-10-19 03:14:43] INFO: 0.112
[2025-10-19 03:14:43] INFO: (
[2025-10-19 03:14:43] INFO: 15.9
[2025-10-19 03:14:43] INFO: %
[2025-10-19 03:14:43] INFO: ), RelMargin=
[2025-10-19 03:14:43] INFO: 25.5
[2025-10-19 03:14:43] INFO: %
[2025-10-19 03:14:43] INFO: , Tightness=
[2025-10-19 03:14:43] INFO: 0.883
[2025-10-19 03:14:43] INFO: , StdDev=
[2025-10-19 03:14:43] INFO: 0.039
[2025-10-19 03:14:43] INFO: [Decision] ACCEPT: Tier 1 - Absolute + Strong Margin (10%)
[2025-10-19 03:14:43] INFO: [Recognition] Scores: S12342 - wyn=0.511 S13234 - Jin_Rae=0.661 
[2025-10-19 03:14:43] INFO: [Decision] Best=
[2025-10-19 03:14:43] INFO: S13234 - Jin_Rae
[2025-10-19 03:14:43] INFO: (
[2025-10-19 03:14:43] INFO: 0.661
[2025-10-19 03:14:43] INFO: ), 2nd=
[2025-10-19 03:14:43] INFO: 0.511
[2025-10-19 03:14:43] INFO: , Discriminative=
[2025-10-19 03:14:43] INFO: 0.559
[2025-10-19 03:14:43] INFO: , AvgNeg=
[2025-10-19 03:14:43] INFO: 0.511
[2025-10-19 03:14:43] INFO: [Thresholds] Abs=
[2025-10-19 03:14:43] INFO: 0.612
[2025-10-19 03:14:43] INFO: , Margin=
[2025-10-19 03:14:43] INFO: 0.112
[2025-10-19 03:14:43] INFO: (
[2025-10-19 03:14:43] INFO: 16.9
[2025-10-19 03:14:43] INFO: %
[2025-10-19 03:14:43] INFO: ), RelMargin=
[2025-10-19 03:14:43] INFO: 22.6
[2025-10-19 03:14:43] INFO: %
[2025-10-19 03:14:43] INFO: , Tightness=
[2025-10-19 03:14:43] INFO: 0.883
[2025-10-19 03:14:43] INFO: , StdDev=
[2025-10-19 03:14:43] INFO: 0.039
[2025-10-19 03:14:43] INFO: [Decision] ACCEPT: Tier 1 - Absolute + Strong Margin (10%)
[2025-10-19 03:14:44] INFO: [Recognition] Scores: S12342 - wyn=0.465 S13234 - Jin_Rae=0.688 
[2025-10-19 03:14:44] INFO: [Decision] Best=
[2025-10-19 03:14:44] INFO: S13234 - Jin_Rae
[2025-10-19 03:14:44] INFO: (
[2025-10-19 03:14:44] INFO: 0.688
[2025-10-19 03:14:44] INFO: ), 2nd=
[2025-10-19 03:14:44] INFO: 0.465
[2025-10-19 03:14:44] INFO: , Discriminative=
[2025-10-19 03:14:44] INFO: 0.595
[2025-10-19 03:14:44] INFO: , AvgNeg=
[2025-10-19 03:14:44] INFO: 0.465
[2025-10-19 03:14:44] INFO: [Thresholds] Abs=
[2025-10-19 03:14:44] INFO: 0.612
[2025-10-19 03:14:44] INFO: , Margin=
[2025-10-19 03:14:44] INFO: 0.112
[2025-10-19 03:14:44] INFO: (
[2025-10-19 03:14:44] INFO: 16.2
[2025-10-19 03:14:44] INFO: %
[2025-10-19 03:14:44] INFO: ), RelMargin=
[2025-10-19 03:14:44] INFO: 32.4
[2025-10-19 03:14:44] INFO: %
[2025-10-19 03:14:44] INFO: , Tightness=
[2025-10-19 03:14:44] INFO: 0.883
[2025-10-19 03:14:44] INFO: , StdDev=
[2025-10-19 03:14:44] INFO: 0.039
[2025-10-19 03:14:44] INFO: [Decision] ACCEPT: Tier 1 - Absolute + Strong Margin (10%)
[2025-10-19 03:14:44] INFO: [Recognition] Scores: S12342 - wyn=0.479 S13234 - Jin_Rae=0.713 
[2025-10-19 03:14:44] INFO: [Decision] Best=
[2025-10-19 03:14:44] INFO: S13234 - Jin_Rae
[2025-10-19 03:14:44] INFO: (
[2025-10-19 03:14:44] INFO: 0.713
[2025-10-19 03:14:44] INFO: ), 2nd=
[2025-10-19 03:14:44] INFO: 0.479
[2025-10-19 03:14:44] INFO: , Discriminative=
[2025-10-19 03:14:44] INFO: 0.618
[2025-10-19 03:14:44] INFO: , AvgNeg=
[2025-10-19 03:14:44] INFO: 0.479
[2025-10-19 03:14:44] INFO: [Thresholds] Abs=
[2025-10-19 03:14:44] INFO: 0.612
[2025-10-19 03:14:44] INFO: , Margin=
[2025-10-19 03:14:44] INFO: 0.112
[2025-10-19 03:14:44] INFO: (
[2025-10-19 03:14:44] INFO: 15.7
[2025-10-19 03:14:44] INFO: %
[2025-10-19 03:14:44] INFO: ), RelMargin=
[2025-10-19 03:14:44] INFO: 32.9
[2025-10-19 03:14:44] INFO: %
[2025-10-19 03:14:44] INFO: , Tightness=
[2025-10-19 03:14:44] INFO: 0.883
[2025-10-19 03:14:44] INFO: , StdDev=
[2025-10-19 03:14:44] INFO: 0.039
[2025-10-19 03:14:44] INFO: [Decision] ACCEPT: Tier 1 - Absolute + Strong Margin (10%)
[2025-10-19 03:14:44] INFO: [Recognition] Scores: S12342 - wyn=0.528 S13234 - Jin_Rae=0.796 
[2025-10-19 03:14:44] INFO: [Decision] Best=
[2025-10-19 03:14:44] INFO: S13234 - Jin_Rae
[2025-10-19 03:14:44] INFO: (
[2025-10-19 03:14:44] INFO: 0.796
[2025-10-19 03:14:44] INFO: ), 2nd=
[2025-10-19 03:14:44] INFO: 0.528
[2025-10-19 03:14:44] INFO: , Discriminative=
[2025-10-19 03:14:44] INFO: 0.691
[2025-10-19 03:14:44] INFO: , AvgNeg=
[2025-10-19 03:14:44] INFO: 0.528
[2025-10-19 03:14:44] INFO: [Thresholds] Abs=
[2025-10-19 03:14:44] INFO: 0.612
[2025-10-19 03:14:44] INFO: , Margin=
[2025-10-19 03:14:44] INFO: 0.112
[2025-10-19 03:14:44] INFO: (
[2025-10-19 03:14:44] INFO: 14.0
[2025-10-19 03:14:44] INFO: %
[2025-10-19 03:14:44] INFO: ), RelMargin=
[2025-10-19 03:14:44] INFO: 33.7
[2025-10-19 03:14:44] INFO: %
[2025-10-19 03:14:44] INFO: , Tightness=
[2025-10-19 03:14:44] INFO: 0.883
[2025-10-19 03:14:44] INFO: , StdDev=
[2025-10-19 03:14:44] INFO: 0.039
[2025-10-19 03:14:44] INFO: [Decision] ACCEPT: Tier 1 - Absolute + Strong Margin (10%)
[2025-10-19 03:14:44] INFO: [Recognition] Scores: S12342 - wyn=0.504 S13234 - Jin_Rae=0.801 
[2025-10-19 03:14:44] INFO: [Decision] Best=
[2025-10-19 03:14:44] INFO: S13234 - Jin_Rae
[2025-10-19 03:14:44] INFO: (
[2025-10-19 03:14:44] INFO: 0.801
[2025-10-19 03:14:44] INFO: ), 2nd=
[2025-10-19 03:14:44] INFO: 0.504
[2025-10-19 03:14:44] INFO: , Discriminative=
[2025-10-19 03:14:44] INFO: 0.700
[2025-10-19 03:14:44] INFO: , AvgNeg=
[2025-10-19 03:14:44] INFO: 0.504
[2025-10-19 03:14:44] INFO: [Thresholds] Abs=
[2025-10-19 03:14:44] INFO: 0.612
[2025-10-19 03:14:44] INFO: , Margin=
[2025-10-19 03:14:44] INFO: 0.112
[2025-10-19 03:14:44] INFO: (
[2025-10-19 03:14:44] INFO: 13.9
[2025-10-19 03:14:44] INFO: %
[2025-10-19 03:14:44] INFO: ), RelMargin=
[2025-10-19 03:14:44] INFO: 37.1
[2025-10-19 03:14:44] INFO: %
[2025-10-19 03:14:44] INFO: , Tightness=
[2025-10-19 03:14:44] INFO: 0.883
[2025-10-19 03:14:44] INFO: , StdDev=
[2025-10-19 03:14:44] INFO: 0.039
[2025-10-19 03:14:44] INFO: [Decision] ACCEPT: Tier 1 - Absolute + Strong Margin (10%)
[2025-10-19 03:14:45] INFO: [Recognition] Scores: S12342 - wyn=0.443 S13234 - Jin_Rae=0.772 
[2025-10-19 03:14:45] INFO: [Decision] Best=
[2025-10-19 03:14:45] INFO: S13234 - Jin_Rae
[2025-10-19 03:14:45] INFO: (
[2025-10-19 03:14:45] INFO: 0.772
[2025-10-19 03:14:45] INFO: ), 2nd=
[2025-10-19 03:14:45] INFO: 0.443
[2025-10-19 03:14:45] INFO: , Discriminative=
[2025-10-19 03:14:45] INFO: 0.683
[2025-10-19 03:14:45] INFO: , AvgNeg=
[2025-10-19 03:14:45] INFO: 0.443
[2025-10-19 03:14:45] INFO: [Thresholds] Abs=
[2025-10-19 03:14:45] INFO: 0.612
[2025-10-19 03:14:45] INFO: , Margin=
[2025-10-19 03:14:45] INFO: 0.112
[2025-10-19 03:14:45] INFO: (
[2025-10-19 03:14:45] INFO: 14.5
[2025-10-19 03:14:45] INFO: %
[2025-10-19 03:14:45] INFO: ), RelMargin=
[2025-10-19 03:14:45] INFO: 42.6
[2025-10-19 03:14:45] INFO: %
[2025-10-19 03:14:45] INFO: , Tightness=
[2025-10-19 03:14:45] INFO: 0.883
[2025-10-19 03:14:45] INFO: , StdDev=
[2025-10-19 03:14:45] INFO: 0.039
[2025-10-19 03:14:45] INFO: [Decision] ACCEPT: Tier 1 - Absolute + Strong Margin (10%)
[2025-10-19 03:14:45] INFO: [Recognition] Scores: S12342 - wyn=0.438 S13234 - Jin_Rae=0.753 
[2025-10-19 03:14:45] INFO: [Decision] Best=
[2025-10-19 03:14:45] INFO: S13234 - Jin_Rae
[2025-10-19 03:14:45] INFO: (
[2025-10-19 03:14:45] INFO: 0.753
[2025-10-19 03:14:45] INFO: ), 2nd=
[2025-10-19 03:14:45] INFO: 0.438
[2025-10-19 03:14:45] INFO: , Discriminative=
[2025-10-19 03:14:45] INFO: 0.666
[2025-10-19 03:14:45] INFO: , AvgNeg=
[2025-10-19 03:14:45] INFO: 0.438
[2025-10-19 03:14:45] INFO: [Thresholds] Abs=
[2025-10-19 03:14:45] INFO: 0.612
[2025-10-19 03:14:45] INFO: , Margin=
[2025-10-19 03:14:45] INFO: 0.112
[2025-10-19 03:14:45] INFO: (
[2025-10-19 03:14:45] INFO: 14.8
[2025-10-19 03:14:45] INFO: %
[2025-10-19 03:14:45] INFO: ), RelMargin=
[2025-10-19 03:14:45] INFO: 41.8
[2025-10-19 03:14:45] INFO: %
[2025-10-19 03:14:45] INFO: , Tightness=
[2025-10-19 03:14:45] INFO: 0.883
[2025-10-19 03:14:45] INFO: , StdDev=
[2025-10-19 03:14:45] INFO: 0.039
[2025-10-19 03:14:45] INFO: [Decision] ACCEPT: Tier 1 - Absolute + Strong Margin (10%)
[2025-10-19 03:14:45] INFO: [Recognition] Scores: S12342 - wyn=0.429 S13234 - Jin_Rae=0.723 
[2025-10-19 03:14:45] INFO: [Decision] Best=
[2025-10-19 03:14:45] INFO: S13234 - Jin_Rae
[2025-10-19 03:14:45] INFO: (
[2025-10-19 03:14:45] INFO: 0.723
[2025-10-19 03:14:45] INFO: ), 2nd=
[2025-10-19 03:14:45] INFO: 0.429
[2025-10-19 03:14:45] INFO: , Discriminative=
[2025-10-19 03:14:45] INFO: 0.637
[2025-10-19 03:14:45] INFO: , AvgNeg=
[2025-10-19 03:14:45] INFO: 0.429
[2025-10-19 03:14:45] INFO: [Thresholds] Abs=
[2025-10-19 03:14:45] INFO: 0.612
[2025-10-19 03:14:45] INFO: , Margin=
[2025-10-19 03:14:45] INFO: 0.112
[2025-10-19 03:14:45] INFO: (
[2025-10-19 03:14:45] INFO: 15.4
[2025-10-19 03:14:45] INFO: %
[2025-10-19 03:14:45] INFO: ), RelMargin=
[2025-10-19 03:14:45] INFO: 40.7
[2025-10-19 03:14:45] INFO: %
[2025-10-19 03:14:45] INFO: , Tightness=
[2025-10-19 03:14:45] INFO: 0.883
[2025-10-19 03:14:45] INFO: , StdDev=
[2025-10-19 03:14:45] INFO: 0.039
[2025-10-19 03:14:45] INFO: [Decision] ACCEPT: Tier 1 - Absolute + Strong Margin (10%)
[2025-10-19 03:14:45] INFO: [Recognition] Scores: S12342 - wyn=0.392 S13234 - Jin_Rae=0.687 
[2025-10-19 03:14:45] INFO: [Decision] Best=
[2025-10-19 03:14:45] INFO: S13234 - Jin_Rae
[2025-10-19 03:14:45] INFO: (
[2025-10-19 03:14:45] INFO: 0.687
[2025-10-19 03:14:45] INFO: ), 2nd=
[2025-10-19 03:14:45] INFO: 0.392
[2025-10-19 03:14:45] INFO: , Discriminative=
[2025-10-19 03:14:45] INFO: 0.608
[2025-10-19 03:14:45] INFO: , AvgNeg=
[2025-10-19 03:14:45] INFO: 0.392
[2025-10-19 03:14:45] INFO: [Thresholds] Abs=
[2025-10-19 03:14:45] INFO: 0.612
[2025-10-19 03:14:45] INFO: , Margin=
[2025-10-19 03:14:45] INFO: 0.112
[2025-10-19 03:14:45] INFO: (
[2025-10-19 03:14:45] INFO: 16.3
[2025-10-19 03:14:45] INFO: %
[2025-10-19 03:14:45] INFO: ), RelMargin=
[2025-10-19 03:14:45] INFO: 42.9
[2025-10-19 03:14:45] INFO: %
[2025-10-19 03:14:45] INFO: , Tightness=
[2025-10-19 03:14:45] INFO: 0.883
[2025-10-19 03:14:45] INFO: , StdDev=
[2025-10-19 03:14:45] INFO: 0.039
[2025-10-19 03:14:45] INFO: [Decision] ACCEPT: Tier 1 - Absolute + Strong Margin (10%)
[2025-10-19 03:14:46] INFO: Exiting Face Recognition Demo...
[2025-10-19 03:14:46] INFO: [Recognition] Scores: S12342 - wyn=0.439 S13234 - Jin_Rae=0.733 
[2025-10-19 03:14:46] INFO: [Decision] Best=
[2025-10-19 03:14:46] INFO: S13234 - Jin_Rae
[2025-10-19 03:14:46] INFO: (
[2025-10-19 03:14:46] INFO: 0.733
[2025-10-19 03:14:46] INFO: ), 2nd=
[2025-10-19 03:14:46] INFO: 0.439
[2025-10-19 03:14:46] INFO: , Discriminative=
[2025-10-19 03:14:46] INFO: 0.645
[2025-10-19 03:14:46] INFO: , AvgNeg=
[2025-10-19 03:14:46] INFO: 0.439
[2025-10-19 03:14:46] INFO: [Thresholds] Abs=
[2025-10-19 03:14:46] INFO: 0.612
[2025-10-19 03:14:46] INFO: , Margin=
[2025-10-19 03:14:46] INFO: 0.112
[2025-10-19 03:14:46] INFO: (
[2025-10-19 03:14:46] INFO: 15.2
[2025-10-19 03:14:46] INFO: %
[2025-10-19 03:14:46] INFO: ), RelMargin=
[2025-10-19 03:14:46] INFO: 40.1
[2025-10-19 03:14:46] INFO: %
[2025-10-19 03:14:46] INFO: , Tightness=
[2025-10-19 03:14:46] INFO: 0.883
[2025-10-19 03:14:46] INFO: , StdDev=
[2025-10-19 03:14:46] INFO: 0.039
[2025-10-19 03:14:46] INFO: [Decision] ACCEPT: Tier 1 - Absolute + Strong Margin (10%)
[2025-10-19 03:14:46] INFO: Exiting Face Recognition Demo...
