[2025-10-24 11:16:52] INFO: Application Logger Initialized.
[2025-10-24 11:16:52] INFO: Configuration and core components loaded.
[2025-10-24 11:16:52] INFO: app.properties normalized (56 entries).
[2025-10-24 11:16:52] INFO: Configuration loaded from classpath: app.properties
[2025-10-24 11:16:52] INFO: Configuration file loaded
[2025-10-24 11:16:52] INFO: MyGUIProgram Started!
[2025-10-24 11:16:55] INFO: ￢ﾜﾅ ArcFace ResNet100 model loaded successfully
[2025-10-24 11:16:55] INFO: ￢ﾜﾓ FaceAligner initialized with 5-point alignment support
[2025-10-24 11:16:56] INFO: ￢ﾜﾓ FaceAligner initialized with 5-point alignment support
[2025-10-24 11:16:56] INFO: === Folder debug ===
[2025-10-24 11:16:56] INFO: Found folder: C:\SMU\CS102 Project\FaceRecognitionCS102\data\facedata\S13234_Jin_Rae
[2025-10-24 11:16:56] INFO:   Contains: 28 items
[2025-10-24 11:16:56] INFO:   Display label: S13234 - Jin_Rae
[2025-10-24 11:16:56] INFO: ====================
[2025-10-24 11:16:56] INFO: Person S13234 - Jin_Rae: tightness=0.950, stdDev=0.015, absThresh=0.605, margin=0.105
[2025-10-24 11:16:56] INFO: DEBUG CENTROID:
[2025-10-24 11:16:56] INFO:   Centroid length: 512
[2025-10-24 11:16:56] INFO:   Centroid first 10 values:
[2025-10-24 11:16:56] INFO:   -0.027781682085688805 
[2025-10-24 11:16:56] INFO:   -0.08100870587446535 
[2025-10-24 11:16:56] INFO:   -0.053811779607973495 
[2025-10-24 11:16:56] INFO:   -0.01839140530470309 
[2025-10-24 11:16:56] INFO:   -0.05148287065427371 
[2025-10-24 11:16:56] INFO:   0.004225639783550115 
[2025-10-24 11:16:56] INFO:   -0.029486857238694267 
[2025-10-24 11:16:56] INFO:   0.011982290430374971 
[2025-10-24 11:16:56] INFO:   0.08362239463266465 
[2025-10-24 11:16:56] INFO:   0.003745714471877661 
[2025-10-24 11:16:56] INFO:   Centroid magnitude: 1.0000000000000004
[2025-10-24 11:16:56] INFO: DNN face detector loaded successfully for recognition
[2025-10-24 11:16:56] INFO: Attempting camera index 0 with DSHOW backend...
[2025-10-24 11:16:57] INFO: Camera opened successfully: index 0 with DSHOW backend
[2025-10-24 11:17:01] INFO: Camera configured: 640x480 @ 30fps (MJPEG: yes)
[2025-10-24 11:17:01] INFO: Camera initialized successfully
[2025-10-24 11:17:02] INFO: === STAGE 1: Face Detection & Preprocessing ===
[2025-10-24 11:17:02] INFO: Original frame resolution: 210x284
[2025-10-24 11:17:02] INFO: Face ROI size: 210x284
[2025-10-24 11:17:02] INFO: Face ROI mean pixel value (BGR): [139.60043594902749, 193.76029510395708, 211.18060026827632, 0.0]
[2025-10-24 11:17:02] INFO: Face ROI std deviation: 50.00105002060861
[2025-10-24 11:17:02] INFO: [Recognition] Scores: S13234 - Jin_Rae=0.747 
[2025-10-24 11:17:02] INFO: [Decision] Best=S13234 - Jin_Rae(0.747), 2nd=0.000, Discriminative=0.747, AvgNeg=0.000
[2025-10-24 11:17:02] INFO: [Thresholds] Abs=0.605, Margin=0.105(14.0%), RelMargin=100.0%, Tightness=0.950, StdDev=0.015
[2025-10-24 11:17:02] INFO: [Accept] S13234 - Jin_Rae | Raw=0.747, Confidence=0.58, Margin=0.747 | Strong confidence match
[2025-10-24 11:17:02] INFO: === STAGE 1: Face Detection & Preprocessing ===
[2025-10-24 11:17:02] INFO: Original frame resolution: 210x283
[2025-10-24 11:17:02] INFO: Face ROI size: 210x283
[2025-10-24 11:17:02] INFO: Face ROI mean pixel value (BGR): [140.1040720174996, 196.0123338381289, 210.38970217062092, 0.0]
[2025-10-24 11:17:02] INFO: Face ROI std deviation: 51.69179806755648
[2025-10-24 11:17:02] INFO: [Recognition] Scores: S13234 - Jin_Rae=0.776 
[2025-10-24 11:17:02] INFO: [Decision] Best=S13234 - Jin_Rae(0.776), 2nd=0.000, Discriminative=0.776, AvgNeg=0.000
[2025-10-24 11:17:02] INFO: [Thresholds] Abs=0.605, Margin=0.105(13.5%), RelMargin=100.0%, Tightness=0.950, StdDev=0.015
[2025-10-24 11:17:02] INFO: [Accept] S13234 - Jin_Rae | Raw=0.776, Confidence=0.63, Margin=0.776 | Strong confidence match
[2025-10-24 11:17:03] INFO: === STAGE 1: Face Detection & Preprocessing ===
[2025-10-24 11:17:03] INFO: Original frame resolution: 216x291
[2025-10-24 11:17:03] INFO: Face ROI size: 216x291
[2025-10-24 11:17:03] INFO: Face ROI mean pixel value (BGR): [135.991233931526, 192.14294578083238, 208.93402380043273, 0.0]
[2025-10-24 11:17:03] INFO: Face ROI std deviation: 50.23713148984518
[2025-10-24 11:17:03] INFO: [Recognition] Scores: S13234 - Jin_Rae=0.786 
[2025-10-24 11:17:03] INFO: [Decision] Best=S13234 - Jin_Rae(0.786), 2nd=0.000, Discriminative=0.786, AvgNeg=0.000
[2025-10-24 11:17:03] INFO: [Thresholds] Abs=0.605, Margin=0.105(13.3%), RelMargin=100.0%, Tightness=0.950, StdDev=0.015
[2025-10-24 11:17:03] INFO: [Accept] S13234 - Jin_Rae | Raw=0.786, Confidence=0.65, Margin=0.786 | Strong confidence match
[2025-10-24 11:17:03] INFO: === STAGE 1: Face Detection & Preprocessing ===
[2025-10-24 11:17:03] INFO: Original frame resolution: 220x289
[2025-10-24 11:17:03] INFO: Face ROI size: 220x289
[2025-10-24 11:17:03] INFO: Face ROI mean pixel value (BGR): [135.90239068889588, 191.58815665303553, 208.38400440390058, 0.0]
[2025-10-24 11:17:03] INFO: Face ROI std deviation: 50.93758342736907
[2025-10-24 11:17:03] INFO: [Recognition] Scores: S13234 - Jin_Rae=0.799 
[2025-10-24 11:17:03] INFO: [Decision] Best=S13234 - Jin_Rae(0.799), 2nd=0.000, Discriminative=0.799, AvgNeg=0.000
[2025-10-24 11:17:03] INFO: [Thresholds] Abs=0.605, Margin=0.105(13.1%), RelMargin=100.0%, Tightness=0.950, StdDev=0.015
[2025-10-24 11:17:03] INFO: [Accept] S13234 - Jin_Rae | Raw=0.799, Confidence=0.67, Margin=0.799 | Strong confidence match
[2025-10-24 11:17:03] INFO: === STAGE 1: Face Detection & Preprocessing ===
[2025-10-24 11:17:03] INFO: Original frame resolution: 217x284
[2025-10-24 11:17:03] INFO: Face ROI size: 217x284
[2025-10-24 11:17:03] INFO: Face ROI mean pixel value (BGR): [140.4225514376582, 191.8146946193289, 207.1151100149283, 0.0]
[2025-10-24 11:17:03] INFO: Face ROI std deviation: 51.26424646698143
[2025-10-24 11:17:04] INFO: [Recognition] Scores: S13234 - Jin_Rae=0.794 
[2025-10-24 11:17:04] INFO: [Decision] Best=S13234 - Jin_Rae(0.794), 2nd=0.000, Discriminative=0.794, AvgNeg=0.000
[2025-10-24 11:17:04] INFO: [Thresholds] Abs=0.605, Margin=0.105(13.2%), RelMargin=100.0%, Tightness=0.950, StdDev=0.015
[2025-10-24 11:17:04] INFO: [Accept] S13234 - Jin_Rae | Raw=0.794, Confidence=0.66, Margin=0.794 | Strong confidence match
[2025-10-24 11:17:04] INFO: === STAGE 1: Face Detection & Preprocessing ===
[2025-10-24 11:17:04] INFO: Original frame resolution: 222x289
[2025-10-24 11:17:04] INFO: Face ROI size: 222x289
[2025-10-24 11:17:04] INFO: Face ROI mean pixel value (BGR): [142.09612207363074, 192.82586738988124, 207.5378128994046, 0.0]
[2025-10-24 11:17:04] INFO: Face ROI std deviation: 51.36511294648753
[2025-10-24 11:17:04] INFO: [Recognition] Scores: S13234 - Jin_Rae=0.790 
[2025-10-24 11:17:04] INFO: [Decision] Best=S13234 - Jin_Rae(0.790), 2nd=0.000, Discriminative=0.790, AvgNeg=0.000
[2025-10-24 11:17:04] INFO: [Thresholds] Abs=0.605, Margin=0.105(13.3%), RelMargin=100.0%, Tightness=0.950, StdDev=0.015
[2025-10-24 11:17:04] INFO: [Accept] S13234 - Jin_Rae | Raw=0.790, Confidence=0.65, Margin=0.790 | Strong confidence match
[2025-10-24 11:17:04] INFO: === STAGE 1: Face Detection & Preprocessing ===
[2025-10-24 11:17:04] INFO: Original frame resolution: 220x289
[2025-10-24 11:17:04] INFO: Face ROI size: 220x289
[2025-10-24 11:17:04] INFO: Face ROI mean pixel value (BGR): [147.98101604278074, 193.4422459893048, 206.14042151620004, 0.0]
[2025-10-24 11:17:04] INFO: Face ROI std deviation: 52.08623286511828
[2025-10-24 11:17:04] INFO: [Recognition] Scores: S13234 - Jin_Rae=0.782 
[2025-10-24 11:17:04] INFO: [Decision] Best=S13234 - Jin_Rae(0.782), 2nd=0.000, Discriminative=0.782, AvgNeg=0.000
[2025-10-24 11:17:04] INFO: [Thresholds] Abs=0.605, Margin=0.105(13.4%), RelMargin=100.0%, Tightness=0.950, StdDev=0.015
[2025-10-24 11:17:04] INFO: [Accept] S13234 - Jin_Rae | Raw=0.782, Confidence=0.64, Margin=0.782 | Strong confidence match
[2025-10-24 11:17:05] INFO: === STAGE 1: Face Detection & Preprocessing ===
[2025-10-24 11:17:05] INFO: Original frame resolution: 215x284
[2025-10-24 11:17:05] INFO: Face ROI size: 215x284
[2025-10-24 11:17:05] INFO: Face ROI mean pixel value (BGR): [150.64690468391746, 192.81279069767442, 204.3827710448739, 0.0]
[2025-10-24 11:17:05] INFO: Face ROI std deviation: 52.191619727220804
[2025-10-24 11:17:05] INFO: [Recognition] Scores: S13234 - Jin_Rae=0.788 
[2025-10-24 11:17:05] INFO: [Decision] Best=S13234 - Jin_Rae(0.788), 2nd=0.000, Discriminative=0.788, AvgNeg=0.000
[2025-10-24 11:17:05] INFO: [Thresholds] Abs=0.605, Margin=0.105(13.3%), RelMargin=100.0%, Tightness=0.950, StdDev=0.015
[2025-10-24 11:17:05] INFO: [Accept] S13234 - Jin_Rae | Raw=0.788, Confidence=0.65, Margin=0.788 | Strong confidence match
[2025-10-24 11:17:05] INFO: === STAGE 1: Face Detection & Preprocessing ===
[2025-10-24 11:17:05] INFO: Original frame resolution: 221x290
[2025-10-24 11:17:05] INFO: Face ROI size: 221x290
[2025-10-24 11:17:05] INFO: Face ROI mean pixel value (BGR): [150.29325947885786, 191.752972382587, 202.91778748634735, 0.0]
[2025-10-24 11:17:05] INFO: Face ROI std deviation: 53.071195037193625
[2025-10-24 11:17:05] INFO: [Recognition] Scores: S13234 - Jin_Rae=0.790 
[2025-10-24 11:17:05] INFO: [Decision] Best=S13234 - Jin_Rae(0.790), 2nd=0.000, Discriminative=0.790, AvgNeg=0.000
[2025-10-24 11:17:05] INFO: [Thresholds] Abs=0.605, Margin=0.105(13.3%), RelMargin=100.0%, Tightness=0.950, StdDev=0.015
[2025-10-24 11:17:05] INFO: [Accept] S13234 - Jin_Rae | Raw=0.790, Confidence=0.65, Margin=0.790 | Strong confidence match
[2025-10-24 11:17:06] INFO: === STAGE 1: Face Detection & Preprocessing ===
[2025-10-24 11:17:06] INFO: Original frame resolution: 218x290
[2025-10-24 11:17:06] INFO: Face ROI size: 218x290
[2025-10-24 11:17:06] INFO: Face ROI mean pixel value (BGR): [153.5069281872825, 190.56781081936097, 200.37005694400506, 0.0]
[2025-10-24 11:17:06] INFO: Face ROI std deviation: 53.17338575186439
[2025-10-24 11:17:06] INFO: [Recognition] Scores: S13234 - Jin_Rae=0.779 
[2025-10-24 11:17:06] INFO: [Decision] Best=S13234 - Jin_Rae(0.779), 2nd=0.000, Discriminative=0.779, AvgNeg=0.000
[2025-10-24 11:17:06] INFO: [Thresholds] Abs=0.605, Margin=0.105(13.5%), RelMargin=100.0%, Tightness=0.950, StdDev=0.015
[2025-10-24 11:17:06] INFO: [Accept] S13234 - Jin_Rae | Raw=0.779, Confidence=0.64, Margin=0.779 | Strong confidence match
[2025-10-24 11:17:06] INFO: === STAGE 1: Face Detection & Preprocessing ===
[2025-10-24 11:17:06] INFO: Original frame resolution: 240x275
[2025-10-24 11:17:06] INFO: Face ROI size: 240x275
[2025-10-24 11:17:06] INFO: Face ROI mean pixel value (BGR): [164.83595454545454, 197.54772727272726, 204.38983333333334, 0.0]
[2025-10-24 11:17:06] INFO: Face ROI std deviation: 53.09958124583267
[2025-10-24 11:17:06] INFO: [Recognition] Scores: S13234 - Jin_Rae=0.689 
[2025-10-24 11:17:06] INFO: [Decision] Best=S13234 - Jin_Rae(0.689), 2nd=0.000, Discriminative=0.689, AvgNeg=0.000
[2025-10-24 11:17:06] INFO: [Thresholds] Abs=0.605, Margin=0.105(15.2%), RelMargin=100.0%, Tightness=0.950, StdDev=0.015
[2025-10-24 11:17:06] INFO: [Accept] S13234 - Jin_Rae | Raw=0.689, Confidence=0.49, Margin=0.689 | Standard confidence match
[2025-10-24 11:17:06] INFO: === STAGE 1: Face Detection & Preprocessing ===
[2025-10-24 11:17:06] INFO: Original frame resolution: 216x275
[2025-10-24 11:17:06] INFO: Face ROI size: 216x275
[2025-10-24 11:17:06] INFO: Face ROI mean pixel value (BGR): [160.6019696969697, 195.09506734006732, 203.17042087542086, 0.0]
[2025-10-24 11:17:06] INFO: Face ROI std deviation: 52.931979470503
[2025-10-24 11:17:06] INFO: [Recognition] Scores: S13234 - Jin_Rae=0.678 
[2025-10-24 11:17:06] INFO: [Decision] Best=S13234 - Jin_Rae(0.678), 2nd=0.000, Discriminative=0.678, AvgNeg=0.000
[2025-10-24 11:17:06] INFO: [Thresholds] Abs=0.605, Margin=0.105(15.5%), RelMargin=100.0%, Tightness=0.950, StdDev=0.015
[2025-10-24 11:17:06] INFO: [Accept] S13234 - Jin_Rae | Raw=0.678, Confidence=0.47, Margin=0.678 | Standard confidence match
[2025-10-24 11:17:07] INFO: === STAGE 1: Face Detection & Preprocessing ===
[2025-10-24 11:17:07] INFO: Original frame resolution: 207x275
[2025-10-24 11:17:07] INFO: Face ROI size: 207x275
[2025-10-24 11:17:07] INFO: Face ROI mean pixel value (BGR): [163.40871321914798, 195.41055775142732, 201.7697848045674, 0.0]
[2025-10-24 11:17:07] INFO: Face ROI std deviation: 53.45364868975344
[2025-10-24 11:17:07] INFO: [Recognition] Scores: S13234 - Jin_Rae=0.657 
[2025-10-24 11:17:07] INFO: [Decision] Best=S13234 - Jin_Rae(0.657), 2nd=0.000, Discriminative=0.657, AvgNeg=0.000
[2025-10-24 11:17:07] INFO: [Thresholds] Abs=0.605, Margin=0.105(16.0%), RelMargin=100.0%, Tightness=0.950, StdDev=0.015
[2025-10-24 11:17:07] INFO: [Accept] S13234 - Jin_Rae | Raw=0.657, Confidence=0.44, Margin=0.657 | Standard confidence match
[2025-10-24 11:17:07] INFO: === STAGE 1: Face Detection & Preprocessing ===
[2025-10-24 11:17:07] INFO: Original frame resolution: 210x274
[2025-10-24 11:17:07] INFO: Face ROI size: 210x274
[2025-10-24 11:17:07] INFO: Face ROI mean pixel value (BGR): [166.68600973236008, 195.26254779283974, 202.46955161626693, 0.0]
[2025-10-24 11:17:07] INFO: Face ROI std deviation: 53.803753607821676
[2025-10-24 11:17:07] INFO: [Recognition] Scores: S13234 - Jin_Rae=0.690 
[2025-10-24 11:17:07] INFO: [Decision] Best=S13234 - Jin_Rae(0.690), 2nd=0.000, Discriminative=0.690, AvgNeg=0.000
[2025-10-24 11:17:07] INFO: [Thresholds] Abs=0.605, Margin=0.105(15.2%), RelMargin=100.0%, Tightness=0.950, StdDev=0.015
[2025-10-24 11:17:07] INFO: [Accept] S13234 - Jin_Rae | Raw=0.690, Confidence=0.49, Margin=0.690 | Standard confidence match
[2025-10-24 11:17:08] INFO: === STAGE 1: Face Detection & Preprocessing ===
[2025-10-24 11:17:08] INFO: Original frame resolution: 216x271
[2025-10-24 11:17:08] INFO: Face ROI size: 216x271
[2025-10-24 11:17:08] INFO: Face ROI mean pixel value (BGR): [167.913454967883, 195.83567377340438, 203.27723110564438, 0.0]
[2025-10-24 11:17:08] INFO: Face ROI std deviation: 53.42348040155092
[2025-10-24 11:17:08] INFO: [Recognition] Scores: S13234 - Jin_Rae=0.639 
[2025-10-24 11:17:08] INFO: [Decision] Best=S13234 - Jin_Rae(0.639), 2nd=0.000, Discriminative=0.639, AvgNeg=0.000
[2025-10-24 11:17:08] INFO: [Thresholds] Abs=0.605, Margin=0.105(16.4%), RelMargin=100.0%, Tightness=0.950, StdDev=0.015
[2025-10-24 11:17:08] INFO: [Accept] S13234 - Jin_Rae | Raw=0.639, Confidence=0.41, Margin=0.639 | Standard confidence match
[2025-10-24 11:17:08] INFO: === STAGE 1: Face Detection & Preprocessing ===
[2025-10-24 11:17:08] INFO: Original frame resolution: 222x284
[2025-10-24 11:17:08] INFO: Face ROI size: 222x284
[2025-10-24 11:17:08] INFO: Face ROI mean pixel value (BGR): [170.01743116355792, 193.57059700545614, 200.5371463012308, 0.0]
[2025-10-24 11:17:08] INFO: Face ROI std deviation: 54.19398935745615
[2025-10-24 11:17:08] INFO: [Recognition] Scores: S13234 - Jin_Rae=0.692 
[2025-10-24 11:17:08] INFO: [Decision] Best=S13234 - Jin_Rae(0.692), 2nd=0.000, Discriminative=0.692, AvgNeg=0.000
[2025-10-24 11:17:08] INFO: [Thresholds] Abs=0.605, Margin=0.105(15.2%), RelMargin=100.0%, Tightness=0.950, StdDev=0.015
[2025-10-24 11:17:08] INFO: [Accept] S13234 - Jin_Rae | Raw=0.692, Confidence=0.49, Margin=0.692 | Standard confidence match
[2025-10-24 11:17:08] INFO: === STAGE 1: Face Detection & Preprocessing ===
[2025-10-24 11:17:08] INFO: Original frame resolution: 222x286
[2025-10-24 11:17:08] INFO: Face ROI size: 222x286
[2025-10-24 11:17:08] INFO: Face ROI mean pixel value (BGR): [169.64031689031688, 191.6105651105651, 199.71391671391672, 0.0]
[2025-10-24 11:17:08] INFO: Face ROI std deviation: 54.3011955721034
[2025-10-24 11:17:09] INFO: [Recognition] Scores: S13234 - Jin_Rae=0.764 
[2025-10-24 11:17:09] INFO: [Decision] Best=S13234 - Jin_Rae(0.764), 2nd=0.000, Discriminative=0.764, AvgNeg=0.000
[2025-10-24 11:17:09] INFO: [Thresholds] Abs=0.605, Margin=0.105(13.7%), RelMargin=100.0%, Tightness=0.950, StdDev=0.015
[2025-10-24 11:17:09] INFO: [Accept] S13234 - Jin_Rae | Raw=0.764, Confidence=0.61, Margin=0.764 | Strong confidence match
[2025-10-24 11:17:09] INFO: === STAGE 1: Face Detection & Preprocessing ===
[2025-10-24 11:17:09] INFO: Original frame resolution: 220x292
[2025-10-24 11:17:09] INFO: Face ROI size: 220x292
[2025-10-24 11:17:09] INFO: Face ROI mean pixel value (BGR): [173.05832814445827, 195.01223536737234, 201.4857409713574, 0.0]
[2025-10-24 11:17:09] INFO: Face ROI std deviation: 55.027972118834725
[2025-10-24 11:17:09] INFO: [Recognition] Scores: S13234 - Jin_Rae=0.731 
[2025-10-24 11:17:09] INFO: [Decision] Best=S13234 - Jin_Rae(0.731), 2nd=0.000, Discriminative=0.731, AvgNeg=0.000
[2025-10-24 11:17:09] INFO: [Thresholds] Abs=0.605, Margin=0.105(14.4%), RelMargin=100.0%, Tightness=0.950, StdDev=0.015
[2025-10-24 11:17:09] INFO: [Accept] S13234 - Jin_Rae | Raw=0.731, Confidence=0.56, Margin=0.731 | Strong confidence match
[2025-10-24 11:17:09] INFO: === STAGE 1: Face Detection & Preprocessing ===
[2025-10-24 11:17:09] INFO: Original frame resolution: 223x296
[2025-10-24 11:17:09] INFO: Face ROI size: 223x296
[2025-10-24 11:17:09] INFO: Face ROI mean pixel value (BGR): [170.73891043509877, 191.8112653011756, 199.6828566234396, 0.0]
[2025-10-24 11:17:09] INFO: Face ROI std deviation: 54.663612557628696
[2025-10-24 11:17:09] INFO: [Recognition] Scores: S13234 - Jin_Rae=0.788 
[2025-10-24 11:17:09] INFO: [Decision] Best=S13234 - Jin_Rae(0.788), 2nd=0.000, Discriminative=0.788, AvgNeg=0.000
[2025-10-24 11:17:09] INFO: [Thresholds] Abs=0.605, Margin=0.105(13.3%), RelMargin=100.0%, Tightness=0.950, StdDev=0.015
[2025-10-24 11:17:09] INFO: [Accept] S13234 - Jin_Rae | Raw=0.788, Confidence=0.65, Margin=0.788 | Strong confidence match
[2025-10-24 11:17:10] INFO: === STAGE 1: Face Detection & Preprocessing ===
[2025-10-24 11:17:10] INFO: Original frame resolution: 228x291
[2025-10-24 11:17:10] INFO: Face ROI size: 228x291
[2025-10-24 11:17:10] INFO: Face ROI mean pixel value (BGR): [168.55983601615725, 189.14026044492675, 199.51079158377044, 0.0]
[2025-10-24 11:17:10] INFO: Face ROI std deviation: 53.593355146389044
[2025-10-24 11:17:10] INFO: [Recognition] Scores: S13234 - Jin_Rae=0.763 
[2025-10-24 11:17:10] INFO: [Decision] Best=S13234 - Jin_Rae(0.763), 2nd=0.000, Discriminative=0.763, AvgNeg=0.000
[2025-10-24 11:17:10] INFO: [Thresholds] Abs=0.605, Margin=0.105(13.8%), RelMargin=100.0%, Tightness=0.950, StdDev=0.015
[2025-10-24 11:17:10] INFO: [Accept] S13234 - Jin_Rae | Raw=0.763, Confidence=0.61, Margin=0.763 | Strong confidence match
[2025-10-24 11:17:10] INFO: === STAGE 1: Face Detection & Preprocessing ===
[2025-10-24 11:17:10] INFO: Original frame resolution: 232x304
[2025-10-24 11:17:10] INFO: Face ROI size: 232x304
[2025-10-24 11:17:10] INFO: Face ROI mean pixel value (BGR): [165.15578210072596, 184.9358552631579, 195.01008110254082, 0.0]
[2025-10-24 11:17:10] INFO: Face ROI std deviation: 53.697006414983136
[2025-10-24 11:17:10] INFO: [Recognition] Scores: S13234 - Jin_Rae=0.817 
[2025-10-24 11:17:10] INFO: [Decision] Best=S13234 - Jin_Rae(0.817), 2nd=0.000, Discriminative=0.817, AvgNeg=0.000
[2025-10-24 11:17:10] INFO: [Thresholds] Abs=0.605, Margin=0.105(12.8%), RelMargin=100.0%, Tightness=0.950, StdDev=0.015
[2025-10-24 11:17:10] INFO: [Accept] S13234 - Jin_Rae | Raw=0.817, Confidence=0.70, Margin=0.817 | Strong confidence match
[2025-10-24 11:17:10] INFO: === STAGE 1: Face Detection & Preprocessing ===
[2025-10-24 11:17:10] INFO: Original frame resolution: 233x299
[2025-10-24 11:17:10] INFO: Face ROI size: 233x299
[2025-10-24 11:17:10] INFO: Face ROI mean pixel value (BGR): [167.7773120702772, 186.75870928847232, 196.91420615212368, 0.0]
[2025-10-24 11:17:10] INFO: Face ROI std deviation: 53.460121329846636
[2025-10-24 11:17:11] INFO: [Recognition] Scores: S13234 - Jin_Rae=0.787 
[2025-10-24 11:17:11] INFO: [Decision] Best=S13234 - Jin_Rae(0.787), 2nd=0.000, Discriminative=0.787, AvgNeg=0.000
[2025-10-24 11:17:11] INFO: [Thresholds] Abs=0.605, Margin=0.105(13.3%), RelMargin=100.0%, Tightness=0.950, StdDev=0.015
[2025-10-24 11:17:11] INFO: [Accept] S13234 - Jin_Rae | Raw=0.787, Confidence=0.65, Margin=0.787 | Strong confidence match
[2025-10-24 11:17:11] INFO: === STAGE 1: Face Detection & Preprocessing ===
[2025-10-24 11:17:11] INFO: Original frame resolution: 233x302
[2025-10-24 11:17:11] INFO: Face ROI size: 233x302
[2025-10-24 11:17:11] INFO: Face ROI mean pixel value (BGR): [170.7209163516471, 189.08715857090073, 198.1567092061507, 0.0]
[2025-10-24 11:17:11] INFO: Face ROI std deviation: 53.828268563959206
[2025-10-24 11:17:11] INFO: [Recognition] Scores: S13234 - Jin_Rae=0.813 
[2025-10-24 11:17:11] INFO: [Decision] Best=S13234 - Jin_Rae(0.813), 2nd=0.000, Discriminative=0.813, AvgNeg=0.000
[2025-10-24 11:17:11] INFO: [Thresholds] Abs=0.605, Margin=0.105(12.9%), RelMargin=100.0%, Tightness=0.950, StdDev=0.015
[2025-10-24 11:17:11] INFO: [Accept] S13234 - Jin_Rae | Raw=0.813, Confidence=0.69, Margin=0.813 | Strong confidence match
[2025-10-24 11:17:11] INFO: === STAGE 1: Face Detection & Preprocessing ===
[2025-10-24 11:17:11] INFO: Original frame resolution: 232x300
[2025-10-24 11:17:11] INFO: Face ROI size: 232x300
[2025-10-24 11:17:11] INFO: Face ROI mean pixel value (BGR): [170.37397988505745, 188.89609195402298, 198.14704022988505, 0.0]
[2025-10-24 11:17:11] INFO: Face ROI std deviation: 53.88139335582477
[2025-10-24 11:17:11] INFO: [Recognition] Scores: S13234 - Jin_Rae=0.821 
[2025-10-24 11:17:11] INFO: [Decision] Best=S13234 - Jin_Rae(0.821), 2nd=0.000, Discriminative=0.821, AvgNeg=0.000
[2025-10-24 11:17:11] INFO: [Thresholds] Abs=0.605, Margin=0.105(12.8%), RelMargin=100.0%, Tightness=0.950, StdDev=0.015
[2025-10-24 11:17:11] INFO: [Accept] S13234 - Jin_Rae | Raw=0.821, Confidence=0.70, Margin=0.821 | Strong confidence match
[2025-10-24 11:17:12] INFO: === STAGE 1: Face Detection & Preprocessing ===
[2025-10-24 11:17:12] INFO: Original frame resolution: 233x304
[2025-10-24 11:17:12] INFO: Face ROI size: 233x304
[2025-10-24 11:17:12] INFO: Face ROI mean pixel value (BGR): [169.3194460131014, 187.58408628868307, 197.2574683758753, 0.0]
[2025-10-24 11:17:12] INFO: Face ROI std deviation: 53.494286676352914
[2025-10-24 11:17:12] INFO: [Recognition] Scores: S13234 - Jin_Rae=0.823 
[2025-10-24 11:17:12] INFO: [Decision] Best=S13234 - Jin_Rae(0.823), 2nd=0.000, Discriminative=0.823, AvgNeg=0.000
[2025-10-24 11:17:12] INFO: [Thresholds] Abs=0.605, Margin=0.105(12.8%), RelMargin=100.0%, Tightness=0.950, StdDev=0.015
[2025-10-24 11:17:12] INFO: [Accept] S13234 - Jin_Rae | Raw=0.823, Confidence=0.71, Margin=0.823 | Strong confidence match
[2025-10-24 11:17:12] INFO: === STAGE 1: Face Detection & Preprocessing ===
[2025-10-24 11:17:12] INFO: Original frame resolution: 229x299
[2025-10-24 11:17:12] INFO: Face ROI size: 229x299
[2025-10-24 11:17:12] INFO: Face ROI mean pixel value (BGR): [169.5136481138, 188.0915424048137, 197.8799783850097, 0.0]
[2025-10-24 11:17:12] INFO: Face ROI std deviation: 53.46309481848368
[2025-10-24 11:17:12] INFO: [Recognition] Scores: S13234 - Jin_Rae=0.813 
[2025-10-24 11:17:12] INFO: [Decision] Best=S13234 - Jin_Rae(0.813), 2nd=0.000, Discriminative=0.813, AvgNeg=0.000
[2025-10-24 11:17:12] INFO: [Thresholds] Abs=0.605, Margin=0.105(12.9%), RelMargin=100.0%, Tightness=0.950, StdDev=0.015
[2025-10-24 11:17:12] INFO: [Accept] S13234 - Jin_Rae | Raw=0.813, Confidence=0.69, Margin=0.813 | Strong confidence match
[2025-10-24 11:17:13] INFO: === STAGE 1: Face Detection & Preprocessing ===
[2025-10-24 11:17:13] INFO: Original frame resolution: 217x284
[2025-10-24 11:17:13] INFO: Face ROI size: 217x284
[2025-10-24 11:17:13] INFO: Face ROI mean pixel value (BGR): [172.0045920685403, 191.17285973907966, 199.32806516518465, 0.0]
[2025-10-24 11:17:13] INFO: Face ROI std deviation: 54.689167170918886
[2025-10-24 11:17:13] INFO: [Recognition] Scores: S13234 - Jin_Rae=0.807 
[2025-10-24 11:17:13] INFO: [Decision] Best=S13234 - Jin_Rae(0.807), 2nd=0.000, Discriminative=0.807, AvgNeg=0.000
[2025-10-24 11:17:13] INFO: [Thresholds] Abs=0.605, Margin=0.105(13.0%), RelMargin=100.0%, Tightness=0.950, StdDev=0.015
[2025-10-24 11:17:13] INFO: [Accept] S13234 - Jin_Rae | Raw=0.807, Confidence=0.68, Margin=0.807 | Strong confidence match
[2025-10-24 11:17:13] INFO: === STAGE 1: Face Detection & Preprocessing ===
[2025-10-24 11:17:13] INFO: Original frame resolution: 210x271
[2025-10-24 11:17:13] INFO: Face ROI size: 210x271
[2025-10-24 11:17:13] INFO: Face ROI mean pixel value (BGR): [171.18938675101037, 190.3935512212265, 199.16798453698823, 0.0]
[2025-10-24 11:17:13] INFO: Face ROI std deviation: 54.58357438536928
[2025-10-24 11:17:13] INFO: [Recognition] Scores: S13234 - Jin_Rae=0.801 
[2025-10-24 11:17:13] INFO: [Decision] Best=S13234 - Jin_Rae(0.801), 2nd=0.000, Discriminative=0.801, AvgNeg=0.000
[2025-10-24 11:17:13] INFO: [Thresholds] Abs=0.605, Margin=0.105(13.1%), RelMargin=100.0%, Tightness=0.950, StdDev=0.015
[2025-10-24 11:17:13] INFO: [Accept] S13234 - Jin_Rae | Raw=0.801, Confidence=0.67, Margin=0.801 | Strong confidence match
[2025-10-24 11:17:13] INFO: === STAGE 1: Face Detection & Preprocessing ===
[2025-10-24 11:17:13] INFO: Original frame resolution: 207x269
[2025-10-24 11:17:13] INFO: Face ROI size: 207x269
[2025-10-24 11:17:13] INFO: Face ROI mean pixel value (BGR): [172.61526857389148, 192.07047034103766, 200.1717400283749, 0.0]
[2025-10-24 11:17:13] INFO: Face ROI std deviation: 55.10778497693404
[2025-10-24 11:17:13] INFO: [Recognition] Scores: S13234 - Jin_Rae=0.800 
[2025-10-24 11:17:13] INFO: [Decision] Best=S13234 - Jin_Rae(0.800), 2nd=0.000, Discriminative=0.800, AvgNeg=0.000
[2025-10-24 11:17:13] INFO: [Thresholds] Abs=0.605, Margin=0.105(13.1%), RelMargin=100.0%, Tightness=0.950, StdDev=0.015
[2025-10-24 11:17:13] INFO: [Accept] S13234 - Jin_Rae | Raw=0.800, Confidence=0.67, Margin=0.800 | Strong confidence match
[2025-10-24 11:17:14] INFO: === STAGE 1: Face Detection & Preprocessing ===
[2025-10-24 11:17:14] INFO: Original frame resolution: 207x277
[2025-10-24 11:17:14] INFO: Face ROI size: 207x277
[2025-10-24 11:17:14] INFO: Face ROI mean pixel value (BGR): [172.11716283855668, 191.42341163954728, 199.3218751635013, 0.0]
[2025-10-24 11:17:14] INFO: Face ROI std deviation: 54.816107217613165
[2025-10-24 11:17:14] INFO: [Recognition] Scores: S13234 - Jin_Rae=0.791 
[2025-10-24 11:17:14] INFO: [Decision] Best=S13234 - Jin_Rae(0.791), 2nd=0.000, Discriminative=0.791, AvgNeg=0.000
[2025-10-24 11:17:14] INFO: [Thresholds] Abs=0.605, Margin=0.105(13.3%), RelMargin=100.0%, Tightness=0.950, StdDev=0.015
[2025-10-24 11:17:14] INFO: [Accept] S13234 - Jin_Rae | Raw=0.791, Confidence=0.66, Margin=0.791 | Strong confidence match
[2025-10-24 11:17:14] INFO: === STAGE 1: Face Detection & Preprocessing ===
[2025-10-24 11:17:14] INFO: Original frame resolution: 217x293
[2025-10-24 11:17:14] INFO: Face ROI size: 217x293
[2025-10-24 11:17:14] INFO: Face ROI mean pixel value (BGR): [167.90081942718737, 186.53226592850066, 196.61752724870638, 0.0]
[2025-10-24 11:17:14] INFO: Face ROI std deviation: 53.81942271774253
[2025-10-24 11:17:14] INFO: [Recognition] Scores: S13234 - Jin_Rae=0.801 
[2025-10-24 11:17:14] INFO: [Decision] Best=S13234 - Jin_Rae(0.801), 2nd=0.000, Discriminative=0.801, AvgNeg=0.000
[2025-10-24 11:17:14] INFO: [Thresholds] Abs=0.605, Margin=0.105(13.1%), RelMargin=100.0%, Tightness=0.950, StdDev=0.015
[2025-10-24 11:17:14] INFO: [Accept] S13234 - Jin_Rae | Raw=0.801, Confidence=0.67, Margin=0.801 | Strong confidence match
[2025-10-24 11:17:15] INFO: === STAGE 1: Face Detection & Preprocessing ===
[2025-10-24 11:17:15] INFO: Original frame resolution: 205x286
[2025-10-24 11:17:15] INFO: Face ROI size: 205x286
[2025-10-24 11:17:15] INFO: Face ROI mean pixel value (BGR): [155.18879413269656, 174.11652737506395, 186.96286883847858, 0.0]
[2025-10-24 11:17:15] INFO: Face ROI std deviation: 51.86950840387296
[2025-10-24 11:17:16] INFO: [Recognition] Scores: S13234 - Jin_Rae=0.821 
[2025-10-24 11:17:16] INFO: [Decision] Best=S13234 - Jin_Rae(0.821), 2nd=0.000, Discriminative=0.821, AvgNeg=0.000
[2025-10-24 11:17:16] INFO: [Thresholds] Abs=0.605, Margin=0.105(12.8%), RelMargin=100.0%, Tightness=0.950, StdDev=0.015
[2025-10-24 11:17:16] INFO: [Accept] S13234 - Jin_Rae | Raw=0.821, Confidence=0.70, Margin=0.821 | Strong confidence match
[2025-10-24 11:17:16] INFO: === STAGE 1: Face Detection & Preprocessing ===
[2025-10-24 11:17:16] INFO: Original frame resolution: 204x288
[2025-10-24 11:17:16] INFO: Face ROI size: 204x288
[2025-10-24 11:17:16] INFO: Face ROI mean pixel value (BGR): [154.379663671024, 173.18821486928107, 186.24354915577345, 0.0]
[2025-10-24 11:17:16] INFO: Face ROI std deviation: 51.16847380403015
[2025-10-24 11:17:16] INFO: [Recognition] Scores: S13234 - Jin_Rae=0.807 
[2025-10-24 11:17:16] INFO: [Decision] Best=S13234 - Jin_Rae(0.807), 2nd=0.000, Discriminative=0.807, AvgNeg=0.000
[2025-10-24 11:17:16] INFO: [Thresholds] Abs=0.605, Margin=0.105(13.0%), RelMargin=100.0%, Tightness=0.950, StdDev=0.015
[2025-10-24 11:17:16] INFO: [Accept] S13234 - Jin_Rae | Raw=0.807, Confidence=0.68, Margin=0.807 | Strong confidence match
[2025-10-24 11:17:17] INFO: === STAGE 1: Face Detection & Preprocessing ===
[2025-10-24 11:17:17] INFO: Original frame resolution: 222x298
[2025-10-24 11:17:17] INFO: Face ROI size: 222x298
[2025-10-24 11:17:17] INFO: Face ROI mean pixel value (BGR): [162.11887054840076, 180.20645141786082, 190.73282846604994, 0.0]
[2025-10-24 11:17:17] INFO: Face ROI std deviation: 52.709399053338736
[2025-10-24 11:17:17] INFO: [Recognition] Scores: S13234 - Jin_Rae=0.838 
[2025-10-24 11:17:17] INFO: [Decision] Best=S13234 - Jin_Rae(0.838), 2nd=0.000, Discriminative=0.838, AvgNeg=0.000
[2025-10-24 11:17:17] INFO: [Thresholds] Abs=0.605, Margin=0.105(12.5%), RelMargin=100.0%, Tightness=0.950, StdDev=0.015
[2025-10-24 11:17:17] INFO: [Accept] S13234 - Jin_Rae | Raw=0.838, Confidence=0.73, Margin=0.838 | Strong confidence match
[2025-10-24 11:17:17] INFO: === STAGE 1: Face Detection & Preprocessing ===
[2025-10-24 11:17:17] INFO: Original frame resolution: 218x292
[2025-10-24 11:17:17] INFO: Face ROI size: 218x292
[2025-10-24 11:17:17] INFO: Face ROI mean pixel value (BGR): [164.69987118260653, 182.86896757571952, 192.61928176448413, 0.0]
[2025-10-24 11:17:17] INFO: Face ROI std deviation: 53.38331886623672
[2025-10-24 11:17:17] INFO: [Recognition] Scores: S13234 - Jin_Rae=0.836 
[2025-10-24 11:17:17] INFO: [Decision] Best=S13234 - Jin_Rae(0.836), 2nd=0.000, Discriminative=0.836, AvgNeg=0.000
[2025-10-24 11:17:17] INFO: [Thresholds] Abs=0.605, Margin=0.105(12.6%), RelMargin=100.0%, Tightness=0.950, StdDev=0.015
[2025-10-24 11:17:17] INFO: [Accept] S13234 - Jin_Rae | Raw=0.836, Confidence=0.73, Margin=0.836 | Strong confidence match
[2025-10-24 11:17:17] INFO: === STAGE 1: Face Detection & Preprocessing ===
[2025-10-24 11:17:17] INFO: Original frame resolution: 215x279
[2025-10-24 11:17:17] INFO: Face ROI size: 215x279
[2025-10-24 11:17:17] INFO: Face ROI mean pixel value (BGR): [167.30657664416103, 185.87733600066682, 195.25724764524463, 0.0]
[2025-10-24 11:17:17] INFO: Face ROI std deviation: 53.98895352478048
[2025-10-24 11:17:18] INFO: [Recognition] Scores: S13234 - Jin_Rae=0.844 
[2025-10-24 11:17:18] INFO: [Decision] Best=S13234 - Jin_Rae(0.844), 2nd=0.000, Discriminative=0.844, AvgNeg=0.000
[2025-10-24 11:17:18] INFO: [Thresholds] Abs=0.605, Margin=0.105(12.4%), RelMargin=100.0%, Tightness=0.950, StdDev=0.015
[2025-10-24 11:17:18] INFO: [Accept] S13234 - Jin_Rae | Raw=0.844, Confidence=0.74, Margin=0.844 | Strong confidence match
[2025-10-24 11:17:18] INFO: === STAGE 1: Face Detection & Preprocessing ===
[2025-10-24 11:17:18] INFO: Original frame resolution: 214x277
[2025-10-24 11:17:18] INFO: Face ROI size: 214x277
[2025-10-24 11:17:18] INFO: Face ROI mean pixel value (BGR): [167.9950909274942, 187.3938560680185, 195.40446708728368, 0.0]
[2025-10-24 11:17:18] INFO: Face ROI std deviation: 54.10786056675594
[2025-10-24 11:17:18] INFO: [Recognition] Scores: S13234 - Jin_Rae=0.834 
[2025-10-24 11:17:18] INFO: [Decision] Best=S13234 - Jin_Rae(0.834), 2nd=0.000, Discriminative=0.834, AvgNeg=0.000
[2025-10-24 11:17:18] INFO: [Thresholds] Abs=0.605, Margin=0.105(12.6%), RelMargin=100.0%, Tightness=0.950, StdDev=0.015
[2025-10-24 11:17:18] INFO: [Accept] S13234 - Jin_Rae | Raw=0.834, Confidence=0.73, Margin=0.834 | Strong confidence match
[2025-10-24 11:17:18] INFO: Exiting Face Recognition Demo...
[2025-10-24 11:17:18] INFO: === STAGE 1: Face Detection & Preprocessing ===
[2025-10-24 11:17:18] INFO: Original frame resolution: 214x279
[2025-10-24 11:17:18] INFO: Face ROI size: 214x279
[2025-10-24 11:17:18] INFO: Face ROI mean pixel value (BGR): [167.89101597829364, 186.61573376210094, 195.08796435869093, 0.0]
[2025-10-24 11:17:18] INFO: Face ROI std deviation: 54.01175723819124
[2025-10-24 11:17:18] INFO: [Recognition] Scores: S13234 - Jin_Rae=0.828 
[2025-10-24 11:17:18] INFO: [Decision] Best=S13234 - Jin_Rae(0.828), 2nd=0.000, Discriminative=0.828, AvgNeg=0.000
[2025-10-24 11:17:18] INFO: [Thresholds] Abs=0.605, Margin=0.105(12.7%), RelMargin=100.0%, Tightness=0.950, StdDev=0.015
[2025-10-24 11:17:18] INFO: [Accept] S13234 - Jin_Rae | Raw=0.828, Confidence=0.72, Margin=0.828 | Strong confidence match
[2025-10-24 11:17:18] INFO: Exiting Face Recognition Demo...
