[2025-10-18 15:08:27] INFO: Application Logger Initialized.
[2025-10-18 15:08:27] INFO: Configuration and core components loaded.
[2025-10-18 15:08:27] INFO: Configuration loaded from classpath: app.properties
[2025-10-18 15:08:27] INFO: Configuration file loaded
[2025-10-18 15:08:27] INFO: MyGUIProgram Started!
[2025-10-18 15:08:28] INFO: Face embedding model loaded successfully
[2025-10-18 15:08:28] INFO: === Folder debug ===
[2025-10-18 15:08:28] INFO: Found folder: C:\SMU\CS102 Project\FaceRecognitionCS102\data\facedata\S13234_Jin_Rae
[2025-10-18 15:08:28] INFO:   Contains: 30 items
[2025-10-18 15:08:28] INFO:   Display label: S13234 - Jin_Rae
[2025-10-18 15:08:28] INFO: ====================
[2025-10-18 15:08:28] INFO:   [Glasses Mode] Detected high variation (stdDev=0.123) - relaxed thresholds by 11.2%
[2025-10-18 15:08:28] INFO: Person S13234 - Jin_Rae: tightness=0.694, stdDev=0.123, absThresh=0.581, margin=0.099
[2025-10-18 15:08:29] INFO: DNN face detector loaded successfully for recognition
[2025-10-18 15:08:29] INFO: Attempting to open camera with DSHOW backend...
[2025-10-18 15:08:29] INFO: Camera opened successfully with DSHOW backend
[2025-10-18 15:08:30] INFO: Camera configured: 640x480 @ 30fps with MJPEG codec
[2025-10-18 15:08:30] INFO: Camera initialized successfully
[2025-10-18 15:08:31] INFO: [Recognition] Scores: S13234 - Jin_Rae=0.681 
[2025-10-18 15:08:31] INFO: [Decision] Best=S13234 - Jin_Rae(0.681), 2nd=0.000, Discriminative=0.681, AvgNeg=0.000
[2025-10-18 15:08:31] INFO: [Thresholds] Abs=0.581, Margin=0.099(14.5%), RelMargin=100.0%, Tightness=0.694, StdDev=0.123
[2025-10-18 15:08:31] INFO: [Decision] ACCEPT: Tier 1 - Absolute + Margin
[2025-10-18 15:08:31] INFO: [Recognition] Scores: S13234 - Jin_Rae=0.702 
[2025-10-18 15:08:31] INFO: [Decision] Best=S13234 - Jin_Rae(0.702), 2nd=0.000, Discriminative=0.702, AvgNeg=0.000
[2025-10-18 15:08:31] INFO: [Thresholds] Abs=0.581, Margin=0.099(14.0%), RelMargin=100.0%, Tightness=0.694, StdDev=0.123
[2025-10-18 15:08:31] INFO: [Decision] ACCEPT: Tier 1 - Absolute + Margin
[2025-10-18 15:08:31] INFO: [Recognition] Scores: S13234 - Jin_Rae=0.727 
[2025-10-18 15:08:31] INFO: [Decision] Best=S13234 - Jin_Rae(0.727), 2nd=0.000, Discriminative=0.727, AvgNeg=0.000
[2025-10-18 15:08:31] INFO: [Thresholds] Abs=0.581, Margin=0.099(13.6%), RelMargin=100.0%, Tightness=0.694, StdDev=0.123
[2025-10-18 15:08:31] INFO: [Decision] ACCEPT: Tier 1 - Absolute + Margin
[2025-10-18 15:08:31] INFO: [Recognition] Scores: S13234 - Jin_Rae=0.708 
[2025-10-18 15:08:31] INFO: [Decision] Best=S13234 - Jin_Rae(0.708), 2nd=0.000, Discriminative=0.708, AvgNeg=0.000
[2025-10-18 15:08:31] INFO: [Thresholds] Abs=0.581, Margin=0.099(13.9%), RelMargin=100.0%, Tightness=0.694, StdDev=0.123
[2025-10-18 15:08:31] INFO: [Decision] ACCEPT: Tier 1 - Absolute + Margin
[2025-10-18 15:08:31] INFO: [Recognition] Scores: S13234 - Jin_Rae=0.704 
[2025-10-18 15:08:31] INFO: [Decision] Best=S13234 - Jin_Rae(0.704), 2nd=0.000, Discriminative=0.704, AvgNeg=0.000
[2025-10-18 15:08:31] INFO: [Thresholds] Abs=0.581, Margin=0.099(14.0%), RelMargin=100.0%, Tightness=0.694, StdDev=0.123
[2025-10-18 15:08:31] INFO: [Decision] ACCEPT: Tier 1 - Absolute + Margin
[2025-10-18 15:08:31] INFO: [Recognition] Scores: S13234 - Jin_Rae=0.705 
[2025-10-18 15:08:31] INFO: [Decision] Best=S13234 - Jin_Rae(0.705), 2nd=0.000, Discriminative=0.705, AvgNeg=0.000
[2025-10-18 15:08:31] INFO: [Thresholds] Abs=0.581, Margin=0.099(14.0%), RelMargin=100.0%, Tightness=0.694, StdDev=0.123
[2025-10-18 15:08:31] INFO: [Decision] ACCEPT: Tier 1 - Absolute + Margin
[2025-10-18 15:08:31] INFO: [Recognition] Scores: S13234 - Jin_Rae=0.689 
[2025-10-18 15:08:31] INFO: [Decision] Best=S13234 - Jin_Rae(0.689), 2nd=0.000, Discriminative=0.689, AvgNeg=0.000
[2025-10-18 15:08:31] INFO: [Thresholds] Abs=0.581, Margin=0.099(14.3%), RelMargin=100.0%, Tightness=0.694, StdDev=0.123
[2025-10-18 15:08:31] INFO: [Decision] ACCEPT: Tier 1 - Absolute + Margin
[2025-10-18 15:08:31] INFO: [Recognition] Scores: S13234 - Jin_Rae=0.665 
[2025-10-18 15:08:31] INFO: [Decision] Best=S13234 - Jin_Rae(0.665), 2nd=0.000, Discriminative=0.665, AvgNeg=0.000
[2025-10-18 15:08:31] INFO: [Thresholds] Abs=0.581, Margin=0.099(14.8%), RelMargin=100.0%, Tightness=0.694, StdDev=0.123
[2025-10-18 15:08:31] INFO: [Decision] ACCEPT: Tier 1 - Absolute + Margin
[2025-10-18 15:08:31] INFO: [Recognition] Scores: S13234 - Jin_Rae=0.641 
[2025-10-18 15:08:31] INFO: [Decision] Best=S13234 - Jin_Rae(0.641), 2nd=0.000, Discriminative=0.641, AvgNeg=0.000
[2025-10-18 15:08:31] INFO: [Thresholds] Abs=0.581, Margin=0.099(15.4%), RelMargin=100.0%, Tightness=0.694, StdDev=0.123
[2025-10-18 15:08:31] INFO: [Decision] ACCEPT: Tier 1 - Absolute + Margin
[2025-10-18 15:08:31] INFO: [Recognition] Scores: S13234 - Jin_Rae=0.617 
[2025-10-18 15:08:31] INFO: [Decision] Best=S13234 - Jin_Rae(0.617), 2nd=0.000, Discriminative=0.617, AvgNeg=0.000
[2025-10-18 15:08:31] INFO: [Thresholds] Abs=0.581, Margin=0.099(16.0%), RelMargin=100.0%, Tightness=0.694, StdDev=0.123
[2025-10-18 15:08:31] INFO: [Decision] ACCEPT: Tier 1 - Absolute + Margin
[2025-10-18 15:08:31] INFO: [Recognition] Scores: S13234 - Jin_Rae=0.612 
[2025-10-18 15:08:31] INFO: [Decision] Best=S13234 - Jin_Rae(0.612), 2nd=0.000, Discriminative=0.612, AvgNeg=0.000
[2025-10-18 15:08:31] INFO: [Thresholds] Abs=0.581, Margin=0.099(16.1%), RelMargin=100.0%, Tightness=0.694, StdDev=0.123
[2025-10-18 15:08:31] INFO: [Decision] ACCEPT: Tier 1 - Absolute + Margin
[2025-10-18 15:08:32] INFO: [Recognition] Scores: S13234 - Jin_Rae=0.632 
[2025-10-18 15:08:32] INFO: [Decision] Best=S13234 - Jin_Rae(0.632), 2nd=0.000, Discriminative=0.632, AvgNeg=0.000
[2025-10-18 15:08:32] INFO: [Thresholds] Abs=0.581, Margin=0.099(15.6%), RelMargin=100.0%, Tightness=0.694, StdDev=0.123
[2025-10-18 15:08:32] INFO: [Decision] ACCEPT: Tier 1 - Absolute + Margin
[2025-10-18 15:08:32] INFO: [Recognition] Scores: S13234 - Jin_Rae=0.623 
[2025-10-18 15:08:32] INFO: [Decision] Best=S13234 - Jin_Rae(0.623), 2nd=0.000, Discriminative=0.623, AvgNeg=0.000
[2025-10-18 15:08:32] INFO: [Thresholds] Abs=0.581, Margin=0.099(15.8%), RelMargin=100.0%, Tightness=0.694, StdDev=0.123
[2025-10-18 15:08:32] INFO: [Decision] ACCEPT: Tier 1 - Absolute + Margin
[2025-10-18 15:08:32] INFO: [Recognition] Scores: S13234 - Jin_Rae=0.701 
[2025-10-18 15:08:32] INFO: [Decision] Best=S13234 - Jin_Rae(0.701), 2nd=0.000, Discriminative=0.701, AvgNeg=0.000
[2025-10-18 15:08:32] INFO: [Thresholds] Abs=0.581, Margin=0.099(14.1%), RelMargin=100.0%, Tightness=0.694, StdDev=0.123
[2025-10-18 15:08:32] INFO: [Decision] ACCEPT: Tier 1 - Absolute + Margin
[2025-10-18 15:08:32] INFO: [Recognition] Scores: S13234 - Jin_Rae=0.705 
[2025-10-18 15:08:32] INFO: [Decision] Best=S13234 - Jin_Rae(0.705), 2nd=0.000, Discriminative=0.705, AvgNeg=0.000
[2025-10-18 15:08:32] INFO: [Thresholds] Abs=0.581, Margin=0.099(14.0%), RelMargin=100.0%, Tightness=0.694, StdDev=0.123
[2025-10-18 15:08:32] INFO: [Decision] ACCEPT: Tier 1 - Absolute + Margin
[2025-10-18 15:08:32] INFO: [Recognition] Scores: S13234 - Jin_Rae=0.682 
[2025-10-18 15:08:32] INFO: [Decision] Best=S13234 - Jin_Rae(0.682), 2nd=0.000, Discriminative=0.682, AvgNeg=0.000
[2025-10-18 15:08:32] INFO: [Thresholds] Abs=0.581, Margin=0.099(14.4%), RelMargin=100.0%, Tightness=0.694, StdDev=0.123
[2025-10-18 15:08:32] INFO: [Decision] ACCEPT: Tier 1 - Absolute + Margin
[2025-10-18 15:08:32] INFO: [Recognition] Scores: S13234 - Jin_Rae=0.691 
[2025-10-18 15:08:32] INFO: [Decision] Best=S13234 - Jin_Rae(0.691), 2nd=0.000, Discriminative=0.691, AvgNeg=0.000
[2025-10-18 15:08:32] INFO: [Thresholds] Abs=0.581, Margin=0.099(14.3%), RelMargin=100.0%, Tightness=0.694, StdDev=0.123
[2025-10-18 15:08:32] INFO: [Decision] ACCEPT: Tier 1 - Absolute + Margin
[2025-10-18 15:08:32] INFO: [Recognition] Scores: S13234 - Jin_Rae=0.696 
[2025-10-18 15:08:32] INFO: [Decision] Best=S13234 - Jin_Rae(0.696), 2nd=0.000, Discriminative=0.696, AvgNeg=0.000
[2025-10-18 15:08:32] INFO: [Thresholds] Abs=0.581, Margin=0.099(14.2%), RelMargin=100.0%, Tightness=0.694, StdDev=0.123
[2025-10-18 15:08:32] INFO: [Decision] ACCEPT: Tier 1 - Absolute + Margin
[2025-10-18 15:08:32] INFO: [Recognition] Scores: S13234 - Jin_Rae=0.698 
[2025-10-18 15:08:32] INFO: [Decision] Best=S13234 - Jin_Rae(0.698), 2nd=0.000, Discriminative=0.698, AvgNeg=0.000
[2025-10-18 15:08:32] INFO: [Thresholds] Abs=0.581, Margin=0.099(14.1%), RelMargin=100.0%, Tightness=0.694, StdDev=0.123
[2025-10-18 15:08:32] INFO: [Decision] ACCEPT: Tier 1 - Absolute + Margin
[2025-10-18 15:08:32] INFO: [Recognition] Scores: S13234 - Jin_Rae=0.688 
[2025-10-18 15:08:32] INFO: [Decision] Best=S13234 - Jin_Rae(0.688), 2nd=0.000, Discriminative=0.688, AvgNeg=0.000
[2025-10-18 15:08:32] INFO: [Thresholds] Abs=0.581, Margin=0.099(14.3%), RelMargin=100.0%, Tightness=0.694, StdDev=0.123
[2025-10-18 15:08:32] INFO: [Decision] ACCEPT: Tier 1 - Absolute + Margin
[2025-10-18 15:08:32] INFO: [Recognition] Scores: S13234 - Jin_Rae=0.695 
[2025-10-18 15:08:32] INFO: [Decision] Best=S13234 - Jin_Rae(0.695), 2nd=0.000, Discriminative=0.695, AvgNeg=0.000
[2025-10-18 15:08:32] INFO: [Thresholds] Abs=0.581, Margin=0.099(14.2%), RelMargin=100.0%, Tightness=0.694, StdDev=0.123
[2025-10-18 15:08:32] INFO: [Decision] ACCEPT: Tier 1 - Absolute + Margin
[2025-10-18 15:08:32] INFO: [Recognition] Scores: S13234 - Jin_Rae=0.702 
[2025-10-18 15:08:32] INFO: [Decision] Best=S13234 - Jin_Rae(0.702), 2nd=0.000, Discriminative=0.702, AvgNeg=0.000
[2025-10-18 15:08:32] INFO: [Thresholds] Abs=0.581, Margin=0.099(14.0%), RelMargin=100.0%, Tightness=0.694, StdDev=0.123
[2025-10-18 15:08:32] INFO: [Decision] ACCEPT: Tier 1 - Absolute + Margin
[2025-10-18 15:08:32] INFO: [Recognition] Scores: S13234 - Jin_Rae=0.714 
[2025-10-18 15:08:32] INFO: [Decision] Best=S13234 - Jin_Rae(0.714), 2nd=0.000, Discriminative=0.714, AvgNeg=0.000
[2025-10-18 15:08:32] INFO: [Thresholds] Abs=0.581, Margin=0.099(13.8%), RelMargin=100.0%, Tightness=0.694, StdDev=0.123
[2025-10-18 15:08:32] INFO: [Decision] ACCEPT: Tier 1 - Absolute + Margin
[2025-10-18 15:08:32] INFO: [Recognition] Scores: S13234 - Jin_Rae=0.719 
[2025-10-18 15:08:32] INFO: [Decision] Best=S13234 - Jin_Rae(0.719), 2nd=0.000, Discriminative=0.719, AvgNeg=0.000
[2025-10-18 15:08:32] INFO: [Thresholds] Abs=0.581, Margin=0.099(13.7%), RelMargin=100.0%, Tightness=0.694, StdDev=0.123
[2025-10-18 15:08:32] INFO: [Decision] ACCEPT: Tier 1 - Absolute + Margin
[2025-10-18 15:08:32] INFO: [Recognition] Scores: S13234 - Jin_Rae=0.722 
[2025-10-18 15:08:32] INFO: [Decision] Best=S13234 - Jin_Rae(0.722), 2nd=0.000, Discriminative=0.722, AvgNeg=0.000
[2025-10-18 15:08:32] INFO: [Thresholds] Abs=0.581, Margin=0.099(13.7%), RelMargin=100.0%, Tightness=0.694, StdDev=0.123
[2025-10-18 15:08:32] INFO: [Decision] ACCEPT: Tier 1 - Absolute + Margin
[2025-10-18 15:08:32] INFO: [Recognition] Scores: S13234 - Jin_Rae=0.710 
[2025-10-18 15:08:32] INFO: [Decision] Best=S13234 - Jin_Rae(0.710), 2nd=0.000, Discriminative=0.710, AvgNeg=0.000
[2025-10-18 15:08:32] INFO: [Thresholds] Abs=0.581, Margin=0.099(13.9%), RelMargin=100.0%, Tightness=0.694, StdDev=0.123
[2025-10-18 15:08:32] INFO: [Decision] ACCEPT: Tier 1 - Absolute + Margin
[2025-10-18 15:08:33] INFO: [Recognition] Scores: S13234 - Jin_Rae=0.702 
[2025-10-18 15:08:33] INFO: [Decision] Best=S13234 - Jin_Rae(0.702), 2nd=0.000, Discriminative=0.702, AvgNeg=0.000
[2025-10-18 15:08:33] INFO: [Thresholds] Abs=0.581, Margin=0.099(14.0%), RelMargin=100.0%, Tightness=0.694, StdDev=0.123
[2025-10-18 15:08:33] INFO: [Decision] ACCEPT: Tier 1 - Absolute + Margin
[2025-10-18 15:08:33] INFO: [Recognition] Scores: S13234 - Jin_Rae=0.701 
[2025-10-18 15:08:33] INFO: [Decision] Best=S13234 - Jin_Rae(0.701), 2nd=0.000, Discriminative=0.701, AvgNeg=0.000
[2025-10-18 15:08:33] INFO: [Thresholds] Abs=0.581, Margin=0.099(14.1%), RelMargin=100.0%, Tightness=0.694, StdDev=0.123
[2025-10-18 15:08:33] INFO: [Decision] ACCEPT: Tier 1 - Absolute + Margin
[2025-10-18 15:08:33] INFO: [Recognition] Scores: S13234 - Jin_Rae=0.701 
[2025-10-18 15:08:33] INFO: [Decision] Best=S13234 - Jin_Rae(0.701), 2nd=0.000, Discriminative=0.701, AvgNeg=0.000
[2025-10-18 15:08:33] INFO: [Thresholds] Abs=0.581, Margin=0.099(14.1%), RelMargin=100.0%, Tightness=0.694, StdDev=0.123
[2025-10-18 15:08:33] INFO: [Decision] ACCEPT: Tier 1 - Absolute + Margin
[2025-10-18 15:08:33] INFO: [Recognition] Scores: S13234 - Jin_Rae=0.705 
[2025-10-18 15:08:33] INFO: [Decision] Best=S13234 - Jin_Rae(0.705), 2nd=0.000, Discriminative=0.705, AvgNeg=0.000
[2025-10-18 15:08:33] INFO: [Thresholds] Abs=0.581, Margin=0.099(14.0%), RelMargin=100.0%, Tightness=0.694, StdDev=0.123
[2025-10-18 15:08:33] INFO: [Decision] ACCEPT: Tier 1 - Absolute + Margin
[2025-10-18 15:08:33] INFO: [Recognition] Scores: S13234 - Jin_Rae=0.706 
[2025-10-18 15:08:33] INFO: [Decision] Best=S13234 - Jin_Rae(0.706), 2nd=0.000, Discriminative=0.706, AvgNeg=0.000
[2025-10-18 15:08:33] INFO: [Thresholds] Abs=0.581, Margin=0.099(14.0%), RelMargin=100.0%, Tightness=0.694, StdDev=0.123
[2025-10-18 15:08:33] INFO: [Decision] ACCEPT: Tier 1 - Absolute + Margin
[2025-10-18 15:08:33] INFO: [Recognition] Scores: S13234 - Jin_Rae=0.689 
[2025-10-18 15:08:33] INFO: [Decision] Best=S13234 - Jin_Rae(0.689), 2nd=0.000, Discriminative=0.689, AvgNeg=0.000
[2025-10-18 15:08:33] INFO: [Thresholds] Abs=0.581, Margin=0.099(14.3%), RelMargin=100.0%, Tightness=0.694, StdDev=0.123
[2025-10-18 15:08:33] INFO: [Decision] ACCEPT: Tier 1 - Absolute + Margin
[2025-10-18 15:08:33] INFO: [Recognition] Scores: S13234 - Jin_Rae=0.655 
[2025-10-18 15:08:33] INFO: [Decision] Best=S13234 - Jin_Rae(0.655), 2nd=0.000, Discriminative=0.655, AvgNeg=0.000
[2025-10-18 15:08:33] INFO: [Thresholds] Abs=0.581, Margin=0.099(15.1%), RelMargin=100.0%, Tightness=0.694, StdDev=0.123
[2025-10-18 15:08:33] INFO: [Decision] ACCEPT: Tier 1 - Absolute + Margin
[2025-10-18 15:08:33] INFO: [Recognition] Scores: S13234 - Jin_Rae=0.615 
[2025-10-18 15:08:33] INFO: [Decision] Best=S13234 - Jin_Rae(0.615), 2nd=0.000, Discriminative=0.615, AvgNeg=0.000
[2025-10-18 15:08:33] INFO: [Thresholds] Abs=0.581, Margin=0.099(16.0%), RelMargin=100.0%, Tightness=0.694, StdDev=0.123
[2025-10-18 15:08:33] INFO: [Decision] ACCEPT: Tier 1 - Absolute + Margin
[2025-10-18 15:08:33] INFO: [Recognition] Scores: S13234 - Jin_Rae=0.590 
[2025-10-18 15:08:33] INFO: [Decision] Best=S13234 - Jin_Rae(0.590), 2nd=0.000, Discriminative=0.590, AvgNeg=0.000
[2025-10-18 15:08:33] INFO: [Thresholds] Abs=0.581, Margin=0.099(16.7%), RelMargin=100.0%, Tightness=0.694, StdDev=0.123
[2025-10-18 15:08:33] INFO: [Decision] ACCEPT: Tier 1 - Absolute + Margin
[2025-10-18 15:08:33] INFO: [Recognition] Scores: S13234 - Jin_Rae=0.584 
[2025-10-18 15:08:33] INFO: [Decision] Best=S13234 - Jin_Rae(0.584), 2nd=0.000, Discriminative=0.584, AvgNeg=0.000
[2025-10-18 15:08:33] INFO: [Thresholds] Abs=0.581, Margin=0.099(16.9%), RelMargin=100.0%, Tightness=0.694, StdDev=0.123
[2025-10-18 15:08:33] INFO: [Decision] ACCEPT: Tier 1 - Absolute + Margin
[2025-10-18 15:08:33] INFO: [Recognition] Scores: S13234 - Jin_Rae=0.577 
[2025-10-18 15:08:33] INFO: [Decision] Best=S13234 - Jin_Rae(0.577), 2nd=0.000, Discriminative=0.577, AvgNeg=0.000
[2025-10-18 15:08:33] INFO: [Thresholds] Abs=0.581, Margin=0.099(17.1%), RelMargin=100.0%, Tightness=0.694, StdDev=0.123
[2025-10-18 15:08:33] INFO: [Decision] REJECT: Abs=false, AbsMargin=true, RelMargin=true, Discrim=false, Consist=true
[2025-10-18 15:08:33] INFO: [Recognition] Scores: S13234 - Jin_Rae=0.571 
[2025-10-18 15:08:33] INFO: [Decision] Best=S13234 - Jin_Rae(0.571), 2nd=0.000, Discriminative=0.571, AvgNeg=0.000
[2025-10-18 15:08:33] INFO: [Thresholds] Abs=0.581, Margin=0.099(17.3%), RelMargin=100.0%, Tightness=0.694, StdDev=0.123
[2025-10-18 15:08:33] INFO: [Decision] REJECT: Abs=false, AbsMargin=true, RelMargin=true, Discrim=false, Consist=true
[2025-10-18 15:08:33] INFO: [Recognition] Scores: S13234 - Jin_Rae=0.564 
[2025-10-18 15:08:33] INFO: [Decision] Best=S13234 - Jin_Rae(0.564), 2nd=0.000, Discriminative=0.564, AvgNeg=0.000
[2025-10-18 15:08:33] INFO: [Thresholds] Abs=0.581, Margin=0.099(17.5%), RelMargin=100.0%, Tightness=0.694, StdDev=0.123
[2025-10-18 15:08:33] INFO: [Decision] REJECT: Abs=false, AbsMargin=true, RelMargin=true, Discrim=false, Consist=true
[2025-10-18 15:08:33] INFO: [Recognition] Scores: S13234 - Jin_Rae=0.557 
[2025-10-18 15:08:33] INFO: [Decision] Best=S13234 - Jin_Rae(0.557), 2nd=0.000, Discriminative=0.557, AvgNeg=0.000
[2025-10-18 15:08:33] INFO: [Thresholds] Abs=0.581, Margin=0.099(17.7%), RelMargin=100.0%, Tightness=0.694, StdDev=0.123
[2025-10-18 15:08:33] INFO: [Decision] REJECT: Abs=false, AbsMargin=true, RelMargin=true, Discrim=false, Consist=true
[2025-10-18 15:08:34] INFO: [Recognition] Scores: S13234 - Jin_Rae=0.583 
[2025-10-18 15:08:34] INFO: [Decision] Best=S13234 - Jin_Rae(0.583), 2nd=0.000, Discriminative=0.583, AvgNeg=0.000
[2025-10-18 15:08:34] INFO: [Thresholds] Abs=0.581, Margin=0.099(16.9%), RelMargin=100.0%, Tightness=0.694, StdDev=0.123
[2025-10-18 15:08:34] INFO: [Decision] ACCEPT: Tier 1 - Absolute + Margin
[2025-10-18 15:08:34] INFO: [Recognition] Scores: S13234 - Jin_Rae=0.564 
[2025-10-18 15:08:34] INFO: [Decision] Best=S13234 - Jin_Rae(0.564), 2nd=0.000, Discriminative=0.564, AvgNeg=0.000
[2025-10-18 15:08:34] INFO: [Thresholds] Abs=0.581, Margin=0.099(17.5%), RelMargin=100.0%, Tightness=0.694, StdDev=0.123
[2025-10-18 15:08:34] INFO: [Decision] REJECT: Abs=false, AbsMargin=true, RelMargin=true, Discrim=false, Consist=false
[2025-10-18 15:08:34] INFO: [Recognition] Scores: S13234 - Jin_Rae=0.597 
[2025-10-18 15:08:34] INFO: [Decision] Best=S13234 - Jin_Rae(0.597), 2nd=0.000, Discriminative=0.597, AvgNeg=0.000
[2025-10-18 15:08:34] INFO: [Thresholds] Abs=0.581, Margin=0.099(16.5%), RelMargin=100.0%, Tightness=0.694, StdDev=0.123
[2025-10-18 15:08:34] INFO: [Decision] ACCEPT: Tier 1 - Absolute + Margin
[2025-10-18 15:08:34] INFO: [Recognition] Scores: S13234 - Jin_Rae=0.593 
[2025-10-18 15:08:34] INFO: [Decision] Best=S13234 - Jin_Rae(0.593), 2nd=0.000, Discriminative=0.593, AvgNeg=0.000
[2025-10-18 15:08:34] INFO: [Thresholds] Abs=0.581, Margin=0.099(16.6%), RelMargin=100.0%, Tightness=0.694, StdDev=0.123
[2025-10-18 15:08:34] INFO: [Decision] ACCEPT: Tier 1 - Absolute + Margin
[2025-10-18 15:08:34] INFO: [Recognition] Scores: S13234 - Jin_Rae=0.587 
[2025-10-18 15:08:34] INFO: [Decision] Best=S13234 - Jin_Rae(0.587), 2nd=0.000, Discriminative=0.587, AvgNeg=0.000
[2025-10-18 15:08:34] INFO: [Thresholds] Abs=0.581, Margin=0.099(16.8%), RelMargin=100.0%, Tightness=0.694, StdDev=0.123
[2025-10-18 15:08:34] INFO: [Decision] ACCEPT: Tier 1 - Absolute + Margin
[2025-10-18 15:08:34] INFO: [Recognition] Scores: S13234 - Jin_Rae=0.610 
[2025-10-18 15:08:34] INFO: [Decision] Best=S13234 - Jin_Rae(0.610), 2nd=0.000, Discriminative=0.610, AvgNeg=0.000
[2025-10-18 15:08:34] INFO: [Thresholds] Abs=0.581, Margin=0.099(16.2%), RelMargin=100.0%, Tightness=0.694, StdDev=0.123
[2025-10-18 15:08:34] INFO: [Decision] ACCEPT: Tier 1 - Absolute + Margin
[2025-10-18 15:08:34] INFO: [Recognition] Scores: S13234 - Jin_Rae=0.645 
[2025-10-18 15:08:34] INFO: [Decision] Best=S13234 - Jin_Rae(0.645), 2nd=0.000, Discriminative=0.645, AvgNeg=0.000
[2025-10-18 15:08:34] INFO: [Thresholds] Abs=0.581, Margin=0.099(15.3%), RelMargin=100.0%, Tightness=0.694, StdDev=0.123
[2025-10-18 15:08:34] INFO: [Decision] ACCEPT: Tier 1 - Absolute + Margin
[2025-10-18 15:08:34] INFO: [Recognition] Scores: S13234 - Jin_Rae=0.609 
[2025-10-18 15:08:34] INFO: [Decision] Best=S13234 - Jin_Rae(0.609), 2nd=0.000, Discriminative=0.609, AvgNeg=0.000
[2025-10-18 15:08:34] INFO: [Thresholds] Abs=0.581, Margin=0.099(16.2%), RelMargin=100.0%, Tightness=0.694, StdDev=0.123
[2025-10-18 15:08:34] INFO: [Decision] ACCEPT: Tier 1 - Absolute + Margin
[2025-10-18 15:08:34] INFO: [Recognition] Scores: S13234 - Jin_Rae=0.610 
[2025-10-18 15:08:34] INFO: [Decision] Best=S13234 - Jin_Rae(0.610), 2nd=0.000, Discriminative=0.610, AvgNeg=0.000
[2025-10-18 15:08:34] INFO: [Thresholds] Abs=0.581, Margin=0.099(16.1%), RelMargin=100.0%, Tightness=0.694, StdDev=0.123
[2025-10-18 15:08:34] INFO: [Decision] ACCEPT: Tier 1 - Absolute + Margin
[2025-10-18 15:08:34] INFO: [Recognition] Scores: S13234 - Jin_Rae=0.616 
[2025-10-18 15:08:34] INFO: [Decision] Best=S13234 - Jin_Rae(0.616), 2nd=0.000, Discriminative=0.616, AvgNeg=0.000
[2025-10-18 15:08:34] INFO: [Thresholds] Abs=0.581, Margin=0.099(16.0%), RelMargin=100.0%, Tightness=0.694, StdDev=0.123
[2025-10-18 15:08:34] INFO: [Decision] ACCEPT: Tier 1 - Absolute + Margin
[2025-10-18 15:08:34] INFO: [Recognition] Scores: S13234 - Jin_Rae=0.616 
[2025-10-18 15:08:34] INFO: [Decision] Best=S13234 - Jin_Rae(0.616), 2nd=0.000, Discriminative=0.616, AvgNeg=0.000
[2025-10-18 15:08:34] INFO: [Thresholds] Abs=0.581, Margin=0.099(16.0%), RelMargin=100.0%, Tightness=0.694, StdDev=0.123
[2025-10-18 15:08:34] INFO: [Decision] ACCEPT: Tier 1 - Absolute + Margin
[2025-10-18 15:08:34] INFO: [Recognition] Scores: S13234 - Jin_Rae=0.606 
[2025-10-18 15:08:34] INFO: [Decision] Best=S13234 - Jin_Rae(0.606), 2nd=0.000, Discriminative=0.606, AvgNeg=0.000
[2025-10-18 15:08:34] INFO: [Thresholds] Abs=0.581, Margin=0.099(16.3%), RelMargin=100.0%, Tightness=0.694, StdDev=0.123
[2025-10-18 15:08:34] INFO: [Decision] ACCEPT: Tier 1 - Absolute + Margin
[2025-10-18 15:08:34] INFO: [Recognition] Scores: S13234 - Jin_Rae=0.620 
[2025-10-18 15:08:34] INFO: [Decision] Best=S13234 - Jin_Rae(0.620), 2nd=0.000, Discriminative=0.620, AvgNeg=0.000
[2025-10-18 15:08:34] INFO: [Thresholds] Abs=0.581, Margin=0.099(15.9%), RelMargin=100.0%, Tightness=0.694, StdDev=0.123
[2025-10-18 15:08:34] INFO: [Decision] ACCEPT: Tier 1 - Absolute + Margin
[2025-10-18 15:08:34] INFO: [Recognition] Scores: S13234 - Jin_Rae=0.620 
[2025-10-18 15:08:34] INFO: [Decision] Best=S13234 - Jin_Rae(0.620), 2nd=0.000, Discriminative=0.620, AvgNeg=0.000
[2025-10-18 15:08:34] INFO: [Thresholds] Abs=0.581, Margin=0.099(15.9%), RelMargin=100.0%, Tightness=0.694, StdDev=0.123
[2025-10-18 15:08:34] INFO: [Decision] ACCEPT: Tier 1 - Absolute + Margin
[2025-10-18 15:08:35] INFO: [Recognition] Scores: S13234 - Jin_Rae=0.633 
[2025-10-18 15:08:35] INFO: [Decision] Best=S13234 - Jin_Rae(0.633), 2nd=0.000, Discriminative=0.633, AvgNeg=0.000
[2025-10-18 15:08:35] INFO: [Thresholds] Abs=0.581, Margin=0.099(15.6%), RelMargin=100.0%, Tightness=0.694, StdDev=0.123
[2025-10-18 15:08:35] INFO: [Decision] ACCEPT: Tier 1 - Absolute + Margin
[2025-10-18 15:08:35] INFO: [Recognition] Scores: S13234 - Jin_Rae=0.669 
[2025-10-18 15:08:35] INFO: [Decision] Best=S13234 - Jin_Rae(0.669), 2nd=0.000, Discriminative=0.669, AvgNeg=0.000
[2025-10-18 15:08:35] INFO: [Thresholds] Abs=0.581, Margin=0.099(14.7%), RelMargin=100.0%, Tightness=0.694, StdDev=0.123
[2025-10-18 15:08:35] INFO: [Decision] ACCEPT: Tier 1 - Absolute + Margin
[2025-10-18 15:08:35] INFO: [Recognition] Scores: S13234 - Jin_Rae=0.631 
[2025-10-18 15:08:35] INFO: [Decision] Best=S13234 - Jin_Rae(0.631), 2nd=0.000, Discriminative=0.631, AvgNeg=0.000
[2025-10-18 15:08:35] INFO: [Thresholds] Abs=0.581, Margin=0.099(15.6%), RelMargin=100.0%, Tightness=0.694, StdDev=0.123
[2025-10-18 15:08:35] INFO: [Decision] ACCEPT: Tier 1 - Absolute + Margin
[2025-10-18 15:08:35] INFO: [Recognition] Scores: S13234 - Jin_Rae=0.654 
[2025-10-18 15:08:35] INFO: [Decision] Best=S13234 - Jin_Rae(0.654), 2nd=0.000, Discriminative=0.654, AvgNeg=0.000
[2025-10-18 15:08:35] INFO: [Thresholds] Abs=0.581, Margin=0.099(15.1%), RelMargin=100.0%, Tightness=0.694, StdDev=0.123
[2025-10-18 15:08:35] INFO: [Decision] ACCEPT: Tier 1 - Absolute + Margin
[2025-10-18 15:08:35] INFO: [Recognition] Scores: S13234 - Jin_Rae=0.650 
[2025-10-18 15:08:35] INFO: [Decision] Best=S13234 - Jin_Rae(0.650), 2nd=0.000, Discriminative=0.650, AvgNeg=0.000
[2025-10-18 15:08:35] INFO: [Thresholds] Abs=0.581, Margin=0.099(15.2%), RelMargin=100.0%, Tightness=0.694, StdDev=0.123
[2025-10-18 15:08:35] INFO: [Decision] ACCEPT: Tier 1 - Absolute + Margin
[2025-10-18 15:08:35] INFO: [Recognition] Scores: S13234 - Jin_Rae=0.672 
[2025-10-18 15:08:35] INFO: [Decision] Best=S13234 - Jin_Rae(0.672), 2nd=0.000, Discriminative=0.672, AvgNeg=0.000
[2025-10-18 15:08:35] INFO: [Thresholds] Abs=0.581, Margin=0.099(14.7%), RelMargin=100.0%, Tightness=0.694, StdDev=0.123
[2025-10-18 15:08:35] INFO: [Decision] ACCEPT: Tier 1 - Absolute + Margin
[2025-10-18 15:08:35] INFO: [Recognition] Scores: S13234 - Jin_Rae=0.635 
[2025-10-18 15:08:35] INFO: [Decision] Best=S13234 - Jin_Rae(0.635), 2nd=0.000, Discriminative=0.635, AvgNeg=0.000
[2025-10-18 15:08:35] INFO: [Thresholds] Abs=0.581, Margin=0.099(15.5%), RelMargin=100.0%, Tightness=0.694, StdDev=0.123
[2025-10-18 15:08:35] INFO: [Decision] ACCEPT: Tier 1 - Absolute + Margin
[2025-10-18 15:08:35] INFO: [Recognition] Scores: S13234 - Jin_Rae=0.646 
[2025-10-18 15:08:35] INFO: [Decision] Best=S13234 - Jin_Rae(0.646), 2nd=0.000, Discriminative=0.646, AvgNeg=0.000
[2025-10-18 15:08:35] INFO: [Thresholds] Abs=0.581, Margin=0.099(15.2%), RelMargin=100.0%, Tightness=0.694, StdDev=0.123
[2025-10-18 15:08:35] INFO: [Decision] ACCEPT: Tier 1 - Absolute + Margin
[2025-10-18 15:08:35] INFO: [Recognition] Scores: S13234 - Jin_Rae=0.657 
[2025-10-18 15:08:35] INFO: [Decision] Best=S13234 - Jin_Rae(0.657), 2nd=0.000, Discriminative=0.657, AvgNeg=0.000
[2025-10-18 15:08:35] INFO: [Thresholds] Abs=0.581, Margin=0.099(15.0%), RelMargin=100.0%, Tightness=0.694, StdDev=0.123
[2025-10-18 15:08:35] INFO: [Decision] ACCEPT: Tier 1 - Absolute + Margin
[2025-10-18 15:08:35] INFO: [Recognition] Scores: S13234 - Jin_Rae=0.635 
[2025-10-18 15:08:35] INFO: [Decision] Best=S13234 - Jin_Rae(0.635), 2nd=0.000, Discriminative=0.635, AvgNeg=0.000
[2025-10-18 15:08:35] INFO: [Thresholds] Abs=0.581, Margin=0.099(15.5%), RelMargin=100.0%, Tightness=0.694, StdDev=0.123
[2025-10-18 15:08:35] INFO: [Decision] ACCEPT: Tier 1 - Absolute + Margin
[2025-10-18 15:08:35] INFO: [Recognition] Scores: S13234 - Jin_Rae=0.600 
[2025-10-18 15:08:35] INFO: [Decision] Best=S13234 - Jin_Rae(0.600), 2nd=0.000, Discriminative=0.600, AvgNeg=0.000
[2025-10-18 15:08:35] INFO: [Thresholds] Abs=0.581, Margin=0.099(16.4%), RelMargin=100.0%, Tightness=0.694, StdDev=0.123
[2025-10-18 15:08:35] INFO: [Decision] ACCEPT: Tier 1 - Absolute + Margin
[2025-10-18 15:08:35] INFO: [Recognition] Scores: S13234 - Jin_Rae=0.584 
[2025-10-18 15:08:35] INFO: [Decision] Best=S13234 - Jin_Rae(0.584), 2nd=0.000, Discriminative=0.584, AvgNeg=0.000
[2025-10-18 15:08:35] INFO: [Thresholds] Abs=0.581, Margin=0.099(16.9%), RelMargin=100.0%, Tightness=0.694, StdDev=0.123
[2025-10-18 15:08:35] INFO: [Decision] ACCEPT: Tier 1 - Absolute + Margin
[2025-10-18 15:08:35] INFO: [Recognition] Scores: S13234 - Jin_Rae=0.550 
[2025-10-18 15:08:35] INFO: [Decision] Best=S13234 - Jin_Rae(0.550), 2nd=0.000, Discriminative=0.550, AvgNeg=0.000
[2025-10-18 15:08:35] INFO: [Thresholds] Abs=0.581, Margin=0.099(17.9%), RelMargin=100.0%, Tightness=0.694, StdDev=0.123
[2025-10-18 15:08:35] INFO: [Decision] REJECT: Abs=false, AbsMargin=true, RelMargin=true, Discrim=false, Consist=true
[2025-10-18 15:08:35] INFO: [Recognition] Scores: S13234 - Jin_Rae=0.503 
[2025-10-18 15:08:35] INFO: [Decision] Best=S13234 - Jin_Rae(0.503), 2nd=0.000, Discriminative=0.503, AvgNeg=0.000
[2025-10-18 15:08:35] INFO: [Thresholds] Abs=0.581, Margin=0.099(19.6%), RelMargin=100.0%, Tightness=0.694, StdDev=0.123
[2025-10-18 15:08:35] INFO: [Decision] REJECT: Abs=false, AbsMargin=true, RelMargin=true, Discrim=false, Consist=true
[2025-10-18 15:08:35] INFO: [Recognition] Scores: S13234 - Jin_Rae=0.466 
[2025-10-18 15:08:35] INFO: [Decision] Best=S13234 - Jin_Rae(0.466), 2nd=0.000, Discriminative=0.466, AvgNeg=0.000
[2025-10-18 15:08:35] INFO: [Thresholds] Abs=0.581, Margin=0.099(21.1%), RelMargin=100.0%, Tightness=0.694, StdDev=0.123
[2025-10-18 15:08:35] INFO: [Decision] REJECT: Abs=false, AbsMargin=true, RelMargin=true, Discrim=false, Consist=true
[2025-10-18 15:08:36] INFO: [Recognition] Scores: S13234 - Jin_Rae=0.451 
[2025-10-18 15:08:36] INFO: [Decision] Best=S13234 - Jin_Rae(0.451), 2nd=0.000, Discriminative=0.451, AvgNeg=0.000
[2025-10-18 15:08:36] INFO: [Thresholds] Abs=0.581, Margin=0.099(21.9%), RelMargin=100.0%, Tightness=0.694, StdDev=0.123
[2025-10-18 15:08:36] INFO: [Decision] REJECT: Abs=false, AbsMargin=true, RelMargin=true, Discrim=false, Consist=true
[2025-10-18 15:08:36] INFO: [Recognition] Scores: S13234 - Jin_Rae=0.442 
[2025-10-18 15:08:36] INFO: [Decision] Best=S13234 - Jin_Rae(0.442), 2nd=0.000, Discriminative=0.442, AvgNeg=0.000
[2025-10-18 15:08:36] INFO: [Thresholds] Abs=0.581, Margin=0.099(22.3%), RelMargin=100.0%, Tightness=0.694, StdDev=0.123
[2025-10-18 15:08:36] INFO: [Decision] REJECT: Abs=false, AbsMargin=true, RelMargin=true, Discrim=false, Consist=false
[2025-10-18 15:08:36] INFO: [Recognition] Scores: S13234 - Jin_Rae=0.435 
[2025-10-18 15:08:36] INFO: [Decision] Best=S13234 - Jin_Rae(0.435), 2nd=0.000, Discriminative=0.435, AvgNeg=0.000
[2025-10-18 15:08:36] INFO: [Thresholds] Abs=0.581, Margin=0.099(22.6%), RelMargin=100.0%, Tightness=0.694, StdDev=0.123
[2025-10-18 15:08:36] INFO: [Decision] REJECT: Abs=false, AbsMargin=true, RelMargin=true, Discrim=false, Consist=false
[2025-10-18 15:08:36] INFO: [Recognition] Scores: S13234 - Jin_Rae=0.523 
[2025-10-18 15:08:36] INFO: [Decision] Best=S13234 - Jin_Rae(0.523), 2nd=0.000, Discriminative=0.523, AvgNeg=0.000
[2025-10-18 15:08:36] INFO: [Thresholds] Abs=0.581, Margin=0.099(18.8%), RelMargin=100.0%, Tightness=0.694, StdDev=0.123
[2025-10-18 15:08:36] INFO: [Decision] REJECT: Abs=false, AbsMargin=true, RelMargin=true, Discrim=false, Consist=false
[2025-10-18 15:08:36] INFO: [Recognition] Scores: S13234 - Jin_Rae=0.449 
[2025-10-18 15:08:36] INFO: [Decision] Best=S13234 - Jin_Rae(0.449), 2nd=0.000, Discriminative=0.449, AvgNeg=0.000
[2025-10-18 15:08:36] INFO: [Thresholds] Abs=0.581, Margin=0.099(22.0%), RelMargin=100.0%, Tightness=0.694, StdDev=0.123
[2025-10-18 15:08:36] INFO: [Decision] REJECT: Abs=false, AbsMargin=true, RelMargin=true, Discrim=false, Consist=false
[2025-10-18 15:08:36] INFO: [Recognition] Scores: S13234 - Jin_Rae=0.442 
[2025-10-18 15:08:36] INFO: [Decision] Best=S13234 - Jin_Rae(0.442), 2nd=0.000, Discriminative=0.442, AvgNeg=0.000
[2025-10-18 15:08:36] INFO: [Thresholds] Abs=0.581, Margin=0.099(22.3%), RelMargin=100.0%, Tightness=0.694, StdDev=0.123
[2025-10-18 15:08:36] INFO: [Decision] REJECT: Abs=false, AbsMargin=true, RelMargin=true, Discrim=false, Consist=false
[2025-10-18 15:08:36] INFO: [Recognition] Scores: S13234 - Jin_Rae=0.429 
[2025-10-18 15:08:36] INFO: [Decision] Best=S13234 - Jin_Rae(0.429), 2nd=0.000, Discriminative=0.429, AvgNeg=0.000
[2025-10-18 15:08:36] INFO: [Thresholds] Abs=0.581, Margin=0.099(23.0%), RelMargin=100.0%, Tightness=0.694, StdDev=0.123
[2025-10-18 15:08:36] INFO: [Decision] REJECT: Abs=false, AbsMargin=true, RelMargin=true, Discrim=false, Consist=false
[2025-10-18 15:08:36] INFO: [Recognition] Scores: S13234 - Jin_Rae=0.422 
[2025-10-18 15:08:36] INFO: [Decision] Best=S13234 - Jin_Rae(0.422), 2nd=0.000, Discriminative=0.422, AvgNeg=0.000
[2025-10-18 15:08:36] INFO: [Thresholds] Abs=0.581, Margin=0.099(23.3%), RelMargin=100.0%, Tightness=0.694, StdDev=0.123
[2025-10-18 15:08:36] INFO: [Decision] REJECT: Abs=false, AbsMargin=true, RelMargin=true, Discrim=false, Consist=false
[2025-10-18 15:08:36] INFO: [Recognition] Scores: S13234 - Jin_Rae=0.392 
[2025-10-18 15:08:36] INFO: [Decision] Best=S13234 - Jin_Rae(0.392), 2nd=0.000, Discriminative=0.392, AvgNeg=0.000
[2025-10-18 15:08:36] INFO: [Thresholds] Abs=0.581, Margin=0.099(25.2%), RelMargin=100.0%, Tightness=0.694, StdDev=0.123
[2025-10-18 15:08:36] INFO: [Decision] REJECT: Abs=false, AbsMargin=true, RelMargin=true, Discrim=false, Consist=false
[2025-10-18 15:08:36] INFO: [Recognition] Scores: S13234 - Jin_Rae=0.382 
[2025-10-18 15:08:36] INFO: [Decision] Best=S13234 - Jin_Rae(0.382), 2nd=0.000, Discriminative=0.382, AvgNeg=0.000
[2025-10-18 15:08:36] INFO: [Thresholds] Abs=0.581, Margin=0.099(25.8%), RelMargin=100.0%, Tightness=0.694, StdDev=0.123
[2025-10-18 15:08:36] INFO: [Decision] REJECT: Abs=false, AbsMargin=true, RelMargin=true, Discrim=false, Consist=false
[2025-10-18 15:08:36] INFO: [Recognition] Scores: S13234 - Jin_Rae=0.425 
[2025-10-18 15:08:36] INFO: [Decision] Best=S13234 - Jin_Rae(0.425), 2nd=0.000, Discriminative=0.425, AvgNeg=0.000
[2025-10-18 15:08:36] INFO: [Thresholds] Abs=0.581, Margin=0.099(23.2%), RelMargin=100.0%, Tightness=0.694, StdDev=0.123
[2025-10-18 15:08:36] INFO: [Decision] REJECT: Abs=false, AbsMargin=true, RelMargin=true, Discrim=false, Consist=false
[2025-10-18 15:08:36] INFO: [Recognition] Scores: S13234 - Jin_Rae=0.389 
[2025-10-18 15:08:36] INFO: [Decision] Best=S13234 - Jin_Rae(0.389), 2nd=0.000, Discriminative=0.389, AvgNeg=0.000
[2025-10-18 15:08:36] INFO: [Thresholds] Abs=0.581, Margin=0.099(25.3%), RelMargin=100.0%, Tightness=0.694, StdDev=0.123
[2025-10-18 15:08:36] INFO: [Decision] REJECT: Abs=false, AbsMargin=true, RelMargin=true, Discrim=false, Consist=false
[2025-10-18 15:08:36] INFO: [Recognition] Scores: S13234 - Jin_Rae=0.385 
[2025-10-18 15:08:36] INFO: [Decision] Best=S13234 - Jin_Rae(0.385), 2nd=0.000, Discriminative=0.385, AvgNeg=0.000
[2025-10-18 15:08:36] INFO: [Thresholds] Abs=0.581, Margin=0.099(25.6%), RelMargin=100.0%, Tightness=0.694, StdDev=0.123
[2025-10-18 15:08:36] INFO: [Decision] REJECT: Abs=false, AbsMargin=true, RelMargin=true, Discrim=false, Consist=false
[2025-10-18 15:08:36] INFO: [Recognition] Scores: S13234 - Jin_Rae=0.377 
[2025-10-18 15:08:36] INFO: [Decision] Best=S13234 - Jin_Rae(0.377), 2nd=0.000, Discriminative=0.377, AvgNeg=0.000
[2025-10-18 15:08:36] INFO: [Thresholds] Abs=0.581, Margin=0.099(26.1%), RelMargin=100.0%, Tightness=0.694, StdDev=0.123
[2025-10-18 15:08:36] INFO: [Decision] REJECT: Abs=false, AbsMargin=true, RelMargin=true, Discrim=false, Consist=false
[2025-10-18 15:08:36] INFO: [Recognition] Scores: S13234 - Jin_Rae=0.506 
[2025-10-18 15:08:36] INFO: [Decision] Best=S13234 - Jin_Rae(0.506), 2nd=0.000, Discriminative=0.506, AvgNeg=0.000
[2025-10-18 15:08:36] INFO: [Thresholds] Abs=0.581, Margin=0.099(19.5%), RelMargin=100.0%, Tightness=0.694, StdDev=0.123
[2025-10-18 15:08:36] INFO: [Decision] REJECT: Abs=false, AbsMargin=true, RelMargin=true, Discrim=false, Consist=false
[2025-10-18 15:08:36] INFO: [Recognition] Scores: S13234 - Jin_Rae=0.599 
[2025-10-18 15:08:36] INFO: [Decision] Best=S13234 - Jin_Rae(0.599), 2nd=0.000, Discriminative=0.599, AvgNeg=0.000
[2025-10-18 15:08:36] INFO: [Thresholds] Abs=0.581, Margin=0.099(16.5%), RelMargin=100.0%, Tightness=0.694, StdDev=0.123
[2025-10-18 15:08:36] INFO: [Decision] ACCEPT: Tier 1 - Absolute + Margin
[2025-10-18 15:08:37] INFO: [Recognition] Scores: S13234 - Jin_Rae=0.727 
[2025-10-18 15:08:37] INFO: [Decision] Best=S13234 - Jin_Rae(0.727), 2nd=0.000, Discriminative=0.727, AvgNeg=0.000
[2025-10-18 15:08:37] INFO: [Thresholds] Abs=0.581, Margin=0.099(13.6%), RelMargin=100.0%, Tightness=0.694, StdDev=0.123
[2025-10-18 15:08:37] INFO: [Decision] ACCEPT: Tier 1 - Absolute + Margin
[2025-10-18 15:08:37] INFO: [Recognition] Scores: S13234 - Jin_Rae=0.753 
[2025-10-18 15:08:37] INFO: [Decision] Best=S13234 - Jin_Rae(0.753), 2nd=0.000, Discriminative=0.753, AvgNeg=0.000
[2025-10-18 15:08:37] INFO: [Thresholds] Abs=0.581, Margin=0.099(13.1%), RelMargin=100.0%, Tightness=0.694, StdDev=0.123
[2025-10-18 15:08:37] INFO: [Decision] ACCEPT: Tier 1 - Absolute + Margin
[2025-10-18 15:08:37] INFO: [Recognition] Scores: S13234 - Jin_Rae=0.694 
[2025-10-18 15:08:37] INFO: [Decision] Best=S13234 - Jin_Rae(0.694), 2nd=0.000, Discriminative=0.694, AvgNeg=0.000
[2025-10-18 15:08:37] INFO: [Thresholds] Abs=0.581, Margin=0.099(14.2%), RelMargin=100.0%, Tightness=0.694, StdDev=0.123
[2025-10-18 15:08:37] INFO: [Decision] ACCEPT: Tier 1 - Absolute + Margin
[2025-10-18 15:08:37] INFO: [Recognition] Scores: S13234 - Jin_Rae=0.718 
[2025-10-18 15:08:37] INFO: [Decision] Best=S13234 - Jin_Rae(0.718), 2nd=0.000, Discriminative=0.718, AvgNeg=0.000
[2025-10-18 15:08:37] INFO: [Thresholds] Abs=0.581, Margin=0.099(13.7%), RelMargin=100.0%, Tightness=0.694, StdDev=0.123
[2025-10-18 15:08:37] INFO: [Decision] ACCEPT: Tier 1 - Absolute + Margin
[2025-10-18 15:08:37] INFO: [Recognition] Scores: S13234 - Jin_Rae=0.728 
[2025-10-18 15:08:37] INFO: [Decision] Best=S13234 - Jin_Rae(0.728), 2nd=0.000, Discriminative=0.728, AvgNeg=0.000
[2025-10-18 15:08:37] INFO: [Thresholds] Abs=0.581, Margin=0.099(13.5%), RelMargin=100.0%, Tightness=0.694, StdDev=0.123
[2025-10-18 15:08:37] INFO: [Decision] ACCEPT: Tier 1 - Absolute + Margin
[2025-10-18 15:08:37] INFO: [Recognition] Scores: S13234 - Jin_Rae=0.727 
[2025-10-18 15:08:37] INFO: [Decision] Best=S13234 - Jin_Rae(0.727), 2nd=0.000, Discriminative=0.727, AvgNeg=0.000
[2025-10-18 15:08:37] INFO: [Thresholds] Abs=0.581, Margin=0.099(13.6%), RelMargin=100.0%, Tightness=0.694, StdDev=0.123
[2025-10-18 15:08:37] INFO: [Decision] ACCEPT: Tier 1 - Absolute + Margin
[2025-10-18 15:08:37] INFO: [Recognition] Scores: S13234 - Jin_Rae=0.717 
[2025-10-18 15:08:37] INFO: [Decision] Best=S13234 - Jin_Rae(0.717), 2nd=0.000, Discriminative=0.717, AvgNeg=0.000
[2025-10-18 15:08:37] INFO: [Thresholds] Abs=0.581, Margin=0.099(13.7%), RelMargin=100.0%, Tightness=0.694, StdDev=0.123
[2025-10-18 15:08:37] INFO: [Decision] ACCEPT: Tier 1 - Absolute + Margin
[2025-10-18 15:08:37] INFO: [Recognition] Scores: S13234 - Jin_Rae=0.727 
[2025-10-18 15:08:37] INFO: [Decision] Best=S13234 - Jin_Rae(0.727), 2nd=0.000, Discriminative=0.727, AvgNeg=0.000
[2025-10-18 15:08:37] INFO: [Thresholds] Abs=0.581, Margin=0.099(13.6%), RelMargin=100.0%, Tightness=0.694, StdDev=0.123
[2025-10-18 15:08:37] INFO: [Decision] ACCEPT: Tier 1 - Absolute + Margin
[2025-10-18 15:08:37] INFO: [Recognition] Scores: S13234 - Jin_Rae=0.714 
[2025-10-18 15:08:37] INFO: [Decision] Best=S13234 - Jin_Rae(0.714), 2nd=0.000, Discriminative=0.714, AvgNeg=0.000
[2025-10-18 15:08:37] INFO: [Thresholds] Abs=0.581, Margin=0.099(13.8%), RelMargin=100.0%, Tightness=0.694, StdDev=0.123
[2025-10-18 15:08:37] INFO: [Decision] ACCEPT: Tier 1 - Absolute + Margin
[2025-10-18 15:08:37] INFO: [Recognition] Scores: S13234 - Jin_Rae=0.714 
[2025-10-18 15:08:37] INFO: [Decision] Best=S13234 - Jin_Rae(0.714), 2nd=0.000, Discriminative=0.714, AvgNeg=0.000
[2025-10-18 15:08:37] INFO: [Thresholds] Abs=0.581, Margin=0.099(13.8%), RelMargin=100.0%, Tightness=0.694, StdDev=0.123
[2025-10-18 15:08:37] INFO: [Decision] ACCEPT: Tier 1 - Absolute + Margin
[2025-10-18 15:08:37] INFO: [Recognition] Scores: S13234 - Jin_Rae=0.700 
[2025-10-18 15:08:37] INFO: [Decision] Best=S13234 - Jin_Rae(0.700), 2nd=0.000, Discriminative=0.700, AvgNeg=0.000
[2025-10-18 15:08:37] INFO: [Thresholds] Abs=0.581, Margin=0.099(14.1%), RelMargin=100.0%, Tightness=0.694, StdDev=0.123
[2025-10-18 15:08:37] INFO: [Decision] ACCEPT: Tier 1 - Absolute + Margin
[2025-10-18 15:08:37] INFO: [Recognition] Scores: S13234 - Jin_Rae=0.702 
[2025-10-18 15:08:37] INFO: [Decision] Best=S13234 - Jin_Rae(0.702), 2nd=0.000, Discriminative=0.702, AvgNeg=0.000
[2025-10-18 15:08:37] INFO: [Thresholds] Abs=0.581, Margin=0.099(14.0%), RelMargin=100.0%, Tightness=0.694, StdDev=0.123
[2025-10-18 15:08:37] INFO: [Decision] ACCEPT: Tier 1 - Absolute + Margin
[2025-10-18 15:08:37] INFO: [Recognition] Scores: S13234 - Jin_Rae=0.684 
[2025-10-18 15:08:37] INFO: [Decision] Best=S13234 - Jin_Rae(0.684), 2nd=0.000, Discriminative=0.684, AvgNeg=0.000
[2025-10-18 15:08:37] INFO: [Thresholds] Abs=0.581, Margin=0.099(14.4%), RelMargin=100.0%, Tightness=0.694, StdDev=0.123
[2025-10-18 15:08:37] INFO: [Decision] ACCEPT: Tier 1 - Absolute + Margin
[2025-10-18 15:08:37] INFO: [Recognition] Scores: S13234 - Jin_Rae=0.681 
[2025-10-18 15:08:37] INFO: [Decision] Best=S13234 - Jin_Rae(0.681), 2nd=0.000, Discriminative=0.681, AvgNeg=0.000
[2025-10-18 15:08:37] INFO: [Thresholds] Abs=0.581, Margin=0.099(14.5%), RelMargin=100.0%, Tightness=0.694, StdDev=0.123
[2025-10-18 15:08:37] INFO: [Decision] ACCEPT: Tier 1 - Absolute + Margin
[2025-10-18 15:08:38] INFO: [Recognition] Scores: S13234 - Jin_Rae=0.673 
[2025-10-18 15:08:38] INFO: [Decision] Best=S13234 - Jin_Rae(0.673), 2nd=0.000, Discriminative=0.673, AvgNeg=0.000
[2025-10-18 15:08:38] INFO: [Thresholds] Abs=0.581, Margin=0.099(14.6%), RelMargin=100.0%, Tightness=0.694, StdDev=0.123
[2025-10-18 15:08:38] INFO: [Decision] ACCEPT: Tier 1 - Absolute + Margin
[2025-10-18 15:08:38] INFO: [Recognition] Scores: S13234 - Jin_Rae=0.676 
[2025-10-18 15:08:38] INFO: [Decision] Best=S13234 - Jin_Rae(0.676), 2nd=0.000, Discriminative=0.676, AvgNeg=0.000
[2025-10-18 15:08:38] INFO: [Thresholds] Abs=0.581, Margin=0.099(14.6%), RelMargin=100.0%, Tightness=0.694, StdDev=0.123
[2025-10-18 15:08:38] INFO: [Decision] ACCEPT: Tier 1 - Absolute + Margin
[2025-10-18 15:08:38] INFO: [Recognition] Scores: S13234 - Jin_Rae=0.669 
[2025-10-18 15:08:38] INFO: [Decision] Best=S13234 - Jin_Rae(0.669), 2nd=0.000, Discriminative=0.669, AvgNeg=0.000
[2025-10-18 15:08:38] INFO: [Thresholds] Abs=0.581, Margin=0.099(14.7%), RelMargin=100.0%, Tightness=0.694, StdDev=0.123
[2025-10-18 15:08:38] INFO: [Decision] ACCEPT: Tier 1 - Absolute + Margin
[2025-10-18 15:08:38] INFO: [Recognition] Scores: S13234 - Jin_Rae=0.688 
[2025-10-18 15:08:38] INFO: [Decision] Best=S13234 - Jin_Rae(0.688), 2nd=0.000, Discriminative=0.688, AvgNeg=0.000
[2025-10-18 15:08:38] INFO: [Thresholds] Abs=0.581, Margin=0.099(14.3%), RelMargin=100.0%, Tightness=0.694, StdDev=0.123
[2025-10-18 15:08:38] INFO: [Decision] ACCEPT: Tier 1 - Absolute + Margin
[2025-10-18 15:08:38] INFO: [Recognition] Scores: S13234 - Jin_Rae=0.687 
[2025-10-18 15:08:38] INFO: [Decision] Best=S13234 - Jin_Rae(0.687), 2nd=0.000, Discriminative=0.687, AvgNeg=0.000
[2025-10-18 15:08:38] INFO: [Thresholds] Abs=0.581, Margin=0.099(14.4%), RelMargin=100.0%, Tightness=0.694, StdDev=0.123
[2025-10-18 15:08:38] INFO: [Decision] ACCEPT: Tier 1 - Absolute + Margin
[2025-10-18 15:08:38] INFO: [Recognition] Scores: S13234 - Jin_Rae=0.674 
[2025-10-18 15:08:38] INFO: [Decision] Best=S13234 - Jin_Rae(0.674), 2nd=0.000, Discriminative=0.674, AvgNeg=0.000
[2025-10-18 15:08:38] INFO: [Thresholds] Abs=0.581, Margin=0.099(14.6%), RelMargin=100.0%, Tightness=0.694, StdDev=0.123
[2025-10-18 15:08:38] INFO: [Decision] ACCEPT: Tier 1 - Absolute + Margin
[2025-10-18 15:08:38] INFO: [Recognition] Scores: S13234 - Jin_Rae=0.694 
[2025-10-18 15:08:38] INFO: [Decision] Best=S13234 - Jin_Rae(0.694), 2nd=0.000, Discriminative=0.694, AvgNeg=0.000
[2025-10-18 15:08:38] INFO: [Thresholds] Abs=0.581, Margin=0.099(14.2%), RelMargin=100.0%, Tightness=0.694, StdDev=0.123
[2025-10-18 15:08:38] INFO: [Decision] ACCEPT: Tier 1 - Absolute + Margin
[2025-10-18 15:08:38] INFO: [Recognition] Scores: S13234 - Jin_Rae=0.677 
[2025-10-18 15:08:38] INFO: [Decision] Best=S13234 - Jin_Rae(0.677), 2nd=0.000, Discriminative=0.677, AvgNeg=0.000
[2025-10-18 15:08:38] INFO: [Thresholds] Abs=0.581, Margin=0.099(14.6%), RelMargin=100.0%, Tightness=0.694, StdDev=0.123
[2025-10-18 15:08:38] INFO: [Decision] ACCEPT: Tier 1 - Absolute + Margin
[2025-10-18 15:08:38] INFO: [Recognition] Scores: S13234 - Jin_Rae=0.671 
[2025-10-18 15:08:38] INFO: [Decision] Best=S13234 - Jin_Rae(0.671), 2nd=0.000, Discriminative=0.671, AvgNeg=0.000
[2025-10-18 15:08:38] INFO: [Thresholds] Abs=0.581, Margin=0.099(14.7%), RelMargin=100.0%, Tightness=0.694, StdDev=0.123
[2025-10-18 15:08:38] INFO: [Decision] ACCEPT: Tier 1 - Absolute + Margin
[2025-10-18 15:08:38] INFO: [Recognition] Scores: S13234 - Jin_Rae=0.668 
[2025-10-18 15:08:38] INFO: [Decision] Best=S13234 - Jin_Rae(0.668), 2nd=0.000, Discriminative=0.668, AvgNeg=0.000
[2025-10-18 15:08:38] INFO: [Thresholds] Abs=0.581, Margin=0.099(14.8%), RelMargin=100.0%, Tightness=0.694, StdDev=0.123
[2025-10-18 15:08:38] INFO: [Decision] ACCEPT: Tier 1 - Absolute + Margin
[2025-10-18 15:08:38] INFO: [Recognition] Scores: S13234 - Jin_Rae=0.665 
[2025-10-18 15:08:38] INFO: [Decision] Best=S13234 - Jin_Rae(0.665), 2nd=0.000, Discriminative=0.665, AvgNeg=0.000
[2025-10-18 15:08:38] INFO: [Thresholds] Abs=0.581, Margin=0.099(14.8%), RelMargin=100.0%, Tightness=0.694, StdDev=0.123
[2025-10-18 15:08:38] INFO: [Decision] ACCEPT: Tier 1 - Absolute + Margin
[2025-10-18 15:08:38] INFO: [Recognition] Scores: S13234 - Jin_Rae=0.667 
[2025-10-18 15:08:38] INFO: [Decision] Best=S13234 - Jin_Rae(0.667), 2nd=0.000, Discriminative=0.667, AvgNeg=0.000
[2025-10-18 15:08:38] INFO: [Thresholds] Abs=0.581, Margin=0.099(14.8%), RelMargin=100.0%, Tightness=0.694, StdDev=0.123
[2025-10-18 15:08:38] INFO: [Decision] ACCEPT: Tier 1 - Absolute + Margin
[2025-10-18 15:08:38] INFO: [Recognition] Scores: S13234 - Jin_Rae=0.657 
[2025-10-18 15:08:38] INFO: [Decision] Best=S13234 - Jin_Rae(0.657), 2nd=0.000, Discriminative=0.657, AvgNeg=0.000
[2025-10-18 15:08:38] INFO: [Thresholds] Abs=0.581, Margin=0.099(15.0%), RelMargin=100.0%, Tightness=0.694, StdDev=0.123
[2025-10-18 15:08:38] INFO: [Decision] ACCEPT: Tier 1 - Absolute + Margin
[2025-10-18 15:08:38] INFO: [Recognition] Scores: S13234 - Jin_Rae=0.650 
[2025-10-18 15:08:38] INFO: [Decision] Best=S13234 - Jin_Rae(0.650), 2nd=0.000, Discriminative=0.650, AvgNeg=0.000
[2025-10-18 15:08:38] INFO: [Thresholds] Abs=0.581, Margin=0.099(15.2%), RelMargin=100.0%, Tightness=0.694, StdDev=0.123
[2025-10-18 15:08:38] INFO: [Decision] ACCEPT: Tier 1 - Absolute + Margin
[2025-10-18 15:08:38] INFO: [Recognition] Scores: S13234 - Jin_Rae=0.638 
[2025-10-18 15:08:38] INFO: [Decision] Best=S13234 - Jin_Rae(0.638), 2nd=0.000, Discriminative=0.638, AvgNeg=0.000
[2025-10-18 15:08:38] INFO: [Thresholds] Abs=0.581, Margin=0.099(15.5%), RelMargin=100.0%, Tightness=0.694, StdDev=0.123
[2025-10-18 15:08:38] INFO: [Decision] ACCEPT: Tier 1 - Absolute + Margin
[2025-10-18 15:08:39] INFO: [Recognition] Scores: S13234 - Jin_Rae=0.629 
[2025-10-18 15:08:39] INFO: [Decision] Best=S13234 - Jin_Rae(0.629), 2nd=0.000, Discriminative=0.629, AvgNeg=0.000
[2025-10-18 15:08:39] INFO: [Thresholds] Abs=0.581, Margin=0.099(15.7%), RelMargin=100.0%, Tightness=0.694, StdDev=0.123
[2025-10-18 15:08:39] INFO: [Decision] ACCEPT: Tier 1 - Absolute + Margin
[2025-10-18 15:08:39] INFO: [Recognition] Scores: S13234 - Jin_Rae=0.630 
[2025-10-18 15:08:39] INFO: [Decision] Best=S13234 - Jin_Rae(0.630), 2nd=0.000, Discriminative=0.630, AvgNeg=0.000
[2025-10-18 15:08:39] INFO: [Thresholds] Abs=0.581, Margin=0.099(15.7%), RelMargin=100.0%, Tightness=0.694, StdDev=0.123
[2025-10-18 15:08:39] INFO: [Decision] ACCEPT: Tier 1 - Absolute + Margin
[2025-10-18 15:08:39] INFO: [Recognition] Scores: S13234 - Jin_Rae=0.644 
[2025-10-18 15:08:39] INFO: [Decision] Best=S13234 - Jin_Rae(0.644), 2nd=0.000, Discriminative=0.644, AvgNeg=0.000
[2025-10-18 15:08:39] INFO: [Thresholds] Abs=0.581, Margin=0.099(15.3%), RelMargin=100.0%, Tightness=0.694, StdDev=0.123
[2025-10-18 15:08:39] INFO: [Decision] ACCEPT: Tier 1 - Absolute + Margin
[2025-10-18 15:08:39] INFO: [Recognition] Scores: S13234 - Jin_Rae=0.618 
[2025-10-18 15:08:39] INFO: [Decision] Best=S13234 - Jin_Rae(0.618), 2nd=0.000, Discriminative=0.618, AvgNeg=0.000
[2025-10-18 15:08:39] INFO: [Thresholds] Abs=0.581, Margin=0.099(15.9%), RelMargin=100.0%, Tightness=0.694, StdDev=0.123
[2025-10-18 15:08:39] INFO: [Decision] ACCEPT: Tier 1 - Absolute + Margin
[2025-10-18 15:08:39] INFO: [Recognition] Scores: S13234 - Jin_Rae=0.680 
[2025-10-18 15:08:39] INFO: [Decision] Best=S13234 - Jin_Rae(0.680), 2nd=0.000, Discriminative=0.680, AvgNeg=0.000
[2025-10-18 15:08:39] INFO: [Thresholds] Abs=0.581, Margin=0.099(14.5%), RelMargin=100.0%, Tightness=0.694, StdDev=0.123
[2025-10-18 15:08:39] INFO: [Decision] ACCEPT: Tier 1 - Absolute + Margin
[2025-10-18 15:08:39] INFO: [Recognition] Scores: S13234 - Jin_Rae=0.712 
[2025-10-18 15:08:39] INFO: [Decision] Best=S13234 - Jin_Rae(0.712), 2nd=0.000, Discriminative=0.712, AvgNeg=0.000
[2025-10-18 15:08:39] INFO: [Thresholds] Abs=0.581, Margin=0.099(13.8%), RelMargin=100.0%, Tightness=0.694, StdDev=0.123
[2025-10-18 15:08:39] INFO: [Decision] ACCEPT: Tier 1 - Absolute + Margin
[2025-10-18 15:08:39] INFO: [Recognition] Scores: S13234 - Jin_Rae=0.679 
[2025-10-18 15:08:39] INFO: [Decision] Best=S13234 - Jin_Rae(0.679), 2nd=0.000, Discriminative=0.679, AvgNeg=0.000
[2025-10-18 15:08:39] INFO: [Thresholds] Abs=0.581, Margin=0.099(14.5%), RelMargin=100.0%, Tightness=0.694, StdDev=0.123
[2025-10-18 15:08:39] INFO: [Decision] ACCEPT: Tier 1 - Absolute + Margin
[2025-10-18 15:08:39] INFO: [Recognition] Scores: S13234 - Jin_Rae=0.684 
[2025-10-18 15:08:39] INFO: [Decision] Best=S13234 - Jin_Rae(0.684), 2nd=0.000, Discriminative=0.684, AvgNeg=0.000
[2025-10-18 15:08:39] INFO: [Thresholds] Abs=0.581, Margin=0.099(14.4%), RelMargin=100.0%, Tightness=0.694, StdDev=0.123
[2025-10-18 15:08:39] INFO: [Decision] ACCEPT: Tier 1 - Absolute + Margin
[2025-10-18 15:08:39] INFO: [Recognition] Scores: S13234 - Jin_Rae=0.688 
[2025-10-18 15:08:39] INFO: [Decision] Best=S13234 - Jin_Rae(0.688), 2nd=0.000, Discriminative=0.688, AvgNeg=0.000
[2025-10-18 15:08:39] INFO: [Thresholds] Abs=0.581, Margin=0.099(14.3%), RelMargin=100.0%, Tightness=0.694, StdDev=0.123
[2025-10-18 15:08:39] INFO: [Decision] ACCEPT: Tier 1 - Absolute + Margin
[2025-10-18 15:08:39] INFO: [Recognition] Scores: S13234 - Jin_Rae=0.678 
[2025-10-18 15:08:39] INFO: [Decision] Best=S13234 - Jin_Rae(0.678), 2nd=0.000, Discriminative=0.678, AvgNeg=0.000
[2025-10-18 15:08:39] INFO: [Thresholds] Abs=0.581, Margin=0.099(14.5%), RelMargin=100.0%, Tightness=0.694, StdDev=0.123
[2025-10-18 15:08:39] INFO: [Decision] ACCEPT: Tier 1 - Absolute + Margin
[2025-10-18 15:08:39] INFO: [Recognition] Scores: S13234 - Jin_Rae=0.664 
[2025-10-18 15:08:39] INFO: [Decision] Best=S13234 - Jin_Rae(0.664), 2nd=0.000, Discriminative=0.664, AvgNeg=0.000
[2025-10-18 15:08:39] INFO: [Thresholds] Abs=0.581, Margin=0.099(14.8%), RelMargin=100.0%, Tightness=0.694, StdDev=0.123
[2025-10-18 15:08:39] INFO: [Decision] ACCEPT: Tier 1 - Absolute + Margin
[2025-10-18 15:08:39] INFO: [Recognition] Scores: S13234 - Jin_Rae=0.662 
[2025-10-18 15:08:39] INFO: [Decision] Best=S13234 - Jin_Rae(0.662), 2nd=0.000, Discriminative=0.662, AvgNeg=0.000
[2025-10-18 15:08:39] INFO: [Thresholds] Abs=0.581, Margin=0.099(14.9%), RelMargin=100.0%, Tightness=0.694, StdDev=0.123
[2025-10-18 15:08:39] INFO: [Decision] ACCEPT: Tier 1 - Absolute + Margin
[2025-10-18 15:08:39] INFO: [Recognition] Scores: S13234 - Jin_Rae=0.655 
[2025-10-18 15:08:39] INFO: [Decision] Best=S13234 - Jin_Rae(0.655), 2nd=0.000, Discriminative=0.655, AvgNeg=0.000
[2025-10-18 15:08:39] INFO: [Thresholds] Abs=0.581, Margin=0.099(15.1%), RelMargin=100.0%, Tightness=0.694, StdDev=0.123
[2025-10-18 15:08:39] INFO: [Decision] ACCEPT: Tier 1 - Absolute + Margin
[2025-10-18 15:08:39] INFO: [Recognition] Scores: S13234 - Jin_Rae=0.650 
[2025-10-18 15:08:39] INFO: [Decision] Best=S13234 - Jin_Rae(0.650), 2nd=0.000, Discriminative=0.650, AvgNeg=0.000
[2025-10-18 15:08:39] INFO: [Thresholds] Abs=0.581, Margin=0.099(15.2%), RelMargin=100.0%, Tightness=0.694, StdDev=0.123
[2025-10-18 15:08:39] INFO: [Decision] ACCEPT: Tier 1 - Absolute + Margin
[2025-10-18 15:08:39] INFO: [Recognition] Scores: S13234 - Jin_Rae=0.666 
[2025-10-18 15:08:39] INFO: [Decision] Best=S13234 - Jin_Rae(0.666), 2nd=0.000, Discriminative=0.666, AvgNeg=0.000
[2025-10-18 15:08:39] INFO: [Thresholds] Abs=0.581, Margin=0.099(14.8%), RelMargin=100.0%, Tightness=0.694, StdDev=0.123
[2025-10-18 15:08:39] INFO: [Decision] ACCEPT: Tier 1 - Absolute + Margin
[2025-10-18 15:08:40] INFO: [Recognition] Scores: S13234 - Jin_Rae=0.679 
[2025-10-18 15:08:40] INFO: [Decision] Best=S13234 - Jin_Rae(0.679), 2nd=0.000, Discriminative=0.679, AvgNeg=0.000
[2025-10-18 15:08:40] INFO: [Thresholds] Abs=0.581, Margin=0.099(14.5%), RelMargin=100.0%, Tightness=0.694, StdDev=0.123
[2025-10-18 15:08:40] INFO: [Decision] ACCEPT: Tier 1 - Absolute + Margin
[2025-10-18 15:08:40] INFO: [Recognition] Scores: S13234 - Jin_Rae=0.691 
[2025-10-18 15:08:40] INFO: [Decision] Best=S13234 - Jin_Rae(0.691), 2nd=0.000, Discriminative=0.691, AvgNeg=0.000
[2025-10-18 15:08:40] INFO: [Thresholds] Abs=0.581, Margin=0.099(14.3%), RelMargin=100.0%, Tightness=0.694, StdDev=0.123
[2025-10-18 15:08:40] INFO: [Decision] ACCEPT: Tier 1 - Absolute + Margin
[2025-10-18 15:08:40] INFO: [Recognition] Scores: S13234 - Jin_Rae=0.684 
[2025-10-18 15:08:40] INFO: [Decision] Best=S13234 - Jin_Rae(0.684), 2nd=0.000, Discriminative=0.684, AvgNeg=0.000
[2025-10-18 15:08:40] INFO: [Thresholds] Abs=0.581, Margin=0.099(14.4%), RelMargin=100.0%, Tightness=0.694, StdDev=0.123
[2025-10-18 15:08:40] INFO: [Decision] ACCEPT: Tier 1 - Absolute + Margin
[2025-10-18 15:08:40] INFO: [Recognition] Scores: S13234 - Jin_Rae=0.687 
[2025-10-18 15:08:40] INFO: [Decision] Best=S13234 - Jin_Rae(0.687), 2nd=0.000, Discriminative=0.687, AvgNeg=0.000
[2025-10-18 15:08:40] INFO: [Thresholds] Abs=0.581, Margin=0.099(14.3%), RelMargin=100.0%, Tightness=0.694, StdDev=0.123
[2025-10-18 15:08:40] INFO: [Decision] ACCEPT: Tier 1 - Absolute + Margin
[2025-10-18 15:08:40] INFO: [Recognition] Scores: S13234 - Jin_Rae=0.688 
[2025-10-18 15:08:40] INFO: [Decision] Best=S13234 - Jin_Rae(0.688), 2nd=0.000, Discriminative=0.688, AvgNeg=0.000
[2025-10-18 15:08:40] INFO: [Thresholds] Abs=0.581, Margin=0.099(14.3%), RelMargin=100.0%, Tightness=0.694, StdDev=0.123
[2025-10-18 15:08:40] INFO: [Decision] ACCEPT: Tier 1 - Absolute + Margin
[2025-10-18 15:08:40] INFO: Exiting Face Recognition Demo...
[2025-10-18 15:08:40] INFO: [Recognition] Scores: S13234 - Jin_Rae=0.686 
[2025-10-18 15:08:40] INFO: [Decision] Best=S13234 - Jin_Rae(0.686), 2nd=0.000, Discriminative=0.686, AvgNeg=0.000
[2025-10-18 15:08:40] INFO: [Thresholds] Abs=0.581, Margin=0.099(14.4%), RelMargin=100.0%, Tightness=0.694, StdDev=0.123
[2025-10-18 15:08:40] INFO: [Decision] ACCEPT: Tier 1 - Absolute + Margin
[2025-10-18 15:08:40] INFO: Exiting Face Recognition Demo...
