[2025-10-17 17:47:19] INFO: Application Logger Initialized.
[2025-10-17 17:47:19] INFO: Configuration and core components loaded.
[2025-10-17 17:47:19] INFO: Configuration loaded from classpath: app.properties
[2025-10-17 17:47:19] INFO: Configuration file loaded
[2025-10-17 17:47:19] INFO: MyGUIProgram Started!
[2025-10-17 17:47:22] INFO: Face embedding model loaded successfully from: C:\SMU\CS102 Project\FaceRecognitionCS102\data\resources\openface.nn4.small2.v1.t7
[2025-10-17 17:47:22] INFO: === Folder debug ===
[2025-10-17 17:47:22] INFO: Found folder: C:\SMU\CS102 Project\FaceRecognitionCS102\data\facedata\S12434_jingyuan
[2025-10-17 17:47:22] INFO:   Contains: 30 items
[2025-10-17 17:47:22] INFO:   Display label: S12434 - jingyuan
[2025-10-17 17:47:22] INFO: Found folder: C:\SMU\CS102 Project\FaceRecognitionCS102\data\facedata\S13234_Jin_Rae
[2025-10-17 17:47:22] INFO:   Contains: 30 items
[2025-10-17 17:47:22] INFO:   Display label: S13234 - Jin_Rae
[2025-10-17 17:47:22] INFO: ====================
[2025-10-17 17:47:22] INFO: Person 
[2025-10-17 17:47:22] INFO: S12434 - jingyuan
[2025-10-17 17:47:22] INFO: : tightness=
[2025-10-17 17:47:22] INFO: 0.654
[2025-10-17 17:47:22] INFO: , stdDev=
[2025-10-17 17:47:22] INFO: 0.100
[2025-10-17 17:47:22] INFO: , absThresh=
[2025-10-17 17:47:22] INFO: 0.802
[2025-10-17 17:47:22] INFO: , margin=
[2025-10-17 17:47:22] INFO: 0.108
[2025-10-17 17:47:22] INFO:   [Glasses Mode] Detected high variation (stdDev=0.123) - relaxed thresholds
[2025-10-17 17:47:22] INFO: Person 
[2025-10-17 17:47:22] INFO: S13234 - Jin_Rae
[2025-10-17 17:47:22] INFO: : tightness=
[2025-10-17 17:47:22] INFO: 0.694
[2025-10-17 17:47:22] INFO: , stdDev=
[2025-10-17 17:47:22] INFO: 0.123
[2025-10-17 17:47:22] INFO: , absThresh=
[2025-10-17 17:47:22] INFO: 0.753
[2025-10-17 17:47:22] INFO: , margin=
[2025-10-17 17:47:22] INFO: 0.092
[2025-10-17 17:47:22] INFO: Attempting to open camera with DSHOW backend...
[2025-10-17 17:47:23] INFO: Camera opened successfully with DSHOW backend
[2025-10-17 17:47:27] INFO: Camera configured: 640x480 @ 30fps with MJPEG codec
[2025-10-17 17:47:27] INFO: Camera initialized successfully
[2025-10-17 17:47:28] INFO: [Recognition] Scores: S12434 - jingyuan=0.724 S13234 - Jin_Rae=0.701 
[2025-10-17 17:47:28] INFO: [Decision] Best=
[2025-10-17 17:47:28] INFO: S12434 - jingyuan
[2025-10-17 17:47:28] INFO: (
[2025-10-17 17:47:28] INFO: 0.724
[2025-10-17 17:47:28] INFO: ), 2nd=
[2025-10-17 17:47:28] INFO: 0.701
[2025-10-17 17:47:28] INFO: , Discriminative=
[2025-10-17 17:47:28] INFO: 0.583
[2025-10-17 17:47:28] INFO: , AvgNeg=
[2025-10-17 17:47:28] INFO: 0.701
[2025-10-17 17:47:28] INFO: [Thresholds] Abs=
[2025-10-17 17:47:28] INFO: 0.802
[2025-10-17 17:47:28] INFO: , Margin=
[2025-10-17 17:47:28] INFO: 0.108
[2025-10-17 17:47:28] INFO: (
[2025-10-17 17:47:28] INFO: 14.9
[2025-10-17 17:47:28] INFO: %
[2025-10-17 17:47:28] INFO: ), RelMargin=
[2025-10-17 17:47:28] INFO: 3.2
[2025-10-17 17:47:28] INFO: %
[2025-10-17 17:47:28] INFO: , Tightness=
[2025-10-17 17:47:28] INFO: 0.654
[2025-10-17 17:47:28] INFO: , StdDev=
[2025-10-17 17:47:28] INFO: 0.100
[2025-10-17 17:47:28] INFO: [Decision] REJECT: Abs=
[2025-10-17 17:47:28] INFO: false
[2025-10-17 17:47:28] INFO: , AbsMargin=
[2025-10-17 17:47:28] INFO: false
[2025-10-17 17:47:28] INFO: , RelMargin=
[2025-10-17 17:47:28] INFO: false
[2025-10-17 17:47:28] INFO: , Discrim=
[2025-10-17 17:47:28] INFO: false
[2025-10-17 17:47:28] INFO: , Consist=
[2025-10-17 17:47:28] INFO: false
[2025-10-17 17:47:28] INFO: [Recognition] Scores: S12434 - jingyuan=0.717 S13234 - Jin_Rae=0.713 
[2025-10-17 17:47:28] INFO: [Decision] Best=
[2025-10-17 17:47:28] INFO: S12434 - jingyuan
[2025-10-17 17:47:28] INFO: (
[2025-10-17 17:47:28] INFO: 0.717
[2025-10-17 17:47:28] INFO: ), 2nd=
[2025-10-17 17:47:28] INFO: 0.713
[2025-10-17 17:47:28] INFO: , Discriminative=
[2025-10-17 17:47:28] INFO: 0.574
[2025-10-17 17:47:28] INFO: , AvgNeg=
[2025-10-17 17:47:28] INFO: 0.713
[2025-10-17 17:47:28] INFO: [Thresholds] Abs=
[2025-10-17 17:47:28] INFO: 0.802
[2025-10-17 17:47:28] INFO: , Margin=
[2025-10-17 17:47:28] INFO: 0.108
[2025-10-17 17:47:28] INFO: (
[2025-10-17 17:47:28] INFO: 15.0
[2025-10-17 17:47:28] INFO: %
[2025-10-17 17:47:28] INFO: ), RelMargin=
[2025-10-17 17:47:28] INFO: 0.5
[2025-10-17 17:47:28] INFO: %
[2025-10-17 17:47:28] INFO: , Tightness=
[2025-10-17 17:47:28] INFO: 0.654
[2025-10-17 17:47:28] INFO: , StdDev=
[2025-10-17 17:47:28] INFO: 0.100
[2025-10-17 17:47:28] INFO: [Decision] REJECT: Abs=
[2025-10-17 17:47:28] INFO: false
[2025-10-17 17:47:28] INFO: , AbsMargin=
[2025-10-17 17:47:28] INFO: false
[2025-10-17 17:47:28] INFO: , RelMargin=
[2025-10-17 17:47:28] INFO: false
[2025-10-17 17:47:28] INFO: , Discrim=
[2025-10-17 17:47:28] INFO: false
[2025-10-17 17:47:28] INFO: , Consist=
[2025-10-17 17:47:28] INFO: false
[2025-10-17 17:47:28] INFO: [Recognition] Scores: S12434 - jingyuan=0.712 S13234 - Jin_Rae=0.714 
[2025-10-17 17:47:28] INFO: [Decision] Best=
[2025-10-17 17:47:28] INFO: S13234 - Jin_Rae
[2025-10-17 17:47:28] INFO: (
[2025-10-17 17:47:28] INFO: 0.714
[2025-10-17 17:47:28] INFO: ), 2nd=
[2025-10-17 17:47:28] INFO: 0.712
[2025-10-17 17:47:28] INFO: , Discriminative=
[2025-10-17 17:47:28] INFO: 0.571
[2025-10-17 17:47:28] INFO: , AvgNeg=
[2025-10-17 17:47:28] INFO: 0.712
[2025-10-17 17:47:28] INFO: [Thresholds] Abs=
[2025-10-17 17:47:28] INFO: 0.753
[2025-10-17 17:47:28] INFO: , Margin=
[2025-10-17 17:47:28] INFO: 0.092
[2025-10-17 17:47:28] INFO: (
[2025-10-17 17:47:28] INFO: 13.0
[2025-10-17 17:47:28] INFO: %
[2025-10-17 17:47:28] INFO: ), RelMargin=
[2025-10-17 17:47:28] INFO: 0.3
[2025-10-17 17:47:28] INFO: %
[2025-10-17 17:47:28] INFO: , Tightness=
[2025-10-17 17:47:28] INFO: 0.694
[2025-10-17 17:47:28] INFO: , StdDev=
[2025-10-17 17:47:28] INFO: 0.123
[2025-10-17 17:47:28] INFO: [Decision] REJECT: Abs=
[2025-10-17 17:47:28] INFO: false
[2025-10-17 17:47:28] INFO: , AbsMargin=
[2025-10-17 17:47:28] INFO: false
[2025-10-17 17:47:28] INFO: , RelMargin=
[2025-10-17 17:47:28] INFO: false
[2025-10-17 17:47:28] INFO: , Discrim=
[2025-10-17 17:47:28] INFO: false
[2025-10-17 17:47:28] INFO: , Consist=
[2025-10-17 17:47:28] INFO: false
[2025-10-17 17:47:28] INFO: [Recognition] Scores: S12434 - jingyuan=0.723 S13234 - Jin_Rae=0.712 
[2025-10-17 17:47:28] INFO: [Decision] Best=
[2025-10-17 17:47:28] INFO: S12434 - jingyuan
[2025-10-17 17:47:28] INFO: (
[2025-10-17 17:47:28] INFO: 0.723
[2025-10-17 17:47:28] INFO: ), 2nd=
[2025-10-17 17:47:28] INFO: 0.712
[2025-10-17 17:47:28] INFO: , Discriminative=
[2025-10-17 17:47:28] INFO: 0.580
[2025-10-17 17:47:28] INFO: , AvgNeg=
[2025-10-17 17:47:28] INFO: 0.712
[2025-10-17 17:47:28] INFO: [Thresholds] Abs=
[2025-10-17 17:47:28] INFO: 0.802
[2025-10-17 17:47:28] INFO: , Margin=
[2025-10-17 17:47:28] INFO: 0.108
[2025-10-17 17:47:28] INFO: (
[2025-10-17 17:47:28] INFO: 14.9
[2025-10-17 17:47:28] INFO: %
[2025-10-17 17:47:28] INFO: ), RelMargin=
[2025-10-17 17:47:28] INFO: 1.5
[2025-10-17 17:47:28] INFO: %
[2025-10-17 17:47:28] INFO: , Tightness=
[2025-10-17 17:47:28] INFO: 0.654
[2025-10-17 17:47:28] INFO: , StdDev=
[2025-10-17 17:47:28] INFO: 0.100
[2025-10-17 17:47:28] INFO: [Decision] REJECT: Abs=
[2025-10-17 17:47:28] INFO: false
[2025-10-17 17:47:28] INFO: , AbsMargin=
[2025-10-17 17:47:28] INFO: false
[2025-10-17 17:47:28] INFO: , RelMargin=
[2025-10-17 17:47:28] INFO: false
[2025-10-17 17:47:28] INFO: , Discrim=
[2025-10-17 17:47:28] INFO: false
[2025-10-17 17:47:28] INFO: , Consist=
[2025-10-17 17:47:28] INFO: false
[2025-10-17 17:47:28] INFO: [Recognition] Scores: S12434 - jingyuan=0.760 S13234 - Jin_Rae=0.705 
[2025-10-17 17:47:28] INFO: [Decision] Best=
[2025-10-17 17:47:28] INFO: S12434 - jingyuan
[2025-10-17 17:47:28] INFO: (
[2025-10-17 17:47:28] INFO: 0.760
[2025-10-17 17:47:28] INFO: ), 2nd=
[2025-10-17 17:47:28] INFO: 0.705
[2025-10-17 17:47:28] INFO: , Discriminative=
[2025-10-17 17:47:28] INFO: 0.619
[2025-10-17 17:47:28] INFO: , AvgNeg=
[2025-10-17 17:47:28] INFO: 0.705
[2025-10-17 17:47:28] INFO: [Thresholds] Abs=
[2025-10-17 17:47:28] INFO: 0.802
[2025-10-17 17:47:28] INFO: , Margin=
[2025-10-17 17:47:28] INFO: 0.108
[2025-10-17 17:47:28] INFO: (
[2025-10-17 17:47:28] INFO: 14.2
[2025-10-17 17:47:28] INFO: %
[2025-10-17 17:47:28] INFO: ), RelMargin=
[2025-10-17 17:47:28] INFO: 7.2
[2025-10-17 17:47:28] INFO: %
[2025-10-17 17:47:28] INFO: , Tightness=
[2025-10-17 17:47:28] INFO: 0.654
[2025-10-17 17:47:28] INFO: , StdDev=
[2025-10-17 17:47:28] INFO: 0.100
[2025-10-17 17:47:28] INFO: [Decision] REJECT: Abs=
[2025-10-17 17:47:28] INFO: false
[2025-10-17 17:47:28] INFO: , AbsMargin=
[2025-10-17 17:47:28] INFO: false
[2025-10-17 17:47:28] INFO: , RelMargin=
[2025-10-17 17:47:28] INFO: false
[2025-10-17 17:47:28] INFO: , Discrim=
[2025-10-17 17:47:28] INFO: false
[2025-10-17 17:47:28] INFO: , Consist=
[2025-10-17 17:47:28] INFO: false
[2025-10-17 17:47:29] INFO: [Recognition] Scores: S12434 - jingyuan=0.814 S13234 - Jin_Rae=0.734 
[2025-10-17 17:47:29] INFO: [Decision] Best=
[2025-10-17 17:47:29] INFO: S12434 - jingyuan
[2025-10-17 17:47:29] INFO: (
[2025-10-17 17:47:29] INFO: 0.814
[2025-10-17 17:47:29] INFO: ), 2nd=
[2025-10-17 17:47:29] INFO: 0.734
[2025-10-17 17:47:29] INFO: , Discriminative=
[2025-10-17 17:47:29] INFO: 0.667
[2025-10-17 17:47:29] INFO: , AvgNeg=
[2025-10-17 17:47:29] INFO: 0.734
[2025-10-17 17:47:29] INFO: [Thresholds] Abs=
[2025-10-17 17:47:29] INFO: 0.802
[2025-10-17 17:47:29] INFO: , Margin=
[2025-10-17 17:47:29] INFO: 0.108
[2025-10-17 17:47:29] INFO: (
[2025-10-17 17:47:29] INFO: 13.2
[2025-10-17 17:47:29] INFO: %
[2025-10-17 17:47:29] INFO: ), RelMargin=
[2025-10-17 17:47:29] INFO: 9.8
[2025-10-17 17:47:29] INFO: %
[2025-10-17 17:47:29] INFO: , Tightness=
[2025-10-17 17:47:29] INFO: 0.654
[2025-10-17 17:47:29] INFO: , StdDev=
[2025-10-17 17:47:29] INFO: 0.100
[2025-10-17 17:47:29] INFO: [Decision] REJECT: Abs=
[2025-10-17 17:47:29] INFO: true
[2025-10-17 17:47:29] INFO: , AbsMargin=
[2025-10-17 17:47:29] INFO: false
[2025-10-17 17:47:29] INFO: , RelMargin=
[2025-10-17 17:47:29] INFO: false
[2025-10-17 17:47:29] INFO: , Discrim=
[2025-10-17 17:47:29] INFO: false
[2025-10-17 17:47:29] INFO: , Consist=
[2025-10-17 17:47:29] INFO: false
[2025-10-17 17:47:29] INFO: [Recognition] Scores: S12434 - jingyuan=0.836 S13234 - Jin_Rae=0.754 
[2025-10-17 17:47:29] INFO: [Decision] Best=
[2025-10-17 17:47:29] INFO: S12434 - jingyuan
[2025-10-17 17:47:29] INFO: (
[2025-10-17 17:47:29] INFO: 0.836
[2025-10-17 17:47:29] INFO: ), 2nd=
[2025-10-17 17:47:29] INFO: 0.754
[2025-10-17 17:47:29] INFO: , Discriminative=
[2025-10-17 17:47:29] INFO: 0.686
[2025-10-17 17:47:29] INFO: , AvgNeg=
[2025-10-17 17:47:29] INFO: 0.754
[2025-10-17 17:47:29] INFO: [Thresholds] Abs=
[2025-10-17 17:47:29] INFO: 0.802
[2025-10-17 17:47:29] INFO: , Margin=
[2025-10-17 17:47:29] INFO: 0.108
[2025-10-17 17:47:29] INFO: (
[2025-10-17 17:47:29] INFO: 12.9
[2025-10-17 17:47:29] INFO: %
[2025-10-17 17:47:29] INFO: ), RelMargin=
[2025-10-17 17:47:29] INFO: 9.9
[2025-10-17 17:47:29] INFO: %
[2025-10-17 17:47:29] INFO: , Tightness=
[2025-10-17 17:47:29] INFO: 0.654
[2025-10-17 17:47:29] INFO: , StdDev=
[2025-10-17 17:47:29] INFO: 0.100
[2025-10-17 17:47:29] INFO: [Decision] REJECT: Abs=
[2025-10-17 17:47:29] INFO: true
[2025-10-17 17:47:29] INFO: , AbsMargin=
[2025-10-17 17:47:29] INFO: false
[2025-10-17 17:47:29] INFO: , RelMargin=
[2025-10-17 17:47:29] INFO: false
[2025-10-17 17:47:29] INFO: , Discrim=
[2025-10-17 17:47:29] INFO: false
[2025-10-17 17:47:29] INFO: , Consist=
[2025-10-17 17:47:29] INFO: false
[2025-10-17 17:47:29] INFO: [Recognition] Scores: S12434 - jingyuan=0.862 S13234 - Jin_Rae=0.780 
[2025-10-17 17:47:29] INFO: [Decision] Best=
[2025-10-17 17:47:29] INFO: S12434 - jingyuan
[2025-10-17 17:47:29] INFO: (
[2025-10-17 17:47:29] INFO: 0.862
[2025-10-17 17:47:29] INFO: ), 2nd=
[2025-10-17 17:47:29] INFO: 0.780
[2025-10-17 17:47:29] INFO: , Discriminative=
[2025-10-17 17:47:29] INFO: 0.706
[2025-10-17 17:47:29] INFO: , AvgNeg=
[2025-10-17 17:47:29] INFO: 0.780
[2025-10-17 17:47:29] INFO: [Thresholds] Abs=
[2025-10-17 17:47:29] INFO: 0.802
[2025-10-17 17:47:29] INFO: , Margin=
[2025-10-17 17:47:29] INFO: 0.108
[2025-10-17 17:47:29] INFO: (
[2025-10-17 17:47:29] INFO: 12.5
[2025-10-17 17:47:29] INFO: %
[2025-10-17 17:47:29] INFO: ), RelMargin=
[2025-10-17 17:47:29] INFO: 9.6
[2025-10-17 17:47:29] INFO: %
[2025-10-17 17:47:29] INFO: , Tightness=
[2025-10-17 17:47:29] INFO: 0.654
[2025-10-17 17:47:29] INFO: , StdDev=
[2025-10-17 17:47:29] INFO: 0.100
[2025-10-17 17:47:29] INFO: [Decision] REJECT: Abs=
[2025-10-17 17:47:29] INFO: true
[2025-10-17 17:47:29] INFO: , AbsMargin=
[2025-10-17 17:47:29] INFO: false
[2025-10-17 17:47:29] INFO: , RelMargin=
[2025-10-17 17:47:29] INFO: false
[2025-10-17 17:47:29] INFO: , Discrim=
[2025-10-17 17:47:29] INFO: false
[2025-10-17 17:47:29] INFO: , Consist=
[2025-10-17 17:47:29] INFO: false
[2025-10-17 17:47:29] INFO: [Recognition] Scores: S12434 - jingyuan=0.868 S13234 - Jin_Rae=0.772 
[2025-10-17 17:47:29] INFO: [Decision] Best=
[2025-10-17 17:47:29] INFO: S12434 - jingyuan
[2025-10-17 17:47:29] INFO: (
[2025-10-17 17:47:29] INFO: 0.868
[2025-10-17 17:47:29] INFO: ), 2nd=
[2025-10-17 17:47:29] INFO: 0.772
[2025-10-17 17:47:29] INFO: , Discriminative=
[2025-10-17 17:47:29] INFO: 0.714
[2025-10-17 17:47:29] INFO: , AvgNeg=
[2025-10-17 17:47:29] INFO: 0.772
[2025-10-17 17:47:29] INFO: [Thresholds] Abs=
[2025-10-17 17:47:29] INFO: 0.802
[2025-10-17 17:47:29] INFO: , Margin=
[2025-10-17 17:47:29] INFO: 0.108
[2025-10-17 17:47:29] INFO: (
[2025-10-17 17:47:29] INFO: 12.4
[2025-10-17 17:47:29] INFO: %
[2025-10-17 17:47:29] INFO: ), RelMargin=
[2025-10-17 17:47:29] INFO: 11.1
[2025-10-17 17:47:29] INFO: %
[2025-10-17 17:47:29] INFO: , Tightness=
[2025-10-17 17:47:29] INFO: 0.654
[2025-10-17 17:47:29] INFO: , StdDev=
[2025-10-17 17:47:29] INFO: 0.100
[2025-10-17 17:47:29] INFO: [Decision] REJECT: Abs=
[2025-10-17 17:47:29] INFO: true
[2025-10-17 17:47:29] INFO: , AbsMargin=
[2025-10-17 17:47:29] INFO: false
[2025-10-17 17:47:29] INFO: , RelMargin=
[2025-10-17 17:47:29] INFO: false
[2025-10-17 17:47:29] INFO: , Discrim=
[2025-10-17 17:47:29] INFO: false
[2025-10-17 17:47:29] INFO: , Consist=
[2025-10-17 17:47:29] INFO: false
[2025-10-17 17:47:30] INFO: [Recognition] Scores: S12434 - jingyuan=0.869 S13234 - Jin_Rae=0.799 
[2025-10-17 17:47:30] INFO: [Decision] Best=
[2025-10-17 17:47:30] INFO: S12434 - jingyuan
[2025-10-17 17:47:30] INFO: (
[2025-10-17 17:47:30] INFO: 0.869
[2025-10-17 17:47:30] INFO: ), 2nd=
[2025-10-17 17:47:30] INFO: 0.799
[2025-10-17 17:47:30] INFO: , Discriminative=
[2025-10-17 17:47:30] INFO: 0.709
[2025-10-17 17:47:30] INFO: , AvgNeg=
[2025-10-17 17:47:30] INFO: 0.799
[2025-10-17 17:47:30] INFO: [Thresholds] Abs=
[2025-10-17 17:47:30] INFO: 0.802
[2025-10-17 17:47:30] INFO: , Margin=
[2025-10-17 17:47:30] INFO: 0.108
[2025-10-17 17:47:30] INFO: (
[2025-10-17 17:47:30] INFO: 12.4
[2025-10-17 17:47:30] INFO: %
[2025-10-17 17:47:30] INFO: ), RelMargin=
[2025-10-17 17:47:30] INFO: 8.1
[2025-10-17 17:47:30] INFO: %
[2025-10-17 17:47:30] INFO: , Tightness=
[2025-10-17 17:47:30] INFO: 0.654
[2025-10-17 17:47:30] INFO: , StdDev=
[2025-10-17 17:47:30] INFO: 0.100
[2025-10-17 17:47:30] INFO: [Decision] REJECT: Abs=
[2025-10-17 17:47:30] INFO: true
[2025-10-17 17:47:30] INFO: , AbsMargin=
[2025-10-17 17:47:30] INFO: false
[2025-10-17 17:47:30] INFO: , RelMargin=
[2025-10-17 17:47:30] INFO: false
[2025-10-17 17:47:30] INFO: , Discrim=
[2025-10-17 17:47:30] INFO: false
[2025-10-17 17:47:30] INFO: , Consist=
[2025-10-17 17:47:30] INFO: false
[2025-10-17 17:47:30] INFO: [Recognition] Scores: S12434 - jingyuan=0.832 S13234 - Jin_Rae=0.775 
[2025-10-17 17:47:30] INFO: [Decision] Best=
[2025-10-17 17:47:30] INFO: S12434 - jingyuan
[2025-10-17 17:47:30] INFO: (
[2025-10-17 17:47:30] INFO: 0.832
[2025-10-17 17:47:30] INFO: ), 2nd=
[2025-10-17 17:47:30] INFO: 0.775
[2025-10-17 17:47:30] INFO: , Discriminative=
[2025-10-17 17:47:30] INFO: 0.677
[2025-10-17 17:47:30] INFO: , AvgNeg=
[2025-10-17 17:47:30] INFO: 0.775
[2025-10-17 17:47:30] INFO: [Thresholds] Abs=
[2025-10-17 17:47:30] INFO: 0.802
[2025-10-17 17:47:30] INFO: , Margin=
[2025-10-17 17:47:30] INFO: 0.108
[2025-10-17 17:47:30] INFO: (
[2025-10-17 17:47:30] INFO: 13.0
[2025-10-17 17:47:30] INFO: %
[2025-10-17 17:47:30] INFO: ), RelMargin=
[2025-10-17 17:47:30] INFO: 6.8
[2025-10-17 17:47:30] INFO: %
[2025-10-17 17:47:30] INFO: , Tightness=
[2025-10-17 17:47:30] INFO: 0.654
[2025-10-17 17:47:30] INFO: , StdDev=
[2025-10-17 17:47:30] INFO: 0.100
[2025-10-17 17:47:30] INFO: [Decision] REJECT: Abs=
[2025-10-17 17:47:30] INFO: true
[2025-10-17 17:47:30] INFO: , AbsMargin=
[2025-10-17 17:47:30] INFO: false
[2025-10-17 17:47:30] INFO: , RelMargin=
[2025-10-17 17:47:30] INFO: false
[2025-10-17 17:47:30] INFO: , Discrim=
[2025-10-17 17:47:30] INFO: false
[2025-10-17 17:47:30] INFO: , Consist=
[2025-10-17 17:47:30] INFO: false
[2025-10-17 17:47:30] INFO: [Recognition] Scores: S12434 - jingyuan=0.826 S13234 - Jin_Rae=0.806 
[2025-10-17 17:47:30] INFO: [Decision] Best=
[2025-10-17 17:47:30] INFO: S12434 - jingyuan
[2025-10-17 17:47:30] INFO: (
[2025-10-17 17:47:30] INFO: 0.826
[2025-10-17 17:47:30] INFO: ), 2nd=
[2025-10-17 17:47:30] INFO: 0.806
[2025-10-17 17:47:30] INFO: , Discriminative=
[2025-10-17 17:47:30] INFO: 0.664
[2025-10-17 17:47:30] INFO: , AvgNeg=
[2025-10-17 17:47:30] INFO: 0.806
[2025-10-17 17:47:30] INFO: [Thresholds] Abs=
[2025-10-17 17:47:30] INFO: 0.802
[2025-10-17 17:47:30] INFO: , Margin=
[2025-10-17 17:47:30] INFO: 0.108
[2025-10-17 17:47:30] INFO: (
[2025-10-17 17:47:30] INFO: 13.0
[2025-10-17 17:47:30] INFO: %
[2025-10-17 17:47:30] INFO: ), RelMargin=
[2025-10-17 17:47:30] INFO: 2.4
[2025-10-17 17:47:30] INFO: %
[2025-10-17 17:47:30] INFO: , Tightness=
[2025-10-17 17:47:30] INFO: 0.654
[2025-10-17 17:47:30] INFO: , StdDev=
[2025-10-17 17:47:30] INFO: 0.100
[2025-10-17 17:47:30] INFO: [Decision] REJECT: Abs=
[2025-10-17 17:47:30] INFO: true
[2025-10-17 17:47:30] INFO: , AbsMargin=
[2025-10-17 17:47:30] INFO: false
[2025-10-17 17:47:30] INFO: , RelMargin=
[2025-10-17 17:47:30] INFO: false
[2025-10-17 17:47:30] INFO: , Discrim=
[2025-10-17 17:47:30] INFO: false
[2025-10-17 17:47:30] INFO: , Consist=
[2025-10-17 17:47:30] INFO: false
[2025-10-17 17:47:30] INFO: [Recognition] Scores: S12434 - jingyuan=0.800 S13234 - Jin_Rae=0.732 
[2025-10-17 17:47:30] INFO: [Decision] Best=
[2025-10-17 17:47:30] INFO: S12434 - jingyuan
[2025-10-17 17:47:30] INFO: (
[2025-10-17 17:47:30] INFO: 0.800
[2025-10-17 17:47:30] INFO: ), 2nd=
[2025-10-17 17:47:30] INFO: 0.732
[2025-10-17 17:47:30] INFO: , Discriminative=
[2025-10-17 17:47:30] INFO: 0.653
[2025-10-17 17:47:30] INFO: , AvgNeg=
[2025-10-17 17:47:30] INFO: 0.732
[2025-10-17 17:47:30] INFO: [Thresholds] Abs=
[2025-10-17 17:47:30] INFO: 0.802
[2025-10-17 17:47:30] INFO: , Margin=
[2025-10-17 17:47:30] INFO: 0.108
[2025-10-17 17:47:30] INFO: (
[2025-10-17 17:47:30] INFO: 13.5
[2025-10-17 17:47:30] INFO: %
[2025-10-17 17:47:30] INFO: ), RelMargin=
[2025-10-17 17:47:30] INFO: 8.5
[2025-10-17 17:47:30] INFO: %
[2025-10-17 17:47:30] INFO: , Tightness=
[2025-10-17 17:47:30] INFO: 0.654
[2025-10-17 17:47:30] INFO: , StdDev=
[2025-10-17 17:47:30] INFO: 0.100
[2025-10-17 17:47:30] INFO: [Decision] REJECT: Abs=
[2025-10-17 17:47:30] INFO: false
[2025-10-17 17:47:30] INFO: , AbsMargin=
[2025-10-17 17:47:30] INFO: false
[2025-10-17 17:47:30] INFO: , RelMargin=
[2025-10-17 17:47:30] INFO: false
[2025-10-17 17:47:30] INFO: , Discrim=
[2025-10-17 17:47:30] INFO: false
[2025-10-17 17:47:30] INFO: , Consist=
[2025-10-17 17:47:30] INFO: false
[2025-10-17 17:47:30] INFO: [Recognition] Scores: S12434 - jingyuan=0.780 S13234 - Jin_Rae=0.675 
[2025-10-17 17:47:30] INFO: [Decision] Best=
[2025-10-17 17:47:30] INFO: S12434 - jingyuan
[2025-10-17 17:47:30] INFO: (
[2025-10-17 17:47:30] INFO: 0.780
[2025-10-17 17:47:30] INFO: ), 2nd=
[2025-10-17 17:47:30] INFO: 0.675
[2025-10-17 17:47:30] INFO: , Discriminative=
[2025-10-17 17:47:30] INFO: 0.645
[2025-10-17 17:47:30] INFO: , AvgNeg=
[2025-10-17 17:47:30] INFO: 0.675
[2025-10-17 17:47:30] INFO: [Thresholds] Abs=
[2025-10-17 17:47:30] INFO: 0.802
[2025-10-17 17:47:30] INFO: , Margin=
[2025-10-17 17:47:30] INFO: 0.108
[2025-10-17 17:47:30] INFO: (
[2025-10-17 17:47:30] INFO: 13.8
[2025-10-17 17:47:30] INFO: %
[2025-10-17 17:47:30] INFO: ), RelMargin=
[2025-10-17 17:47:30] INFO: 13.5
[2025-10-17 17:47:30] INFO: %
[2025-10-17 17:47:30] INFO: , Tightness=
[2025-10-17 17:47:30] INFO: 0.654
[2025-10-17 17:47:30] INFO: , StdDev=
[2025-10-17 17:47:30] INFO: 0.100
[2025-10-17 17:47:30] INFO: [Decision] REJECT: Abs=
[2025-10-17 17:47:30] INFO: false
[2025-10-17 17:47:30] INFO: , AbsMargin=
[2025-10-17 17:47:30] INFO: false
[2025-10-17 17:47:30] INFO: , RelMargin=
[2025-10-17 17:47:30] INFO: false
[2025-10-17 17:47:30] INFO: , Discrim=
[2025-10-17 17:47:30] INFO: false
[2025-10-17 17:47:30] INFO: , Consist=
[2025-10-17 17:47:30] INFO: false
[2025-10-17 17:47:31] INFO: [Recognition] Scores: S12434 - jingyuan=0.785 S13234 - Jin_Rae=0.674 
[2025-10-17 17:47:31] INFO: [Decision] Best=
[2025-10-17 17:47:31] INFO: S12434 - jingyuan
[2025-10-17 17:47:31] INFO: (
[2025-10-17 17:47:31] INFO: 0.785
[2025-10-17 17:47:31] INFO: ), 2nd=
[2025-10-17 17:47:31] INFO: 0.674
[2025-10-17 17:47:31] INFO: , Discriminative=
[2025-10-17 17:47:31] INFO: 0.650
[2025-10-17 17:47:31] INFO: , AvgNeg=
[2025-10-17 17:47:31] INFO: 0.674
[2025-10-17 17:47:31] INFO: [Thresholds] Abs=
[2025-10-17 17:47:31] INFO: 0.802
[2025-10-17 17:47:31] INFO: , Margin=
[2025-10-17 17:47:31] INFO: 0.108
[2025-10-17 17:47:31] INFO: (
[2025-10-17 17:47:31] INFO: 13.7
[2025-10-17 17:47:31] INFO: %
[2025-10-17 17:47:31] INFO: ), RelMargin=
[2025-10-17 17:47:31] INFO: 14.1
[2025-10-17 17:47:31] INFO: %
[2025-10-17 17:47:31] INFO: , Tightness=
[2025-10-17 17:47:31] INFO: 0.654
[2025-10-17 17:47:31] INFO: , StdDev=
[2025-10-17 17:47:31] INFO: 0.100
[2025-10-17 17:47:31] INFO: [Decision] REJECT: Abs=
[2025-10-17 17:47:31] INFO: false
[2025-10-17 17:47:31] INFO: , AbsMargin=
[2025-10-17 17:47:31] INFO: true
[2025-10-17 17:47:31] INFO: , RelMargin=
[2025-10-17 17:47:31] INFO: true
[2025-10-17 17:47:31] INFO: , Discrim=
[2025-10-17 17:47:31] INFO: false
[2025-10-17 17:47:31] INFO: , Consist=
[2025-10-17 17:47:31] INFO: false
[2025-10-17 17:47:31] INFO: [Recognition] Scores: S12434 - jingyuan=0.805 S13234 - Jin_Rae=0.730 
[2025-10-17 17:47:31] INFO: [Decision] Best=
[2025-10-17 17:47:31] INFO: S12434 - jingyuan
[2025-10-17 17:47:31] INFO: (
[2025-10-17 17:47:31] INFO: 0.805
[2025-10-17 17:47:31] INFO: ), 2nd=
[2025-10-17 17:47:31] INFO: 0.730
[2025-10-17 17:47:31] INFO: , Discriminative=
[2025-10-17 17:47:31] INFO: 0.659
[2025-10-17 17:47:31] INFO: , AvgNeg=
[2025-10-17 17:47:31] INFO: 0.730
[2025-10-17 17:47:31] INFO: [Thresholds] Abs=
[2025-10-17 17:47:31] INFO: 0.802
[2025-10-17 17:47:31] INFO: , Margin=
[2025-10-17 17:47:31] INFO: 0.108
[2025-10-17 17:47:31] INFO: (
[2025-10-17 17:47:31] INFO: 13.4
[2025-10-17 17:47:31] INFO: %
[2025-10-17 17:47:31] INFO: ), RelMargin=
[2025-10-17 17:47:31] INFO: 9.3
[2025-10-17 17:47:31] INFO: %
[2025-10-17 17:47:31] INFO: , Tightness=
[2025-10-17 17:47:31] INFO: 0.654
[2025-10-17 17:47:31] INFO: , StdDev=
[2025-10-17 17:47:31] INFO: 0.100
[2025-10-17 17:47:31] INFO: [Decision] REJECT: Abs=
[2025-10-17 17:47:31] INFO: true
[2025-10-17 17:47:31] INFO: , AbsMargin=
[2025-10-17 17:47:31] INFO: false
[2025-10-17 17:47:31] INFO: , RelMargin=
[2025-10-17 17:47:31] INFO: false
[2025-10-17 17:47:31] INFO: , Discrim=
[2025-10-17 17:47:31] INFO: false
[2025-10-17 17:47:31] INFO: , Consist=
[2025-10-17 17:47:31] INFO: false
[2025-10-17 17:47:31] INFO: [Recognition] Scores: S12434 - jingyuan=0.777 S13234 - Jin_Rae=0.673 
[2025-10-17 17:47:31] INFO: [Decision] Best=
[2025-10-17 17:47:31] INFO: S12434 - jingyuan
[2025-10-17 17:47:31] INFO: (
[2025-10-17 17:47:31] INFO: 0.777
[2025-10-17 17:47:31] INFO: ), 2nd=
[2025-10-17 17:47:31] INFO: 0.673
[2025-10-17 17:47:31] INFO: , Discriminative=
[2025-10-17 17:47:31] INFO: 0.643
[2025-10-17 17:47:31] INFO: , AvgNeg=
[2025-10-17 17:47:31] INFO: 0.673
[2025-10-17 17:47:31] INFO: [Thresholds] Abs=
[2025-10-17 17:47:31] INFO: 0.802
[2025-10-17 17:47:31] INFO: , Margin=
[2025-10-17 17:47:31] INFO: 0.108
[2025-10-17 17:47:31] INFO: (
[2025-10-17 17:47:31] INFO: 13.9
[2025-10-17 17:47:31] INFO: %
[2025-10-17 17:47:31] INFO: ), RelMargin=
[2025-10-17 17:47:31] INFO: 13.5
[2025-10-17 17:47:31] INFO: %
[2025-10-17 17:47:31] INFO: , Tightness=
[2025-10-17 17:47:31] INFO: 0.654
[2025-10-17 17:47:31] INFO: , StdDev=
[2025-10-17 17:47:31] INFO: 0.100
[2025-10-17 17:47:31] INFO: [Decision] REJECT: Abs=
[2025-10-17 17:47:31] INFO: false
[2025-10-17 17:47:31] INFO: , AbsMargin=
[2025-10-17 17:47:31] INFO: false
[2025-10-17 17:47:31] INFO: , RelMargin=
[2025-10-17 17:47:31] INFO: false
[2025-10-17 17:47:31] INFO: , Discrim=
[2025-10-17 17:47:31] INFO: false
[2025-10-17 17:47:31] INFO: , Consist=
[2025-10-17 17:47:31] INFO: false
[2025-10-17 17:47:31] INFO: [Recognition] Scores: S12434 - jingyuan=0.776 S13234 - Jin_Rae=0.720 
[2025-10-17 17:47:31] INFO: [Decision] Best=
[2025-10-17 17:47:31] INFO: S12434 - jingyuan
[2025-10-17 17:47:31] INFO: (
[2025-10-17 17:47:31] INFO: 0.776
[2025-10-17 17:47:31] INFO: ), 2nd=
[2025-10-17 17:47:31] INFO: 0.720
[2025-10-17 17:47:31] INFO: , Discriminative=
[2025-10-17 17:47:31] INFO: 0.632
[2025-10-17 17:47:31] INFO: , AvgNeg=
[2025-10-17 17:47:31] INFO: 0.720
[2025-10-17 17:47:31] INFO: [Thresholds] Abs=
[2025-10-17 17:47:31] INFO: 0.802
[2025-10-17 17:47:31] INFO: , Margin=
[2025-10-17 17:47:31] INFO: 0.108
[2025-10-17 17:47:31] INFO: (
[2025-10-17 17:47:31] INFO: 13.9
[2025-10-17 17:47:31] INFO: %
[2025-10-17 17:47:31] INFO: ), RelMargin=
[2025-10-17 17:47:31] INFO: 7.3
[2025-10-17 17:47:31] INFO: %
[2025-10-17 17:47:31] INFO: , Tightness=
[2025-10-17 17:47:31] INFO: 0.654
[2025-10-17 17:47:31] INFO: , StdDev=
[2025-10-17 17:47:31] INFO: 0.100
[2025-10-17 17:47:31] INFO: [Decision] REJECT: Abs=
[2025-10-17 17:47:31] INFO: false
[2025-10-17 17:47:31] INFO: , AbsMargin=
[2025-10-17 17:47:31] INFO: false
[2025-10-17 17:47:31] INFO: , RelMargin=
[2025-10-17 17:47:31] INFO: false
[2025-10-17 17:47:31] INFO: , Discrim=
[2025-10-17 17:47:31] INFO: false
[2025-10-17 17:47:31] INFO: , Consist=
[2025-10-17 17:47:31] INFO: false
[2025-10-17 17:47:31] INFO: [Recognition] Scores: S12434 - jingyuan=0.770 S13234 - Jin_Rae=0.725 
[2025-10-17 17:47:31] INFO: [Decision] Best=
[2025-10-17 17:47:31] INFO: S12434 - jingyuan
[2025-10-17 17:47:31] INFO: (
[2025-10-17 17:47:31] INFO: 0.770
[2025-10-17 17:47:31] INFO: ), 2nd=
[2025-10-17 17:47:31] INFO: 0.725
[2025-10-17 17:47:31] INFO: , Discriminative=
[2025-10-17 17:47:31] INFO: 0.625
[2025-10-17 17:47:31] INFO: , AvgNeg=
[2025-10-17 17:47:31] INFO: 0.725
[2025-10-17 17:47:31] INFO: [Thresholds] Abs=
[2025-10-17 17:47:31] INFO: 0.802
[2025-10-17 17:47:31] INFO: , Margin=
[2025-10-17 17:47:31] INFO: 0.108
[2025-10-17 17:47:31] INFO: (
[2025-10-17 17:47:31] INFO: 14.0
[2025-10-17 17:47:31] INFO: %
[2025-10-17 17:47:31] INFO: ), RelMargin=
[2025-10-17 17:47:31] INFO: 5.8
[2025-10-17 17:47:31] INFO: %
[2025-10-17 17:47:31] INFO: , Tightness=
[2025-10-17 17:47:31] INFO: 0.654
[2025-10-17 17:47:31] INFO: , StdDev=
[2025-10-17 17:47:31] INFO: 0.100
[2025-10-17 17:47:31] INFO: [Decision] REJECT: Abs=
[2025-10-17 17:47:31] INFO: false
[2025-10-17 17:47:31] INFO: , AbsMargin=
[2025-10-17 17:47:31] INFO: false
[2025-10-17 17:47:31] INFO: , RelMargin=
[2025-10-17 17:47:31] INFO: false
[2025-10-17 17:47:31] INFO: , Discrim=
[2025-10-17 17:47:31] INFO: false
[2025-10-17 17:47:31] INFO: , Consist=
[2025-10-17 17:47:31] INFO: false
[2025-10-17 17:47:32] INFO: [Recognition] Scores: S12434 - jingyuan=0.784 S13234 - Jin_Rae=0.716 
[2025-10-17 17:47:32] INFO: [Decision] Best=
[2025-10-17 17:47:32] INFO: S12434 - jingyuan
[2025-10-17 17:47:32] INFO: (
[2025-10-17 17:47:32] INFO: 0.784
[2025-10-17 17:47:32] INFO: ), 2nd=
[2025-10-17 17:47:32] INFO: 0.716
[2025-10-17 17:47:32] INFO: , Discriminative=
[2025-10-17 17:47:32] INFO: 0.641
[2025-10-17 17:47:32] INFO: , AvgNeg=
[2025-10-17 17:47:32] INFO: 0.716
[2025-10-17 17:47:32] INFO: [Thresholds] Abs=
[2025-10-17 17:47:32] INFO: 0.802
[2025-10-17 17:47:32] INFO: , Margin=
[2025-10-17 17:47:32] INFO: 0.108
[2025-10-17 17:47:32] INFO: (
[2025-10-17 17:47:32] INFO: 13.7
[2025-10-17 17:47:32] INFO: %
[2025-10-17 17:47:32] INFO: ), RelMargin=
[2025-10-17 17:47:32] INFO: 8.7
[2025-10-17 17:47:32] INFO: %
[2025-10-17 17:47:32] INFO: , Tightness=
[2025-10-17 17:47:32] INFO: 0.654
[2025-10-17 17:47:32] INFO: , StdDev=
[2025-10-17 17:47:32] INFO: 0.100
[2025-10-17 17:47:32] INFO: [Decision] REJECT: Abs=
[2025-10-17 17:47:32] INFO: false
[2025-10-17 17:47:32] INFO: , AbsMargin=
[2025-10-17 17:47:32] INFO: false
[2025-10-17 17:47:32] INFO: , RelMargin=
[2025-10-17 17:47:32] INFO: false
[2025-10-17 17:47:32] INFO: , Discrim=
[2025-10-17 17:47:32] INFO: false
[2025-10-17 17:47:32] INFO: , Consist=
[2025-10-17 17:47:32] INFO: false
[2025-10-17 17:47:32] INFO: [Recognition] Scores: S12434 - jingyuan=0.746 S13234 - Jin_Rae=0.699 
[2025-10-17 17:47:32] INFO: [Decision] Best=
[2025-10-17 17:47:32] INFO: S12434 - jingyuan
[2025-10-17 17:47:32] INFO: (
[2025-10-17 17:47:32] INFO: 0.746
[2025-10-17 17:47:32] INFO: ), 2nd=
[2025-10-17 17:47:32] INFO: 0.699
[2025-10-17 17:47:32] INFO: , Discriminative=
[2025-10-17 17:47:32] INFO: 0.607
[2025-10-17 17:47:32] INFO: , AvgNeg=
[2025-10-17 17:47:32] INFO: 0.699
[2025-10-17 17:47:32] INFO: [Thresholds] Abs=
[2025-10-17 17:47:32] INFO: 0.802
[2025-10-17 17:47:32] INFO: , Margin=
[2025-10-17 17:47:32] INFO: 0.108
[2025-10-17 17:47:32] INFO: (
[2025-10-17 17:47:32] INFO: 14.4
[2025-10-17 17:47:32] INFO: %
[2025-10-17 17:47:32] INFO: ), RelMargin=
[2025-10-17 17:47:32] INFO: 6.3
[2025-10-17 17:47:32] INFO: %
[2025-10-17 17:47:32] INFO: , Tightness=
[2025-10-17 17:47:32] INFO: 0.654
[2025-10-17 17:47:32] INFO: , StdDev=
[2025-10-17 17:47:32] INFO: 0.100
[2025-10-17 17:47:32] INFO: [Decision] REJECT: Abs=
[2025-10-17 17:47:32] INFO: false
[2025-10-17 17:47:32] INFO: , AbsMargin=
[2025-10-17 17:47:32] INFO: false
[2025-10-17 17:47:32] INFO: , RelMargin=
[2025-10-17 17:47:32] INFO: false
[2025-10-17 17:47:32] INFO: , Discrim=
[2025-10-17 17:47:32] INFO: false
[2025-10-17 17:47:32] INFO: , Consist=
[2025-10-17 17:47:32] INFO: false
[2025-10-17 17:47:32] INFO: [Recognition] Scores: S12434 - jingyuan=0.725 S13234 - Jin_Rae=0.685 
[2025-10-17 17:47:32] INFO: [Decision] Best=
[2025-10-17 17:47:32] INFO: S12434 - jingyuan
[2025-10-17 17:47:32] INFO: (
[2025-10-17 17:47:32] INFO: 0.725
[2025-10-17 17:47:32] INFO: ), 2nd=
[2025-10-17 17:47:32] INFO: 0.685
[2025-10-17 17:47:32] INFO: , Discriminative=
[2025-10-17 17:47:32] INFO: 0.588
[2025-10-17 17:47:32] INFO: , AvgNeg=
[2025-10-17 17:47:32] INFO: 0.685
[2025-10-17 17:47:32] INFO: [Thresholds] Abs=
[2025-10-17 17:47:32] INFO: 0.802
[2025-10-17 17:47:32] INFO: , Margin=
[2025-10-17 17:47:32] INFO: 0.108
[2025-10-17 17:47:32] INFO: (
[2025-10-17 17:47:32] INFO: 14.8
[2025-10-17 17:47:32] INFO: %
[2025-10-17 17:47:32] INFO: ), RelMargin=
[2025-10-17 17:47:32] INFO: 5.5
[2025-10-17 17:47:32] INFO: %
[2025-10-17 17:47:32] INFO: , Tightness=
[2025-10-17 17:47:32] INFO: 0.654
[2025-10-17 17:47:32] INFO: , StdDev=
[2025-10-17 17:47:32] INFO: 0.100
[2025-10-17 17:47:32] INFO: [Decision] REJECT: Abs=
[2025-10-17 17:47:32] INFO: false
[2025-10-17 17:47:32] INFO: , AbsMargin=
[2025-10-17 17:47:32] INFO: false
[2025-10-17 17:47:32] INFO: , RelMargin=
[2025-10-17 17:47:32] INFO: false
[2025-10-17 17:47:32] INFO: , Discrim=
[2025-10-17 17:47:32] INFO: false
[2025-10-17 17:47:32] INFO: , Consist=
[2025-10-17 17:47:32] INFO: false
[2025-10-17 17:47:32] INFO: [Recognition] Scores: S12434 - jingyuan=0.751 S13234 - Jin_Rae=0.699 
[2025-10-17 17:47:32] INFO: [Decision] Best=
[2025-10-17 17:47:32] INFO: S12434 - jingyuan
[2025-10-17 17:47:32] INFO: (
[2025-10-17 17:47:32] INFO: 0.751
[2025-10-17 17:47:32] INFO: ), 2nd=
[2025-10-17 17:47:32] INFO: 0.699
[2025-10-17 17:47:32] INFO: , Discriminative=
[2025-10-17 17:47:32] INFO: 0.611
[2025-10-17 17:47:32] INFO: , AvgNeg=
[2025-10-17 17:47:32] INFO: 0.699
[2025-10-17 17:47:32] INFO: [Thresholds] Abs=
[2025-10-17 17:47:32] INFO: 0.802
[2025-10-17 17:47:32] INFO: , Margin=
[2025-10-17 17:47:32] INFO: 0.108
[2025-10-17 17:47:32] INFO: (
[2025-10-17 17:47:32] INFO: 14.3
[2025-10-17 17:47:32] INFO: %
[2025-10-17 17:47:32] INFO: ), RelMargin=
[2025-10-17 17:47:32] INFO: 6.9
[2025-10-17 17:47:32] INFO: %
[2025-10-17 17:47:32] INFO: , Tightness=
[2025-10-17 17:47:32] INFO: 0.654
[2025-10-17 17:47:32] INFO: , StdDev=
[2025-10-17 17:47:32] INFO: 0.100
[2025-10-17 17:47:32] INFO: [Decision] REJECT: Abs=
[2025-10-17 17:47:32] INFO: false
[2025-10-17 17:47:32] INFO: , AbsMargin=
[2025-10-17 17:47:32] INFO: false
[2025-10-17 17:47:32] INFO: , RelMargin=
[2025-10-17 17:47:32] INFO: false
[2025-10-17 17:47:32] INFO: , Discrim=
[2025-10-17 17:47:32] INFO: false
[2025-10-17 17:47:32] INFO: , Consist=
[2025-10-17 17:47:32] INFO: false
[2025-10-17 17:47:32] INFO: [Recognition] Scores: S12434 - jingyuan=0.737 S13234 - Jin_Rae=0.688 
[2025-10-17 17:47:32] INFO: [Decision] Best=
[2025-10-17 17:47:32] INFO: S12434 - jingyuan
[2025-10-17 17:47:32] INFO: (
[2025-10-17 17:47:32] INFO: 0.737
[2025-10-17 17:47:32] INFO: ), 2nd=
[2025-10-17 17:47:32] INFO: 0.688
[2025-10-17 17:47:32] INFO: , Discriminative=
[2025-10-17 17:47:32] INFO: 0.600
[2025-10-17 17:47:32] INFO: , AvgNeg=
[2025-10-17 17:47:32] INFO: 0.688
[2025-10-17 17:47:32] INFO: [Thresholds] Abs=
[2025-10-17 17:47:32] INFO: 0.802
[2025-10-17 17:47:32] INFO: , Margin=
[2025-10-17 17:47:32] INFO: 0.108
[2025-10-17 17:47:32] INFO: (
[2025-10-17 17:47:32] INFO: 14.6
[2025-10-17 17:47:32] INFO: %
[2025-10-17 17:47:32] INFO: ), RelMargin=
[2025-10-17 17:47:32] INFO: 6.6
[2025-10-17 17:47:32] INFO: %
[2025-10-17 17:47:32] INFO: , Tightness=
[2025-10-17 17:47:32] INFO: 0.654
[2025-10-17 17:47:32] INFO: , StdDev=
[2025-10-17 17:47:32] INFO: 0.100
[2025-10-17 17:47:32] INFO: [Decision] REJECT: Abs=
[2025-10-17 17:47:32] INFO: false
[2025-10-17 17:47:32] INFO: , AbsMargin=
[2025-10-17 17:47:32] INFO: false
[2025-10-17 17:47:32] INFO: , RelMargin=
[2025-10-17 17:47:32] INFO: false
[2025-10-17 17:47:32] INFO: , Discrim=
[2025-10-17 17:47:32] INFO: false
[2025-10-17 17:47:32] INFO: , Consist=
[2025-10-17 17:47:32] INFO: false
[2025-10-17 17:47:33] INFO: [Recognition] Scores: S12434 - jingyuan=0.719 S13234 - Jin_Rae=0.681 
[2025-10-17 17:47:33] INFO: [Decision] Best=
[2025-10-17 17:47:33] INFO: S12434 - jingyuan
[2025-10-17 17:47:33] INFO: (
[2025-10-17 17:47:33] INFO: 0.719
[2025-10-17 17:47:33] INFO: ), 2nd=
[2025-10-17 17:47:33] INFO: 0.681
[2025-10-17 17:47:33] INFO: , Discriminative=
[2025-10-17 17:47:33] INFO: 0.583
[2025-10-17 17:47:33] INFO: , AvgNeg=
[2025-10-17 17:47:33] INFO: 0.681
[2025-10-17 17:47:33] INFO: [Thresholds] Abs=
[2025-10-17 17:47:33] INFO: 0.802
[2025-10-17 17:47:33] INFO: , Margin=
[2025-10-17 17:47:33] INFO: 0.108
[2025-10-17 17:47:33] INFO: (
[2025-10-17 17:47:33] INFO: 15.0
[2025-10-17 17:47:33] INFO: %
[2025-10-17 17:47:33] INFO: ), RelMargin=
[2025-10-17 17:47:33] INFO: 5.3
[2025-10-17 17:47:33] INFO: %
[2025-10-17 17:47:33] INFO: , Tightness=
[2025-10-17 17:47:33] INFO: 0.654
[2025-10-17 17:47:33] INFO: , StdDev=
[2025-10-17 17:47:33] INFO: 0.100
[2025-10-17 17:47:33] INFO: [Decision] REJECT: Abs=
[2025-10-17 17:47:33] INFO: false
[2025-10-17 17:47:33] INFO: , AbsMargin=
[2025-10-17 17:47:33] INFO: false
[2025-10-17 17:47:33] INFO: , RelMargin=
[2025-10-17 17:47:33] INFO: false
[2025-10-17 17:47:33] INFO: , Discrim=
[2025-10-17 17:47:33] INFO: false
[2025-10-17 17:47:33] INFO: , Consist=
[2025-10-17 17:47:33] INFO: false
[2025-10-17 17:47:33] INFO: [Recognition] Scores: S12434 - jingyuan=0.719 S13234 - Jin_Rae=0.669 
[2025-10-17 17:47:33] INFO: [Decision] Best=
[2025-10-17 17:47:33] INFO: S12434 - jingyuan
[2025-10-17 17:47:33] INFO: (
[2025-10-17 17:47:33] INFO: 0.719
[2025-10-17 17:47:33] INFO: ), 2nd=
[2025-10-17 17:47:33] INFO: 0.669
[2025-10-17 17:47:33] INFO: , Discriminative=
[2025-10-17 17:47:33] INFO: 0.585
[2025-10-17 17:47:33] INFO: , AvgNeg=
[2025-10-17 17:47:33] INFO: 0.669
[2025-10-17 17:47:33] INFO: [Thresholds] Abs=
[2025-10-17 17:47:33] INFO: 0.802
[2025-10-17 17:47:33] INFO: , Margin=
[2025-10-17 17:47:33] INFO: 0.108
[2025-10-17 17:47:33] INFO: (
[2025-10-17 17:47:33] INFO: 15.0
[2025-10-17 17:47:33] INFO: %
[2025-10-17 17:47:33] INFO: ), RelMargin=
[2025-10-17 17:47:33] INFO: 7.0
[2025-10-17 17:47:33] INFO: %
[2025-10-17 17:47:33] INFO: , Tightness=
[2025-10-17 17:47:33] INFO: 0.654
[2025-10-17 17:47:33] INFO: , StdDev=
[2025-10-17 17:47:33] INFO: 0.100
[2025-10-17 17:47:33] INFO: [Decision] REJECT: Abs=
[2025-10-17 17:47:33] INFO: false
[2025-10-17 17:47:33] INFO: , AbsMargin=
[2025-10-17 17:47:33] INFO: false
[2025-10-17 17:47:33] INFO: , RelMargin=
[2025-10-17 17:47:33] INFO: false
[2025-10-17 17:47:33] INFO: , Discrim=
[2025-10-17 17:47:33] INFO: false
[2025-10-17 17:47:33] INFO: , Consist=
[2025-10-17 17:47:33] INFO: false
[2025-10-17 17:47:33] INFO: [Recognition] Scores: S12434 - jingyuan=0.737 S13234 - Jin_Rae=0.637 
[2025-10-17 17:47:33] INFO: [Decision] Best=
[2025-10-17 17:47:33] INFO: S12434 - jingyuan
[2025-10-17 17:47:33] INFO: (
[2025-10-17 17:47:33] INFO: 0.737
[2025-10-17 17:47:33] INFO: ), 2nd=
[2025-10-17 17:47:33] INFO: 0.637
[2025-10-17 17:47:33] INFO: , Discriminative=
[2025-10-17 17:47:33] INFO: 0.610
[2025-10-17 17:47:33] INFO: , AvgNeg=
[2025-10-17 17:47:33] INFO: 0.637
[2025-10-17 17:47:33] INFO: [Thresholds] Abs=
[2025-10-17 17:47:33] INFO: 0.802
[2025-10-17 17:47:33] INFO: , Margin=
[2025-10-17 17:47:33] INFO: 0.108
[2025-10-17 17:47:33] INFO: (
[2025-10-17 17:47:33] INFO: 14.6
[2025-10-17 17:47:33] INFO: %
[2025-10-17 17:47:33] INFO: ), RelMargin=
[2025-10-17 17:47:33] INFO: 13.6
[2025-10-17 17:47:33] INFO: %
[2025-10-17 17:47:33] INFO: , Tightness=
[2025-10-17 17:47:33] INFO: 0.654
[2025-10-17 17:47:33] INFO: , StdDev=
[2025-10-17 17:47:33] INFO: 0.100
[2025-10-17 17:47:33] INFO: [Decision] REJECT: Abs=
[2025-10-17 17:47:33] INFO: false
[2025-10-17 17:47:33] INFO: , AbsMargin=
[2025-10-17 17:47:33] INFO: false
[2025-10-17 17:47:33] INFO: , RelMargin=
[2025-10-17 17:47:33] INFO: false
[2025-10-17 17:47:33] INFO: , Discrim=
[2025-10-17 17:47:33] INFO: false
[2025-10-17 17:47:33] INFO: , Consist=
[2025-10-17 17:47:33] INFO: false
[2025-10-17 17:47:36] INFO: Exiting Face Recognition Demo...
[2025-10-17 17:47:36] INFO: Exiting Face Recognition Demo...
