[2025-10-19 01:17:03] INFO: Application Logger Initialized.
[2025-10-19 01:17:03] INFO: Configuration and core components loaded.
[2025-10-19 01:17:03] INFO: Configuration loaded from classpath: app.properties
[2025-10-19 01:17:03] INFO: Configuration file loaded
[2025-10-19 01:17:03] INFO: MyGUIProgram Started!
[2025-10-19 01:17:04] INFO: Face embedding model loaded successfully
[2025-10-19 01:17:04] INFO: === Folder debug ===
[2025-10-19 01:17:04] INFO: Found folder: C:\SMU\CS102 Project\FaceRecognitionCS102\data\facedata\S00001_jereme
[2025-10-19 01:17:04] INFO:   Contains: 13 items
[2025-10-19 01:17:04] INFO:   Display label: S00001 - jereme
[2025-10-19 01:17:04] INFO: Found folder: C:\SMU\CS102 Project\FaceRecognitionCS102\data\facedata\S12342_wyn
[2025-10-19 01:17:04] INFO:   Contains: 26 items
[2025-10-19 01:17:04] INFO:   Display label: S12342 - wyn
[2025-10-19 01:17:04] INFO: Found folder: C:\SMU\CS102 Project\FaceRecognitionCS102\data\facedata\S13234_Jin_Rae
[2025-10-19 01:17:04] INFO:   Contains: 26 items
[2025-10-19 01:17:04] INFO:   Display label: S13234 - Jin_Rae
[2025-10-19 01:17:04] INFO: ====================
[2025-10-19 01:17:04] INFO: Person S00001 - jereme: tightness=1.000, stdDev=0.000, absThresh=0.700, margin=0.120
[2025-10-19 01:17:04] INFO: Person S12342 - wyn: tightness=0.922, stdDev=0.027, absThresh=0.708, margin=0.128
[2025-10-19 01:17:04] INFO: Person S13234 - Jin_Rae: tightness=0.955, stdDev=0.012, absThresh=0.705, margin=0.125
[2025-10-19 01:17:04] INFO: DNN face detector loaded successfully for recognition
[2025-10-19 01:17:04] INFO: Attempting to open camera with DSHOW backend...
[2025-10-19 01:17:04] INFO: Camera opened successfully with DSHOW backend
[2025-10-19 01:17:06] INFO: Camera configured: 640x480 @ 30fps with MJPEG codec
[2025-10-19 01:17:06] INFO: Camera initialized successfully
[2025-10-19 01:17:07] INFO: [Recognition] Scores: S00001 - jereme=0.000 S12342 - wyn=0.849 S13234 - Jin_Rae=0.766 
[2025-10-19 01:17:07] INFO: [Decision] Best=S12342 - wyn(0.849), 2nd=0.766, Discriminative=0.734, AvgNeg=0.383
[2025-10-19 01:17:07] INFO: [Thresholds] Abs=0.708, Margin=0.128(15.1%), RelMargin=9.7%, Tightness=0.922, StdDev=0.027
[2025-10-19 01:17:07] INFO: [Decision] REJECT: Abs=true, AbsMargin=false, RelMargin=false(9.7%), StrongMargin=false(20.0%), Discrim=true, Consist=false
[2025-10-19 01:17:07] INFO: [Recognition] Scores: S00001 - jereme=0.000 S12342 - wyn=0.834 S13234 - Jin_Rae=0.844 
[2025-10-19 01:17:07] INFO: [Decision] Best=S13234 - Jin_Rae(0.844), 2nd=0.834, Discriminative=0.719, AvgNeg=0.417
[2025-10-19 01:17:07] INFO: [Thresholds] Abs=0.705, Margin=0.125(15.0%), RelMargin=1.1%, Tightness=0.955, StdDev=0.012
[2025-10-19 01:17:07] INFO: [Decision] REJECT: Abs=true, AbsMargin=false, RelMargin=false(1.1%), StrongMargin=false(20.0%), Discrim=true, Consist=false
[2025-10-19 01:17:07] INFO: [Recognition] Scores: S00001 - jereme=0.000 S12342 - wyn=0.820 S13234 - Jin_Rae=0.855 
[2025-10-19 01:17:07] INFO: [Decision] Best=S13234 - Jin_Rae(0.855), 2nd=0.820, Discriminative=0.732, AvgNeg=0.410
[2025-10-19 01:17:07] INFO: [Thresholds] Abs=0.705, Margin=0.125(15.0%), RelMargin=4.0%, Tightness=0.955, StdDev=0.012
[2025-10-19 01:17:07] INFO: [Decision] REJECT: Abs=true, AbsMargin=false, RelMargin=false(4.0%), StrongMargin=false(20.0%), Discrim=true, Consist=false
[2025-10-19 01:17:07] INFO: [Recognition] Scores: S00001 - jereme=0.000 S12342 - wyn=0.819 S13234 - Jin_Rae=0.842 
[2025-10-19 01:17:07] INFO: [Decision] Best=S13234 - Jin_Rae(0.842), 2nd=0.819, Discriminative=0.720, AvgNeg=0.409
[2025-10-19 01:17:07] INFO: [Thresholds] Abs=0.705, Margin=0.125(15.0%), RelMargin=2.8%, Tightness=0.955, StdDev=0.012
[2025-10-19 01:17:07] INFO: [Decision] REJECT: Abs=true, AbsMargin=false, RelMargin=false(2.8%), StrongMargin=false(20.0%), Discrim=true, Consist=false
[2025-10-19 01:17:07] INFO: [Recognition] Scores: S00001 - jereme=0.000 S12342 - wyn=0.805 S13234 - Jin_Rae=0.814 
[2025-10-19 01:17:07] INFO: [Decision] Best=S13234 - Jin_Rae(0.814), 2nd=0.805, Discriminative=0.693, AvgNeg=0.402
[2025-10-19 01:17:07] INFO: [Thresholds] Abs=0.705, Margin=0.125(15.3%), RelMargin=1.1%, Tightness=0.955, StdDev=0.012
[2025-10-19 01:17:07] INFO: [Decision] REJECT: Abs=true, AbsMargin=false, RelMargin=false(1.1%), StrongMargin=false(20.0%), Discrim=false, Consist=false
[2025-10-19 01:17:08] INFO: [Recognition] Scores: S00001 - jereme=0.000 S12342 - wyn=0.759 S13234 - Jin_Rae=0.800 
[2025-10-19 01:17:08] INFO: [Decision] Best=S13234 - Jin_Rae(0.800), 2nd=0.759, Discriminative=0.686, AvgNeg=0.379
[2025-10-19 01:17:08] INFO: [Thresholds] Abs=0.705, Margin=0.125(15.6%), RelMargin=5.1%, Tightness=0.955, StdDev=0.012
[2025-10-19 01:17:08] INFO: [Decision] REJECT: Abs=true, AbsMargin=false, RelMargin=false(5.1%), StrongMargin=false(20.0%), Discrim=false, Consist=false
[2025-10-19 01:17:08] INFO: [Recognition] Scores: S00001 - jereme=0.000 S12342 - wyn=0.740 S13234 - Jin_Rae=0.772 
[2025-10-19 01:17:08] INFO: [Decision] Best=S13234 - Jin_Rae(0.772), 2nd=0.740, Discriminative=0.661, AvgNeg=0.370
[2025-10-19 01:17:08] INFO: [Thresholds] Abs=0.705, Margin=0.125(16.1%), RelMargin=4.2%, Tightness=0.955, StdDev=0.012
[2025-10-19 01:17:08] INFO: [Decision] REJECT: Abs=true, AbsMargin=false, RelMargin=false(4.2%), StrongMargin=false(20.0%), Discrim=false, Consist=false
[2025-10-19 01:17:08] INFO: [Recognition] Scores: S00001 - jereme=0.000 S12342 - wyn=0.715 S13234 - Jin_Rae=0.734 
[2025-10-19 01:17:08] INFO: [Decision] Best=S13234 - Jin_Rae(0.734), 2nd=0.715, Discriminative=0.627, AvgNeg=0.357
[2025-10-19 01:17:08] INFO: [Thresholds] Abs=0.705, Margin=0.125(17.0%), RelMargin=2.7%, Tightness=0.955, StdDev=0.012
[2025-10-19 01:17:08] INFO: [Decision] REJECT: Abs=true, AbsMargin=false, RelMargin=false(2.7%), StrongMargin=false(20.0%), Discrim=false, Consist=false
[2025-10-19 01:17:08] INFO: [Recognition] Scores: S00001 - jereme=0.000 S12342 - wyn=0.725 S13234 - Jin_Rae=0.734 
[2025-10-19 01:17:08] INFO: [Decision] Best=S13234 - Jin_Rae(0.734), 2nd=0.725, Discriminative=0.625, AvgNeg=0.362
[2025-10-19 01:17:08] INFO: [Thresholds] Abs=0.705, Margin=0.125(17.0%), RelMargin=1.2%, Tightness=0.955, StdDev=0.012
[2025-10-19 01:17:08] INFO: [Decision] REJECT: Abs=true, AbsMargin=false, RelMargin=false(1.2%), StrongMargin=false(20.0%), Discrim=false, Consist=false
[2025-10-19 01:17:09] INFO: [Recognition] Scores: S00001 - jereme=0.000 S12342 - wyn=0.760 S13234 - Jin_Rae=0.782 
[2025-10-19 01:17:09] INFO: [Decision] Best=S13234 - Jin_Rae(0.782), 2nd=0.760, Discriminative=0.668, AvgNeg=0.380
[2025-10-19 01:17:09] INFO: [Thresholds] Abs=0.705, Margin=0.125(15.9%), RelMargin=2.8%, Tightness=0.955, StdDev=0.012
[2025-10-19 01:17:09] INFO: [Decision] REJECT: Abs=true, AbsMargin=false, RelMargin=false(2.8%), StrongMargin=false(20.0%), Discrim=false, Consist=false
[2025-10-19 01:17:09] INFO: [Recognition] Scores: S00001 - jereme=0.000 S12342 - wyn=0.792 S13234 - Jin_Rae=0.822 
[2025-10-19 01:17:09] INFO: [Decision] Best=S13234 - Jin_Rae(0.822), 2nd=0.792, Discriminative=0.703, AvgNeg=0.396
[2025-10-19 01:17:09] INFO: [Thresholds] Abs=0.705, Margin=0.125(15.2%), RelMargin=3.7%, Tightness=0.955, StdDev=0.012
[2025-10-19 01:17:09] INFO: [Decision] REJECT: Abs=true, AbsMargin=false, RelMargin=false(3.7%), StrongMargin=false(20.0%), Discrim=false, Consist=false
[2025-10-19 01:17:09] INFO: [Recognition] Scores: S00001 - jereme=0.000 S12342 - wyn=0.771 S13234 - Jin_Rae=0.781 
[2025-10-19 01:17:09] INFO: [Decision] Best=S13234 - Jin_Rae(0.781), 2nd=0.771, Discriminative=0.666, AvgNeg=0.385
[2025-10-19 01:17:09] INFO: [Thresholds] Abs=0.705, Margin=0.125(15.9%), RelMargin=1.3%, Tightness=0.955, StdDev=0.012
[2025-10-19 01:17:09] INFO: [Decision] REJECT: Abs=true, AbsMargin=false, RelMargin=false(1.3%), StrongMargin=false(20.0%), Discrim=false, Consist=false
[2025-10-19 01:17:09] INFO: [Recognition] Scores: S00001 - jereme=0.000 S12342 - wyn=0.780 S13234 - Jin_Rae=0.794 
[2025-10-19 01:17:09] INFO: [Decision] Best=S13234 - Jin_Rae(0.794), 2nd=0.780, Discriminative=0.677, AvgNeg=0.390
[2025-10-19 01:17:09] INFO: [Thresholds] Abs=0.705, Margin=0.125(15.7%), RelMargin=1.7%, Tightness=0.955, StdDev=0.012
[2025-10-19 01:17:09] INFO: [Decision] REJECT: Abs=true, AbsMargin=false, RelMargin=false(1.7%), StrongMargin=false(20.0%), Discrim=false, Consist=false
[2025-10-19 01:17:10] INFO: [Recognition] Scores: S00001 - jereme=0.000 S12342 - wyn=0.807 S13234 - Jin_Rae=0.786 
[2025-10-19 01:17:10] INFO: [Decision] Best=S12342 - wyn(0.807), 2nd=0.786, Discriminative=0.689, AvgNeg=0.393
[2025-10-19 01:17:10] INFO: [Thresholds] Abs=0.708, Margin=0.128(15.8%), RelMargin=2.6%, Tightness=0.922, StdDev=0.027
[2025-10-19 01:17:10] INFO: [Decision] REJECT: Abs=true, AbsMargin=false, RelMargin=false(2.6%), StrongMargin=false(20.0%), Discrim=false, Consist=false
[2025-10-19 01:17:10] INFO: [Recognition] Scores: S00001 - jereme=0.000 S12342 - wyn=0.814 S13234 - Jin_Rae=0.746 
[2025-10-19 01:17:10] INFO: [Decision] Best=S12342 - wyn(0.814), 2nd=0.746, Discriminative=0.702, AvgNeg=0.373
[2025-10-19 01:17:10] INFO: [Thresholds] Abs=0.708, Margin=0.128(15.7%), RelMargin=8.4%, Tightness=0.922, StdDev=0.027
[2025-10-19 01:17:10] INFO: [Decision] REJECT: Abs=true, AbsMargin=false, RelMargin=false(8.4%), StrongMargin=false(20.0%), Discrim=false, Consist=false
[2025-10-19 01:17:10] INFO: [Recognition] Scores: S00001 - jereme=0.000 S12342 - wyn=0.796 S13234 - Jin_Rae=0.690 
[2025-10-19 01:17:10] INFO: [Decision] Best=S12342 - wyn(0.796), 2nd=0.690, Discriminative=0.692, AvgNeg=0.345
[2025-10-19 01:17:10] INFO: [Thresholds] Abs=0.708, Margin=0.128(16.1%), RelMargin=13.3%, Tightness=0.922, StdDev=0.027
[2025-10-19 01:17:10] INFO: [Decision] REJECT: Abs=true, AbsMargin=false, RelMargin=false(13.3%), StrongMargin=false(20.0%), Discrim=false, Consist=false
[2025-10-19 01:17:10] INFO: [Recognition] Scores: S00001 - jereme=0.000 S12342 - wyn=0.788 S13234 - Jin_Rae=0.744 
[2025-10-19 01:17:10] INFO: [Decision] Best=S12342 - wyn(0.788), 2nd=0.744, Discriminative=0.676, AvgNeg=0.372
[2025-10-19 01:17:10] INFO: [Thresholds] Abs=0.708, Margin=0.128(16.2%), RelMargin=5.5%, Tightness=0.922, StdDev=0.027
[2025-10-19 01:17:10] INFO: [Decision] REJECT: Abs=true, AbsMargin=false, RelMargin=false(5.5%), StrongMargin=false(20.0%), Discrim=false, Consist=false
[2025-10-19 01:17:11] INFO: [Recognition] Scores: S00001 - jereme=0.000 S12342 - wyn=0.870 S13234 - Jin_Rae=0.898 
[2025-10-19 01:17:11] INFO: [Decision] Best=S13234 - Jin_Rae(0.898), 2nd=0.870, Discriminative=0.768, AvgNeg=0.435
[2025-10-19 01:17:11] INFO: [Thresholds] Abs=0.705, Margin=0.125(15.0%), RelMargin=3.1%, Tightness=0.955, StdDev=0.012
[2025-10-19 01:17:11] INFO: [Decision] REJECT: Abs=true, AbsMargin=false, RelMargin=false(3.1%), StrongMargin=false(20.0%), Discrim=true, Consist=false
[2025-10-19 01:17:11] INFO: [Recognition] Scores: S00001 - jereme=0.000 S12342 - wyn=0.859 S13234 - Jin_Rae=0.781 
[2025-10-19 01:17:11] INFO: [Decision] Best=S12342 - wyn(0.859), 2nd=0.781, Discriminative=0.741, AvgNeg=0.390
[2025-10-19 01:17:11] INFO: [Thresholds] Abs=0.708, Margin=0.128(15.0%), RelMargin=9.0%, Tightness=0.922, StdDev=0.027
[2025-10-19 01:17:11] INFO: [Decision] REJECT: Abs=true, AbsMargin=false, RelMargin=false(9.0%), StrongMargin=false(20.0%), Discrim=true, Consist=false
[2025-10-19 01:17:11] INFO: [Recognition] Scores: S00001 - jereme=0.000 S12342 - wyn=0.845 S13234 - Jin_Rae=0.795 
[2025-10-19 01:17:11] INFO: [Decision] Best=S12342 - wyn(0.845), 2nd=0.795, Discriminative=0.725, AvgNeg=0.398
[2025-10-19 01:17:11] INFO: [Thresholds] Abs=0.708, Margin=0.128(15.1%), RelMargin=5.8%, Tightness=0.922, StdDev=0.027
[2025-10-19 01:17:11] INFO: [Decision] REJECT: Abs=true, AbsMargin=false, RelMargin=false(5.8%), StrongMargin=false(20.0%), Discrim=true, Consist=false
[2025-10-19 01:17:11] INFO: [Recognition] Scores: S00001 - jereme=0.000 S12342 - wyn=0.791 S13234 - Jin_Rae=0.000 
[2025-10-19 01:17:11] INFO: [Decision] Best=S12342 - wyn(0.791), 2nd=0.000, Discriminative=0.791, AvgNeg=0.000
[2025-10-19 01:17:11] INFO: [Thresholds] Abs=0.708, Margin=0.128(16.1%), RelMargin=100.0%, Tightness=0.922, StdDev=0.027
[2025-10-19 01:17:11] INFO: [Performance] Pre-filter skipped 1/3 persons (33.3% speedup)
[2025-10-19 01:17:11] INFO: [Decision] ACCEPT: Tier 1 - Absolute + Strong Margin (20%)
[2025-10-19 01:17:12] INFO: [Recognition] Scores: S00001 - jereme=0.000 S12342 - wyn=0.773 S13234 - Jin_Rae=0.726 
[2025-10-19 01:17:12] INFO: [Decision] Best=S12342 - wyn(0.773), 2nd=0.726, Discriminative=0.664, AvgNeg=0.363
[2025-10-19 01:17:12] INFO: [Thresholds] Abs=0.708, Margin=0.128(16.5%), RelMargin=6.1%, Tightness=0.922, StdDev=0.027
[2025-10-19 01:17:12] INFO: [Decision] REJECT: Abs=true, AbsMargin=false, RelMargin=false(6.1%), StrongMargin=false(20.0%), Discrim=false, Consist=false
[2025-10-19 01:17:12] INFO: [Recognition] Scores: S00001 - jereme=0.000 S12342 - wyn=0.720 S13234 - Jin_Rae=0.657 
[2025-10-19 01:17:12] INFO: [Decision] Best=S12342 - wyn(0.720), 2nd=0.657, Discriminative=0.622, AvgNeg=0.329
[2025-10-19 01:17:12] INFO: [Thresholds] Abs=0.708, Margin=0.128(17.7%), RelMargin=8.8%, Tightness=0.922, StdDev=0.027
[2025-10-19 01:17:12] INFO: [Decision] REJECT: Abs=true, AbsMargin=false, RelMargin=false(8.8%), StrongMargin=false(20.0%), Discrim=false, Consist=false
[2025-10-19 01:17:12] INFO: [Recognition] Scores: S00001 - jereme=0.000 S12342 - wyn=0.665 S13234 - Jin_Rae=0.000 
[2025-10-19 01:17:12] INFO: [Decision] Best=S12342 - wyn(0.665), 2nd=0.000, Discriminative=0.665, AvgNeg=0.000
[2025-10-19 01:17:12] INFO: [Thresholds] Abs=0.708, Margin=0.128(19.2%), RelMargin=100.0%, Tightness=0.922, StdDev=0.027
[2025-10-19 01:17:12] INFO: [Performance] Pre-filter skipped 1/3 persons (33.3% speedup)
[2025-10-19 01:17:12] INFO: [Decision] REJECT: Abs=false, AbsMargin=true, RelMargin=true(100.0%), StrongMargin=true(20.0%), Discrim=false, Consist=false
[2025-10-19 01:17:12] INFO: [Recognition] Scores: S00001 - jereme=0.000 S12342 - wyn=0.666 S13234 - Jin_Rae=0.000 
[2025-10-19 01:17:12] INFO: [Decision] Best=S12342 - wyn(0.666), 2nd=0.000, Discriminative=0.666, AvgNeg=0.000
[2025-10-19 01:17:12] INFO: [Thresholds] Abs=0.708, Margin=0.128(19.2%), RelMargin=100.0%, Tightness=0.922, StdDev=0.027
[2025-10-19 01:17:12] INFO: [Performance] Pre-filter skipped 1/3 persons (33.3% speedup)
[2025-10-19 01:17:12] INFO: [Decision] REJECT: Abs=false, AbsMargin=true, RelMargin=true(100.0%), StrongMargin=true(20.0%), Discrim=false, Consist=false
[2025-10-19 01:17:13] INFO: [Recognition] Scores: S00001 - jereme=0.000 S12342 - wyn=0.000 S13234 - Jin_Rae=0.000 
[2025-10-19 01:17:13] INFO: [Decision] Best=S00001 - jereme(0.000), 2nd=0.000, Discriminative=0.000, AvgNeg=0.000
[2025-10-19 01:17:13] INFO: [Thresholds] Abs=0.700, Margin=0.120(Infinity%), RelMargin=0.0%, Tightness=1.000, StdDev=0.000
[2025-10-19 01:17:13] INFO: [Performance] Pre-filter skipped 2/3 persons (66.7% speedup)
[2025-10-19 01:17:13] INFO: [Decision] REJECT: Abs=false, AbsMargin=false, RelMargin=false(0.0%), StrongMargin=false(20.0%), Discrim=false, Consist=false
[2025-10-19 01:17:13] INFO: [Recognition] Scores: S00001 - jereme=0.000 S12342 - wyn=0.644 S13234 - Jin_Rae=0.590 
[2025-10-19 01:17:13] INFO: [Decision] Best=S12342 - wyn(0.644), 2nd=0.590, Discriminative=0.555, AvgNeg=0.295
[2025-10-19 01:17:13] INFO: [Thresholds] Abs=0.708, Margin=0.128(19.8%), RelMargin=8.4%, Tightness=0.922, StdDev=0.027
[2025-10-19 01:17:13] INFO: [Decision] REJECT: Abs=false, AbsMargin=false, RelMargin=false(8.4%), StrongMargin=false(20.0%), Discrim=false, Consist=false
[2025-10-19 01:17:13] INFO: [Recognition] Scores: S00001 - jereme=0.000 S12342 - wyn=0.801 S13234 - Jin_Rae=0.793 
[2025-10-19 01:17:13] INFO: [Decision] Best=S12342 - wyn(0.801), 2nd=0.793, Discriminative=0.682, AvgNeg=0.396
[2025-10-19 01:17:13] INFO: [Thresholds] Abs=0.708, Margin=0.128(16.0%), RelMargin=1.0%, Tightness=0.922, StdDev=0.027
[2025-10-19 01:17:13] INFO: [Decision] REJECT: Abs=true, AbsMargin=false, RelMargin=false(1.0%), StrongMargin=false(20.0%), Discrim=false, Consist=false
[2025-10-19 01:17:13] INFO: [Recognition] Scores: S00001 - jereme=0.000 S12342 - wyn=0.844 S13234 - Jin_Rae=0.739 
[2025-10-19 01:17:13] INFO: [Decision] Best=S12342 - wyn(0.844), 2nd=0.739, Discriminative=0.733, AvgNeg=0.369
[2025-10-19 01:17:13] INFO: [Thresholds] Abs=0.708, Margin=0.128(15.1%), RelMargin=12.5%, Tightness=0.922, StdDev=0.027
[2025-10-19 01:17:13] INFO: [Decision] REJECT: Abs=true, AbsMargin=false, RelMargin=false(12.5%), StrongMargin=false(20.0%), Discrim=true, Consist=false
[2025-10-19 01:17:13] INFO: [Recognition] Scores: S00001 - jereme=0.000 S12342 - wyn=0.756 S13234 - Jin_Rae=0.688 
[2025-10-19 01:17:13] INFO: [Decision] Best=S12342 - wyn(0.756), 2nd=0.688, Discriminative=0.653, AvgNeg=0.344
[2025-10-19 01:17:13] INFO: [Thresholds] Abs=0.708, Margin=0.128(16.9%), RelMargin=9.0%, Tightness=0.922, StdDev=0.027
[2025-10-19 01:17:13] INFO: [Decision] REJECT: Abs=true, AbsMargin=false, RelMargin=false(9.0%), StrongMargin=false(20.0%), Discrim=false, Consist=false
[2025-10-19 01:17:14] INFO: [Recognition] Scores: S00001 - jereme=0.000 S12342 - wyn=0.000 S13234 - Jin_Rae=0.000 
[2025-10-19 01:17:14] INFO: [Decision] Best=S00001 - jereme(0.000), 2nd=0.000, Discriminative=0.000, AvgNeg=0.000
[2025-10-19 01:17:14] INFO: [Thresholds] Abs=0.700, Margin=0.120(Infinity%), RelMargin=0.0%, Tightness=1.000, StdDev=0.000
[2025-10-19 01:17:14] INFO: [Performance] Pre-filter skipped 2/3 persons (66.7% speedup)
[2025-10-19 01:17:14] INFO: [Decision] REJECT: Abs=false, AbsMargin=false, RelMargin=false(0.0%), StrongMargin=false(20.0%), Discrim=false, Consist=false
[2025-10-19 01:17:14] INFO: [Recognition] Scores: S00001 - jereme=0.000 S12342 - wyn=0.000 S13234 - Jin_Rae=0.000 
[2025-10-19 01:17:14] INFO: [Decision] Best=S00001 - jereme(0.000), 2nd=0.000, Discriminative=0.000, AvgNeg=0.000
[2025-10-19 01:17:14] INFO: [Thresholds] Abs=0.700, Margin=0.120(Infinity%), RelMargin=0.0%, Tightness=1.000, StdDev=0.000
[2025-10-19 01:17:14] INFO: [Performance] Pre-filter skipped 2/3 persons (66.7% speedup)
[2025-10-19 01:17:14] INFO: [Decision] REJECT: Abs=false, AbsMargin=false, RelMargin=false(0.0%), StrongMargin=false(20.0%), Discrim=false, Consist=false
[2025-10-19 01:17:14] INFO: [Recognition] Scores: S00001 - jereme=0.000 S12342 - wyn=0.000 S13234 - Jin_Rae=0.000 
[2025-10-19 01:17:14] INFO: [Decision] Best=S00001 - jereme(0.000), 2nd=0.000, Discriminative=0.000, AvgNeg=0.000
[2025-10-19 01:17:14] INFO: [Thresholds] Abs=0.700, Margin=0.120(Infinity%), RelMargin=0.0%, Tightness=1.000, StdDev=0.000
[2025-10-19 01:17:14] INFO: [Performance] Pre-filter skipped 2/3 persons (66.7% speedup)
[2025-10-19 01:17:14] INFO: [Decision] REJECT: Abs=false, AbsMargin=false, RelMargin=false(0.0%), StrongMargin=false(20.0%), Discrim=false, Consist=false
[2025-10-19 01:17:14] INFO: [Recognition] Scores: S00001 - jereme=0.000 S12342 - wyn=0.000 S13234 - Jin_Rae=0.000 
[2025-10-19 01:17:14] INFO: [Decision] Best=S00001 - jereme(0.000), 2nd=0.000, Discriminative=0.000, AvgNeg=0.000
[2025-10-19 01:17:14] INFO: [Thresholds] Abs=0.700, Margin=0.120(Infinity%), RelMargin=0.0%, Tightness=1.000, StdDev=0.000
[2025-10-19 01:17:14] INFO: [Performance] Pre-filter skipped 2/3 persons (66.7% speedup)
[2025-10-19 01:17:14] INFO: [Decision] REJECT: Abs=false, AbsMargin=false, RelMargin=false(0.0%), StrongMargin=false(20.0%), Discrim=false, Consist=false
[2025-10-19 01:17:15] INFO: [Recognition] Scores: S00001 - jereme=0.000 S12342 - wyn=0.761 S13234 - Jin_Rae=0.828 
[2025-10-19 01:17:15] INFO: [Decision] Best=S13234 - Jin_Rae(0.828), 2nd=0.761, Discriminative=0.714, AvgNeg=0.381
[2025-10-19 01:17:15] INFO: [Thresholds] Abs=0.705, Margin=0.125(15.0%), RelMargin=8.0%, Tightness=0.955, StdDev=0.012
[2025-10-19 01:17:15] INFO: [Decision] REJECT: Abs=true, AbsMargin=false, RelMargin=false(8.0%), StrongMargin=false(20.0%), Discrim=true, Consist=false
[2025-10-19 01:17:15] INFO: [Recognition] Scores: S00001 - jereme=0.000 S12342 - wyn=0.630 S13234 - Jin_Rae=0.698 
[2025-10-19 01:17:15] INFO: [Decision] Best=S13234 - Jin_Rae(0.698), 2nd=0.630, Discriminative=0.603, AvgNeg=0.315
[2025-10-19 01:17:15] INFO: [Thresholds] Abs=0.705, Margin=0.125(17.8%), RelMargin=9.7%, Tightness=0.955, StdDev=0.012
[2025-10-19 01:17:15] INFO: [Decision] REJECT: Abs=false, AbsMargin=false, RelMargin=false(9.7%), StrongMargin=false(20.0%), Discrim=false, Consist=false
[2025-10-19 01:17:15] INFO: [Recognition] Scores: S00001 - jereme=0.000 S12342 - wyn=0.757 S13234 - Jin_Rae=0.759 
[2025-10-19 01:17:15] INFO: [Decision] Best=S13234 - Jin_Rae(0.759), 2nd=0.757, Discriminative=0.646, AvgNeg=0.379
[2025-10-19 01:17:15] INFO: [Thresholds] Abs=0.705, Margin=0.125(16.4%), RelMargin=0.3%, Tightness=0.955, StdDev=0.012
[2025-10-19 01:17:15] INFO: [Decision] REJECT: Abs=true, AbsMargin=false, RelMargin=false(0.3%), StrongMargin=false(20.0%), Discrim=false, Consist=false
[2025-10-19 01:17:15] INFO: [Recognition] Scores: S00001 - jereme=0.000 S12342 - wyn=0.723 S13234 - Jin_Rae=0.740 
[2025-10-19 01:17:15] INFO: [Decision] Best=S13234 - Jin_Rae(0.740), 2nd=0.723, Discriminative=0.632, AvgNeg=0.361
[2025-10-19 01:17:15] INFO: [Thresholds] Abs=0.705, Margin=0.125(16.8%), RelMargin=2.3%, Tightness=0.955, StdDev=0.012
[2025-10-19 01:17:15] INFO: [Decision] REJECT: Abs=true, AbsMargin=false, RelMargin=false(2.3%), StrongMargin=false(20.0%), Discrim=false, Consist=false
[2025-10-19 01:17:16] INFO: [Recognition] Scores: S00001 - jereme=0.000 S12342 - wyn=0.743 S13234 - Jin_Rae=0.808 
[2025-10-19 01:17:16] INFO: [Decision] Best=S13234 - Jin_Rae(0.808), 2nd=0.743, Discriminative=0.696, AvgNeg=0.372
[2025-10-19 01:17:16] INFO: [Thresholds] Abs=0.705, Margin=0.125(15.4%), RelMargin=8.0%, Tightness=0.955, StdDev=0.012
[2025-10-19 01:17:16] INFO: [Decision] REJECT: Abs=true, AbsMargin=false, RelMargin=false(8.0%), StrongMargin=false(20.0%), Discrim=false, Consist=false
[2025-10-19 01:17:16] INFO: [Recognition] Scores: S00001 - jereme=0.000 S12342 - wyn=0.729 S13234 - Jin_Rae=0.763 
[2025-10-19 01:17:16] INFO: [Decision] Best=S13234 - Jin_Rae(0.763), 2nd=0.729, Discriminative=0.653, AvgNeg=0.365
[2025-10-19 01:17:16] INFO: [Thresholds] Abs=0.705, Margin=0.125(16.3%), RelMargin=4.4%, Tightness=0.955, StdDev=0.012
[2025-10-19 01:17:16] INFO: [Decision] REJECT: Abs=true, AbsMargin=false, RelMargin=false(4.4%), StrongMargin=false(20.0%), Discrim=false, Consist=false
[2025-10-19 01:17:16] INFO: [Recognition] Scores: S00001 - jereme=0.000 S12342 - wyn=0.731 S13234 - Jin_Rae=0.758 
[2025-10-19 01:17:16] INFO: [Decision] Best=S13234 - Jin_Rae(0.758), 2nd=0.731, Discriminative=0.648, AvgNeg=0.365
[2025-10-19 01:17:16] INFO: [Thresholds] Abs=0.705, Margin=0.125(16.4%), RelMargin=3.6%, Tightness=0.955, StdDev=0.012
[2025-10-19 01:17:16] INFO: [Decision] REJECT: Abs=true, AbsMargin=false, RelMargin=false(3.6%), StrongMargin=false(20.0%), Discrim=false, Consist=false
[2025-10-19 01:17:16] INFO: [Recognition] Scores: S00001 - jereme=0.000 S12342 - wyn=0.690 S13234 - Jin_Rae=0.732 
[2025-10-19 01:17:16] INFO: [Decision] Best=S13234 - Jin_Rae(0.732), 2nd=0.690, Discriminative=0.629, AvgNeg=0.345
[2025-10-19 01:17:16] INFO: [Thresholds] Abs=0.705, Margin=0.125(17.0%), RelMargin=5.8%, Tightness=0.955, StdDev=0.012
[2025-10-19 01:17:16] INFO: [Decision] REJECT: Abs=true, AbsMargin=false, RelMargin=false(5.8%), StrongMargin=false(20.0%), Discrim=false, Consist=false
[2025-10-19 01:17:17] INFO: [Recognition] Scores: S00001 - jereme=0.000 S12342 - wyn=0.671 S13234 - Jin_Rae=0.727 
[2025-10-19 01:17:17] INFO: [Decision] Best=S13234 - Jin_Rae(0.727), 2nd=0.671, Discriminative=0.627, AvgNeg=0.336
[2025-10-19 01:17:17] INFO: [Thresholds] Abs=0.705, Margin=0.125(17.1%), RelMargin=7.7%, Tightness=0.955, StdDev=0.012
[2025-10-19 01:17:17] INFO: [Decision] REJECT: Abs=true, AbsMargin=false, RelMargin=false(7.7%), StrongMargin=false(20.0%), Discrim=false, Consist=false
[2025-10-19 01:17:17] INFO: detection.min_size_px has been changed to 171
[2025-10-19 01:17:17] INFO: detection.min_size_px has been changed to 170
[2025-10-19 01:17:17] INFO: detection.min_size_px has been changed to 169
[2025-10-19 01:17:17] INFO: detection.min_size_px has been changed to 168
[2025-10-19 01:17:17] INFO: detection.min_size_px has been changed to 167
[2025-10-19 01:17:17] INFO: detection.min_size_px has been changed to 166
[2025-10-19 01:17:17] INFO: detection.min_size_px has been changed to 165
[2025-10-19 01:17:17] INFO: detection.min_size_px has been changed to 163
[2025-10-19 01:17:17] INFO: detection.min_size_px has been changed to 162
[2025-10-19 01:17:17] INFO: detection.min_size_px has been changed to 161
[2025-10-19 01:17:17] INFO: detection.min_size_px has been changed to 160
[2025-10-19 01:17:17] INFO: detection.min_size_px has been changed to 158
[2025-10-19 01:17:17] INFO: detection.min_size_px has been changed to 156
[2025-10-19 01:17:17] INFO: detection.min_size_px has been changed to 154
[2025-10-19 01:17:17] INFO: detection.min_size_px has been changed to 152
[2025-10-19 01:17:17] INFO: detection.min_size_px has been changed to 150
[2025-10-19 01:17:17] INFO: detection.min_size_px has been changed to 149
[2025-10-19 01:17:17] INFO: detection.min_size_px has been changed to 148
[2025-10-19 01:17:17] INFO: detection.min_size_px has been changed to 147
[2025-10-19 01:17:17] INFO: detection.min_size_px has been changed to 145
[2025-10-19 01:17:17] INFO: detection.min_size_px has been changed to 144
[2025-10-19 01:17:17] INFO: detection.min_size_px has been changed to 142
[2025-10-19 01:17:17] INFO: detection.min_size_px has been changed to 141
[2025-10-19 01:17:17] INFO: detection.min_size_px has been changed to 140
[2025-10-19 01:17:17] INFO: detection.min_size_px has been changed to 139
[2025-10-19 01:17:17] INFO: detection.min_size_px has been changed to 138
[2025-10-19 01:17:17] INFO: detection.min_size_px has been changed to 136
[2025-10-19 01:17:17] INFO: detection.min_size_px has been changed to 135
[2025-10-19 01:17:17] INFO: detection.min_size_px has been changed to 134
[2025-10-19 01:17:17] INFO: detection.min_size_px has been changed to 133
[2025-10-19 01:17:17] INFO: detection.min_size_px has been changed to 132
[2025-10-19 01:17:17] INFO: detection.min_size_px has been changed to 131
[2025-10-19 01:17:17] INFO: detection.min_size_px has been changed to 129
[2025-10-19 01:17:17] INFO: detection.min_size_px has been changed to 128
[2025-10-19 01:17:17] INFO: detection.min_size_px has been changed to 127
[2025-10-19 01:17:17] INFO: detection.min_size_px has been changed to 126
[2025-10-19 01:17:17] INFO: detection.min_size_px has been changed to 125
[2025-10-19 01:17:17] INFO: detection.min_size_px has been changed to 124
[2025-10-19 01:17:17] INFO: detection.min_size_px has been changed to 123
[2025-10-19 01:17:17] INFO: detection.min_size_px has been changed to 122
[2025-10-19 01:17:17] INFO: detection.min_size_px has been changed to 121
[2025-10-19 01:17:17] INFO: detection.min_size_px has been changed to 120
[2025-10-19 01:17:17] INFO: detection.min_size_px has been changed to 119
[2025-10-19 01:17:17] INFO: detection.min_size_px has been changed to 118
[2025-10-19 01:17:17] INFO: detection.min_size_px has been changed to 117
[2025-10-19 01:17:17] INFO: detection.min_size_px has been changed to 116
[2025-10-19 01:17:17] INFO: detection.min_size_px has been changed to 115
[2025-10-19 01:17:17] INFO: detection.min_size_px has been changed to 114
[2025-10-19 01:17:17] INFO: detection.min_size_px has been changed to 113
[2025-10-19 01:17:17] INFO: detection.min_size_px has been changed to 112
[2025-10-19 01:17:17] INFO: detection.min_size_px has been changed to 111
[2025-10-19 01:17:17] INFO: detection.min_size_px has been changed to 110
[2025-10-19 01:17:17] INFO: detection.min_size_px has been changed to 109
[2025-10-19 01:17:17] INFO: detection.min_size_px has been changed to 108
[2025-10-19 01:17:17] INFO: detection.min_size_px has been changed to 107
[2025-10-19 01:17:17] INFO: detection.min_size_px has been changed to 106
[2025-10-19 01:17:17] INFO: detection.min_size_px has been changed to 105
[2025-10-19 01:17:17] INFO: detection.min_size_px has been changed to 104
[2025-10-19 01:17:17] INFO: detection.min_size_px has been changed to 103
[2025-10-19 01:17:17] INFO: detection.min_size_px has been changed to 102
[2025-10-19 01:17:17] INFO: detection.min_size_px has been changed to 101
[2025-10-19 01:17:17] INFO: detection.min_size_px has been changed to 100
[2025-10-19 01:17:17] INFO: detection.min_size_px has been changed to 99
[2025-10-19 01:17:17] INFO: detection.min_size_px has been changed to 98
[2025-10-19 01:17:17] INFO: detection.min_size_px has been changed to 97
[2025-10-19 01:17:17] INFO: detection.min_size_px has been changed to 95
[2025-10-19 01:17:17] INFO: [Recognition] Scores: S00001 - jereme=0.000 S12342 - wyn=0.758 S13234 - Jin_Rae=0.861 
[2025-10-19 01:17:17] INFO: [Decision] Best=S13234 - Jin_Rae(0.861), 2nd=0.758, Discriminative=0.747, AvgNeg=0.379
[2025-10-19 01:17:17] INFO: [Thresholds] Abs=0.705, Margin=0.125(15.0%), RelMargin=12.0%, Tightness=0.955, StdDev=0.012
[2025-10-19 01:17:17] INFO: [Decision] REJECT: Abs=true, AbsMargin=false, RelMargin=false(12.0%), StrongMargin=false(20.0%), Discrim=true, Consist=false
[2025-10-19 01:17:17] INFO: detection.min_size_px has been changed to 94
[2025-10-19 01:17:17] INFO: detection.min_size_px has been changed to 93
[2025-10-19 01:17:17] INFO: detection.min_size_px has been changed to 92
[2025-10-19 01:17:17] INFO: detection.min_size_px has been changed to 91
[2025-10-19 01:17:17] INFO: detection.min_size_px has been changed to 90
[2025-10-19 01:17:17] INFO: detection.min_size_px has been changed to 89
[2025-10-19 01:17:17] INFO: detection.min_size_px has been changed to 88
[2025-10-19 01:17:17] INFO: detection.min_size_px has been changed to 86
[2025-10-19 01:17:17] INFO: detection.min_size_px has been changed to 85
[2025-10-19 01:17:17] INFO: detection.min_size_px has been changed to 84
[2025-10-19 01:17:17] INFO: detection.min_size_px has been changed to 83
[2025-10-19 01:17:17] INFO: detection.min_size_px has been changed to 82
[2025-10-19 01:17:17] INFO: detection.min_size_px has been changed to 81
[2025-10-19 01:17:17] INFO: detection.min_size_px has been changed to 80
[2025-10-19 01:17:17] INFO: detection.min_size_px has been changed to 79
[2025-10-19 01:17:17] INFO: detection.min_size_px has been changed to 78
[2025-10-19 01:17:17] INFO: detection.min_size_px has been changed to 77
[2025-10-19 01:17:17] INFO: detection.min_size_px has been changed to 76
[2025-10-19 01:17:17] INFO: detection.min_size_px has been changed to 75
[2025-10-19 01:17:17] INFO: detection.min_size_px has been changed to 74
[2025-10-19 01:17:17] INFO: detection.min_size_px has been changed to 73
[2025-10-19 01:17:17] INFO: detection.min_size_px has been changed to 72
[2025-10-19 01:17:17] INFO: detection.min_size_px has been changed to 71
[2025-10-19 01:17:17] INFO: detection.min_size_px has been changed to 70
[2025-10-19 01:17:17] INFO: detection.min_size_px has been changed to 69
[2025-10-19 01:17:17] INFO: detection.min_size_px has been changed to 68
[2025-10-19 01:17:17] INFO: detection.min_size_px has been changed to 67
[2025-10-19 01:17:17] INFO: detection.min_size_px has been changed to 66
[2025-10-19 01:17:17] INFO: detection.min_size_px has been changed to 65
[2025-10-19 01:17:17] INFO: detection.min_size_px has been changed to 64
[2025-10-19 01:17:17] INFO: detection.min_size_px has been changed to 63
[2025-10-19 01:17:17] INFO: detection.min_size_px has been changed to 62
[2025-10-19 01:17:17] INFO: detection.min_size_px has been changed to 61
[2025-10-19 01:17:17] INFO: detection.min_size_px has been changed to 60
[2025-10-19 01:17:17] INFO: detection.min_size_px has been changed to 59
[2025-10-19 01:17:17] INFO: detection.min_size_px has been changed to 58
[2025-10-19 01:17:17] INFO: detection.min_size_px has been changed to 57
[2025-10-19 01:17:17] INFO: [Recognition] Scores: S00001 - jereme=0.000 S12342 - wyn=0.703 S13234 - Jin_Rae=0.768 
[2025-10-19 01:17:17] INFO: [Decision] Best=S13234 - Jin_Rae(0.768), 2nd=0.703, Discriminative=0.663, AvgNeg=0.352
[2025-10-19 01:17:17] INFO: [Thresholds] Abs=0.705, Margin=0.125(16.2%), RelMargin=8.5%, Tightness=0.955, StdDev=0.012
[2025-10-19 01:17:17] INFO: [Decision] REJECT: Abs=true, AbsMargin=false, RelMargin=false(8.5%), StrongMargin=false(20.0%), Discrim=false, Consist=false
[2025-10-19 01:17:18] INFO: [Recognition] Scores: S00001 - jereme=0.000 S12342 - wyn=0.726 S13234 - Jin_Rae=0.788 
[2025-10-19 01:17:18] INFO: [Decision] Best=S13234 - Jin_Rae(0.788), 2nd=0.726, Discriminative=0.680, AvgNeg=0.363
[2025-10-19 01:17:18] INFO: [Thresholds] Abs=0.705, Margin=0.125(15.8%), RelMargin=8.0%, Tightness=0.955, StdDev=0.012
[2025-10-19 01:17:18] INFO: [Decision] REJECT: Abs=true, AbsMargin=false, RelMargin=false(8.0%), StrongMargin=false(20.0%), Discrim=false, Consist=false
[2025-10-19 01:17:18] INFO: [Recognition] Scores: S00001 - jereme=0.000 S12342 - wyn=0.755 S13234 - Jin_Rae=0.805 
[2025-10-19 01:17:18] INFO: [Decision] Best=S13234 - Jin_Rae(0.805), 2nd=0.755, Discriminative=0.691, AvgNeg=0.378
[2025-10-19 01:17:18] INFO: [Thresholds] Abs=0.705, Margin=0.125(15.5%), RelMargin=6.1%, Tightness=0.955, StdDev=0.012
[2025-10-19 01:17:18] INFO: [Decision] REJECT: Abs=true, AbsMargin=false, RelMargin=false(6.1%), StrongMargin=false(20.0%), Discrim=false, Consist=false
[2025-10-19 01:17:18] INFO: detection.min_size_px has been changed to 58
[2025-10-19 01:17:18] INFO: detection.min_size_px has been changed to 59
[2025-10-19 01:17:18] INFO: detection.min_size_px has been changed to 61
[2025-10-19 01:17:18] INFO: detection.min_size_px has been changed to 62
[2025-10-19 01:17:18] INFO: detection.min_size_px has been changed to 64
[2025-10-19 01:17:18] INFO: detection.min_size_px has been changed to 65
[2025-10-19 01:17:18] INFO: detection.min_size_px has been changed to 66
[2025-10-19 01:17:18] INFO: detection.min_size_px has been changed to 67
[2025-10-19 01:17:18] INFO: detection.min_size_px has been changed to 68
[2025-10-19 01:17:18] INFO: detection.min_size_px has been changed to 70
[2025-10-19 01:17:18] INFO: detection.min_size_px has been changed to 71
[2025-10-19 01:17:18] INFO: detection.min_size_px has been changed to 73
[2025-10-19 01:17:18] INFO: detection.min_size_px has been changed to 75
[2025-10-19 01:17:18] INFO: detection.min_size_px has been changed to 77
[2025-10-19 01:17:18] INFO: detection.min_size_px has been changed to 78
[2025-10-19 01:17:18] INFO: detection.min_size_px has been changed to 80
[2025-10-19 01:17:18] INFO: detection.min_size_px has been changed to 81
[2025-10-19 01:17:18] INFO: detection.min_size_px has been changed to 82
[2025-10-19 01:17:18] INFO: detection.min_size_px has been changed to 84
[2025-10-19 01:17:18] INFO: detection.min_size_px has been changed to 86
[2025-10-19 01:17:18] INFO: detection.min_size_px has been changed to 88
[2025-10-19 01:17:18] INFO: detection.min_size_px has been changed to 89
[2025-10-19 01:17:18] INFO: detection.min_size_px has been changed to 91
[2025-10-19 01:17:18] INFO: detection.min_size_px has been changed to 93
[2025-10-19 01:17:18] INFO: detection.min_size_px has been changed to 95
[2025-10-19 01:17:18] INFO: detection.min_size_px has been changed to 96
[2025-10-19 01:17:18] INFO: detection.min_size_px has been changed to 97
[2025-10-19 01:17:18] INFO: detection.min_size_px has been changed to 99
[2025-10-19 01:17:18] INFO: detection.min_size_px has been changed to 100
[2025-10-19 01:17:18] INFO: detection.min_size_px has been changed to 101
[2025-10-19 01:17:18] INFO: detection.min_size_px has been changed to 104
[2025-10-19 01:17:18] INFO: detection.min_size_px has been changed to 106
[2025-10-19 01:17:18] INFO: detection.min_size_px has been changed to 107
[2025-10-19 01:17:18] INFO: detection.min_size_px has been changed to 108
[2025-10-19 01:17:18] INFO: detection.min_size_px has been changed to 109
[2025-10-19 01:17:18] INFO: detection.min_size_px has been changed to 110
[2025-10-19 01:17:18] INFO: detection.min_size_px has been changed to 111
[2025-10-19 01:17:18] INFO: detection.min_size_px has been changed to 112
[2025-10-19 01:17:18] INFO: detection.min_size_px has been changed to 113
[2025-10-19 01:17:18] INFO: detection.min_size_px has been changed to 115
[2025-10-19 01:17:18] INFO: detection.min_size_px has been changed to 116
[2025-10-19 01:17:18] INFO: detection.min_size_px has been changed to 118
[2025-10-19 01:17:18] INFO: [Recognition] Scores: S00001 - jereme=0.000 S12342 - wyn=0.790 S13234 - Jin_Rae=0.825 
[2025-10-19 01:17:18] INFO: [Decision] Best=S13234 - Jin_Rae(0.825), 2nd=0.790, Discriminative=0.707, AvgNeg=0.395
[2025-10-19 01:17:18] INFO: [Thresholds] Abs=0.705, Margin=0.125(15.1%), RelMargin=4.3%, Tightness=0.955, StdDev=0.012
[2025-10-19 01:17:18] INFO: [Decision] REJECT: Abs=true, AbsMargin=false, RelMargin=false(4.3%), StrongMargin=false(20.0%), Discrim=true, Consist=false
[2025-10-19 01:17:18] INFO: detection.min_size_px has been changed to 120
[2025-10-19 01:17:18] INFO: detection.min_size_px has been changed to 122
[2025-10-19 01:17:18] INFO: detection.min_size_px has been changed to 124
[2025-10-19 01:17:18] INFO: detection.min_size_px has been changed to 125
[2025-10-19 01:17:18] INFO: detection.min_size_px has been changed to 126
[2025-10-19 01:17:18] INFO: detection.min_size_px has been changed to 127
[2025-10-19 01:17:18] INFO: detection.min_size_px has been changed to 129
[2025-10-19 01:17:18] INFO: detection.min_size_px has been changed to 130
[2025-10-19 01:17:18] INFO: detection.min_size_px has been changed to 131
[2025-10-19 01:17:18] INFO: detection.min_size_px has been changed to 132
[2025-10-19 01:17:18] INFO: detection.min_size_px has been changed to 133
[2025-10-19 01:17:18] INFO: detection.min_size_px has been changed to 134
[2025-10-19 01:17:18] INFO: detection.min_size_px has been changed to 136
[2025-10-19 01:17:18] INFO: detection.min_size_px has been changed to 137
[2025-10-19 01:17:18] INFO: detection.min_size_px has been changed to 138
[2025-10-19 01:17:18] INFO: detection.min_size_px has been changed to 139
[2025-10-19 01:17:18] INFO: detection.min_size_px has been changed to 140
[2025-10-19 01:17:18] INFO: detection.min_size_px has been changed to 141
[2025-10-19 01:17:18] INFO: detection.min_size_px has been changed to 142
[2025-10-19 01:17:18] INFO: detection.min_size_px has been changed to 143
[2025-10-19 01:17:18] INFO: detection.min_size_px has been changed to 144
[2025-10-19 01:17:18] INFO: detection.min_size_px has been changed to 145
[2025-10-19 01:17:18] INFO: detection.min_size_px has been changed to 146
[2025-10-19 01:17:18] INFO: detection.min_size_px has been changed to 147
[2025-10-19 01:17:18] INFO: detection.min_size_px has been changed to 148
[2025-10-19 01:17:18] INFO: detection.min_size_px has been changed to 149
[2025-10-19 01:17:18] INFO: detection.min_size_px has been changed to 150
[2025-10-19 01:17:18] INFO: detection.min_size_px has been changed to 151
[2025-10-19 01:17:18] INFO: detection.min_size_px has been changed to 152
[2025-10-19 01:17:18] INFO: detection.min_size_px has been changed to 154
[2025-10-19 01:17:18] INFO: detection.min_size_px has been changed to 156
[2025-10-19 01:17:18] INFO: detection.min_size_px has been changed to 157
[2025-10-19 01:17:18] INFO: detection.min_size_px has been changed to 158
[2025-10-19 01:17:18] INFO: detection.min_size_px has been changed to 159
[2025-10-19 01:17:18] INFO: detection.min_size_px has been changed to 160
[2025-10-19 01:17:18] INFO: detection.min_size_px has been changed to 161
[2025-10-19 01:17:18] INFO: detection.min_size_px has been changed to 162
[2025-10-19 01:17:18] INFO: detection.min_size_px has been changed to 163
[2025-10-19 01:17:18] INFO: detection.min_size_px has been changed to 164
[2025-10-19 01:17:18] INFO: detection.min_size_px has been changed to 165
[2025-10-19 01:17:18] INFO: detection.min_size_px has been changed to 166
[2025-10-19 01:17:18] INFO: detection.min_size_px has been changed to 167
[2025-10-19 01:17:18] INFO: [Recognition] Scores: S00001 - jereme=0.000 S12342 - wyn=0.755 S13234 - Jin_Rae=0.780 
[2025-10-19 01:17:18] INFO: [Decision] Best=S13234 - Jin_Rae(0.780), 2nd=0.755, Discriminative=0.667, AvgNeg=0.377
[2025-10-19 01:17:18] INFO: [Thresholds] Abs=0.705, Margin=0.125(16.0%), RelMargin=3.2%, Tightness=0.955, StdDev=0.012
[2025-10-19 01:17:18] INFO: [Decision] REJECT: Abs=true, AbsMargin=false, RelMargin=false(3.2%), StrongMargin=false(20.0%), Discrim=false, Consist=false
[2025-10-19 01:17:18] INFO: detection.min_size_px has been changed to 168
[2025-10-19 01:17:18] INFO: detection.min_size_px has been changed to 169
[2025-10-19 01:17:18] INFO: detection.min_size_px has been changed to 170
[2025-10-19 01:17:18] INFO: detection.min_size_px has been changed to 171
[2025-10-19 01:17:18] INFO: detection.min_size_px has been changed to 172
[2025-10-19 01:17:18] INFO: detection.min_size_px has been changed to 173
[2025-10-19 01:17:18] INFO: detection.min_size_px has been changed to 174
[2025-10-19 01:17:18] INFO: detection.min_size_px has been changed to 176
[2025-10-19 01:17:18] INFO: detection.min_size_px has been changed to 178
[2025-10-19 01:17:18] INFO: detection.min_size_px has been changed to 179
[2025-10-19 01:17:18] INFO: detection.min_size_px has been changed to 181
[2025-10-19 01:17:18] INFO: detection.min_size_px has been changed to 182
[2025-10-19 01:17:18] INFO: detection.min_size_px has been changed to 183
[2025-10-19 01:17:18] INFO: detection.min_size_px has been changed to 185
[2025-10-19 01:17:18] INFO: detection.min_size_px has been changed to 186
[2025-10-19 01:17:18] INFO: detection.min_size_px has been changed to 187
[2025-10-19 01:17:18] INFO: detection.min_size_px has been changed to 188
[2025-10-19 01:17:18] INFO: detection.min_size_px has been changed to 189
[2025-10-19 01:17:19] INFO: detection.min_size_px has been changed to 190
[2025-10-19 01:17:19] INFO: detection.min_size_px has been changed to 192
[2025-10-19 01:17:19] INFO: detection.min_size_px has been changed to 193
[2025-10-19 01:17:19] INFO: detection.min_size_px has been changed to 194
[2025-10-19 01:17:19] INFO: detection.min_size_px has been changed to 195
[2025-10-19 01:17:19] INFO: detection.min_size_px has been changed to 196
[2025-10-19 01:17:19] INFO: detection.min_size_px has been changed to 197
[2025-10-19 01:17:19] INFO: [Recognition] Scores: S00001 - jereme=0.000 S12342 - wyn=0.727 S13234 - Jin_Rae=0.738 
[2025-10-19 01:17:19] INFO: [Decision] Best=S13234 - Jin_Rae(0.738), 2nd=0.727, Discriminative=0.629, AvgNeg=0.363
[2025-10-19 01:17:19] INFO: [Thresholds] Abs=0.705, Margin=0.125(16.9%), RelMargin=1.6%, Tightness=0.955, StdDev=0.012
[2025-10-19 01:17:19] INFO: [Decision] REJECT: Abs=true, AbsMargin=false, RelMargin=false(1.6%), StrongMargin=false(20.0%), Discrim=false, Consist=false
[2025-10-19 01:17:19] INFO: detection.min_size_px has been changed to 198
[2025-10-19 01:17:19] INFO: detection.min_size_px has been changed to 199
[2025-10-19 01:17:19] INFO: detection.min_size_px has been changed to 200
[2025-10-19 01:17:19] INFO: [Recognition] Scores: S00001 - jereme=0.000 S12342 - wyn=0.741 S13234 - Jin_Rae=0.742 
[2025-10-19 01:17:19] INFO: [Decision] Best=S13234 - Jin_Rae(0.742), 2nd=0.741, Discriminative=0.631, AvgNeg=0.371
[2025-10-19 01:17:19] INFO: [Thresholds] Abs=0.705, Margin=0.125(16.8%), RelMargin=0.2%, Tightness=0.955, StdDev=0.012
[2025-10-19 01:17:19] INFO: [Decision] REJECT: Abs=true, AbsMargin=false, RelMargin=false(0.2%), StrongMargin=false(20.0%), Discrim=false, Consist=false
[2025-10-19 01:17:19] INFO: detection.min_size_px has been changed to 199
[2025-10-19 01:17:19] INFO: detection.min_size_px has been changed to 197
[2025-10-19 01:17:19] INFO: detection.min_size_px has been changed to 196
[2025-10-19 01:17:19] INFO: detection.min_size_px has been changed to 195
[2025-10-19 01:17:19] INFO: detection.min_size_px has been changed to 194
[2025-10-19 01:17:19] INFO: detection.min_size_px has been changed to 192
[2025-10-19 01:17:19] INFO: detection.min_size_px has been changed to 191
[2025-10-19 01:17:19] INFO: detection.min_size_px has been changed to 190
[2025-10-19 01:17:19] INFO: detection.min_size_px has been changed to 188
[2025-10-19 01:17:19] INFO: detection.min_size_px has been changed to 185
[2025-10-19 01:17:19] INFO: detection.min_size_px has been changed to 183
[2025-10-19 01:17:19] INFO: detection.min_size_px has been changed to 180
[2025-10-19 01:17:19] INFO: detection.min_size_px has been changed to 178
[2025-10-19 01:17:19] INFO: detection.min_size_px has been changed to 176
[2025-10-19 01:17:19] INFO: detection.min_size_px has been changed to 173
[2025-10-19 01:17:19] INFO: detection.min_size_px has been changed to 171
[2025-10-19 01:17:19] INFO: detection.min_size_px has been changed to 169
[2025-10-19 01:17:19] INFO: detection.min_size_px has been changed to 167
[2025-10-19 01:17:19] INFO: detection.min_size_px has been changed to 165
[2025-10-19 01:17:19] INFO: detection.min_size_px has been changed to 162
[2025-10-19 01:17:19] INFO: detection.min_size_px has been changed to 160
[2025-10-19 01:17:19] INFO: detection.min_size_px has been changed to 159
[2025-10-19 01:17:19] INFO: detection.min_size_px has been changed to 157
[2025-10-19 01:17:19] INFO: detection.min_size_px has been changed to 154
[2025-10-19 01:17:19] INFO: detection.min_size_px has been changed to 152
[2025-10-19 01:17:19] INFO: detection.min_size_px has been changed to 151
[2025-10-19 01:17:19] INFO: detection.min_size_px has been changed to 149
[2025-10-19 01:17:19] INFO: detection.min_size_px has been changed to 148
[2025-10-19 01:17:19] INFO: detection.min_size_px has been changed to 147
[2025-10-19 01:17:19] INFO: detection.min_size_px has been changed to 145
[2025-10-19 01:17:19] INFO: detection.min_size_px has been changed to 144
[2025-10-19 01:17:19] INFO: detection.min_size_px has been changed to 143
[2025-10-19 01:17:19] INFO: detection.min_size_px has been changed to 142
[2025-10-19 01:17:19] INFO: detection.min_size_px has been changed to 141
[2025-10-19 01:17:19] INFO: [Recognition] Scores: S00001 - jereme=0.000 S12342 - wyn=0.787 S13234 - Jin_Rae=0.739 
[2025-10-19 01:17:19] INFO: [Decision] Best=S12342 - wyn(0.787), 2nd=0.739, Discriminative=0.677, AvgNeg=0.369
[2025-10-19 01:17:19] INFO: [Thresholds] Abs=0.708, Margin=0.128(16.2%), RelMargin=6.2%, Tightness=0.922, StdDev=0.027
[2025-10-19 01:17:19] INFO: [Decision] REJECT: Abs=true, AbsMargin=false, RelMargin=false(6.2%), StrongMargin=false(20.0%), Discrim=false, Consist=false
[2025-10-19 01:17:19] INFO: [Recognition] Scores: S00001 - jereme=0.000 S12342 - wyn=0.811 S13234 - Jin_Rae=0.708 
[2025-10-19 01:17:19] INFO: [Decision] Best=S12342 - wyn(0.811), 2nd=0.708, Discriminative=0.705, AvgNeg=0.354
[2025-10-19 01:17:19] INFO: [Thresholds] Abs=0.708, Margin=0.128(15.8%), RelMargin=12.7%, Tightness=0.922, StdDev=0.027
[2025-10-19 01:17:19] INFO: [Decision] REJECT: Abs=true, AbsMargin=false, RelMargin=false(12.7%), StrongMargin=false(20.0%), Discrim=false, Consist=false
[2025-10-19 01:17:19] INFO: detection.min_size_px has been changed to 142
[2025-10-19 01:17:19] INFO: detection.min_size_px has been changed to 143
[2025-10-19 01:17:19] INFO: detection.min_size_px has been changed to 144
[2025-10-19 01:17:19] INFO: detection.min_size_px has been changed to 145
[2025-10-19 01:17:19] INFO: detection.min_size_px has been changed to 146
[2025-10-19 01:17:19] INFO: detection.min_size_px has been changed to 147
[2025-10-19 01:17:19] INFO: detection.min_size_px has been changed to 147
[2025-10-19 01:17:19] INFO: [Recognition] Scores: S00001 - jereme=0.000 S12342 - wyn=0.806 S13234 - Jin_Rae=0.691 
[2025-10-19 01:17:19] INFO: [Decision] Best=S12342 - wyn(0.806), 2nd=0.691, Discriminative=0.703, AvgNeg=0.345
[2025-10-19 01:17:19] INFO: [Thresholds] Abs=0.708, Margin=0.128(15.8%), RelMargin=14.3%, Tightness=0.922, StdDev=0.027
[2025-10-19 01:17:19] INFO: [Decision] REJECT: Abs=true, AbsMargin=false, RelMargin=false(14.3%), StrongMargin=false(20.0%), Discrim=false, Consist=false
[2025-10-19 01:17:20] INFO: [Recognition] Scores: S00001 - jereme=0.000 S12342 - wyn=0.828 S13234 - Jin_Rae=0.713 
[2025-10-19 01:17:20] INFO: [Decision] Best=S12342 - wyn(0.828), 2nd=0.713, Discriminative=0.721, AvgNeg=0.356
[2025-10-19 01:17:20] INFO: [Thresholds] Abs=0.708, Margin=0.128(15.4%), RelMargin=13.9%, Tightness=0.922, StdDev=0.027
[2025-10-19 01:17:20] INFO: [Decision] REJECT: Abs=true, AbsMargin=false, RelMargin=false(13.9%), StrongMargin=false(20.0%), Discrim=true, Consist=false
[2025-10-19 01:17:20] INFO: detection.min.neighbors has been changed to 8
[2025-10-19 01:17:20] INFO: [Recognition] Scores: S00001 - jereme=0.000 S12342 - wyn=0.813 S13234 - Jin_Rae=0.668 
[2025-10-19 01:17:20] INFO: [Decision] Best=S12342 - wyn(0.813), 2nd=0.668, Discriminative=0.713, AvgNeg=0.334
[2025-10-19 01:17:20] INFO: [Thresholds] Abs=0.708, Margin=0.128(15.7%), RelMargin=17.8%, Tightness=0.922, StdDev=0.027
[2025-10-19 01:17:20] INFO: [Decision] ACCEPT: Tier 2 - Absolute + Margin
[2025-10-19 01:17:20] INFO: detection.min.neighbors has been changed to 7
[2025-10-19 01:17:20] INFO: detection.min.neighbors has been changed to 6
[2025-10-19 01:17:20] INFO: [Recognition] Scores: S00001 - jereme=0.000 S12342 - wyn=0.817 S13234 - Jin_Rae=0.671 
[2025-10-19 01:17:20] INFO: [Decision] Best=S12342 - wyn(0.817), 2nd=0.671, Discriminative=0.717, AvgNeg=0.335
[2025-10-19 01:17:20] INFO: [Thresholds] Abs=0.708, Margin=0.128(15.6%), RelMargin=17.9%, Tightness=0.922, StdDev=0.027
[2025-10-19 01:17:20] INFO: [Decision] ACCEPT: Tier 2 - Absolute + Margin
[2025-10-19 01:17:20] INFO: [Recognition] Scores: S00001 - jereme=0.000 S12342 - wyn=0.848 S13234 - Jin_Rae=0.752 
[2025-10-19 01:17:20] INFO: [Decision] Best=S12342 - wyn(0.848), 2nd=0.752, Discriminative=0.735, AvgNeg=0.376
[2025-10-19 01:17:20] INFO: [Thresholds] Abs=0.708, Margin=0.128(15.1%), RelMargin=11.4%, Tightness=0.922, StdDev=0.027
[2025-10-19 01:17:20] INFO: [Decision] REJECT: Abs=true, AbsMargin=false, RelMargin=false(11.4%), StrongMargin=false(20.0%), Discrim=true, Consist=false
[2025-10-19 01:17:21] INFO: [Recognition] Scores: S00001 - jereme=0.000 S12342 - wyn=0.825 S13234 - Jin_Rae=0.688 
[2025-10-19 01:17:21] INFO: [Decision] Best=S12342 - wyn(0.825), 2nd=0.688, Discriminative=0.722, AvgNeg=0.344
[2025-10-19 01:17:21] INFO: [Thresholds] Abs=0.708, Margin=0.128(15.5%), RelMargin=16.6%, Tightness=0.922, StdDev=0.027
[2025-10-19 01:17:21] INFO: [Decision] ACCEPT: Tier 2 - Absolute + Margin
[2025-10-19 01:17:21] INFO: detection.min.neighbors has been changed to 7
[2025-10-19 01:17:21] INFO: [Recognition] Scores: S00001 - jereme=0.000 S12342 - wyn=0.855 S13234 - Jin_Rae=0.775 
[2025-10-19 01:17:21] INFO: [Decision] Best=S12342 - wyn(0.855), 2nd=0.775, Discriminative=0.739, AvgNeg=0.387
[2025-10-19 01:17:21] INFO: [Thresholds] Abs=0.708, Margin=0.128(15.0%), RelMargin=9.4%, Tightness=0.922, StdDev=0.027
[2025-10-19 01:17:21] INFO: [Decision] REJECT: Abs=true, AbsMargin=false, RelMargin=false(9.4%), StrongMargin=false(20.0%), Discrim=true, Consist=false
[2025-10-19 01:17:21] INFO: [Recognition] Scores: S00001 - jereme=0.000 S12342 - wyn=0.830 S13234 - Jin_Rae=0.700 
[2025-10-19 01:17:21] INFO: [Decision] Best=S12342 - wyn(0.830), 2nd=0.700, Discriminative=0.725, AvgNeg=0.350
[2025-10-19 01:17:21] INFO: [Thresholds] Abs=0.708, Margin=0.128(15.4%), RelMargin=15.7%, Tightness=0.922, StdDev=0.027
[2025-10-19 01:17:21] INFO: [Decision] ACCEPT: Tier 2 - Absolute + Margin
[2025-10-19 01:17:21] INFO: [Recognition] Scores: S00001 - jereme=0.000 S12342 - wyn=0.833 S13234 - Jin_Rae=0.703 
[2025-10-19 01:17:21] INFO: [Decision] Best=S12342 - wyn(0.833), 2nd=0.703, Discriminative=0.728, AvgNeg=0.352
[2025-10-19 01:17:21] INFO: [Thresholds] Abs=0.708, Margin=0.128(15.3%), RelMargin=15.6%, Tightness=0.922, StdDev=0.027
[2025-10-19 01:17:21] INFO: [Decision] ACCEPT: Tier 2 - Absolute + Margin
[2025-10-19 01:17:22] INFO: detection.min.neighbors has been changed to 6
[2025-10-19 01:17:22] INFO: [Recognition] Scores: S00001 - jereme=0.000 S12342 - wyn=0.849 S13234 - Jin_Rae=0.737 
[2025-10-19 01:17:22] INFO: [Decision] Best=S12342 - wyn(0.849), 2nd=0.737, Discriminative=0.739, AvgNeg=0.369
[2025-10-19 01:17:22] INFO: [Thresholds] Abs=0.708, Margin=0.128(15.0%), RelMargin=13.2%, Tightness=0.922, StdDev=0.027
[2025-10-19 01:17:22] INFO: [Decision] REJECT: Weak consistency or margin (5 frames, 13.2% margin)
[2025-10-19 01:17:22] INFO: detection.min.neighbors has been changed to 5
[2025-10-19 01:17:22] INFO: [Recognition] Scores: S00001 - jereme=0.000 S12342 - wyn=0.832 S13234 - Jin_Rae=0.712 
[2025-10-19 01:17:22] INFO: [Decision] Best=S12342 - wyn(0.832), 2nd=0.712, Discriminative=0.726, AvgNeg=0.356
[2025-10-19 01:17:22] INFO: [Thresholds] Abs=0.708, Margin=0.128(15.4%), RelMargin=14.5%, Tightness=0.922, StdDev=0.027
[2025-10-19 01:17:22] INFO: [Decision] REJECT: Weak consistency or margin (5 frames, 14.5% margin)
[2025-10-19 01:17:22] INFO: [Recognition] Scores: S00001 - jereme=0.000 S12342 - wyn=0.847 S13234 - Jin_Rae=0.746 
[2025-10-19 01:17:22] INFO: [Decision] Best=S12342 - wyn(0.847), 2nd=0.746, Discriminative=0.735, AvgNeg=0.373
[2025-10-19 01:17:22] INFO: [Thresholds] Abs=0.708, Margin=0.128(15.1%), RelMargin=11.9%, Tightness=0.922, StdDev=0.027
[2025-10-19 01:17:22] INFO: [Decision] REJECT: Abs=true, AbsMargin=false, RelMargin=false(11.9%), StrongMargin=false(20.0%), Discrim=true, Consist=false
[2025-10-19 01:17:22] INFO: detection.min.neighbors has been changed to 6
[2025-10-19 01:17:22] INFO: detection.min.neighbors has been changed to 7
[2025-10-19 01:17:22] INFO: [Recognition] Scores: S00001 - jereme=0.000 S12342 - wyn=0.829 S13234 - Jin_Rae=0.703 
[2025-10-19 01:17:22] INFO: [Decision] Best=S12342 - wyn(0.829), 2nd=0.703, Discriminative=0.724, AvgNeg=0.351
[2025-10-19 01:17:22] INFO: [Thresholds] Abs=0.708, Margin=0.128(15.4%), RelMargin=15.2%, Tightness=0.922, StdDev=0.027
[2025-10-19 01:17:22] INFO: [Decision] REJECT: Abs=true, AbsMargin=false, RelMargin=false(15.2%), StrongMargin=false(20.0%), Discrim=true, Consist=false
[2025-10-19 01:17:23] INFO: detection.min.neighbors has been changed to 8
[2025-10-19 01:17:23] INFO: [Recognition] Scores: S00001 - jereme=0.000 S12342 - wyn=0.833 S13234 - Jin_Rae=0.751 
[2025-10-19 01:17:23] INFO: [Decision] Best=S12342 - wyn(0.833), 2nd=0.751, Discriminative=0.720, AvgNeg=0.376
[2025-10-19 01:17:23] INFO: [Thresholds] Abs=0.708, Margin=0.128(15.3%), RelMargin=9.8%, Tightness=0.922, StdDev=0.027
[2025-10-19 01:17:23] INFO: [Decision] REJECT: Abs=true, AbsMargin=false, RelMargin=false(9.8%), StrongMargin=false(20.0%), Discrim=true, Consist=false
[2025-10-19 01:17:23] INFO: [Recognition] Scores: S00001 - jereme=0.000 S12342 - wyn=0.830 S13234 - Jin_Rae=0.729 
[2025-10-19 01:17:23] INFO: [Decision] Best=S12342 - wyn(0.830), 2nd=0.729, Discriminative=0.721, AvgNeg=0.365
[2025-10-19 01:17:23] INFO: [Thresholds] Abs=0.708, Margin=0.128(15.4%), RelMargin=12.2%, Tightness=0.922, StdDev=0.027
[2025-10-19 01:17:23] INFO: [Decision] REJECT: Abs=true, AbsMargin=false, RelMargin=false(12.2%), StrongMargin=false(20.0%), Discrim=true, Consist=false
[2025-10-19 01:17:23] INFO: [Recognition] Scores: S00001 - jereme=0.000 S12342 - wyn=0.830 S13234 - Jin_Rae=0.712 
[2025-10-19 01:17:23] INFO: [Decision] Best=S12342 - wyn(0.830), 2nd=0.712, Discriminative=0.723, AvgNeg=0.356
[2025-10-19 01:17:23] INFO: [Thresholds] Abs=0.708, Margin=0.128(15.4%), RelMargin=14.2%, Tightness=0.922, StdDev=0.027
[2025-10-19 01:17:23] INFO: [Decision] REJECT: Abs=true, AbsMargin=false, RelMargin=false(14.2%), StrongMargin=false(20.0%), Discrim=true, Consist=false
[2025-10-19 01:17:23] INFO: detection.min.neighbors has been changed to 8
[2025-10-19 01:17:23] INFO: [Recognition] Scores: S00001 - jereme=0.000 S12342 - wyn=0.824 S13234 - Jin_Rae=0.701 
[2025-10-19 01:17:23] INFO: [Decision] Best=S12342 - wyn(0.824), 2nd=0.701, Discriminative=0.719, AvgNeg=0.350
[2025-10-19 01:17:23] INFO: [Thresholds] Abs=0.708, Margin=0.128(15.5%), RelMargin=15.0%, Tightness=0.922, StdDev=0.027
[2025-10-19 01:17:23] INFO: [Decision] REJECT: Abs=true, AbsMargin=false, RelMargin=false(15.0%), StrongMargin=false(20.0%), Discrim=true, Consist=false
[2025-10-19 01:17:24] INFO: [Recognition] Scores: S00001 - jereme=0.000 S12342 - wyn=0.824 S13234 - Jin_Rae=0.704 
[2025-10-19 01:17:24] INFO: [Decision] Best=S12342 - wyn(0.824), 2nd=0.704, Discriminative=0.718, AvgNeg=0.352
[2025-10-19 01:17:24] INFO: [Thresholds] Abs=0.708, Margin=0.128(15.5%), RelMargin=14.6%, Tightness=0.922, StdDev=0.027
[2025-10-19 01:17:24] INFO: [Decision] REJECT: Abs=true, AbsMargin=false, RelMargin=false(14.6%), StrongMargin=false(20.0%), Discrim=true, Consist=false
[2025-10-19 01:17:24] INFO: detection.scale_factor has been changed to 1.03
[2025-10-19 01:17:24] INFO: detection.scale_factor has been changed to 1.04
[2025-10-19 01:17:24] INFO: [Recognition] Scores: S00001 - jereme=0.000 S12342 - wyn=0.829 S13234 - Jin_Rae=0.773 
[2025-10-19 01:17:24] INFO: [Decision] Best=S12342 - wyn(0.829), 2nd=0.773, Discriminative=0.713, AvgNeg=0.386
[2025-10-19 01:17:24] INFO: [Thresholds] Abs=0.708, Margin=0.128(15.4%), RelMargin=6.8%, Tightness=0.922, StdDev=0.027
[2025-10-19 01:17:24] INFO: [Decision] REJECT: Abs=true, AbsMargin=false, RelMargin=false(6.8%), StrongMargin=false(20.0%), Discrim=true, Consist=false
[2025-10-19 01:17:24] INFO: [Recognition] Scores: S00001 - jereme=0.000 S12342 - wyn=0.813 S13234 - Jin_Rae=0.696 
[2025-10-19 01:17:24] INFO: [Decision] Best=S12342 - wyn(0.813), 2nd=0.696, Discriminative=0.709, AvgNeg=0.348
[2025-10-19 01:17:24] INFO: [Thresholds] Abs=0.708, Margin=0.128(15.7%), RelMargin=14.5%, Tightness=0.922, StdDev=0.027
[2025-10-19 01:17:24] INFO: [Decision] REJECT: Abs=true, AbsMargin=false, RelMargin=false(14.5%), StrongMargin=false(20.0%), Discrim=true, Consist=false
[2025-10-19 01:17:24] INFO: [Recognition] Scores: S00001 - jereme=0.000 S12342 - wyn=0.808 S13234 - Jin_Rae=0.700 
[2025-10-19 01:17:24] INFO: [Decision] Best=S12342 - wyn(0.808), 2nd=0.700, Discriminative=0.703, AvgNeg=0.350
[2025-10-19 01:17:24] INFO: [Thresholds] Abs=0.708, Margin=0.128(15.8%), RelMargin=13.4%, Tightness=0.922, StdDev=0.027
[2025-10-19 01:17:24] INFO: [Decision] REJECT: Abs=true, AbsMargin=false, RelMargin=false(13.4%), StrongMargin=false(20.0%), Discrim=false, Consist=false
[2025-10-19 01:17:24] INFO: detection.scale_factor has been changed to 1.04
[2025-10-19 01:17:25] INFO: [Recognition] Scores: S00001 - jereme=0.000 S12342 - wyn=0.807 S13234 - Jin_Rae=0.696 
[2025-10-19 01:17:25] INFO: [Decision] Best=S12342 - wyn(0.807), 2nd=0.696, Discriminative=0.703, AvgNeg=0.348
[2025-10-19 01:17:25] INFO: [Thresholds] Abs=0.708, Margin=0.128(15.8%), RelMargin=13.7%, Tightness=0.922, StdDev=0.027
[2025-10-19 01:17:25] INFO: [Decision] REJECT: Abs=true, AbsMargin=false, RelMargin=false(13.7%), StrongMargin=false(20.0%), Discrim=false, Consist=false
[2025-10-19 01:17:25] INFO: [Recognition] Scores: S00001 - jereme=0.000 S12342 - wyn=0.845 S13234 - Jin_Rae=0.743 
[2025-10-19 01:17:25] INFO: [Decision] Best=S12342 - wyn(0.845), 2nd=0.743, Discriminative=0.734, AvgNeg=0.371
[2025-10-19 01:17:25] INFO: [Thresholds] Abs=0.708, Margin=0.128(15.1%), RelMargin=12.2%, Tightness=0.922, StdDev=0.027
[2025-10-19 01:17:25] INFO: [Decision] REJECT: Abs=true, AbsMargin=false, RelMargin=false(12.2%), StrongMargin=false(20.0%), Discrim=true, Consist=false
[2025-10-19 01:17:25] INFO: detection.scale_factor has been changed to 1.04
[2025-10-19 01:17:25] INFO: detection.scale_factor has been changed to 1.05
[2025-10-19 01:17:25] INFO: detection.scale_factor has been changed to 1.06
[2025-10-19 01:17:25] INFO: detection.scale_factor has been changed to 1.07
[2025-10-19 01:17:25] INFO: detection.scale_factor has been changed to 1.08
[2025-10-19 01:17:25] INFO: detection.scale_factor has been changed to 1.09
[2025-10-19 01:17:25] INFO: detection.scale_factor has been changed to 1.1
[2025-10-19 01:17:25] INFO: detection.scale_factor has been changed to 1.11
[2025-10-19 01:17:25] INFO: detection.scale_factor has been changed to 1.12
[2025-10-19 01:17:25] INFO: detection.scale_factor has been changed to 1.13
[2025-10-19 01:17:25] INFO: detection.scale_factor has been changed to 1.14
[2025-10-19 01:17:25] INFO: detection.scale_factor has been changed to 1.15
[2025-10-19 01:17:25] INFO: [Recognition] Scores: S00001 - jereme=0.000 S12342 - wyn=0.849 S13234 - Jin_Rae=0.755 
[2025-10-19 01:17:25] INFO: [Decision] Best=S12342 - wyn(0.849), 2nd=0.755, Discriminative=0.736, AvgNeg=0.378
[2025-10-19 01:17:25] INFO: [Thresholds] Abs=0.708, Margin=0.128(15.1%), RelMargin=11.1%, Tightness=0.922, StdDev=0.027
[2025-10-19 01:17:25] INFO: [Decision] REJECT: Abs=true, AbsMargin=false, RelMargin=false(11.1%), StrongMargin=false(20.0%), Discrim=true, Consist=false
[2025-10-19 01:17:25] INFO: detection.scale_factor has been changed to 1.16
[2025-10-19 01:17:25] INFO: detection.scale_factor has been changed to 1.17
[2025-10-19 01:17:25] INFO: detection.scale_factor has been changed to 1.18
[2025-10-19 01:17:25] INFO: detection.scale_factor has been changed to 1.19
[2025-10-19 01:17:25] INFO: detection.scale_factor has been changed to 1.2
[2025-10-19 01:17:25] INFO: detection.scale_factor has been changed to 1.21
[2025-10-19 01:17:25] INFO: detection.scale_factor has been changed to 1.22
[2025-10-19 01:17:25] INFO: detection.scale_factor has been changed to 1.23
[2025-10-19 01:17:25] INFO: detection.scale_factor has been changed to 1.24
[2025-10-19 01:17:25] INFO: detection.scale_factor has been changed to 1.25
[2025-10-19 01:17:25] INFO: detection.scale_factor has been changed to 1.26
[2025-10-19 01:17:25] INFO: detection.scale_factor has been changed to 1.27
[2025-10-19 01:17:25] INFO: detection.scale_factor has been changed to 1.28
[2025-10-19 01:17:25] INFO: detection.scale_factor has been changed to 1.29
[2025-10-19 01:17:25] INFO: detection.scale_factor has been changed to 1.3
[2025-10-19 01:17:25] INFO: [Recognition] Scores: S00001 - jereme=0.000 S12342 - wyn=0.828 S13234 - Jin_Rae=0.714 
[2025-10-19 01:17:25] INFO: [Decision] Best=S12342 - wyn(0.828), 2nd=0.714, Discriminative=0.721, AvgNeg=0.357
[2025-10-19 01:17:25] INFO: [Thresholds] Abs=0.708, Margin=0.128(15.4%), RelMargin=13.7%, Tightness=0.922, StdDev=0.027
[2025-10-19 01:17:25] INFO: [Decision] REJECT: Abs=true, AbsMargin=false, RelMargin=false(13.7%), StrongMargin=false(20.0%), Discrim=true, Consist=false
[2025-10-19 01:17:25] INFO: detection.scale_factor has been changed to 1.31
[2025-10-19 01:17:25] INFO: detection.scale_factor has been changed to 1.32
[2025-10-19 01:17:26] INFO: detection.scale_factor has been changed to 1.33
[2025-10-19 01:17:26] INFO: detection.scale_factor has been changed to 1.34
[2025-10-19 01:17:26] INFO: detection.scale_factor has been changed to 1.35
[2025-10-19 01:17:26] INFO: detection.scale_factor has been changed to 1.36
[2025-10-19 01:17:26] INFO: detection.scale_factor has been changed to 1.37
[2025-10-19 01:17:26] INFO: detection.scale_factor has been changed to 1.38
[2025-10-19 01:17:26] INFO: detection.scale_factor has been changed to 1.39
[2025-10-19 01:17:26] INFO: detection.scale_factor has been changed to 1.4
[2025-10-19 01:17:26] INFO: detection.scale_factor has been changed to 1.41
[2025-10-19 01:17:26] INFO: detection.scale_factor has been changed to 1.42
[2025-10-19 01:17:26] INFO: detection.scale_factor has been changed to 1.43
[2025-10-19 01:17:26] INFO: detection.scale_factor has been changed to 1.44
[2025-10-19 01:17:26] INFO: detection.scale_factor has been changed to 1.45
[2025-10-19 01:17:26] INFO: detection.scale_factor has been changed to 1.46
[2025-10-19 01:17:26] INFO: detection.scale_factor has been changed to 1.47
[2025-10-19 01:17:26] INFO: [Recognition] Scores: S00001 - jereme=0.000 S12342 - wyn=0.840 S13234 - Jin_Rae=0.764 
[2025-10-19 01:17:26] INFO: [Decision] Best=S12342 - wyn(0.840), 2nd=0.764, Discriminative=0.726, AvgNeg=0.382
[2025-10-19 01:17:26] INFO: [Thresholds] Abs=0.708, Margin=0.128(15.2%), RelMargin=9.1%, Tightness=0.922, StdDev=0.027
[2025-10-19 01:17:26] INFO: [Decision] REJECT: Abs=true, AbsMargin=false, RelMargin=false(9.1%), StrongMargin=false(20.0%), Discrim=true, Consist=false
[2025-10-19 01:17:26] INFO: detection.scale_factor has been changed to 1.46
[2025-10-19 01:17:26] INFO: [Recognition] Scores: S00001 - jereme=0.000 S12342 - wyn=0.855 S13234 - Jin_Rae=0.743 
[2025-10-19 01:17:26] INFO: [Decision] Best=S12342 - wyn(0.855), 2nd=0.743, Discriminative=0.743, AvgNeg=0.371
[2025-10-19 01:17:26] INFO: [Thresholds] Abs=0.708, Margin=0.128(15.0%), RelMargin=13.1%, Tightness=0.922, StdDev=0.027
[2025-10-19 01:17:26] INFO: [Decision] REJECT: Abs=true, AbsMargin=false, RelMargin=false(13.1%), StrongMargin=false(20.0%), Discrim=true, Consist=false
[2025-10-19 01:17:26] INFO: detection.scale_factor has been changed to 1.45
[2025-10-19 01:17:26] INFO: detection.scale_factor has been changed to 1.44
[2025-10-19 01:17:26] INFO: detection.scale_factor has been changed to 1.43
[2025-10-19 01:17:26] INFO: detection.scale_factor has been changed to 1.42
[2025-10-19 01:17:26] INFO: detection.scale_factor has been changed to 1.41
[2025-10-19 01:17:26] INFO: detection.scale_factor has been changed to 1.4
[2025-10-19 01:17:26] INFO: detection.scale_factor has been changed to 1.39
[2025-10-19 01:17:26] INFO: detection.scale_factor has been changed to 1.38
[2025-10-19 01:17:26] INFO: detection.scale_factor has been changed to 1.37
[2025-10-19 01:17:26] INFO: detection.scale_factor has been changed to 1.36
[2025-10-19 01:17:26] INFO: detection.scale_factor has been changed to 1.35
[2025-10-19 01:17:26] INFO: detection.scale_factor has been changed to 1.34
[2025-10-19 01:17:26] INFO: detection.scale_factor has been changed to 1.33
[2025-10-19 01:17:26] INFO: detection.scale_factor has been changed to 1.32
[2025-10-19 01:17:26] INFO: detection.scale_factor has been changed to 1.31
[2025-10-19 01:17:26] INFO: detection.scale_factor has been changed to 1.3
[2025-10-19 01:17:26] INFO: detection.scale_factor has been changed to 1.29
[2025-10-19 01:17:26] INFO: detection.scale_factor has been changed to 1.28
[2025-10-19 01:17:26] INFO: detection.scale_factor has been changed to 1.27
[2025-10-19 01:17:26] INFO: detection.scale_factor has been changed to 1.26
[2025-10-19 01:17:26] INFO: detection.scale_factor has been changed to 1.25
[2025-10-19 01:17:26] INFO: detection.scale_factor has been changed to 1.24
[2025-10-19 01:17:26] INFO: [Recognition] Scores: S00001 - jereme=0.000 S12342 - wyn=0.858 S13234 - Jin_Rae=0.741 
[2025-10-19 01:17:26] INFO: [Decision] Best=S12342 - wyn(0.858), 2nd=0.741, Discriminative=0.747, AvgNeg=0.371
[2025-10-19 01:17:26] INFO: [Thresholds] Abs=0.708, Margin=0.128(15.0%), RelMargin=13.6%, Tightness=0.922, StdDev=0.027
[2025-10-19 01:17:26] INFO: [Decision] REJECT: Abs=true, AbsMargin=false, RelMargin=false(13.6%), StrongMargin=false(20.0%), Discrim=true, Consist=false
[2025-10-19 01:17:26] INFO: detection.scale_factor has been changed to 1.23
[2025-10-19 01:17:26] INFO: detection.scale_factor has been changed to 1.22
[2025-10-19 01:17:26] INFO: detection.scale_factor has been changed to 1.21
[2025-10-19 01:17:26] INFO: detection.scale_factor has been changed to 1.2
[2025-10-19 01:17:26] INFO: detection.scale_factor has been changed to 1.19
[2025-10-19 01:17:26] INFO: detection.scale_factor has been changed to 1.18
[2025-10-19 01:17:26] INFO: detection.scale_factor has been changed to 1.17
[2025-10-19 01:17:26] INFO: detection.scale_factor has been changed to 1.16
[2025-10-19 01:17:26] INFO: detection.scale_factor has been changed to 1.15
[2025-10-19 01:17:26] INFO: detection.scale_factor has been changed to 1.14
[2025-10-19 01:17:26] INFO: detection.scale_factor has been changed to 1.13
[2025-10-19 01:17:26] INFO: detection.scale_factor has been changed to 1.12
[2025-10-19 01:17:26] INFO: detection.scale_factor has been changed to 1.11
[2025-10-19 01:17:26] INFO: detection.scale_factor has been changed to 1.1
[2025-10-19 01:17:26] INFO: detection.scale_factor has been changed to 1.09
[2025-10-19 01:17:26] INFO: detection.scale_factor has been changed to 1.08
[2025-10-19 01:17:26] INFO: detection.scale_factor has been changed to 1.07
[2025-10-19 01:17:26] INFO: detection.scale_factor has been changed to 1.06
[2025-10-19 01:17:26] INFO: detection.scale_factor has been changed to 1.05
[2025-10-19 01:17:26] INFO: detection.scale_factor has been changed to 1.04
[2025-10-19 01:17:26] INFO: [Recognition] Scores: S00001 - jereme=0.000 S12342 - wyn=0.868 S13234 - Jin_Rae=0.749 
[2025-10-19 01:17:26] INFO: [Decision] Best=S12342 - wyn(0.868), 2nd=0.749, Discriminative=0.756, AvgNeg=0.374
[2025-10-19 01:17:26] INFO: [Thresholds] Abs=0.708, Margin=0.128(15.0%), RelMargin=13.7%, Tightness=0.922, StdDev=0.027
[2025-10-19 01:17:26] INFO: [Decision] REJECT: Abs=true, AbsMargin=false, RelMargin=false(13.7%), StrongMargin=false(20.0%), Discrim=true, Consist=false
[2025-10-19 01:17:27] INFO: [Recognition] Scores: S00001 - jereme=0.000 S12342 - wyn=0.860 S13234 - Jin_Rae=0.734 
[2025-10-19 01:17:27] INFO: [Decision] Best=S12342 - wyn(0.860), 2nd=0.734, Discriminative=0.750, AvgNeg=0.367
[2025-10-19 01:17:27] INFO: [Thresholds] Abs=0.708, Margin=0.128(15.0%), RelMargin=14.6%, Tightness=0.922, StdDev=0.027
[2025-10-19 01:17:27] INFO: [Decision] REJECT: Abs=true, AbsMargin=false, RelMargin=false(14.6%), StrongMargin=false(20.0%), Discrim=true, Consist=false
[2025-10-19 01:17:27] INFO: detection.scale_factor has been changed to 1.04
[2025-10-19 01:17:27] INFO: [Recognition] Scores: S00001 - jereme=0.000 S12342 - wyn=0.859 S13234 - Jin_Rae=0.758 
[2025-10-19 01:17:27] INFO: [Decision] Best=S12342 - wyn(0.859), 2nd=0.758, Discriminative=0.745, AvgNeg=0.379
[2025-10-19 01:17:27] INFO: [Thresholds] Abs=0.708, Margin=0.128(15.0%), RelMargin=11.7%, Tightness=0.922, StdDev=0.027
[2025-10-19 01:17:27] INFO: [Decision] REJECT: Abs=true, AbsMargin=false, RelMargin=false(11.7%), StrongMargin=false(20.0%), Discrim=true, Consist=false
[2025-10-19 01:17:27] INFO: [Recognition] Scores: S00001 - jereme=0.000 S12342 - wyn=0.861 S13234 - Jin_Rae=0.754 
[2025-10-19 01:17:27] INFO: [Decision] Best=S12342 - wyn(0.861), 2nd=0.754, Discriminative=0.748, AvgNeg=0.377
[2025-10-19 01:17:27] INFO: [Thresholds] Abs=0.708, Margin=0.128(15.0%), RelMargin=12.4%, Tightness=0.922, StdDev=0.027
[2025-10-19 01:17:27] INFO: [Decision] REJECT: Abs=true, AbsMargin=false, RelMargin=false(12.4%), StrongMargin=false(20.0%), Discrim=true, Consist=false
[2025-10-19 01:17:27] INFO: [Recognition] Scores: S00001 - jereme=0.000 S12342 - wyn=0.860 S13234 - Jin_Rae=0.813 
[2025-10-19 01:17:27] INFO: [Decision] Best=S12342 - wyn(0.860), 2nd=0.813, Discriminative=0.738, AvgNeg=0.407
[2025-10-19 01:17:27] INFO: [Thresholds] Abs=0.708, Margin=0.128(15.0%), RelMargin=5.5%, Tightness=0.922, StdDev=0.027
[2025-10-19 01:17:27] INFO: [Decision] REJECT: Abs=true, AbsMargin=false, RelMargin=false(5.5%), StrongMargin=false(20.0%), Discrim=true, Consist=false
[2025-10-19 01:17:28] INFO: [Recognition] Scores: S00001 - jereme=0.000 S12342 - wyn=0.853 S13234 - Jin_Rae=0.757 
[2025-10-19 01:17:28] INFO: [Decision] Best=S12342 - wyn(0.853), 2nd=0.757, Discriminative=0.739, AvgNeg=0.378
[2025-10-19 01:17:28] INFO: [Thresholds] Abs=0.708, Margin=0.128(15.0%), RelMargin=11.2%, Tightness=0.922, StdDev=0.027
[2025-10-19 01:17:28] INFO: [Decision] REJECT: Abs=true, AbsMargin=false, RelMargin=false(11.2%), StrongMargin=false(20.0%), Discrim=true, Consist=false
[2025-10-19 01:17:28] INFO: [Recognition] Scores: S00001 - jereme=0.000 S12342 - wyn=0.867 S13234 - Jin_Rae=0.786 
[2025-10-19 01:17:28] INFO: [Decision] Best=S12342 - wyn(0.867), 2nd=0.786, Discriminative=0.750, AvgNeg=0.393
[2025-10-19 01:17:28] INFO: [Thresholds] Abs=0.708, Margin=0.128(15.0%), RelMargin=9.4%, Tightness=0.922, StdDev=0.027
[2025-10-19 01:17:28] INFO: [Decision] REJECT: Abs=true, AbsMargin=false, RelMargin=false(9.4%), StrongMargin=false(20.0%), Discrim=true, Consist=false
[2025-10-19 01:17:28] INFO: detection.min_size_px has been changed to 147
[2025-10-19 01:17:28] INFO: detection.min_size_px has been changed to 146
[2025-10-19 01:17:28] INFO: detection.min_size_px has been changed to 145
[2025-10-19 01:17:28] INFO: detection.min_size_px has been changed to 143
[2025-10-19 01:17:28] INFO: detection.min_size_px has been changed to 142
[2025-10-19 01:17:28] INFO: detection.min_size_px has been changed to 141
[2025-10-19 01:17:28] INFO: detection.min_size_px has been changed to 140
[2025-10-19 01:17:28] INFO: detection.min_size_px has been changed to 138
[2025-10-19 01:17:28] INFO: detection.min_size_px has been changed to 136
[2025-10-19 01:17:28] INFO: detection.min_size_px has been changed to 134
[2025-10-19 01:17:28] INFO: detection.min_size_px has been changed to 133
[2025-10-19 01:17:28] INFO: detection.min_size_px has been changed to 131
[2025-10-19 01:17:28] INFO: detection.min_size_px has been changed to 129
[2025-10-19 01:17:28] INFO: detection.min_size_px has been changed to 127
[2025-10-19 01:17:28] INFO: detection.min_size_px has been changed to 125
[2025-10-19 01:17:28] INFO: detection.min_size_px has been changed to 124
[2025-10-19 01:17:28] INFO: detection.min_size_px has been changed to 122
[2025-10-19 01:17:28] INFO: detection.min_size_px has been changed to 120
[2025-10-19 01:17:28] INFO: detection.min_size_px has been changed to 118
[2025-10-19 01:17:28] INFO: detection.min_size_px has been changed to 116
[2025-10-19 01:17:28] INFO: detection.min_size_px has been changed to 114
[2025-10-19 01:17:28] INFO: detection.min_size_px has been changed to 112
[2025-10-19 01:17:28] INFO: detection.min_size_px has been changed to 109
[2025-10-19 01:17:28] INFO: detection.min_size_px has been changed to 107
[2025-10-19 01:17:28] INFO: detection.min_size_px has been changed to 105
[2025-10-19 01:17:28] INFO: detection.min_size_px has been changed to 104
[2025-10-19 01:17:28] INFO: detection.min_size_px has been changed to 102
[2025-10-19 01:17:28] INFO: detection.min_size_px has been changed to 100
[2025-10-19 01:17:28] INFO: detection.min_size_px has been changed to 98
[2025-10-19 01:17:28] INFO: detection.min_size_px has been changed to 96
[2025-10-19 01:17:28] INFO: detection.min_size_px has been changed to 95
[2025-10-19 01:17:28] INFO: detection.min_size_px has been changed to 94
[2025-10-19 01:17:28] INFO: detection.min_size_px has been changed to 93
[2025-10-19 01:17:28] INFO: detection.min_size_px has been changed to 91
[2025-10-19 01:17:28] INFO: detection.min_size_px has been changed to 90
[2025-10-19 01:17:28] INFO: detection.min_size_px has been changed to 89
[2025-10-19 01:17:28] INFO: detection.min_size_px has been changed to 88
[2025-10-19 01:17:28] INFO: detection.min_size_px has been changed to 87
[2025-10-19 01:17:28] INFO: detection.min_size_px has been changed to 86
[2025-10-19 01:17:28] INFO: detection.min_size_px has been changed to 85
[2025-10-19 01:17:28] INFO: detection.min_size_px has been changed to 84
[2025-10-19 01:17:28] INFO: detection.min_size_px has been changed to 83
[2025-10-19 01:17:28] INFO: [Recognition] Scores: S00001 - jereme=0.000 S12342 - wyn=0.865 S13234 - Jin_Rae=0.833 
[2025-10-19 01:17:28] INFO: [Decision] Best=S12342 - wyn(0.865), 2nd=0.833, Discriminative=0.740, AvgNeg=0.416
[2025-10-19 01:17:28] INFO: [Thresholds] Abs=0.708, Margin=0.128(15.0%), RelMargin=3.8%, Tightness=0.922, StdDev=0.027
[2025-10-19 01:17:28] INFO: [Decision] REJECT: Abs=true, AbsMargin=false, RelMargin=false(3.8%), StrongMargin=false(20.0%), Discrim=true, Consist=false
[2025-10-19 01:17:28] INFO: detection.min_size_px has been changed to 82
[2025-10-19 01:17:28] INFO: detection.min_size_px has been changed to 81
[2025-10-19 01:17:28] INFO: detection.min_size_px has been changed to 80
[2025-10-19 01:17:28] INFO: detection.min_size_px has been changed to 79
[2025-10-19 01:17:28] INFO: detection.min_size_px has been changed to 78
[2025-10-19 01:17:28] INFO: detection.min_size_px has been changed to 77
[2025-10-19 01:17:28] INFO: detection.min_size_px has been changed to 76
[2025-10-19 01:17:28] INFO: detection.min_size_px has been changed to 75
[2025-10-19 01:17:28] INFO: detection.min_size_px has been changed to 74
[2025-10-19 01:17:28] INFO: detection.min_size_px has been changed to 73
[2025-10-19 01:17:28] INFO: detection.min_size_px has been changed to 72
[2025-10-19 01:17:28] INFO: detection.min_size_px has been changed to 71
[2025-10-19 01:17:28] INFO: detection.min_size_px has been changed to 70
[2025-10-19 01:17:28] INFO: detection.min_size_px has been changed to 69
[2025-10-19 01:17:28] INFO: detection.min_size_px has been changed to 68
[2025-10-19 01:17:28] INFO: detection.min_size_px has been changed to 67
[2025-10-19 01:17:28] INFO: detection.min_size_px has been changed to 66
[2025-10-19 01:17:28] INFO: detection.min_size_px has been changed to 64
[2025-10-19 01:17:28] INFO: detection.min_size_px has been changed to 62
[2025-10-19 01:17:28] INFO: detection.min_size_px has been changed to 61
[2025-10-19 01:17:28] INFO: detection.min_size_px has been changed to 60
[2025-10-19 01:17:28] INFO: detection.min_size_px has been changed to 59
[2025-10-19 01:17:28] INFO: detection.min_size_px has been changed to 58
[2025-10-19 01:17:28] INFO: detection.min_size_px has been changed to 57
[2025-10-19 01:17:28] INFO: detection.min_size_px has been changed to 56
[2025-10-19 01:17:28] INFO: detection.min_size_px has been changed to 55
[2025-10-19 01:17:28] INFO: detection.min_size_px has been changed to 54
[2025-10-19 01:17:28] INFO: detection.min_size_px has been changed to 53
[2025-10-19 01:17:28] INFO: detection.min_size_px has been changed to 52
[2025-10-19 01:17:28] INFO: detection.min_size_px has been changed to 51
[2025-10-19 01:17:28] INFO: detection.min_size_px has been changed to 50
[2025-10-19 01:17:28] INFO: detection.min_size_px has been changed to 49
[2025-10-19 01:17:28] INFO: detection.min_size_px has been changed to 48
[2025-10-19 01:17:28] INFO: detection.min_size_px has been changed to 47
[2025-10-19 01:17:28] INFO: detection.min_size_px has been changed to 46
[2025-10-19 01:17:28] INFO: detection.min_size_px has been changed to 45
[2025-10-19 01:17:28] INFO: detection.min_size_px has been changed to 44
[2025-10-19 01:17:28] INFO: detection.min_size_px has been changed to 43
[2025-10-19 01:17:28] INFO: detection.min_size_px has been changed to 42
[2025-10-19 01:17:28] INFO: detection.min_size_px has been changed to 41
[2025-10-19 01:17:28] INFO: detection.min_size_px has been changed to 40
[2025-10-19 01:17:28] INFO: detection.min_size_px has been changed to 39
[2025-10-19 01:17:28] INFO: detection.min_size_px has been changed to 38
[2025-10-19 01:17:28] INFO: detection.min_size_px has been changed to 37
[2025-10-19 01:17:28] INFO: detection.min_size_px has been changed to 36
[2025-10-19 01:17:28] INFO: detection.min_size_px has been changed to 35
[2025-10-19 01:17:28] INFO: detection.min_size_px has been changed to 34
[2025-10-19 01:17:28] INFO: detection.min_size_px has been changed to 33
[2025-10-19 01:17:28] INFO: [Recognition] Scores: S00001 - jereme=0.000 S12342 - wyn=0.861 S13234 - Jin_Rae=0.794 
[2025-10-19 01:17:28] INFO: [Decision] Best=S12342 - wyn(0.861), 2nd=0.794, Discriminative=0.742, AvgNeg=0.397
[2025-10-19 01:17:28] INFO: [Thresholds] Abs=0.708, Margin=0.128(15.0%), RelMargin=7.8%, Tightness=0.922, StdDev=0.027
[2025-10-19 01:17:28] INFO: [Decision] REJECT: Abs=true, AbsMargin=false, RelMargin=false(7.8%), StrongMargin=false(20.0%), Discrim=true, Consist=false
[2025-10-19 01:17:28] INFO: detection.min_size_px has been changed to 32
[2025-10-19 01:17:28] INFO: detection.min_size_px has been changed to 31
[2025-10-19 01:17:28] INFO: detection.min_size_px has been changed to 30
[2025-10-19 01:17:28] INFO: detection.min_size_px has been changed to 29
[2025-10-19 01:17:28] INFO: detection.min_size_px has been changed to 28
[2025-10-19 01:17:28] INFO: detection.min_size_px has been changed to 27
[2025-10-19 01:17:29] INFO: [Recognition] Scores: S00001 - jereme=0.000 S12342 - wyn=0.880 S13234 - Jin_Rae=0.812 
[2025-10-19 01:17:29] INFO: [Decision] Best=S12342 - wyn(0.880), 2nd=0.812, Discriminative=0.758, AvgNeg=0.406
[2025-10-19 01:17:29] INFO: [Thresholds] Abs=0.708, Margin=0.128(15.0%), RelMargin=7.7%, Tightness=0.922, StdDev=0.027
[2025-10-19 01:17:29] INFO: [Decision] REJECT: Abs=true, AbsMargin=false, RelMargin=false(7.7%), StrongMargin=false(20.0%), Discrim=true, Consist=false
[2025-10-19 01:17:29] INFO: [Recognition] Scores: S00001 - jereme=0.000 S12342 - wyn=0.871 S13234 - Jin_Rae=0.812 
[2025-10-19 01:17:29] INFO: [Decision] Best=S12342 - wyn(0.871), 2nd=0.812, Discriminative=0.750, AvgNeg=0.406
[2025-10-19 01:17:29] INFO: [Thresholds] Abs=0.708, Margin=0.128(15.0%), RelMargin=6.8%, Tightness=0.922, StdDev=0.027
[2025-10-19 01:17:29] INFO: [Decision] REJECT: Abs=true, AbsMargin=false, RelMargin=false(6.8%), StrongMargin=false(20.0%), Discrim=true, Consist=false
[2025-10-19 01:17:29] INFO: detection.min_size_px has been changed to 28
[2025-10-19 01:17:29] INFO: detection.min_size_px has been changed to 29
[2025-10-19 01:17:29] INFO: detection.min_size_px has been changed to 30
[2025-10-19 01:17:29] INFO: detection.min_size_px has been changed to 32
[2025-10-19 01:17:29] INFO: detection.min_size_px has been changed to 33
[2025-10-19 01:17:29] INFO: detection.min_size_px has been changed to 35
[2025-10-19 01:17:29] INFO: detection.min_size_px has been changed to 36
[2025-10-19 01:17:29] INFO: detection.min_size_px has been changed to 38
[2025-10-19 01:17:29] INFO: detection.min_size_px has been changed to 40
[2025-10-19 01:17:29] INFO: detection.min_size_px has been changed to 43
[2025-10-19 01:17:29] INFO: detection.min_size_px has been changed to 44
[2025-10-19 01:17:29] INFO: detection.min_size_px has been changed to 47
[2025-10-19 01:17:29] INFO: detection.min_size_px has been changed to 49
[2025-10-19 01:17:29] INFO: detection.min_size_px has been changed to 53
[2025-10-19 01:17:29] INFO: detection.min_size_px has been changed to 56
[2025-10-19 01:17:29] INFO: detection.min_size_px has been changed to 58
[2025-10-19 01:17:29] INFO: detection.min_size_px has been changed to 63
[2025-10-19 01:17:29] INFO: detection.min_size_px has been changed to 66
[2025-10-19 01:17:29] INFO: detection.min_size_px has been changed to 69
[2025-10-19 01:17:29] INFO: detection.min_size_px has been changed to 71
[2025-10-19 01:17:29] INFO: detection.min_size_px has been changed to 74
[2025-10-19 01:17:29] INFO: detection.min_size_px has been changed to 76
[2025-10-19 01:17:29] INFO: detection.min_size_px has been changed to 79
[2025-10-19 01:17:29] INFO: detection.min_size_px has been changed to 81
[2025-10-19 01:17:29] INFO: detection.min_size_px has been changed to 82
[2025-10-19 01:17:29] INFO: detection.min_size_px has been changed to 84
[2025-10-19 01:17:29] INFO: detection.min_size_px has been changed to 87
[2025-10-19 01:17:29] INFO: detection.min_size_px has been changed to 89
[2025-10-19 01:17:29] INFO: detection.min_size_px has been changed to 91
[2025-10-19 01:17:29] INFO: detection.min_size_px has been changed to 93
[2025-10-19 01:17:29] INFO: detection.min_size_px has been changed to 94
[2025-10-19 01:17:29] INFO: detection.min_size_px has been changed to 95
[2025-10-19 01:17:29] INFO: detection.min_size_px has been changed to 97
[2025-10-19 01:17:29] INFO: detection.min_size_px has been changed to 98
[2025-10-19 01:17:29] INFO: detection.min_size_px has been changed to 99
[2025-10-19 01:17:29] INFO: detection.min_size_px has been changed to 100
[2025-10-19 01:17:29] INFO: detection.min_size_px has been changed to 101
[2025-10-19 01:17:29] INFO: detection.min_size_px has been changed to 102
[2025-10-19 01:17:29] INFO: detection.min_size_px has been changed to 104
[2025-10-19 01:17:29] INFO: detection.min_size_px has been changed to 105
[2025-10-19 01:17:29] INFO: detection.min_size_px has been changed to 107
[2025-10-19 01:17:29] INFO: detection.min_size_px has been changed to 109
[2025-10-19 01:17:29] INFO: detection.min_size_px has been changed to 111
[2025-10-19 01:17:29] INFO: detection.min_size_px has been changed to 112
[2025-10-19 01:17:29] INFO: detection.min_size_px has been changed to 113
[2025-10-19 01:17:29] INFO: detection.min_size_px has been changed to 115
[2025-10-19 01:17:29] INFO: detection.min_size_px has been changed to 116
[2025-10-19 01:17:29] INFO: detection.min_size_px has been changed to 118
[2025-10-19 01:17:29] INFO: detection.min_size_px has been changed to 119
[2025-10-19 01:17:29] INFO: detection.min_size_px has been changed to 120
[2025-10-19 01:17:29] INFO: detection.min_size_px has been changed to 121
[2025-10-19 01:17:29] INFO: detection.min_size_px has been changed to 122
[2025-10-19 01:17:29] INFO: detection.min_size_px has been changed to 124
[2025-10-19 01:17:29] INFO: detection.min_size_px has been changed to 125
[2025-10-19 01:17:29] INFO: detection.min_size_px has been changed to 126
[2025-10-19 01:17:29] INFO: detection.min_size_px has been changed to 127
[2025-10-19 01:17:29] INFO: detection.min_size_px has been changed to 128
[2025-10-19 01:17:29] INFO: [Recognition] Scores: S00001 - jereme=0.000 S12342 - wyn=0.877 S13234 - Jin_Rae=0.828 
[2025-10-19 01:17:29] INFO: [Decision] Best=S12342 - wyn(0.877), 2nd=0.828, Discriminative=0.753, AvgNeg=0.414
[2025-10-19 01:17:29] INFO: [Thresholds] Abs=0.708, Margin=0.128(15.0%), RelMargin=5.6%, Tightness=0.922, StdDev=0.027
[2025-10-19 01:17:29] INFO: [Decision] REJECT: Abs=true, AbsMargin=false, RelMargin=false(5.6%), StrongMargin=false(20.0%), Discrim=true, Consist=false
[2025-10-19 01:17:29] INFO: detection.min_size_px has been changed to 129
[2025-10-19 01:17:29] INFO: detection.min_size_px has been changed to 130
[2025-10-19 01:17:29] INFO: detection.min_size_px has been changed to 131
[2025-10-19 01:17:29] INFO: detection.min_size_px has been changed to 132
[2025-10-19 01:17:29] INFO: detection.min_size_px has been changed to 133
[2025-10-19 01:17:29] INFO: detection.min_size_px has been changed to 134
[2025-10-19 01:17:29] INFO: [Recognition] Scores: S00001 - jereme=0.000 S12342 - wyn=0.872 S13234 - Jin_Rae=0.824 
[2025-10-19 01:17:29] INFO: [Decision] Best=S12342 - wyn(0.872), 2nd=0.824, Discriminative=0.748, AvgNeg=0.412
[2025-10-19 01:17:29] INFO: [Thresholds] Abs=0.708, Margin=0.128(15.0%), RelMargin=5.5%, Tightness=0.922, StdDev=0.027
[2025-10-19 01:17:29] INFO: [Decision] REJECT: Abs=true, AbsMargin=false, RelMargin=false(5.5%), StrongMargin=false(20.0%), Discrim=true, Consist=false
[2025-10-19 01:17:30] INFO: [Recognition] Scores: S00001 - jereme=0.000 S12342 - wyn=0.880 S13234 - Jin_Rae=0.844 
[2025-10-19 01:17:30] INFO: [Decision] Best=S12342 - wyn(0.880), 2nd=0.844, Discriminative=0.753, AvgNeg=0.422
[2025-10-19 01:17:30] INFO: [Thresholds] Abs=0.708, Margin=0.128(15.0%), RelMargin=4.1%, Tightness=0.922, StdDev=0.027
[2025-10-19 01:17:30] INFO: [Decision] REJECT: Abs=true, AbsMargin=false, RelMargin=false(4.1%), StrongMargin=false(20.0%), Discrim=true, Consist=false
[2025-10-19 01:17:30] INFO: detection.min_size_px has been changed to 134
[2025-10-19 01:17:30] INFO: [Recognition] Scores: S00001 - jereme=0.000 S12342 - wyn=0.868 S13234 - Jin_Rae=0.857 
[2025-10-19 01:17:30] INFO: [Decision] Best=S12342 - wyn(0.868), 2nd=0.857, Discriminative=0.740, AvgNeg=0.428
[2025-10-19 01:17:30] INFO: [Thresholds] Abs=0.708, Margin=0.128(15.0%), RelMargin=1.4%, Tightness=0.922, StdDev=0.027
[2025-10-19 01:17:30] INFO: [Decision] REJECT: Abs=true, AbsMargin=false, RelMargin=false(1.4%), StrongMargin=false(20.0%), Discrim=true, Consist=false
[2025-10-19 01:17:30] INFO: [Recognition] Scores: S00001 - jereme=0.000 S12342 - wyn=0.846 S13234 - Jin_Rae=0.849 
[2025-10-19 01:17:30] INFO: [Decision] Best=S13234 - Jin_Rae(0.849), 2nd=0.846, Discriminative=0.722, AvgNeg=0.423
[2025-10-19 01:17:30] INFO: [Thresholds] Abs=0.705, Margin=0.125(15.0%), RelMargin=0.3%, Tightness=0.955, StdDev=0.012
[2025-10-19 01:17:30] INFO: [Decision] REJECT: Abs=true, AbsMargin=false, RelMargin=false(0.3%), StrongMargin=false(20.0%), Discrim=true, Consist=false
[2025-10-19 01:17:30] INFO: [Recognition] Scores: S00001 - jereme=0.000 S12342 - wyn=0.825 S13234 - Jin_Rae=0.837 
[2025-10-19 01:17:30] INFO: [Decision] Best=S13234 - Jin_Rae(0.837), 2nd=0.825, Discriminative=0.713, AvgNeg=0.413
[2025-10-19 01:17:30] INFO: [Thresholds] Abs=0.705, Margin=0.125(15.0%), RelMargin=1.4%, Tightness=0.955, StdDev=0.012
[2025-10-19 01:17:30] INFO: [Decision] REJECT: Abs=true, AbsMargin=false, RelMargin=false(1.4%), StrongMargin=false(20.0%), Discrim=true, Consist=false
[2025-10-19 01:17:31] INFO: [Recognition] Scores: S00001 - jereme=0.000 S12342 - wyn=0.797 S13234 - Jin_Rae=0.821 
[2025-10-19 01:17:31] INFO: [Decision] Best=S13234 - Jin_Rae(0.821), 2nd=0.797, Discriminative=0.701, AvgNeg=0.399
[2025-10-19 01:17:31] INFO: [Thresholds] Abs=0.705, Margin=0.125(15.2%), RelMargin=2.8%, Tightness=0.955, StdDev=0.012
[2025-10-19 01:17:31] INFO: [Decision] REJECT: Abs=true, AbsMargin=false, RelMargin=false(2.8%), StrongMargin=false(20.0%), Discrim=false, Consist=false
[2025-10-19 01:17:31] INFO: [Recognition] Scores: S00001 - jereme=0.000 S12342 - wyn=0.793 S13234 - Jin_Rae=0.812 
[2025-10-19 01:17:31] INFO: [Decision] Best=S13234 - Jin_Rae(0.812), 2nd=0.793, Discriminative=0.693, AvgNeg=0.397
[2025-10-19 01:17:31] INFO: [Thresholds] Abs=0.705, Margin=0.125(15.3%), RelMargin=2.3%, Tightness=0.955, StdDev=0.012
[2025-10-19 01:17:31] INFO: [Decision] REJECT: Abs=true, AbsMargin=false, RelMargin=false(2.3%), StrongMargin=false(20.0%), Discrim=false, Consist=false
[2025-10-19 01:17:31] INFO: [Recognition] Scores: S00001 - jereme=0.000 S12342 - wyn=0.780 S13234 - Jin_Rae=0.792 
[2025-10-19 01:17:31] INFO: [Decision] Best=S13234 - Jin_Rae(0.792), 2nd=0.780, Discriminative=0.675, AvgNeg=0.390
[2025-10-19 01:17:31] INFO: [Thresholds] Abs=0.705, Margin=0.125(15.7%), RelMargin=1.5%, Tightness=0.955, StdDev=0.012
[2025-10-19 01:17:31] INFO: [Decision] REJECT: Abs=true, AbsMargin=false, RelMargin=false(1.5%), StrongMargin=false(20.0%), Discrim=false, Consist=false
[2025-10-19 01:17:31] INFO: [Recognition] Scores: S00001 - jereme=0.000 S12342 - wyn=0.771 S13234 - Jin_Rae=0.792 
[2025-10-19 01:17:31] INFO: [Decision] Best=S13234 - Jin_Rae(0.792), 2nd=0.771, Discriminative=0.676, AvgNeg=0.386
[2025-10-19 01:17:31] INFO: [Thresholds] Abs=0.705, Margin=0.125(15.7%), RelMargin=2.6%, Tightness=0.955, StdDev=0.012
[2025-10-19 01:17:31] INFO: [Decision] REJECT: Abs=true, AbsMargin=false, RelMargin=false(2.6%), StrongMargin=false(20.0%), Discrim=false, Consist=false
[2025-10-19 01:17:32] INFO: [Recognition] Scores: S00001 - jereme=0.000 S12342 - wyn=0.754 S13234 - Jin_Rae=0.818 
[2025-10-19 01:17:32] INFO: [Decision] Best=S13234 - Jin_Rae(0.818), 2nd=0.754, Discriminative=0.705, AvgNeg=0.377
[2025-10-19 01:17:32] INFO: [Thresholds] Abs=0.705, Margin=0.125(15.2%), RelMargin=7.8%, Tightness=0.955, StdDev=0.012
[2025-10-19 01:17:32] INFO: [Decision] REJECT: Abs=true, AbsMargin=false, RelMargin=false(7.8%), StrongMargin=false(20.0%), Discrim=true, Consist=false
[2025-10-19 01:17:32] INFO: Exiting Face Recognition Demo...
[2025-10-19 01:17:32] INFO: Exiting Face Recognition Demo...
