[2025-10-22 15:18:07] INFO: Application Logger Initialized.
[2025-10-22 15:18:07] INFO: Configuration and core components loaded.
[2025-10-22 15:18:07] INFO: app.properties normalized (55 entries).
[2025-10-22 15:18:07] INFO: Configuration loaded from classpath: app.properties
[2025-10-22 15:18:07] INFO: Configuration file loaded
[2025-10-22 15:18:07] INFO: MyGUIProgram Started!
[2025-10-22 15:18:10] INFO: ￢ﾜﾓ FaceAligner initialized with fallback eye detector
[2025-10-22 15:18:11] INFO: ￢ﾜﾅ ArcFace ResNet100 model loaded successfully
[2025-10-22 15:18:11] INFO: ￢ﾜﾓ FaceAligner initialized with fallback eye detector
[2025-10-22 15:18:11] INFO: === Folder debug ===
[2025-10-22 15:18:11] INFO: Found folder: C:\SMU\CS102 Project\FaceRecognitionCS102\data\facedata\S13234_Jin_Rae
[2025-10-22 15:18:11] INFO:   Contains: 36 items
[2025-10-22 15:18:11] INFO:   Display label: S13234 - Jin_Rae
[2025-10-22 15:18:11] INFO: ====================
[2025-10-22 15:18:11] INFO: Person S13234 - Jin_Rae: tightness=0.999, stdDev=0.000, absThresh=0.600, margin=0.100
[2025-10-22 15:18:11] INFO: DNN face detector loaded successfully for recognition
[2025-10-22 15:18:11] INFO: Attempting camera index 0 with DSHOW backend...
[2025-10-22 15:18:12] INFO: Camera opened successfully: index 0 with DSHOW backend
[2025-10-22 15:18:16] INFO: Camera configured: 640x480 @ 30fps (MJPEG: yes)
[2025-10-22 15:18:16] INFO: Camera initialized successfully
[2025-10-22 15:18:17] SEVERE: ￢ﾝﾌ Invalid embedding norm: Infinity
[2025-10-22 15:18:17] INFO: [Reject] Face rejected: Embedding generation failed.
[2025-10-22 15:18:17] INFO: [Recognition] Scores: S13234 - Jin_Rae=0.989 
[2025-10-22 15:18:17] INFO: [Decision] Best=S13234 - Jin_Rae(0.989), 2nd=0.000, Discriminative=0.989, AvgNeg=0.000
[2025-10-22 15:18:17] INFO: [Thresholds] Abs=0.600, Margin=0.100(10.1%), RelMargin=100.0%, Tightness=0.999, StdDev=0.000
[2025-10-22 15:18:17] INFO: [Decision] ACCEPT: Best score meets absolute threshold
[2025-10-22 15:18:17] INFO: [Recognition] Scores: S13234 - Jin_Rae=0.989 
[2025-10-22 15:18:17] INFO: [Decision] Best=S13234 - Jin_Rae(0.989), 2nd=0.000, Discriminative=0.989, AvgNeg=0.000
[2025-10-22 15:18:17] INFO: [Thresholds] Abs=0.600, Margin=0.100(10.1%), RelMargin=100.0%, Tightness=0.999, StdDev=0.000
[2025-10-22 15:18:17] INFO: [Decision] ACCEPT: Best score meets absolute threshold
[2025-10-22 15:18:18] INFO: [Recognition] Scores: S13234 - Jin_Rae=0.989 
[2025-10-22 15:18:18] INFO: [Decision] Best=S13234 - Jin_Rae(0.989), 2nd=0.000, Discriminative=0.989, AvgNeg=0.000
[2025-10-22 15:18:18] INFO: [Thresholds] Abs=0.600, Margin=0.100(10.1%), RelMargin=100.0%, Tightness=0.999, StdDev=0.000
[2025-10-22 15:18:18] INFO: [Decision] ACCEPT: Best score meets absolute threshold
[2025-10-22 15:18:18] INFO: [Recognition] Scores: S13234 - Jin_Rae=0.989 
[2025-10-22 15:18:18] INFO: [Decision] Best=S13234 - Jin_Rae(0.989), 2nd=0.000, Discriminative=0.989, AvgNeg=0.000
[2025-10-22 15:18:18] INFO: [Thresholds] Abs=0.600, Margin=0.100(10.1%), RelMargin=100.0%, Tightness=0.999, StdDev=0.000
[2025-10-22 15:18:18] INFO: [Decision] ACCEPT: Best score meets absolute threshold
[2025-10-22 15:18:19] INFO: [Recognition] Scores: S13234 - Jin_Rae=0.989 
[2025-10-22 15:18:19] INFO: [Decision] Best=S13234 - Jin_Rae(0.989), 2nd=0.000, Discriminative=0.989, AvgNeg=0.000
[2025-10-22 15:18:19] INFO: [Thresholds] Abs=0.600, Margin=0.100(10.1%), RelMargin=100.0%, Tightness=0.999, StdDev=0.000
[2025-10-22 15:18:19] INFO: [Decision] ACCEPT: Best score meets absolute threshold
[2025-10-22 15:18:19] INFO: [Recognition] Scores: S13234 - Jin_Rae=0.989 
[2025-10-22 15:18:19] INFO: [Decision] Best=S13234 - Jin_Rae(0.989), 2nd=0.000, Discriminative=0.989, AvgNeg=0.000
[2025-10-22 15:18:19] INFO: [Thresholds] Abs=0.600, Margin=0.100(10.1%), RelMargin=100.0%, Tightness=0.999, StdDev=0.000
[2025-10-22 15:18:19] INFO: [Decision] ACCEPT: Best score meets absolute threshold
[2025-10-22 15:18:20] INFO: [Recognition] Scores: S13234 - Jin_Rae=0.989 
[2025-10-22 15:18:20] INFO: [Decision] Best=S13234 - Jin_Rae(0.989), 2nd=0.000, Discriminative=0.989, AvgNeg=0.000
[2025-10-22 15:18:20] INFO: [Thresholds] Abs=0.600, Margin=0.100(10.1%), RelMargin=100.0%, Tightness=0.999, StdDev=0.000
[2025-10-22 15:18:20] INFO: [Decision] ACCEPT: Best score meets absolute threshold
[2025-10-22 15:18:20] SEVERE: ￢ﾝﾌ Invalid embedding norm: Infinity
[2025-10-22 15:18:20] INFO: [Reject] Face rejected: Embedding generation failed.
[2025-10-22 15:18:20] INFO: [Recognition] Scores: S13234 - Jin_Rae=0.989 
[2025-10-22 15:18:20] INFO: [Decision] Best=S13234 - Jin_Rae(0.989), 2nd=0.000, Discriminative=0.989, AvgNeg=0.000
[2025-10-22 15:18:20] INFO: [Thresholds] Abs=0.600, Margin=0.100(10.1%), RelMargin=100.0%, Tightness=0.999, StdDev=0.000
[2025-10-22 15:18:20] INFO: [Decision] ACCEPT: Best score meets absolute threshold
[2025-10-22 15:18:21] INFO: [Recognition] Scores: S13234 - Jin_Rae=0.989 
[2025-10-22 15:18:21] INFO: [Decision] Best=S13234 - Jin_Rae(0.989), 2nd=0.000, Discriminative=0.989, AvgNeg=0.000
[2025-10-22 15:18:21] INFO: [Thresholds] Abs=0.600, Margin=0.100(10.1%), RelMargin=100.0%, Tightness=0.999, StdDev=0.000
[2025-10-22 15:18:21] INFO: [Decision] ACCEPT: Best score meets absolute threshold
[2025-10-22 15:18:21] INFO: [Recognition] Scores: S13234 - Jin_Rae=0.989 
[2025-10-22 15:18:21] INFO: [Decision] Best=S13234 - Jin_Rae(0.989), 2nd=0.000, Discriminative=0.989, AvgNeg=0.000
[2025-10-22 15:18:21] INFO: [Thresholds] Abs=0.600, Margin=0.100(10.1%), RelMargin=100.0%, Tightness=0.999, StdDev=0.000
[2025-10-22 15:18:21] INFO: [Decision] ACCEPT: Best score meets absolute threshold
[2025-10-22 15:18:22] INFO: [Recognition] Scores: S13234 - Jin_Rae=0.989 
[2025-10-22 15:18:22] INFO: [Decision] Best=S13234 - Jin_Rae(0.989), 2nd=0.000, Discriminative=0.989, AvgNeg=0.000
[2025-10-22 15:18:22] INFO: [Thresholds] Abs=0.600, Margin=0.100(10.1%), RelMargin=100.0%, Tightness=0.999, StdDev=0.000
[2025-10-22 15:18:22] INFO: [Decision] ACCEPT: Best score meets absolute threshold
[2025-10-22 15:18:22] INFO: [Recognition] Scores: S13234 - Jin_Rae=0.989 
[2025-10-22 15:18:22] INFO: [Decision] Best=S13234 - Jin_Rae(0.989), 2nd=0.000, Discriminative=0.989, AvgNeg=0.000
[2025-10-22 15:18:22] INFO: [Thresholds] Abs=0.600, Margin=0.100(10.1%), RelMargin=100.0%, Tightness=0.999, StdDev=0.000
[2025-10-22 15:18:22] INFO: [Decision] ACCEPT: Best score meets absolute threshold
[2025-10-22 15:18:22] INFO: [Recognition] Scores: S13234 - Jin_Rae=0.989 
[2025-10-22 15:18:22] INFO: [Decision] Best=S13234 - Jin_Rae(0.989), 2nd=0.000, Discriminative=0.989, AvgNeg=0.000
[2025-10-22 15:18:22] INFO: [Thresholds] Abs=0.600, Margin=0.100(10.1%), RelMargin=100.0%, Tightness=0.999, StdDev=0.000
[2025-10-22 15:18:22] INFO: [Decision] ACCEPT: Best score meets absolute threshold
[2025-10-22 15:18:23] INFO: [Recognition] Scores: S13234 - Jin_Rae=0.989 
[2025-10-22 15:18:23] INFO: [Decision] Best=S13234 - Jin_Rae(0.989), 2nd=0.000, Discriminative=0.989, AvgNeg=0.000
[2025-10-22 15:18:23] INFO: [Thresholds] Abs=0.600, Margin=0.100(10.1%), RelMargin=100.0%, Tightness=0.999, StdDev=0.000
[2025-10-22 15:18:23] INFO: [Decision] ACCEPT: Best score meets absolute threshold
[2025-10-22 15:18:23] INFO: [Recognition] Scores: S13234 - Jin_Rae=0.989 
[2025-10-22 15:18:23] INFO: [Decision] Best=S13234 - Jin_Rae(0.989), 2nd=0.000, Discriminative=0.989, AvgNeg=0.000
[2025-10-22 15:18:23] INFO: [Thresholds] Abs=0.600, Margin=0.100(10.1%), RelMargin=100.0%, Tightness=0.999, StdDev=0.000
[2025-10-22 15:18:23] INFO: [Decision] ACCEPT: Best score meets absolute threshold
[2025-10-22 15:18:24] INFO: [Recognition] Scores: S13234 - Jin_Rae=0.989 
[2025-10-22 15:18:24] INFO: [Decision] Best=S13234 - Jin_Rae(0.989), 2nd=0.000, Discriminative=0.989, AvgNeg=0.000
[2025-10-22 15:18:24] INFO: [Thresholds] Abs=0.600, Margin=0.100(10.1%), RelMargin=100.0%, Tightness=0.999, StdDev=0.000
[2025-10-22 15:18:24] INFO: [Decision] ACCEPT: Best score meets absolute threshold
[2025-10-22 15:18:24] INFO: [Recognition] Scores: S13234 - Jin_Rae=0.989 
[2025-10-22 15:18:24] INFO: [Decision] Best=S13234 - Jin_Rae(0.989), 2nd=0.000, Discriminative=0.989, AvgNeg=0.000
[2025-10-22 15:18:24] INFO: [Thresholds] Abs=0.600, Margin=0.100(10.1%), RelMargin=100.0%, Tightness=0.999, StdDev=0.000
[2025-10-22 15:18:24] INFO: [Decision] ACCEPT: Best score meets absolute threshold
[2025-10-22 15:18:25] INFO: [Recognition] Scores: S13234 - Jin_Rae=0.989 
[2025-10-22 15:18:25] INFO: [Decision] Best=S13234 - Jin_Rae(0.989), 2nd=0.000, Discriminative=0.989, AvgNeg=0.000
[2025-10-22 15:18:25] INFO: [Thresholds] Abs=0.600, Margin=0.100(10.1%), RelMargin=100.0%, Tightness=0.999, StdDev=0.000
[2025-10-22 15:18:25] INFO: [Decision] ACCEPT: Best score meets absolute threshold
[2025-10-22 15:18:25] INFO: [Recognition] Scores: S13234 - Jin_Rae=0.989 
[2025-10-22 15:18:25] INFO: [Decision] Best=S13234 - Jin_Rae(0.989), 2nd=0.000, Discriminative=0.989, AvgNeg=0.000
[2025-10-22 15:18:25] INFO: [Thresholds] Abs=0.600, Margin=0.100(10.1%), RelMargin=100.0%, Tightness=0.999, StdDev=0.000
[2025-10-22 15:18:25] INFO: [Decision] ACCEPT: Best score meets absolute threshold
[2025-10-22 15:18:25] INFO: [Recognition] Scores: S13234 - Jin_Rae=0.989 
[2025-10-22 15:18:25] INFO: [Decision] Best=S13234 - Jin_Rae(0.989), 2nd=0.000, Discriminative=0.989, AvgNeg=0.000
[2025-10-22 15:18:25] INFO: [Thresholds] Abs=0.600, Margin=0.100(10.1%), RelMargin=100.0%, Tightness=0.999, StdDev=0.000
[2025-10-22 15:18:25] INFO: [Decision] ACCEPT: Best score meets absolute threshold
[2025-10-22 15:18:26] INFO: [Recognition] Scores: S13234 - Jin_Rae=0.989 
[2025-10-22 15:18:26] INFO: [Decision] Best=S13234 - Jin_Rae(0.989), 2nd=0.000, Discriminative=0.989, AvgNeg=0.000
[2025-10-22 15:18:26] INFO: [Thresholds] Abs=0.600, Margin=0.100(10.1%), RelMargin=100.0%, Tightness=0.999, StdDev=0.000
[2025-10-22 15:18:26] INFO: [Decision] ACCEPT: Best score meets absolute threshold
[2025-10-22 15:18:26] INFO: [Recognition] Scores: S13234 - Jin_Rae=0.989 
[2025-10-22 15:18:26] INFO: [Decision] Best=S13234 - Jin_Rae(0.989), 2nd=0.000, Discriminative=0.989, AvgNeg=0.000
[2025-10-22 15:18:26] INFO: [Thresholds] Abs=0.600, Margin=0.100(10.1%), RelMargin=100.0%, Tightness=0.999, StdDev=0.000
[2025-10-22 15:18:26] INFO: [Decision] ACCEPT: Best score meets absolute threshold
[2025-10-22 15:18:27] INFO: [Recognition] Scores: S13234 - Jin_Rae=0.989 
[2025-10-22 15:18:27] INFO: [Decision] Best=S13234 - Jin_Rae(0.989), 2nd=0.000, Discriminative=0.989, AvgNeg=0.000
[2025-10-22 15:18:27] INFO: [Thresholds] Abs=0.600, Margin=0.100(10.1%), RelMargin=100.0%, Tightness=0.999, StdDev=0.000
[2025-10-22 15:18:27] INFO: [Decision] ACCEPT: Best score meets absolute threshold
[2025-10-22 15:18:27] INFO: [Recognition] Scores: S13234 - Jin_Rae=0.989 
[2025-10-22 15:18:27] INFO: [Decision] Best=S13234 - Jin_Rae(0.989), 2nd=0.000, Discriminative=0.989, AvgNeg=0.000
[2025-10-22 15:18:27] INFO: [Thresholds] Abs=0.600, Margin=0.100(10.1%), RelMargin=100.0%, Tightness=0.999, StdDev=0.000
[2025-10-22 15:18:27] INFO: [Decision] ACCEPT: Best score meets absolute threshold
[2025-10-22 15:18:27] INFO: [Recognition] Scores: S13234 - Jin_Rae=0.989 
[2025-10-22 15:18:27] INFO: [Decision] Best=S13234 - Jin_Rae(0.989), 2nd=0.000, Discriminative=0.989, AvgNeg=0.000
[2025-10-22 15:18:27] INFO: [Thresholds] Abs=0.600, Margin=0.100(10.1%), RelMargin=100.0%, Tightness=0.999, StdDev=0.000
[2025-10-22 15:18:27] INFO: [Decision] ACCEPT: Best score meets absolute threshold
[2025-10-22 15:18:28] INFO: [Recognition] Scores: S13234 - Jin_Rae=0.989 
[2025-10-22 15:18:28] INFO: [Decision] Best=S13234 - Jin_Rae(0.989), 2nd=0.000, Discriminative=0.989, AvgNeg=0.000
[2025-10-22 15:18:28] INFO: [Thresholds] Abs=0.600, Margin=0.100(10.1%), RelMargin=100.0%, Tightness=0.999, StdDev=0.000
[2025-10-22 15:18:28] INFO: [Decision] ACCEPT: Best score meets absolute threshold
[2025-10-22 15:18:28] INFO: [Recognition] Scores: S13234 - Jin_Rae=0.989 
[2025-10-22 15:18:28] INFO: [Decision] Best=S13234 - Jin_Rae(0.989), 2nd=0.000, Discriminative=0.989, AvgNeg=0.000
[2025-10-22 15:18:28] INFO: [Thresholds] Abs=0.600, Margin=0.100(10.1%), RelMargin=100.0%, Tightness=0.999, StdDev=0.000
[2025-10-22 15:18:28] INFO: [Decision] ACCEPT: Best score meets absolute threshold
[2025-10-22 15:18:28] INFO: Exiting Face Recognition Demo...
[2025-10-22 15:18:29] INFO: [Recognition] Scores: S13234 - Jin_Rae=0.989 
[2025-10-22 15:18:29] INFO: [Decision] Best=S13234 - Jin_Rae(0.989), 2nd=0.000, Discriminative=0.989, AvgNeg=0.000
[2025-10-22 15:18:29] INFO: [Thresholds] Abs=0.600, Margin=0.100(10.1%), RelMargin=100.0%, Tightness=0.999, StdDev=0.000
[2025-10-22 15:18:29] INFO: [Decision] ACCEPT: Best score meets absolute threshold
[2025-10-22 15:18:29] INFO: Exiting Face Recognition Demo...
