[2025-10-23 00:27:23] INFO: Application Logger Initialized.
[2025-10-23 00:27:23] INFO: FaceRecognitionDemo Starting...
[2025-10-23 00:27:23] INFO: app.properties normalized (55 entries).
[2025-10-23 00:27:23] INFO: Configuration loaded from file: C:\SMU\CS102 Project\FaceRecognitionCS102\app.properties
[2025-10-23 00:27:24] INFO: ￢ﾜﾓ FaceAligner initialized with 5-point alignment support
[2025-10-23 00:27:26] INFO: ￢ﾜﾅ ArcFace ResNet100 model loaded successfully
[2025-10-23 00:27:26] INFO: ￢ﾜﾓ FaceAligner initialized with 5-point alignment support
[2025-10-23 00:27:26] INFO: === Folder debug ===
[2025-10-23 00:27:26] INFO: Found folder: C:\SMU\CS102 Project\FaceRecognitionCS102\data\facedata\S13234_Jin_Rae
[2025-10-23 00:27:26] INFO:   Contains: 34 items
[2025-10-23 00:27:26] INFO:   Display label: S13234 - Jin_Rae
[2025-10-23 00:27:26] INFO: ====================
[2025-10-23 00:27:26] INFO: Person S13234 - Jin_Rae: tightness=0.999, stdDev=0.000, absThresh=0.600, margin=0.100
[2025-10-23 00:27:26] INFO: DNN face detector loaded successfully for recognition
[2025-10-23 00:27:26] INFO: Attempting camera index 0 with DSHOW backend...
[2025-10-23 00:27:28] INFO: Camera opened successfully: index 0 with DSHOW backend
[2025-10-23 00:27:31] INFO: Camera configured: 640x480 @ 30fps (MJPEG: yes)
[2025-10-23 00:27:31] INFO: Camera initialized successfully
[2025-10-23 00:27:33] INFO: [Recognition] Scores: S13234 - Jin_Rae=0.997 
[2025-10-23 00:27:33] INFO: [Decision] Best=S13234 - Jin_Rae(0.997), 2nd=0.000, Discriminative=0.997, AvgNeg=0.000
[2025-10-23 00:27:33] INFO: [Thresholds] Abs=0.600, Margin=0.100(10.0%), RelMargin=100.0%, Tightness=0.999, StdDev=0.000
[2025-10-23 00:27:33] INFO: [Accept] S13234 - Jin_Rae | Raw=0.997, Confidence=100%, Margin=0.997 | Strong confidence match
[2025-10-23 00:27:33] INFO: [Recognition] Scores: S13234 - Jin_Rae=0.996 
[2025-10-23 00:27:33] INFO: [Decision] Best=S13234 - Jin_Rae(0.996), 2nd=0.000, Discriminative=0.996, AvgNeg=0.000
[2025-10-23 00:27:33] INFO: [Thresholds] Abs=0.600, Margin=0.100(10.0%), RelMargin=100.0%, Tightness=0.999, StdDev=0.000
[2025-10-23 00:27:33] INFO: [Accept] S13234 - Jin_Rae | Raw=0.996, Confidence=100%, Margin=0.996 | Strong confidence match
[2025-10-23 00:27:34] INFO: [Recognition] Scores: S13234 - Jin_Rae=0.996 
[2025-10-23 00:27:34] INFO: [Decision] Best=S13234 - Jin_Rae(0.996), 2nd=0.000, Discriminative=0.996, AvgNeg=0.000
[2025-10-23 00:27:34] INFO: [Thresholds] Abs=0.600, Margin=0.100(10.0%), RelMargin=100.0%, Tightness=0.999, StdDev=0.000
[2025-10-23 00:27:34] INFO: [Accept] S13234 - Jin_Rae | Raw=0.996, Confidence=100%, Margin=0.996 | Strong confidence match
[2025-10-23 00:27:34] INFO: [Recognition] Scores: S13234 - Jin_Rae=0.997 
[2025-10-23 00:27:34] INFO: [Decision] Best=S13234 - Jin_Rae(0.997), 2nd=0.000, Discriminative=0.997, AvgNeg=0.000
[2025-10-23 00:27:34] INFO: [Thresholds] Abs=0.600, Margin=0.100(10.0%), RelMargin=100.0%, Tightness=0.999, StdDev=0.000
[2025-10-23 00:27:34] INFO: [Accept] S13234 - Jin_Rae | Raw=0.997, Confidence=100%, Margin=0.997 | Strong confidence match
[2025-10-23 00:27:34] INFO: [Recognition] Scores: S13234 - Jin_Rae=0.996 
[2025-10-23 00:27:34] INFO: [Decision] Best=S13234 - Jin_Rae(0.996), 2nd=0.000, Discriminative=0.996, AvgNeg=0.000
[2025-10-23 00:27:34] INFO: [Thresholds] Abs=0.600, Margin=0.100(10.0%), RelMargin=100.0%, Tightness=0.999, StdDev=0.000
[2025-10-23 00:27:34] INFO: [Accept] S13234 - Jin_Rae | Raw=0.996, Confidence=100%, Margin=0.996 | Strong confidence match
[2025-10-23 00:27:35] INFO: [Recognition] Scores: S13234 - Jin_Rae=0.997 
[2025-10-23 00:27:35] INFO: [Decision] Best=S13234 - Jin_Rae(0.997), 2nd=0.000, Discriminative=0.997, AvgNeg=0.000
[2025-10-23 00:27:35] INFO: [Thresholds] Abs=0.600, Margin=0.100(10.0%), RelMargin=100.0%, Tightness=0.999, StdDev=0.000
[2025-10-23 00:27:35] INFO: [Accept] S13234 - Jin_Rae | Raw=0.997, Confidence=100%, Margin=0.997 | Strong confidence match
[2025-10-23 00:27:35] INFO: [Recognition] Scores: S13234 - Jin_Rae=0.997 
[2025-10-23 00:27:35] INFO: [Decision] Best=S13234 - Jin_Rae(0.997), 2nd=0.000, Discriminative=0.997, AvgNeg=0.000
[2025-10-23 00:27:35] INFO: [Thresholds] Abs=0.600, Margin=0.100(10.0%), RelMargin=100.0%, Tightness=0.999, StdDev=0.000
[2025-10-23 00:27:35] INFO: [Accept] S13234 - Jin_Rae | Raw=0.997, Confidence=100%, Margin=0.997 | Strong confidence match
[2025-10-23 00:27:36] INFO: [Recognition] Scores: S13234 - Jin_Rae=0.996 
[2025-10-23 00:27:36] INFO: [Decision] Best=S13234 - Jin_Rae(0.996), 2nd=0.000, Discriminative=0.996, AvgNeg=0.000
[2025-10-23 00:27:36] INFO: [Thresholds] Abs=0.600, Margin=0.100(10.0%), RelMargin=100.0%, Tightness=0.999, StdDev=0.000
[2025-10-23 00:27:36] INFO: [Accept] S13234 - Jin_Rae | Raw=0.996, Confidence=100%, Margin=0.996 | Strong confidence match
[2025-10-23 00:27:36] INFO: [Recognition] Scores: S13234 - Jin_Rae=0.996 
[2025-10-23 00:27:36] INFO: [Decision] Best=S13234 - Jin_Rae(0.996), 2nd=0.000, Discriminative=0.996, AvgNeg=0.000
[2025-10-23 00:27:36] INFO: [Thresholds] Abs=0.600, Margin=0.100(10.0%), RelMargin=100.0%, Tightness=0.999, StdDev=0.000
[2025-10-23 00:27:36] INFO: [Accept] S13234 - Jin_Rae | Raw=0.996, Confidence=100%, Margin=0.996 | Strong confidence match
[2025-10-23 00:27:36] INFO: [Recognition] Scores: S13234 - Jin_Rae=0.996 
[2025-10-23 00:27:36] INFO: [Decision] Best=S13234 - Jin_Rae(0.996), 2nd=0.000, Discriminative=0.996, AvgNeg=0.000
[2025-10-23 00:27:36] INFO: [Thresholds] Abs=0.600, Margin=0.100(10.0%), RelMargin=100.0%, Tightness=0.999, StdDev=0.000
[2025-10-23 00:27:36] INFO: [Accept] S13234 - Jin_Rae | Raw=0.996, Confidence=100%, Margin=0.996 | Strong confidence match
[2025-10-23 00:27:37] INFO: [Recognition] Scores: S13234 - Jin_Rae=0.996 
[2025-10-23 00:27:37] INFO: [Decision] Best=S13234 - Jin_Rae(0.996), 2nd=0.000, Discriminative=0.996, AvgNeg=0.000
[2025-10-23 00:27:37] INFO: [Thresholds] Abs=0.600, Margin=0.100(10.0%), RelMargin=100.0%, Tightness=0.999, StdDev=0.000
[2025-10-23 00:27:37] INFO: [Accept] S13234 - Jin_Rae | Raw=0.996, Confidence=100%, Margin=0.996 | Strong confidence match
[2025-10-23 00:27:37] INFO: [Recognition] Scores: S13234 - Jin_Rae=0.996 
[2025-10-23 00:27:37] INFO: [Decision] Best=S13234 - Jin_Rae(0.996), 2nd=0.000, Discriminative=0.996, AvgNeg=0.000
[2025-10-23 00:27:37] INFO: [Thresholds] Abs=0.600, Margin=0.100(10.0%), RelMargin=100.0%, Tightness=0.999, StdDev=0.000
[2025-10-23 00:27:37] INFO: [Accept] S13234 - Jin_Rae | Raw=0.996, Confidence=100%, Margin=0.996 | Strong confidence match
[2025-10-23 00:27:38] INFO: [Recognition] Scores: S13234 - Jin_Rae=0.996 
[2025-10-23 00:27:38] INFO: [Decision] Best=S13234 - Jin_Rae(0.996), 2nd=0.000, Discriminative=0.996, AvgNeg=0.000
[2025-10-23 00:27:38] INFO: [Thresholds] Abs=0.600, Margin=0.100(10.0%), RelMargin=100.0%, Tightness=0.999, StdDev=0.000
[2025-10-23 00:27:38] INFO: [Accept] S13234 - Jin_Rae | Raw=0.996, Confidence=100%, Margin=0.996 | Strong confidence match
[2025-10-23 00:27:38] INFO: [Recognition] Scores: S13234 - Jin_Rae=0.996 
[2025-10-23 00:27:38] INFO: [Decision] Best=S13234 - Jin_Rae(0.996), 2nd=0.000, Discriminative=0.996, AvgNeg=0.000
[2025-10-23 00:27:38] INFO: [Thresholds] Abs=0.600, Margin=0.100(10.0%), RelMargin=100.0%, Tightness=0.999, StdDev=0.000
[2025-10-23 00:27:38] INFO: [Accept] S13234 - Jin_Rae | Raw=0.996, Confidence=100%, Margin=0.996 | Strong confidence match
[2025-10-23 00:27:38] INFO: [Recognition] Scores: S13234 - Jin_Rae=0.996 
[2025-10-23 00:27:38] INFO: [Decision] Best=S13234 - Jin_Rae(0.996), 2nd=0.000, Discriminative=0.996, AvgNeg=0.000
[2025-10-23 00:27:38] INFO: [Thresholds] Abs=0.600, Margin=0.100(10.0%), RelMargin=100.0%, Tightness=0.999, StdDev=0.000
[2025-10-23 00:27:38] INFO: [Accept] S13234 - Jin_Rae | Raw=0.996, Confidence=100%, Margin=0.996 | Strong confidence match
[2025-10-23 00:27:39] INFO: [Recognition] Scores: S13234 - Jin_Rae=0.996 
[2025-10-23 00:27:39] INFO: [Decision] Best=S13234 - Jin_Rae(0.996), 2nd=0.000, Discriminative=0.996, AvgNeg=0.000
[2025-10-23 00:27:39] INFO: [Thresholds] Abs=0.600, Margin=0.100(10.0%), RelMargin=100.0%, Tightness=0.999, StdDev=0.000
[2025-10-23 00:27:39] INFO: [Accept] S13234 - Jin_Rae | Raw=0.996, Confidence=100%, Margin=0.996 | Strong confidence match
[2025-10-23 00:27:39] INFO: [Recognition] Scores: S13234 - Jin_Rae=0.996 
[2025-10-23 00:27:39] INFO: [Decision] Best=S13234 - Jin_Rae(0.996), 2nd=0.000, Discriminative=0.996, AvgNeg=0.000
[2025-10-23 00:27:39] INFO: [Thresholds] Abs=0.600, Margin=0.100(10.0%), RelMargin=100.0%, Tightness=0.999, StdDev=0.000
[2025-10-23 00:27:39] INFO: [Accept] S13234 - Jin_Rae | Raw=0.996, Confidence=100%, Margin=0.996 | Strong confidence match
[2025-10-23 00:27:40] INFO: [Recognition] Scores: S13234 - Jin_Rae=0.996 
[2025-10-23 00:27:40] INFO: [Decision] Best=S13234 - Jin_Rae(0.996), 2nd=0.000, Discriminative=0.996, AvgNeg=0.000
[2025-10-23 00:27:40] INFO: [Thresholds] Abs=0.600, Margin=0.100(10.1%), RelMargin=100.0%, Tightness=0.999, StdDev=0.000
[2025-10-23 00:27:40] INFO: [Accept] S13234 - Jin_Rae | Raw=0.996, Confidence=100%, Margin=0.996 | Strong confidence match
[2025-10-23 00:27:40] INFO: [Recognition] Scores: S13234 - Jin_Rae=0.995 
[2025-10-23 00:27:40] INFO: [Decision] Best=S13234 - Jin_Rae(0.995), 2nd=0.000, Discriminative=0.995, AvgNeg=0.000
[2025-10-23 00:27:40] INFO: [Thresholds] Abs=0.600, Margin=0.100(10.1%), RelMargin=100.0%, Tightness=0.999, StdDev=0.000
[2025-10-23 00:27:40] INFO: [Accept] S13234 - Jin_Rae | Raw=0.995, Confidence=100%, Margin=0.995 | Strong confidence match
[2025-10-23 00:27:41] INFO: [Recognition] Scores: S13234 - Jin_Rae=0.996 
[2025-10-23 00:27:41] INFO: [Decision] Best=S13234 - Jin_Rae(0.996), 2nd=0.000, Discriminative=0.996, AvgNeg=0.000
[2025-10-23 00:27:41] INFO: [Thresholds] Abs=0.600, Margin=0.100(10.1%), RelMargin=100.0%, Tightness=0.999, StdDev=0.000
[2025-10-23 00:27:41] INFO: [Accept] S13234 - Jin_Rae | Raw=0.996, Confidence=100%, Margin=0.996 | Strong confidence match
[2025-10-23 00:27:41] INFO: [Recognition] Scores: S13234 - Jin_Rae=0.996 
[2025-10-23 00:27:41] INFO: [Decision] Best=S13234 - Jin_Rae(0.996), 2nd=0.000, Discriminative=0.996, AvgNeg=0.000
[2025-10-23 00:27:41] INFO: [Thresholds] Abs=0.600, Margin=0.100(10.1%), RelMargin=100.0%, Tightness=0.999, StdDev=0.000
[2025-10-23 00:27:41] INFO: [Accept] S13234 - Jin_Rae | Raw=0.996, Confidence=100%, Margin=0.996 | Strong confidence match
[2025-10-23 00:27:41] INFO: [Recognition] Scores: S13234 - Jin_Rae=0.995 
[2025-10-23 00:27:41] INFO: [Decision] Best=S13234 - Jin_Rae(0.995), 2nd=0.000, Discriminative=0.995, AvgNeg=0.000
[2025-10-23 00:27:41] INFO: [Thresholds] Abs=0.600, Margin=0.100(10.1%), RelMargin=100.0%, Tightness=0.999, StdDev=0.000
[2025-10-23 00:27:41] INFO: [Accept] S13234 - Jin_Rae | Raw=0.995, Confidence=100%, Margin=0.995 | Strong confidence match
[2025-10-23 00:27:42] INFO: [Recognition] Scores: S13234 - Jin_Rae=0.995 
[2025-10-23 00:27:42] INFO: [Decision] Best=S13234 - Jin_Rae(0.995), 2nd=0.000, Discriminative=0.995, AvgNeg=0.000
[2025-10-23 00:27:42] INFO: [Thresholds] Abs=0.600, Margin=0.100(10.1%), RelMargin=100.0%, Tightness=0.999, StdDev=0.000
[2025-10-23 00:27:42] INFO: [Accept] S13234 - Jin_Rae | Raw=0.995, Confidence=100%, Margin=0.995 | Strong confidence match
[2025-10-23 00:27:43] INFO: [Recognition] Scores: S13234 - Jin_Rae=0.995 
[2025-10-23 00:27:43] INFO: [Decision] Best=S13234 - Jin_Rae(0.995), 2nd=0.000, Discriminative=0.995, AvgNeg=0.000
[2025-10-23 00:27:43] INFO: [Thresholds] Abs=0.600, Margin=0.100(10.1%), RelMargin=100.0%, Tightness=0.999, StdDev=0.000
[2025-10-23 00:27:43] INFO: [Accept] S13234 - Jin_Rae | Raw=0.995, Confidence=100%, Margin=0.995 | Strong confidence match
[2025-10-23 00:27:43] INFO: [Recognition] Scores: S13234 - Jin_Rae=0.995 
[2025-10-23 00:27:43] INFO: [Decision] Best=S13234 - Jin_Rae(0.995), 2nd=0.000, Discriminative=0.995, AvgNeg=0.000
[2025-10-23 00:27:43] INFO: [Thresholds] Abs=0.600, Margin=0.100(10.1%), RelMargin=100.0%, Tightness=0.999, StdDev=0.000
[2025-10-23 00:27:43] INFO: [Accept] S13234 - Jin_Rae | Raw=0.995, Confidence=100%, Margin=0.995 | Strong confidence match
[2025-10-23 00:27:43] INFO: [Recognition] Scores: S13234 - Jin_Rae=0.995 
[2025-10-23 00:27:43] INFO: [Decision] Best=S13234 - Jin_Rae(0.995), 2nd=0.000, Discriminative=0.995, AvgNeg=0.000
[2025-10-23 00:27:43] INFO: [Thresholds] Abs=0.600, Margin=0.100(10.1%), RelMargin=100.0%, Tightness=0.999, StdDev=0.000
[2025-10-23 00:27:43] INFO: [Accept] S13234 - Jin_Rae | Raw=0.995, Confidence=100%, Margin=0.995 | Strong confidence match
[2025-10-23 00:27:44] INFO: [Recognition] Scores: S13234 - Jin_Rae=0.996 
[2025-10-23 00:27:44] INFO: [Decision] Best=S13234 - Jin_Rae(0.996), 2nd=0.000, Discriminative=0.996, AvgNeg=0.000
[2025-10-23 00:27:44] INFO: [Thresholds] Abs=0.600, Margin=0.100(10.1%), RelMargin=100.0%, Tightness=0.999, StdDev=0.000
[2025-10-23 00:27:44] INFO: [Accept] S13234 - Jin_Rae | Raw=0.996, Confidence=100%, Margin=0.996 | Strong confidence match
[2025-10-23 00:27:44] INFO: [Recognition] Scores: S13234 - Jin_Rae=0.995 
[2025-10-23 00:27:44] INFO: [Decision] Best=S13234 - Jin_Rae(0.995), 2nd=0.000, Discriminative=0.995, AvgNeg=0.000
[2025-10-23 00:27:44] INFO: [Thresholds] Abs=0.600, Margin=0.100(10.1%), RelMargin=100.0%, Tightness=0.999, StdDev=0.000
[2025-10-23 00:27:44] INFO: [Accept] S13234 - Jin_Rae | Raw=0.995, Confidence=100%, Margin=0.995 | Strong confidence match
[2025-10-23 00:27:45] INFO: [Recognition] Scores: S13234 - Jin_Rae=0.996 
[2025-10-23 00:27:45] INFO: [Decision] Best=S13234 - Jin_Rae(0.996), 2nd=0.000, Discriminative=0.996, AvgNeg=0.000
[2025-10-23 00:27:45] INFO: [Thresholds] Abs=0.600, Margin=0.100(10.0%), RelMargin=100.0%, Tightness=0.999, StdDev=0.000
[2025-10-23 00:27:45] INFO: [Accept] S13234 - Jin_Rae | Raw=0.996, Confidence=100%, Margin=0.996 | Strong confidence match
[2025-10-23 00:27:45] INFO: [Recognition] Scores: S13234 - Jin_Rae=0.996 
[2025-10-23 00:27:45] INFO: [Decision] Best=S13234 - Jin_Rae(0.996), 2nd=0.000, Discriminative=0.996, AvgNeg=0.000
[2025-10-23 00:27:45] INFO: [Thresholds] Abs=0.600, Margin=0.100(10.0%), RelMargin=100.0%, Tightness=0.999, StdDev=0.000
[2025-10-23 00:27:45] INFO: [Accept] S13234 - Jin_Rae | Raw=0.996, Confidence=100%, Margin=0.996 | Strong confidence match
[2025-10-23 00:27:45] INFO: [Recognition] Scores: S13234 - Jin_Rae=0.996 
[2025-10-23 00:27:45] INFO: [Decision] Best=S13234 - Jin_Rae(0.996), 2nd=0.000, Discriminative=0.996, AvgNeg=0.000
[2025-10-23 00:27:45] INFO: [Thresholds] Abs=0.600, Margin=0.100(10.0%), RelMargin=100.0%, Tightness=0.999, StdDev=0.000
[2025-10-23 00:27:45] INFO: [Accept] S13234 - Jin_Rae | Raw=0.996, Confidence=100%, Margin=0.996 | Strong confidence match
[2025-10-23 00:27:47] INFO: [Reject] Face rejected: Poor image quality. Image has poor contrast (contrast: 19.2). 
[2025-10-23 00:27:48] INFO: [Reject] Face rejected: Poor image quality. Image has poor contrast (contrast: 19.6). 
[2025-10-23 00:27:48] INFO: [Reject] Face rejected: Poor image quality. Image has poor contrast (contrast: 19.2). 
[2025-10-23 00:27:49] INFO: [Reject] Face rejected: Poor image quality. Image has poor contrast (contrast: 19.3). 
[2025-10-23 00:27:49] INFO: [Reject] Face rejected: Poor image quality. Image has poor contrast (contrast: 19.5). 
[2025-10-23 00:27:49] INFO: [Reject] Face rejected: Poor image quality. Image has poor contrast (contrast: 19.7). 
[2025-10-23 00:27:50] INFO: [Reject] Face rejected: Poor image quality. Image has poor contrast (contrast: 19.7). 
[2025-10-23 00:27:50] INFO: [Reject] Face rejected: Poor image quality. Image has poor contrast (contrast: 19.3). 
[2025-10-23 00:27:51] INFO: [Reject] Face rejected: Poor image quality. Image has poor contrast (contrast: 19.4). 
[2025-10-23 00:27:51] INFO: [Reject] Face rejected: Poor image quality. Image has poor contrast (contrast: 19.8). 
[2025-10-23 00:27:51] INFO: [Reject] Face rejected: Poor image quality. Image has poor contrast (contrast: 18.5). 
[2025-10-23 00:27:52] INFO: [Reject] Face rejected: Poor image quality. Image has poor contrast (contrast: 17.0). 
[2025-10-23 00:27:52] INFO: [Reject] Face rejected: Poor image quality. Image has poor contrast (contrast: 18.0). 
[2025-10-23 00:27:53] INFO: [Reject] Face rejected: Poor image quality. Image has poor contrast (contrast: 17.9). 
[2025-10-23 00:27:53] INFO: [Reject] Face rejected: Poor image quality. Image has poor contrast (contrast: 18.3). 
[2025-10-23 00:27:54] INFO: [Reject] Face rejected: Poor image quality. Image has poor contrast (contrast: 18.8). 
[2025-10-23 00:27:54] INFO: Exiting Face Recognition Demo...
[2025-10-23 00:27:54] INFO: Exiting Face Recognition Demo...
