[2025-10-22 17:55:01] INFO: Application Logger Initialized.
[2025-10-22 17:55:01] INFO: Configuration and core components loaded.
[2025-10-22 17:55:01] INFO: app.properties normalized (55 entries).
[2025-10-22 17:55:01] INFO: Configuration loaded from classpath: app.properties
[2025-10-22 17:55:01] INFO: Configuration file loaded
[2025-10-22 17:55:01] INFO: MyGUIProgram Started!
[2025-10-22 17:55:03] INFO: ￢ﾜﾓ FaceAligner initialized with 5-point alignment support
[2025-10-22 17:55:04] INFO: ￢ﾜﾅ ArcFace ResNet100 model loaded successfully
[2025-10-22 17:55:04] INFO: ￢ﾜﾓ FaceAligner initialized with 5-point alignment support
[2025-10-22 17:55:04] INFO: === Folder debug ===
[2025-10-22 17:55:04] INFO: Found folder: C:\SMU\CS102 Project\FaceRecognitionCS102\data\facedata\S13234_Jin_Rae
[2025-10-22 17:55:04] INFO:   Contains: 34 items
[2025-10-22 17:55:04] INFO:   Display label: S13234 - Jin_Rae
[2025-10-22 17:55:04] INFO: ====================
[2025-10-22 17:55:05] INFO: Person S13234 - Jin_Rae: tightness=0.999, stdDev=0.000, absThresh=0.600, margin=0.100
[2025-10-22 17:55:05] INFO: DNN face detector loaded successfully for recognition
[2025-10-22 17:55:05] INFO: Attempting camera index 0 with DSHOW backend...
[2025-10-22 17:55:06] INFO: Camera opened successfully: index 0 with DSHOW backend
[2025-10-22 17:55:10] INFO: Camera configured: 640x480 @ 30fps (MJPEG: yes)
[2025-10-22 17:55:10] INFO: Camera initialized successfully
[2025-10-22 17:55:12] SEVERE: ￢ﾝﾌ Invalid embedding norm: Infinity
[2025-10-22 17:55:12] INFO: [Reject] Face rejected: Embedding generation failed.
[2025-10-22 17:55:12] INFO: [Recognition] Scores: S13234 - Jin_Rae=0.994 
[2025-10-22 17:55:12] INFO: [Decision] Best=S13234 - Jin_Rae(0.994), 2nd=0.000, Discriminative=0.994, AvgNeg=0.000
[2025-10-22 17:55:12] INFO: [Thresholds] Abs=0.600, Margin=0.100(10.1%), RelMargin=100.0%, Tightness=0.999, StdDev=0.000
[2025-10-22 17:55:12] INFO: [Decision] ACCEPT: Best score meets absolute threshold
[2025-10-22 17:55:13] INFO: [Recognition] Scores: S13234 - Jin_Rae=0.994 
[2025-10-22 17:55:13] INFO: [Decision] Best=S13234 - Jin_Rae(0.994), 2nd=0.000, Discriminative=0.994, AvgNeg=0.000
[2025-10-22 17:55:13] INFO: [Thresholds] Abs=0.600, Margin=0.100(10.1%), RelMargin=100.0%, Tightness=0.999, StdDev=0.000
[2025-10-22 17:55:13] INFO: [Decision] ACCEPT: Best score meets absolute threshold
[2025-10-22 17:55:13] INFO: [Recognition] Scores: S13234 - Jin_Rae=0.994 
[2025-10-22 17:55:13] INFO: [Decision] Best=S13234 - Jin_Rae(0.994), 2nd=0.000, Discriminative=0.994, AvgNeg=0.000
[2025-10-22 17:55:13] INFO: [Thresholds] Abs=0.600, Margin=0.100(10.1%), RelMargin=100.0%, Tightness=0.999, StdDev=0.000
[2025-10-22 17:55:13] INFO: [Decision] ACCEPT: Best score meets absolute threshold
[2025-10-22 17:55:13] INFO: [Recognition] Scores: S13234 - Jin_Rae=0.994 
[2025-10-22 17:55:13] INFO: [Decision] Best=S13234 - Jin_Rae(0.994), 2nd=0.000, Discriminative=0.994, AvgNeg=0.000
[2025-10-22 17:55:13] INFO: [Thresholds] Abs=0.600, Margin=0.100(10.1%), RelMargin=100.0%, Tightness=0.999, StdDev=0.000
[2025-10-22 17:55:13] INFO: [Decision] ACCEPT: Best score meets absolute threshold
[2025-10-22 17:55:14] INFO: [Recognition] Scores: S13234 - Jin_Rae=0.994 
[2025-10-22 17:55:14] INFO: [Decision] Best=S13234 - Jin_Rae(0.994), 2nd=0.000, Discriminative=0.994, AvgNeg=0.000
[2025-10-22 17:55:14] INFO: [Thresholds] Abs=0.600, Margin=0.100(10.1%), RelMargin=100.0%, Tightness=0.999, StdDev=0.000
[2025-10-22 17:55:14] INFO: [Decision] ACCEPT: Best score meets absolute threshold
[2025-10-22 17:55:14] INFO: [Recognition] Scores: S13234 - Jin_Rae=0.994 
[2025-10-22 17:55:14] INFO: [Decision] Best=S13234 - Jin_Rae(0.994), 2nd=0.000, Discriminative=0.994, AvgNeg=0.000
[2025-10-22 17:55:14] INFO: [Thresholds] Abs=0.600, Margin=0.100(10.1%), RelMargin=100.0%, Tightness=0.999, StdDev=0.000
[2025-10-22 17:55:14] INFO: [Decision] ACCEPT: Best score meets absolute threshold
[2025-10-22 17:55:15] INFO: [Recognition] Scores: S13234 - Jin_Rae=0.994 
[2025-10-22 17:55:15] INFO: [Decision] Best=S13234 - Jin_Rae(0.994), 2nd=0.000, Discriminative=0.994, AvgNeg=0.000
[2025-10-22 17:55:15] INFO: [Thresholds] Abs=0.600, Margin=0.100(10.1%), RelMargin=100.0%, Tightness=0.999, StdDev=0.000
[2025-10-22 17:55:15] INFO: [Decision] ACCEPT: Best score meets absolute threshold
[2025-10-22 17:55:15] INFO: [Recognition] Scores: S13234 - Jin_Rae=0.994 
[2025-10-22 17:55:15] INFO: [Decision] Best=S13234 - Jin_Rae(0.994), 2nd=0.000, Discriminative=0.994, AvgNeg=0.000
[2025-10-22 17:55:15] INFO: [Thresholds] Abs=0.600, Margin=0.100(10.1%), RelMargin=100.0%, Tightness=0.999, StdDev=0.000
[2025-10-22 17:55:15] INFO: [Decision] ACCEPT: Best score meets absolute threshold
[2025-10-22 17:55:15] INFO: [Recognition] Scores: S13234 - Jin_Rae=0.994 
[2025-10-22 17:55:15] INFO: [Decision] Best=S13234 - Jin_Rae(0.994), 2nd=0.000, Discriminative=0.994, AvgNeg=0.000
[2025-10-22 17:55:15] INFO: [Thresholds] Abs=0.600, Margin=0.100(10.1%), RelMargin=100.0%, Tightness=0.999, StdDev=0.000
[2025-10-22 17:55:15] INFO: [Decision] ACCEPT: Best score meets absolute threshold
[2025-10-22 17:55:16] INFO: [Recognition] Scores: S13234 - Jin_Rae=0.994 
[2025-10-22 17:55:16] INFO: [Decision] Best=S13234 - Jin_Rae(0.994), 2nd=0.000, Discriminative=0.994, AvgNeg=0.000
[2025-10-22 17:55:16] INFO: [Thresholds] Abs=0.600, Margin=0.100(10.1%), RelMargin=100.0%, Tightness=0.999, StdDev=0.000
[2025-10-22 17:55:16] INFO: [Decision] ACCEPT: Best score meets absolute threshold
[2025-10-22 17:55:16] INFO: [Recognition] Scores: S13234 - Jin_Rae=0.994 
[2025-10-22 17:55:16] INFO: [Decision] Best=S13234 - Jin_Rae(0.994), 2nd=0.000, Discriminative=0.994, AvgNeg=0.000
[2025-10-22 17:55:16] INFO: [Thresholds] Abs=0.600, Margin=0.100(10.1%), RelMargin=100.0%, Tightness=0.999, StdDev=0.000
[2025-10-22 17:55:16] INFO: [Decision] ACCEPT: Best score meets absolute threshold
[2025-10-22 17:55:17] INFO: [Recognition] Scores: S13234 - Jin_Rae=0.994 
[2025-10-22 17:55:17] INFO: [Decision] Best=S13234 - Jin_Rae(0.994), 2nd=0.000, Discriminative=0.994, AvgNeg=0.000
[2025-10-22 17:55:17] INFO: [Thresholds] Abs=0.600, Margin=0.100(10.1%), RelMargin=100.0%, Tightness=0.999, StdDev=0.000
[2025-10-22 17:55:17] INFO: [Decision] ACCEPT: Best score meets absolute threshold
[2025-10-22 17:55:17] INFO: [Recognition] Scores: S13234 - Jin_Rae=0.994 
[2025-10-22 17:55:17] INFO: [Decision] Best=S13234 - Jin_Rae(0.994), 2nd=0.000, Discriminative=0.994, AvgNeg=0.000
[2025-10-22 17:55:17] INFO: [Thresholds] Abs=0.600, Margin=0.100(10.1%), RelMargin=100.0%, Tightness=0.999, StdDev=0.000
[2025-10-22 17:55:17] INFO: [Decision] ACCEPT: Best score meets absolute threshold
[2025-10-22 17:55:17] INFO: [Recognition] Scores: S13234 - Jin_Rae=0.994 
[2025-10-22 17:55:17] INFO: [Decision] Best=S13234 - Jin_Rae(0.994), 2nd=0.000, Discriminative=0.994, AvgNeg=0.000
[2025-10-22 17:55:17] INFO: [Thresholds] Abs=0.600, Margin=0.100(10.1%), RelMargin=100.0%, Tightness=0.999, StdDev=0.000
[2025-10-22 17:55:17] INFO: [Decision] ACCEPT: Best score meets absolute threshold
[2025-10-22 17:55:18] INFO: [Recognition] Scores: S13234 - Jin_Rae=0.994 
[2025-10-22 17:55:18] INFO: [Decision] Best=S13234 - Jin_Rae(0.994), 2nd=0.000, Discriminative=0.994, AvgNeg=0.000
[2025-10-22 17:55:18] INFO: [Thresholds] Abs=0.600, Margin=0.100(10.1%), RelMargin=100.0%, Tightness=0.999, StdDev=0.000
[2025-10-22 17:55:18] INFO: [Decision] ACCEPT: Best score meets absolute threshold
[2025-10-22 17:55:18] INFO: [Recognition] Scores: S13234 - Jin_Rae=0.994 
[2025-10-22 17:55:18] INFO: [Decision] Best=S13234 - Jin_Rae(0.994), 2nd=0.000, Discriminative=0.994, AvgNeg=0.000
[2025-10-22 17:55:18] INFO: [Thresholds] Abs=0.600, Margin=0.100(10.1%), RelMargin=100.0%, Tightness=0.999, StdDev=0.000
[2025-10-22 17:55:18] INFO: [Decision] ACCEPT: Best score meets absolute threshold
[2025-10-22 17:55:19] INFO: [Recognition] Scores: S13234 - Jin_Rae=0.994 
[2025-10-22 17:55:19] INFO: [Decision] Best=S13234 - Jin_Rae(0.994), 2nd=0.000, Discriminative=0.994, AvgNeg=0.000
[2025-10-22 17:55:19] INFO: [Thresholds] Abs=0.600, Margin=0.100(10.1%), RelMargin=100.0%, Tightness=0.999, StdDev=0.000
[2025-10-22 17:55:19] INFO: [Decision] ACCEPT: Best score meets absolute threshold
[2025-10-22 17:55:19] INFO: [Recognition] Scores: S13234 - Jin_Rae=0.994 
[2025-10-22 17:55:19] INFO: [Decision] Best=S13234 - Jin_Rae(0.994), 2nd=0.000, Discriminative=0.994, AvgNeg=0.000
[2025-10-22 17:55:19] INFO: [Thresholds] Abs=0.600, Margin=0.100(10.1%), RelMargin=100.0%, Tightness=0.999, StdDev=0.000
[2025-10-22 17:55:19] INFO: [Decision] ACCEPT: Best score meets absolute threshold
[2025-10-22 17:55:20] INFO: [Recognition] Scores: S13234 - Jin_Rae=0.994 
[2025-10-22 17:55:20] INFO: [Decision] Best=S13234 - Jin_Rae(0.994), 2nd=0.000, Discriminative=0.994, AvgNeg=0.000
[2025-10-22 17:55:20] INFO: [Thresholds] Abs=0.600, Margin=0.100(10.1%), RelMargin=100.0%, Tightness=0.999, StdDev=0.000
[2025-10-22 17:55:20] INFO: [Decision] ACCEPT: Best score meets absolute threshold
[2025-10-22 17:55:20] INFO: [Recognition] Scores: S13234 - Jin_Rae=0.994 
[2025-10-22 17:55:20] INFO: [Decision] Best=S13234 - Jin_Rae(0.994), 2nd=0.000, Discriminative=0.994, AvgNeg=0.000
[2025-10-22 17:55:20] INFO: [Thresholds] Abs=0.600, Margin=0.100(10.1%), RelMargin=100.0%, Tightness=0.999, StdDev=0.000
[2025-10-22 17:55:20] INFO: [Decision] ACCEPT: Best score meets absolute threshold
[2025-10-22 17:55:20] INFO: [Recognition] Scores: S13234 - Jin_Rae=0.994 
[2025-10-22 17:55:20] INFO: [Decision] Best=S13234 - Jin_Rae(0.994), 2nd=0.000, Discriminative=0.994, AvgNeg=0.000
[2025-10-22 17:55:20] INFO: [Thresholds] Abs=0.600, Margin=0.100(10.1%), RelMargin=100.0%, Tightness=0.999, StdDev=0.000
[2025-10-22 17:55:20] INFO: [Decision] ACCEPT: Best score meets absolute threshold
[2025-10-22 17:55:21] INFO: [Recognition] Scores: S13234 - Jin_Rae=0.994 
[2025-10-22 17:55:21] INFO: [Decision] Best=S13234 - Jin_Rae(0.994), 2nd=0.000, Discriminative=0.994, AvgNeg=0.000
[2025-10-22 17:55:21] INFO: [Thresholds] Abs=0.600, Margin=0.100(10.1%), RelMargin=100.0%, Tightness=0.999, StdDev=0.000
[2025-10-22 17:55:21] INFO: [Decision] ACCEPT: Best score meets absolute threshold
[2025-10-22 17:55:21] SEVERE: ￢ﾝﾌ Invalid embedding norm: Infinity
[2025-10-22 17:55:21] INFO: [Reject] Face rejected: Embedding generation failed.
[2025-10-22 17:55:22] INFO: [Recognition] Scores: S13234 - Jin_Rae=0.994 
[2025-10-22 17:55:22] INFO: [Decision] Best=S13234 - Jin_Rae(0.994), 2nd=0.000, Discriminative=0.994, AvgNeg=0.000
[2025-10-22 17:55:22] INFO: [Thresholds] Abs=0.600, Margin=0.100(10.1%), RelMargin=100.0%, Tightness=0.999, StdDev=0.000
[2025-10-22 17:55:22] INFO: [Decision] ACCEPT: Best score meets absolute threshold
[2025-10-22 17:55:22] INFO: [Recognition] Scores: S13234 - Jin_Rae=0.994 
[2025-10-22 17:55:22] INFO: [Decision] Best=S13234 - Jin_Rae(0.994), 2nd=0.000, Discriminative=0.994, AvgNeg=0.000
[2025-10-22 17:55:22] INFO: [Thresholds] Abs=0.600, Margin=0.100(10.1%), RelMargin=100.0%, Tightness=0.999, StdDev=0.000
[2025-10-22 17:55:22] INFO: [Decision] ACCEPT: Best score meets absolute threshold
[2025-10-22 17:55:23] INFO: [Recognition] Scores: S13234 - Jin_Rae=0.994 
[2025-10-22 17:55:23] INFO: [Decision] Best=S13234 - Jin_Rae(0.994), 2nd=0.000, Discriminative=0.994, AvgNeg=0.000
[2025-10-22 17:55:23] INFO: [Thresholds] Abs=0.600, Margin=0.100(10.1%), RelMargin=100.0%, Tightness=0.999, StdDev=0.000
[2025-10-22 17:55:23] INFO: [Decision] ACCEPT: Best score meets absolute threshold
[2025-10-22 17:55:23] INFO: [Recognition] Scores: S13234 - Jin_Rae=0.994 
[2025-10-22 17:55:23] INFO: [Decision] Best=S13234 - Jin_Rae(0.994), 2nd=0.000, Discriminative=0.994, AvgNeg=0.000
[2025-10-22 17:55:23] INFO: [Thresholds] Abs=0.600, Margin=0.100(10.1%), RelMargin=100.0%, Tightness=0.999, StdDev=0.000
[2025-10-22 17:55:23] INFO: [Decision] ACCEPT: Best score meets absolute threshold
[2025-10-22 17:55:23] INFO: [Recognition] Scores: S13234 - Jin_Rae=0.994 
[2025-10-22 17:55:23] INFO: [Decision] Best=S13234 - Jin_Rae(0.994), 2nd=0.000, Discriminative=0.994, AvgNeg=0.000
[2025-10-22 17:55:23] INFO: [Thresholds] Abs=0.600, Margin=0.100(10.1%), RelMargin=100.0%, Tightness=0.999, StdDev=0.000
[2025-10-22 17:55:23] INFO: [Decision] ACCEPT: Best score meets absolute threshold
[2025-10-22 17:55:24] INFO: [Recognition] Scores: S13234 - Jin_Rae=0.994 
[2025-10-22 17:55:24] INFO: [Decision] Best=S13234 - Jin_Rae(0.994), 2nd=0.000, Discriminative=0.994, AvgNeg=0.000
[2025-10-22 17:55:24] INFO: [Thresholds] Abs=0.600, Margin=0.100(10.1%), RelMargin=100.0%, Tightness=0.999, StdDev=0.000
[2025-10-22 17:55:24] INFO: [Decision] ACCEPT: Best score meets absolute threshold
[2025-10-22 17:55:24] INFO: Exiting Face Recognition Demo...
[2025-10-22 17:55:24] INFO: [Recognition] Scores: S13234 - Jin_Rae=0.994 
[2025-10-22 17:55:24] INFO: [Decision] Best=S13234 - Jin_Rae(0.994), 2nd=0.000, Discriminative=0.994, AvgNeg=0.000
[2025-10-22 17:55:24] INFO: [Thresholds] Abs=0.600, Margin=0.100(10.1%), RelMargin=100.0%, Tightness=0.999, StdDev=0.000
[2025-10-22 17:55:24] INFO: [Decision] ACCEPT: Best score meets absolute threshold
[2025-10-22 17:55:24] INFO: Exiting Face Recognition Demo...
