[2025-10-22 18:30:41] INFO: Application Logger Initialized.
[2025-10-22 18:30:41] INFO: Configuration and core components loaded.
[2025-10-22 18:30:41] INFO: app.properties normalized (55 entries).
[2025-10-22 18:30:41] INFO: Configuration loaded from classpath: app.properties
[2025-10-22 18:30:41] INFO: Configuration file loaded
[2025-10-22 18:30:41] INFO: MyGUIProgram Started!
[2025-10-22 18:30:43] INFO: ￢ﾜﾓ FaceAligner initialized with 5-point alignment support
[2025-10-22 18:30:45] INFO: ￢ﾜﾅ ArcFace ResNet100 model loaded successfully
[2025-10-22 18:30:45] INFO: ￢ﾜﾓ FaceAligner initialized with 5-point alignment support
[2025-10-22 18:30:45] INFO: === Folder debug ===
[2025-10-22 18:30:45] INFO: Found folder: C:\SMU\CS102 Project\FaceRecognitionCS102\data\facedata\S13234_Jin_Rae
[2025-10-22 18:30:45] INFO:   Contains: 34 items
[2025-10-22 18:30:45] INFO:   Display label: S13234 - Jin_Rae
[2025-10-22 18:30:45] INFO: ====================
[2025-10-22 18:30:45] INFO: Person S13234 - Jin_Rae: tightness=0.999, stdDev=0.000, absThresh=0.600, margin=0.100
[2025-10-22 18:30:45] INFO: DNN face detector loaded successfully for recognition
[2025-10-22 18:30:45] INFO: Attempting camera index 0 with DSHOW backend...
[2025-10-22 18:30:47] INFO: Camera opened successfully: index 0 with DSHOW backend
[2025-10-22 18:30:51] INFO: Camera configured: 640x480 @ 30fps (MJPEG: yes)
[2025-10-22 18:30:51] INFO: Camera initialized successfully
[2025-10-22 18:30:53] INFO: [Recognition] Scores: S13234 - Jin_Rae=0.995 
[2025-10-22 18:30:53] INFO: [Decision] Best=S13234 - Jin_Rae(0.995), 2nd=0.000, Discriminative=0.995, AvgNeg=0.000
[2025-10-22 18:30:53] INFO: [Thresholds] Abs=0.600, Margin=0.100(10.1%), RelMargin=100.0%, Tightness=0.999, StdDev=0.000
[2025-10-22 18:30:53] INFO: [Decision] ACCEPT: Best score meets absolute threshold
[2025-10-22 18:30:53] INFO: [Recognition] Scores: S13234 - Jin_Rae=0.996 
[2025-10-22 18:30:53] INFO: [Decision] Best=S13234 - Jin_Rae(0.996), 2nd=0.000, Discriminative=0.996, AvgNeg=0.000
[2025-10-22 18:30:53] INFO: [Thresholds] Abs=0.600, Margin=0.100(10.0%), RelMargin=100.0%, Tightness=0.999, StdDev=0.000
[2025-10-22 18:30:53] INFO: [Decision] ACCEPT: Best score meets absolute threshold
[2025-10-22 18:30:53] INFO: [Recognition] Scores: S13234 - Jin_Rae=0.996 
[2025-10-22 18:30:53] INFO: [Decision] Best=S13234 - Jin_Rae(0.996), 2nd=0.000, Discriminative=0.996, AvgNeg=0.000
[2025-10-22 18:30:53] INFO: [Thresholds] Abs=0.600, Margin=0.100(10.0%), RelMargin=100.0%, Tightness=0.999, StdDev=0.000
[2025-10-22 18:30:53] INFO: [Decision] ACCEPT: Best score meets absolute threshold
[2025-10-22 18:30:54] INFO: [Recognition] Scores: S13234 - Jin_Rae=0.996 
[2025-10-22 18:30:54] INFO: [Decision] Best=S13234 - Jin_Rae(0.996), 2nd=0.000, Discriminative=0.996, AvgNeg=0.000
[2025-10-22 18:30:54] INFO: [Thresholds] Abs=0.600, Margin=0.100(10.0%), RelMargin=100.0%, Tightness=0.999, StdDev=0.000
[2025-10-22 18:30:54] INFO: [Decision] ACCEPT: Best score meets absolute threshold
[2025-10-22 18:30:54] INFO: [Recognition] Scores: S13234 - Jin_Rae=0.997 
[2025-10-22 18:30:54] INFO: [Decision] Best=S13234 - Jin_Rae(0.997), 2nd=0.000, Discriminative=0.997, AvgNeg=0.000
[2025-10-22 18:30:54] INFO: [Thresholds] Abs=0.600, Margin=0.100(10.0%), RelMargin=100.0%, Tightness=0.999, StdDev=0.000
[2025-10-22 18:30:54] INFO: [Decision] ACCEPT: Best score meets absolute threshold
[2025-10-22 18:30:55] INFO: [Recognition] Scores: S13234 - Jin_Rae=0.996 
[2025-10-22 18:30:55] INFO: [Decision] Best=S13234 - Jin_Rae(0.996), 2nd=0.000, Discriminative=0.996, AvgNeg=0.000
[2025-10-22 18:30:55] INFO: [Thresholds] Abs=0.600, Margin=0.100(10.0%), RelMargin=100.0%, Tightness=0.999, StdDev=0.000
[2025-10-22 18:30:55] INFO: [Decision] ACCEPT: Best score meets absolute threshold
[2025-10-22 18:30:55] INFO: [Recognition] Scores: S13234 - Jin_Rae=0.995 
[2025-10-22 18:30:55] INFO: [Decision] Best=S13234 - Jin_Rae(0.995), 2nd=0.000, Discriminative=0.995, AvgNeg=0.000
[2025-10-22 18:30:55] INFO: [Thresholds] Abs=0.600, Margin=0.100(10.1%), RelMargin=100.0%, Tightness=0.999, StdDev=0.000
[2025-10-22 18:30:55] INFO: [Decision] ACCEPT: Best score meets absolute threshold
[2025-10-22 18:30:55] INFO: [Recognition] Scores: S13234 - Jin_Rae=0.995 
[2025-10-22 18:30:56] INFO: [Decision] Best=S13234 - Jin_Rae(0.995), 2nd=0.000, Discriminative=0.995, AvgNeg=0.000
[2025-10-22 18:30:56] INFO: [Thresholds] Abs=0.600, Margin=0.100(10.1%), RelMargin=100.0%, Tightness=0.999, StdDev=0.000
[2025-10-22 18:30:56] INFO: [Decision] ACCEPT: Best score meets absolute threshold
[2025-10-22 18:30:56] INFO: [Recognition] Scores: S13234 - Jin_Rae=0.996 
[2025-10-22 18:30:56] INFO: [Decision] Best=S13234 - Jin_Rae(0.996), 2nd=0.000, Discriminative=0.996, AvgNeg=0.000
[2025-10-22 18:30:56] INFO: [Thresholds] Abs=0.600, Margin=0.100(10.0%), RelMargin=100.0%, Tightness=0.999, StdDev=0.000
[2025-10-22 18:30:56] INFO: [Decision] ACCEPT: Best score meets absolute threshold
[2025-10-22 18:30:56] INFO: [Recognition] Scores: S13234 - Jin_Rae=0.996 
[2025-10-22 18:30:56] INFO: [Decision] Best=S13234 - Jin_Rae(0.996), 2nd=0.000, Discriminative=0.996, AvgNeg=0.000
[2025-10-22 18:30:56] INFO: [Thresholds] Abs=0.600, Margin=0.100(10.0%), RelMargin=100.0%, Tightness=0.999, StdDev=0.000
[2025-10-22 18:30:56] INFO: [Decision] ACCEPT: Best score meets absolute threshold
[2025-10-22 18:30:57] INFO: [Recognition] Scores: S13234 - Jin_Rae=0.996 
[2025-10-22 18:30:57] INFO: [Decision] Best=S13234 - Jin_Rae(0.996), 2nd=0.000, Discriminative=0.996, AvgNeg=0.000
[2025-10-22 18:30:57] INFO: [Thresholds] Abs=0.600, Margin=0.100(10.0%), RelMargin=100.0%, Tightness=0.999, StdDev=0.000
[2025-10-22 18:30:57] INFO: [Decision] ACCEPT: Best score meets absolute threshold
[2025-10-22 18:30:57] INFO: [Recognition] Scores: S13234 - Jin_Rae=0.995 
[2025-10-22 18:30:57] INFO: [Decision] Best=S13234 - Jin_Rae(0.995), 2nd=0.000, Discriminative=0.995, AvgNeg=0.000
[2025-10-22 18:30:57] INFO: [Thresholds] Abs=0.600, Margin=0.100(10.1%), RelMargin=100.0%, Tightness=0.999, StdDev=0.000
[2025-10-22 18:30:57] INFO: [Decision] ACCEPT: Best score meets absolute threshold
[2025-10-22 18:30:58] INFO: [Recognition] Scores: S13234 - Jin_Rae=0.995 
[2025-10-22 18:30:58] INFO: [Decision] Best=S13234 - Jin_Rae(0.995), 2nd=0.000, Discriminative=0.995, AvgNeg=0.000
[2025-10-22 18:30:58] INFO: [Thresholds] Abs=0.600, Margin=0.100(10.1%), RelMargin=100.0%, Tightness=0.999, StdDev=0.000
[2025-10-22 18:30:58] INFO: [Decision] ACCEPT: Best score meets absolute threshold
[2025-10-22 18:30:58] INFO: Exiting Face Recognition Demo...
[2025-10-22 18:30:58] INFO: Exiting Face Recognition Demo...
