[2025-10-18 18:34:31] INFO: Application Logger Initialized.
[2025-10-18 18:34:31] INFO: Configuration loaded from file: C:\SMU\CS102 Project\FaceRecognitionCS102\app.properties
[2025-10-18 18:34:32] INFO: GUI launched successfully
[2025-10-18 18:34:36] INFO: Face embedding model loaded successfully
[2025-10-18 18:34:36] INFO: ￢ﾜﾓ Facial landmark detector (cascade-based) loaded successfully
[2025-10-18 18:34:36] INFO: FaceCaptureDialog created for student: Jin Rae
[2025-10-18 18:34:36] INFO: Dialog initialized
[2025-10-18 18:34:36] INFO: Starting camera preview...
[2025-10-18 18:34:36] INFO: Camera FPS: 30.0
[2025-10-18 18:34:36] INFO: Preview timer started
[2025-10-18 18:34:37] INFO: Frame received: 640x480
[2025-10-18 18:34:37] INFO: Debug: 1 face(s) detected, best confidence: 0.97
[2025-10-18 18:34:37] INFO: Frame received: 640x480
[2025-10-18 18:34:37] INFO: Debug: 1 face(s) detected, best confidence: 0.98
[2025-10-18 18:34:37] INFO: Frame received: 640x480
[2025-10-18 18:34:37] INFO: Debug: 1 face(s) detected, best confidence: 0.98
[2025-10-18 18:34:37] INFO: Frame received: 640x480
[2025-10-18 18:34:37] INFO: Debug: 1 face(s) detected, best confidence: 0.98
[2025-10-18 18:34:37] INFO: Frame received: 640x480
[2025-10-18 18:34:37] INFO: Debug: 1 face(s) detected, best confidence: 0.97
[2025-10-18 18:34:37] INFO: Frame received: 640x480
[2025-10-18 18:34:37] INFO: Debug: 1 face(s) detected, best confidence: 0.97
[2025-10-18 18:34:37] INFO: Frame received: 640x480
[2025-10-18 18:34:37] INFO: Debug: 1 face(s) detected, best confidence: 0.97
[2025-10-18 18:34:37] INFO: Frame received: 640x480
[2025-10-18 18:34:37] INFO: Debug: 1 face(s) detected, best confidence: 0.97
[2025-10-18 18:34:37] INFO: Frame received: 640x480
[2025-10-18 18:34:38] INFO: Debug: 1 face(s) detected, best confidence: 0.97
[2025-10-18 18:34:38] INFO: Frame received: 640x480
[2025-10-18 18:34:38] INFO: Debug: 1 face(s) detected, best confidence: 0.96
[2025-10-18 18:34:38] INFO: Frame received: 640x480
[2025-10-18 18:34:38] INFO: Debug: 1 face(s) detected, best confidence: 0.97
[2025-10-18 18:34:38] INFO: Frame received: 640x480
[2025-10-18 18:34:38] INFO: Debug: 1 face(s) detected, best confidence: 0.98
[2025-10-18 18:34:38] INFO: Frame received: 640x480
[2025-10-18 18:34:38] INFO: Debug: 1 face(s) detected, best confidence: 0.98
[2025-10-18 18:34:38] INFO: Frame received: 640x480
[2025-10-18 18:34:38] INFO: Debug: 1 face(s) detected, best confidence: 0.98
[2025-10-18 18:34:38] INFO: Frame received: 640x480
[2025-10-18 18:34:38] INFO: Debug: 1 face(s) detected, best confidence: 0.98
[2025-10-18 18:34:38] INFO: Frame received: 640x480
[2025-10-18 18:34:38] INFO: Debug: 1 face(s) detected, best confidence: 0.98
[2025-10-18 18:34:38] INFO: Frame received: 640x480
[2025-10-18 18:34:38] INFO: Debug: 1 face(s) detected, best confidence: 0.98
[2025-10-18 18:34:38] INFO: Starting capture process...
[2025-10-18 18:34:38] INFO: Performing capture with target: 15
[2025-10-18 18:34:38] INFO: Debug: Warning - Cleared 14 old files - starting fresh capture
[2025-10-18 18:34:38] INFO: Debug: Capture process started
[2025-10-18 18:34:38] INFO: Frame received: 640x480
[2025-10-18 18:34:38] INFO: Debug: 1 face(s) detected, best confidence: 0.98
[2025-10-18 18:34:39] INFO: Frame received: 640x480
[2025-10-18 18:34:39] INFO: Debug: 1 face(s) detected, best confidence: 0.98
[2025-10-18 18:34:39] INFO: Frame received: 640x480
[2025-10-18 18:34:39] INFO: Debug: 1 face(s) detected, best confidence: 0.98
[2025-10-18 18:34:39] INFO: Debug: Image saved with confidence 0.98
[2025-10-18 18:34:39] INFO: Frame received: 640x480
[2025-10-18 18:34:39] INFO: Debug: 1 face(s) detected, best confidence: 0.98
[2025-10-18 18:34:39] INFO: Frame received: 640x480
[2025-10-18 18:34:39] INFO: Debug: 1 face(s) detected, best confidence: 0.97
[2025-10-18 18:34:39] INFO: Frame received: 640x480
[2025-10-18 18:34:39] INFO: Debug: 1 face(s) detected, best confidence: 0.98
[2025-10-18 18:34:39] INFO: Frame received: 640x480
[2025-10-18 18:34:39] INFO: Debug: 1 face(s) detected, best confidence: 0.98
[2025-10-18 18:34:39] INFO: Frame received: 640x480
[2025-10-18 18:34:39] INFO: Debug: 1 face(s) detected, best confidence: 0.98
[2025-10-18 18:34:39] INFO: Frame received: 640x480
[2025-10-18 18:34:39] INFO: Debug: 1 face(s) detected, best confidence: 0.98
[2025-10-18 18:34:39] INFO: Frame received: 640x480
[2025-10-18 18:34:39] INFO: Debug: 1 face(s) detected, best confidence: 0.97
[2025-10-18 18:34:40] INFO: Frame received: 640x480
[2025-10-18 18:34:40] INFO: Debug: 1 face(s) detected, best confidence: 0.98
[2025-10-18 18:34:40] INFO: Frame received: 640x480
[2025-10-18 18:34:40] INFO: Debug: 1 face(s) detected, best confidence: 0.98
[2025-10-18 18:34:40] INFO: Debug: Image saved with confidence 0.98
[2025-10-18 18:34:40] INFO: Frame received: 640x480
[2025-10-18 18:34:40] INFO: Debug: 1 face(s) detected, best confidence: 0.98
[2025-10-18 18:34:40] INFO: Frame received: 640x480
[2025-10-18 18:34:40] INFO: Debug: 1 face(s) detected, best confidence: 0.98
[2025-10-18 18:34:40] INFO: Frame received: 640x480
[2025-10-18 18:34:40] INFO: Debug: 1 face(s) detected, best confidence: 0.98
[2025-10-18 18:34:40] INFO: Frame received: 640x480
[2025-10-18 18:34:40] INFO: Debug: 1 face(s) detected, best confidence: 0.98
[2025-10-18 18:34:40] INFO: Frame received: 640x480
[2025-10-18 18:34:40] INFO: Debug: 1 face(s) detected, best confidence: 0.98
[2025-10-18 18:34:40] INFO: Frame received: 640x480
[2025-10-18 18:34:40] INFO: Debug: 1 face(s) detected, best confidence: 0.98
[2025-10-18 18:34:40] INFO: Frame received: 640x480
[2025-10-18 18:34:40] INFO: Debug: 1 face(s) detected, best confidence: 0.98
[2025-10-18 18:34:41] INFO: Frame received: 640x480
[2025-10-18 18:34:41] INFO: Debug: 1 face(s) detected, best confidence: 0.99
[2025-10-18 18:34:41] INFO: Frame received: 640x480
[2025-10-18 18:34:41] INFO: Debug: 1 face(s) detected, best confidence: 0.98
[2025-10-18 18:34:41] INFO: Frame received: 640x480
[2025-10-18 18:34:41] INFO: Debug: 1 face(s) detected, best confidence: 0.98
[2025-10-18 18:34:41] INFO: Debug: Image saved with confidence 0.98
[2025-10-18 18:34:41] INFO: Frame received: 640x480
[2025-10-18 18:34:41] INFO: Debug: 1 face(s) detected, best confidence: 0.98
[2025-10-18 18:34:41] INFO: Frame received: 640x480
[2025-10-18 18:34:41] INFO: Debug: 1 face(s) detected, best confidence: 0.98
[2025-10-18 18:34:41] INFO: Frame received: 640x480
[2025-10-18 18:34:41] INFO: Debug: 1 face(s) detected, best confidence: 0.99
[2025-10-18 18:34:41] INFO: Frame received: 640x480
[2025-10-18 18:34:41] INFO: Debug: 1 face(s) detected, best confidence: 0.98
[2025-10-18 18:34:41] INFO: Frame received: 640x480
[2025-10-18 18:34:41] INFO: Debug: 1 face(s) detected, best confidence: 0.98
[2025-10-18 18:34:41] INFO: Frame received: 640x480
[2025-10-18 18:34:41] INFO: Debug: 1 face(s) detected, best confidence: 0.98
[2025-10-18 18:34:41] INFO: Frame received: 640x480
[2025-10-18 18:34:42] INFO: Debug: 1 face(s) detected, best confidence: 0.98
[2025-10-18 18:34:42] INFO: Frame received: 640x480
[2025-10-18 18:34:42] INFO: Debug: 1 face(s) detected, best confidence: 0.99
[2025-10-18 18:34:42] INFO: Frame received: 640x480
[2025-10-18 18:34:42] INFO: Debug: No faces detected this frame
[2025-10-18 18:34:42] INFO: Debug: Image saved with confidence 0.99
[2025-10-18 18:34:42] INFO: Frame received: 640x480
[2025-10-18 18:34:42] INFO: Debug: 1 face(s) detected, best confidence: 0.99
[2025-10-18 18:34:42] INFO: Frame received: 640x480
[2025-10-18 18:34:42] INFO: Debug: 1 face(s) detected, best confidence: 0.99
[2025-10-18 18:34:42] INFO: Frame received: 640x480
[2025-10-18 18:34:42] INFO: Debug: 1 face(s) detected, best confidence: 0.99
[2025-10-18 18:34:42] INFO: Frame received: 640x480
[2025-10-18 18:34:42] INFO: Debug: 1 face(s) detected, best confidence: 0.99
[2025-10-18 18:34:42] INFO: Frame received: 640x480
[2025-10-18 18:34:42] INFO: Debug: 1 face(s) detected, best confidence: 0.99
[2025-10-18 18:34:42] INFO: Frame received: 640x480
[2025-10-18 18:34:42] INFO: Debug: 1 face(s) detected, best confidence: 0.99
[2025-10-18 18:34:42] INFO: Frame received: 640x480
[2025-10-18 18:34:43] INFO: Debug: 1 face(s) detected, best confidence: 0.99
[2025-10-18 18:34:43] INFO: Frame received: 640x480
[2025-10-18 18:34:43] INFO: Debug: 1 face(s) detected, best confidence: 0.99
[2025-10-18 18:34:43] INFO: Frame received: 640x480
[2025-10-18 18:34:43] INFO: Debug: 1 face(s) detected, best confidence: 0.99
[2025-10-18 18:34:43] INFO: Frame received: 640x480
[2025-10-18 18:34:43] INFO: Debug: 1 face(s) detected, best confidence: 0.99
[2025-10-18 18:34:43] INFO: Debug: Image saved with confidence 0.98
[2025-10-18 18:34:43] INFO: Frame received: 640x480
[2025-10-18 18:34:43] INFO: Debug: 1 face(s) detected, best confidence: 0.99
[2025-10-18 18:34:43] INFO: Frame received: 640x480
[2025-10-18 18:34:43] INFO: Debug: 1 face(s) detected, best confidence: 0.99
[2025-10-18 18:34:43] INFO: Frame received: 640x480
[2025-10-18 18:34:43] INFO: Debug: 1 face(s) detected, best confidence: 0.98
[2025-10-18 18:34:43] INFO: Frame received: 640x480
[2025-10-18 18:34:43] INFO: Debug: 1 face(s) detected, best confidence: 0.99
[2025-10-18 18:34:43] INFO: Frame received: 640x480
[2025-10-18 18:34:43] INFO: Debug: 1 face(s) detected, best confidence: 0.99
[2025-10-18 18:34:43] INFO: Frame received: 640x480
[2025-10-18 18:34:43] INFO: Debug: 1 face(s) detected, best confidence: 0.99
[2025-10-18 18:34:44] INFO: Frame received: 640x480
[2025-10-18 18:34:44] INFO: Debug: 1 face(s) detected, best confidence: 0.99
[2025-10-18 18:34:44] INFO: Frame received: 640x480
[2025-10-18 18:34:44] INFO: Debug: 1 face(s) detected, best confidence: 0.99
[2025-10-18 18:34:44] INFO: Frame received: 640x480
[2025-10-18 18:34:44] INFO: Debug: No faces detected this frame
[2025-10-18 18:34:44] INFO: Frame received: 640x480
[2025-10-18 18:34:44] INFO: Debug: 1 face(s) detected, best confidence: 0.99
[2025-10-18 18:34:44] INFO: Debug: Image saved with confidence 0.99
[2025-10-18 18:34:44] INFO: Frame received: 640x480
[2025-10-18 18:34:44] INFO: Debug: 1 face(s) detected, best confidence: 0.98
[2025-10-18 18:34:44] INFO: Frame received: 640x480
[2025-10-18 18:34:44] INFO: Debug: 1 face(s) detected, best confidence: 0.99
[2025-10-18 18:34:44] INFO: Frame received: 640x480
[2025-10-18 18:34:44] INFO: Debug: 1 face(s) detected, best confidence: 0.98
[2025-10-18 18:34:44] INFO: Frame received: 640x480
[2025-10-18 18:34:44] INFO: Debug: 1 face(s) detected, best confidence: 0.99
[2025-10-18 18:34:44] INFO: Frame received: 640x480
[2025-10-18 18:34:44] INFO: Debug: 1 face(s) detected, best confidence: 0.98
[2025-10-18 18:34:45] INFO: Frame received: 640x480
[2025-10-18 18:34:45] INFO: Debug: 1 face(s) detected, best confidence: 0.99
[2025-10-18 18:34:45] INFO: Frame received: 640x480
[2025-10-18 18:34:45] INFO: Debug: 1 face(s) detected, best confidence: 0.98
[2025-10-18 18:34:45] INFO: Frame received: 640x480
[2025-10-18 18:34:45] INFO: Debug: 1 face(s) detected, best confidence: 0.98
[2025-10-18 18:34:45] INFO: Frame received: 640x480
[2025-10-18 18:34:45] INFO: Debug: 1 face(s) detected, best confidence: 0.98
[2025-10-18 18:34:45] INFO: Debug: Image saved with confidence 0.98
[2025-10-18 18:34:45] INFO: Frame received: 640x480
[2025-10-18 18:34:45] INFO: Debug: 1 face(s) detected, best confidence: 0.99
[2025-10-18 18:34:45] INFO: Frame received: 640x480
[2025-10-18 18:34:45] INFO: Debug: 1 face(s) detected, best confidence: 0.98
[2025-10-18 18:34:45] INFO: Frame received: 640x480
[2025-10-18 18:34:45] INFO: Debug: 1 face(s) detected, best confidence: 0.98
[2025-10-18 18:34:45] INFO: Frame received: 640x480
[2025-10-18 18:34:45] INFO: Debug: 1 face(s) detected, best confidence: 0.99
[2025-10-18 18:34:45] INFO: Frame received: 640x480
[2025-10-18 18:34:45] INFO: Debug: 1 face(s) detected, best confidence: 0.98
[2025-10-18 18:34:46] INFO: Frame received: 640x480
[2025-10-18 18:34:46] INFO: Debug: 1 face(s) detected, best confidence: 0.98
[2025-10-18 18:34:46] INFO: Frame received: 640x480
[2025-10-18 18:34:46] INFO: Debug: 1 face(s) detected, best confidence: 0.98
[2025-10-18 18:34:46] INFO: Frame received: 640x480
[2025-10-18 18:34:46] INFO: Debug: 1 face(s) detected, best confidence: 0.98
[2025-10-18 18:34:46] INFO: Frame received: 640x480
[2025-10-18 18:34:46] INFO: Debug: 10 face(s) detected, best confidence: 2.37
[2025-10-18 18:34:46] INFO: Frame received: 640x480
[2025-10-18 18:34:46] INFO: Debug: 1 face(s) detected, best confidence: 0.98
[2025-10-18 18:34:46] INFO: Debug: Image saved with confidence 0.98
[2025-10-18 18:34:46] INFO: Frame received: 640x480
[2025-10-18 18:34:46] INFO: Debug: 1 face(s) detected, best confidence: 0.98
[2025-10-18 18:34:46] INFO: Frame received: 640x480
[2025-10-18 18:34:46] INFO: Debug: 1 face(s) detected, best confidence: 0.97
[2025-10-18 18:34:46] INFO: Frame received: 640x480
[2025-10-18 18:34:46] INFO: Debug: 1 face(s) detected, best confidence: 0.97
[2025-10-18 18:34:46] INFO: Frame received: 640x480
[2025-10-18 18:34:46] INFO: Debug: 1 face(s) detected, best confidence: 0.97
[2025-10-18 18:34:46] INFO: Frame received: 640x480
[2025-10-18 18:34:47] INFO: Debug: 1 face(s) detected, best confidence: 0.97
[2025-10-18 18:34:47] INFO: Frame received: 640x480
[2025-10-18 18:34:47] INFO: Debug: 1 face(s) detected, best confidence: 0.97
[2025-10-18 18:34:47] INFO: Frame received: 640x480
[2025-10-18 18:34:47] INFO: Debug: 1 face(s) detected, best confidence: 0.97
[2025-10-18 18:34:47] INFO: Frame received: 640x480
[2025-10-18 18:34:47] INFO: Debug: 1 face(s) detected, best confidence: 0.98
[2025-10-18 18:34:47] INFO: Frame received: 640x480
[2025-10-18 18:34:47] INFO: Debug: 1 face(s) detected, best confidence: 0.97
[2025-10-18 18:34:47] INFO: Debug: Image saved with confidence 0.98
[2025-10-18 18:34:47] INFO: Frame received: 640x480
[2025-10-18 18:34:47] INFO: Debug: 1 face(s) detected, best confidence: 0.98
[2025-10-18 18:34:47] INFO: Frame received: 640x480
[2025-10-18 18:34:47] INFO: Debug: 1 face(s) detected, best confidence: 0.98
[2025-10-18 18:34:47] INFO: Frame received: 640x480
[2025-10-18 18:34:47] INFO: Debug: 1 face(s) detected, best confidence: 0.98
[2025-10-18 18:34:47] INFO: Frame received: 640x480
[2025-10-18 18:34:47] INFO: Debug: 1 face(s) detected, best confidence: 0.97
[2025-10-18 18:34:47] INFO: Frame received: 640x480
[2025-10-18 18:34:47] INFO: Debug: 1 face(s) detected, best confidence: 0.97
[2025-10-18 18:34:48] INFO: Frame received: 640x480
[2025-10-18 18:34:48] INFO: Debug: 1 face(s) detected, best confidence: 0.97
[2025-10-18 18:34:48] INFO: Frame received: 640x480
[2025-10-18 18:34:48] INFO: Debug: 1 face(s) detected, best confidence: 0.97
[2025-10-18 18:34:48] INFO: Frame received: 640x480
[2025-10-18 18:34:48] INFO: Debug: 1 face(s) detected, best confidence: 0.98
[2025-10-18 18:34:48] INFO: Frame received: 640x480
[2025-10-18 18:34:48] INFO: Debug: 1 face(s) detected, best confidence: 0.97
[2025-10-18 18:34:48] INFO: Frame received: 640x480
[2025-10-18 18:34:48] INFO: Debug: 1 face(s) detected, best confidence: 0.97
[2025-10-18 18:34:48] INFO: Debug: Image saved with confidence 0.98
[2025-10-18 18:34:48] INFO: Frame received: 640x480
[2025-10-18 18:34:48] INFO: Debug: 1 face(s) detected, best confidence: 0.97
[2025-10-18 18:34:48] INFO: Frame received: 640x480
[2025-10-18 18:34:48] INFO: Debug: 1 face(s) detected, best confidence: 0.97
[2025-10-18 18:34:48] INFO: Frame received: 640x480
[2025-10-18 18:34:48] INFO: Debug: 1 face(s) detected, best confidence: 0.97
[2025-10-18 18:34:48] INFO: Frame received: 640x480
[2025-10-18 18:34:48] INFO: Debug: 1 face(s) detected, best confidence: 0.98
[2025-10-18 18:34:49] INFO: Frame received: 640x480
[2025-10-18 18:34:49] INFO: Debug: 1 face(s) detected, best confidence: 0.98
[2025-10-18 18:34:49] INFO: Frame received: 640x480
[2025-10-18 18:34:49] INFO: Debug: 1 face(s) detected, best confidence: 0.98
[2025-10-18 18:34:49] INFO: Frame received: 640x480
[2025-10-18 18:34:49] INFO: Debug: 1 face(s) detected, best confidence: 0.98
[2025-10-18 18:34:49] INFO: Frame received: 640x480
[2025-10-18 18:34:49] INFO: Debug: 1 face(s) detected, best confidence: 0.98
[2025-10-18 18:34:49] INFO: Frame received: 640x480
[2025-10-18 18:34:49] INFO: Debug: 1 face(s) detected, best confidence: 0.98
[2025-10-18 18:34:49] INFO: Debug: Image saved with confidence 0.98
[2025-10-18 18:34:49] INFO: Frame received: 640x480
[2025-10-18 18:34:49] INFO: Debug: 1 face(s) detected, best confidence: 0.98
[2025-10-18 18:34:49] INFO: Frame received: 640x480
[2025-10-18 18:34:49] INFO: Debug: 1 face(s) detected, best confidence: 0.99
[2025-10-18 18:34:49] INFO: Frame received: 640x480
[2025-10-18 18:34:49] INFO: Debug: 1 face(s) detected, best confidence: 0.98
[2025-10-18 18:34:49] INFO: Frame received: 640x480
[2025-10-18 18:34:49] INFO: Debug: 1 face(s) detected, best confidence: 0.98
[2025-10-18 18:34:50] INFO: Frame received: 640x480
[2025-10-18 18:34:50] INFO: Debug: 1 face(s) detected, best confidence: 0.98
[2025-10-18 18:34:50] INFO: Frame received: 640x480
[2025-10-18 18:34:50] INFO: Debug: 1 face(s) detected, best confidence: 0.99
[2025-10-18 18:34:50] INFO: Frame received: 640x480
[2025-10-18 18:34:50] INFO: Debug: 1 face(s) detected, best confidence: 0.99
[2025-10-18 18:34:50] INFO: Frame received: 640x480
[2025-10-18 18:34:50] INFO: Debug: 1 face(s) detected, best confidence: 0.99
[2025-10-18 18:34:50] INFO: Frame received: 640x480
[2025-10-18 18:34:50] INFO: Debug: 1 face(s) detected, best confidence: 0.98
[2025-10-18 18:34:50] INFO: Frame received: 640x480
[2025-10-18 18:34:50] INFO: Debug: 1 face(s) detected, best confidence: 0.98
[2025-10-18 18:34:50] INFO: Debug: Image saved with confidence 0.98
[2025-10-18 18:34:50] INFO: Frame received: 640x480
[2025-10-18 18:34:50] INFO: Debug: 1 face(s) detected, best confidence: 0.98
[2025-10-18 18:34:50] INFO: Frame received: 640x480
[2025-10-18 18:34:50] INFO: Debug: 1 face(s) detected, best confidence: 0.98
[2025-10-18 18:34:50] INFO: Frame received: 640x480
[2025-10-18 18:34:50] INFO: Debug: 1 face(s) detected, best confidence: 0.98
[2025-10-18 18:34:51] INFO: Frame received: 640x480
[2025-10-18 18:34:51] INFO: Debug: 1 face(s) detected, best confidence: 0.98
[2025-10-18 18:34:51] INFO: Frame received: 640x480
[2025-10-18 18:34:51] INFO: Debug: 1 face(s) detected, best confidence: 0.98
[2025-10-18 18:34:51] INFO: Frame received: 640x480
[2025-10-18 18:34:51] INFO: Debug: 1 face(s) detected, best confidence: 0.98
[2025-10-18 18:34:51] INFO: Frame received: 640x480
[2025-10-18 18:34:51] INFO: Debug: 1 face(s) detected, best confidence: 0.98
[2025-10-18 18:34:51] INFO: Frame received: 640x480
[2025-10-18 18:34:51] INFO: Debug: 1 face(s) detected, best confidence: 0.98
[2025-10-18 18:34:51] INFO: Frame received: 640x480
[2025-10-18 18:34:51] INFO: Debug: No faces detected this frame
[2025-10-18 18:34:51] INFO: Frame received: 640x480
[2025-10-18 18:34:51] INFO: Debug: 1 face(s) detected, best confidence: 0.98
[2025-10-18 18:34:51] INFO: Debug: Image saved with confidence 0.95
[2025-10-18 18:34:51] INFO: Frame received: 640x480
[2025-10-18 18:34:51] INFO: Debug: 1 face(s) detected, best confidence: 0.98
[2025-10-18 18:34:51] INFO: Frame received: 640x480
[2025-10-18 18:34:51] INFO: Debug: 1 face(s) detected, best confidence: 0.98
[2025-10-18 18:34:51] INFO: Frame received: 640x480
[2025-10-18 18:34:51] INFO: Debug: 1 face(s) detected, best confidence: 0.98
[2025-10-18 18:34:52] INFO: Frame received: 640x480
[2025-10-18 18:34:52] INFO: Debug: 1 face(s) detected, best confidence: 0.98
[2025-10-18 18:34:52] INFO: Frame received: 640x480
[2025-10-18 18:34:52] INFO: Debug: 1 face(s) detected, best confidence: 0.98
[2025-10-18 18:34:52] INFO: Frame received: 640x480
[2025-10-18 18:34:52] INFO: Debug: 1 face(s) detected, best confidence: 0.98
[2025-10-18 18:34:52] INFO: Frame received: 640x480
[2025-10-18 18:34:52] INFO: Debug: 1 face(s) detected, best confidence: 0.99
[2025-10-18 18:34:52] INFO: Frame received: 640x480
[2025-10-18 18:34:52] INFO: Debug: 1 face(s) detected, best confidence: 0.99
[2025-10-18 18:34:52] INFO: Frame received: 640x480
[2025-10-18 18:34:52] INFO: Debug: 1 face(s) detected, best confidence: 0.98
[2025-10-18 18:34:52] INFO: Frame received: 640x480
[2025-10-18 18:34:52] INFO: Debug: 1 face(s) detected, best confidence: 0.98
[2025-10-18 18:34:52] INFO: Debug: Image saved with confidence 0.98
[2025-10-18 18:34:52] INFO: Frame received: 640x480
[2025-10-18 18:34:52] INFO: Debug: 1 face(s) detected, best confidence: 0.99
[2025-10-18 18:34:52] INFO: Frame received: 640x480
[2025-10-18 18:34:52] INFO: Debug: 1 face(s) detected, best confidence: 0.98
[2025-10-18 18:34:53] INFO: Frame received: 640x480
[2025-10-18 18:34:53] INFO: Debug: 1 face(s) detected, best confidence: 0.98
[2025-10-18 18:34:53] INFO: Frame received: 640x480
[2025-10-18 18:34:53] INFO: Debug: 1 face(s) detected, best confidence: 0.98
[2025-10-18 18:34:53] INFO: Frame received: 640x480
[2025-10-18 18:34:53] INFO: Debug: 1 face(s) detected, best confidence: 0.99
[2025-10-18 18:34:53] INFO: Frame received: 640x480
[2025-10-18 18:34:53] INFO: Debug: 1 face(s) detected, best confidence: 0.99
[2025-10-18 18:34:53] INFO: Frame received: 640x480
[2025-10-18 18:34:53] INFO: Debug: 1 face(s) detected, best confidence: 0.99
[2025-10-18 18:34:53] INFO: Frame received: 640x480
[2025-10-18 18:34:53] INFO: Debug: 1 face(s) detected, best confidence: 0.99
[2025-10-18 18:34:53] INFO: Frame received: 640x480
[2025-10-18 18:34:53] INFO: Debug: 1 face(s) detected, best confidence: 0.99
[2025-10-18 18:34:53] INFO: Debug: Image saved with confidence 0.99
[2025-10-18 18:34:53] INFO: Frame received: 640x480
[2025-10-18 18:34:53] INFO: Debug: 1 face(s) detected, best confidence: 0.99
[2025-10-18 18:34:53] INFO: Frame received: 640x480
[2025-10-18 18:34:53] INFO: Debug: 1 face(s) detected, best confidence: 0.98
[2025-10-18 18:34:54] INFO: Frame received: 640x480
[2025-10-18 18:34:54] INFO: Debug: 1 face(s) detected, best confidence: 0.98
[2025-10-18 18:34:54] INFO: Frame received: 640x480
[2025-10-18 18:34:54] INFO: Debug: 1 face(s) detected, best confidence: 0.98
[2025-10-18 18:34:54] INFO: Frame received: 640x480
[2025-10-18 18:34:54] INFO: Debug: 1 face(s) detected, best confidence: 0.98
[2025-10-18 18:34:54] INFO: Frame received: 640x480
[2025-10-18 18:34:54] INFO: Debug: 1 face(s) detected, best confidence: 0.98
[2025-10-18 18:34:54] INFO: Frame received: 640x480
[2025-10-18 18:34:54] INFO: Debug: 1 face(s) detected, best confidence: 0.99
[2025-10-18 18:34:54] INFO: Frame received: 640x480
[2025-10-18 18:34:54] INFO: Debug: 1 face(s) detected, best confidence: 0.98
[2025-10-18 18:34:54] INFO: Capture result: true - Successfully captured 15 high-quality face images
[2025-10-18 18:34:54] INFO: Frame received: 640x480
[2025-10-18 18:34:54] INFO: Debug: 1 face(s) detected, best confidence: 0.98
[2025-10-18 18:34:54] INFO: Debug: Capture process finished
[2025-10-18 18:34:54] INFO: Debug: Warning - Analyzing captured images for quality...
[2025-10-18 18:34:54] INFO: Debug: Warning - ￢ﾜﾓ All images have good consistency (tightness: 0.891)
[2025-10-18 18:34:54] INFO: Frame received: 640x480
[2025-10-18 18:34:54] INFO: Debug: 1 face(s) detected, best confidence: 0.98
[2025-10-18 18:34:54] INFO: Frame received: 640x480
[2025-10-18 18:34:54] INFO: Debug: 1 face(s) detected, best confidence: 0.99
[2025-10-18 18:34:55] INFO: Frame received: 640x480
[2025-10-18 18:34:55] INFO: Debug: 1 face(s) detected, best confidence: 0.98
[2025-10-18 18:34:55] INFO: Frame received: 640x480
[2025-10-18 18:34:55] INFO: Debug: 1 face(s) detected, best confidence: 0.98
[2025-10-18 18:34:55] INFO: Frame received: 640x480
[2025-10-18 18:34:55] INFO: Debug: 1 face(s) detected, best confidence: 0.98
[2025-10-18 18:34:55] INFO: Frame received: 640x480
[2025-10-18 18:34:55] INFO: Debug: 1 face(s) detected, best confidence: 0.99
[2025-10-18 18:34:55] INFO: Frame received: 640x480
[2025-10-18 18:34:55] INFO: Debug: 1 face(s) detected, best confidence: 0.98
[2025-10-18 18:34:55] INFO: Frame received: 640x480
[2025-10-18 18:34:55] INFO: Debug: 1 face(s) detected, best confidence: 0.99
[2025-10-18 18:34:55] INFO: Frame received: 640x480
[2025-10-18 18:34:55] INFO: Debug: 1 face(s) detected, best confidence: 0.98
[2025-10-18 18:34:55] INFO: Frame received: 640x480
[2025-10-18 18:34:55] INFO: Debug: 1 face(s) detected, best confidence: 0.99
[2025-10-18 18:34:55] INFO: Frame received: 640x480
[2025-10-18 18:34:55] INFO: Debug: 1 face(s) detected, best confidence: 0.98
[2025-10-18 18:34:55] INFO: Debug: All images captured successfully
[2025-10-18 18:34:56] INFO: Frame received: 640x480
[2025-10-18 18:34:56] INFO: Debug: 1 face(s) detected, best confidence: 0.98
[2025-10-18 18:34:56] INFO: Frame received: 640x480
[2025-10-18 18:34:56] INFO: Debug: 1 face(s) detected, best confidence: 0.99
[2025-10-18 18:34:56] INFO: Frame received: 640x480
[2025-10-18 18:34:56] INFO: Debug: 1 face(s) detected, best confidence: 0.99
[2025-10-18 18:34:56] INFO: Frame received: 640x480
[2025-10-18 18:34:56] INFO: Debug: 1 face(s) detected, best confidence: 0.99
[2025-10-18 18:34:56] INFO: Frame received: 640x480
[2025-10-18 18:34:56] INFO: Debug: 1 face(s) detected, best confidence: 0.99
[2025-10-18 18:34:56] INFO: Frame received: 640x480
[2025-10-18 18:34:56] INFO: Debug: 1 face(s) detected, best confidence: 0.98
[2025-10-18 18:34:56] INFO: Frame received: 640x480
[2025-10-18 18:34:56] INFO: Debug: 1 face(s) detected, best confidence: 0.99
[2025-10-18 18:34:56] INFO: Frame received: 640x480
[2025-10-18 18:34:56] INFO: Debug: 1 face(s) detected, best confidence: 0.98
[2025-10-18 18:34:56] INFO: Frame received: 640x480
[2025-10-18 18:34:56] INFO: Debug: 1 face(s) detected, best confidence: 0.98
[2025-10-18 18:34:56] INFO: Frame received: 640x480
[2025-10-18 18:34:57] INFO: Debug: 1 face(s) detected, best confidence: 0.98
[2025-10-18 18:34:57] INFO: Frame received: 640x480
[2025-10-18 18:34:57] INFO: Debug: 1 face(s) detected, best confidence: 0.98
[2025-10-18 18:34:57] INFO: Frame received: 640x480
[2025-10-18 18:34:57] INFO: Debug: 1 face(s) detected, best confidence: 0.99
[2025-10-18 18:34:57] INFO: Frame received: 640x480
[2025-10-18 18:34:57] INFO: Debug: 1 face(s) detected, best confidence: 0.99
[2025-10-18 18:34:57] INFO: Disposing FaceCaptureDialog...
[2025-10-18 18:34:57] INFO: Preview timer stopped
[2025-10-18 18:34:57] INFO: Face detection resources released
