[2025-10-15 17:28:29] INFO: Application Logger Initialized.
[2025-10-15 17:28:29] INFO: Configuration loaded from file: C:\SMU\CS102 Project\FaceRecognitionCS102\app.properties
[2025-10-15 17:28:30] INFO: GUI launched successfully
[2025-10-15 17:28:36] INFO: Face embedding model loaded successfully
[2025-10-15 17:28:36] INFO: FaceCaptureDialog created for student: Jin Rae
[2025-10-15 17:28:37] INFO: Dialog initialized
[2025-10-15 17:28:37] INFO: Starting camera preview...
[2025-10-15 17:28:37] INFO: Preview timer started
[2025-10-15 17:28:37] INFO: Frame received: 640x480
[2025-10-15 17:28:37] INFO: Debug: 1 face(s) detected, best confidence: 1.00
[2025-10-15 17:28:37] INFO: Frame received: 640x480
[2025-10-15 17:28:37] INFO: Debug: 1 face(s) detected, best confidence: 1.00
[2025-10-15 17:28:37] INFO: Frame received: 640x480
[2025-10-15 17:28:37] INFO: Debug: 1 face(s) detected, best confidence: 1.00
[2025-10-15 17:28:37] INFO: Frame received: 640x480
[2025-10-15 17:28:37] INFO: Debug: 1 face(s) detected, best confidence: 1.00
[2025-10-15 17:28:37] INFO: Frame received: 640x480
[2025-10-15 17:28:37] INFO: Debug: 1 face(s) detected, best confidence: 1.00
[2025-10-15 17:28:37] INFO: Frame received: 640x480
[2025-10-15 17:28:37] INFO: Debug: 1 face(s) detected, best confidence: 1.00
[2025-10-15 17:28:37] INFO: Frame received: 640x480
[2025-10-15 17:28:37] INFO: Debug: 1 face(s) detected, best confidence: 1.00
[2025-10-15 17:28:37] INFO: Frame received: 640x480
[2025-10-15 17:28:38] INFO: Debug: 1 face(s) detected, best confidence: 1.00
[2025-10-15 17:28:38] INFO: Frame received: 640x480
[2025-10-15 17:28:38] INFO: Debug: 1 face(s) detected, best confidence: 1.00
[2025-10-15 17:28:38] INFO: Frame received: 640x480
[2025-10-15 17:28:38] INFO: Debug: 1 face(s) detected, best confidence: 1.00
[2025-10-15 17:28:38] INFO: Frame received: 640x480
[2025-10-15 17:28:38] INFO: Debug: 1 face(s) detected, best confidence: 1.00
[2025-10-15 17:28:38] INFO: Frame received: 640x480
[2025-10-15 17:28:38] INFO: Debug: 1 face(s) detected, best confidence: 1.00
[2025-10-15 17:28:38] INFO: Frame received: 640x480
[2025-10-15 17:28:38] INFO: Debug: 1 face(s) detected, best confidence: 1.00
[2025-10-15 17:28:38] INFO: Frame received: 640x480
[2025-10-15 17:28:38] INFO: Debug: 1 face(s) detected, best confidence: 1.00
[2025-10-15 17:28:38] INFO: Frame received: 640x480
[2025-10-15 17:28:38] INFO: Debug: 1 face(s) detected, best confidence: 1.00
[2025-10-15 17:28:38] INFO: Frame received: 640x480
[2025-10-15 17:28:38] INFO: Debug: 1 face(s) detected, best confidence: 1.00
[2025-10-15 17:28:38] INFO: Frame received: 640x480
[2025-10-15 17:28:38] INFO: Debug: 1 face(s) detected, best confidence: 1.00
[2025-10-15 17:28:38] INFO: Frame received: 640x480
[2025-10-15 17:28:39] INFO: Debug: 1 face(s) detected, best confidence: 1.00
[2025-10-15 17:28:39] INFO: Frame received: 640x480
[2025-10-15 17:28:39] INFO: Debug: 1 face(s) detected, best confidence: 1.00
[2025-10-15 17:28:39] INFO: Frame received: 640x480
[2025-10-15 17:28:39] INFO: Debug: 1 face(s) detected, best confidence: 1.00
[2025-10-15 17:28:39] INFO: Frame received: 640x480
[2025-10-15 17:28:39] INFO: Debug: 1 face(s) detected, best confidence: 1.00
[2025-10-15 17:28:39] INFO: Frame received: 640x480
[2025-10-15 17:28:39] INFO: Debug: 1 face(s) detected, best confidence: 1.00
[2025-10-15 17:28:39] INFO: Frame received: 640x480
[2025-10-15 17:28:39] INFO: Debug: 1 face(s) detected, best confidence: 1.00
[2025-10-15 17:28:39] INFO: Frame received: 640x480
[2025-10-15 17:28:39] INFO: Debug: 1 face(s) detected, best confidence: 1.00
[2025-10-15 17:28:39] INFO: Frame received: 640x480
[2025-10-15 17:28:39] INFO: Debug: 1 face(s) detected, best confidence: 1.00
[2025-10-15 17:28:39] INFO: Frame received: 640x480
[2025-10-15 17:28:39] INFO: Debug: 1 face(s) detected, best confidence: 1.00
[2025-10-15 17:28:39] INFO: Frame received: 640x480
[2025-10-15 17:28:39] INFO: Debug: 1 face(s) detected, best confidence: 1.00
[2025-10-15 17:28:39] INFO: Frame received: 640x480
[2025-10-15 17:28:40] INFO: Debug: 1 face(s) detected, best confidence: 1.00
[2025-10-15 17:28:40] INFO: Frame received: 640x480
[2025-10-15 17:28:40] INFO: Debug: 1 face(s) detected, best confidence: 1.00
[2025-10-15 17:28:40] INFO: Frame received: 640x480
[2025-10-15 17:28:40] INFO: Debug: 1 face(s) detected, best confidence: 1.00
[2025-10-15 17:28:40] INFO: Frame received: 640x480
[2025-10-15 17:28:40] INFO: Debug: 1 face(s) detected, best confidence: 1.00
[2025-10-15 17:28:40] INFO: Frame received: 640x480
[2025-10-15 17:28:40] INFO: Debug: 1 face(s) detected, best confidence: 1.00
[2025-10-15 17:28:40] INFO: Frame received: 640x480
[2025-10-15 17:28:40] INFO: Debug: 1 face(s) detected, best confidence: 1.00
[2025-10-15 17:28:40] INFO: Frame received: 640x480
[2025-10-15 17:28:40] INFO: Debug: 1 face(s) detected, best confidence: 1.00
[2025-10-15 17:28:40] INFO: Frame received: 640x480
[2025-10-15 17:28:40] INFO: Debug: 1 face(s) detected, best confidence: 1.00
[2025-10-15 17:28:40] INFO: Frame received: 640x480
[2025-10-15 17:28:40] INFO: Debug: 1 face(s) detected, best confidence: 1.00
[2025-10-15 17:28:40] INFO: Frame received: 640x480
[2025-10-15 17:28:40] INFO: Debug: 1 face(s) detected, best confidence: 1.00
[2025-10-15 17:28:40] INFO: Frame received: 640x480
[2025-10-15 17:28:41] INFO: Debug: 1 face(s) detected, best confidence: 1.00
[2025-10-15 17:28:41] INFO: Frame received: 640x480
[2025-10-15 17:28:41] INFO: Debug: 1 face(s) detected, best confidence: 1.00
[2025-10-15 17:28:41] INFO: Frame received: 640x480
[2025-10-15 17:28:41] INFO: Debug: 1 face(s) detected, best confidence: 1.00
[2025-10-15 17:28:41] INFO: Frame received: 640x480
[2025-10-15 17:28:41] INFO: Debug: 1 face(s) detected, best confidence: 1.00
[2025-10-15 17:28:41] INFO: Frame received: 640x480
[2025-10-15 17:28:41] INFO: Debug: 1 face(s) detected, best confidence: 1.00
[2025-10-15 17:28:41] INFO: Frame received: 640x480
[2025-10-15 17:28:41] INFO: Debug: 1 face(s) detected, best confidence: 1.00
[2025-10-15 17:28:41] INFO: Frame received: 640x480
[2025-10-15 17:28:41] INFO: Debug: 1 face(s) detected, best confidence: 1.00
[2025-10-15 17:28:41] INFO: Frame received: 640x480
[2025-10-15 17:28:41] INFO: Debug: 1 face(s) detected, best confidence: 1.00
[2025-10-15 17:28:41] INFO: Frame received: 640x480
[2025-10-15 17:28:41] INFO: Debug: 1 face(s) detected, best confidence: 1.00
[2025-10-15 17:28:41] INFO: Frame received: 640x480
[2025-10-15 17:28:41] INFO: Debug: 1 face(s) detected, best confidence: 1.00
[2025-10-15 17:28:42] INFO: Frame received: 640x480
[2025-10-15 17:28:42] INFO: Debug: 1 face(s) detected, best confidence: 1.00
[2025-10-15 17:28:42] INFO: Frame received: 640x480
[2025-10-15 17:28:42] INFO: Debug: 1 face(s) detected, best confidence: 1.00
[2025-10-15 17:28:42] INFO: Frame received: 640x480
[2025-10-15 17:28:42] INFO: Debug: 1 face(s) detected, best confidence: 1.00
[2025-10-15 17:28:42] INFO: Frame received: 640x480
[2025-10-15 17:28:42] INFO: Debug: 1 face(s) detected, best confidence: 1.00
[2025-10-15 17:28:42] INFO: Frame received: 640x480
[2025-10-15 17:28:42] INFO: Debug: 1 face(s) detected, best confidence: 1.00
[2025-10-15 17:28:42] INFO: Frame received: 640x480
[2025-10-15 17:28:42] INFO: Debug: 1 face(s) detected, best confidence: 1.00
[2025-10-15 17:28:42] INFO: Frame received: 640x480
[2025-10-15 17:28:42] INFO: Debug: 1 face(s) detected, best confidence: 1.00
[2025-10-15 17:28:42] INFO: Frame received: 640x480
[2025-10-15 17:28:42] INFO: Debug: 1 face(s) detected, best confidence: 1.00
[2025-10-15 17:28:42] INFO: Frame received: 640x480
[2025-10-15 17:28:42] INFO: Debug: 1 face(s) detected, best confidence: 1.00
[2025-10-15 17:28:42] INFO: Frame received: 640x480
[2025-10-15 17:28:42] INFO: Debug: 1 face(s) detected, best confidence: 1.00
[2025-10-15 17:28:43] INFO: Frame received: 640x480
[2025-10-15 17:28:43] INFO: Debug: 1 face(s) detected, best confidence: 1.00
[2025-10-15 17:28:43] INFO: Frame received: 640x480
[2025-10-15 17:28:43] INFO: Debug: 1 face(s) detected, best confidence: 1.00
[2025-10-15 17:28:43] INFO: Frame received: 640x480
[2025-10-15 17:28:43] INFO: Debug: 1 face(s) detected, best confidence: 1.00
[2025-10-15 17:28:43] INFO: Frame received: 640x480
[2025-10-15 17:28:43] INFO: Debug: 1 face(s) detected, best confidence: 1.00
[2025-10-15 17:28:43] INFO: Frame received: 640x480
[2025-10-15 17:28:43] INFO: Debug: 1 face(s) detected, best confidence: 1.00
[2025-10-15 17:28:43] INFO: Frame received: 640x480
[2025-10-15 17:28:43] INFO: Debug: 1 face(s) detected, best confidence: 1.00
[2025-10-15 17:28:43] INFO: Frame received: 640x480
[2025-10-15 17:28:43] INFO: Debug: 1 face(s) detected, best confidence: 1.00
[2025-10-15 17:28:43] INFO: Frame received: 640x480
[2025-10-15 17:28:43] INFO: Debug: 1 face(s) detected, best confidence: 1.00
[2025-10-15 17:28:43] INFO: Frame received: 640x480
[2025-10-15 17:28:43] INFO: Debug: 1 face(s) detected, best confidence: 1.00
[2025-10-15 17:28:43] INFO: Frame received: 640x480
[2025-10-15 17:28:43] INFO: Debug: 1 face(s) detected, best confidence: 1.00
[2025-10-15 17:28:44] INFO: Frame received: 640x480
[2025-10-15 17:28:44] INFO: Debug: 1 face(s) detected, best confidence: 1.00
[2025-10-15 17:28:44] INFO: Frame received: 640x480
[2025-10-15 17:28:44] INFO: Debug: 1 face(s) detected, best confidence: 1.00
[2025-10-15 17:28:44] INFO: Frame received: 640x480
[2025-10-15 17:28:44] INFO: Debug: 1 face(s) detected, best confidence: 1.00
[2025-10-15 17:28:44] INFO: Frame received: 640x480
[2025-10-15 17:28:44] INFO: Debug: 1 face(s) detected, best confidence: 1.00
[2025-10-15 17:28:44] INFO: Frame received: 640x480
[2025-10-15 17:28:44] INFO: Debug: 1 face(s) detected, best confidence: 1.00
[2025-10-15 17:28:44] INFO: Frame received: 640x480
[2025-10-15 17:28:44] INFO: Debug: 1 face(s) detected, best confidence: 1.00
[2025-10-15 17:28:44] INFO: Frame received: 640x480
[2025-10-15 17:28:44] INFO: Debug: 1 face(s) detected, best confidence: 1.00
[2025-10-15 17:28:44] INFO: Starting capture process...
[2025-10-15 17:28:44] INFO: Performing capture with target: 20
[2025-10-15 17:28:44] INFO: Frame received: 640x480
[2025-10-15 17:28:44] INFO: Debug: 1 face(s) detected, best confidence: 0.85
[2025-10-15 17:28:44] INFO: Debug: Capture process started
[2025-10-15 17:28:44] INFO: Debug: Image saved with confidence 0.85
[2025-10-15 17:28:44] INFO: Frame received: 640x480
[2025-10-15 17:28:44] INFO: Debug: 1 face(s) detected, best confidence: 1.00
[2025-10-15 17:28:44] INFO: Frame received: 640x480
[2025-10-15 17:28:44] INFO: Debug: 1 face(s) detected, best confidence: 1.00
[2025-10-15 17:28:45] INFO: Frame received: 640x480
[2025-10-15 17:28:45] INFO: Debug: 1 face(s) detected, best confidence: 1.00
[2025-10-15 17:28:45] INFO: Frame received: 640x480
[2025-10-15 17:28:45] INFO: Debug: 1 face(s) detected, best confidence: 1.00
[2025-10-15 17:28:45] INFO: Frame received: 640x480
[2025-10-15 17:28:45] INFO: Debug: 1 face(s) detected, best confidence: 1.00
[2025-10-15 17:28:45] INFO: Frame received: 640x480
[2025-10-15 17:28:45] INFO: Debug: 1 face(s) detected, best confidence: 1.00
[2025-10-15 17:28:45] INFO: Frame received: 640x480
[2025-10-15 17:28:45] INFO: Debug: 1 face(s) detected, best confidence: 1.00
[2025-10-15 17:28:45] INFO: Frame received: 640x480
[2025-10-15 17:28:45] INFO: Debug: 1 face(s) detected, best confidence: 1.00
[2025-10-15 17:28:45] INFO: Frame received: 640x480
[2025-10-15 17:28:45] INFO: Debug: 1 face(s) detected, best confidence: 1.00
[2025-10-15 17:28:45] INFO: Frame received: 640x480
[2025-10-15 17:28:45] INFO: Debug: 1 face(s) detected, best confidence: 1.00
[2025-10-15 17:28:45] INFO: Debug: Image saved with confidence 1.00
[2025-10-15 17:28:45] INFO: Frame received: 640x480
[2025-10-15 17:28:45] INFO: Debug: 1 face(s) detected, best confidence: 1.00
[2025-10-15 17:28:45] INFO: Frame received: 640x480
[2025-10-15 17:28:46] INFO: Debug: 1 face(s) detected, best confidence: 1.00
[2025-10-15 17:28:46] INFO: Frame received: 640x480
[2025-10-15 17:28:46] INFO: Debug: 1 face(s) detected, best confidence: 1.00
[2025-10-15 17:28:46] INFO: Frame received: 640x480
[2025-10-15 17:28:46] INFO: Debug: 1 face(s) detected, best confidence: 1.00
[2025-10-15 17:28:46] INFO: Frame received: 640x480
[2025-10-15 17:28:46] INFO: Debug: 1 face(s) detected, best confidence: 1.00
[2025-10-15 17:28:46] INFO: Frame received: 640x480
[2025-10-15 17:28:46] INFO: Debug: 1 face(s) detected, best confidence: 1.00
[2025-10-15 17:28:46] INFO: Frame received: 640x480
[2025-10-15 17:28:46] INFO: Debug: 1 face(s) detected, best confidence: 1.00
[2025-10-15 17:28:46] INFO: Frame received: 640x480
[2025-10-15 17:28:46] INFO: Debug: 1 face(s) detected, best confidence: 1.00
[2025-10-15 17:28:46] INFO: Frame received: 640x480
[2025-10-15 17:28:46] INFO: Debug: 1 face(s) detected, best confidence: 1.00
[2025-10-15 17:28:46] INFO: Frame received: 640x480
[2025-10-15 17:28:46] INFO: Debug: 1 face(s) detected, best confidence: 1.00
[2025-10-15 17:28:46] INFO: Debug: Image saved with confidence 1.00
[2025-10-15 17:28:46] INFO: Frame received: 640x480
[2025-10-15 17:28:46] INFO: Debug: 1 face(s) detected, best confidence: 1.00
[2025-10-15 17:28:46] INFO: Frame received: 640x480
[2025-10-15 17:28:46] INFO: Debug: 1 face(s) detected, best confidence: 1.00
[2025-10-15 17:28:47] INFO: Frame received: 640x480
[2025-10-15 17:28:47] INFO: Debug: 1 face(s) detected, best confidence: 1.00
[2025-10-15 17:28:47] INFO: Frame received: 640x480
[2025-10-15 17:28:47] INFO: Debug: 1 face(s) detected, best confidence: 1.00
[2025-10-15 17:28:47] INFO: Frame received: 640x480
[2025-10-15 17:28:47] INFO: Debug: 1 face(s) detected, best confidence: 1.00
[2025-10-15 17:28:47] INFO: Frame received: 640x480
[2025-10-15 17:28:47] INFO: Debug: 1 face(s) detected, best confidence: 1.00
[2025-10-15 17:28:47] INFO: Frame received: 640x480
[2025-10-15 17:28:47] INFO: Debug: 1 face(s) detected, best confidence: 1.00
[2025-10-15 17:28:47] INFO: Frame received: 640x480
[2025-10-15 17:28:47] INFO: Debug: 1 face(s) detected, best confidence: 1.00
[2025-10-15 17:28:47] INFO: Frame received: 640x480
[2025-10-15 17:28:47] INFO: Debug: 1 face(s) detected, best confidence: 1.00
[2025-10-15 17:28:47] INFO: Frame received: 640x480
[2025-10-15 17:28:47] INFO: Debug: 1 face(s) detected, best confidence: 1.00
[2025-10-15 17:28:47] INFO: Frame received: 640x480
[2025-10-15 17:28:47] INFO: Debug: 1 face(s) detected, best confidence: 0.85
[2025-10-15 17:28:47] INFO: Debug: Image saved with confidence 0.85
[2025-10-15 17:28:47] INFO: Frame received: 640x480
[2025-10-15 17:28:47] INFO: Debug: 1 face(s) detected, best confidence: 1.00
[2025-10-15 17:28:48] INFO: Frame received: 640x480
[2025-10-15 17:28:48] INFO: Debug: 1 face(s) detected, best confidence: 1.00
[2025-10-15 17:28:48] INFO: Frame received: 640x480
[2025-10-15 17:28:48] INFO: Debug: 1 face(s) detected, best confidence: 1.00
[2025-10-15 17:28:48] INFO: Frame received: 640x480
[2025-10-15 17:28:48] INFO: Debug: 1 face(s) detected, best confidence: 1.00
[2025-10-15 17:28:48] INFO: Frame received: 640x480
[2025-10-15 17:28:48] INFO: Debug: 1 face(s) detected, best confidence: 1.00
[2025-10-15 17:28:48] INFO: Frame received: 640x480
[2025-10-15 17:28:48] INFO: Debug: 1 face(s) detected, best confidence: 1.00
[2025-10-15 17:28:48] INFO: Frame received: 640x480
[2025-10-15 17:28:48] INFO: Debug: 1 face(s) detected, best confidence: 1.00
[2025-10-15 17:28:48] INFO: Frame received: 640x480
[2025-10-15 17:28:48] INFO: Debug: 1 face(s) detected, best confidence: 1.00
[2025-10-15 17:28:48] INFO: Frame received: 640x480
[2025-10-15 17:28:48] INFO: Debug: 1 face(s) detected, best confidence: 1.00
[2025-10-15 17:28:48] INFO: Frame received: 640x480
[2025-10-15 17:28:48] INFO: Debug: 2 face(s) detected, best confidence: 1.00
[2025-10-15 17:28:48] INFO: Debug: Image saved with confidence 0.85
[2025-10-15 17:28:48] INFO: Frame received: 640x480
[2025-10-15 17:28:49] INFO: Debug: 1 face(s) detected, best confidence: 1.00
[2025-10-15 17:28:49] INFO: Frame received: 640x480
[2025-10-15 17:28:49] INFO: Debug: 1 face(s) detected, best confidence: 1.00
[2025-10-15 17:28:49] INFO: Frame received: 640x480
[2025-10-15 17:28:49] INFO: Debug: 1 face(s) detected, best confidence: 1.00
[2025-10-15 17:28:49] INFO: Frame received: 640x480
[2025-10-15 17:28:49] INFO: Debug: 1 face(s) detected, best confidence: 1.00
[2025-10-15 17:28:49] INFO: Frame received: 640x480
[2025-10-15 17:28:49] INFO: Debug: 1 face(s) detected, best confidence: 1.00
[2025-10-15 17:28:49] INFO: Frame received: 640x480
[2025-10-15 17:28:49] INFO: Debug: 1 face(s) detected, best confidence: 1.00
[2025-10-15 17:28:49] INFO: Frame received: 640x480
[2025-10-15 17:28:49] INFO: Debug: 1 face(s) detected, best confidence: 1.00
[2025-10-15 17:28:49] INFO: Frame received: 640x480
[2025-10-15 17:28:49] INFO: Debug: 1 face(s) detected, best confidence: 1.00
[2025-10-15 17:28:49] INFO: Frame received: 640x480
[2025-10-15 17:28:49] INFO: Debug: 1 face(s) detected, best confidence: 1.00
[2025-10-15 17:28:49] INFO: Frame received: 640x480
[2025-10-15 17:28:49] INFO: Debug: 1 face(s) detected, best confidence: 1.00
[2025-10-15 17:28:49] INFO: Debug: Image saved with confidence 1.00
[2025-10-15 17:28:49] INFO: Frame received: 640x480
[2025-10-15 17:28:50] INFO: Debug: 1 face(s) detected, best confidence: 1.00
[2025-10-15 17:28:50] INFO: Frame received: 640x480
[2025-10-15 17:28:50] INFO: Debug: 1 face(s) detected, best confidence: 1.00
[2025-10-15 17:28:50] INFO: Frame received: 640x480
[2025-10-15 17:28:50] INFO: Debug: 1 face(s) detected, best confidence: 1.00
[2025-10-15 17:28:50] INFO: Frame received: 640x480
[2025-10-15 17:28:50] INFO: Debug: 1 face(s) detected, best confidence: 1.00
[2025-10-15 17:28:50] INFO: Frame received: 640x480
[2025-10-15 17:28:50] INFO: Debug: 1 face(s) detected, best confidence: 1.00
[2025-10-15 17:28:50] INFO: Frame received: 640x480
[2025-10-15 17:28:50] INFO: Debug: 1 face(s) detected, best confidence: 1.00
[2025-10-15 17:28:50] INFO: Frame received: 640x480
[2025-10-15 17:28:50] INFO: Debug: 1 face(s) detected, best confidence: 1.00
[2025-10-15 17:28:50] INFO: Frame received: 640x480
[2025-10-15 17:28:50] INFO: Debug: 1 face(s) detected, best confidence: 1.00
[2025-10-15 17:28:50] INFO: Frame received: 640x480
[2025-10-15 17:28:50] INFO: Debug: 1 face(s) detected, best confidence: 1.00
[2025-10-15 17:28:50] INFO: Frame received: 640x480
[2025-10-15 17:28:50] INFO: Debug: 1 face(s) detected, best confidence: 1.00
[2025-10-15 17:28:50] INFO: Frame received: 640x480
[2025-10-15 17:28:51] INFO: Debug: 4 face(s) detected, best confidence: 0.90
[2025-10-15 17:28:51] INFO: Debug: Image saved with confidence 0.84
[2025-10-15 17:28:51] INFO: Frame received: 640x480
[2025-10-15 17:28:51] INFO: Debug: 1 face(s) detected, best confidence: 0.85
[2025-10-15 17:28:51] INFO: Frame received: 640x480
[2025-10-15 17:28:51] INFO: Debug: 1 face(s) detected, best confidence: 0.91
[2025-10-15 17:28:51] INFO: Frame received: 640x480
[2025-10-15 17:28:51] INFO: Debug: 1 face(s) detected, best confidence: 0.94
[2025-10-15 17:28:51] INFO: Frame received: 640x480
[2025-10-15 17:28:51] INFO: Debug: 1 face(s) detected, best confidence: 0.97
[2025-10-15 17:28:51] INFO: Frame received: 640x480
[2025-10-15 17:28:51] INFO: Debug: 1 face(s) detected, best confidence: 0.98
[2025-10-15 17:28:51] INFO: Frame received: 640x480
[2025-10-15 17:28:51] INFO: Debug: 1 face(s) detected, best confidence: 0.99
[2025-10-15 17:28:51] INFO: Frame received: 640x480
[2025-10-15 17:28:51] INFO: Debug: 1 face(s) detected, best confidence: 0.99
[2025-10-15 17:28:51] INFO: Frame received: 640x480
[2025-10-15 17:28:51] INFO: Debug: 1 face(s) detected, best confidence: 1.00
[2025-10-15 17:28:51] INFO: Frame received: 640x480
[2025-10-15 17:28:51] INFO: Debug: 1 face(s) detected, best confidence: 1.00
[2025-10-15 17:28:51] INFO: Frame received: 640x480
[2025-10-15 17:28:52] INFO: Debug: 1 face(s) detected, best confidence: 0.85
[2025-10-15 17:28:52] INFO: Debug: Image saved with confidence 0.85
[2025-10-15 17:28:52] INFO: Frame received: 640x480
[2025-10-15 17:28:52] INFO: Debug: 1 face(s) detected, best confidence: 1.00
[2025-10-15 17:28:52] INFO: Frame received: 640x480
[2025-10-15 17:28:52] INFO: Debug: 1 face(s) detected, best confidence: 1.00
[2025-10-15 17:28:52] INFO: Frame received: 640x480
[2025-10-15 17:28:52] INFO: Debug: 1 face(s) detected, best confidence: 1.00
[2025-10-15 17:28:52] INFO: Frame received: 640x480
[2025-10-15 17:28:52] INFO: Debug: 1 face(s) detected, best confidence: 1.00
[2025-10-15 17:28:52] INFO: Frame received: 640x480
[2025-10-15 17:28:52] INFO: Debug: 1 face(s) detected, best confidence: 1.00
[2025-10-15 17:28:52] INFO: Frame received: 640x480
[2025-10-15 17:28:52] INFO: Debug: 1 face(s) detected, best confidence: 1.00
[2025-10-15 17:28:52] INFO: Frame received: 640x480
[2025-10-15 17:28:52] INFO: Debug: 1 face(s) detected, best confidence: 1.00
[2025-10-15 17:28:52] INFO: Frame received: 640x480
[2025-10-15 17:28:52] INFO: Debug: 1 face(s) detected, best confidence: 1.00
[2025-10-15 17:28:52] INFO: Frame received: 640x480
[2025-10-15 17:28:52] INFO: Debug: 1 face(s) detected, best confidence: 1.00
[2025-10-15 17:28:52] INFO: Frame received: 640x480
[2025-10-15 17:28:53] INFO: Debug: 1 face(s) detected, best confidence: 1.00
[2025-10-15 17:28:53] INFO: Frame received: 640x480
[2025-10-15 17:28:53] INFO: Debug: 1 face(s) detected, best confidence: 1.00
[2025-10-15 17:28:53] INFO: Debug: Image saved with confidence 1.00
[2025-10-15 17:28:53] INFO: Frame received: 640x480
[2025-10-15 17:28:53] INFO: Debug: 1 face(s) detected, best confidence: 1.00
[2025-10-15 17:28:53] INFO: Frame received: 640x480
[2025-10-15 17:28:53] INFO: Debug: 1 face(s) detected, best confidence: 1.00
[2025-10-15 17:28:53] INFO: Frame received: 640x480
[2025-10-15 17:28:53] INFO: Debug: 1 face(s) detected, best confidence: 1.00
[2025-10-15 17:28:53] INFO: Frame received: 640x480
[2025-10-15 17:28:53] INFO: Debug: 1 face(s) detected, best confidence: 1.00
[2025-10-15 17:28:53] INFO: Frame received: 640x480
[2025-10-15 17:28:53] INFO: Debug: 1 face(s) detected, best confidence: 1.00
[2025-10-15 17:28:53] INFO: Frame received: 640x480
[2025-10-15 17:28:53] INFO: Debug: 1 face(s) detected, best confidence: 1.00
[2025-10-15 17:28:53] INFO: Frame received: 640x480
[2025-10-15 17:28:53] INFO: Debug: 1 face(s) detected, best confidence: 1.00
[2025-10-15 17:28:53] INFO: Frame received: 640x480
[2025-10-15 17:28:53] INFO: Debug: 1 face(s) detected, best confidence: 1.00
[2025-10-15 17:28:54] INFO: Frame received: 640x480
[2025-10-15 17:28:54] INFO: Debug: 1 face(s) detected, best confidence: 1.00
[2025-10-15 17:28:54] INFO: Frame received: 640x480
[2025-10-15 17:28:54] INFO: Debug: 1 face(s) detected, best confidence: 0.85
[2025-10-15 17:28:54] INFO: Debug: Image saved with confidence 0.85
[2025-10-15 17:28:54] INFO: Frame received: 640x480
[2025-10-15 17:28:54] INFO: Debug: 1 face(s) detected, best confidence: 1.00
[2025-10-15 17:28:54] INFO: Frame received: 640x480
[2025-10-15 17:28:54] INFO: Debug: 1 face(s) detected, best confidence: 1.00
[2025-10-15 17:28:54] INFO: Frame received: 640x480
[2025-10-15 17:28:54] INFO: Debug: 1 face(s) detected, best confidence: 1.00
[2025-10-15 17:28:54] INFO: Frame received: 640x480
[2025-10-15 17:28:54] INFO: Debug: 1 face(s) detected, best confidence: 1.00
[2025-10-15 17:28:54] INFO: Frame received: 640x480
[2025-10-15 17:28:54] INFO: Debug: 1 face(s) detected, best confidence: 1.00
[2025-10-15 17:28:54] INFO: Frame received: 640x480
[2025-10-15 17:28:54] INFO: Debug: 1 face(s) detected, best confidence: 1.00
[2025-10-15 17:28:54] INFO: Frame received: 640x480
[2025-10-15 17:28:54] INFO: Debug: 1 face(s) detected, best confidence: 1.00
[2025-10-15 17:28:54] INFO: Frame received: 640x480
[2025-10-15 17:28:54] INFO: Debug: 1 face(s) detected, best confidence: 1.00
[2025-10-15 17:28:55] INFO: Frame received: 640x480
[2025-10-15 17:28:55] INFO: Debug: 1 face(s) detected, best confidence: 1.00
[2025-10-15 17:28:55] INFO: Frame received: 640x480
[2025-10-15 17:28:55] INFO: Debug: 2 face(s) detected, best confidence: 1.00
[2025-10-15 17:28:55] INFO: Debug: Image saved with confidence 0.85
[2025-10-15 17:28:55] INFO: Frame received: 640x480
[2025-10-15 17:28:55] INFO: Debug: 1 face(s) detected, best confidence: 1.00
[2025-10-15 17:28:55] INFO: Frame received: 640x480
[2025-10-15 17:28:55] INFO: Debug: 1 face(s) detected, best confidence: 1.00
[2025-10-15 17:28:55] INFO: Frame received: 640x480
[2025-10-15 17:28:55] INFO: Debug: 1 face(s) detected, best confidence: 1.00
[2025-10-15 17:28:55] INFO: Frame received: 640x480
[2025-10-15 17:28:55] INFO: Debug: 1 face(s) detected, best confidence: 1.00
[2025-10-15 17:28:55] INFO: Frame received: 640x480
[2025-10-15 17:28:55] INFO: Debug: 1 face(s) detected, best confidence: 1.00
[2025-10-15 17:28:55] INFO: Frame received: 640x480
[2025-10-15 17:28:55] INFO: Debug: 1 face(s) detected, best confidence: 1.00
[2025-10-15 17:28:55] INFO: Frame received: 640x480
[2025-10-15 17:28:55] INFO: Debug: 1 face(s) detected, best confidence: 1.00
[2025-10-15 17:28:55] INFO: Frame received: 640x480
[2025-10-15 17:28:55] INFO: Debug: 1 face(s) detected, best confidence: 1.00
[2025-10-15 17:28:56] INFO: Frame received: 640x480
[2025-10-15 17:28:56] INFO: Debug: 1 face(s) detected, best confidence: 1.00
[2025-10-15 17:28:56] INFO: Frame received: 640x480
[2025-10-15 17:28:56] INFO: Debug: 1 face(s) detected, best confidence: 1.00
[2025-10-15 17:28:56] INFO: Debug: Image saved with confidence 1.00
[2025-10-15 17:28:56] INFO: Frame received: 640x480
[2025-10-15 17:28:56] INFO: Debug: 1 face(s) detected, best confidence: 1.00
[2025-10-15 17:28:56] INFO: Frame received: 640x480
[2025-10-15 17:28:56] INFO: Debug: 1 face(s) detected, best confidence: 1.00
[2025-10-15 17:28:56] INFO: Frame received: 640x480
[2025-10-15 17:28:56] INFO: Debug: 1 face(s) detected, best confidence: 1.00
[2025-10-15 17:28:56] INFO: Frame received: 640x480
[2025-10-15 17:28:56] INFO: Debug: 1 face(s) detected, best confidence: 1.00
[2025-10-15 17:28:56] INFO: Frame received: 640x480
[2025-10-15 17:28:56] INFO: Debug: 1 face(s) detected, best confidence: 1.00
[2025-10-15 17:28:56] INFO: Frame received: 640x480
[2025-10-15 17:28:56] INFO: Debug: 1 face(s) detected, best confidence: 1.00
[2025-10-15 17:28:56] INFO: Frame received: 640x480
[2025-10-15 17:28:56] INFO: Debug: 1 face(s) detected, best confidence: 1.00
[2025-10-15 17:28:56] INFO: Frame received: 640x480
[2025-10-15 17:28:56] INFO: Debug: 1 face(s) detected, best confidence: 1.00
[2025-10-15 17:28:57] INFO: Frame received: 640x480
[2025-10-15 17:28:57] INFO: Debug: 1 face(s) detected, best confidence: 1.00
[2025-10-15 17:28:57] INFO: Frame received: 640x480
[2025-10-15 17:28:57] INFO: Debug: 1 face(s) detected, best confidence: 1.00
[2025-10-15 17:28:57] INFO: Frame received: 640x480
[2025-10-15 17:28:57] INFO: Debug: 1 face(s) detected, best confidence: 1.00
[2025-10-15 17:28:57] INFO: Debug: Image saved with confidence 1.00
[2025-10-15 17:28:57] INFO: Frame received: 640x480
[2025-10-15 17:28:57] INFO: Debug: 1 face(s) detected, best confidence: 1.00
[2025-10-15 17:28:57] INFO: Frame received: 640x480
[2025-10-15 17:28:57] INFO: Debug: 1 face(s) detected, best confidence: 1.00
[2025-10-15 17:28:57] INFO: Frame received: 640x480
[2025-10-15 17:28:57] INFO: Debug: 1 face(s) detected, best confidence: 1.00
[2025-10-15 17:28:57] INFO: Frame received: 640x480
[2025-10-15 17:28:57] INFO: Debug: 1 face(s) detected, best confidence: 1.00
[2025-10-15 17:28:57] INFO: Frame received: 640x480
[2025-10-15 17:28:57] INFO: Debug: 1 face(s) detected, best confidence: 1.00
[2025-10-15 17:28:57] INFO: Frame received: 640x480
[2025-10-15 17:28:57] INFO: Debug: 1 face(s) detected, best confidence: 1.00
[2025-10-15 17:28:57] INFO: Frame received: 640x480
[2025-10-15 17:28:58] INFO: Debug: 1 face(s) detected, best confidence: 1.00
[2025-10-15 17:28:58] INFO: Frame received: 640x480
[2025-10-15 17:28:58] INFO: Debug: 1 face(s) detected, best confidence: 1.00
[2025-10-15 17:28:58] INFO: Frame received: 640x480
[2025-10-15 17:28:58] INFO: Debug: 1 face(s) detected, best confidence: 1.00
[2025-10-15 17:28:58] INFO: Frame received: 640x480
[2025-10-15 17:28:58] INFO: Debug: 2 face(s) detected, best confidence: 1.00
[2025-10-15 17:28:58] INFO: Debug: Image saved with confidence 1.00
[2025-10-15 17:28:58] INFO: Frame received: 640x480
[2025-10-15 17:28:58] INFO: Debug: 1 face(s) detected, best confidence: 0.90
[2025-10-15 17:28:58] INFO: Frame received: 640x480
[2025-10-15 17:28:58] INFO: Debug: 1 face(s) detected, best confidence: 0.94
[2025-10-15 17:28:58] INFO: Frame received: 640x480
[2025-10-15 17:28:58] INFO: Debug: 1 face(s) detected, best confidence: 0.96
[2025-10-15 17:28:58] INFO: Frame received: 640x480
[2025-10-15 17:28:58] INFO: Debug: 1 face(s) detected, best confidence: 0.98
[2025-10-15 17:28:58] INFO: Frame received: 640x480
[2025-10-15 17:28:58] INFO: Debug: 1 face(s) detected, best confidence: 0.98
[2025-10-15 17:28:58] INFO: Frame received: 640x480
[2025-10-15 17:28:58] INFO: Debug: 1 face(s) detected, best confidence: 0.99
[2025-10-15 17:28:58] INFO: Frame received: 640x480
[2025-10-15 17:28:59] INFO: Debug: 1 face(s) detected, best confidence: 0.99
[2025-10-15 17:28:59] INFO: Frame received: 640x480
[2025-10-15 17:28:59] INFO: Debug: 1 face(s) detected, best confidence: 0.99
[2025-10-15 17:28:59] INFO: Frame received: 640x480
[2025-10-15 17:28:59] INFO: Debug: 1 face(s) detected, best confidence: 0.99
[2025-10-15 17:28:59] INFO: Frame received: 640x480
[2025-10-15 17:28:59] INFO: Debug: 1 face(s) detected, best confidence: 0.99
[2025-10-15 17:28:59] INFO: Debug: Image saved with confidence 0.99
[2025-10-15 17:28:59] INFO: Frame received: 640x480
[2025-10-15 17:28:59] INFO: Debug: 1 face(s) detected, best confidence: 1.00
[2025-10-15 17:28:59] INFO: Frame received: 640x480
[2025-10-15 17:28:59] INFO: Debug: 1 face(s) detected, best confidence: 1.00
[2025-10-15 17:28:59] INFO: Frame received: 640x480
[2025-10-15 17:28:59] INFO: Debug: 1 face(s) detected, best confidence: 1.00
[2025-10-15 17:28:59] INFO: Frame received: 640x480
[2025-10-15 17:28:59] INFO: Debug: 1 face(s) detected, best confidence: 1.00
[2025-10-15 17:28:59] INFO: Frame received: 640x480
[2025-10-15 17:28:59] INFO: Debug: 1 face(s) detected, best confidence: 1.00
[2025-10-15 17:28:59] INFO: Frame received: 640x480
[2025-10-15 17:28:59] INFO: Debug: 1 face(s) detected, best confidence: 1.00
[2025-10-15 17:28:59] INFO: Frame received: 640x480
[2025-10-15 17:29:00] INFO: Debug: 1 face(s) detected, best confidence: 1.00
[2025-10-15 17:29:00] INFO: Frame received: 640x480
[2025-10-15 17:29:00] INFO: Debug: 1 face(s) detected, best confidence: 1.00
[2025-10-15 17:29:00] INFO: Frame received: 640x480
[2025-10-15 17:29:00] INFO: Debug: 1 face(s) detected, best confidence: 1.00
[2025-10-15 17:29:00] INFO: Frame received: 640x480
[2025-10-15 17:29:00] INFO: Debug: 1 face(s) detected, best confidence: 1.00
[2025-10-15 17:29:00] INFO: Debug: Image saved with confidence 1.00
[2025-10-15 17:29:00] INFO: Frame received: 640x480
[2025-10-15 17:29:00] INFO: Debug: 1 face(s) detected, best confidence: 1.00
[2025-10-15 17:29:00] INFO: Frame received: 640x480
[2025-10-15 17:29:00] INFO: Debug: 1 face(s) detected, best confidence: 1.00
[2025-10-15 17:29:00] INFO: Frame received: 640x480
[2025-10-15 17:29:00] INFO: Debug: 1 face(s) detected, best confidence: 1.00
[2025-10-15 17:29:00] INFO: Frame received: 640x480
[2025-10-15 17:29:00] INFO: Debug: 1 face(s) detected, best confidence: 1.00
[2025-10-15 17:29:00] INFO: Frame received: 640x480
[2025-10-15 17:29:00] INFO: Debug: 1 face(s) detected, best confidence: 1.00
[2025-10-15 17:29:00] INFO: Frame received: 640x480
[2025-10-15 17:29:00] INFO: Debug: 1 face(s) detected, best confidence: 1.00
[2025-10-15 17:29:00] INFO: Frame received: 640x480
[2025-10-15 17:29:01] INFO: Debug: 1 face(s) detected, best confidence: 1.00
[2025-10-15 17:29:01] INFO: Frame received: 640x480
[2025-10-15 17:29:01] INFO: Debug: 1 face(s) detected, best confidence: 1.00
[2025-10-15 17:29:01] INFO: Frame received: 640x480
[2025-10-15 17:29:01] INFO: Debug: 1 face(s) detected, best confidence: 1.00
[2025-10-15 17:29:01] INFO: Frame received: 640x480
[2025-10-15 17:29:01] INFO: Debug: 1 face(s) detected, best confidence: 1.00
[2025-10-15 17:29:01] INFO: Frame received: 640x480
[2025-10-15 17:29:01] INFO: Debug: 1 face(s) detected, best confidence: 0.85
[2025-10-15 17:29:01] INFO: Debug: Image saved with confidence 0.85
[2025-10-15 17:29:01] INFO: Frame received: 640x480
[2025-10-15 17:29:01] INFO: Debug: 1 face(s) detected, best confidence: 1.00
[2025-10-15 17:29:01] INFO: Frame received: 640x480
[2025-10-15 17:29:01] INFO: Debug: 1 face(s) detected, best confidence: 1.00
[2025-10-15 17:29:01] INFO: Frame received: 640x480
[2025-10-15 17:29:01] INFO: Debug: 1 face(s) detected, best confidence: 1.00
[2025-10-15 17:29:01] INFO: Frame received: 640x480
[2025-10-15 17:29:01] INFO: Debug: 1 face(s) detected, best confidence: 1.00
[2025-10-15 17:29:01] INFO: Frame received: 640x480
[2025-10-15 17:29:01] INFO: Debug: 1 face(s) detected, best confidence: 1.00
[2025-10-15 17:29:01] INFO: Frame received: 640x480
[2025-10-15 17:29:02] INFO: Debug: 1 face(s) detected, best confidence: 1.00
[2025-10-15 17:29:02] INFO: Frame received: 640x480
[2025-10-15 17:29:02] INFO: Debug: 1 face(s) detected, best confidence: 1.00
[2025-10-15 17:29:02] INFO: Frame received: 640x480
[2025-10-15 17:29:02] INFO: Debug: 1 face(s) detected, best confidence: 1.00
[2025-10-15 17:29:02] INFO: Frame received: 640x480
[2025-10-15 17:29:02] INFO: Debug: 1 face(s) detected, best confidence: 1.00
[2025-10-15 17:29:02] INFO: Frame received: 640x480
[2025-10-15 17:29:02] INFO: Debug: 3 face(s) detected, best confidence: 0.99
[2025-10-15 17:29:02] INFO: Debug: Image saved with confidence 0.84
[2025-10-15 17:29:02] INFO: Frame received: 640x480
[2025-10-15 17:29:02] INFO: Debug: 1 face(s) detected, best confidence: 1.00
[2025-10-15 17:29:02] INFO: Frame received: 640x480
[2025-10-15 17:29:02] INFO: Debug: 1 face(s) detected, best confidence: 1.00
[2025-10-15 17:29:02] INFO: Frame received: 640x480
[2025-10-15 17:29:02] INFO: Debug: 1 face(s) detected, best confidence: 1.00
[2025-10-15 17:29:02] INFO: Frame received: 640x480
[2025-10-15 17:29:02] INFO: Debug: 1 face(s) detected, best confidence: 1.00
[2025-10-15 17:29:02] INFO: Frame received: 640x480
[2025-10-15 17:29:02] INFO: Debug: 1 face(s) detected, best confidence: 1.00
[2025-10-15 17:29:02] INFO: Frame received: 640x480
[2025-10-15 17:29:03] INFO: Debug: 1 face(s) detected, best confidence: 1.00
[2025-10-15 17:29:03] INFO: Frame received: 640x480
[2025-10-15 17:29:03] INFO: Debug: 1 face(s) detected, best confidence: 1.00
[2025-10-15 17:29:03] INFO: Frame received: 640x480
[2025-10-15 17:29:03] INFO: Debug: 1 face(s) detected, best confidence: 1.00
[2025-10-15 17:29:03] INFO: Frame received: 640x480
[2025-10-15 17:29:03] INFO: Debug: 1 face(s) detected, best confidence: 1.00
[2025-10-15 17:29:03] INFO: Frame received: 640x480
[2025-10-15 17:29:03] INFO: Debug: 1 face(s) detected, best confidence: 1.00
[2025-10-15 17:29:03] INFO: Frame received: 640x480
[2025-10-15 17:29:03] INFO: Debug: 1 face(s) detected, best confidence: 1.00
[2025-10-15 17:29:03] INFO: Debug: Image saved with confidence 1.00
[2025-10-15 17:29:03] INFO: Frame received: 640x480
[2025-10-15 17:29:03] INFO: Debug: 1 face(s) detected, best confidence: 1.00
[2025-10-15 17:29:03] INFO: Frame received: 640x480
[2025-10-15 17:29:03] INFO: Debug: 1 face(s) detected, best confidence: 1.00
[2025-10-15 17:29:03] INFO: Frame received: 640x480
[2025-10-15 17:29:03] INFO: Debug: 1 face(s) detected, best confidence: 1.00
[2025-10-15 17:29:03] INFO: Frame received: 640x480
[2025-10-15 17:29:03] INFO: Debug: 1 face(s) detected, best confidence: 1.00
[2025-10-15 17:29:03] INFO: Frame received: 640x480
[2025-10-15 17:29:04] INFO: Debug: 1 face(s) detected, best confidence: 1.00
[2025-10-15 17:29:04] INFO: Frame received: 640x480
[2025-10-15 17:29:04] INFO: Debug: 1 face(s) detected, best confidence: 1.00
[2025-10-15 17:29:04] INFO: Frame received: 640x480
[2025-10-15 17:29:04] INFO: Debug: 1 face(s) detected, best confidence: 1.00
[2025-10-15 17:29:04] INFO: Frame received: 640x480
[2025-10-15 17:29:04] INFO: Debug: 1 face(s) detected, best confidence: 1.00
[2025-10-15 17:29:04] INFO: Frame received: 640x480
[2025-10-15 17:29:04] INFO: Debug: 1 face(s) detected, best confidence: 1.00
[2025-10-15 17:29:04] INFO: Frame received: 640x480
[2025-10-15 17:29:04] INFO: Debug: 1 face(s) detected, best confidence: 1.00
[2025-10-15 17:29:04] INFO: Debug: Image saved with confidence 0.99
[2025-10-15 17:29:04] INFO: Frame received: 640x480
[2025-10-15 17:29:04] INFO: Debug: 1 face(s) detected, best confidence: 0.99
[2025-10-15 17:29:04] INFO: Frame received: 640x480
[2025-10-15 17:29:04] INFO: Debug: 1 face(s) detected, best confidence: 1.00
[2025-10-15 17:29:04] INFO: Frame received: 640x480
[2025-10-15 17:29:04] INFO: Debug: 1 face(s) detected, best confidence: 1.00
[2025-10-15 17:29:04] INFO: Frame received: 640x480
[2025-10-15 17:29:04] INFO: Debug: 1 face(s) detected, best confidence: 1.00
[2025-10-15 17:29:04] INFO: Frame received: 640x480
[2025-10-15 17:29:05] INFO: Debug: 1 face(s) detected, best confidence: 1.00
[2025-10-15 17:29:05] INFO: Frame received: 640x480
[2025-10-15 17:29:05] INFO: Debug: 1 face(s) detected, best confidence: 1.00
[2025-10-15 17:29:05] INFO: Frame received: 640x480
[2025-10-15 17:29:05] INFO: Debug: 1 face(s) detected, best confidence: 1.00
[2025-10-15 17:29:05] INFO: Frame received: 640x480
[2025-10-15 17:29:05] INFO: Debug: 1 face(s) detected, best confidence: 1.00
[2025-10-15 17:29:05] INFO: Frame received: 640x480
[2025-10-15 17:29:05] INFO: Debug: 1 face(s) detected, best confidence: 1.00
[2025-10-15 17:29:05] INFO: Frame received: 640x480
[2025-10-15 17:29:05] INFO: Debug: 1 face(s) detected, best confidence: 1.00
[2025-10-15 17:29:05] INFO: Frame received: 640x480
[2025-10-15 17:29:05] INFO: Debug: 1 face(s) detected, best confidence: 1.00
[2025-10-15 17:29:05] INFO: Frame received: 640x480
[2025-10-15 17:29:05] INFO: Debug: 1 face(s) detected, best confidence: 1.00
[2025-10-15 17:29:05] INFO: Frame received: 640x480
[2025-10-15 17:29:05] INFO: Debug: 1 face(s) detected, best confidence: 1.00
[2025-10-15 17:29:05] INFO: Frame received: 640x480
[2025-10-15 17:29:05] INFO: Debug: 1 face(s) detected, best confidence: 1.00
[2025-10-15 17:29:06] INFO: Frame received: 640x480
[2025-10-15 17:29:06] INFO: Debug: 1 face(s) detected, best confidence: 1.00
[2025-10-15 17:29:06] INFO: Frame received: 640x480
[2025-10-15 17:29:06] INFO: Debug: 1 face(s) detected, best confidence: 1.00
[2025-10-15 17:29:06] INFO: Frame received: 640x480
[2025-10-15 17:29:06] INFO: Debug: 1 face(s) detected, best confidence: 1.00
[2025-10-15 17:29:06] INFO: Frame received: 640x480
[2025-10-15 17:29:06] INFO: Debug: 1 face(s) detected, best confidence: 1.00
[2025-10-15 17:29:06] INFO: Frame received: 640x480
[2025-10-15 17:29:06] INFO: Debug: 1 face(s) detected, best confidence: 1.00
[2025-10-15 17:29:06] INFO: Frame received: 640x480
[2025-10-15 17:29:06] INFO: Debug: 1 face(s) detected, best confidence: 1.00
[2025-10-15 17:29:06] INFO: Frame received: 640x480
[2025-10-15 17:29:06] INFO: Capture result: true - Captured 20 images. Accepted 20, Rejected 0.
[2025-10-15 17:29:06] INFO: Debug: 1 face(s) detected, best confidence: 1.00
[2025-10-15 17:29:06] INFO: Debug: Capture process finished
[2025-10-15 17:29:06] INFO: Frame received: 640x480
[2025-10-15 17:29:06] INFO: Debug: 1 face(s) detected, best confidence: 1.00
[2025-10-15 17:29:06] INFO: Frame received: 640x480
[2025-10-15 17:29:06] INFO: Debug: 1 face(s) detected, best confidence: 1.00
[2025-10-15 17:29:06] INFO: Frame received: 640x480
[2025-10-15 17:29:06] INFO: Debug: 1 face(s) detected, best confidence: 1.00
[2025-10-15 17:29:07] INFO: Frame received: 640x480
[2025-10-15 17:29:07] INFO: Debug: 1 face(s) detected, best confidence: 1.00
[2025-10-15 17:29:07] INFO: Frame received: 640x480
[2025-10-15 17:29:07] INFO: Debug: 1 face(s) detected, best confidence: 1.00
[2025-10-15 17:29:07] INFO: Frame received: 640x480
[2025-10-15 17:29:07] INFO: Debug: 1 face(s) detected, best confidence: 1.00
[2025-10-15 17:29:07] INFO: Frame received: 640x480
[2025-10-15 17:29:07] INFO: Debug: 1 face(s) detected, best confidence: 1.00
[2025-10-15 17:29:07] INFO: Frame received: 640x480
[2025-10-15 17:29:07] INFO: Debug: 1 face(s) detected, best confidence: 1.00
[2025-10-15 17:29:07] INFO: Frame received: 640x480
[2025-10-15 17:29:07] INFO: Debug: 1 face(s) detected, best confidence: 1.00
[2025-10-15 17:29:07] INFO: Frame received: 640x480
[2025-10-15 17:29:07] INFO: Debug: 1 face(s) detected, best confidence: 1.00
[2025-10-15 17:29:07] INFO: Frame received: 640x480
[2025-10-15 17:29:07] INFO: Debug: 1 face(s) detected, best confidence: 1.00
[2025-10-15 17:29:07] INFO: Frame received: 640x480
[2025-10-15 17:29:07] INFO: Debug: 1 face(s) detected, best confidence: 1.00
[2025-10-15 17:29:07] INFO: Frame received: 640x480
[2025-10-15 17:29:07] INFO: Debug: 1 face(s) detected, best confidence: 1.00
[2025-10-15 17:29:08] INFO: Frame received: 640x480
[2025-10-15 17:29:08] INFO: Debug: 1 face(s) detected, best confidence: 1.00
[2025-10-15 17:29:08] INFO: Frame received: 640x480
[2025-10-15 17:29:08] INFO: Debug: 1 face(s) detected, best confidence: 1.00
[2025-10-15 17:29:08] INFO: Frame received: 640x480
[2025-10-15 17:29:08] INFO: Debug: 1 face(s) detected, best confidence: 1.00
[2025-10-15 17:29:08] INFO: Frame received: 640x480
[2025-10-15 17:29:08] INFO: Debug: 1 face(s) detected, best confidence: 1.00
[2025-10-15 17:29:08] INFO: Debug: All images captured successfully
[2025-10-15 17:29:08] INFO: Frame received: 640x480
[2025-10-15 17:29:08] INFO: Debug: 1 face(s) detected, best confidence: 1.00
[2025-10-15 17:29:08] INFO: Frame received: 640x480
[2025-10-15 17:29:08] INFO: Debug: 1 face(s) detected, best confidence: 1.00
[2025-10-15 17:29:08] INFO: Frame received: 640x480
[2025-10-15 17:29:08] INFO: Debug: 1 face(s) detected, best confidence: 1.00
[2025-10-15 17:29:08] INFO: Frame received: 640x480
[2025-10-15 17:29:08] INFO: Debug: 1 face(s) detected, best confidence: 1.00
[2025-10-15 17:29:08] INFO: Frame received: 640x480
[2025-10-15 17:29:08] INFO: Debug: 1 face(s) detected, best confidence: 1.00
[2025-10-15 17:29:08] INFO: Frame received: 640x480
[2025-10-15 17:29:08] INFO: Debug: 1 face(s) detected, best confidence: 1.00
[2025-10-15 17:29:09] INFO: Frame received: 640x480
[2025-10-15 17:29:09] INFO: Debug: 1 face(s) detected, best confidence: 1.00
[2025-10-15 17:29:09] INFO: Frame received: 640x480
[2025-10-15 17:29:09] INFO: Debug: 1 face(s) detected, best confidence: 1.00
[2025-10-15 17:29:09] INFO: Frame received: 640x480
[2025-10-15 17:29:09] INFO: Debug: 1 face(s) detected, best confidence: 1.00
[2025-10-15 17:29:09] INFO: Frame received: 640x480
[2025-10-15 17:29:09] INFO: Debug: 1 face(s) detected, best confidence: 1.00
[2025-10-15 17:29:09] INFO: Frame received: 640x480
[2025-10-15 17:29:09] INFO: Debug: 1 face(s) detected, best confidence: 1.00
[2025-10-15 17:29:09] INFO: Disposing FaceCaptureDialog...
[2025-10-15 17:29:09] INFO: Preview timer stopped
[2025-10-15 17:29:09] INFO: Face detection resources released
