[2025-10-18 16:17:44] INFO: Application Logger Initialized.
[2025-10-18 16:17:44] INFO: Configuration loaded from file: C:\SMU\CS102 Project\FaceRecognitionCS102\app.properties
[2025-10-18 16:17:45] INFO: GUI launched successfully
[2025-10-18 16:17:48] INFO: Face embedding model loaded successfully
[2025-10-18 16:17:48] INFO: ￢ﾜﾓ Facial landmark detector (cascade-based) loaded successfully
[2025-10-18 16:17:48] INFO: FaceCaptureDialog created for student: Jin Rae
[2025-10-18 16:17:48] INFO: Dialog initialized
[2025-10-18 16:17:48] INFO: Starting camera preview...
[2025-10-18 16:17:48] INFO: Camera FPS: 30.0
[2025-10-18 16:17:48] INFO: Preview timer started
[2025-10-18 16:17:49] INFO: Frame received: 640x480
[2025-10-18 16:17:49] INFO: Debug: 1 face(s) detected, best confidence: 1.00
[2025-10-18 16:17:49] INFO: Frame received: 640x480
[2025-10-18 16:17:49] INFO: Debug: 1 face(s) detected, best confidence: 1.00
[2025-10-18 16:17:49] INFO: Frame received: 640x480
[2025-10-18 16:17:49] INFO: Debug: 1 face(s) detected, best confidence: 1.00
[2025-10-18 16:17:49] INFO: Frame received: 640x480
[2025-10-18 16:17:49] INFO: Debug: 1 face(s) detected, best confidence: 1.00
[2025-10-18 16:17:49] INFO: Frame received: 640x480
[2025-10-18 16:17:49] INFO: Debug: 1 face(s) detected, best confidence: 1.00
[2025-10-18 16:17:50] INFO: Frame received: 640x480
[2025-10-18 16:17:50] INFO: Debug: 1 face(s) detected, best confidence: 1.00
[2025-10-18 16:17:50] INFO: Frame received: 640x480
[2025-10-18 16:17:50] INFO: Debug: 1 face(s) detected, best confidence: 1.00
[2025-10-18 16:17:50] INFO: Frame received: 640x480
[2025-10-18 16:17:50] INFO: Debug: 1 face(s) detected, best confidence: 1.00
[2025-10-18 16:17:50] INFO: Frame received: 640x480
[2025-10-18 16:17:50] INFO: Debug: 1 face(s) detected, best confidence: 1.00
[2025-10-18 16:17:50] INFO: Frame received: 640x480
[2025-10-18 16:17:50] INFO: Debug: 1 face(s) detected, best confidence: 1.00
[2025-10-18 16:17:50] INFO: Frame received: 640x480
[2025-10-18 16:17:50] INFO: Debug: 1 face(s) detected, best confidence: 1.00
[2025-10-18 16:17:50] INFO: Frame received: 640x480
[2025-10-18 16:17:50] INFO: Debug: 1 face(s) detected, best confidence: 1.00
[2025-10-18 16:17:50] INFO: Frame received: 640x480
[2025-10-18 16:17:50] INFO: Debug: 1 face(s) detected, best confidence: 1.00
[2025-10-18 16:17:50] INFO: Frame received: 640x480
[2025-10-18 16:17:50] INFO: Debug: 1 face(s) detected, best confidence: 1.00
[2025-10-18 16:17:51] INFO: Frame received: 640x480
[2025-10-18 16:17:51] INFO: Debug: 1 face(s) detected, best confidence: 1.00
[2025-10-18 16:17:51] INFO: Frame received: 640x480
[2025-10-18 16:17:51] INFO: Debug: 1 face(s) detected, best confidence: 1.00
[2025-10-18 16:17:51] INFO: Frame received: 640x480
[2025-10-18 16:17:51] INFO: Debug: 1 face(s) detected, best confidence: 1.00
[2025-10-18 16:17:51] INFO: Frame received: 640x480
[2025-10-18 16:17:51] INFO: Debug: 1 face(s) detected, best confidence: 1.00
[2025-10-18 16:17:51] INFO: Frame received: 640x480
[2025-10-18 16:17:51] INFO: Debug: 1 face(s) detected, best confidence: 1.00
[2025-10-18 16:17:51] INFO: Frame received: 640x480
[2025-10-18 16:17:51] INFO: Debug: 1 face(s) detected, best confidence: 1.00
[2025-10-18 16:17:51] INFO: Frame received: 640x480
[2025-10-18 16:17:51] INFO: Debug: 1 face(s) detected, best confidence: 1.00
[2025-10-18 16:17:51] INFO: Frame received: 640x480
[2025-10-18 16:17:51] INFO: Debug: 1 face(s) detected, best confidence: 1.00
[2025-10-18 16:17:51] INFO: Frame received: 640x480
[2025-10-18 16:17:51] INFO: Debug: 1 face(s) detected, best confidence: 1.00
[2025-10-18 16:17:52] INFO: Frame received: 640x480
[2025-10-18 16:17:52] INFO: Debug: 1 face(s) detected, best confidence: 1.00
[2025-10-18 16:17:52] INFO: Frame received: 640x480
[2025-10-18 16:17:52] INFO: Debug: 1 face(s) detected, best confidence: 1.00
[2025-10-18 16:17:52] INFO: Frame received: 640x480
[2025-10-18 16:17:52] INFO: Debug: 1 face(s) detected, best confidence: 1.00
[2025-10-18 16:17:52] INFO: Frame received: 640x480
[2025-10-18 16:17:52] INFO: Debug: 1 face(s) detected, best confidence: 1.00
[2025-10-18 16:17:52] INFO: Frame received: 640x480
[2025-10-18 16:17:52] INFO: Debug: 1 face(s) detected, best confidence: 1.00
[2025-10-18 16:17:52] INFO: Frame received: 640x480
[2025-10-18 16:17:52] INFO: Debug: 1 face(s) detected, best confidence: 1.00
[2025-10-18 16:17:52] INFO: Frame received: 640x480
[2025-10-18 16:17:52] INFO: Debug: 1 face(s) detected, best confidence: 1.00
[2025-10-18 16:17:52] INFO: Disposing FaceCaptureDialog...
[2025-10-18 16:17:52] INFO: Preview timer stopped
[2025-10-18 16:17:53] INFO: Face detection resources released
[2025-10-18 16:17:58] INFO: Face embedding model loaded successfully
[2025-10-18 16:17:58] INFO: ￢ﾜﾓ Facial landmark detector (cascade-based) loaded successfully
[2025-10-18 16:17:58] INFO: FaceCaptureDialog created for student: Jin Rae
[2025-10-18 16:17:58] INFO: Dialog initialized
[2025-10-18 16:17:58] INFO: Starting camera preview...
[2025-10-18 16:17:58] INFO: Camera FPS: 30.0
[2025-10-18 16:17:58] INFO: Preview timer started
[2025-10-18 16:17:58] INFO: Frame received: 640x480
[2025-10-18 16:17:58] INFO: Debug: 1 face(s) detected, best confidence: 0.99
[2025-10-18 16:17:58] INFO: Frame received: 640x480
[2025-10-18 16:17:58] INFO: Debug: 1 face(s) detected, best confidence: 1.00
[2025-10-18 16:17:58] INFO: Frame received: 640x480
[2025-10-18 16:17:58] INFO: Debug: 1 face(s) detected, best confidence: 1.00
[2025-10-18 16:17:58] INFO: Frame received: 640x480
[2025-10-18 16:17:58] INFO: Debug: 1 face(s) detected, best confidence: 1.00
[2025-10-18 16:17:59] INFO: Frame received: 640x480
[2025-10-18 16:17:59] INFO: Debug: 1 face(s) detected, best confidence: 1.00
[2025-10-18 16:17:59] INFO: Frame received: 640x480
[2025-10-18 16:17:59] INFO: Debug: 1 face(s) detected, best confidence: 0.99
[2025-10-18 16:17:59] INFO: Frame received: 640x480
[2025-10-18 16:17:59] INFO: Debug: 1 face(s) detected, best confidence: 1.00
[2025-10-18 16:17:59] INFO: Frame received: 640x480
[2025-10-18 16:17:59] INFO: Debug: 1 face(s) detected, best confidence: 1.00
[2025-10-18 16:17:59] INFO: Frame received: 640x480
[2025-10-18 16:17:59] INFO: Debug: 1 face(s) detected, best confidence: 1.00
[2025-10-18 16:17:59] INFO: Frame received: 640x480
[2025-10-18 16:17:59] INFO: Debug: 1 face(s) detected, best confidence: 1.00
[2025-10-18 16:17:59] INFO: Starting capture process...
[2025-10-18 16:17:59] INFO: Performing capture with target: 15
[2025-10-18 16:17:59] INFO: Debug: Capture process started
[2025-10-18 16:17:59] INFO: Frame received: 640x480
[2025-10-18 16:17:59] INFO: Debug: 1 face(s) detected, best confidence: 1.00
[2025-10-18 16:17:59] INFO: Frame received: 640x480
[2025-10-18 16:17:59] INFO: Debug: 1 face(s) detected, best confidence: 1.00
[2025-10-18 16:17:59] INFO: Frame received: 640x480
[2025-10-18 16:17:59] INFO: Debug: 1 face(s) detected, best confidence: 1.00
[2025-10-18 16:18:00] INFO: Debug: Image saved with confidence 1.00
[2025-10-18 16:18:00] INFO: Frame received: 640x480
[2025-10-18 16:18:00] INFO: Debug: 1 face(s) detected, best confidence: 1.00
[2025-10-18 16:18:00] INFO: Frame received: 640x480
[2025-10-18 16:18:00] INFO: Debug: 1 face(s) detected, best confidence: 1.00
[2025-10-18 16:18:00] INFO: Frame received: 640x480
[2025-10-18 16:18:00] INFO: Debug: 1 face(s) detected, best confidence: 1.00
[2025-10-18 16:18:00] INFO: Frame received: 640x480
[2025-10-18 16:18:00] INFO: Debug: 1 face(s) detected, best confidence: 1.00
[2025-10-18 16:18:00] INFO: Frame received: 640x480
[2025-10-18 16:18:00] INFO: Debug: 1 face(s) detected, best confidence: 1.00
[2025-10-18 16:18:00] INFO: Frame received: 640x480
[2025-10-18 16:18:00] INFO: Debug: 1 face(s) detected, best confidence: 1.00
[2025-10-18 16:18:00] INFO: Frame received: 640x480
[2025-10-18 16:18:00] INFO: Debug: 1 face(s) detected, best confidence: 1.00
[2025-10-18 16:18:00] INFO: Frame received: 640x480
[2025-10-18 16:18:00] INFO: Debug: 1 face(s) detected, best confidence: 1.00
[2025-10-18 16:18:00] INFO: Frame received: 640x480
[2025-10-18 16:18:00] INFO: Debug: 1 face(s) detected, best confidence: 1.00
[2025-10-18 16:18:01] INFO: Frame received: 640x480
[2025-10-18 16:18:01] INFO: Debug: 1 face(s) detected, best confidence: 1.00
[2025-10-18 16:18:01] INFO: Frame received: 640x480
[2025-10-18 16:18:01] INFO: Debug: 1 face(s) detected, best confidence: 1.00
[2025-10-18 16:18:01] INFO: Debug: Image saved with confidence 1.00
[2025-10-18 16:18:01] INFO: Frame received: 640x480
[2025-10-18 16:18:01] INFO: Debug: 1 face(s) detected, best confidence: 1.00
[2025-10-18 16:18:01] INFO: Frame received: 640x480
[2025-10-18 16:18:01] INFO: Debug: 1 face(s) detected, best confidence: 1.00
[2025-10-18 16:18:01] INFO: Frame received: 640x480
[2025-10-18 16:18:01] INFO: Debug: 1 face(s) detected, best confidence: 1.00
[2025-10-18 16:18:01] INFO: Frame received: 640x480
[2025-10-18 16:18:01] INFO: Debug: 1 face(s) detected, best confidence: 1.00
[2025-10-18 16:18:01] INFO: Frame received: 640x480
[2025-10-18 16:18:01] INFO: Debug: 1 face(s) detected, best confidence: 1.00
[2025-10-18 16:18:01] INFO: Frame received: 640x480
[2025-10-18 16:18:01] INFO: Debug: 1 face(s) detected, best confidence: 1.00
[2025-10-18 16:18:01] INFO: Frame received: 640x480
[2025-10-18 16:18:01] INFO: Debug: 1 face(s) detected, best confidence: 1.00
[2025-10-18 16:18:02] INFO: Frame received: 640x480
[2025-10-18 16:18:02] INFO: Debug: 1 face(s) detected, best confidence: 1.00
[2025-10-18 16:18:02] INFO: Frame received: 640x480
[2025-10-18 16:18:02] INFO: Debug: 1 face(s) detected, best confidence: 1.00
[2025-10-18 16:18:02] INFO: Frame received: 640x480
[2025-10-18 16:18:02] INFO: Debug: 1 face(s) detected, best confidence: 1.00
[2025-10-18 16:18:02] INFO: Frame received: 640x480
[2025-10-18 16:18:02] INFO: Debug: 1 face(s) detected, best confidence: 1.00
[2025-10-18 16:18:02] INFO: Debug: Image saved with confidence 1.00
[2025-10-18 16:18:02] INFO: Frame received: 640x480
[2025-10-18 16:18:02] INFO: Debug: 1 face(s) detected, best confidence: 1.00
[2025-10-18 16:18:02] INFO: Frame received: 640x480
[2025-10-18 16:18:02] INFO: Debug: 1 face(s) detected, best confidence: 1.00
[2025-10-18 16:18:02] INFO: Frame received: 640x480
[2025-10-18 16:18:02] INFO: Debug: 1 face(s) detected, best confidence: 1.00
[2025-10-18 16:18:02] INFO: Frame received: 640x480
[2025-10-18 16:18:02] INFO: Debug: 1 face(s) detected, best confidence: 1.00
[2025-10-18 16:18:02] INFO: Frame received: 640x480
[2025-10-18 16:18:02] INFO: Debug: 1 face(s) detected, best confidence: 1.00
[2025-10-18 16:18:03] INFO: Frame received: 640x480
[2025-10-18 16:18:03] INFO: Debug: 1 face(s) detected, best confidence: 1.00
[2025-10-18 16:18:03] INFO: Frame received: 640x480
[2025-10-18 16:18:03] INFO: Debug: 1 face(s) detected, best confidence: 1.00
[2025-10-18 16:18:03] INFO: Frame received: 640x480
[2025-10-18 16:18:03] INFO: Debug: 1 face(s) detected, best confidence: 1.00
[2025-10-18 16:18:03] INFO: Frame received: 640x480
[2025-10-18 16:18:03] INFO: Debug: 1 face(s) detected, best confidence: 1.00
[2025-10-18 16:18:03] INFO: Frame received: 640x480
[2025-10-18 16:18:03] INFO: Debug: 1 face(s) detected, best confidence: 1.00
[2025-10-18 16:18:03] INFO: Debug: Image saved with confidence 1.00
[2025-10-18 16:18:03] INFO: Frame received: 640x480
[2025-10-18 16:18:03] INFO: Debug: 1 face(s) detected, best confidence: 1.00
[2025-10-18 16:18:03] INFO: Frame received: 640x480
[2025-10-18 16:18:03] INFO: Debug: 1 face(s) detected, best confidence: 1.00
[2025-10-18 16:18:03] INFO: Frame received: 640x480
[2025-10-18 16:18:03] INFO: Debug: 1 face(s) detected, best confidence: 1.00
[2025-10-18 16:18:03] INFO: Frame received: 640x480
[2025-10-18 16:18:03] INFO: Debug: 1 face(s) detected, best confidence: 1.00
[2025-10-18 16:18:04] INFO: Frame received: 640x480
[2025-10-18 16:18:04] INFO: Debug: 1 face(s) detected, best confidence: 1.00
[2025-10-18 16:18:04] INFO: Frame received: 640x480
[2025-10-18 16:18:04] INFO: Debug: 1 face(s) detected, best confidence: 1.00
[2025-10-18 16:18:04] INFO: Frame received: 640x480
[2025-10-18 16:18:04] INFO: Debug: 1 face(s) detected, best confidence: 1.00
[2025-10-18 16:18:04] INFO: Frame received: 640x480
[2025-10-18 16:18:04] INFO: Debug: 1 face(s) detected, best confidence: 1.00
[2025-10-18 16:18:04] INFO: Frame received: 640x480
[2025-10-18 16:18:04] INFO: Debug: 1 face(s) detected, best confidence: 1.00
[2025-10-18 16:18:04] INFO: Frame received: 640x480
[2025-10-18 16:18:04] INFO: Debug: 2 face(s) detected, best confidence: 1.00
[2025-10-18 16:18:04] INFO: Frame received: 640x480
[2025-10-18 16:18:04] INFO: Debug: 1 face(s) detected, best confidence: 1.00
[2025-10-18 16:18:04] INFO: Debug: Image saved with confidence 1.00
[2025-10-18 16:18:04] INFO: Frame received: 640x480
[2025-10-18 16:18:04] INFO: Debug: 1 face(s) detected, best confidence: 1.00
[2025-10-18 16:18:04] INFO: Frame received: 640x480
[2025-10-18 16:18:04] INFO: Debug: 1 face(s) detected, best confidence: 1.00
[2025-10-18 16:18:05] INFO: Frame received: 640x480
[2025-10-18 16:18:05] INFO: Debug: 1 face(s) detected, best confidence: 1.00
[2025-10-18 16:18:05] INFO: Frame received: 640x480
[2025-10-18 16:18:05] INFO: Debug: 1 face(s) detected, best confidence: 1.00
[2025-10-18 16:18:05] INFO: Frame received: 640x480
[2025-10-18 16:18:05] INFO: Debug: 1 face(s) detected, best confidence: 1.00
[2025-10-18 16:18:05] INFO: Frame received: 640x480
[2025-10-18 16:18:05] INFO: Debug: 1 face(s) detected, best confidence: 1.00
[2025-10-18 16:18:05] INFO: Frame received: 640x480
[2025-10-18 16:18:05] INFO: Debug: 1 face(s) detected, best confidence: 1.00
[2025-10-18 16:18:05] INFO: Frame received: 640x480
[2025-10-18 16:18:05] INFO: Debug: 1 face(s) detected, best confidence: 1.00
[2025-10-18 16:18:05] INFO: Frame received: 640x480
[2025-10-18 16:18:05] INFO: Debug: 1 face(s) detected, best confidence: 1.00
[2025-10-18 16:18:05] INFO: Frame received: 640x480
[2025-10-18 16:18:05] INFO: Debug: 1 face(s) detected, best confidence: 1.00
[2025-10-18 16:18:05] INFO: Frame received: 640x480
[2025-10-18 16:18:05] INFO: Debug: 1 face(s) detected, best confidence: 1.00
[2025-10-18 16:18:05] INFO: Debug: Image saved with confidence 1.00
[2025-10-18 16:18:06] INFO: Frame received: 640x480
[2025-10-18 16:18:06] INFO: Debug: 1 face(s) detected, best confidence: 1.00
[2025-10-18 16:18:06] INFO: Frame received: 640x480
[2025-10-18 16:18:06] INFO: Debug: 1 face(s) detected, best confidence: 1.00
[2025-10-18 16:18:06] INFO: Frame received: 640x480
[2025-10-18 16:18:06] INFO: Debug: 1 face(s) detected, best confidence: 1.00
[2025-10-18 16:18:06] INFO: Frame received: 640x480
[2025-10-18 16:18:06] INFO: Debug: 1 face(s) detected, best confidence: 1.00
[2025-10-18 16:18:06] INFO: Frame received: 640x480
[2025-10-18 16:18:06] INFO: Debug: 1 face(s) detected, best confidence: 1.00
[2025-10-18 16:18:06] INFO: Frame received: 640x480
[2025-10-18 16:18:06] INFO: Debug: 1 face(s) detected, best confidence: 1.00
[2025-10-18 16:18:06] INFO: Frame received: 640x480
[2025-10-18 16:18:06] INFO: Debug: 1 face(s) detected, best confidence: 1.00
[2025-10-18 16:18:06] INFO: Frame received: 640x480
[2025-10-18 16:18:06] INFO: Debug: 1 face(s) detected, best confidence: 1.00
[2025-10-18 16:18:06] INFO: Frame received: 640x480
[2025-10-18 16:18:06] INFO: Debug: 1 face(s) detected, best confidence: 1.00
[2025-10-18 16:18:07] INFO: Frame received: 640x480
[2025-10-18 16:18:07] INFO: Debug: 1 face(s) detected, best confidence: 1.00
[2025-10-18 16:18:07] INFO: Frame received: 640x480
[2025-10-18 16:18:07] INFO: Debug: 1 face(s) detected, best confidence: 1.00
[2025-10-18 16:18:07] INFO: Debug: Image saved with confidence 1.00
[2025-10-18 16:18:07] INFO: Frame received: 640x480
[2025-10-18 16:18:07] INFO: Debug: 1 face(s) detected, best confidence: 1.00
[2025-10-18 16:18:07] INFO: Frame received: 640x480
[2025-10-18 16:18:07] INFO: Debug: 1 face(s) detected, best confidence: 1.00
[2025-10-18 16:18:07] INFO: Frame received: 640x480
[2025-10-18 16:18:07] INFO: Debug: 1 face(s) detected, best confidence: 1.00
[2025-10-18 16:18:07] INFO: Frame received: 640x480
[2025-10-18 16:18:07] INFO: Debug: 1 face(s) detected, best confidence: 1.00
[2025-10-18 16:18:07] INFO: Frame received: 640x480
[2025-10-18 16:18:07] INFO: Debug: 1 face(s) detected, best confidence: 1.00
[2025-10-18 16:18:07] INFO: Frame received: 640x480
[2025-10-18 16:18:07] INFO: Debug: 1 face(s) detected, best confidence: 1.00
[2025-10-18 16:18:07] INFO: Frame received: 640x480
[2025-10-18 16:18:07] INFO: Debug: 1 face(s) detected, best confidence: 1.00
[2025-10-18 16:18:08] INFO: Frame received: 640x480
[2025-10-18 16:18:08] INFO: Debug: 1 face(s) detected, best confidence: 1.00
[2025-10-18 16:18:08] INFO: Frame received: 640x480
[2025-10-18 16:18:08] INFO: Debug: 1 face(s) detected, best confidence: 1.00
[2025-10-18 16:18:08] INFO: Frame received: 640x480
[2025-10-18 16:18:08] INFO: Debug: 1 face(s) detected, best confidence: 1.00
[2025-10-18 16:18:08] INFO: Frame received: 640x480
[2025-10-18 16:18:08] INFO: Debug: 1 face(s) detected, best confidence: 1.00
[2025-10-18 16:18:08] INFO: Debug: Image saved with confidence 1.00
[2025-10-18 16:18:08] INFO: Frame received: 640x480
[2025-10-18 16:18:08] INFO: Debug: 1 face(s) detected, best confidence: 1.00
[2025-10-18 16:18:08] INFO: Frame received: 640x480
[2025-10-18 16:18:08] INFO: Debug: 1 face(s) detected, best confidence: 1.00
[2025-10-18 16:18:08] INFO: Frame received: 640x480
[2025-10-18 16:18:08] INFO: Debug: 1 face(s) detected, best confidence: 1.00
[2025-10-18 16:18:08] INFO: Frame received: 640x480
[2025-10-18 16:18:08] INFO: Debug: 1 face(s) detected, best confidence: 1.00
[2025-10-18 16:18:08] INFO: Frame received: 640x480
[2025-10-18 16:18:08] INFO: Debug: 1 face(s) detected, best confidence: 1.00
[2025-10-18 16:18:09] INFO: Frame received: 640x480
[2025-10-18 16:18:09] INFO: Debug: 1 face(s) detected, best confidence: 1.00
[2025-10-18 16:18:09] INFO: Frame received: 640x480
[2025-10-18 16:18:09] INFO: Debug: 1 face(s) detected, best confidence: 1.00
[2025-10-18 16:18:09] INFO: Frame received: 640x480
[2025-10-18 16:18:09] INFO: Debug: 1 face(s) detected, best confidence: 1.00
[2025-10-18 16:18:09] INFO: Frame received: 640x480
[2025-10-18 16:18:09] INFO: Debug: 1 face(s) detected, best confidence: 1.00
[2025-10-18 16:18:09] INFO: Frame received: 640x480
[2025-10-18 16:18:09] INFO: Debug: 1 face(s) detected, best confidence: 1.00
[2025-10-18 16:18:09] INFO: Frame received: 640x480
[2025-10-18 16:18:09] INFO: Debug: 1 face(s) detected, best confidence: 1.00
[2025-10-18 16:18:09] INFO: Debug: Image saved with confidence 1.00
[2025-10-18 16:18:09] INFO: Frame received: 640x480
[2025-10-18 16:18:09] INFO: Debug: 1 face(s) detected, best confidence: 1.00
[2025-10-18 16:18:09] INFO: Frame received: 640x480
[2025-10-18 16:18:09] INFO: Debug: 1 face(s) detected, best confidence: 1.00
[2025-10-18 16:18:09] INFO: Frame received: 640x480
[2025-10-18 16:18:09] INFO: Debug: 1 face(s) detected, best confidence: 1.00
[2025-10-18 16:18:10] INFO: Frame received: 640x480
[2025-10-18 16:18:10] INFO: Debug: 1 face(s) detected, best confidence: 1.00
[2025-10-18 16:18:10] INFO: Frame received: 640x480
[2025-10-18 16:18:10] INFO: Debug: 1 face(s) detected, best confidence: 1.00
[2025-10-18 16:18:10] INFO: Frame received: 640x480
[2025-10-18 16:18:10] INFO: Debug: 1 face(s) detected, best confidence: 1.00
[2025-10-18 16:18:10] INFO: Frame received: 640x480
[2025-10-18 16:18:10] INFO: Debug: 1 face(s) detected, best confidence: 1.00
[2025-10-18 16:18:10] INFO: Frame received: 640x480
[2025-10-18 16:18:10] INFO: Debug: 1 face(s) detected, best confidence: 1.00
[2025-10-18 16:18:10] INFO: Frame received: 640x480
[2025-10-18 16:18:10] INFO: Debug: 1 face(s) detected, best confidence: 1.00
[2025-10-18 16:18:10] INFO: Frame received: 640x480
[2025-10-18 16:18:10] INFO: Debug: 1 face(s) detected, best confidence: 1.00
[2025-10-18 16:18:10] INFO: Debug: Image saved with confidence 1.00
[2025-10-18 16:18:10] INFO: Frame received: 640x480
[2025-10-18 16:18:10] INFO: Debug: 1 face(s) detected, best confidence: 1.00
[2025-10-18 16:18:10] INFO: Frame received: 640x480
[2025-10-18 16:18:10] INFO: Debug: 1 face(s) detected, best confidence: 1.00
[2025-10-18 16:18:11] INFO: Frame received: 640x480
[2025-10-18 16:18:11] INFO: Debug: 1 face(s) detected, best confidence: 1.00
[2025-10-18 16:18:11] INFO: Frame received: 640x480
[2025-10-18 16:18:11] INFO: Debug: 1 face(s) detected, best confidence: 1.00
[2025-10-18 16:18:11] INFO: Frame received: 640x480
[2025-10-18 16:18:11] INFO: Debug: 1 face(s) detected, best confidence: 1.00
[2025-10-18 16:18:11] INFO: Frame received: 640x480
[2025-10-18 16:18:11] INFO: Debug: 1 face(s) detected, best confidence: 1.00
[2025-10-18 16:18:11] INFO: Frame received: 640x480
[2025-10-18 16:18:11] INFO: Debug: 1 face(s) detected, best confidence: 1.00
[2025-10-18 16:18:11] INFO: Frame received: 640x480
[2025-10-18 16:18:11] INFO: Debug: 1 face(s) detected, best confidence: 1.00
[2025-10-18 16:18:11] INFO: Frame received: 640x480
[2025-10-18 16:18:11] INFO: Debug: 1 face(s) detected, best confidence: 1.00
[2025-10-18 16:18:11] INFO: Frame received: 640x480
[2025-10-18 16:18:11] INFO: Debug: 1 face(s) detected, best confidence: 1.00
[2025-10-18 16:18:11] INFO: Frame received: 640x480
[2025-10-18 16:18:11] INFO: Debug: 1 face(s) detected, best confidence: 1.00
[2025-10-18 16:18:11] INFO: Debug: Image saved with confidence 1.00
[2025-10-18 16:18:12] INFO: Frame received: 640x480
[2025-10-18 16:18:12] INFO: Debug: 1 face(s) detected, best confidence: 1.00
[2025-10-18 16:18:12] INFO: Frame received: 640x480
[2025-10-18 16:18:12] INFO: Debug: 1 face(s) detected, best confidence: 1.00
[2025-10-18 16:18:12] INFO: Frame received: 640x480
[2025-10-18 16:18:12] INFO: Debug: 1 face(s) detected, best confidence: 1.00
[2025-10-18 16:18:12] INFO: Frame received: 640x480
[2025-10-18 16:18:12] INFO: Debug: 1 face(s) detected, best confidence: 1.00
[2025-10-18 16:18:12] INFO: Frame received: 640x480
[2025-10-18 16:18:12] INFO: Debug: 1 face(s) detected, best confidence: 1.00
[2025-10-18 16:18:12] INFO: Frame received: 640x480
[2025-10-18 16:18:12] INFO: Debug: 1 face(s) detected, best confidence: 1.00
[2025-10-18 16:18:12] INFO: Frame received: 640x480
[2025-10-18 16:18:12] INFO: Debug: 1 face(s) detected, best confidence: 1.00
[2025-10-18 16:18:12] INFO: Frame received: 640x480
[2025-10-18 16:18:12] INFO: Debug: 1 face(s) detected, best confidence: 1.00
[2025-10-18 16:18:12] INFO: Frame received: 640x480
[2025-10-18 16:18:12] INFO: Debug: 1 face(s) detected, best confidence: 1.00
[2025-10-18 16:18:13] INFO: Frame received: 640x480
[2025-10-18 16:18:13] INFO: Debug: 1 face(s) detected, best confidence: 1.00
[2025-10-18 16:18:13] INFO: Debug: Image saved with confidence 1.00
[2025-10-18 16:18:13] INFO: Frame received: 640x480
[2025-10-18 16:18:13] INFO: Debug: 1 face(s) detected, best confidence: 1.00
[2025-10-18 16:18:13] INFO: Frame received: 640x480
[2025-10-18 16:18:13] INFO: Debug: 1 face(s) detected, best confidence: 1.00
[2025-10-18 16:18:13] INFO: Frame received: 640x480
[2025-10-18 16:18:13] INFO: Debug: 1 face(s) detected, best confidence: 1.00
[2025-10-18 16:18:13] INFO: Frame received: 640x480
[2025-10-18 16:18:13] INFO: Debug: 1 face(s) detected, best confidence: 1.00
[2025-10-18 16:18:13] INFO: Frame received: 640x480
[2025-10-18 16:18:13] INFO: Debug: 1 face(s) detected, best confidence: 1.00
[2025-10-18 16:18:13] INFO: Frame received: 640x480
[2025-10-18 16:18:13] INFO: Debug: 1 face(s) detected, best confidence: 1.00
[2025-10-18 16:18:13] INFO: Frame received: 640x480
[2025-10-18 16:18:13] INFO: Debug: 1 face(s) detected, best confidence: 1.00
[2025-10-18 16:18:13] INFO: Frame received: 640x480
[2025-10-18 16:18:13] INFO: Debug: 1 face(s) detected, best confidence: 1.00
[2025-10-18 16:18:14] INFO: Frame received: 640x480
[2025-10-18 16:18:14] INFO: Debug: 1 face(s) detected, best confidence: 1.00
[2025-10-18 16:18:14] INFO: Frame received: 640x480
[2025-10-18 16:18:14] INFO: Debug: 1 face(s) detected, best confidence: 1.00
[2025-10-18 16:18:14] INFO: Debug: Image saved with confidence 1.00
[2025-10-18 16:18:14] INFO: Frame received: 640x480
[2025-10-18 16:18:14] INFO: Debug: 1 face(s) detected, best confidence: 1.00
[2025-10-18 16:18:14] INFO: Frame received: 640x480
[2025-10-18 16:18:14] INFO: Debug: 1 face(s) detected, best confidence: 1.00
[2025-10-18 16:18:14] INFO: Frame received: 640x480
[2025-10-18 16:18:14] INFO: Debug: 1 face(s) detected, best confidence: 1.00
[2025-10-18 16:18:14] INFO: Frame received: 640x480
[2025-10-18 16:18:14] INFO: Debug: 1 face(s) detected, best confidence: 1.00
[2025-10-18 16:18:14] INFO: Frame received: 640x480
[2025-10-18 16:18:14] INFO: Debug: 1 face(s) detected, best confidence: 1.00
[2025-10-18 16:18:14] INFO: Frame received: 640x480
[2025-10-18 16:18:14] INFO: Debug: 1 face(s) detected, best confidence: 1.00
[2025-10-18 16:18:14] INFO: Frame received: 640x480
[2025-10-18 16:18:14] INFO: Debug: 1 face(s) detected, best confidence: 1.00
[2025-10-18 16:18:15] INFO: Frame received: 640x480
[2025-10-18 16:18:15] INFO: Debug: 1 face(s) detected, best confidence: 1.00
[2025-10-18 16:18:15] INFO: Frame received: 640x480
[2025-10-18 16:18:15] INFO: Debug: 1 face(s) detected, best confidence: 1.00
[2025-10-18 16:18:15] INFO: Frame received: 640x480
[2025-10-18 16:18:15] INFO: Debug: 1 face(s) detected, best confidence: 1.00
[2025-10-18 16:18:15] INFO: Frame received: 640x480
[2025-10-18 16:18:15] INFO: Debug: 1 face(s) detected, best confidence: 0.99
[2025-10-18 16:18:15] INFO: Debug: Image saved with confidence 1.00
[2025-10-18 16:18:15] INFO: Frame received: 640x480
[2025-10-18 16:18:15] INFO: Debug: 1 face(s) detected, best confidence: 0.98
[2025-10-18 16:18:15] INFO: Frame received: 640x480
[2025-10-18 16:18:15] INFO: Debug: 1 face(s) detected, best confidence: 0.96
[2025-10-18 16:18:15] INFO: Frame received: 640x480
[2025-10-18 16:18:15] INFO: Debug: 1 face(s) detected, best confidence: 0.96
[2025-10-18 16:18:15] INFO: Frame received: 640x480
[2025-10-18 16:18:15] INFO: Debug: 1 face(s) detected, best confidence: 0.96
[2025-10-18 16:18:15] INFO: Frame received: 640x480
[2025-10-18 16:18:15] INFO: Debug: 1 face(s) detected, best confidence: 0.98
[2025-10-18 16:18:16] INFO: Frame received: 640x480
[2025-10-18 16:18:16] INFO: Debug: 1 face(s) detected, best confidence: 0.96
[2025-10-18 16:18:16] INFO: Frame received: 640x480
[2025-10-18 16:18:16] INFO: Debug: 1 face(s) detected, best confidence: 0.97
[2025-10-18 16:18:16] INFO: Frame received: 640x480
[2025-10-18 16:18:16] INFO: Debug: 1 face(s) detected, best confidence: 0.97
[2025-10-18 16:18:16] INFO: Frame received: 640x480
[2025-10-18 16:18:16] INFO: Debug: 1 face(s) detected, best confidence: 0.97
[2025-10-18 16:18:16] INFO: Frame received: 640x480
[2025-10-18 16:18:16] INFO: Debug: 1 face(s) detected, best confidence: 0.97
[2025-10-18 16:18:16] INFO: Debug: Image saved with confidence 0.97
[2025-10-18 16:18:16] INFO: Frame received: 640x480
[2025-10-18 16:18:16] INFO: Debug: 1 face(s) detected, best confidence: 0.97
[2025-10-18 16:18:16] INFO: Frame received: 640x480
[2025-10-18 16:18:16] INFO: Debug: 1 face(s) detected, best confidence: 0.97
[2025-10-18 16:18:16] INFO: Frame received: 640x480
[2025-10-18 16:18:16] INFO: Debug: 1 face(s) detected, best confidence: 0.98
[2025-10-18 16:18:16] INFO: Frame received: 640x480
[2025-10-18 16:18:16] INFO: Debug: 1 face(s) detected, best confidence: 0.97
[2025-10-18 16:18:17] INFO: Frame received: 640x480
[2025-10-18 16:18:17] INFO: Debug: 1 face(s) detected, best confidence: 0.98
[2025-10-18 16:18:17] INFO: Frame received: 640x480
[2025-10-18 16:18:17] INFO: Debug: 1 face(s) detected, best confidence: 0.98
[2025-10-18 16:18:17] INFO: Frame received: 640x480
[2025-10-18 16:18:17] INFO: Debug: 1 face(s) detected, best confidence: 0.98
[2025-10-18 16:18:17] INFO: Frame received: 640x480
[2025-10-18 16:18:17] INFO: Debug: 1 face(s) detected, best confidence: 0.98
[2025-10-18 16:18:17] INFO: Frame received: 640x480
[2025-10-18 16:18:17] INFO: Debug: 1 face(s) detected, best confidence: 0.98
[2025-10-18 16:18:17] INFO: Debug: Capture process finished
[2025-10-18 16:18:17] INFO: Capture result: true - Successfully captured 15 high-quality face images
[2025-10-18 16:18:17] INFO: Frame received: 640x480
[2025-10-18 16:18:17] INFO: Debug: 1 face(s) detected, best confidence: 0.99
[2025-10-18 16:18:17] INFO: Frame received: 640x480
[2025-10-18 16:18:17] INFO: Debug: 1 face(s) detected, best confidence: 0.98
[2025-10-18 16:18:17] INFO: Frame received: 640x480
[2025-10-18 16:18:17] INFO: Debug: 1 face(s) detected, best confidence: 0.98
[2025-10-18 16:18:17] INFO: Frame received: 640x480
[2025-10-18 16:18:17] INFO: Debug: 1 face(s) detected, best confidence: 0.99
[2025-10-18 16:18:18] INFO: Frame received: 640x480
[2025-10-18 16:18:18] INFO: Debug: 1 face(s) detected, best confidence: 0.98
[2025-10-18 16:18:18] INFO: Frame received: 640x480
[2025-10-18 16:18:18] INFO: Debug: 1 face(s) detected, best confidence: 0.98
[2025-10-18 16:18:18] INFO: Frame received: 640x480
[2025-10-18 16:18:18] INFO: Debug: 1 face(s) detected, best confidence: 0.98
[2025-10-18 16:18:18] INFO: Frame received: 640x480
[2025-10-18 16:18:18] INFO: Debug: 1 face(s) detected, best confidence: 0.97
[2025-10-18 16:18:18] INFO: Frame received: 640x480
[2025-10-18 16:18:18] INFO: Debug: 1 face(s) detected, best confidence: 0.97
[2025-10-18 16:18:18] INFO: Frame received: 640x480
[2025-10-18 16:18:18] INFO: Debug: 1 face(s) detected, best confidence: 0.98
[2025-10-18 16:18:18] INFO: Debug: All images captured successfully
[2025-10-18 16:18:18] INFO: Frame received: 640x480
[2025-10-18 16:18:18] INFO: Debug: 1 face(s) detected, best confidence: 0.99
[2025-10-18 16:18:18] INFO: Frame received: 640x480
[2025-10-18 16:18:18] INFO: Debug: 1 face(s) detected, best confidence: 1.00
[2025-10-18 16:18:18] INFO: Frame received: 640x480
[2025-10-18 16:18:19] INFO: Debug: 1 face(s) detected, best confidence: 1.00
[2025-10-18 16:18:19] INFO: Frame received: 640x480
[2025-10-18 16:18:19] INFO: Debug: 1 face(s) detected, best confidence: 1.00
[2025-10-18 16:18:19] INFO: Frame received: 640x480
[2025-10-18 16:18:19] INFO: Debug: 1 face(s) detected, best confidence: 1.00
[2025-10-18 16:18:19] INFO: Frame received: 640x480
[2025-10-18 16:18:19] INFO: Debug: 1 face(s) detected, best confidence: 1.00
[2025-10-18 16:18:19] INFO: Disposing FaceCaptureDialog...
[2025-10-18 16:18:19] INFO: Preview timer stopped
[2025-10-18 16:18:19] INFO: Face detection resources released
