[2025-10-18 17:34:39] INFO: Application Logger Initialized.
[2025-10-18 17:34:39] INFO: Configuration and core components loaded.
[2025-10-18 17:34:39] INFO: Configuration loaded from classpath: app.properties
[2025-10-18 17:34:39] INFO: Configuration file loaded
[2025-10-18 17:34:39] INFO: MyGUIProgram Started!
[2025-10-18 17:34:40] INFO: Face embedding model loaded successfully
[2025-10-18 17:34:40] INFO: === Folder debug ===
[2025-10-18 17:34:40] INFO: Found folder: C:\SMU\CS102 Project\FaceRecognitionCS102\data\facedata\S13234_Jin_Rae
[2025-10-18 17:34:40] INFO:   Contains: 26 items
[2025-10-18 17:34:40] INFO:   Display label: S13234 - Jin_Rae
[2025-10-18 17:34:40] INFO: ====================
[2025-10-18 17:34:40] INFO: Person S13234 - Jin_Rae: tightness=0.954, stdDev=0.009, absThresh=0.625, margin=0.085
[2025-10-18 17:34:40] INFO: DNN face detector loaded successfully for recognition
[2025-10-18 17:34:40] INFO: Attempting to open camera with DSHOW backend...
[2025-10-18 17:34:40] INFO: Camera opened successfully with DSHOW backend
[2025-10-18 17:34:41] INFO: Camera configured: 640x480 @ 30fps with MJPEG codec
[2025-10-18 17:34:41] INFO: Camera initialized successfully
[2025-10-18 17:34:42] INFO: [Recognition] Scores: S13234 - Jin_Rae=0.813 
[2025-10-18 17:34:42] INFO: [Decision] Best=S13234 - Jin_Rae(0.813), 2nd=0.000, Discriminative=0.813, AvgNeg=0.000
[2025-10-18 17:34:42] INFO: [Thresholds] Abs=0.625, Margin=0.085(10.4%), RelMargin=100.0%, Tightness=0.954, StdDev=0.009
[2025-10-18 17:34:42] INFO: [Decision] ACCEPT: Tier 1 - Absolute + Margin
[2025-10-18 17:34:42] INFO: [Recognition] Scores: S13234 - Jin_Rae=0.810 
[2025-10-18 17:34:42] INFO: [Decision] Best=S13234 - Jin_Rae(0.810), 2nd=0.000, Discriminative=0.810, AvgNeg=0.000
[2025-10-18 17:34:42] INFO: [Thresholds] Abs=0.625, Margin=0.085(10.4%), RelMargin=100.0%, Tightness=0.954, StdDev=0.009
[2025-10-18 17:34:42] INFO: [Decision] ACCEPT: Tier 1 - Absolute + Margin
[2025-10-18 17:34:42] INFO: [Recognition] Scores: S13234 - Jin_Rae=0.865 
[2025-10-18 17:34:42] INFO: [Decision] Best=S13234 - Jin_Rae(0.865), 2nd=0.000, Discriminative=0.865, AvgNeg=0.000
[2025-10-18 17:34:42] INFO: [Thresholds] Abs=0.625, Margin=0.085(10.0%), RelMargin=100.0%, Tightness=0.954, StdDev=0.009
[2025-10-18 17:34:42] INFO: [Decision] ACCEPT: Tier 1 - Absolute + Margin
[2025-10-18 17:34:43] INFO: [Recognition] Scores: S13234 - Jin_Rae=0.833 
[2025-10-18 17:34:43] INFO: [Decision] Best=S13234 - Jin_Rae(0.833), 2nd=0.000, Discriminative=0.833, AvgNeg=0.000
[2025-10-18 17:34:43] INFO: [Thresholds] Abs=0.625, Margin=0.085(10.2%), RelMargin=100.0%, Tightness=0.954, StdDev=0.009
[2025-10-18 17:34:43] INFO: [Decision] ACCEPT: Tier 1 - Absolute + Margin
[2025-10-18 17:34:43] INFO: [Recognition] Scores: S13234 - Jin_Rae=0.888 
[2025-10-18 17:34:43] INFO: [Decision] Best=S13234 - Jin_Rae(0.888), 2nd=0.000, Discriminative=0.888, AvgNeg=0.000
[2025-10-18 17:34:43] INFO: [Thresholds] Abs=0.625, Margin=0.085(10.0%), RelMargin=100.0%, Tightness=0.954, StdDev=0.009
[2025-10-18 17:34:43] INFO: [Decision] ACCEPT: Tier 1 - Absolute + Margin
[2025-10-18 17:34:43] INFO: [Recognition] Scores: S13234 - Jin_Rae=0.869 
[2025-10-18 17:34:43] INFO: [Decision] Best=S13234 - Jin_Rae(0.869), 2nd=0.000, Discriminative=0.869, AvgNeg=0.000
[2025-10-18 17:34:43] INFO: [Thresholds] Abs=0.625, Margin=0.085(10.0%), RelMargin=100.0%, Tightness=0.954, StdDev=0.009
[2025-10-18 17:34:43] INFO: [Decision] ACCEPT: Tier 1 - Absolute + Margin
[2025-10-18 17:34:43] INFO: [Recognition] Scores: S13234 - Jin_Rae=0.858 
[2025-10-18 17:34:43] INFO: [Decision] Best=S13234 - Jin_Rae(0.858), 2nd=0.000, Discriminative=0.858, AvgNeg=0.000
[2025-10-18 17:34:43] INFO: [Thresholds] Abs=0.625, Margin=0.085(10.0%), RelMargin=100.0%, Tightness=0.954, StdDev=0.009
[2025-10-18 17:34:43] INFO: [Decision] ACCEPT: Tier 1 - Absolute + Margin
[2025-10-18 17:34:43] INFO: [Recognition] Scores: S13234 - Jin_Rae=0.872 
[2025-10-18 17:34:43] INFO: [Decision] Best=S13234 - Jin_Rae(0.872), 2nd=0.000, Discriminative=0.872, AvgNeg=0.000
[2025-10-18 17:34:43] INFO: [Thresholds] Abs=0.625, Margin=0.085(10.0%), RelMargin=100.0%, Tightness=0.954, StdDev=0.009
[2025-10-18 17:34:43] INFO: [Decision] ACCEPT: Tier 1 - Absolute + Margin
[2025-10-18 17:34:43] INFO: [Recognition] Scores: S13234 - Jin_Rae=0.862 
[2025-10-18 17:34:43] INFO: [Decision] Best=S13234 - Jin_Rae(0.862), 2nd=0.000, Discriminative=0.862, AvgNeg=0.000
[2025-10-18 17:34:43] INFO: [Thresholds] Abs=0.625, Margin=0.085(10.0%), RelMargin=100.0%, Tightness=0.954, StdDev=0.009
[2025-10-18 17:34:43] INFO: [Decision] ACCEPT: Tier 1 - Absolute + Margin
[2025-10-18 17:34:44] INFO: [Recognition] Scores: S13234 - Jin_Rae=0.848 
[2025-10-18 17:34:44] INFO: [Decision] Best=S13234 - Jin_Rae(0.848), 2nd=0.000, Discriminative=0.848, AvgNeg=0.000
[2025-10-18 17:34:44] INFO: [Thresholds] Abs=0.625, Margin=0.085(10.0%), RelMargin=100.0%, Tightness=0.954, StdDev=0.009
[2025-10-18 17:34:44] INFO: [Decision] ACCEPT: Tier 1 - Absolute + Margin
[2025-10-18 17:34:44] INFO: [Recognition] Scores: S13234 - Jin_Rae=0.823 
[2025-10-18 17:34:44] INFO: [Decision] Best=S13234 - Jin_Rae(0.823), 2nd=0.000, Discriminative=0.823, AvgNeg=0.000
[2025-10-18 17:34:44] INFO: [Thresholds] Abs=0.625, Margin=0.085(10.3%), RelMargin=100.0%, Tightness=0.954, StdDev=0.009
[2025-10-18 17:34:44] INFO: [Decision] ACCEPT: Tier 1 - Absolute + Margin
[2025-10-18 17:34:44] INFO: [Recognition] Scores: S13234 - Jin_Rae=0.823 
[2025-10-18 17:34:44] INFO: [Decision] Best=S13234 - Jin_Rae(0.823), 2nd=0.000, Discriminative=0.823, AvgNeg=0.000
[2025-10-18 17:34:44] INFO: [Thresholds] Abs=0.625, Margin=0.085(10.3%), RelMargin=100.0%, Tightness=0.954, StdDev=0.009
[2025-10-18 17:34:44] INFO: [Decision] ACCEPT: Tier 1 - Absolute + Margin
[2025-10-18 17:34:44] INFO: [Recognition] Scores: S13234 - Jin_Rae=0.799 
[2025-10-18 17:34:44] INFO: [Decision] Best=S13234 - Jin_Rae(0.799), 2nd=0.000, Discriminative=0.799, AvgNeg=0.000
[2025-10-18 17:34:44] INFO: [Thresholds] Abs=0.625, Margin=0.085(10.6%), RelMargin=100.0%, Tightness=0.954, StdDev=0.009
[2025-10-18 17:34:44] INFO: [Decision] ACCEPT: Tier 1 - Absolute + Margin
[2025-10-18 17:34:44] INFO: [Recognition] Scores: S13234 - Jin_Rae=0.797 
[2025-10-18 17:34:44] INFO: [Decision] Best=S13234 - Jin_Rae(0.797), 2nd=0.000, Discriminative=0.797, AvgNeg=0.000
[2025-10-18 17:34:44] INFO: [Thresholds] Abs=0.625, Margin=0.085(10.6%), RelMargin=100.0%, Tightness=0.954, StdDev=0.009
[2025-10-18 17:34:44] INFO: [Decision] ACCEPT: Tier 1 - Absolute + Margin
[2025-10-18 17:34:44] INFO: [Recognition] Scores: S13234 - Jin_Rae=0.788 
[2025-10-18 17:34:44] INFO: [Decision] Best=S13234 - Jin_Rae(0.788), 2nd=0.000, Discriminative=0.788, AvgNeg=0.000
[2025-10-18 17:34:44] INFO: [Thresholds] Abs=0.625, Margin=0.085(10.7%), RelMargin=100.0%, Tightness=0.954, StdDev=0.009
[2025-10-18 17:34:44] INFO: [Decision] ACCEPT: Tier 1 - Absolute + Margin
[2025-10-18 17:34:44] INFO: [Recognition] Scores: S13234 - Jin_Rae=0.781 
[2025-10-18 17:34:44] INFO: [Decision] Best=S13234 - Jin_Rae(0.781), 2nd=0.000, Discriminative=0.781, AvgNeg=0.000
[2025-10-18 17:34:44] INFO: [Thresholds] Abs=0.625, Margin=0.085(10.8%), RelMargin=100.0%, Tightness=0.954, StdDev=0.009
[2025-10-18 17:34:44] INFO: [Decision] ACCEPT: Tier 1 - Absolute + Margin
[2025-10-18 17:34:45] INFO: [Recognition] Scores: S13234 - Jin_Rae=0.767 
[2025-10-18 17:34:45] INFO: [Decision] Best=S13234 - Jin_Rae(0.767), 2nd=0.000, Discriminative=0.767, AvgNeg=0.000
[2025-10-18 17:34:45] INFO: [Thresholds] Abs=0.625, Margin=0.085(11.0%), RelMargin=100.0%, Tightness=0.954, StdDev=0.009
[2025-10-18 17:34:45] INFO: [Decision] ACCEPT: Tier 1 - Absolute + Margin
[2025-10-18 17:34:45] INFO: [Recognition] Scores: S13234 - Jin_Rae=0.755 
[2025-10-18 17:34:45] INFO: [Decision] Best=S13234 - Jin_Rae(0.755), 2nd=0.000, Discriminative=0.755, AvgNeg=0.000
[2025-10-18 17:34:45] INFO: [Thresholds] Abs=0.625, Margin=0.085(11.2%), RelMargin=100.0%, Tightness=0.954, StdDev=0.009
[2025-10-18 17:34:45] INFO: [Decision] ACCEPT: Tier 1 - Absolute + Margin
[2025-10-18 17:34:45] INFO: [Recognition] Scores: S13234 - Jin_Rae=0.785 
[2025-10-18 17:34:45] INFO: [Decision] Best=S13234 - Jin_Rae(0.785), 2nd=0.000, Discriminative=0.785, AvgNeg=0.000
[2025-10-18 17:34:45] INFO: [Thresholds] Abs=0.625, Margin=0.085(10.8%), RelMargin=100.0%, Tightness=0.954, StdDev=0.009
[2025-10-18 17:34:45] INFO: [Decision] ACCEPT: Tier 1 - Absolute + Margin
[2025-10-18 17:34:45] INFO: [Recognition] Scores: S13234 - Jin_Rae=0.754 
[2025-10-18 17:34:45] INFO: [Decision] Best=S13234 - Jin_Rae(0.754), 2nd=0.000, Discriminative=0.754, AvgNeg=0.000
[2025-10-18 17:34:45] INFO: [Thresholds] Abs=0.625, Margin=0.085(11.2%), RelMargin=100.0%, Tightness=0.954, StdDev=0.009
[2025-10-18 17:34:45] INFO: [Decision] ACCEPT: Tier 1 - Absolute + Margin
[2025-10-18 17:34:45] INFO: [Recognition] Scores: S13234 - Jin_Rae=0.789 
[2025-10-18 17:34:45] INFO: [Decision] Best=S13234 - Jin_Rae(0.789), 2nd=0.000, Discriminative=0.789, AvgNeg=0.000
[2025-10-18 17:34:45] INFO: [Thresholds] Abs=0.625, Margin=0.085(10.7%), RelMargin=100.0%, Tightness=0.954, StdDev=0.009
[2025-10-18 17:34:45] INFO: [Decision] ACCEPT: Tier 1 - Absolute + Margin
[2025-10-18 17:34:45] INFO: [Recognition] Scores: S13234 - Jin_Rae=0.798 
[2025-10-18 17:34:45] INFO: [Decision] Best=S13234 - Jin_Rae(0.798), 2nd=0.000, Discriminative=0.798, AvgNeg=0.000
[2025-10-18 17:34:45] INFO: [Thresholds] Abs=0.625, Margin=0.085(10.6%), RelMargin=100.0%, Tightness=0.954, StdDev=0.009
[2025-10-18 17:34:45] INFO: [Decision] ACCEPT: Tier 1 - Absolute + Margin
[2025-10-18 17:34:45] INFO: [Recognition] Scores: S13234 - Jin_Rae=0.881 
[2025-10-18 17:34:45] INFO: [Decision] Best=S13234 - Jin_Rae(0.881), 2nd=0.000, Discriminative=0.881, AvgNeg=0.000
[2025-10-18 17:34:45] INFO: [Thresholds] Abs=0.625, Margin=0.085(10.0%), RelMargin=100.0%, Tightness=0.954, StdDev=0.009
[2025-10-18 17:34:45] INFO: [Decision] ACCEPT: Tier 1 - Absolute + Margin
[2025-10-18 17:34:46] INFO: [Recognition] Scores: S13234 - Jin_Rae=0.840 
[2025-10-18 17:34:46] INFO: [Decision] Best=S13234 - Jin_Rae(0.840), 2nd=0.000, Discriminative=0.840, AvgNeg=0.000
[2025-10-18 17:34:46] INFO: [Thresholds] Abs=0.625, Margin=0.085(10.1%), RelMargin=100.0%, Tightness=0.954, StdDev=0.009
[2025-10-18 17:34:46] INFO: [Decision] ACCEPT: Tier 1 - Absolute + Margin
[2025-10-18 17:34:46] INFO: [Recognition] Scores: S13234 - Jin_Rae=0.844 
[2025-10-18 17:34:46] INFO: [Decision] Best=S13234 - Jin_Rae(0.844), 2nd=0.000, Discriminative=0.844, AvgNeg=0.000
[2025-10-18 17:34:46] INFO: [Thresholds] Abs=0.625, Margin=0.085(10.0%), RelMargin=100.0%, Tightness=0.954, StdDev=0.009
[2025-10-18 17:34:46] INFO: [Decision] ACCEPT: Tier 1 - Absolute + Margin
[2025-10-18 17:34:46] INFO: [Recognition] Scores: S13234 - Jin_Rae=0.842 
[2025-10-18 17:34:46] INFO: [Decision] Best=S13234 - Jin_Rae(0.842), 2nd=0.000, Discriminative=0.842, AvgNeg=0.000
[2025-10-18 17:34:46] INFO: [Thresholds] Abs=0.625, Margin=0.085(10.0%), RelMargin=100.0%, Tightness=0.954, StdDev=0.009
[2025-10-18 17:34:46] INFO: [Decision] ACCEPT: Tier 1 - Absolute + Margin
[2025-10-18 17:34:46] INFO: [Recognition] Scores: S13234 - Jin_Rae=0.839 
[2025-10-18 17:34:46] INFO: [Decision] Best=S13234 - Jin_Rae(0.839), 2nd=0.000, Discriminative=0.839, AvgNeg=0.000
[2025-10-18 17:34:46] INFO: [Thresholds] Abs=0.625, Margin=0.085(10.1%), RelMargin=100.0%, Tightness=0.954, StdDev=0.009
[2025-10-18 17:34:46] INFO: [Decision] ACCEPT: Tier 1 - Absolute + Margin
[2025-10-18 17:34:46] INFO: [Recognition] Scores: S13234 - Jin_Rae=0.779 
[2025-10-18 17:34:46] INFO: [Decision] Best=S13234 - Jin_Rae(0.779), 2nd=0.000, Discriminative=0.779, AvgNeg=0.000
[2025-10-18 17:34:46] INFO: [Thresholds] Abs=0.625, Margin=0.085(10.9%), RelMargin=100.0%, Tightness=0.954, StdDev=0.009
[2025-10-18 17:34:46] INFO: [Decision] ACCEPT: Tier 1 - Absolute + Margin
[2025-10-18 17:34:46] INFO: [Recognition] Scores: S13234 - Jin_Rae=0.777 
[2025-10-18 17:34:46] INFO: [Decision] Best=S13234 - Jin_Rae(0.777), 2nd=0.000, Discriminative=0.777, AvgNeg=0.000
[2025-10-18 17:34:46] INFO: [Thresholds] Abs=0.625, Margin=0.085(10.9%), RelMargin=100.0%, Tightness=0.954, StdDev=0.009
[2025-10-18 17:34:46] INFO: [Decision] ACCEPT: Tier 1 - Absolute + Margin
[2025-10-18 17:34:46] INFO: [Recognition] Scores: S13234 - Jin_Rae=0.747 
[2025-10-18 17:34:46] INFO: [Decision] Best=S13234 - Jin_Rae(0.747), 2nd=0.000, Discriminative=0.747, AvgNeg=0.000
[2025-10-18 17:34:46] INFO: [Thresholds] Abs=0.625, Margin=0.085(11.3%), RelMargin=100.0%, Tightness=0.954, StdDev=0.009
[2025-10-18 17:34:46] INFO: [Decision] ACCEPT: Tier 1 - Absolute + Margin
[2025-10-18 17:34:47] INFO: [Recognition] Scores: S13234 - Jin_Rae=0.740 
[2025-10-18 17:34:47] INFO: [Decision] Best=S13234 - Jin_Rae(0.740), 2nd=0.000, Discriminative=0.740, AvgNeg=0.000
[2025-10-18 17:34:47] INFO: [Thresholds] Abs=0.625, Margin=0.085(11.4%), RelMargin=100.0%, Tightness=0.954, StdDev=0.009
[2025-10-18 17:34:47] INFO: [Decision] ACCEPT: Tier 1 - Absolute + Margin
[2025-10-18 17:34:47] INFO: [Recognition] Scores: S13234 - Jin_Rae=0.719 
[2025-10-18 17:34:47] INFO: [Decision] Best=S13234 - Jin_Rae(0.719), 2nd=0.000, Discriminative=0.719, AvgNeg=0.000
[2025-10-18 17:34:47] INFO: [Thresholds] Abs=0.625, Margin=0.085(11.8%), RelMargin=100.0%, Tightness=0.954, StdDev=0.009
[2025-10-18 17:34:47] INFO: [Decision] ACCEPT: Tier 1 - Absolute + Margin
[2025-10-18 17:34:47] INFO: [Recognition] Scores: S13234 - Jin_Rae=0.681 
[2025-10-18 17:34:47] INFO: [Decision] Best=S13234 - Jin_Rae(0.681), 2nd=0.000, Discriminative=0.681, AvgNeg=0.000
[2025-10-18 17:34:47] INFO: [Thresholds] Abs=0.625, Margin=0.085(12.4%), RelMargin=100.0%, Tightness=0.954, StdDev=0.009
[2025-10-18 17:34:47] INFO: [Decision] ACCEPT: Tier 1 - Absolute + Margin
[2025-10-18 17:34:47] INFO: [Recognition] Scores: S13234 - Jin_Rae=0.701 
[2025-10-18 17:34:47] INFO: [Decision] Best=S13234 - Jin_Rae(0.701), 2nd=0.000, Discriminative=0.701, AvgNeg=0.000
[2025-10-18 17:34:47] INFO: [Thresholds] Abs=0.625, Margin=0.085(12.1%), RelMargin=100.0%, Tightness=0.954, StdDev=0.009
[2025-10-18 17:34:47] INFO: [Decision] ACCEPT: Tier 1 - Absolute + Margin
[2025-10-18 17:34:47] INFO: [Recognition] Scores: S13234 - Jin_Rae=0.667 
[2025-10-18 17:34:47] INFO: [Decision] Best=S13234 - Jin_Rae(0.667), 2nd=0.000, Discriminative=0.667, AvgNeg=0.000
[2025-10-18 17:34:47] INFO: [Thresholds] Abs=0.625, Margin=0.085(12.7%), RelMargin=100.0%, Tightness=0.954, StdDev=0.009
[2025-10-18 17:34:47] INFO: [Decision] ACCEPT: Tier 1 - Absolute + Margin
[2025-10-18 17:34:47] INFO: [Recognition] Scores: S13234 - Jin_Rae=0.710 
[2025-10-18 17:34:47] INFO: [Decision] Best=S13234 - Jin_Rae(0.710), 2nd=0.000, Discriminative=0.710, AvgNeg=0.000
[2025-10-18 17:34:47] INFO: [Thresholds] Abs=0.625, Margin=0.085(11.9%), RelMargin=100.0%, Tightness=0.954, StdDev=0.009
[2025-10-18 17:34:47] INFO: [Decision] ACCEPT: Tier 1 - Absolute + Margin
[2025-10-18 17:34:47] INFO: [Recognition] Scores: S13234 - Jin_Rae=0.744 
[2025-10-18 17:34:47] INFO: [Decision] Best=S13234 - Jin_Rae(0.744), 2nd=0.000, Discriminative=0.744, AvgNeg=0.000
[2025-10-18 17:34:47] INFO: [Thresholds] Abs=0.625, Margin=0.085(11.4%), RelMargin=100.0%, Tightness=0.954, StdDev=0.009
[2025-10-18 17:34:47] INFO: [Decision] ACCEPT: Tier 1 - Absolute + Margin
[2025-10-18 17:34:48] INFO: [Recognition] Scores: S13234 - Jin_Rae=0.847 
[2025-10-18 17:34:48] INFO: [Decision] Best=S13234 - Jin_Rae(0.847), 2nd=0.000, Discriminative=0.847, AvgNeg=0.000
[2025-10-18 17:34:48] INFO: [Thresholds] Abs=0.625, Margin=0.085(10.0%), RelMargin=100.0%, Tightness=0.954, StdDev=0.009
[2025-10-18 17:34:48] INFO: [Decision] ACCEPT: Tier 1 - Absolute + Margin
[2025-10-18 17:34:48] INFO: [Recognition] Scores: S13234 - Jin_Rae=0.785 
[2025-10-18 17:34:48] INFO: [Decision] Best=S13234 - Jin_Rae(0.785), 2nd=0.000, Discriminative=0.785, AvgNeg=0.000
[2025-10-18 17:34:48] INFO: [Thresholds] Abs=0.625, Margin=0.085(10.8%), RelMargin=100.0%, Tightness=0.954, StdDev=0.009
[2025-10-18 17:34:48] INFO: [Decision] ACCEPT: Tier 1 - Absolute + Margin
[2025-10-18 17:34:48] INFO: [Recognition] Scores: S13234 - Jin_Rae=0.828 
[2025-10-18 17:34:48] INFO: [Decision] Best=S13234 - Jin_Rae(0.828), 2nd=0.000, Discriminative=0.828, AvgNeg=0.000
[2025-10-18 17:34:48] INFO: [Thresholds] Abs=0.625, Margin=0.085(10.2%), RelMargin=100.0%, Tightness=0.954, StdDev=0.009
[2025-10-18 17:34:48] INFO: [Decision] ACCEPT: Tier 1 - Absolute + Margin
[2025-10-18 17:34:48] INFO: [Recognition] Scores: S13234 - Jin_Rae=0.900 
[2025-10-18 17:34:48] INFO: [Decision] Best=S13234 - Jin_Rae(0.900), 2nd=0.000, Discriminative=0.900, AvgNeg=0.000
[2025-10-18 17:34:48] INFO: [Thresholds] Abs=0.625, Margin=0.085(10.0%), RelMargin=100.0%, Tightness=0.954, StdDev=0.009
[2025-10-18 17:34:48] INFO: [Decision] ACCEPT: Tier 1 - Absolute + Margin
[2025-10-18 17:34:48] INFO: [Recognition] Scores: S13234 - Jin_Rae=0.857 
[2025-10-18 17:34:48] INFO: [Decision] Best=S13234 - Jin_Rae(0.857), 2nd=0.000, Discriminative=0.857, AvgNeg=0.000
[2025-10-18 17:34:48] INFO: [Thresholds] Abs=0.625, Margin=0.085(10.0%), RelMargin=100.0%, Tightness=0.954, StdDev=0.009
[2025-10-18 17:34:48] INFO: [Decision] ACCEPT: Tier 1 - Absolute + Margin
[2025-10-18 17:34:48] INFO: [Recognition] Scores: S13234 - Jin_Rae=0.850 
[2025-10-18 17:34:48] INFO: [Decision] Best=S13234 - Jin_Rae(0.850), 2nd=0.000, Discriminative=0.850, AvgNeg=0.000
[2025-10-18 17:34:48] INFO: [Thresholds] Abs=0.625, Margin=0.085(10.0%), RelMargin=100.0%, Tightness=0.954, StdDev=0.009
[2025-10-18 17:34:48] INFO: [Decision] ACCEPT: Tier 1 - Absolute + Margin
[2025-10-18 17:34:49] INFO: [Recognition] Scores: S13234 - Jin_Rae=0.843 
[2025-10-18 17:34:49] INFO: [Decision] Best=S13234 - Jin_Rae(0.843), 2nd=0.000, Discriminative=0.843, AvgNeg=0.000
[2025-10-18 17:34:49] INFO: [Thresholds] Abs=0.625, Margin=0.085(10.0%), RelMargin=100.0%, Tightness=0.954, StdDev=0.009
[2025-10-18 17:34:49] INFO: [Decision] ACCEPT: Tier 1 - Absolute + Margin
[2025-10-18 17:34:49] INFO: [Recognition] Scores: S13234 - Jin_Rae=0.839 
[2025-10-18 17:34:49] INFO: [Decision] Best=S13234 - Jin_Rae(0.839), 2nd=0.000, Discriminative=0.839, AvgNeg=0.000
[2025-10-18 17:34:49] INFO: [Thresholds] Abs=0.625, Margin=0.085(10.1%), RelMargin=100.0%, Tightness=0.954, StdDev=0.009
[2025-10-18 17:34:49] INFO: [Decision] ACCEPT: Tier 1 - Absolute + Margin
[2025-10-18 17:34:49] INFO: [Recognition] Scores: S13234 - Jin_Rae=0.823 
[2025-10-18 17:34:49] INFO: [Decision] Best=S13234 - Jin_Rae(0.823), 2nd=0.000, Discriminative=0.823, AvgNeg=0.000
[2025-10-18 17:34:49] INFO: [Thresholds] Abs=0.625, Margin=0.085(10.3%), RelMargin=100.0%, Tightness=0.954, StdDev=0.009
[2025-10-18 17:34:49] INFO: [Decision] ACCEPT: Tier 1 - Absolute + Margin
[2025-10-18 17:34:49] INFO: [Recognition] Scores: S13234 - Jin_Rae=0.848 
[2025-10-18 17:34:49] INFO: [Decision] Best=S13234 - Jin_Rae(0.848), 2nd=0.000, Discriminative=0.848, AvgNeg=0.000
[2025-10-18 17:34:49] INFO: [Thresholds] Abs=0.625, Margin=0.085(10.0%), RelMargin=100.0%, Tightness=0.954, StdDev=0.009
[2025-10-18 17:34:49] INFO: [Decision] ACCEPT: Tier 1 - Absolute + Margin
[2025-10-18 17:34:49] INFO: [Recognition] Scores: S13234 - Jin_Rae=0.894 
[2025-10-18 17:34:49] INFO: [Decision] Best=S13234 - Jin_Rae(0.894), 2nd=0.000, Discriminative=0.894, AvgNeg=0.000
[2025-10-18 17:34:49] INFO: [Thresholds] Abs=0.625, Margin=0.085(10.0%), RelMargin=100.0%, Tightness=0.954, StdDev=0.009
[2025-10-18 17:34:49] INFO: [Decision] ACCEPT: Tier 1 - Absolute + Margin
[2025-10-18 17:34:49] INFO: [Recognition] Scores: S13234 - Jin_Rae=0.850 
[2025-10-18 17:34:49] INFO: [Decision] Best=S13234 - Jin_Rae(0.850), 2nd=0.000, Discriminative=0.850, AvgNeg=0.000
[2025-10-18 17:34:49] INFO: [Thresholds] Abs=0.625, Margin=0.085(10.0%), RelMargin=100.0%, Tightness=0.954, StdDev=0.009
[2025-10-18 17:34:49] INFO: [Decision] ACCEPT: Tier 1 - Absolute + Margin
[2025-10-18 17:34:49] INFO: [Recognition] Scores: S13234 - Jin_Rae=0.888 
[2025-10-18 17:34:49] INFO: [Decision] Best=S13234 - Jin_Rae(0.888), 2nd=0.000, Discriminative=0.888, AvgNeg=0.000
[2025-10-18 17:34:49] INFO: [Thresholds] Abs=0.625, Margin=0.085(10.0%), RelMargin=100.0%, Tightness=0.954, StdDev=0.009
[2025-10-18 17:34:49] INFO: [Decision] ACCEPT: Tier 1 - Absolute + Margin
[2025-10-18 17:34:50] INFO: [Recognition] Scores: S13234 - Jin_Rae=0.846 
[2025-10-18 17:34:50] INFO: [Decision] Best=S13234 - Jin_Rae(0.846), 2nd=0.000, Discriminative=0.846, AvgNeg=0.000
[2025-10-18 17:34:50] INFO: [Thresholds] Abs=0.625, Margin=0.085(10.0%), RelMargin=100.0%, Tightness=0.954, StdDev=0.009
[2025-10-18 17:34:50] INFO: [Decision] ACCEPT: Tier 1 - Absolute + Margin
[2025-10-18 17:34:50] INFO: [Recognition] Scores: S13234 - Jin_Rae=0.830 
[2025-10-18 17:34:50] INFO: [Decision] Best=S13234 - Jin_Rae(0.830), 2nd=0.000, Discriminative=0.830, AvgNeg=0.000
[2025-10-18 17:34:50] INFO: [Thresholds] Abs=0.625, Margin=0.085(10.2%), RelMargin=100.0%, Tightness=0.954, StdDev=0.009
[2025-10-18 17:34:50] INFO: [Decision] ACCEPT: Tier 1 - Absolute + Margin
[2025-10-18 17:34:50] INFO: [Recognition] Scores: S13234 - Jin_Rae=0.888 
[2025-10-18 17:34:50] INFO: [Decision] Best=S13234 - Jin_Rae(0.888), 2nd=0.000, Discriminative=0.888, AvgNeg=0.000
[2025-10-18 17:34:50] INFO: [Thresholds] Abs=0.625, Margin=0.085(10.0%), RelMargin=100.0%, Tightness=0.954, StdDev=0.009
[2025-10-18 17:34:50] INFO: [Decision] ACCEPT: Tier 1 - Absolute + Margin
[2025-10-18 17:34:50] INFO: [Recognition] Scores: S13234 - Jin_Rae=0.848 
[2025-10-18 17:34:50] INFO: [Decision] Best=S13234 - Jin_Rae(0.848), 2nd=0.000, Discriminative=0.848, AvgNeg=0.000
[2025-10-18 17:34:50] INFO: [Thresholds] Abs=0.625, Margin=0.085(10.0%), RelMargin=100.0%, Tightness=0.954, StdDev=0.009
[2025-10-18 17:34:50] INFO: [Decision] ACCEPT: Tier 1 - Absolute + Margin
[2025-10-18 17:34:50] INFO: [Recognition] Scores: S13234 - Jin_Rae=0.833 
[2025-10-18 17:34:50] INFO: [Decision] Best=S13234 - Jin_Rae(0.833), 2nd=0.000, Discriminative=0.833, AvgNeg=0.000
[2025-10-18 17:34:50] INFO: [Thresholds] Abs=0.625, Margin=0.085(10.2%), RelMargin=100.0%, Tightness=0.954, StdDev=0.009
[2025-10-18 17:34:50] INFO: [Decision] ACCEPT: Tier 1 - Absolute + Margin
[2025-10-18 17:34:50] INFO: [Recognition] Scores: S13234 - Jin_Rae=0.845 
[2025-10-18 17:34:50] INFO: [Decision] Best=S13234 - Jin_Rae(0.845), 2nd=0.000, Discriminative=0.845, AvgNeg=0.000
[2025-10-18 17:34:50] INFO: [Thresholds] Abs=0.625, Margin=0.085(10.0%), RelMargin=100.0%, Tightness=0.954, StdDev=0.009
[2025-10-18 17:34:50] INFO: [Decision] ACCEPT: Tier 1 - Absolute + Margin
[2025-10-18 17:34:50] INFO: [Recognition] Scores: S13234 - Jin_Rae=0.875 
[2025-10-18 17:34:50] INFO: [Decision] Best=S13234 - Jin_Rae(0.875), 2nd=0.000, Discriminative=0.875, AvgNeg=0.000
[2025-10-18 17:34:50] INFO: [Thresholds] Abs=0.625, Margin=0.085(10.0%), RelMargin=100.0%, Tightness=0.954, StdDev=0.009
[2025-10-18 17:34:50] INFO: [Decision] ACCEPT: Tier 1 - Absolute + Margin
[2025-10-18 17:34:51] INFO: [Recognition] Scores: S13234 - Jin_Rae=0.836 
[2025-10-18 17:34:51] INFO: [Decision] Best=S13234 - Jin_Rae(0.836), 2nd=0.000, Discriminative=0.836, AvgNeg=0.000
[2025-10-18 17:34:51] INFO: [Thresholds] Abs=0.625, Margin=0.085(10.1%), RelMargin=100.0%, Tightness=0.954, StdDev=0.009
[2025-10-18 17:34:51] INFO: [Decision] ACCEPT: Tier 1 - Absolute + Margin
[2025-10-18 17:34:51] INFO: [Recognition] Scores: S13234 - Jin_Rae=0.828 
[2025-10-18 17:34:51] INFO: [Decision] Best=S13234 - Jin_Rae(0.828), 2nd=0.000, Discriminative=0.828, AvgNeg=0.000
[2025-10-18 17:34:51] INFO: [Thresholds] Abs=0.625, Margin=0.085(10.2%), RelMargin=100.0%, Tightness=0.954, StdDev=0.009
[2025-10-18 17:34:51] INFO: [Decision] ACCEPT: Tier 1 - Absolute + Margin
[2025-10-18 17:34:51] INFO: [Recognition] Scores: S13234 - Jin_Rae=0.835 
[2025-10-18 17:34:51] INFO: [Decision] Best=S13234 - Jin_Rae(0.835), 2nd=0.000, Discriminative=0.835, AvgNeg=0.000
[2025-10-18 17:34:51] INFO: [Thresholds] Abs=0.625, Margin=0.085(10.1%), RelMargin=100.0%, Tightness=0.954, StdDev=0.009
[2025-10-18 17:34:51] INFO: [Decision] ACCEPT: Tier 1 - Absolute + Margin
[2025-10-18 17:34:51] INFO: [Recognition] Scores: S13234 - Jin_Rae=0.853 
[2025-10-18 17:34:51] INFO: [Decision] Best=S13234 - Jin_Rae(0.853), 2nd=0.000, Discriminative=0.853, AvgNeg=0.000
[2025-10-18 17:34:51] INFO: [Thresholds] Abs=0.625, Margin=0.085(10.0%), RelMargin=100.0%, Tightness=0.954, StdDev=0.009
[2025-10-18 17:34:51] INFO: [Decision] ACCEPT: Tier 1 - Absolute + Margin
[2025-10-18 17:34:51] INFO: [Recognition] Scores: S13234 - Jin_Rae=0.838 
[2025-10-18 17:34:51] INFO: [Decision] Best=S13234 - Jin_Rae(0.838), 2nd=0.000, Discriminative=0.838, AvgNeg=0.000
[2025-10-18 17:34:51] INFO: [Thresholds] Abs=0.625, Margin=0.085(10.1%), RelMargin=100.0%, Tightness=0.954, StdDev=0.009
[2025-10-18 17:34:51] INFO: [Decision] ACCEPT: Tier 1 - Absolute + Margin
[2025-10-18 17:34:51] INFO: [Recognition] Scores: S13234 - Jin_Rae=0.843 
[2025-10-18 17:34:51] INFO: [Decision] Best=S13234 - Jin_Rae(0.843), 2nd=0.000, Discriminative=0.843, AvgNeg=0.000
[2025-10-18 17:34:51] INFO: [Thresholds] Abs=0.625, Margin=0.085(10.0%), RelMargin=100.0%, Tightness=0.954, StdDev=0.009
[2025-10-18 17:34:51] INFO: [Decision] ACCEPT: Tier 1 - Absolute + Margin
[2025-10-18 17:34:52] INFO: [Recognition] Scores: S13234 - Jin_Rae=0.843 
[2025-10-18 17:34:52] INFO: [Decision] Best=S13234 - Jin_Rae(0.843), 2nd=0.000, Discriminative=0.843, AvgNeg=0.000
[2025-10-18 17:34:52] INFO: [Thresholds] Abs=0.625, Margin=0.085(10.0%), RelMargin=100.0%, Tightness=0.954, StdDev=0.009
[2025-10-18 17:34:52] INFO: [Decision] ACCEPT: Tier 1 - Absolute + Margin
[2025-10-18 17:34:52] INFO: [Recognition] Scores: S13234 - Jin_Rae=0.829 
[2025-10-18 17:34:52] INFO: [Decision] Best=S13234 - Jin_Rae(0.829), 2nd=0.000, Discriminative=0.829, AvgNeg=0.000
[2025-10-18 17:34:52] INFO: [Thresholds] Abs=0.625, Margin=0.085(10.2%), RelMargin=100.0%, Tightness=0.954, StdDev=0.009
[2025-10-18 17:34:52] INFO: [Decision] ACCEPT: Tier 1 - Absolute + Margin
[2025-10-18 17:34:52] INFO: [Recognition] Scores: S13234 - Jin_Rae=0.783 
[2025-10-18 17:34:52] INFO: [Decision] Best=S13234 - Jin_Rae(0.783), 2nd=0.000, Discriminative=0.783, AvgNeg=0.000
[2025-10-18 17:34:52] INFO: [Thresholds] Abs=0.625, Margin=0.085(10.8%), RelMargin=100.0%, Tightness=0.954, StdDev=0.009
[2025-10-18 17:34:52] INFO: [Decision] ACCEPT: Tier 1 - Absolute + Margin
[2025-10-18 17:34:52] INFO: [Recognition] Scores: S13234 - Jin_Rae=0.752 
[2025-10-18 17:34:52] INFO: [Decision] Best=S13234 - Jin_Rae(0.752), 2nd=0.000, Discriminative=0.752, AvgNeg=0.000
[2025-10-18 17:34:52] INFO: [Thresholds] Abs=0.625, Margin=0.085(11.2%), RelMargin=100.0%, Tightness=0.954, StdDev=0.009
[2025-10-18 17:34:52] INFO: [Decision] ACCEPT: Tier 1 - Absolute + Margin
[2025-10-18 17:34:52] INFO: [Recognition] Scores: S13234 - Jin_Rae=0.718 
[2025-10-18 17:34:52] INFO: [Decision] Best=S13234 - Jin_Rae(0.718), 2nd=0.000, Discriminative=0.718, AvgNeg=0.000
[2025-10-18 17:34:52] INFO: [Thresholds] Abs=0.625, Margin=0.085(11.8%), RelMargin=100.0%, Tightness=0.954, StdDev=0.009
[2025-10-18 17:34:52] INFO: [Decision] ACCEPT: Tier 1 - Absolute + Margin
[2025-10-18 17:34:52] INFO: [Recognition] Scores: S13234 - Jin_Rae=0.677 
[2025-10-18 17:34:52] INFO: [Decision] Best=S13234 - Jin_Rae(0.677), 2nd=0.000, Discriminative=0.677, AvgNeg=0.000
[2025-10-18 17:34:52] INFO: [Thresholds] Abs=0.625, Margin=0.085(12.5%), RelMargin=100.0%, Tightness=0.954, StdDev=0.009
[2025-10-18 17:34:52] INFO: [Decision] ACCEPT: Tier 1 - Absolute + Margin
[2025-10-18 17:34:52] INFO: [Recognition] Scores: S13234 - Jin_Rae=0.657 
[2025-10-18 17:34:52] INFO: [Decision] Best=S13234 - Jin_Rae(0.657), 2nd=0.000, Discriminative=0.657, AvgNeg=0.000
[2025-10-18 17:34:52] INFO: [Thresholds] Abs=0.625, Margin=0.085(12.9%), RelMargin=100.0%, Tightness=0.954, StdDev=0.009
[2025-10-18 17:34:52] INFO: [Decision] ACCEPT: Tier 1 - Absolute + Margin
[2025-10-18 17:34:53] INFO: [Recognition] Scores: S13234 - Jin_Rae=0.651 
[2025-10-18 17:34:53] INFO: [Decision] Best=S13234 - Jin_Rae(0.651), 2nd=0.000, Discriminative=0.651, AvgNeg=0.000
[2025-10-18 17:34:53] INFO: [Thresholds] Abs=0.625, Margin=0.085(13.0%), RelMargin=100.0%, Tightness=0.954, StdDev=0.009
[2025-10-18 17:34:53] INFO: [Decision] ACCEPT: Tier 1 - Absolute + Margin
[2025-10-18 17:34:53] INFO: [Recognition] Scores: S13234 - Jin_Rae=0.664 
[2025-10-18 17:34:53] INFO: [Decision] Best=S13234 - Jin_Rae(0.664), 2nd=0.000, Discriminative=0.664, AvgNeg=0.000
[2025-10-18 17:34:53] INFO: [Thresholds] Abs=0.625, Margin=0.085(12.8%), RelMargin=100.0%, Tightness=0.954, StdDev=0.009
[2025-10-18 17:34:53] INFO: [Decision] ACCEPT: Tier 1 - Absolute + Margin
[2025-10-18 17:34:53] INFO: [Recognition] Scores: S13234 - Jin_Rae=0.718 
[2025-10-18 17:34:53] INFO: [Decision] Best=S13234 - Jin_Rae(0.718), 2nd=0.000, Discriminative=0.718, AvgNeg=0.000
[2025-10-18 17:34:53] INFO: [Thresholds] Abs=0.625, Margin=0.085(11.8%), RelMargin=100.0%, Tightness=0.954, StdDev=0.009
[2025-10-18 17:34:53] INFO: [Decision] ACCEPT: Tier 1 - Absolute + Margin
[2025-10-18 17:34:53] INFO: [Recognition] Scores: S13234 - Jin_Rae=0.732 
[2025-10-18 17:34:53] INFO: [Decision] Best=S13234 - Jin_Rae(0.732), 2nd=0.000, Discriminative=0.732, AvgNeg=0.000
[2025-10-18 17:34:53] INFO: [Thresholds] Abs=0.625, Margin=0.085(11.6%), RelMargin=100.0%, Tightness=0.954, StdDev=0.009
[2025-10-18 17:34:53] INFO: [Decision] ACCEPT: Tier 1 - Absolute + Margin
[2025-10-18 17:34:53] INFO: [Recognition] Scores: S13234 - Jin_Rae=0.725 
[2025-10-18 17:34:53] INFO: [Decision] Best=S13234 - Jin_Rae(0.725), 2nd=0.000, Discriminative=0.725, AvgNeg=0.000
[2025-10-18 17:34:53] INFO: [Thresholds] Abs=0.625, Margin=0.085(11.7%), RelMargin=100.0%, Tightness=0.954, StdDev=0.009
[2025-10-18 17:34:53] INFO: [Decision] ACCEPT: Tier 1 - Absolute + Margin
[2025-10-18 17:34:53] INFO: [Recognition] Scores: S13234 - Jin_Rae=0.721 
[2025-10-18 17:34:53] INFO: [Decision] Best=S13234 - Jin_Rae(0.721), 2nd=0.000, Discriminative=0.721, AvgNeg=0.000
[2025-10-18 17:34:53] INFO: [Thresholds] Abs=0.625, Margin=0.085(11.7%), RelMargin=100.0%, Tightness=0.954, StdDev=0.009
[2025-10-18 17:34:53] INFO: [Decision] ACCEPT: Tier 1 - Absolute + Margin
[2025-10-18 17:34:53] INFO: [Recognition] Scores: S13234 - Jin_Rae=0.888 
[2025-10-18 17:34:53] INFO: [Decision] Best=S13234 - Jin_Rae(0.888), 2nd=0.000, Discriminative=0.888, AvgNeg=0.000
[2025-10-18 17:34:53] INFO: [Thresholds] Abs=0.625, Margin=0.085(10.0%), RelMargin=100.0%, Tightness=0.954, StdDev=0.009
[2025-10-18 17:34:53] INFO: [Decision] ACCEPT: Tier 1 - Absolute + Margin
[2025-10-18 17:34:54] INFO: [Recognition] Scores: S13234 - Jin_Rae=0.782 
[2025-10-18 17:34:54] INFO: [Decision] Best=S13234 - Jin_Rae(0.782), 2nd=0.000, Discriminative=0.782, AvgNeg=0.000
[2025-10-18 17:34:54] INFO: [Thresholds] Abs=0.625, Margin=0.085(10.8%), RelMargin=100.0%, Tightness=0.954, StdDev=0.009
[2025-10-18 17:34:54] INFO: [Decision] ACCEPT: Tier 1 - Absolute + Margin
[2025-10-18 17:34:54] INFO: [Recognition] Scores: S13234 - Jin_Rae=0.797 
[2025-10-18 17:34:54] INFO: [Decision] Best=S13234 - Jin_Rae(0.797), 2nd=0.000, Discriminative=0.797, AvgNeg=0.000
[2025-10-18 17:34:54] INFO: [Thresholds] Abs=0.625, Margin=0.085(10.6%), RelMargin=100.0%, Tightness=0.954, StdDev=0.009
[2025-10-18 17:34:54] INFO: [Decision] ACCEPT: Tier 1 - Absolute + Margin
[2025-10-18 17:34:54] INFO: [Recognition] Scores: S13234 - Jin_Rae=0.825 
[2025-10-18 17:34:54] INFO: [Decision] Best=S13234 - Jin_Rae(0.825), 2nd=0.000, Discriminative=0.825, AvgNeg=0.000
[2025-10-18 17:34:54] INFO: [Thresholds] Abs=0.625, Margin=0.085(10.3%), RelMargin=100.0%, Tightness=0.954, StdDev=0.009
[2025-10-18 17:34:54] INFO: [Decision] ACCEPT: Tier 1 - Absolute + Margin
[2025-10-18 17:34:54] INFO: [Recognition] Scores: S13234 - Jin_Rae=0.845 
[2025-10-18 17:34:54] INFO: [Decision] Best=S13234 - Jin_Rae(0.845), 2nd=0.000, Discriminative=0.845, AvgNeg=0.000
[2025-10-18 17:34:54] INFO: [Thresholds] Abs=0.625, Margin=0.085(10.0%), RelMargin=100.0%, Tightness=0.954, StdDev=0.009
[2025-10-18 17:34:54] INFO: [Decision] ACCEPT: Tier 1 - Absolute + Margin
[2025-10-18 17:34:54] INFO: [Recognition] Scores: S13234 - Jin_Rae=0.835 
[2025-10-18 17:34:54] INFO: [Decision] Best=S13234 - Jin_Rae(0.835), 2nd=0.000, Discriminative=0.835, AvgNeg=0.000
[2025-10-18 17:34:54] INFO: [Thresholds] Abs=0.625, Margin=0.085(10.1%), RelMargin=100.0%, Tightness=0.954, StdDev=0.009
[2025-10-18 17:34:54] INFO: [Decision] ACCEPT: Tier 1 - Absolute + Margin
[2025-10-18 17:34:54] INFO: [Recognition] Scores: S13234 - Jin_Rae=0.831 
[2025-10-18 17:34:54] INFO: [Decision] Best=S13234 - Jin_Rae(0.831), 2nd=0.000, Discriminative=0.831, AvgNeg=0.000
[2025-10-18 17:34:54] INFO: [Thresholds] Abs=0.625, Margin=0.085(10.2%), RelMargin=100.0%, Tightness=0.954, StdDev=0.009
[2025-10-18 17:34:54] INFO: [Decision] ACCEPT: Tier 1 - Absolute + Margin
[2025-10-18 17:34:55] INFO: [Recognition] Scores: S13234 - Jin_Rae=0.846 
[2025-10-18 17:34:55] INFO: [Decision] Best=S13234 - Jin_Rae(0.846), 2nd=0.000, Discriminative=0.846, AvgNeg=0.000
[2025-10-18 17:34:55] INFO: [Thresholds] Abs=0.625, Margin=0.085(10.0%), RelMargin=100.0%, Tightness=0.954, StdDev=0.009
[2025-10-18 17:34:55] INFO: [Decision] ACCEPT: Tier 1 - Absolute + Margin
[2025-10-18 17:34:55] INFO: [Recognition] Scores: S13234 - Jin_Rae=0.838 
[2025-10-18 17:34:55] INFO: [Decision] Best=S13234 - Jin_Rae(0.838), 2nd=0.000, Discriminative=0.838, AvgNeg=0.000
[2025-10-18 17:34:55] INFO: [Thresholds] Abs=0.625, Margin=0.085(10.1%), RelMargin=100.0%, Tightness=0.954, StdDev=0.009
[2025-10-18 17:34:55] INFO: [Decision] ACCEPT: Tier 1 - Absolute + Margin
[2025-10-18 17:34:55] INFO: [Recognition] Scores: S13234 - Jin_Rae=0.839 
[2025-10-18 17:34:55] INFO: [Decision] Best=S13234 - Jin_Rae(0.839), 2nd=0.000, Discriminative=0.839, AvgNeg=0.000
[2025-10-18 17:34:55] INFO: [Thresholds] Abs=0.625, Margin=0.085(10.1%), RelMargin=100.0%, Tightness=0.954, StdDev=0.009
[2025-10-18 17:34:55] INFO: [Decision] ACCEPT: Tier 1 - Absolute + Margin
[2025-10-18 17:34:55] INFO: [Recognition] Scores: S13234 - Jin_Rae=0.840 
[2025-10-18 17:34:55] INFO: [Decision] Best=S13234 - Jin_Rae(0.840), 2nd=0.000, Discriminative=0.840, AvgNeg=0.000
[2025-10-18 17:34:55] INFO: [Thresholds] Abs=0.625, Margin=0.085(10.1%), RelMargin=100.0%, Tightness=0.954, StdDev=0.009
[2025-10-18 17:34:55] INFO: [Decision] ACCEPT: Tier 1 - Absolute + Margin
[2025-10-18 17:34:55] INFO: [Recognition] Scores: S13234 - Jin_Rae=0.839 
[2025-10-18 17:34:55] INFO: [Decision] Best=S13234 - Jin_Rae(0.839), 2nd=0.000, Discriminative=0.839, AvgNeg=0.000
[2025-10-18 17:34:55] INFO: [Thresholds] Abs=0.625, Margin=0.085(10.1%), RelMargin=100.0%, Tightness=0.954, StdDev=0.009
[2025-10-18 17:34:55] INFO: [Decision] ACCEPT: Tier 1 - Absolute + Margin
[2025-10-18 17:34:55] INFO: [Recognition] Scores: S13234 - Jin_Rae=0.836 
[2025-10-18 17:34:55] INFO: [Decision] Best=S13234 - Jin_Rae(0.836), 2nd=0.000, Discriminative=0.836, AvgNeg=0.000
[2025-10-18 17:34:55] INFO: [Thresholds] Abs=0.625, Margin=0.085(10.1%), RelMargin=100.0%, Tightness=0.954, StdDev=0.009
[2025-10-18 17:34:55] INFO: [Decision] ACCEPT: Tier 1 - Absolute + Margin
[2025-10-18 17:34:55] INFO: [Recognition] Scores: S13234 - Jin_Rae=0.832 
[2025-10-18 17:34:55] INFO: [Decision] Best=S13234 - Jin_Rae(0.832), 2nd=0.000, Discriminative=0.832, AvgNeg=0.000
[2025-10-18 17:34:55] INFO: [Thresholds] Abs=0.625, Margin=0.085(10.2%), RelMargin=100.0%, Tightness=0.954, StdDev=0.009
[2025-10-18 17:34:55] INFO: [Decision] ACCEPT: Tier 1 - Absolute + Margin
[2025-10-18 17:34:56] INFO: [Recognition] Scores: S13234 - Jin_Rae=0.830 
[2025-10-18 17:34:56] INFO: [Decision] Best=S13234 - Jin_Rae(0.830), 2nd=0.000, Discriminative=0.830, AvgNeg=0.000
[2025-10-18 17:34:56] INFO: [Thresholds] Abs=0.625, Margin=0.085(10.2%), RelMargin=100.0%, Tightness=0.954, StdDev=0.009
[2025-10-18 17:34:56] INFO: [Decision] ACCEPT: Tier 1 - Absolute + Margin
[2025-10-18 17:34:56] INFO: [Recognition] Scores: S13234 - Jin_Rae=0.827 
[2025-10-18 17:34:56] INFO: [Decision] Best=S13234 - Jin_Rae(0.827), 2nd=0.000, Discriminative=0.827, AvgNeg=0.000
[2025-10-18 17:34:56] INFO: [Thresholds] Abs=0.625, Margin=0.085(10.2%), RelMargin=100.0%, Tightness=0.954, StdDev=0.009
[2025-10-18 17:34:56] INFO: [Decision] ACCEPT: Tier 1 - Absolute + Margin
[2025-10-18 17:34:56] INFO: [Recognition] Scores: S13234 - Jin_Rae=0.824 
[2025-10-18 17:34:56] INFO: [Decision] Best=S13234 - Jin_Rae(0.824), 2nd=0.000, Discriminative=0.824, AvgNeg=0.000
[2025-10-18 17:34:56] INFO: [Thresholds] Abs=0.625, Margin=0.085(10.3%), RelMargin=100.0%, Tightness=0.954, StdDev=0.009
[2025-10-18 17:34:56] INFO: [Decision] ACCEPT: Tier 1 - Absolute + Margin
[2025-10-18 17:34:56] INFO: [Recognition] Scores: S13234 - Jin_Rae=0.840 
[2025-10-18 17:34:56] INFO: [Decision] Best=S13234 - Jin_Rae(0.840), 2nd=0.000, Discriminative=0.840, AvgNeg=0.000
[2025-10-18 17:34:56] INFO: [Thresholds] Abs=0.625, Margin=0.085(10.1%), RelMargin=100.0%, Tightness=0.954, StdDev=0.009
[2025-10-18 17:34:56] INFO: [Decision] ACCEPT: Tier 1 - Absolute + Margin
[2025-10-18 17:34:56] INFO: [Recognition] Scores: S13234 - Jin_Rae=0.826 
[2025-10-18 17:34:56] INFO: [Decision] Best=S13234 - Jin_Rae(0.826), 2nd=0.000, Discriminative=0.826, AvgNeg=0.000
[2025-10-18 17:34:56] INFO: [Thresholds] Abs=0.625, Margin=0.085(10.3%), RelMargin=100.0%, Tightness=0.954, StdDev=0.009
[2025-10-18 17:34:56] INFO: [Decision] ACCEPT: Tier 1 - Absolute + Margin
[2025-10-18 17:34:56] INFO: Exiting Face Recognition Demo...
[2025-10-18 17:34:56] INFO: Exiting Face Recognition Demo...
