[2025-10-26 21:57:38] INFO: Application Logger Initialized.
[2025-10-26 21:57:38] INFO: app.properties normalized (55 entries).
[2025-10-26 21:57:38] INFO: Configuration loaded from file: C:\Users\Jereme\OneDrive\Pictures\Documents\GITHUB SHIT\FaceRecognitionCS102\app.properties
[2025-10-26 21:57:39] INFO: ￢ﾜﾅ OpenFace nn4.small2.v1 model loaded successfully
[2025-10-26 21:57:39] INFO: ￢ﾜﾓ FaceAligner initialized with fallback eye detector
[2025-10-26 21:57:39] INFO: StudentManager initialized successfully
[2025-10-26 21:57:40] INFO: GUI launched successfully
[2025-10-26 21:57:44] INFO: ￢ﾜﾅ OpenFace nn4.small2.v1 model loaded successfully
[2025-10-26 21:57:44] INFO: ￢ﾜﾓ FaceAligner initialized with fallback eye detector
[2025-10-26 21:57:44] INFO: FaceCaptureDialog created for student: jereme
[2025-10-26 21:57:44] INFO: FaceCropSettingsPanel ctor - showCapture=false showSave=true
[2025-10-26 21:57:44] INFO: Dialog initialized
[2025-10-26 21:57:44] INFO: Starting camera preview...
[2025-10-26 21:57:44] INFO: Preview timer started at 20fps
[2025-10-26 21:57:47] INFO: Disposing FaceCaptureDialog...
[2025-10-26 21:57:47] INFO: Preview timer stopped
[2025-10-26 21:57:47] INFO: Face detection resources released
[2025-10-26 21:57:50] INFO: Disposing FaceCaptureDialog...
[2025-10-26 21:57:50] INFO: Preview timer stopped
[2025-10-26 21:57:50] INFO: Face detection resources released
[2025-10-26 21:57:50] INFO: Disposing FaceCaptureDialog...
[2025-10-26 21:57:50] INFO: Preview timer stopped
[2025-10-26 21:57:50] INFO: Face detection resources released
