[2025-10-15 19:20:27] INFO: Application Logger Initialized.
[2025-10-15 19:20:27] INFO: Configuration and core components loaded.
[2025-10-15 19:20:27] INFO: Configuration loaded from classpath: app.properties
[2025-10-15 19:20:27] INFO: Configuration file loaded
[2025-10-15 19:20:27] INFO: MyGUIProgram Started!
[2025-10-15 19:20:28] INFO: === Folder debug ===
[2025-10-15 19:20:28] INFO: Found folder: C:\Users\jerem\Desktop\homework folder wink wink\UNIVERSITEEEE\Year 2 omgommg\SEM SATU\Programming Fundmentals TOOO\Weekly ICEs\project_demo_codes\data\facedata\S11234_PY
[2025-10-15 19:20:28] INFO:   Contains: 15 items
[2025-10-15 19:20:28] INFO:   Display label: S11234 - PY
[2025-10-15 19:20:28] INFO: Found folder: C:\Users\jerem\Desktop\homework folder wink wink\UNIVERSITEEEE\Year 2 omgommg\SEM SATU\Programming Fundmentals TOOO\Weekly ICEs\project_demo_codes\data\facedata\S12127_Jin_Rae
[2025-10-15 19:20:28] INFO:   Contains: 30 items
[2025-10-15 19:20:28] INFO:   Display label: S12127 - Jin_Rae
[2025-10-15 19:20:28] INFO: Found folder: C:\Users\jerem\Desktop\homework folder wink wink\UNIVERSITEEEE\Year 2 omgommg\SEM SATU\Programming Fundmentals TOOO\Weekly ICEs\project_demo_codes\data\facedata\S12345_Jereme
[2025-10-15 19:20:28] INFO:   Contains: 15 items
[2025-10-15 19:20:28] INFO:   Display label: S12345 - Jereme
[2025-10-15 19:20:28] INFO: ====================
[2025-10-15 19:20:33] INFO: Face embedding model loaded successfully
[2025-10-15 19:20:33] INFO: Face embedding model loaded successfully
[2025-10-15 19:20:33] INFO: Face embedding model loaded successfully
[2025-10-15 19:20:33] INFO: Face embedding model loaded successfully
[2025-10-15 19:20:34] INFO: Face embedding model loaded successfully
[2025-10-15 19:20:34] INFO: Face embedding model loaded successfully
[2025-10-15 19:20:34] INFO: Face embedding model loaded successfully
[2025-10-15 19:20:34] INFO: Face embedding model loaded successfully
[2025-10-15 19:20:34] INFO: Face embedding model loaded successfully
[2025-10-15 19:20:34] INFO: Face embedding model loaded successfully
[2025-10-15 19:20:34] INFO: Face embedding model loaded successfully
[2025-10-15 19:20:35] INFO: Face embedding model loaded successfully
[2025-10-15 19:20:35] INFO: Face embedding model loaded successfully
[2025-10-15 19:20:35] INFO: Face embedding model loaded successfully
[2025-10-15 19:20:35] INFO: Face embedding model loaded successfully
[2025-10-15 19:20:35] INFO: Face embedding model loaded successfully
[2025-10-15 19:20:35] INFO: Face embedding model loaded successfully
[2025-10-15 19:20:35] INFO: Face embedding model loaded successfully
[2025-10-15 19:20:36] INFO: Face embedding model loaded successfully
[2025-10-15 19:20:36] INFO: Face embedding model loaded successfully
[2025-10-15 19:20:36] INFO: Face embedding model loaded successfully
[2025-10-15 19:20:36] INFO: Face embedding model loaded successfully
[2025-10-15 19:20:36] INFO: Face embedding model loaded successfully
[2025-10-15 19:20:36] INFO: Face embedding model loaded successfully
[2025-10-15 19:20:36] INFO: Face embedding model loaded successfully
[2025-10-15 19:20:37] INFO: Face embedding model loaded successfully
[2025-10-15 19:20:37] INFO: Face embedding model loaded successfully
[2025-10-15 19:20:37] INFO: Face embedding model loaded successfully
[2025-10-15 19:20:37] INFO: Face embedding model loaded successfully
[2025-10-15 19:20:37] INFO: Face embedding model loaded successfully
[2025-10-15 19:20:37] INFO: Face embedding model loaded successfully
[2025-10-15 19:20:37] INFO: Face embedding model loaded successfully
[2025-10-15 19:20:38] INFO: Face embedding model loaded successfully
[2025-10-15 19:20:38] INFO: Face embedding model loaded successfully
[2025-10-15 19:20:38] INFO: Face embedding model loaded successfully
[2025-10-15 19:20:38] INFO: Face embedding model loaded successfully
[2025-10-15 19:20:38] INFO: Face embedding model loaded successfully
[2025-10-15 19:20:38] INFO: Face embedding model loaded successfully
[2025-10-15 19:20:38] INFO: Face embedding model loaded successfully
[2025-10-15 19:20:38] INFO: Face embedding model loaded successfully
[2025-10-15 19:20:39] INFO: Face embedding model loaded successfully
[2025-10-15 19:20:39] INFO: Face embedding model loaded successfully
[2025-10-15 19:20:39] INFO: Face embedding model loaded successfully
[2025-10-15 19:20:39] INFO: Face embedding model loaded successfully
[2025-10-15 19:20:39] INFO: Face embedding model loaded successfully
[2025-10-15 19:20:39] INFO: Face embedding model loaded successfully
[2025-10-15 19:20:39] INFO: Face embedding model loaded successfully
[2025-10-15 19:20:40] INFO: Face embedding model loaded successfully
[2025-10-15 19:20:40] INFO: Face embedding model loaded successfully
[2025-10-15 19:20:40] INFO: Face embedding model loaded successfully
[2025-10-15 19:20:40] INFO: Face embedding model loaded successfully
[2025-10-15 19:20:40] INFO: Face embedding model loaded successfully
[2025-10-15 19:20:40] INFO: Face embedding model loaded successfully
[2025-10-15 19:20:40] INFO: Face embedding model loaded successfully
[2025-10-15 19:20:41] INFO: Face embedding model loaded successfully
[2025-10-15 19:20:41] INFO: Face embedding model loaded successfully
[2025-10-15 19:20:41] INFO: Face embedding model loaded successfully
[2025-10-15 19:20:41] INFO: Face embedding model loaded successfully
[2025-10-15 19:20:41] INFO: Face embedding model loaded successfully
[2025-10-15 19:20:41] INFO: Face embedding model loaded successfully
[2025-10-15 19:20:42] INFO: Face embedding model loaded successfully
[2025-10-15 19:20:42] INFO: Face embedding model loaded successfully
[2025-10-15 19:20:42] INFO: Face embedding model loaded successfully
[2025-10-15 19:20:42] INFO: Face embedding model loaded successfully
[2025-10-15 19:20:42] INFO: Face embedding model loaded successfully
[2025-10-15 19:20:42] INFO: Face embedding model loaded successfully
[2025-10-15 19:20:42] INFO: Face embedding model loaded successfully
[2025-10-15 19:20:43] INFO: Face embedding model loaded successfully
[2025-10-15 19:20:43] INFO: Face embedding model loaded successfully
[2025-10-15 19:20:43] INFO: Face embedding model loaded successfully
[2025-10-15 19:20:43] INFO: Face embedding model loaded successfully
[2025-10-15 19:20:43] INFO: Face embedding model loaded successfully
[2025-10-15 19:20:43] INFO: Face embedding model loaded successfully
[2025-10-15 19:20:44] INFO: Face embedding model loaded successfully
[2025-10-15 19:20:44] INFO: Face embedding model loaded successfully
[2025-10-15 19:20:44] INFO: Face embedding model loaded successfully
[2025-10-15 19:20:44] INFO: Face embedding model loaded successfully
[2025-10-15 19:20:44] INFO: Face embedding model loaded successfully
[2025-10-15 19:20:44] INFO: Face embedding model loaded successfully
[2025-10-15 19:20:44] INFO: Face embedding model loaded successfully
[2025-10-15 19:20:45] INFO: Face embedding model loaded successfully
[2025-10-15 19:20:45] INFO: Face embedding model loaded successfully
[2025-10-15 19:20:45] INFO: Face embedding model loaded successfully
[2025-10-15 19:20:45] INFO: Face embedding model loaded successfully
[2025-10-15 19:20:45] INFO: Face embedding model loaded successfully
[2025-10-15 19:20:45] INFO: Face embedding model loaded successfully
[2025-10-15 19:20:46] INFO: Face embedding model loaded successfully
[2025-10-15 19:20:46] INFO: Face embedding model loaded successfully
[2025-10-15 19:20:46] INFO: Face embedding model loaded successfully
[2025-10-15 19:20:46] INFO: Face embedding model loaded successfully
[2025-10-15 19:20:46] INFO: Face embedding model loaded successfully
[2025-10-15 19:20:46] INFO: Face embedding model loaded successfully
[2025-10-15 19:20:47] INFO: Face embedding model loaded successfully
[2025-10-15 19:20:47] INFO: Face embedding model loaded successfully
[2025-10-15 19:20:47] INFO: Face embedding model loaded successfully
[2025-10-15 19:20:47] INFO: Face embedding model loaded successfully
[2025-10-15 19:20:47] INFO: Face embedding model loaded successfully
[2025-10-15 19:20:48] INFO: Face embedding model loaded successfully
[2025-10-15 19:20:48] INFO: Face embedding model loaded successfully
[2025-10-15 19:20:48] INFO: Face embedding model loaded successfully
[2025-10-15 19:20:48] INFO: Face embedding model loaded successfully
[2025-10-15 19:20:48] INFO: Face embedding model loaded successfully
[2025-10-15 19:20:48] INFO: Face embedding model loaded successfully
[2025-10-15 19:20:49] INFO: Face embedding model loaded successfully
[2025-10-15 19:20:49] INFO: Face embedding model loaded successfully
[2025-10-15 19:20:49] INFO: Face embedding model loaded successfully
[2025-10-15 19:20:49] INFO: Face embedding model loaded successfully
[2025-10-15 19:20:49] INFO: Face embedding model loaded successfully
[2025-10-15 19:20:49] INFO: Face embedding model loaded successfully
[2025-10-15 19:20:49] INFO: Face embedding model loaded successfully
[2025-10-15 19:20:50] INFO: Face embedding model loaded successfully
[2025-10-15 19:20:50] INFO: Face embedding model loaded successfully
[2025-10-15 19:20:50] INFO: Face embedding model loaded successfully
[2025-10-15 19:20:50] INFO: Face embedding model loaded successfully
[2025-10-15 19:20:50] INFO: Face embedding model loaded successfully
[2025-10-15 19:20:50] INFO: Face embedding model loaded successfully
[2025-10-15 19:20:50] INFO: Face embedding model loaded successfully
[2025-10-15 19:20:51] INFO: Face embedding model loaded successfully
[2025-10-15 19:20:51] INFO: Face embedding model loaded successfully
[2025-10-15 19:20:51] INFO: Face embedding model loaded successfully
[2025-10-15 19:20:51] INFO: Face embedding model loaded successfully
[2025-10-15 19:20:51] INFO: Face embedding model loaded successfully
[2025-10-15 19:20:51] INFO: Face embedding model loaded successfully
[2025-10-15 19:20:51] INFO: Face embedding model loaded successfully
[2025-10-15 19:20:52] INFO: Face embedding model loaded successfully
[2025-10-15 19:20:52] INFO: Face embedding model loaded successfully
[2025-10-15 19:20:52] INFO: Face embedding model loaded successfully
[2025-10-15 19:20:52] INFO: Face embedding model loaded successfully
[2025-10-15 19:20:52] INFO: Face embedding model loaded successfully
[2025-10-15 19:20:52] INFO: Face embedding model loaded successfully
[2025-10-15 19:20:52] INFO: Face embedding model loaded successfully
[2025-10-15 19:20:53] INFO: Face embedding model loaded successfully
[2025-10-15 19:20:53] INFO: Face embedding model loaded successfully
[2025-10-15 19:20:53] INFO: Face embedding model loaded successfully
[2025-10-15 19:20:53] INFO: Face embedding model loaded successfully
[2025-10-15 19:20:53] INFO: Face embedding model loaded successfully
[2025-10-15 19:20:53] INFO: Face embedding model loaded successfully
[2025-10-15 19:20:53] INFO: Face embedding model loaded successfully
[2025-10-15 19:20:54] INFO: Face embedding model loaded successfully
[2025-10-15 19:20:54] INFO: Face embedding model loaded successfully
[2025-10-15 19:20:54] INFO: Face embedding model loaded successfully
[2025-10-15 19:20:54] INFO: Face embedding model loaded successfully
[2025-10-15 19:20:54] INFO: Face embedding model loaded successfully
[2025-10-15 19:20:54] INFO: Face embedding model loaded successfully
[2025-10-15 19:20:54] INFO: Face embedding model loaded successfully
[2025-10-15 19:20:55] INFO: Face embedding model loaded successfully
[2025-10-15 19:20:55] INFO: Face embedding model loaded successfully
[2025-10-15 19:20:55] INFO: Face embedding model loaded successfully
[2025-10-15 19:20:55] INFO: Face embedding model loaded successfully
[2025-10-15 19:20:55] INFO: Face embedding model loaded successfully
[2025-10-15 19:20:55] INFO: Face embedding model loaded successfully
[2025-10-15 19:20:55] INFO: Face embedding model loaded successfully
[2025-10-15 19:20:55] INFO: Face embedding model loaded successfully
[2025-10-15 19:20:56] INFO: Face embedding model loaded successfully
[2025-10-15 19:20:56] INFO: Face embedding model loaded successfully
[2025-10-15 19:20:56] INFO: Face embedding model loaded successfully
[2025-10-15 19:20:56] INFO: Face embedding model loaded successfully
[2025-10-15 19:20:56] INFO: Face embedding model loaded successfully
[2025-10-15 19:20:56] INFO: Face embedding model loaded successfully
[2025-10-15 19:20:56] INFO: Face embedding model loaded successfully
[2025-10-15 19:20:56] INFO: Face embedding model loaded successfully
[2025-10-15 19:20:56] INFO: Face embedding model loaded successfully
[2025-10-15 19:20:57] INFO: Face embedding model loaded successfully
[2025-10-15 19:20:57] INFO: Face embedding model loaded successfully
[2025-10-15 19:20:57] INFO: Face embedding model loaded successfully
[2025-10-15 19:20:57] INFO: Face embedding model loaded successfully
[2025-10-15 19:20:57] INFO: Face embedding model loaded successfully
[2025-10-15 19:20:57] INFO: Face embedding model loaded successfully
[2025-10-15 19:20:57] INFO: Face embedding model loaded successfully
[2025-10-15 19:20:58] INFO: Face embedding model loaded successfully
[2025-10-15 19:20:58] INFO: Face embedding model loaded successfully
[2025-10-15 19:20:58] INFO: Face embedding model loaded successfully
[2025-10-15 19:20:58] INFO: Face embedding model loaded successfully
[2025-10-15 19:20:58] INFO: Face embedding model loaded successfully
[2025-10-15 19:20:58] INFO: Face embedding model loaded successfully
[2025-10-15 19:20:59] INFO: Face embedding model loaded successfully
[2025-10-15 19:20:59] INFO: Face embedding model loaded successfully
[2025-10-15 19:20:59] INFO: Face embedding model loaded successfully
[2025-10-15 19:20:59] INFO: Face embedding model loaded successfully
[2025-10-15 19:20:59] INFO: Face embedding model loaded successfully
[2025-10-15 19:20:59] INFO: Face embedding model loaded successfully
[2025-10-15 19:20:59] INFO: Face embedding model loaded successfully
[2025-10-15 19:20:59] INFO: Face embedding model loaded successfully
[2025-10-15 19:21:00] INFO: Face embedding model loaded successfully
[2025-10-15 19:21:00] INFO: Face embedding model loaded successfully
[2025-10-15 19:21:00] INFO: Face embedding model loaded successfully
[2025-10-15 19:21:00] INFO: Face embedding model loaded successfully
[2025-10-15 19:21:00] INFO: Face embedding model loaded successfully
[2025-10-15 19:21:00] INFO: Face embedding model loaded successfully
[2025-10-15 19:21:00] INFO: Face embedding model loaded successfully
[2025-10-15 19:21:01] INFO: Face embedding model loaded successfully
[2025-10-15 19:21:01] INFO: Exiting Face Recognition Demo...
[2025-10-15 19:21:01] INFO: Face embedding model loaded successfully
[2025-10-15 19:21:01] INFO: Exiting Face Recognition Demo...
