[2025-10-19 03:51:10] INFO: Application Logger Initialized.
[2025-10-19 03:51:10] INFO: Configuration and core components loaded.
[2025-10-19 03:51:10] INFO: Configuration loaded from classpath: app.properties
[2025-10-19 03:51:10] INFO: Configuration file loaded
[2025-10-19 03:51:10] INFO: MyGUIProgram Started!
[2025-10-19 03:51:12] INFO: Face embedding model loaded successfully
[2025-10-19 03:51:12] INFO: === Folder debug ===
[2025-10-19 03:51:12] INFO: Found folder: C:\SMU\CS102 Project\FaceRecognitionCS102\data\facedata\S12342_wyn
[2025-10-19 03:51:12] INFO:   Contains: 26 items
[2025-10-19 03:51:12] INFO:   Display label: S12342 - wyn
[2025-10-19 03:51:12] INFO: Found folder: C:\SMU\CS102 Project\FaceRecognitionCS102\data\facedata\S13234_Jin_Rae
[2025-10-19 03:51:12] INFO:   Contains: 26 items
[2025-10-19 03:51:12] INFO:   Display label: S13234 - Jin_Rae
[2025-10-19 03:51:12] INFO: ====================
[2025-10-19 03:51:12] INFO: Person S12342 - wyn: tightness=0.884, stdDev=0.020, absThresh=0.612, margin=0.112
[2025-10-19 03:51:12] INFO: Person S13234 - Jin_Rae: tightness=0.846, stdDev=0.054, absThresh=0.615, margin=0.115
[2025-10-19 03:51:12] INFO: DNN face detector loaded successfully for recognition
[2025-10-19 03:51:12] INFO: Attempting to open camera with DSHOW backend...
[2025-10-19 03:51:12] INFO: Camera opened successfully with DSHOW backend
[2025-10-19 03:51:13] INFO: Camera configured: 640x480 @ 30fps with MJPEG codec
[2025-10-19 03:51:13] INFO: Camera initialized successfully
[2025-10-19 03:51:14] INFO: [Recognition] Scores: S12342 - wyn=0.620 S13234 - Jin_Rae=0.501 
[2025-10-19 03:51:14] INFO: [Decision] Best=S12342 - wyn(0.620), 2nd=0.501, Discriminative=0.520, AvgNeg=0.501
[2025-10-19 03:51:14] INFO: [Thresholds] Abs=0.612, Margin=0.112(18.0%), RelMargin=19.2%, Tightness=0.884, StdDev=0.020
[2025-10-19 03:51:14] INFO: [Decision] ACCEPT: Tier 1 - Absolute + Strong Margin (10%)
[2025-10-19 03:51:14] INFO: [Recognition] Scores: S12342 - wyn=0.619 S13234 - Jin_Rae=0.491 
[2025-10-19 03:51:14] INFO: [Decision] Best=S12342 - wyn(0.619), 2nd=0.491, Discriminative=0.521, AvgNeg=0.491
[2025-10-19 03:51:14] INFO: [Thresholds] Abs=0.612, Margin=0.112(18.0%), RelMargin=20.8%, Tightness=0.884, StdDev=0.020
[2025-10-19 03:51:14] INFO: [Decision] ACCEPT: Tier 1 - Absolute + Strong Margin (10%)
[2025-10-19 03:51:15] INFO: [Recognition] Scores: S12342 - wyn=0.619 S13234 - Jin_Rae=0.487 
[2025-10-19 03:51:15] INFO: [Decision] Best=S12342 - wyn(0.619), 2nd=0.487, Discriminative=0.522, AvgNeg=0.487
[2025-10-19 03:51:15] INFO: [Thresholds] Abs=0.612, Margin=0.112(18.0%), RelMargin=21.4%, Tightness=0.884, StdDev=0.020
[2025-10-19 03:51:15] INFO: [Decision] ACCEPT: Tier 1 - Absolute + Strong Margin (10%)
[2025-10-19 03:51:15] INFO: [Recognition] Scores: S12342 - wyn=0.653 S13234 - Jin_Rae=0.483 
[2025-10-19 03:51:15] INFO: [Decision] Best=S12342 - wyn(0.653), 2nd=0.483, Discriminative=0.557, AvgNeg=0.483
[2025-10-19 03:51:15] INFO: [Thresholds] Abs=0.612, Margin=0.112(17.1%), RelMargin=26.1%, Tightness=0.884, StdDev=0.020
[2025-10-19 03:51:15] INFO: [Decision] ACCEPT: Tier 1 - Absolute + Strong Margin (10%)
[2025-10-19 03:51:15] INFO: [Recognition] Scores: S12342 - wyn=0.659 S13234 - Jin_Rae=0.484 
[2025-10-19 03:51:15] INFO: [Decision] Best=S12342 - wyn(0.659), 2nd=0.484, Discriminative=0.563, AvgNeg=0.484
[2025-10-19 03:51:15] INFO: [Thresholds] Abs=0.612, Margin=0.112(16.9%), RelMargin=26.6%, Tightness=0.884, StdDev=0.020
[2025-10-19 03:51:15] INFO: [Decision] ACCEPT: Tier 1 - Absolute + Strong Margin (10%)
[2025-10-19 03:51:15] INFO: [Recognition] Scores: S12342 - wyn=0.642 S13234 - Jin_Rae=0.477 
[2025-10-19 03:51:15] INFO: [Decision] Best=S12342 - wyn(0.642), 2nd=0.477, Discriminative=0.546, AvgNeg=0.477
[2025-10-19 03:51:15] INFO: [Thresholds] Abs=0.612, Margin=0.112(17.4%), RelMargin=25.7%, Tightness=0.884, StdDev=0.020
[2025-10-19 03:51:15] INFO: [Decision] ACCEPT: Tier 1 - Absolute + Strong Margin (10%)
[2025-10-19 03:51:15] INFO: [Recognition] Scores: S12342 - wyn=0.649 S13234 - Jin_Rae=0.475 
[2025-10-19 03:51:15] INFO: [Decision] Best=S12342 - wyn(0.649), 2nd=0.475, Discriminative=0.554, AvgNeg=0.475
[2025-10-19 03:51:15] INFO: [Thresholds] Abs=0.612, Margin=0.112(17.2%), RelMargin=26.8%, Tightness=0.884, StdDev=0.020
[2025-10-19 03:51:15] INFO: [Decision] ACCEPT: Tier 1 - Absolute + Strong Margin (10%)
[2025-10-19 03:51:16] INFO: [Recognition] Scores: S12342 - wyn=0.649 S13234 - Jin_Rae=0.496 
[2025-10-19 03:51:16] INFO: [Decision] Best=S12342 - wyn(0.649), 2nd=0.496, Discriminative=0.550, AvgNeg=0.496
[2025-10-19 03:51:16] INFO: [Thresholds] Abs=0.612, Margin=0.112(17.2%), RelMargin=23.6%, Tightness=0.884, StdDev=0.020
[2025-10-19 03:51:16] INFO: [Decision] ACCEPT: Tier 1 - Absolute + Strong Margin (10%)
[2025-10-19 03:51:16] INFO: [Recognition] Scores: S12342 - wyn=0.640 S13234 - Jin_Rae=0.533 
[2025-10-19 03:51:16] INFO: [Decision] Best=S12342 - wyn(0.640), 2nd=0.533, Discriminative=0.533, AvgNeg=0.533
[2025-10-19 03:51:16] INFO: [Thresholds] Abs=0.612, Margin=0.112(17.5%), RelMargin=16.7%, Tightness=0.884, StdDev=0.020
[2025-10-19 03:51:16] INFO: [Decision] ACCEPT: Tier 1 - Absolute + Strong Margin (10%)
[2025-10-19 03:51:16] INFO: [Recognition] Scores: S12342 - wyn=0.707 S13234 - Jin_Rae=0.489 
[2025-10-19 03:51:16] INFO: [Decision] Best=S12342 - wyn(0.707), 2nd=0.489, Discriminative=0.609, AvgNeg=0.489
[2025-10-19 03:51:16] INFO: [Thresholds] Abs=0.612, Margin=0.112(15.8%), RelMargin=30.8%, Tightness=0.884, StdDev=0.020
[2025-10-19 03:51:16] INFO: [Decision] ACCEPT: Tier 1 - Absolute + Strong Margin (10%)
[2025-10-19 03:51:16] INFO: [Recognition] Scores: S12342 - wyn=0.736 S13234 - Jin_Rae=0.476 
[2025-10-19 03:51:16] INFO: [Decision] Best=S12342 - wyn(0.736), 2nd=0.476, Discriminative=0.641, AvgNeg=0.476
[2025-10-19 03:51:16] INFO: [Thresholds] Abs=0.612, Margin=0.112(15.2%), RelMargin=35.4%, Tightness=0.884, StdDev=0.020
[2025-10-19 03:51:16] INFO: [Decision] ACCEPT: Tier 1 - Absolute + Strong Margin (10%)
[2025-10-19 03:51:17] INFO: [Recognition] Scores: S12342 - wyn=0.745 S13234 - Jin_Rae=0.479 
[2025-10-19 03:51:17] INFO: [Decision] Best=S12342 - wyn(0.745), 2nd=0.479, Discriminative=0.650, AvgNeg=0.479
[2025-10-19 03:51:17] INFO: [Thresholds] Abs=0.612, Margin=0.112(15.0%), RelMargin=35.8%, Tightness=0.884, StdDev=0.020
[2025-10-19 03:51:17] INFO: [Decision] ACCEPT: Tier 1 - Absolute + Strong Margin (10%)
[2025-10-19 03:51:17] INFO: [Recognition] Scores: S12342 - wyn=0.762 S13234 - Jin_Rae=0.461 
[2025-10-19 03:51:17] INFO: [Decision] Best=S12342 - wyn(0.762), 2nd=0.461, Discriminative=0.670, AvgNeg=0.461
[2025-10-19 03:51:17] INFO: [Thresholds] Abs=0.612, Margin=0.112(14.7%), RelMargin=39.5%, Tightness=0.884, StdDev=0.020
[2025-10-19 03:51:17] INFO: [Decision] ACCEPT: Tier 1 - Absolute + Strong Margin (10%)
[2025-10-19 03:51:17] INFO: [Recognition] Scores: S12342 - wyn=0.743 S13234 - Jin_Rae=0.469 
[2025-10-19 03:51:17] INFO: [Decision] Best=S12342 - wyn(0.743), 2nd=0.469, Discriminative=0.649, AvgNeg=0.469
[2025-10-19 03:51:17] INFO: [Thresholds] Abs=0.612, Margin=0.112(15.0%), RelMargin=36.9%, Tightness=0.884, StdDev=0.020
[2025-10-19 03:51:17] INFO: [Decision] ACCEPT: Tier 1 - Absolute + Strong Margin (10%)
[2025-10-19 03:51:17] INFO: [Recognition] Scores: S12342 - wyn=0.741 S13234 - Jin_Rae=0.489 
[2025-10-19 03:51:17] INFO: [Decision] Best=S12342 - wyn(0.741), 2nd=0.489, Discriminative=0.643, AvgNeg=0.489
[2025-10-19 03:51:17] INFO: [Thresholds] Abs=0.612, Margin=0.112(15.1%), RelMargin=34.0%, Tightness=0.884, StdDev=0.020
[2025-10-19 03:51:17] INFO: [Decision] ACCEPT: Tier 1 - Absolute + Strong Margin (10%)
[2025-10-19 03:51:17] INFO: [Recognition] Scores: S12342 - wyn=0.723 S13234 - Jin_Rae=0.485 
[2025-10-19 03:51:17] INFO: [Decision] Best=S12342 - wyn(0.723), 2nd=0.485, Discriminative=0.626, AvgNeg=0.485
[2025-10-19 03:51:17] INFO: [Thresholds] Abs=0.612, Margin=0.112(15.4%), RelMargin=32.9%, Tightness=0.884, StdDev=0.020
[2025-10-19 03:51:17] INFO: [Decision] ACCEPT: Tier 1 - Absolute + Strong Margin (10%)
[2025-10-19 03:51:18] INFO: [Recognition] Scores: S12342 - wyn=0.702 S13234 - Jin_Rae=0.476 
[2025-10-19 03:51:18] INFO: [Decision] Best=S12342 - wyn(0.702), 2nd=0.476, Discriminative=0.607, AvgNeg=0.476
[2025-10-19 03:51:18] INFO: [Thresholds] Abs=0.612, Margin=0.112(15.9%), RelMargin=32.1%, Tightness=0.884, StdDev=0.020
[2025-10-19 03:51:18] INFO: [Decision] ACCEPT: Tier 1 - Absolute + Strong Margin (10%)
[2025-10-19 03:51:18] INFO: [Recognition] Scores: S12342 - wyn=0.675 S13234 - Jin_Rae=0.478 
[2025-10-19 03:51:18] INFO: [Decision] Best=S12342 - wyn(0.675), 2nd=0.478, Discriminative=0.579, AvgNeg=0.478
[2025-10-19 03:51:18] INFO: [Thresholds] Abs=0.612, Margin=0.112(16.5%), RelMargin=29.2%, Tightness=0.884, StdDev=0.020
[2025-10-19 03:51:18] INFO: [Decision] ACCEPT: Tier 1 - Absolute + Strong Margin (10%)
[2025-10-19 03:51:18] INFO: [Recognition] Scores: S12342 - wyn=0.658 S13234 - Jin_Rae=0.467 
[2025-10-19 03:51:18] INFO: [Decision] Best=S12342 - wyn(0.658), 2nd=0.467, Discriminative=0.565, AvgNeg=0.467
[2025-10-19 03:51:18] INFO: [Thresholds] Abs=0.612, Margin=0.112(17.0%), RelMargin=29.1%, Tightness=0.884, StdDev=0.020
[2025-10-19 03:51:18] INFO: [Decision] ACCEPT: Tier 1 - Absolute + Strong Margin (10%)
[2025-10-19 03:51:18] INFO: [Recognition] Scores: S12342 - wyn=0.633 S13234 - Jin_Rae=0.450 
[2025-10-19 03:51:18] INFO: [Decision] Best=S12342 - wyn(0.633), 2nd=0.450, Discriminative=0.543, AvgNeg=0.450
[2025-10-19 03:51:18] INFO: [Thresholds] Abs=0.612, Margin=0.112(17.6%), RelMargin=28.9%, Tightness=0.884, StdDev=0.020
[2025-10-19 03:51:18] INFO: [Decision] ACCEPT: Tier 1 - Absolute + Strong Margin (10%)
[2025-10-19 03:51:19] INFO: [Recognition] Scores: S12342 - wyn=0.627 S13234 - Jin_Rae=0.433 
[2025-10-19 03:51:19] INFO: [Decision] Best=S12342 - wyn(0.627), 2nd=0.433, Discriminative=0.540, AvgNeg=0.433
[2025-10-19 03:51:19] INFO: [Thresholds] Abs=0.612, Margin=0.112(17.8%), RelMargin=30.9%, Tightness=0.884, StdDev=0.020
[2025-10-19 03:51:19] INFO: [Decision] ACCEPT: Tier 1 - Absolute + Strong Margin (10%)
[2025-10-19 03:51:19] INFO: [Recognition] Scores: S12342 - wyn=0.629 S13234 - Jin_Rae=0.421 
[2025-10-19 03:51:19] INFO: [Decision] Best=S12342 - wyn(0.629), 2nd=0.421, Discriminative=0.544, AvgNeg=0.421
[2025-10-19 03:51:19] INFO: [Thresholds] Abs=0.612, Margin=0.112(17.8%), RelMargin=33.0%, Tightness=0.884, StdDev=0.020
[2025-10-19 03:51:19] INFO: [Decision] ACCEPT: Tier 1 - Absolute + Strong Margin (10%)
[2025-10-19 03:51:19] INFO: [Recognition] Scores: S12342 - wyn=0.631 S13234 - Jin_Rae=0.541 
[2025-10-19 03:51:19] INFO: [Decision] Best=S12342 - wyn(0.631), 2nd=0.541, Discriminative=0.523, AvgNeg=0.541
[2025-10-19 03:51:19] INFO: [Thresholds] Abs=0.612, Margin=0.112(17.7%), RelMargin=14.4%, Tightness=0.884, StdDev=0.020
[2025-10-19 03:51:19] INFO: [Decision] ACCEPT: Tier 1 - Absolute + Strong Margin (10%)
[2025-10-19 03:51:19] INFO: [Recognition] Scores: S12342 - wyn=0.632 S13234 - Jin_Rae=0.521 
[2025-10-19 03:51:19] INFO: [Decision] Best=S12342 - wyn(0.632), 2nd=0.521, Discriminative=0.527, AvgNeg=0.521
[2025-10-19 03:51:19] INFO: [Thresholds] Abs=0.612, Margin=0.112(17.7%), RelMargin=17.5%, Tightness=0.884, StdDev=0.020
[2025-10-19 03:51:19] INFO: [Decision] ACCEPT: Tier 1 - Absolute + Strong Margin (10%)
[2025-10-19 03:51:20] INFO: [Recognition] Scores: S12342 - wyn=0.613 S13234 - Jin_Rae=0.491 
[2025-10-19 03:51:20] INFO: [Decision] Best=S12342 - wyn(0.613), 2nd=0.491, Discriminative=0.515, AvgNeg=0.491
[2025-10-19 03:51:20] INFO: [Thresholds] Abs=0.612, Margin=0.112(18.2%), RelMargin=19.9%, Tightness=0.884, StdDev=0.020
[2025-10-19 03:51:20] INFO: [Decision] ACCEPT: Tier 1 - Absolute + Strong Margin (10%)
[2025-10-19 03:51:20] INFO: [Recognition] Scores: S12342 - wyn=0.625 S13234 - Jin_Rae=0.556 
[2025-10-19 03:51:20] INFO: [Decision] Best=S12342 - wyn(0.625), 2nd=0.556, Discriminative=0.513, AvgNeg=0.556
[2025-10-19 03:51:20] INFO: [Thresholds] Abs=0.612, Margin=0.112(17.9%), RelMargin=10.9%, Tightness=0.884, StdDev=0.020
[2025-10-19 03:51:20] INFO: [Decision] ACCEPT: Tier 1 - Absolute + Strong Margin (10%)
[2025-10-19 03:51:20] INFO: [Recognition] Scores: S12342 - wyn=0.661 S13234 - Jin_Rae=0.533 
[2025-10-19 03:51:20] INFO: [Decision] Best=S12342 - wyn(0.661), 2nd=0.533, Discriminative=0.555, AvgNeg=0.533
[2025-10-19 03:51:20] INFO: [Thresholds] Abs=0.612, Margin=0.112(16.9%), RelMargin=19.4%, Tightness=0.884, StdDev=0.020
[2025-10-19 03:51:20] INFO: [Decision] ACCEPT: Tier 1 - Absolute + Strong Margin (10%)
[2025-10-19 03:51:20] INFO: [Recognition] Scores: S12342 - wyn=0.693 S13234 - Jin_Rae=0.511 
[2025-10-19 03:51:20] INFO: [Decision] Best=S12342 - wyn(0.693), 2nd=0.511, Discriminative=0.591, AvgNeg=0.511
[2025-10-19 03:51:20] INFO: [Thresholds] Abs=0.612, Margin=0.112(16.1%), RelMargin=26.3%, Tightness=0.884, StdDev=0.020
[2025-10-19 03:51:20] INFO: [Decision] ACCEPT: Tier 1 - Absolute + Strong Margin (10%)
[2025-10-19 03:51:20] INFO: [Recognition] Scores: S12342 - wyn=0.724 S13234 - Jin_Rae=0.480 
[2025-10-19 03:51:20] INFO: [Decision] Best=S12342 - wyn(0.724), 2nd=0.480, Discriminative=0.628, AvgNeg=0.480
[2025-10-19 03:51:20] INFO: [Thresholds] Abs=0.612, Margin=0.112(15.4%), RelMargin=33.7%, Tightness=0.884, StdDev=0.020
[2025-10-19 03:51:20] INFO: [Decision] ACCEPT: Tier 1 - Absolute + Strong Margin (10%)
[2025-10-19 03:51:21] INFO: [Recognition] Scores: S12342 - wyn=0.749 S13234 - Jin_Rae=0.469 
[2025-10-19 03:51:21] INFO: [Decision] Best=S12342 - wyn(0.749), 2nd=0.469, Discriminative=0.655, AvgNeg=0.469
[2025-10-19 03:51:21] INFO: [Thresholds] Abs=0.612, Margin=0.112(14.9%), RelMargin=37.4%, Tightness=0.884, StdDev=0.020
[2025-10-19 03:51:21] INFO: [Decision] ACCEPT: Tier 1 - Absolute + Strong Margin (10%)
[2025-10-19 03:51:21] INFO: [Recognition] Scores: S12342 - wyn=0.736 S13234 - Jin_Rae=0.541 
[2025-10-19 03:51:21] INFO: [Decision] Best=S12342 - wyn(0.736), 2nd=0.541, Discriminative=0.628, AvgNeg=0.541
[2025-10-19 03:51:21] INFO: [Thresholds] Abs=0.612, Margin=0.112(15.2%), RelMargin=26.5%, Tightness=0.884, StdDev=0.020
[2025-10-19 03:51:21] INFO: [Decision] ACCEPT: Tier 1 - Absolute + Strong Margin (10%)
[2025-10-19 03:51:21] INFO: [Recognition] Scores: S12342 - wyn=0.759 S13234 - Jin_Rae=0.613 
[2025-10-19 03:51:21] INFO: [Decision] Best=S12342 - wyn(0.759), 2nd=0.613, Discriminative=0.636, AvgNeg=0.613
[2025-10-19 03:51:21] INFO: [Thresholds] Abs=0.612, Margin=0.112(14.7%), RelMargin=19.2%, Tightness=0.884, StdDev=0.020
[2025-10-19 03:51:21] INFO: [Decision] ACCEPT: Tier 1 - Absolute + Strong Margin (10%)
[2025-10-19 03:51:21] INFO: [Recognition] Scores: S12342 - wyn=0.743 S13234 - Jin_Rae=0.539 
[2025-10-19 03:51:21] INFO: [Decision] Best=S12342 - wyn(0.743), 2nd=0.539, Discriminative=0.635, AvgNeg=0.539
[2025-10-19 03:51:21] INFO: [Thresholds] Abs=0.612, Margin=0.112(15.0%), RelMargin=27.4%, Tightness=0.884, StdDev=0.020
[2025-10-19 03:51:21] INFO: [Decision] ACCEPT: Tier 1 - Absolute + Strong Margin (10%)
[2025-10-19 03:51:21] INFO: [Recognition] Scores: S12342 - wyn=0.715 S13234 - Jin_Rae=0.600 
[2025-10-19 03:51:21] INFO: [Decision] Best=S12342 - wyn(0.715), 2nd=0.600, Discriminative=0.595, AvgNeg=0.600
[2025-10-19 03:51:21] INFO: [Thresholds] Abs=0.612, Margin=0.112(15.6%), RelMargin=16.1%, Tightness=0.884, StdDev=0.020
[2025-10-19 03:51:21] INFO: [Decision] ACCEPT: Tier 1 - Absolute + Strong Margin (10%)
[2025-10-19 03:51:22] INFO: [Recognition] Scores: S12342 - wyn=0.691 S13234 - Jin_Rae=0.596 
[2025-10-19 03:51:22] INFO: [Decision] Best=S12342 - wyn(0.691), 2nd=0.596, Discriminative=0.572, AvgNeg=0.596
[2025-10-19 03:51:22] INFO: [Thresholds] Abs=0.612, Margin=0.112(16.2%), RelMargin=13.8%, Tightness=0.884, StdDev=0.020
[2025-10-19 03:51:22] INFO: [Decision] ACCEPT: Tier 1 - Absolute + Strong Margin (10%)
[2025-10-19 03:51:22] INFO: [Recognition] Scores: S12342 - wyn=0.679 S13234 - Jin_Rae=0.644 
[2025-10-19 03:51:22] INFO: [Decision] Best=S12342 - wyn(0.679), 2nd=0.644, Discriminative=0.551, AvgNeg=0.644
[2025-10-19 03:51:22] INFO: [Thresholds] Abs=0.612, Margin=0.112(16.4%), RelMargin=5.2%, Tightness=0.884, StdDev=0.020
[2025-10-19 03:51:22] INFO: [Decision] ACCEPT: Tier 2 - Absolute + Consistency (5 frames)
[2025-10-19 03:51:22] INFO: [Recognition] Scores: S12342 - wyn=0.659 S13234 - Jin_Rae=0.608 
[2025-10-19 03:51:22] INFO: [Decision] Best=S12342 - wyn(0.659), 2nd=0.608, Discriminative=0.537, AvgNeg=0.608
[2025-10-19 03:51:22] INFO: [Thresholds] Abs=0.612, Margin=0.112(16.9%), RelMargin=7.6%, Tightness=0.884, StdDev=0.020
[2025-10-19 03:51:22] INFO: [Decision] ACCEPT: Tier 2 - Absolute + Consistency (5 frames)
[2025-10-19 03:51:22] INFO: [Recognition] Scores: S12342 - wyn=0.639 S13234 - Jin_Rae=0.618 
[2025-10-19 03:51:22] INFO: [Decision] Best=S12342 - wyn(0.639), 2nd=0.618, Discriminative=0.516, AvgNeg=0.618
[2025-10-19 03:51:22] INFO: [Thresholds] Abs=0.612, Margin=0.112(17.5%), RelMargin=3.3%, Tightness=0.884, StdDev=0.020
[2025-10-19 03:51:22] INFO: [Decision] ACCEPT: Tier 2 - Absolute + Consistency (5 frames)
[2025-10-19 03:51:22] INFO: [Recognition] Scores: S12342 - wyn=0.611 S13234 - Jin_Rae=0.611 
[2025-10-19 03:51:22] INFO: [Decision] Best=S12342 - wyn(0.611), 2nd=0.611, Discriminative=0.489, AvgNeg=0.611
[2025-10-19 03:51:22] INFO: [Thresholds] Abs=0.612, Margin=0.112(18.3%), RelMargin=0.1%, Tightness=0.884, StdDev=0.020
[2025-10-19 03:51:22] INFO: [Decision] ACCEPT: Tier 4 - Very Strong Consistency (5 frames)
[2025-10-19 03:51:23] INFO: [Recognition] Scores: S12342 - wyn=0.600 S13234 - Jin_Rae=0.606 
[2025-10-19 03:51:23] INFO: [Decision] Best=S13234 - Jin_Rae(0.606), 2nd=0.600, Discriminative=0.486, AvgNeg=0.600
[2025-10-19 03:51:23] INFO: [Thresholds] Abs=0.615, Margin=0.115(19.0%), RelMargin=1.0%, Tightness=0.846, StdDev=0.054
[2025-10-19 03:51:23] INFO: [Decision] REJECT: Abs=false, AbsMargin=false, RelMargin=false(1.0%), StrongMargin=false(10.0%), Discrim=false, Consist=false(0/5)
[2025-10-19 03:51:23] INFO: [Recognition] Scores: S12342 - wyn=0.635 S13234 - Jin_Rae=0.590 
[2025-10-19 03:51:23] INFO: [Decision] Best=S12342 - wyn(0.635), 2nd=0.590, Discriminative=0.517, AvgNeg=0.590
[2025-10-19 03:51:23] INFO: [Thresholds] Abs=0.612, Margin=0.112(17.6%), RelMargin=7.1%, Tightness=0.884, StdDev=0.020
[2025-10-19 03:51:23] INFO: [Decision] ACCEPT: Tier 2 - Absolute + Consistency (4 frames)
[2025-10-19 03:51:23] INFO: [Recognition] Scores: S12342 - wyn=0.632 S13234 - Jin_Rae=0.593 
[2025-10-19 03:51:23] INFO: [Decision] Best=S12342 - wyn(0.632), 2nd=0.593, Discriminative=0.513, AvgNeg=0.593
[2025-10-19 03:51:23] INFO: [Thresholds] Abs=0.612, Margin=0.112(17.7%), RelMargin=6.2%, Tightness=0.884, StdDev=0.020
[2025-10-19 03:51:23] INFO: [Decision] ACCEPT: Tier 2 - Absolute + Consistency (4 frames)
[2025-10-19 03:51:23] INFO: [Recognition] Scores: S12342 - wyn=0.626 S13234 - Jin_Rae=0.623 
[2025-10-19 03:51:23] INFO: [Decision] Best=S12342 - wyn(0.626), 2nd=0.623, Discriminative=0.501, AvgNeg=0.623
[2025-10-19 03:51:23] INFO: [Thresholds] Abs=0.612, Margin=0.112(17.8%), RelMargin=0.5%, Tightness=0.884, StdDev=0.020
[2025-10-19 03:51:23] INFO: [Decision] ACCEPT: Tier 2 - Absolute + Consistency (4 frames)
[2025-10-19 03:51:24] INFO: [Recognition] Scores: S12342 - wyn=0.666 S13234 - Jin_Rae=0.591 
[2025-10-19 03:51:24] INFO: [Decision] Best=S12342 - wyn(0.666), 2nd=0.591, Discriminative=0.548, AvgNeg=0.591
[2025-10-19 03:51:24] INFO: [Thresholds] Abs=0.612, Margin=0.112(16.8%), RelMargin=11.3%, Tightness=0.884, StdDev=0.020
[2025-10-19 03:51:24] INFO: [Decision] ACCEPT: Tier 1 - Absolute + Strong Margin (10%)
[2025-10-19 03:51:24] INFO: [Recognition] Scores: S12342 - wyn=0.631 S13234 - Jin_Rae=0.639 
[2025-10-19 03:51:24] INFO: [Decision] Best=S13234 - Jin_Rae(0.639), 2nd=0.631, Discriminative=0.513, AvgNeg=0.631
[2025-10-19 03:51:24] INFO: [Thresholds] Abs=0.615, Margin=0.115(18.0%), RelMargin=1.4%, Tightness=0.846, StdDev=0.054
[2025-10-19 03:51:24] INFO: [Decision] REJECT: Abs=true, AbsMargin=false, RelMargin=false(1.4%), StrongMargin=false(10.0%), Discrim=false, Consist=false(0/5)
[2025-10-19 03:51:24] INFO: [Recognition] Scores: S12342 - wyn=0.614 S13234 - Jin_Rae=0.622 
[2025-10-19 03:51:24] INFO: [Decision] Best=S13234 - Jin_Rae(0.622), 2nd=0.614, Discriminative=0.499, AvgNeg=0.614
[2025-10-19 03:51:24] INFO: [Thresholds] Abs=0.615, Margin=0.115(18.5%), RelMargin=1.3%, Tightness=0.846, StdDev=0.054
[2025-10-19 03:51:24] INFO: [Decision] REJECT: Abs=true, AbsMargin=false, RelMargin=false(1.3%), StrongMargin=false(10.0%), Discrim=false, Consist=false(0/5)
[2025-10-19 03:51:24] INFO: [Recognition] Scores: S12342 - wyn=0.595 S13234 - Jin_Rae=0.629 
[2025-10-19 03:51:24] INFO: [Decision] Best=S13234 - Jin_Rae(0.629), 2nd=0.595, Discriminative=0.510, AvgNeg=0.595
[2025-10-19 03:51:24] INFO: [Thresholds] Abs=0.615, Margin=0.115(18.3%), RelMargin=5.3%, Tightness=0.846, StdDev=0.054
[2025-10-19 03:51:24] INFO: [Decision] REJECT: Abs=true, AbsMargin=false, RelMargin=false(5.3%), StrongMargin=false(10.0%), Discrim=false, Consist=false(0/5)
[2025-10-19 03:51:24] INFO: [Recognition] Scores: S12342 - wyn=0.583 S13234 - Jin_Rae=0.632 
[2025-10-19 03:51:24] INFO: [Decision] Best=S13234 - Jin_Rae(0.632), 2nd=0.583, Discriminative=0.515, AvgNeg=0.583
[2025-10-19 03:51:24] INFO: [Thresholds] Abs=0.615, Margin=0.115(18.3%), RelMargin=7.7%, Tightness=0.846, StdDev=0.054
[2025-10-19 03:51:24] INFO: [Decision] REJECT: Abs=true, AbsMargin=false, RelMargin=false(7.7%), StrongMargin=false(10.0%), Discrim=false, Consist=false(0/5)
[2025-10-19 03:51:25] INFO: [Recognition] Scores: S12342 - wyn=0.555 S13234 - Jin_Rae=0.663 
[2025-10-19 03:51:25] INFO: [Decision] Best=S13234 - Jin_Rae(0.663), 2nd=0.555, Discriminative=0.552, AvgNeg=0.555
[2025-10-19 03:51:25] INFO: [Thresholds] Abs=0.615, Margin=0.115(17.4%), RelMargin=16.4%, Tightness=0.846, StdDev=0.054
[2025-10-19 03:51:25] INFO: [Decision] ACCEPT: Tier 1 - Absolute + Strong Margin (10%)
[2025-10-19 03:51:25] INFO: [Recognition] Scores: S12342 - wyn=0.582 S13234 - Jin_Rae=0.654 
[2025-10-19 03:51:25] INFO: [Decision] Best=S13234 - Jin_Rae(0.654), 2nd=0.582, Discriminative=0.537, AvgNeg=0.582
[2025-10-19 03:51:25] INFO: [Thresholds] Abs=0.615, Margin=0.115(17.6%), RelMargin=11.0%, Tightness=0.846, StdDev=0.054
[2025-10-19 03:51:25] INFO: [Decision] ACCEPT: Tier 1 - Absolute + Strong Margin (10%)
[2025-10-19 03:51:25] INFO: [Recognition] Scores: S12342 - wyn=0.623 S13234 - Jin_Rae=0.668 
[2025-10-19 03:51:25] INFO: [Decision] Best=S13234 - Jin_Rae(0.668), 2nd=0.623, Discriminative=0.544, AvgNeg=0.623
[2025-10-19 03:51:25] INFO: [Thresholds] Abs=0.615, Margin=0.115(17.3%), RelMargin=6.8%, Tightness=0.846, StdDev=0.054
[2025-10-19 03:51:25] INFO: [Decision] REJECT: Abs=true, AbsMargin=false, RelMargin=false(6.8%), StrongMargin=false(10.0%), Discrim=false, Consist=false(2/5)
[2025-10-19 03:51:25] INFO: [Recognition] Scores: S12342 - wyn=0.580 S13234 - Jin_Rae=0.665 
[2025-10-19 03:51:25] INFO: [Decision] Best=S13234 - Jin_Rae(0.665), 2nd=0.580, Discriminative=0.549, AvgNeg=0.580
[2025-10-19 03:51:25] INFO: [Thresholds] Abs=0.615, Margin=0.115(17.4%), RelMargin=12.7%, Tightness=0.846, StdDev=0.054
[2025-10-19 03:51:25] INFO: [Decision] ACCEPT: Tier 1 - Absolute + Strong Margin (10%)
[2025-10-19 03:51:26] INFO: [Recognition] Scores: S12342 - wyn=0.576 S13234 - Jin_Rae=0.655 
[2025-10-19 03:51:26] INFO: [Decision] Best=S13234 - Jin_Rae(0.655), 2nd=0.576, Discriminative=0.539, AvgNeg=0.576
[2025-10-19 03:51:26] INFO: [Thresholds] Abs=0.615, Margin=0.115(17.6%), RelMargin=12.0%, Tightness=0.846, StdDev=0.054
[2025-10-19 03:51:26] INFO: [Decision] ACCEPT: Tier 1 - Absolute + Strong Margin (10%)
[2025-10-19 03:51:26] INFO: [Recognition] Scores: S12342 - wyn=0.611 S13234 - Jin_Rae=0.640 
[2025-10-19 03:51:26] INFO: [Decision] Best=S13234 - Jin_Rae(0.640), 2nd=0.611, Discriminative=0.518, AvgNeg=0.611
[2025-10-19 03:51:26] INFO: [Thresholds] Abs=0.615, Margin=0.115(18.0%), RelMargin=4.5%, Tightness=0.846, StdDev=0.054
[2025-10-19 03:51:26] INFO: [Decision] ACCEPT: Tier 2 - Absolute + Consistency (4 frames)
[2025-10-19 03:51:26] INFO: [Recognition] Scores: S12342 - wyn=0.594 S13234 - Jin_Rae=0.629 
[2025-10-19 03:51:26] INFO: [Decision] Best=S13234 - Jin_Rae(0.629), 2nd=0.594, Discriminative=0.510, AvgNeg=0.594
[2025-10-19 03:51:26] INFO: [Thresholds] Abs=0.615, Margin=0.115(18.3%), RelMargin=5.5%, Tightness=0.846, StdDev=0.054
[2025-10-19 03:51:26] INFO: [Decision] ACCEPT: Tier 2 - Absolute + Consistency (4 frames)
[2025-10-19 03:51:26] INFO: [Recognition] Scores: S12342 - wyn=0.605 S13234 - Jin_Rae=0.616 
[2025-10-19 03:51:26] INFO: [Decision] Best=S13234 - Jin_Rae(0.616), 2nd=0.605, Discriminative=0.495, AvgNeg=0.605
[2025-10-19 03:51:26] INFO: [Thresholds] Abs=0.615, Margin=0.115(18.7%), RelMargin=1.7%, Tightness=0.846, StdDev=0.054
[2025-10-19 03:51:26] INFO: [Decision] ACCEPT: Tier 2 - Absolute + Consistency (4 frames)
[2025-10-19 03:51:26] INFO: [Recognition] Scores: S12342 - wyn=0.616 S13234 - Jin_Rae=0.627 
[2025-10-19 03:51:26] INFO: [Decision] Best=S13234 - Jin_Rae(0.627), 2nd=0.616, Discriminative=0.504, AvgNeg=0.616
[2025-10-19 03:51:26] INFO: [Thresholds] Abs=0.615, Margin=0.115(18.4%), RelMargin=1.8%, Tightness=0.846, StdDev=0.054
[2025-10-19 03:51:26] INFO: [Decision] ACCEPT: Tier 2 - Absolute + Consistency (5 frames)
[2025-10-19 03:51:27] INFO: [Recognition] Scores: S12342 - wyn=0.611 S13234 - Jin_Rae=0.626 
[2025-10-19 03:51:27] INFO: [Decision] Best=S13234 - Jin_Rae(0.626), 2nd=0.611, Discriminative=0.504, AvgNeg=0.611
[2025-10-19 03:51:27] INFO: [Thresholds] Abs=0.615, Margin=0.115(18.4%), RelMargin=2.4%, Tightness=0.846, StdDev=0.054
[2025-10-19 03:51:27] INFO: [Decision] ACCEPT: Tier 2 - Absolute + Consistency (5 frames)
[2025-10-19 03:51:27] INFO: [Recognition] Scores: S12342 - wyn=0.593 S13234 - Jin_Rae=0.632 
[2025-10-19 03:51:27] INFO: [Decision] Best=S13234 - Jin_Rae(0.632), 2nd=0.593, Discriminative=0.513, AvgNeg=0.593
[2025-10-19 03:51:27] INFO: [Thresholds] Abs=0.615, Margin=0.115(18.3%), RelMargin=6.2%, Tightness=0.846, StdDev=0.054
[2025-10-19 03:51:27] INFO: [Decision] ACCEPT: Tier 2 - Absolute + Consistency (5 frames)
[2025-10-19 03:51:27] INFO: [Recognition] Scores: S12342 - wyn=0.636 S13234 - Jin_Rae=0.640 
[2025-10-19 03:51:27] INFO: [Decision] Best=S13234 - Jin_Rae(0.640), 2nd=0.636, Discriminative=0.513, AvgNeg=0.636
[2025-10-19 03:51:27] INFO: [Thresholds] Abs=0.615, Margin=0.115(18.0%), RelMargin=0.6%, Tightness=0.846, StdDev=0.054
[2025-10-19 03:51:27] INFO: [Decision] ACCEPT: Tier 2 - Absolute + Consistency (5 frames)
[2025-10-19 03:51:27] INFO: [Recognition] Scores: S12342 - wyn=0.600 S13234 - Jin_Rae=0.649 
[2025-10-19 03:51:27] INFO: [Decision] Best=S13234 - Jin_Rae(0.649), 2nd=0.600, Discriminative=0.529, AvgNeg=0.600
[2025-10-19 03:51:27] INFO: [Thresholds] Abs=0.615, Margin=0.115(17.8%), RelMargin=7.5%, Tightness=0.846, StdDev=0.054
[2025-10-19 03:51:27] INFO: [Decision] ACCEPT: Tier 2 - Absolute + Consistency (5 frames)
[2025-10-19 03:51:28] INFO: [Recognition] Scores: S12342 - wyn=0.561 S13234 - Jin_Rae=0.643 
[2025-10-19 03:51:28] INFO: [Decision] Best=S13234 - Jin_Rae(0.643), 2nd=0.561, Discriminative=0.531, AvgNeg=0.561
[2025-10-19 03:51:28] INFO: [Thresholds] Abs=0.615, Margin=0.115(17.9%), RelMargin=12.8%, Tightness=0.846, StdDev=0.054
[2025-10-19 03:51:28] INFO: [Decision] ACCEPT: Tier 1 - Absolute + Strong Margin (10%)
[2025-10-19 03:51:28] INFO: [Recognition] Scores: S12342 - wyn=0.521 S13234 - Jin_Rae=0.613 
[2025-10-19 03:51:28] INFO: [Decision] Best=S13234 - Jin_Rae(0.613), 2nd=0.521, Discriminative=0.508, AvgNeg=0.521
[2025-10-19 03:51:28] INFO: [Thresholds] Abs=0.615, Margin=0.115(18.8%), RelMargin=14.9%, Tightness=0.846, StdDev=0.054
[2025-10-19 03:51:28] INFO: [Decision] ACCEPT: Tier 4 - Very Strong Consistency (5 frames)
[2025-10-19 03:51:28] INFO: [Recognition] Scores: S12342 - wyn=0.504 S13234 - Jin_Rae=0.606 
[2025-10-19 03:51:28] INFO: [Decision] Best=S13234 - Jin_Rae(0.606), 2nd=0.504, Discriminative=0.505, AvgNeg=0.504
[2025-10-19 03:51:28] INFO: [Thresholds] Abs=0.615, Margin=0.115(19.0%), RelMargin=16.8%, Tightness=0.846, StdDev=0.054
[2025-10-19 03:51:28] INFO: [Decision] ACCEPT: Tier 4 - Very Strong Consistency (5 frames)
[2025-10-19 03:51:28] INFO: [Recognition] Scores: S12342 - wyn=0.482 S13234 - Jin_Rae=0.592 
[2025-10-19 03:51:28] INFO: [Decision] Best=S13234 - Jin_Rae(0.592), 2nd=0.482, Discriminative=0.496, AvgNeg=0.482
[2025-10-19 03:51:28] INFO: [Thresholds] Abs=0.615, Margin=0.115(19.5%), RelMargin=18.6%, Tightness=0.846, StdDev=0.054
[2025-10-19 03:51:28] INFO: [Decision] ACCEPT: Tier 4 - Very Strong Consistency (5 frames)
[2025-10-19 03:51:28] INFO: [Recognition] Scores: S12342 - wyn=0.528 S13234 - Jin_Rae=0.624 
[2025-10-19 03:51:28] INFO: [Decision] Best=S13234 - Jin_Rae(0.624), 2nd=0.528, Discriminative=0.519, AvgNeg=0.528
[2025-10-19 03:51:28] INFO: [Thresholds] Abs=0.615, Margin=0.115(18.5%), RelMargin=15.5%, Tightness=0.846, StdDev=0.054
[2025-10-19 03:51:28] INFO: [Decision] ACCEPT: Tier 1 - Absolute + Strong Margin (10%)
[2025-10-19 03:51:29] INFO: [Recognition] Scores: S12342 - wyn=0.580 S13234 - Jin_Rae=0.608 
[2025-10-19 03:51:29] INFO: [Decision] Best=S13234 - Jin_Rae(0.608), 2nd=0.580, Discriminative=0.492, AvgNeg=0.580
[2025-10-19 03:51:29] INFO: [Thresholds] Abs=0.615, Margin=0.115(19.0%), RelMargin=4.6%, Tightness=0.846, StdDev=0.054
[2025-10-19 03:51:29] INFO: [Decision] ACCEPT: Tier 4 - Very Strong Consistency (5 frames)
[2025-10-19 03:51:29] INFO: [Recognition] Scores: S12342 - wyn=0.637 S13234 - Jin_Rae=0.623 
[2025-10-19 03:51:29] INFO: [Decision] Best=S12342 - wyn(0.637), 2nd=0.623, Discriminative=0.512, AvgNeg=0.623
[2025-10-19 03:51:29] INFO: [Thresholds] Abs=0.612, Margin=0.112(17.5%), RelMargin=2.2%, Tightness=0.884, StdDev=0.020
[2025-10-19 03:51:29] INFO: [Decision] REJECT: Abs=true, AbsMargin=false, RelMargin=false(2.2%), StrongMargin=false(10.0%), Discrim=false, Consist=false(0/5)
[2025-10-19 03:51:29] INFO: [Recognition] Scores: S12342 - wyn=0.676 S13234 - Jin_Rae=0.622 
[2025-10-19 03:51:29] INFO: [Decision] Best=S12342 - wyn(0.676), 2nd=0.622, Discriminative=0.552, AvgNeg=0.622
[2025-10-19 03:51:29] INFO: [Thresholds] Abs=0.612, Margin=0.112(16.5%), RelMargin=8.1%, Tightness=0.884, StdDev=0.020
[2025-10-19 03:51:29] INFO: [Decision] REJECT: Abs=true, AbsMargin=false, RelMargin=false(8.1%), StrongMargin=false(10.0%), Discrim=false, Consist=false(0/5)
[2025-10-19 03:51:29] INFO: [Recognition] Scores: S12342 - wyn=0.743 S13234 - Jin_Rae=0.610 
[2025-10-19 03:51:29] INFO: [Decision] Best=S12342 - wyn(0.743), 2nd=0.610, Discriminative=0.621, AvgNeg=0.610
[2025-10-19 03:51:29] INFO: [Thresholds] Abs=0.612, Margin=0.112(15.0%), RelMargin=18.0%, Tightness=0.884, StdDev=0.020
[2025-10-19 03:51:29] INFO: [Decision] ACCEPT: Tier 1 - Absolute + Strong Margin (10%)
[2025-10-19 03:51:30] INFO: [Recognition] Scores: S12342 - wyn=0.697 S13234 - Jin_Rae=0.592 
[2025-10-19 03:51:30] INFO: [Decision] Best=S12342 - wyn(0.697), 2nd=0.592, Discriminative=0.579, AvgNeg=0.592
[2025-10-19 03:51:30] INFO: [Thresholds] Abs=0.612, Margin=0.112(16.0%), RelMargin=15.1%, Tightness=0.884, StdDev=0.020
[2025-10-19 03:51:30] INFO: [Decision] ACCEPT: Tier 1 - Absolute + Strong Margin (10%)
[2025-10-19 03:51:30] INFO: [Recognition] Scores: S12342 - wyn=0.714 S13234 - Jin_Rae=0.566 
[2025-10-19 03:51:30] INFO: [Decision] Best=S12342 - wyn(0.714), 2nd=0.566, Discriminative=0.601, AvgNeg=0.566
[2025-10-19 03:51:30] INFO: [Thresholds] Abs=0.612, Margin=0.112(15.6%), RelMargin=20.7%, Tightness=0.884, StdDev=0.020
[2025-10-19 03:51:30] INFO: [Decision] ACCEPT: Tier 1 - Absolute + Strong Margin (10%)
[2025-10-19 03:51:30] INFO: [Recognition] Scores: S12342 - wyn=0.754 S13234 - Jin_Rae=0.534 
[2025-10-19 03:51:30] INFO: [Decision] Best=S12342 - wyn(0.754), 2nd=0.534, Discriminative=0.647, AvgNeg=0.534
[2025-10-19 03:51:30] INFO: [Thresholds] Abs=0.612, Margin=0.112(14.8%), RelMargin=29.2%, Tightness=0.884, StdDev=0.020
[2025-10-19 03:51:30] INFO: [Decision] ACCEPT: Tier 1 - Absolute + Strong Margin (10%)
[2025-10-19 03:51:30] INFO: [Recognition] Scores: S12342 - wyn=0.758 S13234 - Jin_Rae=0.554 
[2025-10-19 03:51:30] INFO: [Decision] Best=S12342 - wyn(0.758), 2nd=0.554, Discriminative=0.647, AvgNeg=0.554
[2025-10-19 03:51:30] INFO: [Thresholds] Abs=0.612, Margin=0.112(14.7%), RelMargin=26.9%, Tightness=0.884, StdDev=0.020
[2025-10-19 03:51:30] INFO: [Decision] ACCEPT: Tier 1 - Absolute + Strong Margin (10%)
[2025-10-19 03:51:30] INFO: [Recognition] Scores: S12342 - wyn=0.747 S13234 - Jin_Rae=0.535 
[2025-10-19 03:51:30] INFO: [Decision] Best=S12342 - wyn(0.747), 2nd=0.535, Discriminative=0.640, AvgNeg=0.535
[2025-10-19 03:51:30] INFO: [Thresholds] Abs=0.612, Margin=0.112(14.9%), RelMargin=28.4%, Tightness=0.884, StdDev=0.020
[2025-10-19 03:51:30] INFO: [Decision] ACCEPT: Tier 1 - Absolute + Strong Margin (10%)
[2025-10-19 03:51:31] INFO: [Recognition] Scores: S12342 - wyn=0.768 S13234 - Jin_Rae=0.538 
[2025-10-19 03:51:31] INFO: [Decision] Best=S12342 - wyn(0.768), 2nd=0.538, Discriminative=0.661, AvgNeg=0.538
[2025-10-19 03:51:31] INFO: [Thresholds] Abs=0.612, Margin=0.112(14.5%), RelMargin=30.0%, Tightness=0.884, StdDev=0.020
[2025-10-19 03:51:31] INFO: [Decision] ACCEPT: Tier 1 - Absolute + Strong Margin (10%)
[2025-10-19 03:51:31] INFO: [Recognition] Scores: S12342 - wyn=0.763 S13234 - Jin_Rae=0.552 
[2025-10-19 03:51:31] INFO: [Decision] Best=S12342 - wyn(0.763), 2nd=0.552, Discriminative=0.652, AvgNeg=0.552
[2025-10-19 03:51:31] INFO: [Thresholds] Abs=0.612, Margin=0.112(14.6%), RelMargin=27.6%, Tightness=0.884, StdDev=0.020
[2025-10-19 03:51:31] INFO: [Decision] ACCEPT: Tier 1 - Absolute + Strong Margin (10%)
[2025-10-19 03:51:31] INFO: [Recognition] Scores: S12342 - wyn=0.778 S13234 - Jin_Rae=0.539 
[2025-10-19 03:51:31] INFO: [Decision] Best=S12342 - wyn(0.778), 2nd=0.539, Discriminative=0.671, AvgNeg=0.539
[2025-10-19 03:51:31] INFO: [Thresholds] Abs=0.612, Margin=0.112(14.3%), RelMargin=30.7%, Tightness=0.884, StdDev=0.020
[2025-10-19 03:51:31] INFO: [Decision] ACCEPT: Tier 1 - Absolute + Strong Margin (10%)
[2025-10-19 03:51:31] INFO: [Recognition] Scores: S12342 - wyn=0.757 S13234 - Jin_Rae=0.522 
[2025-10-19 03:51:31] INFO: [Decision] Best=S12342 - wyn(0.757), 2nd=0.522, Discriminative=0.653, AvgNeg=0.522
[2025-10-19 03:51:31] INFO: [Thresholds] Abs=0.612, Margin=0.112(14.7%), RelMargin=31.1%, Tightness=0.884, StdDev=0.020
[2025-10-19 03:51:31] INFO: [Decision] ACCEPT: Tier 1 - Absolute + Strong Margin (10%)
[2025-10-19 03:51:31] INFO: [Recognition] Scores: S12342 - wyn=0.754 S13234 - Jin_Rae=0.502 
[2025-10-19 03:51:31] INFO: [Decision] Best=S12342 - wyn(0.754), 2nd=0.502, Discriminative=0.654, AvgNeg=0.502
[2025-10-19 03:51:31] INFO: [Thresholds] Abs=0.612, Margin=0.112(14.8%), RelMargin=33.4%, Tightness=0.884, StdDev=0.020
[2025-10-19 03:51:31] INFO: [Decision] ACCEPT: Tier 1 - Absolute + Strong Margin (10%)
[2025-10-19 03:51:32] INFO: [Recognition] Scores: S12342 - wyn=0.739 S13234 - Jin_Rae=0.483 
[2025-10-19 03:51:32] INFO: [Decision] Best=S12342 - wyn(0.739), 2nd=0.483, Discriminative=0.642, AvgNeg=0.483
[2025-10-19 03:51:32] INFO: [Thresholds] Abs=0.612, Margin=0.112(15.1%), RelMargin=34.7%, Tightness=0.884, StdDev=0.020
[2025-10-19 03:51:32] INFO: [Decision] ACCEPT: Tier 1 - Absolute + Strong Margin (10%)
[2025-10-19 03:51:32] INFO: [Recognition] Scores: S12342 - wyn=0.781 S13234 - Jin_Rae=0.548 
[2025-10-19 03:51:32] INFO: [Decision] Best=S12342 - wyn(0.781), 2nd=0.548, Discriminative=0.672, AvgNeg=0.548
[2025-10-19 03:51:32] INFO: [Thresholds] Abs=0.612, Margin=0.112(14.3%), RelMargin=29.9%, Tightness=0.884, StdDev=0.020
[2025-10-19 03:51:32] INFO: [Decision] ACCEPT: Tier 1 - Absolute + Strong Margin (10%)
[2025-10-19 03:51:32] INFO: [Recognition] Scores: S12342 - wyn=0.730 S13234 - Jin_Rae=0.486 
[2025-10-19 03:51:32] INFO: [Decision] Best=S12342 - wyn(0.730), 2nd=0.486, Discriminative=0.633, AvgNeg=0.486
[2025-10-19 03:51:32] INFO: [Thresholds] Abs=0.612, Margin=0.112(15.3%), RelMargin=33.5%, Tightness=0.884, StdDev=0.020
[2025-10-19 03:51:32] INFO: [Decision] ACCEPT: Tier 1 - Absolute + Strong Margin (10%)
[2025-10-19 03:51:32] INFO: [Recognition] Scores: S12342 - wyn=0.735 S13234 - Jin_Rae=0.493 
[2025-10-19 03:51:32] INFO: [Decision] Best=S12342 - wyn(0.735), 2nd=0.493, Discriminative=0.637, AvgNeg=0.493
[2025-10-19 03:51:32] INFO: [Thresholds] Abs=0.612, Margin=0.112(15.2%), RelMargin=33.0%, Tightness=0.884, StdDev=0.020
[2025-10-19 03:51:32] INFO: [Decision] ACCEPT: Tier 1 - Absolute + Strong Margin (10%)
[2025-10-19 03:51:33] INFO: [Recognition] Scores: S12342 - wyn=0.730 S13234 - Jin_Rae=0.627 
[2025-10-19 03:51:33] INFO: [Decision] Best=S12342 - wyn(0.730), 2nd=0.627, Discriminative=0.604, AvgNeg=0.627
[2025-10-19 03:51:33] INFO: [Thresholds] Abs=0.612, Margin=0.112(15.3%), RelMargin=14.0%, Tightness=0.884, StdDev=0.020
[2025-10-19 03:51:33] INFO: [Decision] ACCEPT: Tier 1 - Absolute + Strong Margin (10%)
[2025-10-19 03:51:33] INFO: [Recognition] Scores: S12342 - wyn=0.696 S13234 - Jin_Rae=0.564 
[2025-10-19 03:51:33] INFO: [Decision] Best=S12342 - wyn(0.696), 2nd=0.564, Discriminative=0.583, AvgNeg=0.564
[2025-10-19 03:51:33] INFO: [Thresholds] Abs=0.612, Margin=0.112(16.0%), RelMargin=18.9%, Tightness=0.884, StdDev=0.020
[2025-10-19 03:51:33] INFO: [Decision] ACCEPT: Tier 1 - Absolute + Strong Margin (10%)
[2025-10-19 03:51:33] INFO: [Recognition] Scores: S12342 - wyn=0.652 S13234 - Jin_Rae=0.550 
[2025-10-19 03:51:33] INFO: [Decision] Best=S12342 - wyn(0.652), 2nd=0.550, Discriminative=0.542, AvgNeg=0.550
[2025-10-19 03:51:33] INFO: [Thresholds] Abs=0.612, Margin=0.112(17.1%), RelMargin=15.6%, Tightness=0.884, StdDev=0.020
[2025-10-19 03:51:33] INFO: [Decision] ACCEPT: Tier 1 - Absolute + Strong Margin (10%)
[2025-10-19 03:51:33] INFO: [Recognition] Scores: S12342 - wyn=0.618 S13234 - Jin_Rae=0.553 
[2025-10-19 03:51:33] INFO: [Decision] Best=S12342 - wyn(0.618), 2nd=0.553, Discriminative=0.508, AvgNeg=0.553
[2025-10-19 03:51:33] INFO: [Thresholds] Abs=0.612, Margin=0.112(18.1%), RelMargin=10.5%, Tightness=0.884, StdDev=0.020
[2025-10-19 03:51:33] INFO: [Decision] ACCEPT: Tier 1 - Absolute + Strong Margin (10%)
[2025-10-19 03:51:33] INFO: [Recognition] Scores: S12342 - wyn=0.563 S13234 - Jin_Rae=0.558 
[2025-10-19 03:51:33] INFO: [Decision] Best=S12342 - wyn(0.563), 2nd=0.558, Discriminative=0.451, AvgNeg=0.558
[2025-10-19 03:51:33] INFO: [Thresholds] Abs=0.612, Margin=0.112(19.8%), RelMargin=0.9%, Tightness=0.884, StdDev=0.020
[2025-10-19 03:51:33] INFO: [Decision] ACCEPT: Tier 4 - Very Strong Consistency (5 frames)
[2025-10-19 03:51:34] INFO: [Recognition] Scores: S12342 - wyn=0.554 S13234 - Jin_Rae=0.532 
[2025-10-19 03:51:34] INFO: [Decision] Best=S12342 - wyn(0.554), 2nd=0.532, Discriminative=0.448, AvgNeg=0.532
[2025-10-19 03:51:34] INFO: [Thresholds] Abs=0.612, Margin=0.112(20.1%), RelMargin=4.0%, Tightness=0.884, StdDev=0.020
[2025-10-19 03:51:34] INFO: [Decision] ACCEPT: Tier 4 - Very Strong Consistency (5 frames)
[2025-10-19 03:51:34] INFO: [Recognition] Scores: S12342 - wyn=0.559 S13234 - Jin_Rae=0.528 
[2025-10-19 03:51:34] INFO: [Decision] Best=S12342 - wyn(0.559), 2nd=0.528, Discriminative=0.454, AvgNeg=0.528
[2025-10-19 03:51:34] INFO: [Thresholds] Abs=0.612, Margin=0.112(20.0%), RelMargin=5.6%, Tightness=0.884, StdDev=0.020
[2025-10-19 03:51:34] INFO: [Decision] ACCEPT: Tier 4 - Very Strong Consistency (5 frames)
[2025-10-19 03:51:34] INFO: [Recognition] Scores: S12342 - wyn=0.539 S13234 - Jin_Rae=0.528 
[2025-10-19 03:51:34] INFO: [Decision] Best=S12342 - wyn(0.539), 2nd=0.528, Discriminative=0.433, AvgNeg=0.528
[2025-10-19 03:51:34] INFO: [Thresholds] Abs=0.612, Margin=0.112(20.7%), RelMargin=2.0%, Tightness=0.884, StdDev=0.020
[2025-10-19 03:51:34] INFO: [Decision] ACCEPT: Tier 4 - Very Strong Consistency (5 frames)
[2025-10-19 03:51:34] INFO: [Recognition] Scores: S12342 - wyn=0.587 S13234 - Jin_Rae=0.527 
[2025-10-19 03:51:34] INFO: [Decision] Best=S12342 - wyn(0.587), 2nd=0.527, Discriminative=0.482, AvgNeg=0.527
[2025-10-19 03:51:34] INFO: [Thresholds] Abs=0.612, Margin=0.112(19.0%), RelMargin=10.3%, Tightness=0.884, StdDev=0.020
[2025-10-19 03:51:34] INFO: [Decision] ACCEPT: Tier 4 - Very Strong Consistency (5 frames)
[2025-10-19 03:51:35] INFO: [Recognition] Scores: S12342 - wyn=0.564 S13234 - Jin_Rae=0.568 
[2025-10-19 03:51:35] INFO: [Decision] Best=S13234 - Jin_Rae(0.568), 2nd=0.564, Discriminative=0.455, AvgNeg=0.564
[2025-10-19 03:51:35] INFO: [Thresholds] Abs=0.615, Margin=0.115(20.3%), RelMargin=0.7%, Tightness=0.846, StdDev=0.054
[2025-10-19 03:51:35] INFO: [Decision] REJECT: Abs=false, AbsMargin=false, RelMargin=false(0.7%), StrongMargin=false(10.0%), Discrim=false, Consist=false(0/5)
[2025-10-19 03:51:35] INFO: [Recognition] Scores: S12342 - wyn=0.584 S13234 - Jin_Rae=0.525 
[2025-10-19 03:51:35] INFO: [Decision] Best=S12342 - wyn(0.584), 2nd=0.525, Discriminative=0.479, AvgNeg=0.525
[2025-10-19 03:51:35] INFO: [Thresholds] Abs=0.612, Margin=0.112(19.1%), RelMargin=10.0%, Tightness=0.884, StdDev=0.020
[2025-10-19 03:51:35] INFO: [Decision] REJECT: Abs=false, AbsMargin=false, RelMargin=false(10.0%), StrongMargin=true(10.0%), Discrim=false, Consist=true(4/5)
[2025-10-19 03:51:35] INFO: [Recognition] Scores: S12342 - wyn=0.564 S13234 - Jin_Rae=0.513 
[2025-10-19 03:51:35] INFO: [Decision] Best=S12342 - wyn(0.564), 2nd=0.513, Discriminative=0.461, AvgNeg=0.513
[2025-10-19 03:51:35] INFO: [Thresholds] Abs=0.612, Margin=0.112(19.8%), RelMargin=8.9%, Tightness=0.884, StdDev=0.020
[2025-10-19 03:51:35] INFO: [Decision] REJECT: Abs=false, AbsMargin=false, RelMargin=false(8.9%), StrongMargin=false(10.0%), Discrim=false, Consist=true(3/5)
[2025-10-19 03:51:35] INFO: [Recognition] Scores: S12342 - wyn=0.561 S13234 - Jin_Rae=0.503 
[2025-10-19 03:51:35] INFO: [Decision] Best=S12342 - wyn(0.561), 2nd=0.503, Discriminative=0.460, AvgNeg=0.503
[2025-10-19 03:51:35] INFO: [Thresholds] Abs=0.612, Margin=0.112(19.9%), RelMargin=10.3%, Tightness=0.884, StdDev=0.020
[2025-10-19 03:51:35] INFO: [Decision] REJECT: Abs=false, AbsMargin=false, RelMargin=false(10.3%), StrongMargin=true(10.0%), Discrim=false, Consist=false(2/5)
[2025-10-19 03:51:36] INFO: [Recognition] Scores: S12342 - wyn=0.540 S13234 - Jin_Rae=0.500 
[2025-10-19 03:51:36] INFO: [Decision] Best=S12342 - wyn(0.540), 2nd=0.500, Discriminative=0.440, AvgNeg=0.500
[2025-10-19 03:51:36] INFO: [Thresholds] Abs=0.612, Margin=0.112(20.7%), RelMargin=7.3%, Tightness=0.884, StdDev=0.020
[2025-10-19 03:51:36] INFO: [Decision] REJECT: Abs=false, AbsMargin=false, RelMargin=false(7.3%), StrongMargin=false(10.0%), Discrim=false, Consist=false(1/5)
[2025-10-19 03:51:36] INFO: [Recognition] Scores: S12342 - wyn=0.565 S13234 - Jin_Rae=0.534 
[2025-10-19 03:51:36] INFO: [Decision] Best=S12342 - wyn(0.565), 2nd=0.534, Discriminative=0.459, AvgNeg=0.534
[2025-10-19 03:51:36] INFO: [Thresholds] Abs=0.612, Margin=0.112(19.7%), RelMargin=5.6%, Tightness=0.884, StdDev=0.020
[2025-10-19 03:51:36] INFO: [Decision] REJECT: Abs=false, AbsMargin=false, RelMargin=false(5.6%), StrongMargin=false(10.0%), Discrim=false, Consist=false(0/5)
[2025-10-19 03:51:36] INFO: [Recognition] Scores: S12342 - wyn=0.547 S13234 - Jin_Rae=0.508 
[2025-10-19 03:51:36] INFO: [Decision] Best=S12342 - wyn(0.547), 2nd=0.508, Discriminative=0.446, AvgNeg=0.508
[2025-10-19 03:51:36] INFO: [Thresholds] Abs=0.612, Margin=0.112(20.4%), RelMargin=7.1%, Tightness=0.884, StdDev=0.020
[2025-10-19 03:51:36] INFO: [Decision] REJECT: Abs=false, AbsMargin=false, RelMargin=false(7.1%), StrongMargin=false(10.0%), Discrim=false, Consist=false(0/5)
[2025-10-19 03:51:36] INFO: [Recognition] Scores: S12342 - wyn=0.555 S13234 - Jin_Rae=0.509 
[2025-10-19 03:51:36] INFO: [Decision] Best=S12342 - wyn(0.555), 2nd=0.509, Discriminative=0.454, AvgNeg=0.509
[2025-10-19 03:51:36] INFO: [Thresholds] Abs=0.612, Margin=0.112(20.1%), RelMargin=8.3%, Tightness=0.884, StdDev=0.020
[2025-10-19 03:51:36] INFO: [Decision] REJECT: Abs=false, AbsMargin=false, RelMargin=false(8.3%), StrongMargin=false(10.0%), Discrim=false, Consist=false(0/5)
[2025-10-19 03:51:36] INFO: [Recognition] Scores: S12342 - wyn=0.558 S13234 - Jin_Rae=0.514 
[2025-10-19 03:51:36] INFO: [Decision] Best=S12342 - wyn(0.558), 2nd=0.514, Discriminative=0.455, AvgNeg=0.514
[2025-10-19 03:51:36] INFO: [Thresholds] Abs=0.612, Margin=0.112(20.0%), RelMargin=7.8%, Tightness=0.884, StdDev=0.020
[2025-10-19 03:51:36] INFO: [Decision] REJECT: Abs=false, AbsMargin=false, RelMargin=false(7.8%), StrongMargin=false(10.0%), Discrim=false, Consist=false(0/5)
[2025-10-19 03:51:37] INFO: [Recognition] Scores: S12342 - wyn=0.635 S13234 - Jin_Rae=0.578 
[2025-10-19 03:51:37] INFO: [Decision] Best=S12342 - wyn(0.635), 2nd=0.578, Discriminative=0.519, AvgNeg=0.578
[2025-10-19 03:51:37] INFO: [Thresholds] Abs=0.612, Margin=0.112(17.6%), RelMargin=8.9%, Tightness=0.884, StdDev=0.020
[2025-10-19 03:51:37] INFO: [Decision] REJECT: Abs=true, AbsMargin=false, RelMargin=false(8.9%), StrongMargin=false(10.0%), Discrim=false, Consist=false(0/5)
[2025-10-19 03:51:37] INFO: [Recognition] Scores: S12342 - wyn=0.579 S13234 - Jin_Rae=0.536 
[2025-10-19 03:51:37] INFO: [Decision] Best=S12342 - wyn(0.579), 2nd=0.536, Discriminative=0.471, AvgNeg=0.536
[2025-10-19 03:51:37] INFO: [Thresholds] Abs=0.612, Margin=0.112(19.3%), RelMargin=7.3%, Tightness=0.884, StdDev=0.020
[2025-10-19 03:51:37] INFO: [Decision] REJECT: Abs=false, AbsMargin=false, RelMargin=false(7.3%), StrongMargin=false(10.0%), Discrim=false, Consist=false(0/5)
[2025-10-19 03:51:37] INFO: [Recognition] Scores: S12342 - wyn=0.620 S13234 - Jin_Rae=0.527 
[2025-10-19 03:51:37] INFO: [Decision] Best=S12342 - wyn(0.620), 2nd=0.527, Discriminative=0.514, AvgNeg=0.527
[2025-10-19 03:51:37] INFO: [Thresholds] Abs=0.612, Margin=0.112(18.0%), RelMargin=14.9%, Tightness=0.884, StdDev=0.020
[2025-10-19 03:51:37] INFO: [Decision] ACCEPT: Tier 1 - Absolute + Strong Margin (10%)
[2025-10-19 03:51:37] INFO: [Recognition] Scores: S12342 - wyn=0.710 S13234 - Jin_Rae=0.530 
[2025-10-19 03:51:37] INFO: [Decision] Best=S12342 - wyn(0.710), 2nd=0.530, Discriminative=0.604, AvgNeg=0.530
[2025-10-19 03:51:37] INFO: [Thresholds] Abs=0.612, Margin=0.112(15.7%), RelMargin=25.3%, Tightness=0.884, StdDev=0.020
[2025-10-19 03:51:37] INFO: [Decision] ACCEPT: Tier 1 - Absolute + Strong Margin (10%)
[2025-10-19 03:51:38] INFO: [Recognition] Scores: S12342 - wyn=0.709 S13234 - Jin_Rae=0.513 
[2025-10-19 03:51:38] INFO: [Decision] Best=S12342 - wyn(0.709), 2nd=0.513, Discriminative=0.607, AvgNeg=0.513
[2025-10-19 03:51:38] INFO: [Thresholds] Abs=0.612, Margin=0.112(15.7%), RelMargin=27.7%, Tightness=0.884, StdDev=0.020
[2025-10-19 03:51:38] INFO: [Decision] ACCEPT: Tier 1 - Absolute + Strong Margin (10%)
[2025-10-19 03:51:38] INFO: [Recognition] Scores: S12342 - wyn=0.682 S13234 - Jin_Rae=0.541 
[2025-10-19 03:51:38] INFO: [Decision] Best=S12342 - wyn(0.682), 2nd=0.541, Discriminative=0.574, AvgNeg=0.541
[2025-10-19 03:51:38] INFO: [Thresholds] Abs=0.612, Margin=0.112(16.4%), RelMargin=20.7%, Tightness=0.884, StdDev=0.020
[2025-10-19 03:51:38] INFO: [Decision] ACCEPT: Tier 1 - Absolute + Strong Margin (10%)
[2025-10-19 03:51:38] INFO: [Recognition] Scores: S12342 - wyn=0.729 S13234 - Jin_Rae=0.513 
[2025-10-19 03:51:38] INFO: [Decision] Best=S12342 - wyn(0.729), 2nd=0.513, Discriminative=0.626, AvgNeg=0.513
[2025-10-19 03:51:38] INFO: [Thresholds] Abs=0.612, Margin=0.112(15.3%), RelMargin=29.7%, Tightness=0.884, StdDev=0.020
[2025-10-19 03:51:38] INFO: [Decision] ACCEPT: Tier 1 - Absolute + Strong Margin (10%)
[2025-10-19 03:51:38] INFO: [Recognition] Scores: S12342 - wyn=0.706 S13234 - Jin_Rae=0.533 
[2025-10-19 03:51:38] INFO: [Decision] Best=S12342 - wyn(0.706), 2nd=0.533, Discriminative=0.600, AvgNeg=0.533
[2025-10-19 03:51:38] INFO: [Thresholds] Abs=0.612, Margin=0.112(15.8%), RelMargin=24.6%, Tightness=0.884, StdDev=0.020
[2025-10-19 03:51:38] INFO: [Decision] ACCEPT: Tier 1 - Absolute + Strong Margin (10%)
[2025-10-19 03:51:38] INFO: [Recognition] Scores: S12342 - wyn=0.711 S13234 - Jin_Rae=0.549 
[2025-10-19 03:51:38] INFO: [Decision] Best=S12342 - wyn(0.711), 2nd=0.549, Discriminative=0.601, AvgNeg=0.549
[2025-10-19 03:51:38] INFO: [Thresholds] Abs=0.612, Margin=0.112(15.7%), RelMargin=22.8%, Tightness=0.884, StdDev=0.020
[2025-10-19 03:51:38] INFO: [Decision] ACCEPT: Tier 1 - Absolute + Strong Margin (10%)
[2025-10-19 03:51:39] INFO: Exiting Face Recognition Demo...
[2025-10-19 03:51:39] INFO: Exiting Face Recognition Demo...
