[2025-10-19 02:51:46] INFO: Application Logger Initialized.
[2025-10-19 02:51:46] INFO: Configuration and core components loaded.
[2025-10-19 02:51:46] INFO: Configuration loaded from classpath: app.properties
[2025-10-19 02:51:46] INFO: Configuration file loaded
[2025-10-19 02:51:46] INFO: MyGUIProgram Started!
[2025-10-19 02:51:47] INFO: Face embedding model loaded successfully
[2025-10-19 02:51:47] INFO: === Folder debug ===
[2025-10-19 02:51:47] INFO: Found folder: C:\SMU\CS102 Project\FaceRecognitionCS102\data\facedata\S12342_wyn
[2025-10-19 02:51:47] INFO:   Contains: 26 items
[2025-10-19 02:51:47] INFO:   Display label: S12342 - wyn
[2025-10-19 02:51:47] INFO: Found folder: C:\SMU\CS102 Project\FaceRecognitionCS102\data\facedata\S13234_Jin_Rae
[2025-10-19 02:51:47] INFO:   Contains: 26 items
[2025-10-19 02:51:47] INFO:   Display label: S13234 - Jin_Rae
[2025-10-19 02:51:47] INFO: ====================
[2025-10-19 02:51:47] INFO: Person S12342 - wyn: tightness=0.884, stdDev=0.020, absThresh=0.612, margin=0.112
[2025-10-19 02:51:47] INFO: Person S13234 - Jin_Rae: tightness=0.883, stdDev=0.039, absThresh=0.612, margin=0.112
[2025-10-19 02:51:48] INFO: DNN face detector loaded successfully for recognition
[2025-10-19 02:51:48] INFO: Attempting to open camera with DSHOW backend...
[2025-10-19 02:51:48] INFO: Camera opened successfully with DSHOW backend
[2025-10-19 02:51:49] INFO: Camera configured: 640x480 @ 30fps with MJPEG codec
[2025-10-19 02:51:49] INFO: Camera initialized successfully
[2025-10-19 02:51:50] INFO: [Recognition] Scores: S12342 - wyn=0.635 S13234 - Jin_Rae=0.783 
[2025-10-19 02:51:50] INFO: [Decision] Best=S13234 - Jin_Rae(0.783), 2nd=0.635, Discriminative=0.657, AvgNeg=0.635
[2025-10-19 02:51:50] INFO: [Thresholds] Abs=0.612, Margin=0.112(14.3%), RelMargin=19.0%, Tightness=0.883, StdDev=0.039
[2025-10-19 02:51:50] INFO: [Decision] ACCEPT: Tier 1 - Absolute + Strong Margin (10%)
[2025-10-19 02:51:50] INFO: [Recognition] Scores: S12342 - wyn=0.540 S13234 - Jin_Rae=0.773 
[2025-10-19 02:51:50] INFO: [Decision] Best=S13234 - Jin_Rae(0.773), 2nd=0.540, Discriminative=0.665, AvgNeg=0.540
[2025-10-19 02:51:50] INFO: [Thresholds] Abs=0.612, Margin=0.112(14.5%), RelMargin=30.1%, Tightness=0.883, StdDev=0.039
[2025-10-19 02:51:50] INFO: [Decision] ACCEPT: Tier 1 - Absolute + Strong Margin (10%)
[2025-10-19 02:51:50] INFO: [Recognition] Scores: S12342 - wyn=0.486 S13234 - Jin_Rae=0.744 
[2025-10-19 02:51:50] INFO: [Decision] Best=S13234 - Jin_Rae(0.744), 2nd=0.486, Discriminative=0.647, AvgNeg=0.486
[2025-10-19 02:51:50] INFO: [Thresholds] Abs=0.612, Margin=0.112(15.0%), RelMargin=34.7%, Tightness=0.883, StdDev=0.039
[2025-10-19 02:51:50] INFO: [Decision] ACCEPT: Tier 1 - Absolute + Strong Margin (10%)
[2025-10-19 02:51:50] INFO: [Recognition] Scores: S12342 - wyn=0.495 S13234 - Jin_Rae=0.754 
[2025-10-19 02:51:50] INFO: [Decision] Best=S13234 - Jin_Rae(0.754), 2nd=0.495, Discriminative=0.655, AvgNeg=0.495
[2025-10-19 02:51:50] INFO: [Thresholds] Abs=0.612, Margin=0.112(14.8%), RelMargin=34.4%, Tightness=0.883, StdDev=0.039
[2025-10-19 02:51:50] INFO: [Decision] ACCEPT: Tier 1 - Absolute + Strong Margin (10%)
[2025-10-19 02:51:51] INFO: [Recognition] Scores: S12342 - wyn=0.489 S13234 - Jin_Rae=0.753 
[2025-10-19 02:51:51] INFO: [Decision] Best=S13234 - Jin_Rae(0.753), 2nd=0.489, Discriminative=0.655, AvgNeg=0.489
[2025-10-19 02:51:51] INFO: [Thresholds] Abs=0.612, Margin=0.112(14.8%), RelMargin=35.0%, Tightness=0.883, StdDev=0.039
[2025-10-19 02:51:51] INFO: [Decision] ACCEPT: Tier 1 - Absolute + Strong Margin (10%)
[2025-10-19 02:51:51] INFO: [Recognition] Scores: S12342 - wyn=0.535 S13234 - Jin_Rae=0.751 
[2025-10-19 02:51:51] INFO: [Decision] Best=S13234 - Jin_Rae(0.751), 2nd=0.535, Discriminative=0.644, AvgNeg=0.535
[2025-10-19 02:51:51] INFO: [Thresholds] Abs=0.612, Margin=0.112(14.9%), RelMargin=28.8%, Tightness=0.883, StdDev=0.039
[2025-10-19 02:51:51] INFO: [Decision] ACCEPT: Tier 1 - Absolute + Strong Margin (10%)
[2025-10-19 02:51:51] INFO: [Recognition] Scores: S12342 - wyn=0.472 S13234 - Jin_Rae=0.733 
[2025-10-19 02:51:51] INFO: [Decision] Best=S13234 - Jin_Rae(0.733), 2nd=0.472, Discriminative=0.639, AvgNeg=0.472
[2025-10-19 02:51:51] INFO: [Thresholds] Abs=0.612, Margin=0.112(15.2%), RelMargin=35.7%, Tightness=0.883, StdDev=0.039
[2025-10-19 02:51:51] INFO: [Decision] ACCEPT: Tier 1 - Absolute + Strong Margin (10%)
[2025-10-19 02:51:51] INFO: [Recognition] Scores: S12342 - wyn=0.480 S13234 - Jin_Rae=0.735 
[2025-10-19 02:51:51] INFO: [Decision] Best=S13234 - Jin_Rae(0.735), 2nd=0.480, Discriminative=0.639, AvgNeg=0.480
[2025-10-19 02:51:51] INFO: [Thresholds] Abs=0.612, Margin=0.112(15.2%), RelMargin=34.7%, Tightness=0.883, StdDev=0.039
[2025-10-19 02:51:51] INFO: [Decision] ACCEPT: Tier 1 - Absolute + Strong Margin (10%)
[2025-10-19 02:51:51] INFO: [Recognition] Scores: S12342 - wyn=0.469 S13234 - Jin_Rae=0.729 
[2025-10-19 02:51:51] INFO: [Decision] Best=S13234 - Jin_Rae(0.729), 2nd=0.469, Discriminative=0.635, AvgNeg=0.469
[2025-10-19 02:51:51] INFO: [Thresholds] Abs=0.612, Margin=0.112(15.3%), RelMargin=35.7%, Tightness=0.883, StdDev=0.039
[2025-10-19 02:51:51] INFO: [Decision] ACCEPT: Tier 1 - Absolute + Strong Margin (10%)
[2025-10-19 02:51:52] INFO: [Recognition] Scores: S12342 - wyn=0.484 S13234 - Jin_Rae=0.734 
[2025-10-19 02:51:52] INFO: [Decision] Best=S13234 - Jin_Rae(0.734), 2nd=0.484, Discriminative=0.637, AvgNeg=0.484
[2025-10-19 02:51:52] INFO: [Thresholds] Abs=0.612, Margin=0.112(15.2%), RelMargin=34.1%, Tightness=0.883, StdDev=0.039
[2025-10-19 02:51:52] INFO: [Decision] ACCEPT: Tier 1 - Absolute + Strong Margin (10%)
[2025-10-19 02:51:52] INFO: [Recognition] Scores: S12342 - wyn=0.427 S13234 - Jin_Rae=0.696 
[2025-10-19 02:51:52] INFO: [Decision] Best=S13234 - Jin_Rae(0.696), 2nd=0.427, Discriminative=0.611, AvgNeg=0.427
[2025-10-19 02:51:52] INFO: [Thresholds] Abs=0.612, Margin=0.112(16.0%), RelMargin=38.6%, Tightness=0.883, StdDev=0.039
[2025-10-19 02:51:52] INFO: [Decision] ACCEPT: Tier 1 - Absolute + Strong Margin (10%)
[2025-10-19 02:51:52] INFO: [Recognition] Scores: S12342 - wyn=0.489 S13234 - Jin_Rae=0.752 
[2025-10-19 02:51:52] INFO: [Decision] Best=S13234 - Jin_Rae(0.752), 2nd=0.489, Discriminative=0.654, AvgNeg=0.489
[2025-10-19 02:51:52] INFO: [Thresholds] Abs=0.612, Margin=0.112(14.8%), RelMargin=35.0%, Tightness=0.883, StdDev=0.039
[2025-10-19 02:51:52] INFO: [Decision] ACCEPT: Tier 1 - Absolute + Strong Margin (10%)
[2025-10-19 02:51:52] INFO: [Recognition] Scores: S12342 - wyn=0.439 S13234 - Jin_Rae=0.715 
[2025-10-19 02:51:52] INFO: [Decision] Best=S13234 - Jin_Rae(0.715), 2nd=0.439, Discriminative=0.627, AvgNeg=0.439
[2025-10-19 02:51:52] INFO: [Thresholds] Abs=0.612, Margin=0.112(15.6%), RelMargin=38.6%, Tightness=0.883, StdDev=0.039
[2025-10-19 02:51:52] INFO: [Decision] ACCEPT: Tier 1 - Absolute + Strong Margin (10%)
[2025-10-19 02:51:52] INFO: [Recognition] Scores: S12342 - wyn=0.500 S13234 - Jin_Rae=0.791 
[2025-10-19 02:51:52] INFO: [Decision] Best=S13234 - Jin_Rae(0.791), 2nd=0.500, Discriminative=0.691, AvgNeg=0.500
[2025-10-19 02:51:52] INFO: [Thresholds] Abs=0.612, Margin=0.112(14.1%), RelMargin=36.8%, Tightness=0.883, StdDev=0.039
[2025-10-19 02:51:52] INFO: [Decision] ACCEPT: Tier 1 - Absolute + Strong Margin (10%)
[2025-10-19 02:51:53] INFO: [Recognition] Scores: S12342 - wyn=0.463 S13234 - Jin_Rae=0.764 
[2025-10-19 02:51:53] INFO: [Decision] Best=S13234 - Jin_Rae(0.764), 2nd=0.463, Discriminative=0.671, AvgNeg=0.463
[2025-10-19 02:51:53] INFO: [Thresholds] Abs=0.612, Margin=0.112(14.6%), RelMargin=39.3%, Tightness=0.883, StdDev=0.039
[2025-10-19 02:51:53] INFO: [Decision] ACCEPT: Tier 1 - Absolute + Strong Margin (10%)
[2025-10-19 02:51:53] INFO: [Recognition] Scores: S12342 - wyn=0.476 S13234 - Jin_Rae=0.763 
[2025-10-19 02:51:53] INFO: [Decision] Best=S13234 - Jin_Rae(0.763), 2nd=0.476, Discriminative=0.668, AvgNeg=0.476
[2025-10-19 02:51:53] INFO: [Thresholds] Abs=0.612, Margin=0.112(14.6%), RelMargin=37.7%, Tightness=0.883, StdDev=0.039
[2025-10-19 02:51:53] INFO: [Decision] ACCEPT: Tier 1 - Absolute + Strong Margin (10%)
[2025-10-19 02:51:53] INFO: [Recognition] Scores: S12342 - wyn=0.515 S13234 - Jin_Rae=0.791 
[2025-10-19 02:51:53] INFO: [Decision] Best=S13234 - Jin_Rae(0.791), 2nd=0.515, Discriminative=0.688, AvgNeg=0.515
[2025-10-19 02:51:53] INFO: [Thresholds] Abs=0.612, Margin=0.112(14.1%), RelMargin=34.8%, Tightness=0.883, StdDev=0.039
[2025-10-19 02:51:53] INFO: [Decision] ACCEPT: Tier 1 - Absolute + Strong Margin (10%)
[2025-10-19 02:51:53] INFO: [Recognition] Scores: S12342 - wyn=0.494 S13234 - Jin_Rae=0.775 
[2025-10-19 02:51:53] INFO: [Decision] Best=S13234 - Jin_Rae(0.775), 2nd=0.494, Discriminative=0.676, AvgNeg=0.494
[2025-10-19 02:51:53] INFO: [Thresholds] Abs=0.612, Margin=0.112(14.4%), RelMargin=36.2%, Tightness=0.883, StdDev=0.039
[2025-10-19 02:51:53] INFO: [Decision] ACCEPT: Tier 1 - Absolute + Strong Margin (10%)
[2025-10-19 02:51:54] INFO: [Recognition] Scores: S12342 - wyn=0.490 S13234 - Jin_Rae=0.768 
[2025-10-19 02:51:54] INFO: [Decision] Best=S13234 - Jin_Rae(0.768), 2nd=0.490, Discriminative=0.670, AvgNeg=0.490
[2025-10-19 02:51:54] INFO: [Thresholds] Abs=0.612, Margin=0.112(14.5%), RelMargin=36.2%, Tightness=0.883, StdDev=0.039
[2025-10-19 02:51:54] INFO: [Decision] ACCEPT: Tier 1 - Absolute + Strong Margin (10%)
[2025-10-19 02:51:54] INFO: [Recognition] Scores: S12342 - wyn=0.515 S13234 - Jin_Rae=0.767 
[2025-10-19 02:51:54] INFO: [Decision] Best=S13234 - Jin_Rae(0.767), 2nd=0.515, Discriminative=0.664, AvgNeg=0.515
[2025-10-19 02:51:54] INFO: [Thresholds] Abs=0.612, Margin=0.112(14.6%), RelMargin=32.8%, Tightness=0.883, StdDev=0.039
[2025-10-19 02:51:54] INFO: [Decision] ACCEPT: Tier 1 - Absolute + Strong Margin (10%)
[2025-10-19 02:51:54] INFO: [Recognition] Scores: S12342 - wyn=0.517 S13234 - Jin_Rae=0.770 
[2025-10-19 02:51:54] INFO: [Decision] Best=S13234 - Jin_Rae(0.770), 2nd=0.517, Discriminative=0.667, AvgNeg=0.517
[2025-10-19 02:51:54] INFO: [Thresholds] Abs=0.612, Margin=0.112(14.5%), RelMargin=32.8%, Tightness=0.883, StdDev=0.039
[2025-10-19 02:51:54] INFO: [Decision] ACCEPT: Tier 1 - Absolute + Strong Margin (10%)
[2025-10-19 02:51:54] INFO: [Recognition] Scores: S12342 - wyn=0.568 S13234 - Jin_Rae=0.823 
[2025-10-19 02:51:54] INFO: [Decision] Best=S13234 - Jin_Rae(0.823), 2nd=0.568, Discriminative=0.709, AvgNeg=0.568
[2025-10-19 02:51:54] INFO: [Thresholds] Abs=0.612, Margin=0.112(13.6%), RelMargin=31.0%, Tightness=0.883, StdDev=0.039
[2025-10-19 02:51:54] INFO: [Decision] ACCEPT: Tier 1 - Absolute + Strong Margin (10%)
[2025-10-19 02:51:54] INFO: [Recognition] Scores: S12342 - wyn=0.513 S13234 - Jin_Rae=0.765 
[2025-10-19 02:51:54] INFO: [Decision] Best=S13234 - Jin_Rae(0.765), 2nd=0.513, Discriminative=0.663, AvgNeg=0.513
[2025-10-19 02:51:54] INFO: [Thresholds] Abs=0.612, Margin=0.112(14.6%), RelMargin=33.0%, Tightness=0.883, StdDev=0.039
[2025-10-19 02:51:54] INFO: [Decision] ACCEPT: Tier 1 - Absolute + Strong Margin (10%)
[2025-10-19 02:51:55] INFO: [Recognition] Scores: S12342 - wyn=0.603 S13234 - Jin_Rae=0.778 
[2025-10-19 02:51:55] INFO: [Decision] Best=S13234 - Jin_Rae(0.778), 2nd=0.603, Discriminative=0.657, AvgNeg=0.603
[2025-10-19 02:51:55] INFO: [Thresholds] Abs=0.612, Margin=0.112(14.4%), RelMargin=22.4%, Tightness=0.883, StdDev=0.039
[2025-10-19 02:51:55] INFO: [Decision] ACCEPT: Tier 1 - Absolute + Strong Margin (10%)
[2025-10-19 02:51:55] INFO: [Recognition] Scores: S12342 - wyn=0.557 S13234 - Jin_Rae=0.780 
[2025-10-19 02:51:55] INFO: [Decision] Best=S13234 - Jin_Rae(0.780), 2nd=0.557, Discriminative=0.668, AvgNeg=0.557
[2025-10-19 02:51:55] INFO: [Thresholds] Abs=0.612, Margin=0.112(14.3%), RelMargin=28.6%, Tightness=0.883, StdDev=0.039
[2025-10-19 02:51:55] INFO: [Decision] ACCEPT: Tier 1 - Absolute + Strong Margin (10%)
[2025-10-19 02:51:55] INFO: [Recognition] Scores: S12342 - wyn=0.568 S13234 - Jin_Rae=0.782 
[2025-10-19 02:51:55] INFO: [Decision] Best=S13234 - Jin_Rae(0.782), 2nd=0.568, Discriminative=0.668, AvgNeg=0.568
[2025-10-19 02:51:55] INFO: [Thresholds] Abs=0.612, Margin=0.112(14.3%), RelMargin=27.4%, Tightness=0.883, StdDev=0.039
[2025-10-19 02:51:55] INFO: [Decision] ACCEPT: Tier 1 - Absolute + Strong Margin (10%)
[2025-10-19 02:51:55] INFO: [Recognition] Scores: S12342 - wyn=0.547 S13234 - Jin_Rae=0.749 
[2025-10-19 02:51:55] INFO: [Decision] Best=S13234 - Jin_Rae(0.749), 2nd=0.547, Discriminative=0.640, AvgNeg=0.547
[2025-10-19 02:51:55] INFO: [Thresholds] Abs=0.612, Margin=0.112(14.9%), RelMargin=27.0%, Tightness=0.883, StdDev=0.039
[2025-10-19 02:51:55] INFO: [Decision] ACCEPT: Tier 1 - Absolute + Strong Margin (10%)
[2025-10-19 02:51:55] INFO: [Recognition] Scores: S12342 - wyn=0.547 S13234 - Jin_Rae=0.736 
[2025-10-19 02:51:55] INFO: [Decision] Best=S13234 - Jin_Rae(0.736), 2nd=0.547, Discriminative=0.626, AvgNeg=0.547
[2025-10-19 02:51:55] INFO: [Thresholds] Abs=0.612, Margin=0.112(15.2%), RelMargin=25.7%, Tightness=0.883, StdDev=0.039
[2025-10-19 02:51:55] INFO: [Decision] ACCEPT: Tier 1 - Absolute + Strong Margin (10%)
[2025-10-19 02:51:56] INFO: [Recognition] Scores: S12342 - wyn=0.532 S13234 - Jin_Rae=0.697 
[2025-10-19 02:51:56] INFO: [Decision] Best=S13234 - Jin_Rae(0.697), 2nd=0.532, Discriminative=0.591, AvgNeg=0.532
[2025-10-19 02:51:56] INFO: [Thresholds] Abs=0.612, Margin=0.112(16.0%), RelMargin=23.7%, Tightness=0.883, StdDev=0.039
[2025-10-19 02:51:56] INFO: [Decision] ACCEPT: Tier 1 - Absolute + Strong Margin (10%)
[2025-10-19 02:51:56] INFO: [Recognition] Scores: S12342 - wyn=0.508 S13234 - Jin_Rae=0.692 
[2025-10-19 02:51:56] INFO: [Decision] Best=S13234 - Jin_Rae(0.692), 2nd=0.508, Discriminative=0.590, AvgNeg=0.508
[2025-10-19 02:51:56] INFO: [Thresholds] Abs=0.612, Margin=0.112(16.1%), RelMargin=26.5%, Tightness=0.883, StdDev=0.039
[2025-10-19 02:51:56] INFO: [Decision] ACCEPT: Tier 1 - Absolute + Strong Margin (10%)
[2025-10-19 02:51:56] INFO: [Recognition] Scores: S12342 - wyn=0.481 S13234 - Jin_Rae=0.685 
[2025-10-19 02:51:56] INFO: [Decision] Best=S13234 - Jin_Rae(0.685), 2nd=0.481, Discriminative=0.589, AvgNeg=0.481
[2025-10-19 02:51:56] INFO: [Thresholds] Abs=0.612, Margin=0.112(16.3%), RelMargin=29.8%, Tightness=0.883, StdDev=0.039
[2025-10-19 02:51:56] INFO: [Decision] ACCEPT: Tier 1 - Absolute + Strong Margin (10%)
[2025-10-19 02:51:56] INFO: [Recognition] Scores: S12342 - wyn=0.613 S13234 - Jin_Rae=0.799 
[2025-10-19 02:51:56] INFO: [Decision] Best=S13234 - Jin_Rae(0.799), 2nd=0.613, Discriminative=0.676, AvgNeg=0.613
[2025-10-19 02:51:56] INFO: [Thresholds] Abs=0.612, Margin=0.112(14.0%), RelMargin=23.3%, Tightness=0.883, StdDev=0.039
[2025-10-19 02:51:56] INFO: [Decision] ACCEPT: Tier 1 - Absolute + Strong Margin (10%)
[2025-10-19 02:51:56] INFO: [Recognition] Scores: S12342 - wyn=0.514 S13234 - Jin_Rae=0.730 
[2025-10-19 02:51:56] INFO: [Decision] Best=S13234 - Jin_Rae(0.730), 2nd=0.514, Discriminative=0.628, AvgNeg=0.514
[2025-10-19 02:51:56] INFO: [Thresholds] Abs=0.612, Margin=0.112(15.3%), RelMargin=29.7%, Tightness=0.883, StdDev=0.039
[2025-10-19 02:51:56] INFO: [Decision] ACCEPT: Tier 1 - Absolute + Strong Margin (10%)
[2025-10-19 02:51:56] INFO: [Recognition] Scores: S12342 - wyn=0.503 S13234 - Jin_Rae=0.726 
[2025-10-19 02:51:56] INFO: [Decision] Best=S13234 - Jin_Rae(0.726), 2nd=0.503, Discriminative=0.625, AvgNeg=0.503
[2025-10-19 02:51:56] INFO: [Thresholds] Abs=0.612, Margin=0.112(15.4%), RelMargin=30.8%, Tightness=0.883, StdDev=0.039
[2025-10-19 02:51:56] INFO: [Decision] ACCEPT: Tier 1 - Absolute + Strong Margin (10%)
[2025-10-19 02:51:57] INFO: [Recognition] Scores: S12342 - wyn=0.518 S13234 - Jin_Rae=0.729 
[2025-10-19 02:51:57] INFO: [Decision] Best=S13234 - Jin_Rae(0.729), 2nd=0.518, Discriminative=0.625, AvgNeg=0.518
[2025-10-19 02:51:57] INFO: [Thresholds] Abs=0.612, Margin=0.112(15.3%), RelMargin=28.9%, Tightness=0.883, StdDev=0.039
[2025-10-19 02:51:57] INFO: [Decision] ACCEPT: Tier 1 - Absolute + Strong Margin (10%)
[2025-10-19 02:51:57] INFO: [Recognition] Scores: S12342 - wyn=0.523 S13234 - Jin_Rae=0.714 
[2025-10-19 02:51:57] INFO: [Decision] Best=S13234 - Jin_Rae(0.714), 2nd=0.523, Discriminative=0.610, AvgNeg=0.523
[2025-10-19 02:51:57] INFO: [Thresholds] Abs=0.612, Margin=0.112(15.6%), RelMargin=26.8%, Tightness=0.883, StdDev=0.039
[2025-10-19 02:51:57] INFO: [Decision] ACCEPT: Tier 1 - Absolute + Strong Margin (10%)
[2025-10-19 02:51:57] INFO: [Recognition] Scores: S12342 - wyn=0.473 S13234 - Jin_Rae=0.677 
[2025-10-19 02:51:57] INFO: [Decision] Best=S13234 - Jin_Rae(0.677), 2nd=0.473, Discriminative=0.582, AvgNeg=0.473
[2025-10-19 02:51:57] INFO: [Thresholds] Abs=0.612, Margin=0.112(16.5%), RelMargin=30.0%, Tightness=0.883, StdDev=0.039
[2025-10-19 02:51:57] INFO: [Decision] ACCEPT: Tier 1 - Absolute + Strong Margin (10%)
[2025-10-19 02:51:57] INFO: [Recognition] Scores: S12342 - wyn=0.471 S13234 - Jin_Rae=0.659 
[2025-10-19 02:51:57] INFO: [Decision] Best=S13234 - Jin_Rae(0.659), 2nd=0.471, Discriminative=0.565, AvgNeg=0.471
[2025-10-19 02:51:57] INFO: [Thresholds] Abs=0.612, Margin=0.112(16.9%), RelMargin=28.5%, Tightness=0.883, StdDev=0.039
[2025-10-19 02:51:57] INFO: [Decision] ACCEPT: Tier 1 - Absolute + Strong Margin (10%)
[2025-10-19 02:51:57] INFO: [Recognition] Scores: S12342 - wyn=0.461 S13234 - Jin_Rae=0.657 
[2025-10-19 02:51:57] INFO: [Decision] Best=S13234 - Jin_Rae(0.657), 2nd=0.461, Discriminative=0.565, AvgNeg=0.461
[2025-10-19 02:51:57] INFO: [Thresholds] Abs=0.612, Margin=0.112(17.0%), RelMargin=30.0%, Tightness=0.883, StdDev=0.039
[2025-10-19 02:51:57] INFO: [Decision] ACCEPT: Tier 1 - Absolute + Strong Margin (10%)
[2025-10-19 02:51:58] INFO: [Recognition] Scores: S12342 - wyn=0.442 S13234 - Jin_Rae=0.642 
[2025-10-19 02:51:58] INFO: [Decision] Best=S13234 - Jin_Rae(0.642), 2nd=0.442, Discriminative=0.554, AvgNeg=0.442
[2025-10-19 02:51:58] INFO: [Thresholds] Abs=0.612, Margin=0.112(17.4%), RelMargin=31.2%, Tightness=0.883, StdDev=0.039
[2025-10-19 02:51:58] INFO: [Decision] ACCEPT: Tier 1 - Absolute + Strong Margin (10%)
[2025-10-19 02:51:58] INFO: [Recognition] Scores: S12342 - wyn=0.437 S13234 - Jin_Rae=0.629 
[2025-10-19 02:51:58] INFO: [Decision] Best=S13234 - Jin_Rae(0.629), 2nd=0.437, Discriminative=0.542, AvgNeg=0.437
[2025-10-19 02:51:58] INFO: [Thresholds] Abs=0.612, Margin=0.112(17.8%), RelMargin=30.6%, Tightness=0.883, StdDev=0.039
[2025-10-19 02:51:58] INFO: [Decision] ACCEPT: Tier 1 - Absolute + Strong Margin (10%)
[2025-10-19 02:51:58] INFO: [Recognition] Scores: S12342 - wyn=0.439 S13234 - Jin_Rae=0.629 
[2025-10-19 02:51:58] INFO: [Decision] Best=S13234 - Jin_Rae(0.629), 2nd=0.439, Discriminative=0.542, AvgNeg=0.439
[2025-10-19 02:51:58] INFO: [Thresholds] Abs=0.612, Margin=0.112(17.7%), RelMargin=30.2%, Tightness=0.883, StdDev=0.039
[2025-10-19 02:51:58] INFO: [Decision] ACCEPT: Tier 1 - Absolute + Strong Margin (10%)
[2025-10-19 02:51:58] INFO: [Recognition] Scores: S12342 - wyn=0.509 S13234 - Jin_Rae=0.703 
[2025-10-19 02:51:58] INFO: [Decision] Best=S13234 - Jin_Rae(0.703), 2nd=0.509, Discriminative=0.601, AvgNeg=0.509
[2025-10-19 02:51:58] INFO: [Thresholds] Abs=0.612, Margin=0.112(15.9%), RelMargin=27.6%, Tightness=0.883, StdDev=0.039
[2025-10-19 02:51:58] INFO: [Decision] ACCEPT: Tier 1 - Absolute + Strong Margin (10%)
[2025-10-19 02:51:58] INFO: [Recognition] Scores: S12342 - wyn=0.564 S13234 - Jin_Rae=0.750 
[2025-10-19 02:51:58] INFO: [Decision] Best=S13234 - Jin_Rae(0.750), 2nd=0.564, Discriminative=0.637, AvgNeg=0.564
[2025-10-19 02:51:58] INFO: [Thresholds] Abs=0.612, Margin=0.112(14.9%), RelMargin=24.8%, Tightness=0.883, StdDev=0.039
[2025-10-19 02:51:58] INFO: [Decision] ACCEPT: Tier 1 - Absolute + Strong Margin (10%)
[2025-10-19 02:51:59] INFO: [Recognition] Scores: S12342 - wyn=0.649 S13234 - Jin_Rae=0.742 
[2025-10-19 02:51:59] INFO: [Decision] Best=S13234 - Jin_Rae(0.742), 2nd=0.649, Discriminative=0.612, AvgNeg=0.649
[2025-10-19 02:51:59] INFO: [Thresholds] Abs=0.612, Margin=0.112(15.1%), RelMargin=12.6%, Tightness=0.883, StdDev=0.039
[2025-10-19 02:51:59] INFO: [Decision] ACCEPT: Tier 1 - Absolute + Strong Margin (10%)
[2025-10-19 02:51:59] INFO: [Recognition] Scores: S12342 - wyn=0.656 S13234 - Jin_Rae=0.745 
[2025-10-19 02:51:59] INFO: [Decision] Best=S13234 - Jin_Rae(0.745), 2nd=0.656, Discriminative=0.614, AvgNeg=0.656
[2025-10-19 02:51:59] INFO: [Thresholds] Abs=0.612, Margin=0.112(15.0%), RelMargin=11.9%, Tightness=0.883, StdDev=0.039
[2025-10-19 02:51:59] INFO: [Decision] ACCEPT: Tier 1 - Absolute + Strong Margin (10%)
[2025-10-19 02:51:59] INFO: [Recognition] Scores: S12342 - wyn=0.633 S13234 - Jin_Rae=0.743 
[2025-10-19 02:51:59] INFO: [Decision] Best=S13234 - Jin_Rae(0.743), 2nd=0.633, Discriminative=0.617, AvgNeg=0.633
[2025-10-19 02:51:59] INFO: [Thresholds] Abs=0.612, Margin=0.112(15.0%), RelMargin=14.9%, Tightness=0.883, StdDev=0.039
[2025-10-19 02:51:59] INFO: [Decision] ACCEPT: Tier 1 - Absolute + Strong Margin (10%)
[2025-10-19 02:51:59] INFO: [Recognition] Scores: S12342 - wyn=0.652 S13234 - Jin_Rae=0.731 
[2025-10-19 02:51:59] INFO: [Decision] Best=S13234 - Jin_Rae(0.731), 2nd=0.652, Discriminative=0.601, AvgNeg=0.652
[2025-10-19 02:51:59] INFO: [Thresholds] Abs=0.612, Margin=0.112(15.3%), RelMargin=10.8%, Tightness=0.883, StdDev=0.039
[2025-10-19 02:51:59] INFO: [Decision] ACCEPT: Tier 1 - Absolute + Strong Margin (10%)
[2025-10-19 02:51:59] INFO: [Recognition] Scores: S12342 - wyn=0.658 S13234 - Jin_Rae=0.701 
[2025-10-19 02:51:59] INFO: [Decision] Best=S13234 - Jin_Rae(0.701), 2nd=0.658, Discriminative=0.569, AvgNeg=0.658
[2025-10-19 02:51:59] INFO: [Thresholds] Abs=0.612, Margin=0.112(15.9%), RelMargin=6.2%, Tightness=0.883, StdDev=0.039
[2025-10-19 02:51:59] INFO: [Decision] ACCEPT: Tier 2 - Absolute + Consistency (5 frames)
[2025-10-19 02:52:00] INFO: [Recognition] Scores: S12342 - wyn=0.629 S13234 - Jin_Rae=0.666 
[2025-10-19 02:52:00] INFO: [Decision] Best=S13234 - Jin_Rae(0.666), 2nd=0.629, Discriminative=0.540, AvgNeg=0.629
[2025-10-19 02:52:00] INFO: [Thresholds] Abs=0.612, Margin=0.112(16.8%), RelMargin=5.6%, Tightness=0.883, StdDev=0.039
[2025-10-19 02:52:00] INFO: [Decision] ACCEPT: Tier 2 - Absolute + Consistency (5 frames)
[2025-10-19 02:52:00] INFO: [Recognition] Scores: S12342 - wyn=0.698 S13234 - Jin_Rae=0.795 
[2025-10-19 02:52:00] INFO: [Decision] Best=S13234 - Jin_Rae(0.795), 2nd=0.698, Discriminative=0.655, AvgNeg=0.698
[2025-10-19 02:52:00] INFO: [Thresholds] Abs=0.612, Margin=0.112(14.1%), RelMargin=12.1%, Tightness=0.883, StdDev=0.039
[2025-10-19 02:52:00] INFO: [Decision] ACCEPT: Tier 1 - Absolute + Strong Margin (10%)
[2025-10-19 02:52:00] INFO: [Recognition] Scores: S12342 - wyn=0.622 S13234 - Jin_Rae=0.696 
[2025-10-19 02:52:00] INFO: [Decision] Best=S13234 - Jin_Rae(0.696), 2nd=0.622, Discriminative=0.571, AvgNeg=0.622
[2025-10-19 02:52:00] INFO: [Thresholds] Abs=0.612, Margin=0.112(16.1%), RelMargin=10.7%, Tightness=0.883, StdDev=0.039
[2025-10-19 02:52:00] INFO: [Decision] ACCEPT: Tier 1 - Absolute + Strong Margin (10%)
[2025-10-19 02:52:00] INFO: [Recognition] Scores: S12342 - wyn=0.588 S13234 - Jin_Rae=0.653 
[2025-10-19 02:52:00] INFO: [Decision] Best=S13234 - Jin_Rae(0.653), 2nd=0.588, Discriminative=0.535, AvgNeg=0.588
[2025-10-19 02:52:00] INFO: [Thresholds] Abs=0.612, Margin=0.112(17.1%), RelMargin=10.0%, Tightness=0.883, StdDev=0.039
[2025-10-19 02:52:00] INFO: [Decision] ACCEPT: Tier 2 - Absolute + Consistency (5 frames)
[2025-10-19 02:52:00] INFO: [Recognition] Scores: S12342 - wyn=0.531 S13234 - Jin_Rae=0.594 
[2025-10-19 02:52:00] INFO: [Decision] Best=S13234 - Jin_Rae(0.594), 2nd=0.531, Discriminative=0.488, AvgNeg=0.531
[2025-10-19 02:52:00] INFO: [Thresholds] Abs=0.612, Margin=0.112(18.8%), RelMargin=10.6%, Tightness=0.883, StdDev=0.039
[2025-10-19 02:52:00] INFO: [Decision] ACCEPT: Tier 4 - Very Strong Consistency (5 frames)
[2025-10-19 02:52:01] INFO: [Recognition] Scores: S12342 - wyn=0.494 S13234 - Jin_Rae=0.552 
[2025-10-19 02:52:01] INFO: [Decision] Best=S13234 - Jin_Rae(0.552), 2nd=0.494, Discriminative=0.453, AvgNeg=0.494
[2025-10-19 02:52:01] INFO: [Thresholds] Abs=0.612, Margin=0.112(20.2%), RelMargin=10.4%, Tightness=0.883, StdDev=0.039
[2025-10-19 02:52:01] INFO: [Decision] ACCEPT: Tier 4 - Very Strong Consistency (5 frames)
[2025-10-19 02:52:01] INFO: [Recognition] Scores: S12342 - wyn=0.455 S13234 - Jin_Rae=0.479 
[2025-10-19 02:52:01] INFO: [Decision] Best=S13234 - Jin_Rae(0.479), 2nd=0.455, Discriminative=0.388, AvgNeg=0.455
[2025-10-19 02:52:01] INFO: [Thresholds] Abs=0.612, Margin=0.112(23.3%), RelMargin=5.0%, Tightness=0.883, StdDev=0.039
[2025-10-19 02:52:01] INFO: [Decision] ACCEPT: Tier 4 - Very Strong Consistency (5 frames)
[2025-10-19 02:52:01] INFO: [Recognition] Scores: S12342 - wyn=0.549 S13234 - Jin_Rae=0.533 
[2025-10-19 02:52:01] INFO: [Decision] Best=S12342 - wyn(0.549), 2nd=0.533, Discriminative=0.442, AvgNeg=0.533
[2025-10-19 02:52:01] INFO: [Thresholds] Abs=0.612, Margin=0.112(20.3%), RelMargin=2.9%, Tightness=0.884, StdDev=0.020
[2025-10-19 02:52:01] INFO: [Decision] REJECT: Abs=false, AbsMargin=false, RelMargin=false(2.9%), StrongMargin=false(10.0%), Discrim=false, Consist=false(0/5)
[2025-10-19 02:52:01] INFO: [Recognition] Scores: S12342 - wyn=0.438 S13234 - Jin_Rae=0.565 
[2025-10-19 02:52:01] INFO: [Decision] Best=S13234 - Jin_Rae(0.565), 2nd=0.438, Discriminative=0.477, AvgNeg=0.438
[2025-10-19 02:52:01] INFO: [Thresholds] Abs=0.612, Margin=0.112(19.8%), RelMargin=22.5%, Tightness=0.883, StdDev=0.039
[2025-10-19 02:52:01] INFO: [Decision] REJECT: Abs=false, AbsMargin=true, RelMargin=true(22.5%), StrongMargin=true(10.0%), Discrim=false, Consist=true(4/5)
[2025-10-19 02:52:01] INFO: [Recognition] Scores: S12342 - wyn=0.558 S13234 - Jin_Rae=0.778 
[2025-10-19 02:52:01] INFO: [Decision] Best=S13234 - Jin_Rae(0.778), 2nd=0.558, Discriminative=0.666, AvgNeg=0.558
[2025-10-19 02:52:01] INFO: [Thresholds] Abs=0.612, Margin=0.112(14.4%), RelMargin=28.3%, Tightness=0.883, StdDev=0.039
[2025-10-19 02:52:01] INFO: [Decision] ACCEPT: Tier 1 - Absolute + Strong Margin (10%)
[2025-10-19 02:52:02] INFO: [Recognition] Scores: S12342 - wyn=0.691 S13234 - Jin_Rae=0.810 
[2025-10-19 02:52:02] INFO: [Decision] Best=S13234 - Jin_Rae(0.810), 2nd=0.691, Discriminative=0.671, AvgNeg=0.691
[2025-10-19 02:52:02] INFO: [Thresholds] Abs=0.612, Margin=0.112(13.8%), RelMargin=14.6%, Tightness=0.883, StdDev=0.039
[2025-10-19 02:52:02] INFO: [Decision] ACCEPT: Tier 1 - Absolute + Strong Margin (10%)
[2025-10-19 02:52:02] INFO: [Recognition] Scores: S12342 - wyn=0.630 S13234 - Jin_Rae=0.772 
[2025-10-19 02:52:02] INFO: [Decision] Best=S13234 - Jin_Rae(0.772), 2nd=0.630, Discriminative=0.646, AvgNeg=0.630
[2025-10-19 02:52:02] INFO: [Thresholds] Abs=0.612, Margin=0.112(14.5%), RelMargin=18.4%, Tightness=0.883, StdDev=0.039
[2025-10-19 02:52:02] INFO: [Decision] ACCEPT: Tier 1 - Absolute + Strong Margin (10%)
[2025-10-19 02:52:02] INFO: [Recognition] Scores: S12342 - wyn=0.605 S13234 - Jin_Rae=0.795 
[2025-10-19 02:52:02] INFO: [Decision] Best=S13234 - Jin_Rae(0.795), 2nd=0.605, Discriminative=0.674, AvgNeg=0.605
[2025-10-19 02:52:02] INFO: [Thresholds] Abs=0.612, Margin=0.112(14.1%), RelMargin=23.9%, Tightness=0.883, StdDev=0.039
[2025-10-19 02:52:02] INFO: [Decision] ACCEPT: Tier 1 - Absolute + Strong Margin (10%)
[2025-10-19 02:52:02] INFO: [Recognition] Scores: S12342 - wyn=0.584 S13234 - Jin_Rae=0.795 
[2025-10-19 02:52:02] INFO: [Decision] Best=S13234 - Jin_Rae(0.795), 2nd=0.584, Discriminative=0.678, AvgNeg=0.584
[2025-10-19 02:52:02] INFO: [Thresholds] Abs=0.612, Margin=0.112(14.1%), RelMargin=26.6%, Tightness=0.883, StdDev=0.039
[2025-10-19 02:52:02] INFO: [Decision] ACCEPT: Tier 1 - Absolute + Strong Margin (10%)
[2025-10-19 02:52:02] INFO: [Recognition] Scores: S12342 - wyn=0.583 S13234 - Jin_Rae=0.792 
[2025-10-19 02:52:02] INFO: [Decision] Best=S13234 - Jin_Rae(0.792), 2nd=0.583, Discriminative=0.676, AvgNeg=0.583
[2025-10-19 02:52:02] INFO: [Thresholds] Abs=0.612, Margin=0.112(14.1%), RelMargin=26.4%, Tightness=0.883, StdDev=0.039
[2025-10-19 02:52:02] INFO: [Decision] ACCEPT: Tier 1 - Absolute + Strong Margin (10%)
[2025-10-19 02:52:03] INFO: [Recognition] Scores: S12342 - wyn=0.535 S13234 - Jin_Rae=0.770 
[2025-10-19 02:52:03] INFO: [Decision] Best=S13234 - Jin_Rae(0.770), 2nd=0.535, Discriminative=0.663, AvgNeg=0.535
[2025-10-19 02:52:03] INFO: [Thresholds] Abs=0.612, Margin=0.112(14.5%), RelMargin=30.5%, Tightness=0.883, StdDev=0.039
[2025-10-19 02:52:03] INFO: [Decision] ACCEPT: Tier 1 - Absolute + Strong Margin (10%)
[2025-10-19 02:52:03] INFO: [Recognition] Scores: S12342 - wyn=0.503 S13234 - Jin_Rae=0.731 
[2025-10-19 02:52:03] INFO: [Decision] Best=S13234 - Jin_Rae(0.731), 2nd=0.503, Discriminative=0.631, AvgNeg=0.503
[2025-10-19 02:52:03] INFO: [Thresholds] Abs=0.612, Margin=0.112(15.3%), RelMargin=31.2%, Tightness=0.883, StdDev=0.039
[2025-10-19 02:52:03] INFO: [Decision] ACCEPT: Tier 1 - Absolute + Strong Margin (10%)
[2025-10-19 02:52:03] INFO: [Recognition] Scores: S12342 - wyn=0.485 S13234 - Jin_Rae=0.726 
[2025-10-19 02:52:03] INFO: [Decision] Best=S13234 - Jin_Rae(0.726), 2nd=0.485, Discriminative=0.629, AvgNeg=0.485
[2025-10-19 02:52:03] INFO: [Thresholds] Abs=0.612, Margin=0.112(15.4%), RelMargin=33.2%, Tightness=0.883, StdDev=0.039
[2025-10-19 02:52:03] INFO: [Decision] ACCEPT: Tier 1 - Absolute + Strong Margin (10%)
[2025-10-19 02:52:03] INFO: [Recognition] Scores: S12342 - wyn=0.520 S13234 - Jin_Rae=0.766 
[2025-10-19 02:52:03] INFO: [Decision] Best=S13234 - Jin_Rae(0.766), 2nd=0.520, Discriminative=0.662, AvgNeg=0.520
[2025-10-19 02:52:03] INFO: [Thresholds] Abs=0.612, Margin=0.112(14.6%), RelMargin=32.1%, Tightness=0.883, StdDev=0.039
[2025-10-19 02:52:03] INFO: [Decision] ACCEPT: Tier 1 - Absolute + Strong Margin (10%)
[2025-10-19 02:52:03] INFO: [Recognition] Scores: S12342 - wyn=0.507 S13234 - Jin_Rae=0.744 
[2025-10-19 02:52:03] INFO: [Decision] Best=S13234 - Jin_Rae(0.744), 2nd=0.507, Discriminative=0.642, AvgNeg=0.507
[2025-10-19 02:52:03] INFO: [Thresholds] Abs=0.612, Margin=0.112(15.0%), RelMargin=31.9%, Tightness=0.883, StdDev=0.039
[2025-10-19 02:52:03] INFO: [Decision] ACCEPT: Tier 1 - Absolute + Strong Margin (10%)
[2025-10-19 02:52:04] INFO: [Recognition] Scores: S12342 - wyn=0.535 S13234 - Jin_Rae=0.742 
[2025-10-19 02:52:04] INFO: [Decision] Best=S13234 - Jin_Rae(0.742), 2nd=0.535, Discriminative=0.635, AvgNeg=0.535
[2025-10-19 02:52:04] INFO: [Thresholds] Abs=0.612, Margin=0.112(15.0%), RelMargin=27.9%, Tightness=0.883, StdDev=0.039
[2025-10-19 02:52:04] INFO: [Decision] ACCEPT: Tier 1 - Absolute + Strong Margin (10%)
[2025-10-19 02:52:04] INFO: [Recognition] Scores: S12342 - wyn=0.508 S13234 - Jin_Rae=0.748 
[2025-10-19 02:52:04] INFO: [Decision] Best=S13234 - Jin_Rae(0.748), 2nd=0.508, Discriminative=0.647, AvgNeg=0.508
[2025-10-19 02:52:04] INFO: [Thresholds] Abs=0.612, Margin=0.112(14.9%), RelMargin=32.1%, Tightness=0.883, StdDev=0.039
[2025-10-19 02:52:04] INFO: [Decision] ACCEPT: Tier 1 - Absolute + Strong Margin (10%)
[2025-10-19 02:52:04] INFO: [Recognition] Scores: S12342 - wyn=0.507 S13234 - Jin_Rae=0.753 
[2025-10-19 02:52:04] INFO: [Decision] Best=S13234 - Jin_Rae(0.753), 2nd=0.507, Discriminative=0.652, AvgNeg=0.507
[2025-10-19 02:52:04] INFO: [Thresholds] Abs=0.612, Margin=0.112(14.8%), RelMargin=32.8%, Tightness=0.883, StdDev=0.039
[2025-10-19 02:52:04] INFO: [Decision] ACCEPT: Tier 1 - Absolute + Strong Margin (10%)
[2025-10-19 02:52:04] INFO: [Recognition] Scores: S12342 - wyn=0.496 S13234 - Jin_Rae=0.748 
[2025-10-19 02:52:04] INFO: [Decision] Best=S13234 - Jin_Rae(0.748), 2nd=0.496, Discriminative=0.649, AvgNeg=0.496
[2025-10-19 02:52:04] INFO: [Thresholds] Abs=0.612, Margin=0.112(14.9%), RelMargin=33.7%, Tightness=0.883, StdDev=0.039
[2025-10-19 02:52:04] INFO: [Decision] ACCEPT: Tier 1 - Absolute + Strong Margin (10%)
[2025-10-19 02:52:04] INFO: [Recognition] Scores: S12342 - wyn=0.502 S13234 - Jin_Rae=0.756 
[2025-10-19 02:52:04] INFO: [Decision] Best=S13234 - Jin_Rae(0.756), 2nd=0.502, Discriminative=0.656, AvgNeg=0.502
[2025-10-19 02:52:04] INFO: [Thresholds] Abs=0.612, Margin=0.112(14.8%), RelMargin=33.7%, Tightness=0.883, StdDev=0.039
[2025-10-19 02:52:04] INFO: [Decision] ACCEPT: Tier 1 - Absolute + Strong Margin (10%)
[2025-10-19 02:52:05] INFO: [Recognition] Scores: S12342 - wyn=0.486 S13234 - Jin_Rae=0.755 
[2025-10-19 02:52:05] INFO: [Decision] Best=S13234 - Jin_Rae(0.755), 2nd=0.486, Discriminative=0.658, AvgNeg=0.486
[2025-10-19 02:52:05] INFO: [Thresholds] Abs=0.612, Margin=0.112(14.8%), RelMargin=35.6%, Tightness=0.883, StdDev=0.039
[2025-10-19 02:52:05] INFO: [Decision] ACCEPT: Tier 1 - Absolute + Strong Margin (10%)
[2025-10-19 02:52:05] INFO: [Recognition] Scores: S12342 - wyn=0.565 S13234 - Jin_Rae=0.782 
[2025-10-19 02:52:05] INFO: [Decision] Best=S13234 - Jin_Rae(0.782), 2nd=0.565, Discriminative=0.669, AvgNeg=0.565
[2025-10-19 02:52:05] INFO: [Thresholds] Abs=0.612, Margin=0.112(14.3%), RelMargin=27.7%, Tightness=0.883, StdDev=0.039
[2025-10-19 02:52:05] INFO: [Decision] ACCEPT: Tier 1 - Absolute + Strong Margin (10%)
[2025-10-19 02:52:05] INFO: [Recognition] Scores: S12342 - wyn=0.506 S13234 - Jin_Rae=0.770 
[2025-10-19 02:52:05] INFO: [Decision] Best=S13234 - Jin_Rae(0.770), 2nd=0.506, Discriminative=0.669, AvgNeg=0.506
[2025-10-19 02:52:05] INFO: [Thresholds] Abs=0.612, Margin=0.112(14.5%), RelMargin=34.3%, Tightness=0.883, StdDev=0.039
[2025-10-19 02:52:05] INFO: [Decision] ACCEPT: Tier 1 - Absolute + Strong Margin (10%)
[2025-10-19 02:52:05] INFO: Exiting Face Recognition Demo...
[2025-10-19 02:52:05] INFO: [Recognition] Scores: S12342 - wyn=0.511 S13234 - Jin_Rae=0.768 
[2025-10-19 02:52:05] INFO: [Decision] Best=S13234 - Jin_Rae(0.768), 2nd=0.511, Discriminative=0.666, AvgNeg=0.511
[2025-10-19 02:52:05] INFO: [Thresholds] Abs=0.612, Margin=0.112(14.5%), RelMargin=33.4%, Tightness=0.883, StdDev=0.039
[2025-10-19 02:52:05] INFO: [Decision] ACCEPT: Tier 1 - Absolute + Strong Margin (10%)
[2025-10-19 02:52:05] INFO: Exiting Face Recognition Demo...
