[2025-10-19 02:16:14] INFO: Application Logger Initialized.
[2025-10-19 02:16:14] INFO: Configuration and core components loaded.
[2025-10-19 02:16:14] INFO: Configuration loaded from classpath: app.properties
[2025-10-19 02:16:14] INFO: Configuration file loaded
[2025-10-19 02:16:14] INFO: MyGUIProgram Started!
[2025-10-19 02:16:15] INFO: Face embedding model loaded successfully
[2025-10-19 02:16:15] INFO: === Folder debug ===
[2025-10-19 02:16:15] INFO: Found folder: C:\SMU\CS102 Project\FaceRecognitionCS102\data\facedata\S12342_wyn
[2025-10-19 02:16:15] INFO:   Contains: 26 items
[2025-10-19 02:16:15] INFO:   Display label: S12342 - wyn
[2025-10-19 02:16:15] INFO: Found folder: C:\SMU\CS102 Project\FaceRecognitionCS102\data\facedata\S13234_Jin_Rae
[2025-10-19 02:16:15] INFO:   Contains: 26 items
[2025-10-19 02:16:15] INFO:   Display label: S13234 - Jin_Rae
[2025-10-19 02:16:15] INFO: ====================
[2025-10-19 02:16:15] INFO: Person S12342 - wyn: tightness=0.884, stdDev=0.020, absThresh=0.612, margin=0.112
[2025-10-19 02:16:15] INFO: Person S13234 - Jin_Rae: tightness=0.883, stdDev=0.039, absThresh=0.612, margin=0.112
[2025-10-19 02:16:15] INFO: DNN face detector loaded successfully for recognition
[2025-10-19 02:16:15] INFO: Attempting to open camera with DSHOW backend...
[2025-10-19 02:16:15] INFO: Camera opened successfully with DSHOW backend
[2025-10-19 02:16:17] INFO: Camera configured: 640x480 @ 30fps with MJPEG codec
[2025-10-19 02:16:17] INFO: Camera initialized successfully
[2025-10-19 02:16:18] INFO: [Recognition] Scores: S12342 - wyn=0.487 S13234 - Jin_Rae=0.661 
[2025-10-19 02:16:18] INFO: [Decision] Best=S13234 - Jin_Rae(0.661), 2nd=0.487, Discriminative=0.491, AvgNeg=0.487
[2025-10-19 02:16:18] INFO: [Thresholds] Abs=0.612, Margin=0.112(16.9%), RelMargin=26.4%, Tightness=0.883, StdDev=0.039
[2025-10-19 02:16:18] INFO: [Decision] ACCEPT: Tier 1 - Absolute + Strong Margin (10%)
[2025-10-19 02:16:18] INFO: [Recognition] Scores: S12342 - wyn=0.506 S13234 - Jin_Rae=0.648 
[2025-10-19 02:16:18] INFO: [Decision] Best=S13234 - Jin_Rae(0.648), 2nd=0.506, Discriminative=0.471, AvgNeg=0.506
[2025-10-19 02:16:18] INFO: [Thresholds] Abs=0.612, Margin=0.112(17.2%), RelMargin=21.9%, Tightness=0.883, StdDev=0.039
[2025-10-19 02:16:18] INFO: [Decision] ACCEPT: Tier 1 - Absolute + Strong Margin (10%)
[2025-10-19 02:16:18] INFO: [Recognition] Scores: S12342 - wyn=0.550 S13234 - Jin_Rae=0.737 
[2025-10-19 02:16:18] INFO: [Decision] Best=S13234 - Jin_Rae(0.737), 2nd=0.550, Discriminative=0.544, AvgNeg=0.550
[2025-10-19 02:16:18] INFO: [Thresholds] Abs=0.612, Margin=0.112(15.2%), RelMargin=25.3%, Tightness=0.883, StdDev=0.039
[2025-10-19 02:16:18] INFO: [Decision] ACCEPT: Tier 1 - Absolute + Strong Margin (10%)
[2025-10-19 02:16:18] INFO: [Recognition] Scores: S12342 - wyn=0.599 S13234 - Jin_Rae=0.730 
[2025-10-19 02:16:18] INFO: [Decision] Best=S13234 - Jin_Rae(0.730), 2nd=0.599, Discriminative=0.520, AvgNeg=0.599
[2025-10-19 02:16:18] INFO: [Thresholds] Abs=0.612, Margin=0.112(15.3%), RelMargin=18.0%, Tightness=0.883, StdDev=0.039
[2025-10-19 02:16:18] INFO: [Decision] ACCEPT: Tier 1 - Absolute + Strong Margin (10%)
[2025-10-19 02:16:18] INFO: [Recognition] Scores: S12342 - wyn=0.708 S13234 - Jin_Rae=0.721 
[2025-10-19 02:16:18] INFO: [Decision] Best=S13234 - Jin_Rae(0.721), 2nd=0.708, Discriminative=0.474, AvgNeg=0.708
[2025-10-19 02:16:18] INFO: [Thresholds] Abs=0.612, Margin=0.112(15.5%), RelMargin=1.9%, Tightness=0.883, StdDev=0.039
[2025-10-19 02:16:18] INFO: [Decision] REJECT: Abs=true, AbsMargin=false, RelMargin=false(1.9%), StrongMargin=false(10.0%), Discrim=false, Consist=false(4/4)
[2025-10-19 02:16:19] INFO: [Recognition] Scores: S12342 - wyn=0.697 S13234 - Jin_Rae=0.740 
[2025-10-19 02:16:19] INFO: [Decision] Best=S13234 - Jin_Rae(0.740), 2nd=0.697, Discriminative=0.496, AvgNeg=0.697
[2025-10-19 02:16:19] INFO: [Thresholds] Abs=0.612, Margin=0.112(15.1%), RelMargin=5.8%, Tightness=0.883, StdDev=0.039
[2025-10-19 02:16:19] INFO: [Decision] REJECT: Abs=true, AbsMargin=false, RelMargin=false(5.8%), StrongMargin=false(10.0%), Discrim=false, Consist=false(4/5)
[2025-10-19 02:16:19] INFO: [Recognition] Scores: S12342 - wyn=0.643 S13234 - Jin_Rae=0.748 
[2025-10-19 02:16:19] INFO: [Decision] Best=S13234 - Jin_Rae(0.748), 2nd=0.643, Discriminative=0.523, AvgNeg=0.643
[2025-10-19 02:16:19] INFO: [Thresholds] Abs=0.612, Margin=0.112(14.9%), RelMargin=14.0%, Tightness=0.883, StdDev=0.039
[2025-10-19 02:16:19] INFO: [Decision] ACCEPT: Tier 1 - Absolute + Strong Margin (10%)
[2025-10-19 02:16:19] INFO: [Recognition] Scores: S12342 - wyn=0.646 S13234 - Jin_Rae=0.740 
[2025-10-19 02:16:19] INFO: [Decision] Best=S13234 - Jin_Rae(0.740), 2nd=0.646, Discriminative=0.514, AvgNeg=0.646
[2025-10-19 02:16:19] INFO: [Thresholds] Abs=0.612, Margin=0.112(15.1%), RelMargin=12.7%, Tightness=0.883, StdDev=0.039
[2025-10-19 02:16:19] INFO: [Decision] ACCEPT: Tier 1 - Absolute + Strong Margin (10%)
[2025-10-19 02:16:19] INFO: [Recognition] Scores: S12342 - wyn=0.634 S13234 - Jin_Rae=0.738 
[2025-10-19 02:16:19] INFO: [Decision] Best=S13234 - Jin_Rae(0.738), 2nd=0.634, Discriminative=0.516, AvgNeg=0.634
[2025-10-19 02:16:19] INFO: [Thresholds] Abs=0.612, Margin=0.112(15.1%), RelMargin=14.1%, Tightness=0.883, StdDev=0.039
[2025-10-19 02:16:19] INFO: [Decision] ACCEPT: Tier 1 - Absolute + Strong Margin (10%)
[2025-10-19 02:16:19] INFO: [Recognition] Scores: S12342 - wyn=0.647 S13234 - Jin_Rae=0.770 
[2025-10-19 02:16:19] INFO: [Decision] Best=S13234 - Jin_Rae(0.770), 2nd=0.647, Discriminative=0.543, AvgNeg=0.647
[2025-10-19 02:16:19] INFO: [Thresholds] Abs=0.612, Margin=0.112(14.5%), RelMargin=16.0%, Tightness=0.883, StdDev=0.039
[2025-10-19 02:16:19] INFO: [Decision] ACCEPT: Tier 1 - Absolute + Strong Margin (10%)
[2025-10-19 02:16:20] INFO: [Recognition] Scores: S12342 - wyn=0.588 S13234 - Jin_Rae=0.746 
[2025-10-19 02:16:20] INFO: [Decision] Best=S13234 - Jin_Rae(0.746), 2nd=0.588, Discriminative=0.540, AvgNeg=0.588
[2025-10-19 02:16:20] INFO: [Thresholds] Abs=0.612, Margin=0.112(15.0%), RelMargin=21.2%, Tightness=0.883, StdDev=0.039
[2025-10-19 02:16:20] INFO: [Decision] ACCEPT: Tier 1 - Absolute + Strong Margin (10%)
[2025-10-19 02:16:20] INFO: [Recognition] Scores: S12342 - wyn=0.635 S13234 - Jin_Rae=0.743 
[2025-10-19 02:16:20] INFO: [Decision] Best=S13234 - Jin_Rae(0.743), 2nd=0.635, Discriminative=0.521, AvgNeg=0.635
[2025-10-19 02:16:20] INFO: [Thresholds] Abs=0.612, Margin=0.112(15.0%), RelMargin=14.5%, Tightness=0.883, StdDev=0.039
[2025-10-19 02:16:20] INFO: [Decision] ACCEPT: Tier 1 - Absolute + Strong Margin (10%)
[2025-10-19 02:16:20] INFO: [Recognition] Scores: S12342 - wyn=0.598 S13234 - Jin_Rae=0.750 
[2025-10-19 02:16:20] INFO: [Decision] Best=S13234 - Jin_Rae(0.750), 2nd=0.598, Discriminative=0.541, AvgNeg=0.598
[2025-10-19 02:16:20] INFO: [Thresholds] Abs=0.612, Margin=0.112(14.9%), RelMargin=20.3%, Tightness=0.883, StdDev=0.039
[2025-10-19 02:16:20] INFO: [Decision] ACCEPT: Tier 1 - Absolute + Strong Margin (10%)
[2025-10-19 02:16:20] INFO: [Recognition] Scores: S12342 - wyn=0.640 S13234 - Jin_Rae=0.808 
[2025-10-19 02:16:20] INFO: [Decision] Best=S13234 - Jin_Rae(0.808), 2nd=0.640, Discriminative=0.583, AvgNeg=0.640
[2025-10-19 02:16:20] INFO: [Thresholds] Abs=0.612, Margin=0.112(13.8%), RelMargin=20.7%, Tightness=0.883, StdDev=0.039
[2025-10-19 02:16:20] INFO: [Decision] ACCEPT: Tier 1 - Absolute + Strong Margin (10%)
[2025-10-19 02:16:20] INFO: [Recognition] Scores: S12342 - wyn=0.673 S13234 - Jin_Rae=0.822 
[2025-10-19 02:16:20] INFO: [Decision] Best=S13234 - Jin_Rae(0.822), 2nd=0.673, Discriminative=0.587, AvgNeg=0.673
[2025-10-19 02:16:20] INFO: [Thresholds] Abs=0.612, Margin=0.112(13.6%), RelMargin=18.2%, Tightness=0.883, StdDev=0.039
[2025-10-19 02:16:20] INFO: [Decision] ACCEPT: Tier 1 - Absolute + Strong Margin (10%)
[2025-10-19 02:16:21] INFO: [Recognition] Scores: S12342 - wyn=0.647 S13234 - Jin_Rae=0.802 
[2025-10-19 02:16:21] INFO: [Decision] Best=S13234 - Jin_Rae(0.802), 2nd=0.647, Discriminative=0.575, AvgNeg=0.647
[2025-10-19 02:16:21] INFO: [Thresholds] Abs=0.612, Margin=0.112(13.9%), RelMargin=19.3%, Tightness=0.883, StdDev=0.039
[2025-10-19 02:16:21] INFO: [Decision] ACCEPT: Tier 1 - Absolute + Strong Margin (10%)
[2025-10-19 02:16:21] INFO: [Recognition] Scores: S12342 - wyn=0.598 S13234 - Jin_Rae=0.774 
[2025-10-19 02:16:21] INFO: [Decision] Best=S13234 - Jin_Rae(0.774), 2nd=0.598, Discriminative=0.565, AvgNeg=0.598
[2025-10-19 02:16:21] INFO: [Thresholds] Abs=0.612, Margin=0.112(14.4%), RelMargin=22.8%, Tightness=0.883, StdDev=0.039
[2025-10-19 02:16:21] INFO: [Decision] ACCEPT: Tier 1 - Absolute + Strong Margin (10%)
[2025-10-19 02:16:21] INFO: [Recognition] Scores: S12342 - wyn=0.610 S13234 - Jin_Rae=0.775 
[2025-10-19 02:16:21] INFO: [Decision] Best=S13234 - Jin_Rae(0.775), 2nd=0.610, Discriminative=0.561, AvgNeg=0.610
[2025-10-19 02:16:21] INFO: [Thresholds] Abs=0.612, Margin=0.112(14.4%), RelMargin=21.3%, Tightness=0.883, StdDev=0.039
[2025-10-19 02:16:21] INFO: [Decision] ACCEPT: Tier 1 - Absolute + Strong Margin (10%)
[2025-10-19 02:16:21] INFO: [Recognition] Scores: S12342 - wyn=0.611 S13234 - Jin_Rae=0.791 
[2025-10-19 02:16:21] INFO: [Decision] Best=S13234 - Jin_Rae(0.791), 2nd=0.611, Discriminative=0.577, AvgNeg=0.611
[2025-10-19 02:16:21] INFO: [Thresholds] Abs=0.612, Margin=0.112(14.1%), RelMargin=22.8%, Tightness=0.883, StdDev=0.039
[2025-10-19 02:16:21] INFO: [Decision] ACCEPT: Tier 1 - Absolute + Strong Margin (10%)
[2025-10-19 02:16:21] INFO: [Recognition] Scores: S12342 - wyn=0.631 S13234 - Jin_Rae=0.819 
[2025-10-19 02:16:21] INFO: [Decision] Best=S13234 - Jin_Rae(0.819), 2nd=0.631, Discriminative=0.598, AvgNeg=0.631
[2025-10-19 02:16:21] INFO: [Thresholds] Abs=0.612, Margin=0.112(13.6%), RelMargin=23.0%, Tightness=0.883, StdDev=0.039
[2025-10-19 02:16:21] INFO: [Decision] ACCEPT: Tier 1 - Absolute + Strong Margin (10%)
[2025-10-19 02:16:22] INFO: [Recognition] Scores: S12342 - wyn=0.652 S13234 - Jin_Rae=0.835 
[2025-10-19 02:16:22] INFO: [Decision] Best=S13234 - Jin_Rae(0.835), 2nd=0.652, Discriminative=0.607, AvgNeg=0.652
[2025-10-19 02:16:22] INFO: [Thresholds] Abs=0.612, Margin=0.112(13.4%), RelMargin=21.9%, Tightness=0.883, StdDev=0.039
[2025-10-19 02:16:22] INFO: [Decision] ACCEPT: Tier 1 - Absolute + Strong Margin (10%)
[2025-10-19 02:16:22] INFO: [Recognition] Scores: S12342 - wyn=0.665 S13234 - Jin_Rae=0.831 
[2025-10-19 02:16:22] INFO: [Decision] Best=S13234 - Jin_Rae(0.831), 2nd=0.665, Discriminative=0.598, AvgNeg=0.665
[2025-10-19 02:16:22] INFO: [Thresholds] Abs=0.612, Margin=0.112(13.4%), RelMargin=20.0%, Tightness=0.883, StdDev=0.039
[2025-10-19 02:16:22] INFO: [Decision] ACCEPT: Tier 1 - Absolute + Strong Margin (10%)
[2025-10-19 02:16:22] INFO: [Recognition] Scores: S12342 - wyn=0.643 S13234 - Jin_Rae=0.783 
[2025-10-19 02:16:22] INFO: [Decision] Best=S13234 - Jin_Rae(0.783), 2nd=0.643, Discriminative=0.558, AvgNeg=0.643
[2025-10-19 02:16:22] INFO: [Thresholds] Abs=0.612, Margin=0.112(14.3%), RelMargin=17.9%, Tightness=0.883, StdDev=0.039
[2025-10-19 02:16:22] INFO: [Decision] ACCEPT: Tier 1 - Absolute + Strong Margin (10%)
[2025-10-19 02:16:22] INFO: [Recognition] Scores: S12342 - wyn=0.628 S13234 - Jin_Rae=0.753 
[2025-10-19 02:16:22] INFO: [Decision] Best=S13234 - Jin_Rae(0.753), 2nd=0.628, Discriminative=0.533, AvgNeg=0.628
[2025-10-19 02:16:22] INFO: [Thresholds] Abs=0.612, Margin=0.112(14.8%), RelMargin=16.6%, Tightness=0.883, StdDev=0.039
[2025-10-19 02:16:22] INFO: [Decision] ACCEPT: Tier 1 - Absolute + Strong Margin (10%)
[2025-10-19 02:16:23] INFO: [Recognition] Scores: S12342 - wyn=0.614 S13234 - Jin_Rae=0.746 
[2025-10-19 02:16:23] INFO: [Decision] Best=S13234 - Jin_Rae(0.746), 2nd=0.614, Discriminative=0.532, AvgNeg=0.614
[2025-10-19 02:16:23] INFO: [Thresholds] Abs=0.612, Margin=0.112(15.0%), RelMargin=17.8%, Tightness=0.883, StdDev=0.039
[2025-10-19 02:16:23] INFO: [Decision] ACCEPT: Tier 1 - Absolute + Strong Margin (10%)
[2025-10-19 02:16:23] INFO: [Recognition] Scores: S12342 - wyn=0.645 S13234 - Jin_Rae=0.715 
[2025-10-19 02:16:23] INFO: [Decision] Best=S13234 - Jin_Rae(0.715), 2nd=0.645, Discriminative=0.489, AvgNeg=0.645
[2025-10-19 02:16:23] INFO: [Thresholds] Abs=0.612, Margin=0.112(15.6%), RelMargin=9.8%, Tightness=0.883, StdDev=0.039
[2025-10-19 02:16:23] INFO: [Decision] ACCEPT: Tier 2 - Absolute + Consistency (8 frames)
[2025-10-19 02:16:23] INFO: detection.min_size_px has been changed to 171
[2025-10-19 02:16:23] INFO: detection.min_size_px has been changed to 170
[2025-10-19 02:16:23] INFO: [Recognition] Scores: S12342 - wyn=0.669 S13234 - Jin_Rae=0.727 
[2025-10-19 02:16:23] INFO: [Decision] Best=S13234 - Jin_Rae(0.727), 2nd=0.669, Discriminative=0.493, AvgNeg=0.669
[2025-10-19 02:16:23] INFO: [Thresholds] Abs=0.612, Margin=0.112(15.4%), RelMargin=8.0%, Tightness=0.883, StdDev=0.039
[2025-10-19 02:16:23] INFO: [Decision] ACCEPT: Tier 2 - Absolute + Consistency (8 frames)
[2025-10-19 02:16:23] INFO: [Recognition] Scores: S12342 - wyn=0.623 S13234 - Jin_Rae=0.737 
[2025-10-19 02:16:23] INFO: [Decision] Best=S13234 - Jin_Rae(0.737), 2nd=0.623, Discriminative=0.519, AvgNeg=0.623
[2025-10-19 02:16:23] INFO: [Thresholds] Abs=0.612, Margin=0.112(15.2%), RelMargin=15.4%, Tightness=0.883, StdDev=0.039
[2025-10-19 02:16:23] INFO: [Decision] ACCEPT: Tier 1 - Absolute + Strong Margin (10%)
[2025-10-19 02:16:24] INFO: [Recognition] Scores: S12342 - wyn=0.628 S13234 - Jin_Rae=0.745 
[2025-10-19 02:16:24] INFO: [Decision] Best=S13234 - Jin_Rae(0.745), 2nd=0.628, Discriminative=0.525, AvgNeg=0.628
[2025-10-19 02:16:24] INFO: [Thresholds] Abs=0.612, Margin=0.112(15.0%), RelMargin=15.7%, Tightness=0.883, StdDev=0.039
[2025-10-19 02:16:24] INFO: [Decision] ACCEPT: Tier 1 - Absolute + Strong Margin (10%)
[2025-10-19 02:16:24] INFO: detection.min_size_px has been changed to 170
[2025-10-19 02:16:24] INFO: [Recognition] Scores: S12342 - wyn=0.658 S13234 - Jin_Rae=0.743 
[2025-10-19 02:16:24] INFO: [Decision] Best=S13234 - Jin_Rae(0.743), 2nd=0.658, Discriminative=0.512, AvgNeg=0.658
[2025-10-19 02:16:24] INFO: [Thresholds] Abs=0.612, Margin=0.112(15.0%), RelMargin=11.4%, Tightness=0.883, StdDev=0.039
[2025-10-19 02:16:24] INFO: [Decision] ACCEPT: Tier 1 - Absolute + Strong Margin (10%)
[2025-10-19 02:16:24] INFO: [Recognition] Scores: S12342 - wyn=0.635 S13234 - Jin_Rae=0.742 
[2025-10-19 02:16:24] INFO: [Decision] Best=S13234 - Jin_Rae(0.742), 2nd=0.635, Discriminative=0.519, AvgNeg=0.635
[2025-10-19 02:16:24] INFO: [Thresholds] Abs=0.612, Margin=0.112(15.1%), RelMargin=14.4%, Tightness=0.883, StdDev=0.039
[2025-10-19 02:16:24] INFO: [Decision] ACCEPT: Tier 1 - Absolute + Strong Margin (10%)
[2025-10-19 02:16:24] INFO: detection.min_size_px has been changed to 170
[2025-10-19 02:16:24] INFO: detection.min_size_px has been changed to 169
[2025-10-19 02:16:24] INFO: detection.min_size_px has been changed to 168
[2025-10-19 02:16:24] INFO: detection.min_size_px has been changed to 167
[2025-10-19 02:16:24] INFO: detection.min_size_px has been changed to 165
[2025-10-19 02:16:24] INFO: detection.min_size_px has been changed to 164
[2025-10-19 02:16:24] INFO: detection.min_size_px has been changed to 163
[2025-10-19 02:16:24] INFO: detection.min_size_px has been changed to 160
[2025-10-19 02:16:24] INFO: detection.min_size_px has been changed to 159
[2025-10-19 02:16:24] INFO: detection.min_size_px has been changed to 156
[2025-10-19 02:16:24] INFO: detection.min_size_px has been changed to 155
[2025-10-19 02:16:24] INFO: detection.min_size_px has been changed to 154
[2025-10-19 02:16:24] INFO: detection.min_size_px has been changed to 152
[2025-10-19 02:16:24] INFO: detection.min_size_px has been changed to 151
[2025-10-19 02:16:24] INFO: detection.min_size_px has been changed to 149
[2025-10-19 02:16:24] INFO: detection.min_size_px has been changed to 147
[2025-10-19 02:16:24] INFO: detection.min_size_px has been changed to 146
[2025-10-19 02:16:24] INFO: detection.min_size_px has been changed to 145
[2025-10-19 02:16:24] INFO: detection.min_size_px has been changed to 143
[2025-10-19 02:16:24] INFO: detection.min_size_px has been changed to 142
[2025-10-19 02:16:24] INFO: detection.min_size_px has been changed to 141
[2025-10-19 02:16:24] INFO: detection.min_size_px has been changed to 139
[2025-10-19 02:16:24] INFO: detection.min_size_px has been changed to 138
[2025-10-19 02:16:24] INFO: detection.min_size_px has been changed to 136
[2025-10-19 02:16:24] INFO: detection.min_size_px has been changed to 135
[2025-10-19 02:16:24] INFO: detection.min_size_px has been changed to 134
[2025-10-19 02:16:24] INFO: detection.min_size_px has been changed to 133
[2025-10-19 02:16:24] INFO: detection.min_size_px has been changed to 131
[2025-10-19 02:16:24] INFO: detection.min_size_px has been changed to 130
[2025-10-19 02:16:24] INFO: detection.min_size_px has been changed to 129
[2025-10-19 02:16:24] INFO: detection.min_size_px has been changed to 128
[2025-10-19 02:16:24] INFO: detection.min_size_px has been changed to 127
[2025-10-19 02:16:24] INFO: detection.min_size_px has been changed to 125
[2025-10-19 02:16:24] INFO: detection.min_size_px has been changed to 124
[2025-10-19 02:16:24] INFO: detection.min_size_px has been changed to 123
[2025-10-19 02:16:24] INFO: detection.min_size_px has been changed to 122
[2025-10-19 02:16:24] INFO: detection.min_size_px has been changed to 121
[2025-10-19 02:16:24] INFO: detection.min_size_px has been changed to 120
[2025-10-19 02:16:24] INFO: detection.min_size_px has been changed to 119
[2025-10-19 02:16:24] INFO: detection.min_size_px has been changed to 118
[2025-10-19 02:16:24] INFO: detection.min_size_px has been changed to 116
[2025-10-19 02:16:24] INFO: detection.min_size_px has been changed to 115
[2025-10-19 02:16:24] INFO: detection.min_size_px has been changed to 113
[2025-10-19 02:16:24] INFO: detection.min_size_px has been changed to 111
[2025-10-19 02:16:24] INFO: detection.min_size_px has been changed to 110
[2025-10-19 02:16:24] INFO: detection.min_size_px has been changed to 109
[2025-10-19 02:16:24] INFO: detection.min_size_px has been changed to 108
[2025-10-19 02:16:24] INFO: detection.min_size_px has been changed to 107
[2025-10-19 02:16:24] INFO: detection.min_size_px has been changed to 106
[2025-10-19 02:16:24] INFO: detection.min_size_px has been changed to 105
[2025-10-19 02:16:24] INFO: detection.min_size_px has been changed to 104
[2025-10-19 02:16:24] INFO: detection.min_size_px has been changed to 103
[2025-10-19 02:16:24] INFO: detection.min_size_px has been changed to 102
[2025-10-19 02:16:24] INFO: detection.min_size_px has been changed to 101
[2025-10-19 02:16:24] INFO: detection.min_size_px has been changed to 100
[2025-10-19 02:16:24] INFO: detection.min_size_px has been changed to 99
[2025-10-19 02:16:24] INFO: detection.min_size_px has been changed to 98
[2025-10-19 02:16:24] INFO: detection.min_size_px has been changed to 97
[2025-10-19 02:16:24] INFO: detection.min_size_px has been changed to 96
[2025-10-19 02:16:24] INFO: [Recognition] Scores: S12342 - wyn=0.612 S13234 - Jin_Rae=0.735 
[2025-10-19 02:16:24] INFO: [Decision] Best=S13234 - Jin_Rae(0.735), 2nd=0.612, Discriminative=0.521, AvgNeg=0.612
[2025-10-19 02:16:24] INFO: [Thresholds] Abs=0.612, Margin=0.112(15.2%), RelMargin=16.7%, Tightness=0.883, StdDev=0.039
[2025-10-19 02:16:24] INFO: [Decision] ACCEPT: Tier 1 - Absolute + Strong Margin (10%)
[2025-10-19 02:16:24] INFO: detection.min_size_px has been changed to 95
[2025-10-19 02:16:24] INFO: detection.min_size_px has been changed to 94
[2025-10-19 02:16:24] INFO: detection.min_size_px has been changed to 93
[2025-10-19 02:16:24] INFO: detection.min_size_px has been changed to 92
[2025-10-19 02:16:24] INFO: detection.min_size_px has been changed to 91
[2025-10-19 02:16:24] INFO: detection.min_size_px has been changed to 90
[2025-10-19 02:16:24] INFO: detection.min_size_px has been changed to 89
[2025-10-19 02:16:24] INFO: detection.min_size_px has been changed to 88
[2025-10-19 02:16:24] INFO: detection.min_size_px has been changed to 87
[2025-10-19 02:16:24] INFO: detection.min_size_px has been changed to 86
[2025-10-19 02:16:24] INFO: detection.min_size_px has been changed to 85
[2025-10-19 02:16:24] INFO: detection.min_size_px has been changed to 84
[2025-10-19 02:16:24] INFO: detection.min_size_px has been changed to 83
[2025-10-19 02:16:24] INFO: detection.min_size_px has been changed to 82
[2025-10-19 02:16:24] INFO: detection.min_size_px has been changed to 81
[2025-10-19 02:16:24] INFO: detection.min_size_px has been changed to 80
[2025-10-19 02:16:24] INFO: detection.min_size_px has been changed to 79
[2025-10-19 02:16:24] INFO: detection.min_size_px has been changed to 78
[2025-10-19 02:16:24] INFO: detection.min_size_px has been changed to 77
[2025-10-19 02:16:24] INFO: detection.min_size_px has been changed to 76
[2025-10-19 02:16:24] INFO: detection.min_size_px has been changed to 75
[2025-10-19 02:16:24] INFO: detection.min_size_px has been changed to 74
[2025-10-19 02:16:24] INFO: detection.min_size_px has been changed to 73
[2025-10-19 02:16:24] INFO: detection.min_size_px has been changed to 72
[2025-10-19 02:16:24] INFO: detection.min_size_px has been changed to 71
[2025-10-19 02:16:24] INFO: detection.min_size_px has been changed to 70
[2025-10-19 02:16:24] INFO: detection.min_size_px has been changed to 69
[2025-10-19 02:16:24] INFO: detection.min_size_px has been changed to 68
[2025-10-19 02:16:24] INFO: detection.min_size_px has been changed to 67
[2025-10-19 02:16:24] INFO: detection.min_size_px has been changed to 66
[2025-10-19 02:16:24] INFO: detection.min_size_px has been changed to 65
[2025-10-19 02:16:24] INFO: [Recognition] Scores: S12342 - wyn=0.611 S13234 - Jin_Rae=0.725 
[2025-10-19 02:16:24] INFO: [Decision] Best=S13234 - Jin_Rae(0.725), 2nd=0.611, Discriminative=0.511, AvgNeg=0.611
[2025-10-19 02:16:24] INFO: [Thresholds] Abs=0.612, Margin=0.112(15.4%), RelMargin=15.7%, Tightness=0.883, StdDev=0.039
[2025-10-19 02:16:24] INFO: [Decision] ACCEPT: Tier 1 - Absolute + Strong Margin (10%)
[2025-10-19 02:16:25] INFO: detection.min_size_px has been changed to 64
[2025-10-19 02:16:25] INFO: [Recognition] Scores: S12342 - wyn=0.623 S13234 - Jin_Rae=0.722 
[2025-10-19 02:16:25] INFO: [Decision] Best=S13234 - Jin_Rae(0.722), 2nd=0.623, Discriminative=0.504, AvgNeg=0.623
[2025-10-19 02:16:25] INFO: [Thresholds] Abs=0.612, Margin=0.112(15.5%), RelMargin=13.7%, Tightness=0.883, StdDev=0.039
[2025-10-19 02:16:25] INFO: [Decision] ACCEPT: Tier 1 - Absolute + Strong Margin (10%)
[2025-10-19 02:16:25] INFO: detection.min_size_px has been changed to 63
[2025-10-19 02:16:25] INFO: detection.min_size_px has been changed to 62
[2025-10-19 02:16:25] INFO: detection.min_size_px has been changed to 61
[2025-10-19 02:16:25] INFO: detection.min_size_px has been changed to 60
[2025-10-19 02:16:25] INFO: detection.min_size_px has been changed to 59
[2025-10-19 02:16:25] INFO: detection.min_size_px has been changed to 58
[2025-10-19 02:16:25] INFO: detection.min_size_px has been changed to 57
[2025-10-19 02:16:25] INFO: detection.min_size_px has been changed to 56
[2025-10-19 02:16:25] INFO: detection.min_size_px has been changed to 55
[2025-10-19 02:16:25] INFO: detection.min_size_px has been changed to 54
[2025-10-19 02:16:25] INFO: detection.min_size_px has been changed to 53
[2025-10-19 02:16:25] INFO: [Recognition] Scores: S12342 - wyn=0.759 S13234 - Jin_Rae=0.810 
[2025-10-19 02:16:25] INFO: [Decision] Best=S13234 - Jin_Rae(0.810), 2nd=0.759, Discriminative=0.544, AvgNeg=0.759
[2025-10-19 02:16:25] INFO: [Thresholds] Abs=0.612, Margin=0.112(13.8%), RelMargin=6.3%, Tightness=0.883, StdDev=0.039
[2025-10-19 02:16:25] INFO: [Decision] ACCEPT: Tier 2 - Absolute + Consistency (8 frames)
[2025-10-19 02:16:25] INFO: detection.min_size_px has been changed to 52
[2025-10-19 02:16:25] INFO: detection.min_size_px has been changed to 51
[2025-10-19 02:16:25] INFO: detection.min_size_px has been changed to 50
[2025-10-19 02:16:25] INFO: detection.min_size_px has been changed to 49
[2025-10-19 02:16:25] INFO: detection.min_size_px has been changed to 48
[2025-10-19 02:16:25] INFO: detection.min_size_px has been changed to 47
[2025-10-19 02:16:25] INFO: detection.min_size_px has been changed to 46
[2025-10-19 02:16:25] INFO: detection.min_size_px has been changed to 45
[2025-10-19 02:16:25] INFO: detection.min_size_px has been changed to 44
[2025-10-19 02:16:25] INFO: detection.min_size_px has been changed to 43
[2025-10-19 02:16:25] INFO: detection.min_size_px has been changed to 42
[2025-10-19 02:16:25] INFO: detection.min_size_px has been changed to 41
[2025-10-19 02:16:25] INFO: detection.min_size_px has been changed to 40
[2025-10-19 02:16:25] INFO: detection.min_size_px has been changed to 39
[2025-10-19 02:16:25] INFO: [Recognition] Scores: S12342 - wyn=0.695 S13234 - Jin_Rae=0.846 
[2025-10-19 02:16:25] INFO: [Decision] Best=S13234 - Jin_Rae(0.846), 2nd=0.695, Discriminative=0.603, AvgNeg=0.695
[2025-10-19 02:16:25] INFO: [Thresholds] Abs=0.612, Margin=0.112(13.2%), RelMargin=17.9%, Tightness=0.883, StdDev=0.039
[2025-10-19 02:16:25] INFO: [Decision] ACCEPT: Tier 1 - Absolute + Strong Margin (10%)
[2025-10-19 02:16:25] INFO: [Recognition] Scores: S12342 - wyn=0.682 S13234 - Jin_Rae=0.789 
[2025-10-19 02:16:25] INFO: [Decision] Best=S13234 - Jin_Rae(0.789), 2nd=0.682, Discriminative=0.550, AvgNeg=0.682
[2025-10-19 02:16:25] INFO: [Thresholds] Abs=0.612, Margin=0.112(14.2%), RelMargin=13.6%, Tightness=0.883, StdDev=0.039
[2025-10-19 02:16:25] INFO: [Decision] ACCEPT: Tier 1 - Absolute + Strong Margin (10%)
[2025-10-19 02:16:26] INFO: [Recognition] Scores: S12342 - wyn=0.705 S13234 - Jin_Rae=0.802 
[2025-10-19 02:16:26] INFO: [Decision] Best=S13234 - Jin_Rae(0.802), 2nd=0.705, Discriminative=0.555, AvgNeg=0.705
[2025-10-19 02:16:26] INFO: [Thresholds] Abs=0.612, Margin=0.112(13.9%), RelMargin=12.1%, Tightness=0.883, StdDev=0.039
[2025-10-19 02:16:26] INFO: [Decision] ACCEPT: Tier 1 - Absolute + Strong Margin (10%)
[2025-10-19 02:16:26] INFO: detection.min_size_px has been changed to 40
[2025-10-19 02:16:26] INFO: detection.min_size_px has been changed to 41
[2025-10-19 02:16:26] INFO: detection.min_size_px has been changed to 42
[2025-10-19 02:16:26] INFO: detection.min_size_px has been changed to 43
[2025-10-19 02:16:26] INFO: detection.min_size_px has been changed to 44
[2025-10-19 02:16:26] INFO: detection.min_size_px has been changed to 45
[2025-10-19 02:16:26] INFO: detection.min_size_px has been changed to 46
[2025-10-19 02:16:26] INFO: detection.min_size_px has been changed to 47
[2025-10-19 02:16:26] INFO: detection.min_size_px has been changed to 48
[2025-10-19 02:16:26] INFO: detection.min_size_px has been changed to 49
[2025-10-19 02:16:26] INFO: detection.min_size_px has been changed to 50
[2025-10-19 02:16:26] INFO: detection.min_size_px has been changed to 51
[2025-10-19 02:16:26] INFO: detection.min_size_px has been changed to 52
[2025-10-19 02:16:26] INFO: detection.min_size_px has been changed to 53
[2025-10-19 02:16:26] INFO: detection.min_size_px has been changed to 54
[2025-10-19 02:16:26] INFO: detection.min_size_px has been changed to 55
[2025-10-19 02:16:26] INFO: detection.min_size_px has been changed to 56
[2025-10-19 02:16:26] INFO: detection.min_size_px has been changed to 57
[2025-10-19 02:16:26] INFO: [Recognition] Scores: S12342 - wyn=0.741 S13234 - Jin_Rae=0.818 
[2025-10-19 02:16:26] INFO: [Decision] Best=S13234 - Jin_Rae(0.818), 2nd=0.741, Discriminative=0.559, AvgNeg=0.741
[2025-10-19 02:16:26] INFO: [Thresholds] Abs=0.612, Margin=0.112(13.7%), RelMargin=9.5%, Tightness=0.883, StdDev=0.039
[2025-10-19 02:16:26] INFO: [Decision] ACCEPT: Tier 2 - Absolute + Consistency (8 frames)
[2025-10-19 02:16:26] INFO: detection.min_size_px has been changed to 58
[2025-10-19 02:16:26] INFO: detection.min_size_px has been changed to 59
[2025-10-19 02:16:26] INFO: detection.min_size_px has been changed to 60
[2025-10-19 02:16:26] INFO: detection.min_size_px has been changed to 61
[2025-10-19 02:16:26] INFO: detection.min_size_px has been changed to 62
[2025-10-19 02:16:26] INFO: detection.min_size_px has been changed to 63
[2025-10-19 02:16:26] INFO: detection.min_size_px has been changed to 64
[2025-10-19 02:16:26] INFO: detection.min_size_px has been changed to 65
[2025-10-19 02:16:26] INFO: detection.min_size_px has been changed to 66
[2025-10-19 02:16:26] INFO: detection.min_size_px has been changed to 67
[2025-10-19 02:16:26] INFO: detection.min_size_px has been changed to 68
[2025-10-19 02:16:26] INFO: detection.min_size_px has been changed to 69
[2025-10-19 02:16:26] INFO: detection.min_size_px has been changed to 70
[2025-10-19 02:16:26] INFO: detection.min_size_px has been changed to 71
[2025-10-19 02:16:26] INFO: detection.min_size_px has been changed to 73
[2025-10-19 02:16:26] INFO: detection.min_size_px has been changed to 74
[2025-10-19 02:16:26] INFO: detection.min_size_px has been changed to 75
[2025-10-19 02:16:26] INFO: detection.min_size_px has been changed to 76
[2025-10-19 02:16:26] INFO: detection.min_size_px has been changed to 77
[2025-10-19 02:16:26] INFO: detection.min_size_px has been changed to 78
[2025-10-19 02:16:26] INFO: detection.min_size_px has been changed to 79
[2025-10-19 02:16:26] INFO: detection.min_size_px has been changed to 80
[2025-10-19 02:16:26] INFO: detection.min_size_px has been changed to 81
[2025-10-19 02:16:26] INFO: detection.min_size_px has been changed to 82
[2025-10-19 02:16:26] INFO: detection.min_size_px has been changed to 83
[2025-10-19 02:16:26] INFO: detection.min_size_px has been changed to 84
[2025-10-19 02:16:26] INFO: detection.min_size_px has been changed to 85
[2025-10-19 02:16:26] INFO: detection.min_size_px has been changed to 86
[2025-10-19 02:16:26] INFO: detection.min_size_px has been changed to 88
[2025-10-19 02:16:26] INFO: detection.min_size_px has been changed to 89
[2025-10-19 02:16:26] INFO: detection.min_size_px has been changed to 91
[2025-10-19 02:16:26] INFO: detection.min_size_px has been changed to 93
[2025-10-19 02:16:26] INFO: detection.min_size_px has been changed to 94
[2025-10-19 02:16:26] INFO: detection.min_size_px has been changed to 95
[2025-10-19 02:16:26] INFO: detection.min_size_px has been changed to 96
[2025-10-19 02:16:26] INFO: detection.min_size_px has been changed to 97
[2025-10-19 02:16:26] INFO: detection.min_size_px has been changed to 98
[2025-10-19 02:16:26] INFO: detection.min_size_px has been changed to 99
[2025-10-19 02:16:26] INFO: [Recognition] Scores: S12342 - wyn=0.729 S13234 - Jin_Rae=0.831 
[2025-10-19 02:16:26] INFO: [Decision] Best=S13234 - Jin_Rae(0.831), 2nd=0.729, Discriminative=0.575, AvgNeg=0.729
[2025-10-19 02:16:26] INFO: [Thresholds] Abs=0.612, Margin=0.112(13.4%), RelMargin=12.3%, Tightness=0.883, StdDev=0.039
[2025-10-19 02:16:26] INFO: [Decision] ACCEPT: Tier 1 - Absolute + Strong Margin (10%)
[2025-10-19 02:16:26] INFO: detection.min_size_px has been changed to 100
[2025-10-19 02:16:26] INFO: detection.min_size_px has been changed to 102
[2025-10-19 02:16:26] INFO: detection.min_size_px has been changed to 104
[2025-10-19 02:16:26] INFO: detection.min_size_px has been changed to 105
[2025-10-19 02:16:26] INFO: detection.min_size_px has been changed to 106
[2025-10-19 02:16:26] INFO: detection.min_size_px has been changed to 107
[2025-10-19 02:16:26] INFO: detection.min_size_px has been changed to 108
[2025-10-19 02:16:26] INFO: detection.min_size_px has been changed to 109
[2025-10-19 02:16:26] INFO: detection.min_size_px has been changed to 110
[2025-10-19 02:16:26] INFO: detection.min_size_px has been changed to 111
[2025-10-19 02:16:26] INFO: detection.min_size_px has been changed to 112
[2025-10-19 02:16:26] INFO: detection.min_size_px has been changed to 113
[2025-10-19 02:16:26] INFO: detection.min_size_px has been changed to 114
[2025-10-19 02:16:26] INFO: detection.min_size_px has been changed to 115
[2025-10-19 02:16:26] INFO: detection.min_size_px has been changed to 116
[2025-10-19 02:16:26] INFO: detection.min_size_px has been changed to 117
[2025-10-19 02:16:26] INFO: detection.min_size_px has been changed to 118
[2025-10-19 02:16:26] INFO: detection.min_size_px has been changed to 120
[2025-10-19 02:16:26] INFO: detection.min_size_px has been changed to 121
[2025-10-19 02:16:26] INFO: detection.min_size_px has been changed to 122
[2025-10-19 02:16:26] INFO: detection.min_size_px has been changed to 123
[2025-10-19 02:16:26] INFO: detection.min_size_px has been changed to 124
[2025-10-19 02:16:26] INFO: detection.min_size_px has been changed to 125
[2025-10-19 02:16:26] INFO: detection.min_size_px has been changed to 127
[2025-10-19 02:16:26] INFO: detection.min_size_px has been changed to 129
[2025-10-19 02:16:26] INFO: detection.min_size_px has been changed to 130
[2025-10-19 02:16:26] INFO: detection.min_size_px has been changed to 131
[2025-10-19 02:16:26] INFO: detection.min_size_px has been changed to 133
[2025-10-19 02:16:26] INFO: detection.min_size_px has been changed to 134
[2025-10-19 02:16:26] INFO: detection.min_size_px has been changed to 135
[2025-10-19 02:16:26] INFO: detection.min_size_px has been changed to 136
[2025-10-19 02:16:26] INFO: detection.min_size_px has been changed to 137
[2025-10-19 02:16:26] INFO: detection.min_size_px has been changed to 138
[2025-10-19 02:16:26] INFO: detection.min_size_px has been changed to 139
[2025-10-19 02:16:26] INFO: detection.min_size_px has been changed to 140
[2025-10-19 02:16:26] INFO: detection.min_size_px has been changed to 141
[2025-10-19 02:16:26] INFO: detection.min_size_px has been changed to 142
[2025-10-19 02:16:26] INFO: detection.min_size_px has been changed to 144
[2025-10-19 02:16:26] INFO: detection.min_size_px has been changed to 145
[2025-10-19 02:16:26] INFO: detection.min_size_px has been changed to 146
[2025-10-19 02:16:26] INFO: detection.min_size_px has been changed to 147
[2025-10-19 02:16:26] INFO: detection.min_size_px has been changed to 148
[2025-10-19 02:16:26] INFO: detection.min_size_px has been changed to 149
[2025-10-19 02:16:26] INFO: detection.min_size_px has been changed to 150
[2025-10-19 02:16:26] INFO: detection.min_size_px has been changed to 151
[2025-10-19 02:16:26] INFO: detection.min_size_px has been changed to 152
[2025-10-19 02:16:26] INFO: detection.min_size_px has been changed to 153
[2025-10-19 02:16:26] INFO: detection.min_size_px has been changed to 154
[2025-10-19 02:16:26] INFO: detection.min_size_px has been changed to 155
[2025-10-19 02:16:26] INFO: detection.min_size_px has been changed to 156
[2025-10-19 02:16:26] INFO: detection.min_size_px has been changed to 157
[2025-10-19 02:16:26] INFO: detection.min_size_px has been changed to 158
[2025-10-19 02:16:26] INFO: detection.min_size_px has been changed to 159
[2025-10-19 02:16:26] INFO: detection.min_size_px has been changed to 160
[2025-10-19 02:16:26] INFO: detection.min_size_px has been changed to 161
[2025-10-19 02:16:26] INFO: detection.min_size_px has been changed to 162
[2025-10-19 02:16:26] INFO: detection.min_size_px has been changed to 163
[2025-10-19 02:16:26] INFO: detection.min_size_px has been changed to 164
[2025-10-19 02:16:26] INFO: detection.min_size_px has been changed to 165
[2025-10-19 02:16:26] INFO: detection.min_size_px has been changed to 166
[2025-10-19 02:16:26] INFO: detection.min_size_px has been changed to 167
[2025-10-19 02:16:26] INFO: [Recognition] Scores: S12342 - wyn=0.712 S13234 - Jin_Rae=0.803 
[2025-10-19 02:16:26] INFO: [Decision] Best=S13234 - Jin_Rae(0.803), 2nd=0.712, Discriminative=0.554, AvgNeg=0.712
[2025-10-19 02:16:26] INFO: [Thresholds] Abs=0.612, Margin=0.112(13.9%), RelMargin=11.4%, Tightness=0.883, StdDev=0.039
[2025-10-19 02:16:26] INFO: [Decision] ACCEPT: Tier 1 - Absolute + Strong Margin (10%)
[2025-10-19 02:16:26] INFO: detection.min_size_px has been changed to 168
[2025-10-19 02:16:26] INFO: detection.min_size_px has been changed to 169
[2025-10-19 02:16:26] INFO: detection.min_size_px has been changed to 170
[2025-10-19 02:16:26] INFO: detection.min_size_px has been changed to 171
[2025-10-19 02:16:26] INFO: detection.min_size_px has been changed to 172
[2025-10-19 02:16:26] INFO: detection.min_size_px has been changed to 173
[2025-10-19 02:16:26] INFO: detection.min_size_px has been changed to 174
[2025-10-19 02:16:26] INFO: detection.min_size_px has been changed to 175
[2025-10-19 02:16:26] INFO: detection.min_size_px has been changed to 176
[2025-10-19 02:16:26] INFO: detection.min_size_px has been changed to 177
[2025-10-19 02:16:26] INFO: detection.min_size_px has been changed to 178
[2025-10-19 02:16:26] INFO: detection.min_size_px has been changed to 179
[2025-10-19 02:16:26] INFO: detection.min_size_px has been changed to 180
[2025-10-19 02:16:26] INFO: detection.min_size_px has been changed to 181
[2025-10-19 02:16:26] INFO: detection.min_size_px has been changed to 182
[2025-10-19 02:16:26] INFO: detection.min_size_px has been changed to 183
[2025-10-19 02:16:26] INFO: detection.min_size_px has been changed to 184
[2025-10-19 02:16:26] INFO: detection.min_size_px has been changed to 185
[2025-10-19 02:16:26] INFO: detection.min_size_px has been changed to 186
[2025-10-19 02:16:26] INFO: detection.min_size_px has been changed to 187
[2025-10-19 02:16:26] INFO: [Recognition] Scores: S12342 - wyn=0.739 S13234 - Jin_Rae=0.827 
[2025-10-19 02:16:26] INFO: [Decision] Best=S13234 - Jin_Rae(0.827), 2nd=0.739, Discriminative=0.569, AvgNeg=0.739
[2025-10-19 02:16:26] INFO: [Thresholds] Abs=0.612, Margin=0.112(13.5%), RelMargin=10.7%, Tightness=0.883, StdDev=0.039
[2025-10-19 02:16:26] INFO: [Decision] ACCEPT: Tier 1 - Absolute + Strong Margin (10%)
[2025-10-19 02:16:27] INFO: [Recognition] Scores: S12342 - wyn=0.727 S13234 - Jin_Rae=0.819 
[2025-10-19 02:16:27] INFO: [Decision] Best=S13234 - Jin_Rae(0.819), 2nd=0.727, Discriminative=0.565, AvgNeg=0.727
[2025-10-19 02:16:27] INFO: [Thresholds] Abs=0.612, Margin=0.112(13.6%), RelMargin=11.2%, Tightness=0.883, StdDev=0.039
[2025-10-19 02:16:27] INFO: [Decision] ACCEPT: Tier 1 - Absolute + Strong Margin (10%)
[2025-10-19 02:16:27] INFO: [Recognition] Scores: S12342 - wyn=0.735 S13234 - Jin_Rae=0.817 
[2025-10-19 02:16:27] INFO: [Decision] Best=S13234 - Jin_Rae(0.817), 2nd=0.735, Discriminative=0.560, AvgNeg=0.735
[2025-10-19 02:16:27] INFO: [Thresholds] Abs=0.612, Margin=0.112(13.7%), RelMargin=10.1%, Tightness=0.883, StdDev=0.039
[2025-10-19 02:16:27] INFO: [Decision] ACCEPT: Tier 1 - Absolute + Strong Margin (10%)
[2025-10-19 02:16:27] INFO: detection.min_size_px has been changed to 186
[2025-10-19 02:16:27] INFO: detection.min_size_px has been changed to 185
[2025-10-19 02:16:27] INFO: detection.min_size_px has been changed to 184
[2025-10-19 02:16:27] INFO: detection.min_size_px has been changed to 183
[2025-10-19 02:16:27] INFO: detection.min_size_px has been changed to 182
[2025-10-19 02:16:27] INFO: detection.min_size_px has been changed to 181
[2025-10-19 02:16:27] INFO: detection.min_size_px has been changed to 180
[2025-10-19 02:16:27] INFO: detection.min_size_px has been changed to 179
[2025-10-19 02:16:27] INFO: detection.min_size_px has been changed to 178
[2025-10-19 02:16:27] INFO: detection.min_size_px has been changed to 177
[2025-10-19 02:16:27] INFO: [Recognition] Scores: S12342 - wyn=0.757 S13234 - Jin_Rae=0.809 
[2025-10-19 02:16:27] INFO: [Decision] Best=S13234 - Jin_Rae(0.809), 2nd=0.757, Discriminative=0.544, AvgNeg=0.757
[2025-10-19 02:16:27] INFO: [Thresholds] Abs=0.612, Margin=0.112(13.8%), RelMargin=6.4%, Tightness=0.883, StdDev=0.039
[2025-10-19 02:16:27] INFO: [Decision] ACCEPT: Tier 2 - Absolute + Consistency (8 frames)
[2025-10-19 02:16:27] INFO: detection.min_size_px has been changed to 176
[2025-10-19 02:16:27] INFO: detection.min_size_px has been changed to 174
[2025-10-19 02:16:27] INFO: detection.min_size_px has been changed to 173
[2025-10-19 02:16:27] INFO: detection.min_size_px has been changed to 172
[2025-10-19 02:16:27] INFO: detection.min_size_px has been changed to 171
[2025-10-19 02:16:27] INFO: detection.min_size_px has been changed to 170
[2025-10-19 02:16:27] INFO: detection.min_size_px has been changed to 169
[2025-10-19 02:16:27] INFO: detection.min_size_px has been changed to 168
[2025-10-19 02:16:27] INFO: detection.min_size_px has been changed to 167
[2025-10-19 02:16:27] INFO: detection.min_size_px has been changed to 166
[2025-10-19 02:16:27] INFO: detection.min_size_px has been changed to 165
[2025-10-19 02:16:27] INFO: detection.min_size_px has been changed to 164
[2025-10-19 02:16:27] INFO: detection.min_size_px has been changed to 163
[2025-10-19 02:16:27] INFO: detection.min_size_px has been changed to 161
[2025-10-19 02:16:27] INFO: detection.min_size_px has been changed to 160
[2025-10-19 02:16:27] INFO: detection.min_size_px has been changed to 158
[2025-10-19 02:16:27] INFO: detection.min_size_px has been changed to 157
[2025-10-19 02:16:27] INFO: detection.min_size_px has been changed to 156
[2025-10-19 02:16:27] INFO: detection.min_size_px has been changed to 154
[2025-10-19 02:16:27] INFO: detection.min_size_px has been changed to 153
[2025-10-19 02:16:27] INFO: detection.min_size_px has been changed to 152
[2025-10-19 02:16:27] INFO: detection.min_size_px has been changed to 151
[2025-10-19 02:16:27] INFO: detection.min_size_px has been changed to 150
[2025-10-19 02:16:27] INFO: detection.min_size_px has been changed to 149
[2025-10-19 02:16:27] INFO: detection.min_size_px has been changed to 148
[2025-10-19 02:16:27] INFO: detection.min_size_px has been changed to 147
[2025-10-19 02:16:27] INFO: detection.min_size_px has been changed to 146
[2025-10-19 02:16:27] INFO: detection.min_size_px has been changed to 145
[2025-10-19 02:16:27] INFO: detection.min_size_px has been changed to 144
[2025-10-19 02:16:27] INFO: detection.min_size_px has been changed to 143
[2025-10-19 02:16:27] INFO: detection.min_size_px has been changed to 142
[2025-10-19 02:16:27] INFO: detection.min_size_px has been changed to 141
[2025-10-19 02:16:27] INFO: detection.min_size_px has been changed to 140
[2025-10-19 02:16:27] INFO: detection.min_size_px has been changed to 139
[2025-10-19 02:16:27] INFO: detection.min_size_px has been changed to 138
[2025-10-19 02:16:27] INFO: detection.min_size_px has been changed to 137
[2025-10-19 02:16:27] INFO: detection.min_size_px has been changed to 136
[2025-10-19 02:16:27] INFO: detection.min_size_px has been changed to 135
[2025-10-19 02:16:27] INFO: detection.min_size_px has been changed to 134
[2025-10-19 02:16:27] INFO: detection.min_size_px has been changed to 133
[2025-10-19 02:16:27] INFO: detection.min_size_px has been changed to 132
[2025-10-19 02:16:27] INFO: detection.min_size_px has been changed to 131
[2025-10-19 02:16:27] INFO: detection.min_size_px has been changed to 130
[2025-10-19 02:16:27] INFO: detection.min_size_px has been changed to 129
[2025-10-19 02:16:27] INFO: detection.min_size_px has been changed to 128
[2025-10-19 02:16:27] INFO: detection.min_size_px has been changed to 127
[2025-10-19 02:16:27] INFO: detection.min_size_px has been changed to 126
[2025-10-19 02:16:27] INFO: detection.min_size_px has been changed to 125
[2025-10-19 02:16:27] INFO: detection.min_size_px has been changed to 124
[2025-10-19 02:16:27] INFO: detection.min_size_px has been changed to 123
[2025-10-19 02:16:27] INFO: detection.min_size_px has been changed to 122
[2025-10-19 02:16:27] INFO: detection.min_size_px has been changed to 121
[2025-10-19 02:16:27] INFO: [Recognition] Scores: S12342 - wyn=0.736 S13234 - Jin_Rae=0.839 
[2025-10-19 02:16:27] INFO: [Decision] Best=S13234 - Jin_Rae(0.839), 2nd=0.736, Discriminative=0.581, AvgNeg=0.736
[2025-10-19 02:16:27] INFO: [Thresholds] Abs=0.612, Margin=0.112(13.3%), RelMargin=12.3%, Tightness=0.883, StdDev=0.039
[2025-10-19 02:16:27] INFO: [Decision] ACCEPT: Tier 1 - Absolute + Strong Margin (10%)
[2025-10-19 02:16:27] INFO: detection.min_size_px has been changed to 120
[2025-10-19 02:16:27] INFO: detection.min_size_px has been changed to 119
[2025-10-19 02:16:27] INFO: detection.min_size_px has been changed to 118
[2025-10-19 02:16:27] INFO: detection.min_size_px has been changed to 117
[2025-10-19 02:16:27] INFO: detection.min_size_px has been changed to 116
[2025-10-19 02:16:27] INFO: detection.min_size_px has been changed to 115
[2025-10-19 02:16:27] INFO: detection.min_size_px has been changed to 114
[2025-10-19 02:16:27] INFO: detection.min_size_px has been changed to 113
[2025-10-19 02:16:27] INFO: detection.min_size_px has been changed to 112
[2025-10-19 02:16:27] INFO: detection.min_size_px has been changed to 111
[2025-10-19 02:16:27] INFO: detection.min_size_px has been changed to 110
[2025-10-19 02:16:27] INFO: detection.min_size_px has been changed to 109
[2025-10-19 02:16:27] INFO: detection.min_size_px has been changed to 108
[2025-10-19 02:16:27] INFO: detection.min_size_px has been changed to 107
[2025-10-19 02:16:27] INFO: detection.min_size_px has been changed to 106
[2025-10-19 02:16:27] INFO: detection.min_size_px has been changed to 105
[2025-10-19 02:16:27] INFO: detection.min_size_px has been changed to 104
[2025-10-19 02:16:27] INFO: detection.min_size_px has been changed to 103
[2025-10-19 02:16:27] INFO: detection.min_size_px has been changed to 102
[2025-10-19 02:16:27] INFO: detection.min_size_px has been changed to 101
[2025-10-19 02:16:27] INFO: detection.min_size_px has been changed to 100
[2025-10-19 02:16:27] INFO: detection.min_size_px has been changed to 99
[2025-10-19 02:16:27] INFO: detection.min_size_px has been changed to 98
[2025-10-19 02:16:27] INFO: detection.min_size_px has been changed to 97
[2025-10-19 02:16:27] INFO: detection.min_size_px has been changed to 96
[2025-10-19 02:16:27] INFO: detection.min_size_px has been changed to 95
[2025-10-19 02:16:27] INFO: detection.min_size_px has been changed to 94
[2025-10-19 02:16:27] INFO: detection.min_size_px has been changed to 93
[2025-10-19 02:16:27] INFO: detection.min_size_px has been changed to 92
[2025-10-19 02:16:27] INFO: detection.min_size_px has been changed to 91
[2025-10-19 02:16:27] INFO: detection.min_size_px has been changed to 90
[2025-10-19 02:16:27] INFO: detection.min_size_px has been changed to 89
[2025-10-19 02:16:27] INFO: detection.min_size_px has been changed to 88
[2025-10-19 02:16:27] INFO: detection.min_size_px has been changed to 87
[2025-10-19 02:16:27] INFO: detection.min_size_px has been changed to 86
[2025-10-19 02:16:28] INFO: detection.min_size_px has been changed to 85
[2025-10-19 02:16:28] INFO: detection.min_size_px has been changed to 84
[2025-10-19 02:16:28] INFO: detection.min_size_px has been changed to 83
[2025-10-19 02:16:28] INFO: detection.min_size_px has been changed to 82
[2025-10-19 02:16:28] INFO: detection.min_size_px has been changed to 81
[2025-10-19 02:16:28] INFO: [Recognition] Scores: S12342 - wyn=0.724 S13234 - Jin_Rae=0.818 
[2025-10-19 02:16:28] INFO: [Decision] Best=S13234 - Jin_Rae(0.818), 2nd=0.724, Discriminative=0.565, AvgNeg=0.724
[2025-10-19 02:16:28] INFO: [Thresholds] Abs=0.612, Margin=0.112(13.6%), RelMargin=11.5%, Tightness=0.883, StdDev=0.039
[2025-10-19 02:16:28] INFO: [Decision] ACCEPT: Tier 1 - Absolute + Strong Margin (10%)
[2025-10-19 02:16:28] INFO: detection.min_size_px has been changed to 80
[2025-10-19 02:16:28] INFO: detection.min_size_px has been changed to 79
[2025-10-19 02:16:28] INFO: detection.min_size_px has been changed to 78
[2025-10-19 02:16:28] INFO: detection.min_size_px has been changed to 77
[2025-10-19 02:16:28] INFO: detection.min_size_px has been changed to 76
[2025-10-19 02:16:28] INFO: detection.min_size_px has been changed to 75
[2025-10-19 02:16:28] INFO: detection.min_size_px has been changed to 74
[2025-10-19 02:16:28] INFO: detection.min_size_px has been changed to 73
[2025-10-19 02:16:28] INFO: detection.min_size_px has been changed to 72
[2025-10-19 02:16:28] INFO: [Recognition] Scores: S12342 - wyn=0.727 S13234 - Jin_Rae=0.819 
[2025-10-19 02:16:28] INFO: [Decision] Best=S13234 - Jin_Rae(0.819), 2nd=0.727, Discriminative=0.564, AvgNeg=0.727
[2025-10-19 02:16:28] INFO: [Thresholds] Abs=0.612, Margin=0.112(13.6%), RelMargin=11.2%, Tightness=0.883, StdDev=0.039
[2025-10-19 02:16:28] INFO: [Decision] ACCEPT: Tier 1 - Absolute + Strong Margin (10%)
[2025-10-19 02:16:28] INFO: detection.min_size_px has been changed to 72
[2025-10-19 02:16:28] INFO: [Recognition] Scores: S12342 - wyn=0.780 S13234 - Jin_Rae=0.811 
[2025-10-19 02:16:28] INFO: [Decision] Best=S13234 - Jin_Rae(0.811), 2nd=0.780, Discriminative=0.538, AvgNeg=0.780
[2025-10-19 02:16:28] INFO: [Thresholds] Abs=0.612, Margin=0.112(13.8%), RelMargin=3.9%, Tightness=0.883, StdDev=0.039
[2025-10-19 02:16:28] INFO: [Decision] ACCEPT: Tier 2 - Absolute + Consistency (8 frames)
[2025-10-19 02:16:28] INFO: [Recognition] Scores: S12342 - wyn=0.738 S13234 - Jin_Rae=0.809 
[2025-10-19 02:16:28] INFO: [Decision] Best=S13234 - Jin_Rae(0.809), 2nd=0.738, Discriminative=0.550, AvgNeg=0.738
[2025-10-19 02:16:28] INFO: [Thresholds] Abs=0.612, Margin=0.112(13.8%), RelMargin=8.8%, Tightness=0.883, StdDev=0.039
[2025-10-19 02:16:28] INFO: [Decision] ACCEPT: Tier 2 - Absolute + Consistency (8 frames)
[2025-10-19 02:16:28] INFO: [Recognition] Scores: S12342 - wyn=0.741 S13234 - Jin_Rae=0.790 
[2025-10-19 02:16:28] INFO: [Decision] Best=S13234 - Jin_Rae(0.790), 2nd=0.741, Discriminative=0.531, AvgNeg=0.741
[2025-10-19 02:16:28] INFO: [Thresholds] Abs=0.612, Margin=0.112(14.1%), RelMargin=6.2%, Tightness=0.883, StdDev=0.039
[2025-10-19 02:16:28] INFO: [Decision] ACCEPT: Tier 2 - Absolute + Consistency (8 frames)
[2025-10-19 02:16:29] INFO: detection.min.neighbors has been changed to 8
[2025-10-19 02:16:29] INFO: [Recognition] Scores: S12342 - wyn=0.738 S13234 - Jin_Rae=0.775 
[2025-10-19 02:16:29] INFO: [Decision] Best=S13234 - Jin_Rae(0.775), 2nd=0.738, Discriminative=0.516, AvgNeg=0.738
[2025-10-19 02:16:29] INFO: [Thresholds] Abs=0.612, Margin=0.112(14.4%), RelMargin=4.7%, Tightness=0.883, StdDev=0.039
[2025-10-19 02:16:29] INFO: [Decision] ACCEPT: Tier 2 - Absolute + Consistency (8 frames)
[2025-10-19 02:16:29] INFO: detection.min.neighbors has been changed to 7
[2025-10-19 02:16:29] INFO: detection.min.neighbors has been changed to 6
[2025-10-19 02:16:29] INFO: detection.min.neighbors has been changed to 5
[2025-10-19 02:16:29] INFO: [Recognition] Scores: S12342 - wyn=0.728 S13234 - Jin_Rae=0.770 
[2025-10-19 02:16:29] INFO: [Decision] Best=S13234 - Jin_Rae(0.770), 2nd=0.728, Discriminative=0.515, AvgNeg=0.728
[2025-10-19 02:16:29] INFO: [Thresholds] Abs=0.612, Margin=0.112(14.5%), RelMargin=5.5%, Tightness=0.883, StdDev=0.039
[2025-10-19 02:16:29] INFO: [Decision] ACCEPT: Tier 2 - Absolute + Consistency (8 frames)
[2025-10-19 02:16:29] INFO: [Recognition] Scores: S12342 - wyn=0.690 S13234 - Jin_Rae=0.779 
[2025-10-19 02:16:29] INFO: [Decision] Best=S13234 - Jin_Rae(0.779), 2nd=0.690, Discriminative=0.538, AvgNeg=0.690
[2025-10-19 02:16:29] INFO: [Thresholds] Abs=0.612, Margin=0.112(14.3%), RelMargin=11.4%, Tightness=0.883, StdDev=0.039
[2025-10-19 02:16:29] INFO: [Decision] ACCEPT: Tier 1 - Absolute + Strong Margin (10%)
[2025-10-19 02:16:29] INFO: detection.min.neighbors has been changed to 6
[2025-10-19 02:16:29] INFO: [Recognition] Scores: S12342 - wyn=0.753 S13234 - Jin_Rae=0.771 
[2025-10-19 02:16:29] INFO: [Decision] Best=S13234 - Jin_Rae(0.771), 2nd=0.753, Discriminative=0.508, AvgNeg=0.753
[2025-10-19 02:16:29] INFO: [Thresholds] Abs=0.612, Margin=0.112(14.5%), RelMargin=2.3%, Tightness=0.883, StdDev=0.039
[2025-10-19 02:16:29] INFO: [Decision] ACCEPT: Tier 2 - Absolute + Consistency (8 frames)
[2025-10-19 02:16:29] INFO: detection.min.neighbors has been changed to 7
[2025-10-19 02:16:29] INFO: [Recognition] Scores: S12342 - wyn=0.723 S13234 - Jin_Rae=0.814 
[2025-10-19 02:16:29] INFO: [Decision] Best=S13234 - Jin_Rae(0.814), 2nd=0.723, Discriminative=0.561, AvgNeg=0.723
[2025-10-19 02:16:29] INFO: [Thresholds] Abs=0.612, Margin=0.112(13.7%), RelMargin=11.1%, Tightness=0.883, StdDev=0.039
[2025-10-19 02:16:29] INFO: [Decision] ACCEPT: Tier 1 - Absolute + Strong Margin (10%)
[2025-10-19 02:16:30] INFO: detection.min.neighbors has been changed to 8
[2025-10-19 02:16:30] INFO: [Recognition] Scores: S12342 - wyn=0.669 S13234 - Jin_Rae=0.779 
[2025-10-19 02:16:30] INFO: [Decision] Best=S13234 - Jin_Rae(0.779), 2nd=0.669, Discriminative=0.545, AvgNeg=0.669
[2025-10-19 02:16:30] INFO: [Thresholds] Abs=0.612, Margin=0.112(14.3%), RelMargin=14.1%, Tightness=0.883, StdDev=0.039
[2025-10-19 02:16:30] INFO: [Decision] ACCEPT: Tier 1 - Absolute + Strong Margin (10%)
[2025-10-19 02:16:30] INFO: detection.min.neighbors has been changed to 9
[2025-10-19 02:16:30] INFO: [Recognition] Scores: S12342 - wyn=0.658 S13234 - Jin_Rae=0.772 
[2025-10-19 02:16:30] INFO: [Decision] Best=S13234 - Jin_Rae(0.772), 2nd=0.658, Discriminative=0.542, AvgNeg=0.658
[2025-10-19 02:16:30] INFO: [Thresholds] Abs=0.612, Margin=0.112(14.5%), RelMargin=14.8%, Tightness=0.883, StdDev=0.039
[2025-10-19 02:16:30] INFO: [Decision] ACCEPT: Tier 1 - Absolute + Strong Margin (10%)
[2025-10-19 02:16:30] INFO: [Recognition] Scores: S12342 - wyn=0.718 S13234 - Jin_Rae=0.803 
[2025-10-19 02:16:30] INFO: [Decision] Best=S13234 - Jin_Rae(0.803), 2nd=0.718, Discriminative=0.552, AvgNeg=0.718
[2025-10-19 02:16:30] INFO: [Thresholds] Abs=0.612, Margin=0.112(13.9%), RelMargin=10.6%, Tightness=0.883, StdDev=0.039
[2025-10-19 02:16:30] INFO: [Decision] ACCEPT: Tier 1 - Absolute + Strong Margin (10%)
[2025-10-19 02:16:30] INFO: [Recognition] Scores: S12342 - wyn=0.676 S13234 - Jin_Rae=0.808 
[2025-10-19 02:16:30] INFO: [Decision] Best=S13234 - Jin_Rae(0.808), 2nd=0.676, Discriminative=0.571, AvgNeg=0.676
[2025-10-19 02:16:30] INFO: [Thresholds] Abs=0.612, Margin=0.112(13.8%), RelMargin=16.3%, Tightness=0.883, StdDev=0.039
[2025-10-19 02:16:30] INFO: [Decision] ACCEPT: Tier 1 - Absolute + Strong Margin (10%)
[2025-10-19 02:16:30] INFO: detection.min.neighbors has been changed to 8
[2025-10-19 02:16:31] INFO: detection.min.neighbors has been changed to 7
[2025-10-19 02:16:31] INFO: [Recognition] Scores: S12342 - wyn=0.712 S13234 - Jin_Rae=0.778 
[2025-10-19 02:16:31] INFO: [Decision] Best=S13234 - Jin_Rae(0.778), 2nd=0.712, Discriminative=0.529, AvgNeg=0.712
[2025-10-19 02:16:31] INFO: [Thresholds] Abs=0.612, Margin=0.112(14.4%), RelMargin=8.5%, Tightness=0.883, StdDev=0.039
[2025-10-19 02:16:31] INFO: [Decision] ACCEPT: Tier 2 - Absolute + Consistency (8 frames)
[2025-10-19 02:16:31] INFO: detection.min.neighbors has been changed to 6
[2025-10-19 02:16:31] INFO: [Recognition] Scores: S12342 - wyn=0.705 S13234 - Jin_Rae=0.779 
[2025-10-19 02:16:31] INFO: [Decision] Best=S13234 - Jin_Rae(0.779), 2nd=0.705, Discriminative=0.532, AvgNeg=0.705
[2025-10-19 02:16:31] INFO: [Thresholds] Abs=0.612, Margin=0.112(14.3%), RelMargin=9.4%, Tightness=0.883, StdDev=0.039
[2025-10-19 02:16:31] INFO: [Decision] ACCEPT: Tier 2 - Absolute + Consistency (8 frames)
[2025-10-19 02:16:31] INFO: detection.min.neighbors has been changed to 5
[2025-10-19 02:16:31] INFO: [Recognition] Scores: S12342 - wyn=0.687 S13234 - Jin_Rae=0.788 
[2025-10-19 02:16:31] INFO: [Decision] Best=S13234 - Jin_Rae(0.788), 2nd=0.687, Discriminative=0.548, AvgNeg=0.687
[2025-10-19 02:16:31] INFO: [Thresholds] Abs=0.612, Margin=0.112(14.2%), RelMargin=12.9%, Tightness=0.883, StdDev=0.039
[2025-10-19 02:16:31] INFO: [Decision] ACCEPT: Tier 1 - Absolute + Strong Margin (10%)
[2025-10-19 02:16:31] INFO: [Recognition] Scores: S12342 - wyn=0.749 S13234 - Jin_Rae=0.842 
[2025-10-19 02:16:31] INFO: [Decision] Best=S13234 - Jin_Rae(0.842), 2nd=0.749, Discriminative=0.580, AvgNeg=0.749
[2025-10-19 02:16:31] INFO: [Thresholds] Abs=0.612, Margin=0.112(13.3%), RelMargin=11.1%, Tightness=0.883, StdDev=0.039
[2025-10-19 02:16:31] INFO: [Decision] ACCEPT: Tier 1 - Absolute + Strong Margin (10%)
[2025-10-19 02:16:31] INFO: detection.min.neighbors has been changed to 5
[2025-10-19 02:16:31] INFO: [Recognition] Scores: S12342 - wyn=0.725 S13234 - Jin_Rae=0.794 
[2025-10-19 02:16:31] INFO: [Decision] Best=S13234 - Jin_Rae(0.794), 2nd=0.725, Discriminative=0.540, AvgNeg=0.725
[2025-10-19 02:16:31] INFO: [Thresholds] Abs=0.612, Margin=0.112(14.1%), RelMargin=8.8%, Tightness=0.883, StdDev=0.039
[2025-10-19 02:16:31] INFO: [Decision] ACCEPT: Tier 2 - Absolute + Consistency (8 frames)
[2025-10-19 02:16:32] INFO: [Recognition] Scores: S12342 - wyn=0.695 S13234 - Jin_Rae=0.795 
[2025-10-19 02:16:32] INFO: [Decision] Best=S13234 - Jin_Rae(0.795), 2nd=0.695, Discriminative=0.552, AvgNeg=0.695
[2025-10-19 02:16:32] INFO: [Thresholds] Abs=0.612, Margin=0.112(14.0%), RelMargin=12.6%, Tightness=0.883, StdDev=0.039
[2025-10-19 02:16:32] INFO: [Decision] ACCEPT: Tier 1 - Absolute + Strong Margin (10%)
[2025-10-19 02:16:32] INFO: [Recognition] Scores: S12342 - wyn=0.676 S13234 - Jin_Rae=0.796 
[2025-10-19 02:16:32] INFO: [Decision] Best=S13234 - Jin_Rae(0.796), 2nd=0.676, Discriminative=0.560, AvgNeg=0.676
[2025-10-19 02:16:32] INFO: [Thresholds] Abs=0.612, Margin=0.112(14.0%), RelMargin=15.1%, Tightness=0.883, StdDev=0.039
[2025-10-19 02:16:32] INFO: [Decision] ACCEPT: Tier 1 - Absolute + Strong Margin (10%)
[2025-10-19 02:16:32] INFO: [Recognition] Scores: S12342 - wyn=0.684 S13234 - Jin_Rae=0.806 
[2025-10-19 02:16:32] INFO: [Decision] Best=S13234 - Jin_Rae(0.806), 2nd=0.684, Discriminative=0.567, AvgNeg=0.684
[2025-10-19 02:16:32] INFO: [Thresholds] Abs=0.612, Margin=0.112(13.9%), RelMargin=15.2%, Tightness=0.883, StdDev=0.039
[2025-10-19 02:16:32] INFO: [Decision] ACCEPT: Tier 1 - Absolute + Strong Margin (10%)
[2025-10-19 02:16:32] INFO: detection.scale_factor has been changed to 1.03
[2025-10-19 02:16:32] INFO: detection.scale_factor has been changed to 1.04
[2025-10-19 02:16:32] INFO: detection.scale_factor has been changed to 1.05
[2025-10-19 02:16:32] INFO: detection.scale_factor has been changed to 1.06
[2025-10-19 02:16:32] INFO: detection.scale_factor has been changed to 1.07
[2025-10-19 02:16:32] INFO: detection.scale_factor has been changed to 1.08
[2025-10-19 02:16:32] INFO: detection.scale_factor has been changed to 1.09
[2025-10-19 02:16:32] INFO: detection.scale_factor has been changed to 1.1
[2025-10-19 02:16:32] INFO: [Recognition] Scores: S12342 - wyn=0.720 S13234 - Jin_Rae=0.792 
[2025-10-19 02:16:32] INFO: [Decision] Best=S13234 - Jin_Rae(0.792), 2nd=0.720, Discriminative=0.540, AvgNeg=0.720
[2025-10-19 02:16:32] INFO: [Thresholds] Abs=0.612, Margin=0.112(14.1%), RelMargin=9.1%, Tightness=0.883, StdDev=0.039
[2025-10-19 02:16:32] INFO: [Decision] ACCEPT: Tier 2 - Absolute + Consistency (8 frames)
[2025-10-19 02:16:32] INFO: detection.scale_factor has been changed to 1.11
[2025-10-19 02:16:32] INFO: detection.scale_factor has been changed to 1.12
[2025-10-19 02:16:32] INFO: detection.scale_factor has been changed to 1.13
[2025-10-19 02:16:32] INFO: detection.scale_factor has been changed to 1.14
[2025-10-19 02:16:32] INFO: detection.scale_factor has been changed to 1.15
[2025-10-19 02:16:32] INFO: detection.scale_factor has been changed to 1.16
[2025-10-19 02:16:32] INFO: detection.scale_factor has been changed to 1.17
[2025-10-19 02:16:32] INFO: detection.scale_factor has been changed to 1.18
[2025-10-19 02:16:32] INFO: detection.scale_factor has been changed to 1.19
[2025-10-19 02:16:32] INFO: detection.scale_factor has been changed to 1.2
[2025-10-19 02:16:32] INFO: detection.scale_factor has been changed to 1.21
[2025-10-19 02:16:32] INFO: detection.scale_factor has been changed to 1.22
[2025-10-19 02:16:32] INFO: detection.scale_factor has been changed to 1.23
[2025-10-19 02:16:32] INFO: detection.scale_factor has been changed to 1.24
[2025-10-19 02:16:33] INFO: detection.scale_factor has been changed to 1.25
[2025-10-19 02:16:33] INFO: detection.scale_factor has been changed to 1.26
[2025-10-19 02:16:33] INFO: detection.scale_factor has been changed to 1.27
[2025-10-19 02:16:33] INFO: detection.scale_factor has been changed to 1.28
[2025-10-19 02:16:33] INFO: detection.scale_factor has been changed to 1.29
[2025-10-19 02:16:33] INFO: detection.scale_factor has been changed to 1.3
[2025-10-19 02:16:33] INFO: detection.scale_factor has been changed to 1.31
[2025-10-19 02:16:33] INFO: detection.scale_factor has been changed to 1.32
[2025-10-19 02:16:33] INFO: detection.scale_factor has been changed to 1.33
[2025-10-19 02:16:33] INFO: detection.scale_factor has been changed to 1.34
[2025-10-19 02:16:33] INFO: detection.scale_factor has been changed to 1.35
[2025-10-19 02:16:33] INFO: detection.scale_factor has been changed to 1.36
[2025-10-19 02:16:33] INFO: detection.scale_factor has been changed to 1.37
[2025-10-19 02:16:33] INFO: detection.scale_factor has been changed to 1.38
[2025-10-19 02:16:33] INFO: detection.scale_factor has been changed to 1.39
[2025-10-19 02:16:33] INFO: detection.scale_factor has been changed to 1.4
[2025-10-19 02:16:33] INFO: detection.scale_factor has been changed to 1.41
[2025-10-19 02:16:33] INFO: [Recognition] Scores: S12342 - wyn=0.697 S13234 - Jin_Rae=0.786 
[2025-10-19 02:16:33] INFO: [Decision] Best=S13234 - Jin_Rae(0.786), 2nd=0.697, Discriminative=0.541, AvgNeg=0.697
[2025-10-19 02:16:33] INFO: [Thresholds] Abs=0.612, Margin=0.112(14.2%), RelMargin=11.2%, Tightness=0.883, StdDev=0.039
[2025-10-19 02:16:33] INFO: [Decision] ACCEPT: Tier 1 - Absolute + Strong Margin (10%)
[2025-10-19 02:16:33] INFO: detection.scale_factor has been changed to 1.42
[2025-10-19 02:16:33] INFO: detection.scale_factor has been changed to 1.43
[2025-10-19 02:16:33] INFO: detection.scale_factor has been changed to 1.44
[2025-10-19 02:16:33] INFO: detection.scale_factor has been changed to 1.45
[2025-10-19 02:16:33] INFO: detection.scale_factor has been changed to 1.46
[2025-10-19 02:16:33] INFO: detection.scale_factor has been changed to 1.47
[2025-10-19 02:16:33] INFO: detection.scale_factor has been changed to 1.48
[2025-10-19 02:16:33] INFO: detection.scale_factor has been changed to 1.49
[2025-10-19 02:16:33] INFO: detection.scale_factor has been changed to 1.5
[2025-10-19 02:16:33] INFO: [Recognition] Scores: S12342 - wyn=0.652 S13234 - Jin_Rae=0.786 
[2025-10-19 02:16:33] INFO: [Decision] Best=S13234 - Jin_Rae(0.786), 2nd=0.652, Discriminative=0.558, AvgNeg=0.652
[2025-10-19 02:16:33] INFO: [Thresholds] Abs=0.612, Margin=0.112(14.2%), RelMargin=17.0%, Tightness=0.883, StdDev=0.039
[2025-10-19 02:16:33] INFO: [Decision] ACCEPT: Tier 1 - Absolute + Strong Margin (10%)
[2025-10-19 02:16:33] INFO: [Recognition] Scores: S12342 - wyn=0.650 S13234 - Jin_Rae=0.786 
[2025-10-19 02:16:33] INFO: [Decision] Best=S13234 - Jin_Rae(0.786), 2nd=0.650, Discriminative=0.559, AvgNeg=0.650
[2025-10-19 02:16:33] INFO: [Thresholds] Abs=0.612, Margin=0.112(14.2%), RelMargin=17.4%, Tightness=0.883, StdDev=0.039
[2025-10-19 02:16:33] INFO: [Decision] ACCEPT: Tier 1 - Absolute + Strong Margin (10%)
[2025-10-19 02:16:33] INFO: [Recognition] Scores: S12342 - wyn=0.751 S13234 - Jin_Rae=0.780 
[2025-10-19 02:16:33] INFO: [Decision] Best=S13234 - Jin_Rae(0.780), 2nd=0.751, Discriminative=0.517, AvgNeg=0.751
[2025-10-19 02:16:33] INFO: [Thresholds] Abs=0.612, Margin=0.112(14.3%), RelMargin=3.7%, Tightness=0.883, StdDev=0.039
[2025-10-19 02:16:33] INFO: [Decision] ACCEPT: Tier 2 - Absolute + Consistency (8 frames)
[2025-10-19 02:16:33] INFO: [Recognition] Scores: S12342 - wyn=0.679 S13234 - Jin_Rae=0.793 
[2025-10-19 02:16:33] INFO: [Decision] Best=S13234 - Jin_Rae(0.793), 2nd=0.679, Discriminative=0.555, AvgNeg=0.679
[2025-10-19 02:16:33] INFO: [Thresholds] Abs=0.612, Margin=0.112(14.1%), RelMargin=14.3%, Tightness=0.883, StdDev=0.039
[2025-10-19 02:16:33] INFO: [Decision] ACCEPT: Tier 1 - Absolute + Strong Margin (10%)
[2025-10-19 02:16:34] INFO: [Recognition] Scores: S12342 - wyn=0.649 S13234 - Jin_Rae=0.784 
[2025-10-19 02:16:34] INFO: [Decision] Best=S13234 - Jin_Rae(0.784), 2nd=0.649, Discriminative=0.557, AvgNeg=0.649
[2025-10-19 02:16:34] INFO: [Thresholds] Abs=0.612, Margin=0.112(14.2%), RelMargin=17.3%, Tightness=0.883, StdDev=0.039
[2025-10-19 02:16:34] INFO: [Decision] ACCEPT: Tier 1 - Absolute + Strong Margin (10%)
[2025-10-19 02:16:34] INFO: [Recognition] Scores: S12342 - wyn=0.643 S13234 - Jin_Rae=0.778 
[2025-10-19 02:16:34] INFO: [Decision] Best=S13234 - Jin_Rae(0.778), 2nd=0.643, Discriminative=0.553, AvgNeg=0.643
[2025-10-19 02:16:34] INFO: [Thresholds] Abs=0.612, Margin=0.112(14.4%), RelMargin=17.3%, Tightness=0.883, StdDev=0.039
[2025-10-19 02:16:34] INFO: [Decision] ACCEPT: Tier 1 - Absolute + Strong Margin (10%)
[2025-10-19 02:16:34] INFO: detection.scale_factor has been changed to 1.49
[2025-10-19 02:16:34] INFO: detection.scale_factor has been changed to 1.48
[2025-10-19 02:16:34] INFO: detection.scale_factor has been changed to 1.47
[2025-10-19 02:16:34] INFO: detection.scale_factor has been changed to 1.46
[2025-10-19 02:16:34] INFO: detection.scale_factor has been changed to 1.45
[2025-10-19 02:16:34] INFO: detection.scale_factor has been changed to 1.44
[2025-10-19 02:16:34] INFO: detection.scale_factor has been changed to 1.43
[2025-10-19 02:16:34] INFO: detection.scale_factor has been changed to 1.42
[2025-10-19 02:16:34] INFO: detection.scale_factor has been changed to 1.41
[2025-10-19 02:16:34] INFO: detection.scale_factor has been changed to 1.4
[2025-10-19 02:16:34] INFO: detection.scale_factor has been changed to 1.39
[2025-10-19 02:16:34] INFO: detection.scale_factor has been changed to 1.37
[2025-10-19 02:16:34] INFO: detection.scale_factor has been changed to 1.36
[2025-10-19 02:16:34] INFO: detection.scale_factor has been changed to 1.35
[2025-10-19 02:16:34] INFO: detection.scale_factor has been changed to 1.34
[2025-10-19 02:16:34] INFO: detection.scale_factor has been changed to 1.33
[2025-10-19 02:16:34] INFO: detection.scale_factor has been changed to 1.32
[2025-10-19 02:16:34] INFO: detection.scale_factor has been changed to 1.31
[2025-10-19 02:16:34] INFO: detection.scale_factor has been changed to 1.3
[2025-10-19 02:16:34] INFO: detection.scale_factor has been changed to 1.29
[2025-10-19 02:16:34] INFO: detection.scale_factor has been changed to 1.28
[2025-10-19 02:16:34] INFO: detection.scale_factor has been changed to 1.27
[2025-10-19 02:16:34] INFO: detection.scale_factor has been changed to 1.26
[2025-10-19 02:16:34] INFO: detection.scale_factor has been changed to 1.25
[2025-10-19 02:16:34] INFO: detection.scale_factor has been changed to 1.24
[2025-10-19 02:16:34] INFO: detection.scale_factor has been changed to 1.23
[2025-10-19 02:16:34] INFO: detection.scale_factor has been changed to 1.22
[2025-10-19 02:16:34] INFO: detection.scale_factor has been changed to 1.21
[2025-10-19 02:16:34] INFO: detection.scale_factor has been changed to 1.2
[2025-10-19 02:16:34] INFO: detection.scale_factor has been changed to 1.19
[2025-10-19 02:16:34] INFO: detection.scale_factor has been changed to 1.18
[2025-10-19 02:16:34] INFO: detection.scale_factor has been changed to 1.17
[2025-10-19 02:16:34] INFO: detection.scale_factor has been changed to 1.16
[2025-10-19 02:16:34] INFO: detection.scale_factor has been changed to 1.15
[2025-10-19 02:16:34] INFO: [Recognition] Scores: S12342 - wyn=0.648 S13234 - Jin_Rae=0.782 
[2025-10-19 02:16:34] INFO: [Decision] Best=S13234 - Jin_Rae(0.782), 2nd=0.648, Discriminative=0.556, AvgNeg=0.648
[2025-10-19 02:16:34] INFO: [Thresholds] Abs=0.612, Margin=0.112(14.3%), RelMargin=17.1%, Tightness=0.883, StdDev=0.039
[2025-10-19 02:16:34] INFO: [Decision] ACCEPT: Tier 1 - Absolute + Strong Margin (10%)
[2025-10-19 02:16:34] INFO: detection.scale_factor has been changed to 1.14
[2025-10-19 02:16:34] INFO: detection.scale_factor has been changed to 1.13
[2025-10-19 02:16:34] INFO: detection.scale_factor has been changed to 1.12
[2025-10-19 02:16:34] INFO: detection.scale_factor has been changed to 1.11
[2025-10-19 02:16:34] INFO: detection.scale_factor has been changed to 1.1
[2025-10-19 02:16:34] INFO: detection.scale_factor has been changed to 1.09
[2025-10-19 02:16:34] INFO: detection.scale_factor has been changed to 1.08
[2025-10-19 02:16:34] INFO: detection.scale_factor has been changed to 1.07
[2025-10-19 02:16:34] INFO: detection.scale_factor has been changed to 1.06
[2025-10-19 02:16:34] INFO: detection.scale_factor has been changed to 1.05
[2025-10-19 02:16:34] INFO: detection.scale_factor has been changed to 1.04
[2025-10-19 02:16:34] INFO: [Recognition] Scores: S12342 - wyn=0.591 S13234 - Jin_Rae=0.765 
[2025-10-19 02:16:34] INFO: [Decision] Best=S13234 - Jin_Rae(0.765), 2nd=0.591, Discriminative=0.559, AvgNeg=0.591
[2025-10-19 02:16:34] INFO: [Thresholds] Abs=0.612, Margin=0.112(14.6%), RelMargin=22.8%, Tightness=0.883, StdDev=0.039
[2025-10-19 02:16:34] INFO: [Decision] ACCEPT: Tier 1 - Absolute + Strong Margin (10%)
[2025-10-19 02:16:35] INFO: [Recognition] Scores: S12342 - wyn=0.561 S13234 - Jin_Rae=0.750 
[2025-10-19 02:16:35] INFO: [Decision] Best=S13234 - Jin_Rae(0.750), 2nd=0.561, Discriminative=0.554, AvgNeg=0.561
[2025-10-19 02:16:35] INFO: [Thresholds] Abs=0.612, Margin=0.112(14.9%), RelMargin=25.2%, Tightness=0.883, StdDev=0.039
[2025-10-19 02:16:35] INFO: [Decision] ACCEPT: Tier 1 - Absolute + Strong Margin (10%)
[2025-10-19 02:16:35] INFO: detection.scale_factor has been changed to 1.05
[2025-10-19 02:16:35] INFO: detection.scale_factor has been changed to 1.06
[2025-10-19 02:16:35] INFO: detection.scale_factor has been changed to 1.07
[2025-10-19 02:16:35] INFO: detection.scale_factor has been changed to 1.08
[2025-10-19 02:16:35] INFO: detection.scale_factor has been changed to 1.09
[2025-10-19 02:16:35] INFO: detection.scale_factor has been changed to 1.1
[2025-10-19 02:16:35] INFO: detection.scale_factor has been changed to 1.11
[2025-10-19 02:16:35] INFO: detection.scale_factor has been changed to 1.12
[2025-10-19 02:16:35] INFO: detection.scale_factor has been changed to 1.14
[2025-10-19 02:16:35] INFO: detection.scale_factor has been changed to 1.15
[2025-10-19 02:16:35] INFO: detection.scale_factor has been changed to 1.16
[2025-10-19 02:16:35] INFO: detection.scale_factor has been changed to 1.17
[2025-10-19 02:16:35] INFO: detection.scale_factor has been changed to 1.18
[2025-10-19 02:16:35] INFO: detection.scale_factor has been changed to 1.19
[2025-10-19 02:16:35] INFO: detection.scale_factor has been changed to 1.2
[2025-10-19 02:16:35] INFO: detection.scale_factor has been changed to 1.21
[2025-10-19 02:16:35] INFO: detection.scale_factor has been changed to 1.22
[2025-10-19 02:16:35] INFO: detection.scale_factor has been changed to 1.23
[2025-10-19 02:16:35] INFO: detection.scale_factor has been changed to 1.24
[2025-10-19 02:16:35] INFO: detection.scale_factor has been changed to 1.25
[2025-10-19 02:16:35] INFO: [Recognition] Scores: S12342 - wyn=0.654 S13234 - Jin_Rae=0.779 
[2025-10-19 02:16:35] INFO: [Decision] Best=S13234 - Jin_Rae(0.779), 2nd=0.654, Discriminative=0.550, AvgNeg=0.654
[2025-10-19 02:16:35] INFO: [Thresholds] Abs=0.612, Margin=0.112(14.3%), RelMargin=16.0%, Tightness=0.883, StdDev=0.039
[2025-10-19 02:16:35] INFO: [Decision] ACCEPT: Tier 1 - Absolute + Strong Margin (10%)
[2025-10-19 02:16:35] INFO: detection.scale_factor has been changed to 1.26
[2025-10-19 02:16:35] INFO: detection.scale_factor has been changed to 1.27
[2025-10-19 02:16:35] INFO: detection.scale_factor has been changed to 1.29
[2025-10-19 02:16:35] INFO: detection.scale_factor has been changed to 1.3
[2025-10-19 02:16:35] INFO: detection.scale_factor has been changed to 1.31
[2025-10-19 02:16:35] INFO: detection.scale_factor has been changed to 1.32
[2025-10-19 02:16:35] INFO: detection.scale_factor has been changed to 1.33
[2025-10-19 02:16:35] INFO: detection.scale_factor has been changed to 1.34
[2025-10-19 02:16:35] INFO: detection.scale_factor has been changed to 1.35
[2025-10-19 02:16:35] INFO: detection.scale_factor has been changed to 1.36
[2025-10-19 02:16:35] INFO: detection.scale_factor has been changed to 1.37
[2025-10-19 02:16:35] INFO: detection.scale_factor has been changed to 1.38
[2025-10-19 02:16:35] INFO: detection.scale_factor has been changed to 1.39
[2025-10-19 02:16:35] INFO: detection.scale_factor has been changed to 1.4
[2025-10-19 02:16:35] INFO: detection.scale_factor has been changed to 1.41
[2025-10-19 02:16:35] INFO: detection.scale_factor has been changed to 1.42
[2025-10-19 02:16:35] INFO: detection.scale_factor has been changed to 1.43
[2025-10-19 02:16:35] INFO: detection.scale_factor has been changed to 1.44
[2025-10-19 02:16:35] INFO: detection.scale_factor has been changed to 1.45
[2025-10-19 02:16:35] INFO: detection.scale_factor has been changed to 1.46
[2025-10-19 02:16:35] INFO: detection.scale_factor has been changed to 1.47
[2025-10-19 02:16:35] INFO: detection.scale_factor has been changed to 1.48
[2025-10-19 02:16:35] INFO: detection.scale_factor has been changed to 1.49
[2025-10-19 02:16:35] INFO: detection.scale_factor has been changed to 1.5
[2025-10-19 02:16:35] INFO: [Recognition] Scores: S12342 - wyn=0.612 S13234 - Jin_Rae=0.760 
[2025-10-19 02:16:35] INFO: [Decision] Best=S13234 - Jin_Rae(0.760), 2nd=0.612, Discriminative=0.546, AvgNeg=0.612
[2025-10-19 02:16:35] INFO: [Thresholds] Abs=0.612, Margin=0.112(14.7%), RelMargin=19.5%, Tightness=0.883, StdDev=0.039
[2025-10-19 02:16:35] INFO: [Decision] ACCEPT: Tier 1 - Absolute + Strong Margin (10%)
[2025-10-19 02:16:35] INFO: [Recognition] Scores: S12342 - wyn=0.603 S13234 - Jin_Rae=0.745 
[2025-10-19 02:16:35] INFO: [Decision] Best=S13234 - Jin_Rae(0.745), 2nd=0.603, Discriminative=0.534, AvgNeg=0.603
[2025-10-19 02:16:35] INFO: [Thresholds] Abs=0.612, Margin=0.112(15.0%), RelMargin=19.1%, Tightness=0.883, StdDev=0.039
[2025-10-19 02:16:35] INFO: [Decision] ACCEPT: Tier 1 - Absolute + Strong Margin (10%)
[2025-10-19 02:16:35] INFO: [Recognition] Scores: S12342 - wyn=0.592 S13234 - Jin_Rae=0.724 
[2025-10-19 02:16:35] INFO: [Decision] Best=S13234 - Jin_Rae(0.724), 2nd=0.592, Discriminative=0.517, AvgNeg=0.592
[2025-10-19 02:16:35] INFO: [Thresholds] Abs=0.612, Margin=0.112(15.4%), RelMargin=18.2%, Tightness=0.883, StdDev=0.039
[2025-10-19 02:16:35] INFO: [Decision] ACCEPT: Tier 1 - Absolute + Strong Margin (10%)
[2025-10-19 02:16:36] INFO: detection.scale_factor has been changed to 1.49
[2025-10-19 02:16:36] INFO: detection.scale_factor has been changed to 1.48
[2025-10-19 02:16:36] INFO: detection.scale_factor has been changed to 1.47
[2025-10-19 02:16:36] INFO: detection.scale_factor has been changed to 1.46
[2025-10-19 02:16:36] INFO: detection.scale_factor has been changed to 1.44
[2025-10-19 02:16:36] INFO: detection.scale_factor has been changed to 1.43
[2025-10-19 02:16:36] INFO: detection.scale_factor has been changed to 1.42
[2025-10-19 02:16:36] INFO: detection.scale_factor has been changed to 1.41
[2025-10-19 02:16:36] INFO: detection.scale_factor has been changed to 1.39
[2025-10-19 02:16:36] INFO: detection.scale_factor has been changed to 1.37
[2025-10-19 02:16:36] INFO: detection.scale_factor has been changed to 1.36
[2025-10-19 02:16:36] INFO: detection.scale_factor has been changed to 1.35
[2025-10-19 02:16:36] INFO: detection.scale_factor has been changed to 1.33
[2025-10-19 02:16:36] INFO: detection.scale_factor has been changed to 1.31
[2025-10-19 02:16:36] INFO: detection.scale_factor has been changed to 1.3
[2025-10-19 02:16:36] INFO: detection.scale_factor has been changed to 1.28
[2025-10-19 02:16:36] INFO: detection.scale_factor has been changed to 1.26
[2025-10-19 02:16:36] INFO: detection.scale_factor has been changed to 1.24
[2025-10-19 02:16:36] INFO: detection.scale_factor has been changed to 1.23
[2025-10-19 02:16:36] INFO: detection.scale_factor has been changed to 1.22
[2025-10-19 02:16:36] INFO: detection.scale_factor has been changed to 1.2
[2025-10-19 02:16:36] INFO: detection.scale_factor has been changed to 1.19
[2025-10-19 02:16:36] INFO: detection.scale_factor has been changed to 1.18
[2025-10-19 02:16:36] INFO: detection.scale_factor has been changed to 1.16
[2025-10-19 02:16:36] INFO: detection.scale_factor has been changed to 1.15
[2025-10-19 02:16:36] INFO: detection.scale_factor has been changed to 1.14
[2025-10-19 02:16:36] INFO: detection.scale_factor has been changed to 1.12
[2025-10-19 02:16:36] INFO: detection.scale_factor has been changed to 1.11
[2025-10-19 02:16:36] INFO: detection.scale_factor has been changed to 1.1
[2025-10-19 02:16:36] INFO: detection.scale_factor has been changed to 1.09
[2025-10-19 02:16:36] INFO: detection.scale_factor has been changed to 1.08
[2025-10-19 02:16:36] INFO: detection.scale_factor has been changed to 1.07
[2025-10-19 02:16:36] INFO: detection.scale_factor has been changed to 1.06
[2025-10-19 02:16:36] INFO: detection.scale_factor has been changed to 1.05
[2025-10-19 02:16:36] INFO: detection.scale_factor has been changed to 1.04
[2025-10-19 02:16:36] INFO: detection.scale_factor has been changed to 1.03
[2025-10-19 02:16:36] INFO: detection.scale_factor has been changed to 1.02
[2025-10-19 02:16:36] INFO: detection.scale_factor has been changed to 1.01
[2025-10-19 02:16:36] INFO: [Recognition] Scores: S12342 - wyn=0.587 S13234 - Jin_Rae=0.703 
[2025-10-19 02:16:36] INFO: [Decision] Best=S13234 - Jin_Rae(0.703), 2nd=0.587, Discriminative=0.497, AvgNeg=0.587
[2025-10-19 02:16:36] INFO: [Thresholds] Abs=0.612, Margin=0.112(15.9%), RelMargin=16.5%, Tightness=0.883, StdDev=0.039
[2025-10-19 02:16:36] INFO: [Decision] ACCEPT: Tier 1 - Absolute + Strong Margin (10%)
[2025-10-19 02:16:36] INFO: detection.scale_factor has been changed to 1.01
[2025-10-19 02:16:36] INFO: [Recognition] Scores: S12342 - wyn=0.555 S13234 - Jin_Rae=0.665 
[2025-10-19 02:16:36] INFO: [Decision] Best=S13234 - Jin_Rae(0.665), 2nd=0.555, Discriminative=0.471, AvgNeg=0.555
[2025-10-19 02:16:36] INFO: [Thresholds] Abs=0.612, Margin=0.112(16.8%), RelMargin=16.6%, Tightness=0.883, StdDev=0.039
[2025-10-19 02:16:36] INFO: [Decision] ACCEPT: Tier 1 - Absolute + Strong Margin (10%)
[2025-10-19 02:16:36] INFO: [Recognition] Scores: S12342 - wyn=0.534 S13234 - Jin_Rae=0.697 
[2025-10-19 02:16:36] INFO: [Decision] Best=S13234 - Jin_Rae(0.697), 2nd=0.534, Discriminative=0.510, AvgNeg=0.534
[2025-10-19 02:16:36] INFO: [Thresholds] Abs=0.612, Margin=0.112(16.0%), RelMargin=23.4%, Tightness=0.883, StdDev=0.039
[2025-10-19 02:16:36] INFO: [Decision] ACCEPT: Tier 1 - Absolute + Strong Margin (10%)
[2025-10-19 02:16:36] INFO: [Recognition] Scores: S12342 - wyn=0.518 S13234 - Jin_Rae=0.700 
[2025-10-19 02:16:36] INFO: [Decision] Best=S13234 - Jin_Rae(0.700), 2nd=0.518, Discriminative=0.519, AvgNeg=0.518
[2025-10-19 02:16:36] INFO: [Thresholds] Abs=0.612, Margin=0.112(16.0%), RelMargin=26.1%, Tightness=0.883, StdDev=0.039
[2025-10-19 02:16:36] INFO: [Decision] ACCEPT: Tier 1 - Absolute + Strong Margin (10%)
[2025-10-19 02:16:37] INFO: [Recognition] Scores: S12342 - wyn=0.515 S13234 - Jin_Rae=0.700 
[2025-10-19 02:16:37] INFO: [Decision] Best=S13234 - Jin_Rae(0.700), 2nd=0.515, Discriminative=0.519, AvgNeg=0.515
[2025-10-19 02:16:37] INFO: [Thresholds] Abs=0.612, Margin=0.112(16.0%), RelMargin=26.4%, Tightness=0.883, StdDev=0.039
[2025-10-19 02:16:37] INFO: [Decision] ACCEPT: Tier 1 - Absolute + Strong Margin (10%)
[2025-10-19 02:16:37] INFO: [Recognition] Scores: S12342 - wyn=0.531 S13234 - Jin_Rae=0.746 
[2025-10-19 02:16:37] INFO: [Decision] Best=S13234 - Jin_Rae(0.746), 2nd=0.531, Discriminative=0.560, AvgNeg=0.531
[2025-10-19 02:16:37] INFO: [Thresholds] Abs=0.612, Margin=0.112(15.0%), RelMargin=28.8%, Tightness=0.883, StdDev=0.039
[2025-10-19 02:16:37] INFO: [Decision] ACCEPT: Tier 1 - Absolute + Strong Margin (10%)
[2025-10-19 02:16:37] INFO: [Recognition] Scores: S12342 - wyn=0.620 S13234 - Jin_Rae=0.754 
[2025-10-19 02:16:37] INFO: [Decision] Best=S13234 - Jin_Rae(0.754), 2nd=0.620, Discriminative=0.537, AvgNeg=0.620
[2025-10-19 02:16:37] INFO: [Thresholds] Abs=0.612, Margin=0.112(14.8%), RelMargin=17.7%, Tightness=0.883, StdDev=0.039
[2025-10-19 02:16:37] INFO: [Decision] ACCEPT: Tier 1 - Absolute + Strong Margin (10%)
[2025-10-19 02:16:37] INFO: [Recognition] Scores: S12342 - wyn=0.650 S13234 - Jin_Rae=0.759 
[2025-10-19 02:16:37] INFO: [Decision] Best=S13234 - Jin_Rae(0.759), 2nd=0.650, Discriminative=0.531, AvgNeg=0.650
[2025-10-19 02:16:37] INFO: [Thresholds] Abs=0.612, Margin=0.112(14.7%), RelMargin=14.3%, Tightness=0.883, StdDev=0.039
[2025-10-19 02:16:37] INFO: [Decision] ACCEPT: Tier 1 - Absolute + Strong Margin (10%)
[2025-10-19 02:16:38] INFO: [Recognition] Scores: S12342 - wyn=0.571 S13234 - Jin_Rae=0.753 
[2025-10-19 02:16:38] INFO: [Decision] Best=S13234 - Jin_Rae(0.753), 2nd=0.571, Discriminative=0.554, AvgNeg=0.571
[2025-10-19 02:16:38] INFO: [Thresholds] Abs=0.612, Margin=0.112(14.8%), RelMargin=24.2%, Tightness=0.883, StdDev=0.039
[2025-10-19 02:16:38] INFO: [Decision] ACCEPT: Tier 1 - Absolute + Strong Margin (10%)
[2025-10-19 02:16:38] INFO: [Recognition] Scores: S12342 - wyn=0.585 S13234 - Jin_Rae=0.749 
[2025-10-19 02:16:38] INFO: [Decision] Best=S13234 - Jin_Rae(0.749), 2nd=0.585, Discriminative=0.544, AvgNeg=0.585
[2025-10-19 02:16:38] INFO: [Thresholds] Abs=0.612, Margin=0.112(14.9%), RelMargin=21.9%, Tightness=0.883, StdDev=0.039
[2025-10-19 02:16:38] INFO: [Decision] ACCEPT: Tier 1 - Absolute + Strong Margin (10%)
[2025-10-19 02:16:38] INFO: [Recognition] Scores: S12342 - wyn=0.578 S13234 - Jin_Rae=0.731 
[2025-10-19 02:16:38] INFO: [Decision] Best=S13234 - Jin_Rae(0.731), 2nd=0.578, Discriminative=0.529, AvgNeg=0.578
[2025-10-19 02:16:38] INFO: [Thresholds] Abs=0.612, Margin=0.112(15.3%), RelMargin=21.0%, Tightness=0.883, StdDev=0.039
[2025-10-19 02:16:38] INFO: [Decision] ACCEPT: Tier 1 - Absolute + Strong Margin (10%)
[2025-10-19 02:16:38] INFO: [Recognition] Scores: S12342 - wyn=0.596 S13234 - Jin_Rae=0.729 
[2025-10-19 02:16:38] INFO: [Decision] Best=S13234 - Jin_Rae(0.729), 2nd=0.596, Discriminative=0.521, AvgNeg=0.596
[2025-10-19 02:16:38] INFO: [Thresholds] Abs=0.612, Margin=0.112(15.3%), RelMargin=18.3%, Tightness=0.883, StdDev=0.039
[2025-10-19 02:16:38] INFO: [Decision] ACCEPT: Tier 1 - Absolute + Strong Margin (10%)
[2025-10-19 02:16:38] INFO: [Recognition] Scores: S12342 - wyn=0.648 S13234 - Jin_Rae=0.729 
[2025-10-19 02:16:38] INFO: [Decision] Best=S13234 - Jin_Rae(0.729), 2nd=0.648, Discriminative=0.503, AvgNeg=0.648
[2025-10-19 02:16:38] INFO: [Thresholds] Abs=0.612, Margin=0.112(15.3%), RelMargin=11.2%, Tightness=0.883, StdDev=0.039
[2025-10-19 02:16:38] INFO: [Decision] ACCEPT: Tier 1 - Absolute + Strong Margin (10%)
[2025-10-19 02:16:39] INFO: [Recognition] Scores: S12342 - wyn=0.736 S13234 - Jin_Rae=0.724 
[2025-10-19 02:16:39] INFO: [Decision] Best=S12342 - wyn(0.736), 2nd=0.724, Discriminative=0.482, AvgNeg=0.724
[2025-10-19 02:16:39] INFO: [Thresholds] Abs=0.612, Margin=0.112(15.2%), RelMargin=1.5%, Tightness=0.884, StdDev=0.020
[2025-10-19 02:16:39] INFO: [Decision] REJECT: Abs=true, AbsMargin=false, RelMargin=false(1.5%), StrongMargin=false(10.0%), Discrim=false, Consist=false(0/8)
[2025-10-19 02:16:39] INFO: [Recognition] Scores: S12342 - wyn=0.724 S13234 - Jin_Rae=0.717 
[2025-10-19 02:16:39] INFO: [Decision] Best=S12342 - wyn(0.724), 2nd=0.717, Discriminative=0.473, AvgNeg=0.717
[2025-10-19 02:16:39] INFO: [Thresholds] Abs=0.612, Margin=0.112(15.4%), RelMargin=1.0%, Tightness=0.884, StdDev=0.020
[2025-10-19 02:16:39] INFO: [Decision] REJECT: Abs=true, AbsMargin=false, RelMargin=false(1.0%), StrongMargin=false(10.0%), Discrim=false, Consist=false(0/8)
[2025-10-19 02:16:39] INFO: [Recognition] Scores: S12342 - wyn=0.744 S13234 - Jin_Rae=0.729 
[2025-10-19 02:16:39] INFO: [Decision] Best=S12342 - wyn(0.744), 2nd=0.729, Discriminative=0.488, AvgNeg=0.729
[2025-10-19 02:16:39] INFO: [Thresholds] Abs=0.612, Margin=0.112(15.0%), RelMargin=2.0%, Tightness=0.884, StdDev=0.020
[2025-10-19 02:16:39] INFO: [Decision] REJECT: Abs=true, AbsMargin=false, RelMargin=false(2.0%), StrongMargin=false(10.0%), Discrim=false, Consist=false(0/8)
[2025-10-19 02:16:39] INFO: [Recognition] Scores: S12342 - wyn=0.741 S13234 - Jin_Rae=0.700 
[2025-10-19 02:16:39] INFO: [Decision] Best=S12342 - wyn(0.741), 2nd=0.700, Discriminative=0.496, AvgNeg=0.700
[2025-10-19 02:16:39] INFO: [Thresholds] Abs=0.612, Margin=0.112(15.1%), RelMargin=5.5%, Tightness=0.884, StdDev=0.020
[2025-10-19 02:16:39] INFO: [Decision] REJECT: Abs=true, AbsMargin=false, RelMargin=false(5.5%), StrongMargin=false(10.0%), Discrim=false, Consist=false(0/8)
[2025-10-19 02:16:39] INFO: [Recognition] Scores: S12342 - wyn=0.743 S13234 - Jin_Rae=0.671 
[2025-10-19 02:16:39] INFO: [Decision] Best=S12342 - wyn(0.743), 2nd=0.671, Discriminative=0.508, AvgNeg=0.671
[2025-10-19 02:16:39] INFO: [Thresholds] Abs=0.612, Margin=0.112(15.0%), RelMargin=9.7%, Tightness=0.884, StdDev=0.020
[2025-10-19 02:16:39] INFO: [Decision] REJECT: Abs=true, AbsMargin=false, RelMargin=false(9.7%), StrongMargin=false(10.0%), Discrim=false, Consist=false(0/8)
[2025-10-19 02:16:40] INFO: [Recognition] Scores: S12342 - wyn=0.764 S13234 - Jin_Rae=0.713 
[2025-10-19 02:16:40] INFO: [Decision] Best=S12342 - wyn(0.764), 2nd=0.713, Discriminative=0.514, AvgNeg=0.713
[2025-10-19 02:16:40] INFO: [Thresholds] Abs=0.612, Margin=0.112(14.6%), RelMargin=6.6%, Tightness=0.884, StdDev=0.020
[2025-10-19 02:16:40] INFO: [Decision] REJECT: Abs=true, AbsMargin=false, RelMargin=false(6.6%), StrongMargin=false(10.0%), Discrim=false, Consist=false(0/8)
[2025-10-19 02:16:40] INFO: [Recognition] Scores: S12342 - wyn=0.757 S13234 - Jin_Rae=0.757 
[2025-10-19 02:16:40] INFO: [Decision] Best=S13234 - Jin_Rae(0.757), 2nd=0.757, Discriminative=0.492, AvgNeg=0.757
[2025-10-19 02:16:40] INFO: [Thresholds] Abs=0.612, Margin=0.112(14.8%), RelMargin=0.0%, Tightness=0.883, StdDev=0.039
[2025-10-19 02:16:40] INFO: [Decision] REJECT: Abs=true, AbsMargin=false, RelMargin=false(0.0%), StrongMargin=false(10.0%), Discrim=false, Consist=false(2/8)
[2025-10-19 02:16:40] INFO: [Recognition] Scores: S12342 - wyn=0.759 S13234 - Jin_Rae=0.784 
[2025-10-19 02:16:40] INFO: [Decision] Best=S13234 - Jin_Rae(0.784), 2nd=0.759, Discriminative=0.519, AvgNeg=0.759
[2025-10-19 02:16:40] INFO: [Thresholds] Abs=0.612, Margin=0.112(14.2%), RelMargin=3.3%, Tightness=0.883, StdDev=0.039
[2025-10-19 02:16:40] INFO: [Decision] REJECT: Abs=true, AbsMargin=false, RelMargin=false(3.3%), StrongMargin=false(10.0%), Discrim=false, Consist=false(1/8)
[2025-10-19 02:16:40] INFO: [Recognition] Scores: S12342 - wyn=0.741 S13234 - Jin_Rae=0.766 
[2025-10-19 02:16:40] INFO: [Decision] Best=S13234 - Jin_Rae(0.766), 2nd=0.741, Discriminative=0.507, AvgNeg=0.741
[2025-10-19 02:16:40] INFO: [Thresholds] Abs=0.612, Margin=0.112(14.6%), RelMargin=3.3%, Tightness=0.883, StdDev=0.039
[2025-10-19 02:16:40] INFO: [Decision] REJECT: Abs=true, AbsMargin=false, RelMargin=false(3.3%), StrongMargin=false(10.0%), Discrim=false, Consist=false(0/8)
[2025-10-19 02:16:40] INFO: [Recognition] Scores: S12342 - wyn=0.699 S13234 - Jin_Rae=0.780 
[2025-10-19 02:16:40] INFO: [Decision] Best=S13234 - Jin_Rae(0.780), 2nd=0.699, Discriminative=0.535, AvgNeg=0.699
[2025-10-19 02:16:40] INFO: [Thresholds] Abs=0.612, Margin=0.112(14.3%), RelMargin=10.4%, Tightness=0.883, StdDev=0.039
[2025-10-19 02:16:40] INFO: [Decision] ACCEPT: Tier 1 - Absolute + Strong Margin (10%)
[2025-10-19 02:16:41] INFO: [Recognition] Scores: S12342 - wyn=0.625 S13234 - Jin_Rae=0.765 
[2025-10-19 02:16:41] INFO: [Decision] Best=S13234 - Jin_Rae(0.765), 2nd=0.625, Discriminative=0.546, AvgNeg=0.625
[2025-10-19 02:16:41] INFO: [Thresholds] Abs=0.612, Margin=0.112(14.6%), RelMargin=18.2%, Tightness=0.883, StdDev=0.039
[2025-10-19 02:16:41] INFO: [Decision] ACCEPT: Tier 1 - Absolute + Strong Margin (10%)
[2025-10-19 02:16:41] INFO: [Recognition] Scores: S12342 - wyn=0.552 S13234 - Jin_Rae=0.723 
[2025-10-19 02:16:41] INFO: [Decision] Best=S13234 - Jin_Rae(0.723), 2nd=0.552, Discriminative=0.530, AvgNeg=0.552
[2025-10-19 02:16:41] INFO: [Thresholds] Abs=0.612, Margin=0.112(15.4%), RelMargin=23.6%, Tightness=0.883, StdDev=0.039
[2025-10-19 02:16:41] INFO: [Decision] ACCEPT: Tier 1 - Absolute + Strong Margin (10%)
[2025-10-19 02:16:41] INFO: [Recognition] Scores: S12342 - wyn=0.559 S13234 - Jin_Rae=0.717 
[2025-10-19 02:16:41] INFO: [Decision] Best=S13234 - Jin_Rae(0.717), 2nd=0.559, Discriminative=0.521, AvgNeg=0.559
[2025-10-19 02:16:41] INFO: [Thresholds] Abs=0.612, Margin=0.112(15.6%), RelMargin=22.0%, Tightness=0.883, StdDev=0.039
[2025-10-19 02:16:41] INFO: [Decision] ACCEPT: Tier 1 - Absolute + Strong Margin (10%)
[2025-10-19 02:16:41] INFO: [Recognition] Scores: S12342 - wyn=0.492 S13234 - Jin_Rae=0.679 
[2025-10-19 02:16:41] INFO: [Decision] Best=S13234 - Jin_Rae(0.679), 2nd=0.492, Discriminative=0.507, AvgNeg=0.492
[2025-10-19 02:16:41] INFO: [Thresholds] Abs=0.612, Margin=0.112(16.4%), RelMargin=27.5%, Tightness=0.883, StdDev=0.039
[2025-10-19 02:16:41] INFO: [Decision] ACCEPT: Tier 1 - Absolute + Strong Margin (10%)
[2025-10-19 02:16:42] INFO: [Recognition] Scores: S12342 - wyn=0.554 S13234 - Jin_Rae=0.708 
[2025-10-19 02:16:42] INFO: [Decision] Best=S13234 - Jin_Rae(0.708), 2nd=0.554, Discriminative=0.514, AvgNeg=0.554
[2025-10-19 02:16:42] INFO: [Thresholds] Abs=0.612, Margin=0.112(15.8%), RelMargin=21.8%, Tightness=0.883, StdDev=0.039
[2025-10-19 02:16:42] INFO: [Decision] ACCEPT: Tier 1 - Absolute + Strong Margin (10%)
[2025-10-19 02:16:42] INFO: [Recognition] Scores: S12342 - wyn=0.499 S13234 - Jin_Rae=0.663 
[2025-10-19 02:16:42] INFO: [Decision] Best=S13234 - Jin_Rae(0.663), 2nd=0.499, Discriminative=0.489, AvgNeg=0.499
[2025-10-19 02:16:42] INFO: [Thresholds] Abs=0.612, Margin=0.112(16.8%), RelMargin=24.9%, Tightness=0.883, StdDev=0.039
[2025-10-19 02:16:42] INFO: [Decision] ACCEPT: Tier 1 - Absolute + Strong Margin (10%)
[2025-10-19 02:16:42] INFO: Exiting Face Recognition Demo...
[2025-10-19 02:16:42] INFO: Exiting Face Recognition Demo...
