[2025-10-22 16:05:47] INFO: Application Logger Initialized.
[2025-10-22 16:05:47] INFO: app.properties normalized (55 entries).
[2025-10-22 16:05:47] INFO: Configuration loaded from file: C:\SMU\CS102 Project\FaceRecognitionCS102\app.properties
[2025-10-22 16:05:50] INFO: ￢ﾜﾅ ArcFace ResNet100 model loaded successfully
[2025-10-22 16:05:50] INFO: ￢ﾜﾓ FaceAligner initialized with fallback eye detector
[2025-10-22 16:05:50] INFO: StudentManager initialized successfully
[2025-10-22 16:05:51] INFO: GUI launched successfully
[2025-10-22 16:05:55] INFO: ￢ﾜﾅ ArcFace ResNet100 model loaded successfully
[2025-10-22 16:05:55] INFO: ￢ﾜﾓ FaceAligner initialized with fallback eye detector
[2025-10-22 16:05:55] INFO: FaceCaptureDialog created for student: Jin Rae
[2025-10-22 16:05:55] INFO: Dialog initialized
[2025-10-22 16:05:55] INFO: Starting camera preview...
[2025-10-22 16:05:55] INFO: Preview timer started at 20fps
[2025-10-22 16:06:00] INFO: Starting capture process...
[2025-10-22 16:06:00] INFO: Performing capture with target: 20
[2025-10-22 16:06:00] INFO: Debug: Capture process started
[2025-10-22 16:06:00] INFO: Debug: Image saved with confidence 1.00
[2025-10-22 16:06:02] INFO: Debug: Image saved with confidence 1.00
[2025-10-22 16:06:03] INFO: Debug: Image saved with confidence 1.00
[2025-10-22 16:06:04] INFO: Debug: Image saved with confidence 1.00
[2025-10-22 16:06:06] INFO: Debug: Image saved with confidence 1.00
[2025-10-22 16:06:07] INFO: Debug: Image saved with confidence 1.00
[2025-10-22 16:06:09] INFO: Debug: Image saved with confidence 1.00
[2025-10-22 16:06:10] INFO: Debug: Image saved with confidence 1.00
[2025-10-22 16:06:12] INFO: Debug: Image saved with confidence 1.00
[2025-10-22 16:06:13] INFO: Debug: Image saved with confidence 1.00
[2025-10-22 16:06:15] INFO: Debug: Image saved with confidence 1.00
[2025-10-22 16:06:16] INFO: Debug: Image saved with confidence 1.00
[2025-10-22 16:06:18] INFO: Debug: Image saved with confidence 1.00
[2025-10-22 16:06:19] INFO: Debug: Image saved with confidence 1.00
[2025-10-22 16:06:20] INFO: Debug: Image saved with confidence 1.00
[2025-10-22 16:06:22] INFO: Debug: Image saved with confidence 1.00
[2025-10-22 16:06:23] INFO: Debug: Image saved with confidence 1.00
[2025-10-22 16:06:25] INFO: Debug: Image saved with confidence 1.00
[2025-10-22 16:06:26] INFO: Debug: Image saved with confidence 1.00
[2025-10-22 16:06:28] INFO: Debug: Image saved with confidence 1.00
[2025-10-22 16:06:29] INFO: Debug: Capture process finished
[2025-10-22 16:06:29] INFO: Debug: Warning - Processing captured images...
[2025-10-22 16:06:31] INFO: ￢ﾜﾓ Saved embedding: S13234_001.emb
[2025-10-22 16:06:31] INFO: ￢ﾜﾓ Saved embedding: S13234_002.emb
[2025-10-22 16:06:31] INFO: ￢ﾜﾓ Saved embedding: S13234_003.emb
[2025-10-22 16:06:31] INFO: ￢ﾜﾓ Saved embedding: S13234_004.emb
[2025-10-22 16:06:32] INFO: ￢ﾜﾓ Saved embedding: S13234_005.emb
[2025-10-22 16:06:32] INFO: ￢ﾜﾓ Saved embedding: S13234_006.emb
[2025-10-22 16:06:32] INFO: ￢ﾜﾓ Saved embedding: S13234_007.emb
[2025-10-22 16:06:33] INFO: ￢ﾜﾓ Saved embedding: S13234_008.emb
[2025-10-22 16:06:33] INFO: ￢ﾜﾓ Saved embedding: S13234_009.emb
[2025-10-22 16:06:33] INFO: ￢ﾜﾓ Saved embedding: S13234_010.emb
[2025-10-22 16:06:33] INFO: ￢ﾜﾓ Saved embedding: S13234_011.emb
[2025-10-22 16:06:34] INFO: ￢ﾜﾓ Saved embedding: S13234_012.emb
[2025-10-22 16:06:34] INFO: ￢ﾜﾓ Saved embedding: S13234_013.emb
[2025-10-22 16:06:34] INFO: ￢ﾜﾓ Saved embedding: S13234_014.emb
[2025-10-22 16:06:34] INFO: ￢ﾜﾓ Saved embedding: S13234_015.emb
[2025-10-22 16:06:35] INFO: ￢ﾜﾓ Saved embedding: S13234_016.emb
[2025-10-22 16:06:35] INFO: ￢ﾜﾓ Saved embedding: S13234_017.emb
[2025-10-22 16:06:35] INFO: ￢ﾜﾓ Saved embedding: S13234_018.emb
[2025-10-22 16:06:35] INFO: ￢ﾜﾓ Saved embedding: S13234_019.emb
[2025-10-22 16:06:36] INFO: ￢ﾜﾓ Saved embedding: S13234_020.emb
[2025-10-22 16:06:36] INFO: Embedding generation complete: 20/20 successful
[2025-10-22 16:06:36] INFO:   Outlier detected: index=2, avgSim=0.9952, threshold=0.9970
[2025-10-22 16:06:36] INFO:   Outlier detected: index=5, avgSim=0.9968, threshold=0.9970
[2025-10-22 16:06:36] INFO:   Outlier detected: index=18, avgSim=0.9966, threshold=0.9970
[2025-10-22 16:06:36] INFO:   ￢ﾜﾗ Deleted outlier embedding: S13234_003.emb
[2025-10-22 16:06:36] INFO:   ￢ﾜﾗ Deleted outlier image: S13234_003.png
[2025-10-22 16:06:36] INFO:   ￢ﾜﾗ Deleted outlier embedding: S13234_006.emb
[2025-10-22 16:06:36] INFO:   ￢ﾜﾗ Deleted outlier image: S13234_006.png
[2025-10-22 16:06:36] INFO:   ￢ﾜﾗ Deleted outlier embedding: S13234_019.emb
[2025-10-22 16:06:36] INFO:   ￢ﾜﾗ Deleted outlier image: S13234_019.png
[2025-10-22 16:06:36] INFO: ￢ﾜﾓ Auto-removed 3 outlier embedding(s)
[2025-10-22 16:06:36] INFO: Debug: Warning - Analyzing embedding quality...
[2025-10-22 16:06:36] INFO: Debug: Warning - Removed 3 outlier image(s) automatically
[2025-10-22 16:06:36] INFO:   Weak embedding detected: index=2, avgSim=0.9952, threshold=0.9975, absThresh=0.6000
[2025-10-22 16:06:36] INFO:   Weak embedding detected: index=5, avgSim=0.9968, threshold=0.9975, absThresh=0.6000
[2025-10-22 16:06:36] INFO:   Weak embedding detected: index=18, avgSim=0.9966, threshold=0.9975, absThresh=0.6000
[2025-10-22 16:06:36] INFO: ￢ﾜﾓ All embeddings passed weakness check
[2025-10-22 16:06:36] INFO: Capture result: true - Successfully captured 20 high-quality face images
[2025-10-22 16:06:44] INFO: Debug: All images captured successfully
[2025-10-22 16:06:49] INFO: Disposing FaceCaptureDialog...
[2025-10-22 16:06:49] INFO: Preview timer stopped
[2025-10-22 16:06:49] INFO: Face detection resources released
