[2025-10-21 00:25:34] INFO: Application Logger Initialized.
[2025-10-21 00:25:34] INFO: Configuration and core components loaded.
[2025-10-21 00:25:34] INFO: Configuration loaded from classpath: app.properties
[2025-10-21 00:25:34] INFO: Configuration file loaded
[2025-10-21 00:25:34] INFO: MyGUIProgram Started!
[2025-10-21 00:25:36] INFO: ￢ﾜﾅ OpenFace nn4.small2.v1 model loaded successfully
[2025-10-21 00:25:36] INFO: === Folder debug ===
[2025-10-21 00:25:36] INFO: Found folder: C:\SMU\CS102 Project\FaceRecognitionCS102\data\facedata\S12313_ma
[2025-10-21 00:25:36] INFO:   Contains: 36 items
[2025-10-21 00:25:36] INFO:   Display label: S12313 - ma
[2025-10-21 00:25:36] INFO: Found folder: C:\SMU\CS102 Project\FaceRecognitionCS102\data\facedata\S13234_Jin_Rae
[2025-10-21 00:25:36] INFO:   Contains: 36 items
[2025-10-21 00:25:36] INFO:   Display label: S13234 - Jin_Rae
[2025-10-21 00:25:36] INFO: ====================
[2025-10-21 00:25:36] INFO: Person S12313 - ma: tightness=0.934, stdDev=0.015, absThresh=0.607, margin=0.107
[2025-10-21 00:25:36] INFO: Person S13234 - Jin_Rae: tightness=0.960, stdDev=0.009, absThresh=0.604, margin=0.104
[2025-10-21 00:25:36] INFO: DNN face detector loaded successfully for recognition
[2025-10-21 00:25:36] INFO: Attempting camera index 0 with DSHOW backend...
[2025-10-21 00:25:36] INFO: Camera opened successfully: index 0 with DSHOW backend
[2025-10-21 00:25:38] INFO: Camera configured: 640x480 @ 30fps (MJPEG: yes)
[2025-10-21 00:25:38] INFO: Camera initialized successfully
[2025-10-21 00:25:38] INFO: [Recognition] Scores: S12313 - ma=0.646 S13234 - Jin_Rae=0.812 
[2025-10-21 00:25:38] INFO: [Decision] Best=S13234 - Jin_Rae(0.812), 2nd=0.646, Discriminative=0.683, AvgNeg=0.646
[2025-10-21 00:25:38] INFO: [Thresholds] Abs=0.604, Margin=0.104(12.8%), RelMargin=20.4%, Tightness=0.960, StdDev=0.009
[2025-10-21 00:25:38] INFO: [Decision] ACCEPT: Primary thresholds met (abs + margin + relative)
[2025-10-21 00:25:38] INFO: [Recognition] Scores: S12313 - ma=0.713 S13234 - Jin_Rae=0.848 
[2025-10-21 00:25:38] INFO: [Decision] Best=S13234 - Jin_Rae(0.848), 2nd=0.713, Discriminative=0.705, AvgNeg=0.713
[2025-10-21 00:25:38] INFO: [Thresholds] Abs=0.604, Margin=0.104(12.3%), RelMargin=15.9%, Tightness=0.960, StdDev=0.009
[2025-10-21 00:25:38] INFO: [Decision] ACCEPT: Primary thresholds met (abs + margin + relative)
[2025-10-21 00:25:39] INFO: [Recognition] Scores: S12313 - ma=0.699 S13234 - Jin_Rae=0.837 
[2025-10-21 00:25:39] INFO: [Decision] Best=S13234 - Jin_Rae(0.837), 2nd=0.699, Discriminative=0.697, AvgNeg=0.699
[2025-10-21 00:25:39] INFO: [Thresholds] Abs=0.604, Margin=0.104(12.4%), RelMargin=16.5%, Tightness=0.960, StdDev=0.009
[2025-10-21 00:25:39] INFO: [Decision] ACCEPT: Primary thresholds met (abs + margin + relative)
[2025-10-21 00:25:39] INFO: [Recognition] Scores: S12313 - ma=0.685 S13234 - Jin_Rae=0.829 
[2025-10-21 00:25:39] INFO: [Decision] Best=S13234 - Jin_Rae(0.829), 2nd=0.685, Discriminative=0.692, AvgNeg=0.685
[2025-10-21 00:25:39] INFO: [Thresholds] Abs=0.604, Margin=0.104(12.5%), RelMargin=17.4%, Tightness=0.960, StdDev=0.009
[2025-10-21 00:25:39] INFO: [Decision] ACCEPT: Primary thresholds met (abs + margin + relative)
[2025-10-21 00:25:39] INFO: [Recognition] Scores: S12313 - ma=0.668 S13234 - Jin_Rae=0.843 
[2025-10-21 00:25:39] INFO: [Decision] Best=S13234 - Jin_Rae(0.843), 2nd=0.668, Discriminative=0.709, AvgNeg=0.668
[2025-10-21 00:25:39] INFO: [Thresholds] Abs=0.604, Margin=0.104(12.3%), RelMargin=20.8%, Tightness=0.960, StdDev=0.009
[2025-10-21 00:25:39] INFO: [Decision] ACCEPT: Primary thresholds met (abs + margin + relative)
[2025-10-21 00:25:39] INFO: [Recognition] Scores: S12313 - ma=0.649 S13234 - Jin_Rae=0.837 
[2025-10-21 00:25:39] INFO: [Decision] Best=S13234 - Jin_Rae(0.837), 2nd=0.649, Discriminative=0.707, AvgNeg=0.649
[2025-10-21 00:25:39] INFO: [Thresholds] Abs=0.604, Margin=0.104(12.4%), RelMargin=22.4%, Tightness=0.960, StdDev=0.009
[2025-10-21 00:25:39] INFO: [Decision] ACCEPT: Primary thresholds met (abs + margin + relative)
[2025-10-21 00:25:39] INFO: [Recognition] Scores: S12313 - ma=0.640 S13234 - Jin_Rae=0.817 
[2025-10-21 00:25:39] INFO: [Decision] Best=S13234 - Jin_Rae(0.817), 2nd=0.640, Discriminative=0.689, AvgNeg=0.640
[2025-10-21 00:25:39] INFO: [Thresholds] Abs=0.604, Margin=0.104(12.7%), RelMargin=21.7%, Tightness=0.960, StdDev=0.009
[2025-10-21 00:25:39] INFO: [Decision] ACCEPT: Primary thresholds met (abs + margin + relative)
[2025-10-21 00:25:39] INFO: [Recognition] Scores: S12313 - ma=0.646 S13234 - Jin_Rae=0.817 
[2025-10-21 00:25:39] INFO: [Decision] Best=S13234 - Jin_Rae(0.817), 2nd=0.646, Discriminative=0.688, AvgNeg=0.646
[2025-10-21 00:25:39] INFO: [Thresholds] Abs=0.604, Margin=0.104(12.7%), RelMargin=20.9%, Tightness=0.960, StdDev=0.009
[2025-10-21 00:25:39] INFO: [Decision] ACCEPT: Primary thresholds met (abs + margin + relative)
[2025-10-21 00:25:39] INFO: [Recognition] Scores: S12313 - ma=0.720 S13234 - Jin_Rae=0.873 
[2025-10-21 00:25:39] INFO: [Decision] Best=S13234 - Jin_Rae(0.873), 2nd=0.720, Discriminative=0.729, AvgNeg=0.720
[2025-10-21 00:25:39] INFO: [Thresholds] Abs=0.604, Margin=0.104(11.9%), RelMargin=17.5%, Tightness=0.960, StdDev=0.009
[2025-10-21 00:25:39] INFO: [Decision] ACCEPT: Primary thresholds met (abs + margin + relative)
[2025-10-21 00:25:39] INFO: [Recognition] Scores: S12313 - ma=0.673 S13234 - Jin_Rae=0.830 
[2025-10-21 00:25:39] INFO: [Decision] Best=S13234 - Jin_Rae(0.830), 2nd=0.673, Discriminative=0.695, AvgNeg=0.673
[2025-10-21 00:25:39] INFO: [Thresholds] Abs=0.604, Margin=0.104(12.5%), RelMargin=19.0%, Tightness=0.960, StdDev=0.009
[2025-10-21 00:25:39] INFO: [Decision] ACCEPT: Primary thresholds met (abs + margin + relative)
[2025-10-21 00:25:40] INFO: [Recognition] Scores: S12313 - ma=0.675 S13234 - Jin_Rae=0.838 
[2025-10-21 00:25:40] INFO: [Decision] Best=S13234 - Jin_Rae(0.838), 2nd=0.675, Discriminative=0.703, AvgNeg=0.675
[2025-10-21 00:25:40] INFO: [Thresholds] Abs=0.604, Margin=0.104(12.4%), RelMargin=19.4%, Tightness=0.960, StdDev=0.009
[2025-10-21 00:25:40] INFO: [Decision] ACCEPT: Primary thresholds met (abs + margin + relative)
[2025-10-21 00:25:40] INFO: [Recognition] Scores: S12313 - ma=0.668 S13234 - Jin_Rae=0.836 
[2025-10-21 00:25:40] INFO: [Decision] Best=S13234 - Jin_Rae(0.836), 2nd=0.668, Discriminative=0.703, AvgNeg=0.668
[2025-10-21 00:25:40] INFO: [Thresholds] Abs=0.604, Margin=0.104(12.4%), RelMargin=20.2%, Tightness=0.960, StdDev=0.009
[2025-10-21 00:25:40] INFO: [Decision] ACCEPT: Primary thresholds met (abs + margin + relative)
[2025-10-21 00:25:40] INFO: [Recognition] Scores: S12313 - ma=0.641 S13234 - Jin_Rae=0.812 
[2025-10-21 00:25:40] INFO: [Decision] Best=S13234 - Jin_Rae(0.812), 2nd=0.641, Discriminative=0.684, AvgNeg=0.641
[2025-10-21 00:25:40] INFO: [Thresholds] Abs=0.604, Margin=0.104(12.8%), RelMargin=21.1%, Tightness=0.960, StdDev=0.009
[2025-10-21 00:25:40] INFO: [Decision] ACCEPT: Primary thresholds met (abs + margin + relative)
[2025-10-21 00:25:40] INFO: [Recognition] Scores: S12313 - ma=0.627 S13234 - Jin_Rae=0.794 
[2025-10-21 00:25:40] INFO: [Decision] Best=S13234 - Jin_Rae(0.794), 2nd=0.627, Discriminative=0.669, AvgNeg=0.627
[2025-10-21 00:25:40] INFO: [Thresholds] Abs=0.604, Margin=0.104(13.1%), RelMargin=21.1%, Tightness=0.960, StdDev=0.009
[2025-10-21 00:25:40] INFO: [Decision] ACCEPT: Primary thresholds met (abs + margin + relative)
[2025-10-21 00:25:40] INFO: [Recognition] Scores: S12313 - ma=0.742 S13234 - Jin_Rae=0.860 
[2025-10-21 00:25:40] INFO: [Decision] Best=S13234 - Jin_Rae(0.860), 2nd=0.742, Discriminative=0.712, AvgNeg=0.742
[2025-10-21 00:25:40] INFO: [Thresholds] Abs=0.604, Margin=0.104(12.1%), RelMargin=13.8%, Tightness=0.960, StdDev=0.009
[2025-10-21 00:25:40] INFO: [Decision] ACCEPT: Primary thresholds met (abs + margin + relative)
[2025-10-21 00:25:40] INFO: [Recognition] Scores: S12313 - ma=0.737 S13234 - Jin_Rae=0.840 
[2025-10-21 00:25:40] INFO: [Decision] Best=S13234 - Jin_Rae(0.840), 2nd=0.737, Discriminative=0.692, AvgNeg=0.737
[2025-10-21 00:25:40] INFO: [Thresholds] Abs=0.604, Margin=0.104(12.4%), RelMargin=12.2%, Tightness=0.960, StdDev=0.009
[2025-10-21 00:25:40] INFO: [Decision] ACCEPT: Strong margin hold (12.2%)
[2025-10-21 00:25:40] INFO: [Recognition] Scores: S12313 - ma=0.735 S13234 - Jin_Rae=0.838 
[2025-10-21 00:25:40] INFO: [Decision] Best=S13234 - Jin_Rae(0.838), 2nd=0.735, Discriminative=0.691, AvgNeg=0.735
[2025-10-21 00:25:40] INFO: [Thresholds] Abs=0.604, Margin=0.104(12.4%), RelMargin=12.3%, Tightness=0.960, StdDev=0.009
[2025-10-21 00:25:40] INFO: [Decision] ACCEPT: Strong margin hold (12.3%)
[2025-10-21 00:25:40] INFO: [Recognition] Scores: S12313 - ma=0.754 S13234 - Jin_Rae=0.818 
[2025-10-21 00:25:40] INFO: [Decision] Best=S13234 - Jin_Rae(0.818), 2nd=0.754, Discriminative=0.667, AvgNeg=0.754
[2025-10-21 00:25:40] INFO: [Thresholds] Abs=0.604, Margin=0.104(12.7%), RelMargin=7.8%, Tightness=0.960, StdDev=0.009
[2025-10-21 00:25:40] INFO: [Decision] ACCEPT: Consistency override (7/7 frames)
[2025-10-21 00:25:41] INFO: [Recognition] Scores: S12313 - ma=0.745 S13234 - Jin_Rae=0.803 
[2025-10-21 00:25:41] INFO: [Decision] Best=S13234 - Jin_Rae(0.803), 2nd=0.745, Discriminative=0.654, AvgNeg=0.745
[2025-10-21 00:25:41] INFO: [Thresholds] Abs=0.604, Margin=0.104(12.9%), RelMargin=7.2%, Tightness=0.960, StdDev=0.009
[2025-10-21 00:25:41] INFO: [Decision] ACCEPT: Consistency override (7/7 frames)
[2025-10-21 00:25:41] INFO: [Recognition] Scores: S12313 - ma=0.750 S13234 - Jin_Rae=0.793 
[2025-10-21 00:25:41] INFO: [Decision] Best=S13234 - Jin_Rae(0.793), 2nd=0.750, Discriminative=0.643, AvgNeg=0.750
[2025-10-21 00:25:41] INFO: [Thresholds] Abs=0.604, Margin=0.104(13.1%), RelMargin=5.4%, Tightness=0.960, StdDev=0.009
[2025-10-21 00:25:41] INFO: [Decision] ACCEPT: Consistency override (7/7 frames)
[2025-10-21 00:25:41] INFO: [Recognition] Scores: S12313 - ma=0.742 S13234 - Jin_Rae=0.800 
[2025-10-21 00:25:41] INFO: [Decision] Best=S13234 - Jin_Rae(0.800), 2nd=0.742, Discriminative=0.652, AvgNeg=0.742
[2025-10-21 00:25:41] INFO: [Thresholds] Abs=0.604, Margin=0.104(13.0%), RelMargin=7.3%, Tightness=0.960, StdDev=0.009
[2025-10-21 00:25:41] INFO: [Decision] ACCEPT: Consistency override (7/7 frames)
[2025-10-21 00:25:41] INFO: [Recognition] Scores: S12313 - ma=0.726 S13234 - Jin_Rae=0.789 
[2025-10-21 00:25:41] INFO: [Decision] Best=S13234 - Jin_Rae(0.789), 2nd=0.726, Discriminative=0.644, AvgNeg=0.726
[2025-10-21 00:25:41] INFO: [Thresholds] Abs=0.604, Margin=0.104(13.2%), RelMargin=8.1%, Tightness=0.960, StdDev=0.009
[2025-10-21 00:25:41] INFO: [Decision] ACCEPT: Consistency override (7/7 frames)
[2025-10-21 00:25:41] INFO: [Recognition] Scores: S12313 - ma=0.736 S13234 - Jin_Rae=0.786 
[2025-10-21 00:25:41] INFO: [Decision] Best=S13234 - Jin_Rae(0.786), 2nd=0.736, Discriminative=0.639, AvgNeg=0.736
[2025-10-21 00:25:41] INFO: [Thresholds] Abs=0.604, Margin=0.104(13.2%), RelMargin=6.4%, Tightness=0.960, StdDev=0.009
[2025-10-21 00:25:41] INFO: [Decision] ACCEPT: Consistency override (7/7 frames)
[2025-10-21 00:25:41] INFO: [Recognition] Scores: S12313 - ma=0.723 S13234 - Jin_Rae=0.809 
[2025-10-21 00:25:41] INFO: [Decision] Best=S13234 - Jin_Rae(0.809), 2nd=0.723, Discriminative=0.665, AvgNeg=0.723
[2025-10-21 00:25:41] INFO: [Thresholds] Abs=0.604, Margin=0.104(12.8%), RelMargin=10.7%, Tightness=0.960, StdDev=0.009
[2025-10-21 00:25:41] INFO: [Decision] ACCEPT: Consistency override (7/7 frames)
[2025-10-21 00:25:41] INFO: [Recognition] Scores: S12313 - ma=0.726 S13234 - Jin_Rae=0.798 
[2025-10-21 00:25:41] INFO: [Decision] Best=S13234 - Jin_Rae(0.798), 2nd=0.726, Discriminative=0.653, AvgNeg=0.726
[2025-10-21 00:25:41] INFO: [Thresholds] Abs=0.604, Margin=0.104(13.0%), RelMargin=9.0%, Tightness=0.960, StdDev=0.009
[2025-10-21 00:25:41] INFO: [Decision] ACCEPT: Consistency override (7/7 frames)
[2025-10-21 00:25:41] INFO: [Recognition] Scores: S12313 - ma=0.716 S13234 - Jin_Rae=0.791 
[2025-10-21 00:25:41] INFO: [Decision] Best=S13234 - Jin_Rae(0.791), 2nd=0.716, Discriminative=0.647, AvgNeg=0.716
[2025-10-21 00:25:41] INFO: [Thresholds] Abs=0.604, Margin=0.104(13.2%), RelMargin=9.5%, Tightness=0.960, StdDev=0.009
[2025-10-21 00:25:41] INFO: [Decision] ACCEPT: Consistency override (7/7 frames)
[2025-10-21 00:25:42] INFO: [Recognition] Scores: S12313 - ma=0.718 S13234 - Jin_Rae=0.792 
[2025-10-21 00:25:42] INFO: [Decision] Best=S13234 - Jin_Rae(0.792), 2nd=0.718, Discriminative=0.649, AvgNeg=0.718
[2025-10-21 00:25:42] INFO: [Thresholds] Abs=0.604, Margin=0.104(13.1%), RelMargin=9.4%, Tightness=0.960, StdDev=0.009
[2025-10-21 00:25:42] INFO: [Decision] ACCEPT: Consistency override (7/7 frames)
[2025-10-21 00:25:42] INFO: [Recognition] Scores: S12313 - ma=0.710 S13234 - Jin_Rae=0.830 
[2025-10-21 00:25:42] INFO: [Decision] Best=S13234 - Jin_Rae(0.830), 2nd=0.710, Discriminative=0.688, AvgNeg=0.710
[2025-10-21 00:25:42] INFO: [Thresholds] Abs=0.604, Margin=0.104(12.5%), RelMargin=14.5%, Tightness=0.960, StdDev=0.009
[2025-10-21 00:25:42] INFO: [Decision] ACCEPT: Primary thresholds met (abs + margin + relative)
[2025-10-21 00:25:42] INFO: [Recognition] Scores: S12313 - ma=0.702 S13234 - Jin_Rae=0.807 
[2025-10-21 00:25:42] INFO: [Decision] Best=S13234 - Jin_Rae(0.807), 2nd=0.702, Discriminative=0.666, AvgNeg=0.702
[2025-10-21 00:25:42] INFO: [Thresholds] Abs=0.604, Margin=0.104(12.9%), RelMargin=13.0%, Tightness=0.960, StdDev=0.009
[2025-10-21 00:25:42] INFO: [Decision] ACCEPT: Primary thresholds met (abs + margin + relative)
[2025-10-21 00:25:42] INFO: [Recognition] Scores: S12313 - ma=0.684 S13234 - Jin_Rae=0.805 
[2025-10-21 00:25:42] INFO: [Decision] Best=S13234 - Jin_Rae(0.805), 2nd=0.684, Discriminative=0.668, AvgNeg=0.684
[2025-10-21 00:25:42] INFO: [Thresholds] Abs=0.604, Margin=0.104(12.9%), RelMargin=15.0%, Tightness=0.960, StdDev=0.009
[2025-10-21 00:25:42] INFO: [Decision] ACCEPT: Primary thresholds met (abs + margin + relative)
[2025-10-21 00:25:42] INFO: [Recognition] Scores: S12313 - ma=0.677 S13234 - Jin_Rae=0.814 
[2025-10-21 00:25:42] INFO: [Decision] Best=S13234 - Jin_Rae(0.814), 2nd=0.677, Discriminative=0.679, AvgNeg=0.677
[2025-10-21 00:25:42] INFO: [Thresholds] Abs=0.604, Margin=0.104(12.8%), RelMargin=16.8%, Tightness=0.960, StdDev=0.009
[2025-10-21 00:25:42] INFO: [Decision] ACCEPT: Primary thresholds met (abs + margin + relative)
[2025-10-21 00:25:42] INFO: [Recognition] Scores: S12313 - ma=0.665 S13234 - Jin_Rae=0.846 
[2025-10-21 00:25:42] INFO: [Decision] Best=S13234 - Jin_Rae(0.846), 2nd=0.665, Discriminative=0.713, AvgNeg=0.665
[2025-10-21 00:25:42] INFO: [Thresholds] Abs=0.604, Margin=0.104(12.3%), RelMargin=21.3%, Tightness=0.960, StdDev=0.009
[2025-10-21 00:25:42] INFO: [Decision] ACCEPT: Primary thresholds met (abs + margin + relative)
[2025-10-21 00:25:42] INFO: [Recognition] Scores: S12313 - ma=0.654 S13234 - Jin_Rae=0.827 
[2025-10-21 00:25:42] INFO: [Decision] Best=S13234 - Jin_Rae(0.827), 2nd=0.654, Discriminative=0.696, AvgNeg=0.654
[2025-10-21 00:25:42] INFO: [Thresholds] Abs=0.604, Margin=0.104(12.6%), RelMargin=20.9%, Tightness=0.960, StdDev=0.009
[2025-10-21 00:25:42] INFO: [Decision] ACCEPT: Primary thresholds met (abs + margin + relative)
[2025-10-21 00:25:42] INFO: [Recognition] Scores: S12313 - ma=0.697 S13234 - Jin_Rae=0.824 
[2025-10-21 00:25:42] INFO: [Decision] Best=S13234 - Jin_Rae(0.824), 2nd=0.697, Discriminative=0.685, AvgNeg=0.697
[2025-10-21 00:25:42] INFO: [Thresholds] Abs=0.604, Margin=0.104(12.6%), RelMargin=15.4%, Tightness=0.960, StdDev=0.009
[2025-10-21 00:25:42] INFO: [Decision] ACCEPT: Primary thresholds met (abs + margin + relative)
[2025-10-21 00:25:43] INFO: [Recognition] Scores: S12313 - ma=0.666 S13234 - Jin_Rae=0.839 
[2025-10-21 00:25:43] INFO: [Decision] Best=S13234 - Jin_Rae(0.839), 2nd=0.666, Discriminative=0.705, AvgNeg=0.666
[2025-10-21 00:25:43] INFO: [Thresholds] Abs=0.604, Margin=0.104(12.4%), RelMargin=20.6%, Tightness=0.960, StdDev=0.009
[2025-10-21 00:25:43] INFO: [Decision] ACCEPT: Primary thresholds met (abs + margin + relative)
[2025-10-21 00:25:43] INFO: [Recognition] Scores: S12313 - ma=0.662 S13234 - Jin_Rae=0.845 
[2025-10-21 00:25:43] INFO: [Decision] Best=S13234 - Jin_Rae(0.845), 2nd=0.662, Discriminative=0.712, AvgNeg=0.662
[2025-10-21 00:25:43] INFO: [Thresholds] Abs=0.604, Margin=0.104(12.3%), RelMargin=21.6%, Tightness=0.960, StdDev=0.009
[2025-10-21 00:25:43] INFO: [Decision] ACCEPT: Primary thresholds met (abs + margin + relative)
[2025-10-21 00:25:43] INFO: [Recognition] Scores: S12313 - ma=0.665 S13234 - Jin_Rae=0.854 
[2025-10-21 00:25:43] INFO: [Decision] Best=S13234 - Jin_Rae(0.854), 2nd=0.665, Discriminative=0.721, AvgNeg=0.665
[2025-10-21 00:25:43] INFO: [Thresholds] Abs=0.604, Margin=0.104(12.2%), RelMargin=22.2%, Tightness=0.960, StdDev=0.009
[2025-10-21 00:25:43] INFO: [Decision] ACCEPT: Primary thresholds met (abs + margin + relative)
[2025-10-21 00:25:43] INFO: [Recognition] Scores: S12313 - ma=0.688 S13234 - Jin_Rae=0.859 
[2025-10-21 00:25:43] INFO: [Decision] Best=S13234 - Jin_Rae(0.859), 2nd=0.688, Discriminative=0.721, AvgNeg=0.688
[2025-10-21 00:25:43] INFO: [Thresholds] Abs=0.604, Margin=0.104(12.1%), RelMargin=19.9%, Tightness=0.960, StdDev=0.009
[2025-10-21 00:25:43] INFO: [Decision] ACCEPT: Primary thresholds met (abs + margin + relative)
[2025-10-21 00:25:43] INFO: [Recognition] Scores: S12313 - ma=0.708 S13234 - Jin_Rae=0.894 
[2025-10-21 00:25:43] INFO: [Decision] Best=S13234 - Jin_Rae(0.894), 2nd=0.708, Discriminative=0.753, AvgNeg=0.708
[2025-10-21 00:25:43] INFO: [Thresholds] Abs=0.604, Margin=0.104(11.6%), RelMargin=20.8%, Tightness=0.960, StdDev=0.009
[2025-10-21 00:25:43] INFO: [Decision] ACCEPT: Primary thresholds met (abs + margin + relative)
[2025-10-21 00:25:43] INFO: [Recognition] Scores: S12313 - ma=0.691 S13234 - Jin_Rae=0.869 
[2025-10-21 00:25:43] INFO: [Decision] Best=S13234 - Jin_Rae(0.869), 2nd=0.691, Discriminative=0.731, AvgNeg=0.691
[2025-10-21 00:25:43] INFO: [Thresholds] Abs=0.604, Margin=0.104(12.0%), RelMargin=20.5%, Tightness=0.960, StdDev=0.009
[2025-10-21 00:25:43] INFO: [Decision] ACCEPT: Primary thresholds met (abs + margin + relative)
[2025-10-21 00:25:43] INFO: [Recognition] Scores: S12313 - ma=0.716 S13234 - Jin_Rae=0.869 
[2025-10-21 00:25:43] INFO: [Decision] Best=S13234 - Jin_Rae(0.869), 2nd=0.716, Discriminative=0.725, AvgNeg=0.716
[2025-10-21 00:25:43] INFO: [Thresholds] Abs=0.604, Margin=0.104(12.0%), RelMargin=17.6%, Tightness=0.960, StdDev=0.009
[2025-10-21 00:25:43] INFO: [Decision] ACCEPT: Primary thresholds met (abs + margin + relative)
[2025-10-21 00:25:44] INFO: [Recognition] Scores: S12313 - ma=0.696 S13234 - Jin_Rae=0.867 
[2025-10-21 00:25:44] INFO: [Decision] Best=S13234 - Jin_Rae(0.867), 2nd=0.696, Discriminative=0.728, AvgNeg=0.696
[2025-10-21 00:25:44] INFO: [Thresholds] Abs=0.604, Margin=0.104(12.0%), RelMargin=19.8%, Tightness=0.960, StdDev=0.009
[2025-10-21 00:25:44] INFO: [Decision] ACCEPT: Primary thresholds met (abs + margin + relative)
[2025-10-21 00:25:44] INFO: [Recognition] Scores: S12313 - ma=0.697 S13234 - Jin_Rae=0.866 
[2025-10-21 00:25:44] INFO: [Decision] Best=S13234 - Jin_Rae(0.866), 2nd=0.697, Discriminative=0.727, AvgNeg=0.697
[2025-10-21 00:25:44] INFO: [Thresholds] Abs=0.604, Margin=0.104(12.0%), RelMargin=19.5%, Tightness=0.960, StdDev=0.009
[2025-10-21 00:25:44] INFO: [Decision] ACCEPT: Primary thresholds met (abs + margin + relative)
[2025-10-21 00:25:44] INFO: [Recognition] Scores: S12313 - ma=0.685 S13234 - Jin_Rae=0.842 
[2025-10-21 00:25:44] INFO: [Decision] Best=S13234 - Jin_Rae(0.842), 2nd=0.685, Discriminative=0.705, AvgNeg=0.685
[2025-10-21 00:25:44] INFO: [Thresholds] Abs=0.604, Margin=0.104(12.4%), RelMargin=18.6%, Tightness=0.960, StdDev=0.009
[2025-10-21 00:25:44] INFO: [Decision] ACCEPT: Primary thresholds met (abs + margin + relative)
[2025-10-21 00:25:44] INFO: [Recognition] Scores: S12313 - ma=0.664 S13234 - Jin_Rae=0.822 
[2025-10-21 00:25:44] INFO: [Decision] Best=S13234 - Jin_Rae(0.822), 2nd=0.664, Discriminative=0.689, AvgNeg=0.664
[2025-10-21 00:25:44] INFO: [Thresholds] Abs=0.604, Margin=0.104(12.6%), RelMargin=19.2%, Tightness=0.960, StdDev=0.009
[2025-10-21 00:25:44] INFO: [Decision] ACCEPT: Primary thresholds met (abs + margin + relative)
[2025-10-21 00:25:44] INFO: Exiting Face Recognition Demo...
[2025-10-21 00:25:44] INFO: Exiting Face Recognition Demo...
