[2025-10-21 23:33:00] INFO: Application Logger Initialized.
[2025-10-21 23:33:00] INFO: Configuration loaded from file: C:\SMU\CS102 Project\FaceRecognitionCS102\app.properties
[2025-10-21 23:33:00] INFO: GUI launched successfully
[2025-10-21 23:33:03] INFO: ￢ﾜﾅ OpenFace nn4.small2.v1 model loaded successfully
[2025-10-21 23:33:03] INFO: ￢ﾜﾓ SimpleHaarFaceAligner initialized successfully
[2025-10-21 23:33:03] INFO: FaceCaptureDialog created for student: Jin Rae
[2025-10-21 23:33:04] INFO: Dialog initialized
[2025-10-21 23:33:04] INFO: Starting camera preview...
[2025-10-21 23:33:04] INFO: Preview timer started at 20fps
[2025-10-21 23:33:06] INFO: Starting capture process...
[2025-10-21 23:33:06] INFO: Performing capture with target: 20
[2025-10-21 23:33:06] INFO: Debug: Capture process started
[2025-10-21 23:33:06] INFO: Debug: Image saved with confidence 1.00
[2025-10-21 23:33:07] INFO: Debug: Image saved with confidence 1.00
[2025-10-21 23:33:09] INFO: Debug: Image saved with confidence 1.00
[2025-10-21 23:33:10] INFO: Debug: Image saved with confidence 1.00
[2025-10-21 23:33:11] INFO: Debug: Image saved with confidence 1.00
[2025-10-21 23:33:13] INFO: Debug: Image saved with confidence 1.00
[2025-10-21 23:33:14] INFO: Debug: Image saved with confidence 0.99
[2025-10-21 23:33:16] INFO: Debug: Image saved with confidence 0.99
[2025-10-21 23:33:17] INFO: Debug: Image saved with confidence 0.99
[2025-10-21 23:33:18] INFO: Debug: Image saved with confidence 0.99
[2025-10-21 23:33:20] INFO: Debug: Image saved with confidence 0.99
[2025-10-21 23:33:21] INFO: Debug: Image saved with confidence 0.99
[2025-10-21 23:33:22] INFO: Debug: Image saved with confidence 0.99
[2025-10-21 23:33:24] INFO: Debug: Image saved with confidence 0.98
[2025-10-21 23:33:25] INFO: Debug: Image saved with confidence 0.99
[2025-10-21 23:33:26] INFO: Debug: Image saved with confidence 0.99
[2025-10-21 23:33:28] INFO: Debug: Image saved with confidence 0.99
[2025-10-21 23:33:29] INFO: Debug: Image saved with confidence 0.99
[2025-10-21 23:33:30] INFO: Debug: Image saved with confidence 0.99
[2025-10-21 23:33:32] INFO: Debug: Image saved with confidence 0.99
[2025-10-21 23:33:33] INFO: Debug: Capture process finished
[2025-10-21 23:33:33] INFO: Debug: Warning - Processing captured images...
[2025-10-21 23:33:33] INFO: ￢ﾜﾓ Saved embedding: S13234_001.emb
[2025-10-21 23:33:33] INFO: ￢ﾜﾓ Saved embedding: S13234_002.emb
[2025-10-21 23:33:33] INFO: ￢ﾜﾓ Saved embedding: S13234_003.emb
[2025-10-21 23:33:33] INFO: ￢ﾜﾓ Saved embedding: S13234_004.emb
[2025-10-21 23:33:33] INFO: ￢ﾜﾓ Saved embedding: S13234_005.emb
[2025-10-21 23:33:33] INFO: ￢ﾜﾓ Saved embedding: S13234_006.emb
[2025-10-21 23:33:33] INFO: ￢ﾜﾓ Saved embedding: S13234_007.emb
[2025-10-21 23:33:33] INFO: ￢ﾜﾓ Saved embedding: S13234_008.emb
[2025-10-21 23:33:33] INFO: ￢ﾜﾓ Saved embedding: S13234_009.emb
[2025-10-21 23:33:33] INFO: ￢ﾜﾓ Saved embedding: S13234_010.emb
[2025-10-21 23:33:33] INFO: ￢ﾜﾓ Saved embedding: S13234_011.emb
[2025-10-21 23:33:33] INFO: ￢ﾜﾓ Saved embedding: S13234_012.emb
[2025-10-21 23:33:33] INFO: ￢ﾜﾓ Saved embedding: S13234_013.emb
[2025-10-21 23:33:34] INFO: ￢ﾜﾓ Saved embedding: S13234_014.emb
[2025-10-21 23:33:34] INFO: ￢ﾜﾓ Saved embedding: S13234_015.emb
[2025-10-21 23:33:34] INFO: ￢ﾜﾓ Saved embedding: S13234_016.emb
[2025-10-21 23:33:34] INFO: ￢ﾜﾓ Saved embedding: S13234_017.emb
[2025-10-21 23:33:34] INFO: ￢ﾜﾓ Saved embedding: S13234_018.emb
[2025-10-21 23:33:34] INFO: ￢ﾜﾓ Saved embedding: S13234_019.emb
[2025-10-21 23:33:34] INFO: ￢ﾜﾓ Saved embedding: S13234_020.emb
[2025-10-21 23:33:34] INFO: Embedding generation complete: 20/20 successful
[2025-10-21 23:33:34] INFO:   Outlier detected: index=2, avgSim=0.7580, threshold=0.7619
[2025-10-21 23:33:34] INFO:   Outlier detected: index=11, avgSim=0.6855, threshold=0.7619
[2025-10-21 23:33:34] INFO:   Outlier detected: index=14, avgSim=0.7194, threshold=0.7619
[2025-10-21 23:33:34] INFO:   ￢ﾜﾗ Deleted outlier embedding: S13234_003.emb
[2025-10-21 23:33:34] INFO:   ￢ﾜﾗ Deleted outlier image: S13234_003.png
[2025-10-21 23:33:34] INFO:   ￢ﾜﾗ Deleted outlier embedding: S13234_012.emb
[2025-10-21 23:33:34] INFO:   ￢ﾜﾗ Deleted outlier image: S13234_012.png
[2025-10-21 23:33:34] INFO:   ￢ﾜﾗ Deleted outlier embedding: S13234_015.emb
[2025-10-21 23:33:34] INFO:   ￢ﾜﾗ Deleted outlier image: S13234_015.png
[2025-10-21 23:33:34] INFO: ￢ﾜﾓ Auto-removed 3 outlier embedding(s)
[2025-10-21 23:33:34] INFO:   Weak embedding detected: index=2, avgSim=0.7580, threshold=0.7932, absThresh=0.6000
[2025-10-21 23:33:34] INFO:   Weak embedding detected: index=11, avgSim=0.6855, threshold=0.7932, absThresh=0.6000
[2025-10-21 23:33:34] INFO:   Weak embedding detected: index=14, avgSim=0.7194, threshold=0.7932, absThresh=0.6000
[2025-10-21 23:33:34] INFO: ￢ﾜﾓ All embeddings passed weakness check
[2025-10-21 23:33:34] INFO: Debug: Warning - Analyzing embedding quality...
[2025-10-21 23:33:34] INFO: Capture result: true - Successfully captured 20 high-quality face images
[2025-10-21 23:33:34] INFO: Debug: Warning - Removed 3 outlier image(s) automatically
[2025-10-21 23:33:36] INFO: Debug: All images captured successfully
[2025-10-21 23:33:37] INFO: Disposing FaceCaptureDialog...
[2025-10-21 23:33:37] INFO: Preview timer stopped
[2025-10-21 23:33:37] INFO: Face detection resources released
