[2025-10-18 16:40:16] INFO: Application Logger Initialized.
[2025-10-18 16:40:16] INFO: Configuration and core components loaded.
[2025-10-18 16:40:16] INFO: Configuration loaded from classpath: app.properties
[2025-10-18 16:40:16] INFO: Configuration file loaded
[2025-10-18 16:40:16] INFO: MyGUIProgram Started!
[2025-10-18 16:40:17] INFO: Face embedding model loaded successfully
[2025-10-18 16:40:17] INFO: === Folder debug ===
[2025-10-18 16:40:17] INFO: Found folder: C:\SMU\CS102 Project\FaceRecognitionCS102\data\facedata\S13234_Jin_Rae
[2025-10-18 16:40:17] INFO:   Contains: 28 items
[2025-10-18 16:40:17] INFO:   Display label: S13234 - Jin_Rae
[2025-10-18 16:40:17] INFO: ====================
[2025-10-18 16:40:17] INFO: Person S13234 - Jin_Rae: tightness=0.785, stdDev=0.048, absThresh=0.641, margin=0.101
[2025-10-18 16:40:17] INFO: DNN face detector loaded successfully for recognition
[2025-10-18 16:40:17] INFO: Attempting to open camera with DSHOW backend...
[2025-10-18 16:40:17] INFO: Camera opened successfully with DSHOW backend
[2025-10-18 16:40:18] INFO: Camera configured: 640x480 @ 30fps with MJPEG codec
[2025-10-18 16:40:18] INFO: Camera initialized successfully
[2025-10-18 16:40:19] INFO: [Recognition] Scores: S13234 - Jin_Rae=0.739 
[2025-10-18 16:40:19] INFO: [Decision] Best=S13234 - Jin_Rae(0.739), 2nd=0.000, Discriminative=0.739, AvgNeg=0.000
[2025-10-18 16:40:19] INFO: [Thresholds] Abs=0.641, Margin=0.101(13.7%), RelMargin=100.0%, Tightness=0.785, StdDev=0.048
[2025-10-18 16:40:19] INFO: [Decision] ACCEPT: Tier 1 - Absolute + Margin
[2025-10-18 16:40:19] INFO: [Recognition] Scores: S13234 - Jin_Rae=0.731 
[2025-10-18 16:40:19] INFO: [Decision] Best=S13234 - Jin_Rae(0.731), 2nd=0.000, Discriminative=0.731, AvgNeg=0.000
[2025-10-18 16:40:19] INFO: [Thresholds] Abs=0.641, Margin=0.101(13.9%), RelMargin=100.0%, Tightness=0.785, StdDev=0.048
[2025-10-18 16:40:19] INFO: [Decision] ACCEPT: Tier 1 - Absolute + Margin
[2025-10-18 16:40:19] INFO: [Recognition] Scores: S13234 - Jin_Rae=0.735 
[2025-10-18 16:40:19] INFO: [Decision] Best=S13234 - Jin_Rae(0.735), 2nd=0.000, Discriminative=0.735, AvgNeg=0.000
[2025-10-18 16:40:19] INFO: [Thresholds] Abs=0.641, Margin=0.101(13.8%), RelMargin=100.0%, Tightness=0.785, StdDev=0.048
[2025-10-18 16:40:19] INFO: [Decision] ACCEPT: Tier 1 - Absolute + Margin
[2025-10-18 16:40:19] INFO: [Recognition] Scores: S13234 - Jin_Rae=0.725 
[2025-10-18 16:40:19] INFO: [Decision] Best=S13234 - Jin_Rae(0.725), 2nd=0.000, Discriminative=0.725, AvgNeg=0.000
[2025-10-18 16:40:19] INFO: [Thresholds] Abs=0.641, Margin=0.101(14.0%), RelMargin=100.0%, Tightness=0.785, StdDev=0.048
[2025-10-18 16:40:19] INFO: [Decision] ACCEPT: Tier 1 - Absolute + Margin
[2025-10-18 16:40:19] INFO: [Recognition] Scores: S13234 - Jin_Rae=0.727 
[2025-10-18 16:40:19] INFO: [Decision] Best=S13234 - Jin_Rae(0.727), 2nd=0.000, Discriminative=0.727, AvgNeg=0.000
[2025-10-18 16:40:19] INFO: [Thresholds] Abs=0.641, Margin=0.101(14.0%), RelMargin=100.0%, Tightness=0.785, StdDev=0.048
[2025-10-18 16:40:19] INFO: [Decision] ACCEPT: Tier 1 - Absolute + Margin
[2025-10-18 16:40:19] INFO: [Recognition] Scores: S13234 - Jin_Rae=0.723 
[2025-10-18 16:40:19] INFO: [Decision] Best=S13234 - Jin_Rae(0.723), 2nd=0.000, Discriminative=0.723, AvgNeg=0.000
[2025-10-18 16:40:19] INFO: [Thresholds] Abs=0.641, Margin=0.101(14.0%), RelMargin=100.0%, Tightness=0.785, StdDev=0.048
[2025-10-18 16:40:19] INFO: [Decision] ACCEPT: Tier 1 - Absolute + Margin
[2025-10-18 16:40:19] INFO: [Recognition] Scores: S13234 - Jin_Rae=0.723 
[2025-10-18 16:40:19] INFO: [Decision] Best=S13234 - Jin_Rae(0.723), 2nd=0.000, Discriminative=0.723, AvgNeg=0.000
[2025-10-18 16:40:19] INFO: [Thresholds] Abs=0.641, Margin=0.101(14.0%), RelMargin=100.0%, Tightness=0.785, StdDev=0.048
[2025-10-18 16:40:19] INFO: [Decision] ACCEPT: Tier 1 - Absolute + Margin
[2025-10-18 16:40:20] INFO: [Recognition] Scores: S13234 - Jin_Rae=0.727 
[2025-10-18 16:40:20] INFO: [Decision] Best=S13234 - Jin_Rae(0.727), 2nd=0.000, Discriminative=0.727, AvgNeg=0.000
[2025-10-18 16:40:20] INFO: [Thresholds] Abs=0.641, Margin=0.101(14.0%), RelMargin=100.0%, Tightness=0.785, StdDev=0.048
[2025-10-18 16:40:20] INFO: [Decision] ACCEPT: Tier 1 - Absolute + Margin
[2025-10-18 16:40:20] INFO: [Recognition] Scores: S13234 - Jin_Rae=0.737 
[2025-10-18 16:40:20] INFO: [Decision] Best=S13234 - Jin_Rae(0.737), 2nd=0.000, Discriminative=0.737, AvgNeg=0.000
[2025-10-18 16:40:20] INFO: [Thresholds] Abs=0.641, Margin=0.101(13.8%), RelMargin=100.0%, Tightness=0.785, StdDev=0.048
[2025-10-18 16:40:20] INFO: [Decision] ACCEPT: Tier 1 - Absolute + Margin
[2025-10-18 16:40:20] INFO: [Recognition] Scores: S13234 - Jin_Rae=0.720 
[2025-10-18 16:40:20] INFO: [Decision] Best=S13234 - Jin_Rae(0.720), 2nd=0.000, Discriminative=0.720, AvgNeg=0.000
[2025-10-18 16:40:20] INFO: [Thresholds] Abs=0.641, Margin=0.101(14.1%), RelMargin=100.0%, Tightness=0.785, StdDev=0.048
[2025-10-18 16:40:20] INFO: [Decision] ACCEPT: Tier 1 - Absolute + Margin
[2025-10-18 16:40:20] INFO: [Recognition] Scores: S13234 - Jin_Rae=0.716 
[2025-10-18 16:40:20] INFO: [Decision] Best=S13234 - Jin_Rae(0.716), 2nd=0.000, Discriminative=0.716, AvgNeg=0.000
[2025-10-18 16:40:20] INFO: [Thresholds] Abs=0.641, Margin=0.101(14.2%), RelMargin=100.0%, Tightness=0.785, StdDev=0.048
[2025-10-18 16:40:20] INFO: [Decision] ACCEPT: Tier 1 - Absolute + Margin
[2025-10-18 16:40:20] INFO: [Recognition] Scores: S13234 - Jin_Rae=0.726 
[2025-10-18 16:40:20] INFO: [Decision] Best=S13234 - Jin_Rae(0.726), 2nd=0.000, Discriminative=0.726, AvgNeg=0.000
[2025-10-18 16:40:20] INFO: [Thresholds] Abs=0.641, Margin=0.101(14.0%), RelMargin=100.0%, Tightness=0.785, StdDev=0.048
[2025-10-18 16:40:20] INFO: [Decision] ACCEPT: Tier 1 - Absolute + Margin
[2025-10-18 16:40:20] INFO: [Recognition] Scores: S13234 - Jin_Rae=0.738 
[2025-10-18 16:40:20] INFO: [Decision] Best=S13234 - Jin_Rae(0.738), 2nd=0.000, Discriminative=0.738, AvgNeg=0.000
[2025-10-18 16:40:20] INFO: [Thresholds] Abs=0.641, Margin=0.101(13.7%), RelMargin=100.0%, Tightness=0.785, StdDev=0.048
[2025-10-18 16:40:20] INFO: [Decision] ACCEPT: Tier 1 - Absolute + Margin
[2025-10-18 16:40:20] INFO: [Recognition] Scores: S13234 - Jin_Rae=0.733 
[2025-10-18 16:40:20] INFO: [Decision] Best=S13234 - Jin_Rae(0.733), 2nd=0.000, Discriminative=0.733, AvgNeg=0.000
[2025-10-18 16:40:20] INFO: [Thresholds] Abs=0.641, Margin=0.101(13.8%), RelMargin=100.0%, Tightness=0.785, StdDev=0.048
[2025-10-18 16:40:20] INFO: [Decision] ACCEPT: Tier 1 - Absolute + Margin
[2025-10-18 16:40:20] INFO: [Recognition] Scores: S13234 - Jin_Rae=0.733 
[2025-10-18 16:40:20] INFO: [Decision] Best=S13234 - Jin_Rae(0.733), 2nd=0.000, Discriminative=0.733, AvgNeg=0.000
[2025-10-18 16:40:20] INFO: [Thresholds] Abs=0.641, Margin=0.101(13.8%), RelMargin=100.0%, Tightness=0.785, StdDev=0.048
[2025-10-18 16:40:20] INFO: [Decision] ACCEPT: Tier 1 - Absolute + Margin
[2025-10-18 16:40:20] INFO: [Recognition] Scores: S13234 - Jin_Rae=0.750 
[2025-10-18 16:40:20] INFO: [Decision] Best=S13234 - Jin_Rae(0.750), 2nd=0.000, Discriminative=0.750, AvgNeg=0.000
[2025-10-18 16:40:20] INFO: [Thresholds] Abs=0.641, Margin=0.101(13.5%), RelMargin=100.0%, Tightness=0.785, StdDev=0.048
[2025-10-18 16:40:20] INFO: [Decision] ACCEPT: Tier 1 - Absolute + Margin
[2025-10-18 16:40:20] INFO: [Recognition] Scores: S13234 - Jin_Rae=0.755 
[2025-10-18 16:40:20] INFO: [Decision] Best=S13234 - Jin_Rae(0.755), 2nd=0.000, Discriminative=0.755, AvgNeg=0.000
[2025-10-18 16:40:20] INFO: [Thresholds] Abs=0.641, Margin=0.101(13.4%), RelMargin=100.0%, Tightness=0.785, StdDev=0.048
[2025-10-18 16:40:20] INFO: [Decision] ACCEPT: Tier 1 - Absolute + Margin
[2025-10-18 16:40:20] INFO: [Recognition] Scores: S13234 - Jin_Rae=0.749 
[2025-10-18 16:40:20] INFO: [Decision] Best=S13234 - Jin_Rae(0.749), 2nd=0.000, Discriminative=0.749, AvgNeg=0.000
[2025-10-18 16:40:20] INFO: [Thresholds] Abs=0.641, Margin=0.101(13.5%), RelMargin=100.0%, Tightness=0.785, StdDev=0.048
[2025-10-18 16:40:20] INFO: [Decision] ACCEPT: Tier 1 - Absolute + Margin
[2025-10-18 16:40:20] INFO: [Recognition] Scores: S13234 - Jin_Rae=0.751 
[2025-10-18 16:40:20] INFO: [Decision] Best=S13234 - Jin_Rae(0.751), 2nd=0.000, Discriminative=0.751, AvgNeg=0.000
[2025-10-18 16:40:20] INFO: [Thresholds] Abs=0.641, Margin=0.101(13.5%), RelMargin=100.0%, Tightness=0.785, StdDev=0.048
[2025-10-18 16:40:20] INFO: [Decision] ACCEPT: Tier 1 - Absolute + Margin
[2025-10-18 16:40:20] INFO: [Recognition] Scores: S13234 - Jin_Rae=0.752 
[2025-10-18 16:40:20] INFO: [Decision] Best=S13234 - Jin_Rae(0.752), 2nd=0.000, Discriminative=0.752, AvgNeg=0.000
[2025-10-18 16:40:20] INFO: [Thresholds] Abs=0.641, Margin=0.101(13.5%), RelMargin=100.0%, Tightness=0.785, StdDev=0.048
[2025-10-18 16:40:20] INFO: [Decision] ACCEPT: Tier 1 - Absolute + Margin
[2025-10-18 16:40:20] INFO: [Recognition] Scores: S13234 - Jin_Rae=0.745 
[2025-10-18 16:40:20] INFO: [Decision] Best=S13234 - Jin_Rae(0.745), 2nd=0.000, Discriminative=0.745, AvgNeg=0.000
[2025-10-18 16:40:20] INFO: [Thresholds] Abs=0.641, Margin=0.101(13.6%), RelMargin=100.0%, Tightness=0.785, StdDev=0.048
[2025-10-18 16:40:20] INFO: [Decision] ACCEPT: Tier 1 - Absolute + Margin
[2025-10-18 16:40:20] INFO: [Recognition] Scores: S13234 - Jin_Rae=0.738 
[2025-10-18 16:40:20] INFO: [Decision] Best=S13234 - Jin_Rae(0.738), 2nd=0.000, Discriminative=0.738, AvgNeg=0.000
[2025-10-18 16:40:20] INFO: [Thresholds] Abs=0.641, Margin=0.101(13.7%), RelMargin=100.0%, Tightness=0.785, StdDev=0.048
[2025-10-18 16:40:20] INFO: [Decision] ACCEPT: Tier 1 - Absolute + Margin
[2025-10-18 16:40:21] INFO: [Recognition] Scores: S13234 - Jin_Rae=0.745 
[2025-10-18 16:40:21] INFO: [Decision] Best=S13234 - Jin_Rae(0.745), 2nd=0.000, Discriminative=0.745, AvgNeg=0.000
[2025-10-18 16:40:21] INFO: [Thresholds] Abs=0.641, Margin=0.101(13.6%), RelMargin=100.0%, Tightness=0.785, StdDev=0.048
[2025-10-18 16:40:21] INFO: [Decision] ACCEPT: Tier 1 - Absolute + Margin
[2025-10-18 16:40:21] INFO: [Recognition] Scores: S13234 - Jin_Rae=0.746 
[2025-10-18 16:40:21] INFO: [Decision] Best=S13234 - Jin_Rae(0.746), 2nd=0.000, Discriminative=0.746, AvgNeg=0.000
[2025-10-18 16:40:21] INFO: [Thresholds] Abs=0.641, Margin=0.101(13.6%), RelMargin=100.0%, Tightness=0.785, StdDev=0.048
[2025-10-18 16:40:21] INFO: [Decision] ACCEPT: Tier 1 - Absolute + Margin
[2025-10-18 16:40:21] INFO: [Recognition] Scores: S13234 - Jin_Rae=0.750 
[2025-10-18 16:40:21] INFO: [Decision] Best=S13234 - Jin_Rae(0.750), 2nd=0.000, Discriminative=0.750, AvgNeg=0.000
[2025-10-18 16:40:21] INFO: [Thresholds] Abs=0.641, Margin=0.101(13.5%), RelMargin=100.0%, Tightness=0.785, StdDev=0.048
[2025-10-18 16:40:21] INFO: [Decision] ACCEPT: Tier 1 - Absolute + Margin
[2025-10-18 16:40:21] INFO: [Recognition] Scores: S13234 - Jin_Rae=0.743 
[2025-10-18 16:40:21] INFO: [Decision] Best=S13234 - Jin_Rae(0.743), 2nd=0.000, Discriminative=0.743, AvgNeg=0.000
[2025-10-18 16:40:21] INFO: [Thresholds] Abs=0.641, Margin=0.101(13.6%), RelMargin=100.0%, Tightness=0.785, StdDev=0.048
[2025-10-18 16:40:21] INFO: [Decision] ACCEPT: Tier 1 - Absolute + Margin
[2025-10-18 16:40:21] INFO: [Recognition] Scores: S13234 - Jin_Rae=0.747 
[2025-10-18 16:40:21] INFO: [Decision] Best=S13234 - Jin_Rae(0.747), 2nd=0.000, Discriminative=0.747, AvgNeg=0.000
[2025-10-18 16:40:21] INFO: [Thresholds] Abs=0.641, Margin=0.101(13.6%), RelMargin=100.0%, Tightness=0.785, StdDev=0.048
[2025-10-18 16:40:21] INFO: [Decision] ACCEPT: Tier 1 - Absolute + Margin
[2025-10-18 16:40:21] INFO: [Recognition] Scores: S13234 - Jin_Rae=0.749 
[2025-10-18 16:40:21] INFO: [Decision] Best=S13234 - Jin_Rae(0.749), 2nd=0.000, Discriminative=0.749, AvgNeg=0.000
[2025-10-18 16:40:21] INFO: [Thresholds] Abs=0.641, Margin=0.101(13.5%), RelMargin=100.0%, Tightness=0.785, StdDev=0.048
[2025-10-18 16:40:21] INFO: [Decision] ACCEPT: Tier 1 - Absolute + Margin
[2025-10-18 16:40:21] INFO: [Recognition] Scores: S13234 - Jin_Rae=0.745 
[2025-10-18 16:40:21] INFO: [Decision] Best=S13234 - Jin_Rae(0.745), 2nd=0.000, Discriminative=0.745, AvgNeg=0.000
[2025-10-18 16:40:21] INFO: [Thresholds] Abs=0.641, Margin=0.101(13.6%), RelMargin=100.0%, Tightness=0.785, StdDev=0.048
[2025-10-18 16:40:21] INFO: [Decision] ACCEPT: Tier 1 - Absolute + Margin
[2025-10-18 16:40:21] INFO: [Recognition] Scores: S13234 - Jin_Rae=0.749 
[2025-10-18 16:40:21] INFO: [Decision] Best=S13234 - Jin_Rae(0.749), 2nd=0.000, Discriminative=0.749, AvgNeg=0.000
[2025-10-18 16:40:21] INFO: [Thresholds] Abs=0.641, Margin=0.101(13.5%), RelMargin=100.0%, Tightness=0.785, StdDev=0.048
[2025-10-18 16:40:21] INFO: [Decision] ACCEPT: Tier 1 - Absolute + Margin
[2025-10-18 16:40:21] INFO: [Recognition] Scores: S13234 - Jin_Rae=0.751 
[2025-10-18 16:40:21] INFO: [Decision] Best=S13234 - Jin_Rae(0.751), 2nd=0.000, Discriminative=0.751, AvgNeg=0.000
[2025-10-18 16:40:21] INFO: [Thresholds] Abs=0.641, Margin=0.101(13.5%), RelMargin=100.0%, Tightness=0.785, StdDev=0.048
[2025-10-18 16:40:21] INFO: [Decision] ACCEPT: Tier 1 - Absolute + Margin
[2025-10-18 16:40:21] INFO: [Recognition] Scores: S13234 - Jin_Rae=0.749 
[2025-10-18 16:40:21] INFO: [Decision] Best=S13234 - Jin_Rae(0.749), 2nd=0.000, Discriminative=0.749, AvgNeg=0.000
[2025-10-18 16:40:21] INFO: [Thresholds] Abs=0.641, Margin=0.101(13.6%), RelMargin=100.0%, Tightness=0.785, StdDev=0.048
[2025-10-18 16:40:21] INFO: [Decision] ACCEPT: Tier 1 - Absolute + Margin
[2025-10-18 16:40:21] INFO: [Recognition] Scores: S13234 - Jin_Rae=0.747 
[2025-10-18 16:40:21] INFO: [Decision] Best=S13234 - Jin_Rae(0.747), 2nd=0.000, Discriminative=0.747, AvgNeg=0.000
[2025-10-18 16:40:21] INFO: [Thresholds] Abs=0.641, Margin=0.101(13.6%), RelMargin=100.0%, Tightness=0.785, StdDev=0.048
[2025-10-18 16:40:21] INFO: [Decision] ACCEPT: Tier 1 - Absolute + Margin
[2025-10-18 16:40:21] INFO: [Recognition] Scores: S13234 - Jin_Rae=0.750 
[2025-10-18 16:40:21] INFO: [Decision] Best=S13234 - Jin_Rae(0.750), 2nd=0.000, Discriminative=0.750, AvgNeg=0.000
[2025-10-18 16:40:21] INFO: [Thresholds] Abs=0.641, Margin=0.101(13.5%), RelMargin=100.0%, Tightness=0.785, StdDev=0.048
[2025-10-18 16:40:21] INFO: [Decision] ACCEPT: Tier 1 - Absolute + Margin
[2025-10-18 16:40:21] INFO: [Recognition] Scores: S13234 - Jin_Rae=0.748 
[2025-10-18 16:40:21] INFO: [Decision] Best=S13234 - Jin_Rae(0.748), 2nd=0.000, Discriminative=0.748, AvgNeg=0.000
[2025-10-18 16:40:21] INFO: [Thresholds] Abs=0.641, Margin=0.101(13.6%), RelMargin=100.0%, Tightness=0.785, StdDev=0.048
[2025-10-18 16:40:21] INFO: [Decision] ACCEPT: Tier 1 - Absolute + Margin
[2025-10-18 16:40:21] INFO: [Recognition] Scores: S13234 - Jin_Rae=0.746 
[2025-10-18 16:40:21] INFO: [Decision] Best=S13234 - Jin_Rae(0.746), 2nd=0.000, Discriminative=0.746, AvgNeg=0.000
[2025-10-18 16:40:21] INFO: [Thresholds] Abs=0.641, Margin=0.101(13.6%), RelMargin=100.0%, Tightness=0.785, StdDev=0.048
[2025-10-18 16:40:21] INFO: [Decision] ACCEPT: Tier 1 - Absolute + Margin
[2025-10-18 16:40:21] INFO: [Recognition] Scores: S13234 - Jin_Rae=0.747 
[2025-10-18 16:40:21] INFO: [Decision] Best=S13234 - Jin_Rae(0.747), 2nd=0.000, Discriminative=0.747, AvgNeg=0.000
[2025-10-18 16:40:21] INFO: [Thresholds] Abs=0.641, Margin=0.101(13.6%), RelMargin=100.0%, Tightness=0.785, StdDev=0.048
[2025-10-18 16:40:21] INFO: [Decision] ACCEPT: Tier 1 - Absolute + Margin
[2025-10-18 16:40:22] INFO: [Recognition] Scores: S13234 - Jin_Rae=0.751 
[2025-10-18 16:40:22] INFO: [Decision] Best=S13234 - Jin_Rae(0.751), 2nd=0.000, Discriminative=0.751, AvgNeg=0.000
[2025-10-18 16:40:22] INFO: [Thresholds] Abs=0.641, Margin=0.101(13.5%), RelMargin=100.0%, Tightness=0.785, StdDev=0.048
[2025-10-18 16:40:22] INFO: [Decision] ACCEPT: Tier 1 - Absolute + Margin
[2025-10-18 16:40:22] INFO: [Recognition] Scores: S13234 - Jin_Rae=0.743 
[2025-10-18 16:40:22] INFO: [Decision] Best=S13234 - Jin_Rae(0.743), 2nd=0.000, Discriminative=0.743, AvgNeg=0.000
[2025-10-18 16:40:22] INFO: [Thresholds] Abs=0.641, Margin=0.101(13.7%), RelMargin=100.0%, Tightness=0.785, StdDev=0.048
[2025-10-18 16:40:22] INFO: [Decision] ACCEPT: Tier 1 - Absolute + Margin
[2025-10-18 16:40:22] INFO: [Recognition] Scores: S13234 - Jin_Rae=0.749 
[2025-10-18 16:40:22] INFO: [Decision] Best=S13234 - Jin_Rae(0.749), 2nd=0.000, Discriminative=0.749, AvgNeg=0.000
[2025-10-18 16:40:22] INFO: [Thresholds] Abs=0.641, Margin=0.101(13.5%), RelMargin=100.0%, Tightness=0.785, StdDev=0.048
[2025-10-18 16:40:22] INFO: [Decision] ACCEPT: Tier 1 - Absolute + Margin
[2025-10-18 16:40:22] INFO: [Recognition] Scores: S13234 - Jin_Rae=0.754 
[2025-10-18 16:40:22] INFO: [Decision] Best=S13234 - Jin_Rae(0.754), 2nd=0.000, Discriminative=0.754, AvgNeg=0.000
[2025-10-18 16:40:22] INFO: [Thresholds] Abs=0.641, Margin=0.101(13.4%), RelMargin=100.0%, Tightness=0.785, StdDev=0.048
[2025-10-18 16:40:22] INFO: [Decision] ACCEPT: Tier 1 - Absolute + Margin
[2025-10-18 16:40:22] INFO: [Recognition] Scores: S13234 - Jin_Rae=0.756 
[2025-10-18 16:40:22] INFO: [Decision] Best=S13234 - Jin_Rae(0.756), 2nd=0.000, Discriminative=0.756, AvgNeg=0.000
[2025-10-18 16:40:22] INFO: [Thresholds] Abs=0.641, Margin=0.101(13.4%), RelMargin=100.0%, Tightness=0.785, StdDev=0.048
[2025-10-18 16:40:22] INFO: [Decision] ACCEPT: Tier 1 - Absolute + Margin
[2025-10-18 16:40:22] INFO: [Recognition] Scores: S13234 - Jin_Rae=0.777 
[2025-10-18 16:40:22] INFO: [Decision] Best=S13234 - Jin_Rae(0.777), 2nd=0.000, Discriminative=0.777, AvgNeg=0.000
[2025-10-18 16:40:22] INFO: [Thresholds] Abs=0.641, Margin=0.101(13.1%), RelMargin=100.0%, Tightness=0.785, StdDev=0.048
[2025-10-18 16:40:22] INFO: [Decision] ACCEPT: Tier 1 - Absolute + Margin
[2025-10-18 16:40:22] INFO: [Recognition] Scores: S13234 - Jin_Rae=0.763 
[2025-10-18 16:40:22] INFO: [Decision] Best=S13234 - Jin_Rae(0.763), 2nd=0.000, Discriminative=0.763, AvgNeg=0.000
[2025-10-18 16:40:22] INFO: [Thresholds] Abs=0.641, Margin=0.101(13.3%), RelMargin=100.0%, Tightness=0.785, StdDev=0.048
[2025-10-18 16:40:22] INFO: [Decision] ACCEPT: Tier 1 - Absolute + Margin
[2025-10-18 16:40:22] INFO: [Recognition] Scores: S13234 - Jin_Rae=0.759 
[2025-10-18 16:40:22] INFO: [Decision] Best=S13234 - Jin_Rae(0.759), 2nd=0.000, Discriminative=0.759, AvgNeg=0.000
[2025-10-18 16:40:22] INFO: [Thresholds] Abs=0.641, Margin=0.101(13.4%), RelMargin=100.0%, Tightness=0.785, StdDev=0.048
[2025-10-18 16:40:22] INFO: [Decision] ACCEPT: Tier 1 - Absolute + Margin
[2025-10-18 16:40:22] INFO: [Recognition] Scores: S13234 - Jin_Rae=0.759 
[2025-10-18 16:40:22] INFO: [Decision] Best=S13234 - Jin_Rae(0.759), 2nd=0.000, Discriminative=0.759, AvgNeg=0.000
[2025-10-18 16:40:22] INFO: [Thresholds] Abs=0.641, Margin=0.101(13.4%), RelMargin=100.0%, Tightness=0.785, StdDev=0.048
[2025-10-18 16:40:22] INFO: [Decision] ACCEPT: Tier 1 - Absolute + Margin
[2025-10-18 16:40:22] INFO: Exiting Face Recognition Demo...
[2025-10-18 16:40:22] INFO: [Recognition] Scores: S13234 - Jin_Rae=0.762 
[2025-10-18 16:40:22] INFO: [Decision] Best=S13234 - Jin_Rae(0.762), 2nd=0.000, Discriminative=0.762, AvgNeg=0.000
[2025-10-18 16:40:22] INFO: [Thresholds] Abs=0.641, Margin=0.101(13.3%), RelMargin=100.0%, Tightness=0.785, StdDev=0.048
[2025-10-18 16:40:22] INFO: [Decision] ACCEPT: Tier 1 - Absolute + Margin
[2025-10-18 16:40:22] INFO: Exiting Face Recognition Demo...
