[2025-10-22 13:41:05] INFO: Application Logger Initialized.
[2025-10-22 13:41:05] INFO: app.properties normalized (55 entries).
[2025-10-22 13:41:05] INFO: Configuration loaded from file: C:\SMU\CS102 Project\FaceRecognitionCS102\app.properties
[2025-10-22 13:41:06] INFO: ￢ﾜﾅ OpenFace nn4.small2.v1 model loaded successfully
[2025-10-22 13:41:06] INFO: ￢ﾜﾓ FaceAligner initialized with fallback eye detector
[2025-10-22 13:41:06] INFO: StudentManager initialized successfully
[2025-10-22 13:41:07] INFO: GUI launched successfully
[2025-10-22 13:41:13] INFO: ￢ﾜﾅ OpenFace nn4.small2.v1 model loaded successfully
[2025-10-22 13:41:13] INFO: ￢ﾜﾓ FaceAligner initialized with fallback eye detector
[2025-10-22 13:41:13] INFO: FaceCaptureDialog created for student: Kim Jun Un
[2025-10-22 13:41:13] INFO: Dialog initialized
[2025-10-22 13:41:13] INFO: Starting camera preview...
[2025-10-22 13:41:13] INFO: Preview timer started at 20fps
[2025-10-22 13:41:22] INFO: Starting capture process...
[2025-10-22 13:41:22] INFO: Performing capture with target: 20
[2025-10-22 13:41:22] INFO: Debug: Capture process started
[2025-10-22 13:41:22] INFO: Debug: Image saved with confidence 1.00
[2025-10-22 13:41:23] INFO: Debug: Image saved with confidence 1.00
[2025-10-22 13:41:25] INFO: Debug: Image saved with confidence 1.00
[2025-10-22 13:41:26] INFO: Debug: Image saved with confidence 1.00
[2025-10-22 13:41:28] INFO: Debug: Image saved with confidence 1.00
[2025-10-22 13:41:29] INFO: Debug: Image saved with confidence 1.00
[2025-10-22 13:41:31] INFO: Debug: Image saved with confidence 1.00
[2025-10-22 13:41:32] INFO: Debug: Image saved with confidence 1.00
[2025-10-22 13:41:33] INFO: Debug: Image saved with confidence 1.00
[2025-10-22 13:41:35] INFO: Debug: Image saved with confidence 1.00
[2025-10-22 13:41:37] INFO: Debug: Image saved with confidence 1.00
[2025-10-22 13:41:38] INFO: Debug: Image saved with confidence 1.00
[2025-10-22 13:41:40] INFO: Debug: Image saved with confidence 1.00
[2025-10-22 13:41:41] INFO: Debug: Image saved with confidence 1.00
[2025-10-22 13:41:42] INFO: Debug: Image saved with confidence 1.00
[2025-10-22 13:41:44] INFO: Debug: Image saved with confidence 1.00
[2025-10-22 13:41:45] INFO: Debug: Image saved with confidence 1.00
[2025-10-22 13:41:47] INFO: Debug: Image saved with confidence 1.00
[2025-10-22 13:41:48] INFO: Debug: Image saved with confidence 1.00
[2025-10-22 13:41:50] INFO: Debug: Image saved with confidence 1.00
[2025-10-22 13:41:51] INFO: Debug: Capture process finished
[2025-10-22 13:41:51] INFO: Debug: Warning - Processing captured images...
[2025-10-22 13:41:51] INFO: ￢ﾜﾓ Saved embedding: S99998_001.emb
[2025-10-22 13:41:51] INFO: ￢ﾜﾓ Saved embedding: S99998_002.emb
[2025-10-22 13:41:51] INFO: ￢ﾜﾓ Saved embedding: S99998_003.emb
[2025-10-22 13:41:51] INFO: ￢ﾜﾓ Saved embedding: S99998_004.emb
[2025-10-22 13:41:52] INFO: ￢ﾜﾓ Saved embedding: S99998_005.emb
[2025-10-22 13:41:52] INFO: ￢ﾜﾓ Saved embedding: S99998_006.emb
[2025-10-22 13:41:52] INFO: ￢ﾜﾓ Saved embedding: S99998_007.emb
[2025-10-22 13:41:52] INFO: ￢ﾜﾓ Saved embedding: S99998_008.emb
[2025-10-22 13:41:52] INFO: ￢ﾜﾓ Saved embedding: S99998_009.emb
[2025-10-22 13:41:52] INFO: ￢ﾜﾓ Saved embedding: S99998_010.emb
[2025-10-22 13:41:52] INFO: ￢ﾜﾓ Saved embedding: S99998_011.emb
[2025-10-22 13:41:53] INFO: ￢ﾜﾓ Saved embedding: S99998_012.emb
[2025-10-22 13:41:53] INFO: ￢ﾜﾓ Saved embedding: S99998_013.emb
[2025-10-22 13:41:53] INFO: ￢ﾜﾓ Saved embedding: S99998_014.emb
[2025-10-22 13:41:53] INFO: ￢ﾜﾓ Saved embedding: S99998_015.emb
[2025-10-22 13:41:53] INFO: ￢ﾜﾓ Saved embedding: S99998_016.emb
[2025-10-22 13:41:53] INFO: ￢ﾜﾓ Saved embedding: S99998_017.emb
[2025-10-22 13:41:53] INFO: ￢ﾜﾓ Saved embedding: S99998_018.emb
[2025-10-22 13:41:53] INFO: ￢ﾜﾓ Saved embedding: S99998_019.emb
[2025-10-22 13:41:53] INFO: ￢ﾜﾓ Saved embedding: S99998_020.emb
[2025-10-22 13:41:53] INFO: Embedding generation complete: 20/20 successful
[2025-10-22 13:41:53] INFO:   Outlier detected: index=0, avgSim=0.8090, threshold=0.8875
[2025-10-22 13:41:53] INFO:   ￢ﾜﾗ Deleted outlier embedding: S99998_001.emb
[2025-10-22 13:41:53] INFO:   ￢ﾜﾗ Deleted outlier image: S99998_001.png
[2025-10-22 13:41:53] INFO: ￢ﾜﾓ Auto-removed 1 outlier embedding(s)
[2025-10-22 13:41:53] INFO:   Weak embedding detected: index=0, avgSim=0.8090, threshold=0.9048, absThresh=0.6000
[2025-10-22 13:41:53] INFO:   Weak embedding detected: index=1, avgSim=0.8988, threshold=0.9048, absThresh=0.6000
[2025-10-22 13:41:53] INFO:   Weak embedding detected: index=17, avgSim=0.9021, threshold=0.9048, absThresh=0.6000
[2025-10-22 13:41:53] INFO:   ￢ﾜﾗ Deleted weak embedding: S99998_018.emb
[2025-10-22 13:41:53] INFO:   ￢ﾜﾗ Deleted weak image: S99998_018.png
[2025-10-22 13:41:53] INFO:   ￢ﾜﾗ Deleted weak embedding: S99998_002.emb
[2025-10-22 13:41:54] INFO:   ￢ﾜﾗ Deleted weak image: S99998_002.png
[2025-10-22 13:41:54] INFO: ￢ﾜﾓ Auto-removed 2 weak embedding(s)
[2025-10-22 13:41:54] INFO: Capture result: true - Successfully captured 20 high-quality face images
[2025-10-22 13:41:54] INFO: Debug: Warning - Analyzing embedding quality...
[2025-10-22 13:41:54] INFO: Debug: Warning - Removed 1 outlier image(s) automatically
[2025-10-22 13:41:54] INFO: Debug: Warning - Removed 2 weak image(s) automatically
[2025-10-22 13:42:05] INFO: Debug: All images captured successfully
[2025-10-22 13:42:06] INFO: Disposing FaceCaptureDialog...
[2025-10-22 13:42:06] INFO: Preview timer stopped
[2025-10-22 13:42:07] INFO: Face detection resources released
