[2025-10-19 03:25:10] INFO: Application Logger Initialized.
[2025-10-19 03:25:10] INFO: Configuration and core components loaded.
[2025-10-19 03:25:10] INFO: Configuration loaded from classpath: app.properties
[2025-10-19 03:25:10] INFO: Configuration file loaded
[2025-10-19 03:25:10] INFO: MyGUIProgram Started!
[2025-10-19 03:25:12] INFO: Face embedding model loaded successfully
[2025-10-19 03:25:12] INFO: === Folder debug ===
[2025-10-19 03:25:12] INFO: Found folder: C:\SMU\CS102 Project\FaceRecognitionCS102\data\facedata\S12342_wyn
[2025-10-19 03:25:12] INFO:   Contains: 26 items
[2025-10-19 03:25:12] INFO:   Display label: S12342 - wyn
[2025-10-19 03:25:12] INFO: Found folder: C:\SMU\CS102 Project\FaceRecognitionCS102\data\facedata\S13234_Jin_Rae
[2025-10-19 03:25:12] INFO:   Contains: 26 items
[2025-10-19 03:25:12] INFO:   Display label: S13234 - Jin_Rae
[2025-10-19 03:25:12] INFO: ====================
[2025-10-19 03:25:12] INFO: Person S12342 - wyn: tightness=0.884, stdDev=0.020, absThresh=0.612, margin=0.112
[2025-10-19 03:25:12] INFO: Person S13234 - Jin_Rae: tightness=0.883, stdDev=0.039, absThresh=0.612, margin=0.112
[2025-10-19 03:25:12] INFO: DNN face detector loaded successfully for recognition
[2025-10-19 03:25:12] INFO: Attempting to open camera with DSHOW backend...
[2025-10-19 03:25:12] INFO: Camera opened successfully with DSHOW backend
[2025-10-19 03:25:13] INFO: Camera configured: 640x480 @ 30fps with MJPEG codec
[2025-10-19 03:25:13] INFO: Camera initialized successfully
[2025-10-19 03:25:14] INFO: [Recognition] Scores: S12342 - wyn=0.558 S13234 - Jin_Rae=0.745 
[2025-10-19 03:25:14] INFO: [Decision] Best=S13234 - Jin_Rae(0.745), 2nd=0.558, Discriminative=0.633, AvgNeg=0.558
[2025-10-19 03:25:14] INFO: [Thresholds] Abs=0.612, Margin=0.112(15.0%), RelMargin=25.1%, Tightness=0.883, StdDev=0.039
[2025-10-19 03:25:14] INFO: [Decision] ACCEPT: Tier 1 - Absolute + Strong Margin (10%)
[2025-10-19 03:25:15] INFO: [Recognition] Scores: S12342 - wyn=0.520 S13234 - Jin_Rae=0.709 
[2025-10-19 03:25:15] INFO: [Decision] Best=S13234 - Jin_Rae(0.709), 2nd=0.520, Discriminative=0.605, AvgNeg=0.520
[2025-10-19 03:25:15] INFO: [Thresholds] Abs=0.612, Margin=0.112(15.7%), RelMargin=26.6%, Tightness=0.883, StdDev=0.039
[2025-10-19 03:25:15] INFO: [Decision] ACCEPT: Tier 1 - Absolute + Strong Margin (10%)
[2025-10-19 03:25:15] INFO: [Recognition] Scores: S12342 - wyn=0.516 S13234 - Jin_Rae=0.695 
[2025-10-19 03:25:15] INFO: [Decision] Best=S13234 - Jin_Rae(0.695), 2nd=0.516, Discriminative=0.591, AvgNeg=0.516
[2025-10-19 03:25:15] INFO: [Thresholds] Abs=0.612, Margin=0.112(16.1%), RelMargin=25.7%, Tightness=0.883, StdDev=0.039
[2025-10-19 03:25:15] INFO: [Decision] ACCEPT: Tier 1 - Absolute + Strong Margin (10%)
[2025-10-19 03:25:15] INFO: [Recognition] Scores: S12342 - wyn=0.485 S13234 - Jin_Rae=0.654 
[2025-10-19 03:25:15] INFO: [Decision] Best=S13234 - Jin_Rae(0.654), 2nd=0.485, Discriminative=0.557, AvgNeg=0.485
[2025-10-19 03:25:15] INFO: [Thresholds] Abs=0.612, Margin=0.112(17.1%), RelMargin=25.9%, Tightness=0.883, StdDev=0.039
[2025-10-19 03:25:15] INFO: [Decision] ACCEPT: Tier 1 - Absolute + Strong Margin (10%)
[2025-10-19 03:25:15] INFO: [Recognition] Scores: S12342 - wyn=0.476 S13234 - Jin_Rae=0.652 
[2025-10-19 03:25:15] INFO: [Decision] Best=S13234 - Jin_Rae(0.652), 2nd=0.476, Discriminative=0.557, AvgNeg=0.476
[2025-10-19 03:25:15] INFO: [Thresholds] Abs=0.612, Margin=0.112(17.1%), RelMargin=27.0%, Tightness=0.883, StdDev=0.039
[2025-10-19 03:25:15] INFO: [Decision] ACCEPT: Tier 1 - Absolute + Strong Margin (10%)
[2025-10-19 03:25:15] INFO: [Recognition] Scores: S12342 - wyn=0.411 S13234 - Jin_Rae=0.566 
[2025-10-19 03:25:15] INFO: [Decision] Best=S13234 - Jin_Rae(0.566), 2nd=0.411, Discriminative=0.484, AvgNeg=0.411
[2025-10-19 03:25:15] INFO: [Thresholds] Abs=0.612, Margin=0.112(19.7%), RelMargin=27.4%, Tightness=0.883, StdDev=0.039
[2025-10-19 03:25:15] INFO: [Decision] ACCEPT: Tier 4 - Very Strong Consistency (5 frames)
[2025-10-19 03:25:16] INFO: [Recognition] Scores: S12342 - wyn=0.412 S13234 - Jin_Rae=0.570 
[2025-10-19 03:25:16] INFO: [Decision] Best=S13234 - Jin_Rae(0.570), 2nd=0.412, Discriminative=0.488, AvgNeg=0.412
[2025-10-19 03:25:16] INFO: [Thresholds] Abs=0.612, Margin=0.112(19.6%), RelMargin=27.8%, Tightness=0.883, StdDev=0.039
[2025-10-19 03:25:16] INFO: [Decision] ACCEPT: Tier 4 - Very Strong Consistency (5 frames)
[2025-10-19 03:25:16] INFO: [Recognition] Scores: S12342 - wyn=0.381 S13234 - Jin_Rae=0.547 
[2025-10-19 03:25:16] INFO: [Decision] Best=S13234 - Jin_Rae(0.547), 2nd=0.381, Discriminative=0.471, AvgNeg=0.381
[2025-10-19 03:25:16] INFO: [Thresholds] Abs=0.612, Margin=0.112(20.4%), RelMargin=30.4%, Tightness=0.883, StdDev=0.039
[2025-10-19 03:25:16] INFO: [Decision] ACCEPT: Tier 4 - Very Strong Consistency (5 frames)
[2025-10-19 03:25:16] INFO: [Recognition] Scores: S12342 - wyn=0.558 S13234 - Jin_Rae=0.733 
[2025-10-19 03:25:16] INFO: [Decision] Best=S13234 - Jin_Rae(0.733), 2nd=0.558, Discriminative=0.622, AvgNeg=0.558
[2025-10-19 03:25:16] INFO: [Thresholds] Abs=0.612, Margin=0.112(15.2%), RelMargin=23.9%, Tightness=0.883, StdDev=0.039
[2025-10-19 03:25:16] INFO: [Decision] ACCEPT: Tier 1 - Absolute + Strong Margin (10%)
[2025-10-19 03:25:16] INFO: [Recognition] Scores: S12342 - wyn=0.413 S13234 - Jin_Rae=0.593 
[2025-10-19 03:25:16] INFO: [Decision] Best=S13234 - Jin_Rae(0.593), 2nd=0.413, Discriminative=0.510, AvgNeg=0.413
[2025-10-19 03:25:16] INFO: [Thresholds] Abs=0.612, Margin=0.112(18.8%), RelMargin=30.4%, Tightness=0.883, StdDev=0.039
[2025-10-19 03:25:16] INFO: [Decision] ACCEPT: Tier 4 - Very Strong Consistency (5 frames)
[2025-10-19 03:25:17] INFO: [Recognition] Scores: S12342 - wyn=0.385 S13234 - Jin_Rae=0.576 
[2025-10-19 03:25:17] INFO: [Decision] Best=S13234 - Jin_Rae(0.576), 2nd=0.385, Discriminative=0.499, AvgNeg=0.385
[2025-10-19 03:25:17] INFO: [Thresholds] Abs=0.612, Margin=0.112(19.4%), RelMargin=33.1%, Tightness=0.883, StdDev=0.039
[2025-10-19 03:25:17] INFO: [Decision] ACCEPT: Tier 4 - Very Strong Consistency (5 frames)
[2025-10-19 03:25:17] INFO: [Recognition] Scores: S12342 - wyn=0.374 S13234 - Jin_Rae=0.566 
[2025-10-19 03:25:17] INFO: [Decision] Best=S13234 - Jin_Rae(0.566), 2nd=0.374, Discriminative=0.491, AvgNeg=0.374
[2025-10-19 03:25:17] INFO: [Thresholds] Abs=0.612, Margin=0.112(19.7%), RelMargin=33.8%, Tightness=0.883, StdDev=0.039
[2025-10-19 03:25:17] INFO: [Decision] ACCEPT: Tier 4 - Very Strong Consistency (5 frames)
[2025-10-19 03:25:17] INFO: [Recognition] Scores: S12342 - wyn=0.362 S13234 - Jin_Rae=0.547 
[2025-10-19 03:25:17] INFO: [Decision] Best=S13234 - Jin_Rae(0.547), 2nd=0.362, Discriminative=0.474, AvgNeg=0.362
[2025-10-19 03:25:17] INFO: [Thresholds] Abs=0.612, Margin=0.112(20.4%), RelMargin=33.9%, Tightness=0.883, StdDev=0.039
[2025-10-19 03:25:17] INFO: [Decision] ACCEPT: Tier 4 - Very Strong Consistency (5 frames)
[2025-10-19 03:25:17] INFO: [Recognition] Scores: S12342 - wyn=0.456 S13234 - Jin_Rae=0.644 
[2025-10-19 03:25:17] INFO: [Decision] Best=S13234 - Jin_Rae(0.644), 2nd=0.456, Discriminative=0.553, AvgNeg=0.456
[2025-10-19 03:25:17] INFO: [Thresholds] Abs=0.612, Margin=0.112(17.4%), RelMargin=29.2%, Tightness=0.883, StdDev=0.039
[2025-10-19 03:25:17] INFO: [Decision] ACCEPT: Tier 1 - Absolute + Strong Margin (10%)
[2025-10-19 03:25:17] INFO: [Recognition] Scores: S12342 - wyn=0.391 S13234 - Jin_Rae=0.611 
[2025-10-19 03:25:17] INFO: [Decision] Best=S13234 - Jin_Rae(0.611), 2nd=0.391, Discriminative=0.532, AvgNeg=0.391
[2025-10-19 03:25:17] INFO: [Thresholds] Abs=0.612, Margin=0.112(18.3%), RelMargin=35.9%, Tightness=0.883, StdDev=0.039
[2025-10-19 03:25:17] INFO: [Decision] ACCEPT: Tier 4 - Very Strong Consistency (5 frames)
[2025-10-19 03:25:18] INFO: [Recognition] Scores: S12342 - wyn=0.425 S13234 - Jin_Rae=0.599 
[2025-10-19 03:25:18] INFO: [Decision] Best=S13234 - Jin_Rae(0.599), 2nd=0.425, Discriminative=0.513, AvgNeg=0.425
[2025-10-19 03:25:18] INFO: [Thresholds] Abs=0.612, Margin=0.112(18.7%), RelMargin=28.9%, Tightness=0.883, StdDev=0.039
[2025-10-19 03:25:18] INFO: [Decision] ACCEPT: Tier 4 - Very Strong Consistency (5 frames)
[2025-10-19 03:25:18] INFO: [Recognition] Scores: S12342 - wyn=0.416 S13234 - Jin_Rae=0.620 
[2025-10-19 03:25:18] INFO: [Decision] Best=S13234 - Jin_Rae(0.620), 2nd=0.416, Discriminative=0.537, AvgNeg=0.416
[2025-10-19 03:25:18] INFO: [Thresholds] Abs=0.612, Margin=0.112(18.0%), RelMargin=33.0%, Tightness=0.883, StdDev=0.039
[2025-10-19 03:25:18] INFO: [Decision] ACCEPT: Tier 1 - Absolute + Strong Margin (10%)
[2025-10-19 03:25:18] INFO: [Recognition] Scores: S12342 - wyn=0.477 S13234 - Jin_Rae=0.663 
[2025-10-19 03:25:18] INFO: [Decision] Best=S13234 - Jin_Rae(0.663), 2nd=0.477, Discriminative=0.567, AvgNeg=0.477
[2025-10-19 03:25:18] INFO: [Thresholds] Abs=0.612, Margin=0.112(16.9%), RelMargin=28.0%, Tightness=0.883, StdDev=0.039
[2025-10-19 03:25:18] INFO: [Decision] ACCEPT: Tier 1 - Absolute + Strong Margin (10%)
[2025-10-19 03:25:18] INFO: [Recognition] Scores: S12342 - wyn=0.450 S13234 - Jin_Rae=0.655 
[2025-10-19 03:25:18] INFO: [Decision] Best=S13234 - Jin_Rae(0.655), 2nd=0.450, Discriminative=0.565, AvgNeg=0.450
[2025-10-19 03:25:18] INFO: [Thresholds] Abs=0.612, Margin=0.112(17.0%), RelMargin=31.3%, Tightness=0.883, StdDev=0.039
[2025-10-19 03:25:18] INFO: [Decision] ACCEPT: Tier 1 - Absolute + Strong Margin (10%)
[2025-10-19 03:25:18] INFO: [Recognition] Scores: S12342 - wyn=0.450 S13234 - Jin_Rae=0.637 
[2025-10-19 03:25:18] INFO: [Decision] Best=S13234 - Jin_Rae(0.637), 2nd=0.450, Discriminative=0.547, AvgNeg=0.450
[2025-10-19 03:25:18] INFO: [Thresholds] Abs=0.612, Margin=0.112(17.5%), RelMargin=29.4%, Tightness=0.883, StdDev=0.039
[2025-10-19 03:25:18] INFO: [Decision] ACCEPT: Tier 1 - Absolute + Strong Margin (10%)
[2025-10-19 03:25:19] INFO: [Recognition] Scores: S12342 - wyn=0.475 S13234 - Jin_Rae=0.663 
[2025-10-19 03:25:19] INFO: [Decision] Best=S13234 - Jin_Rae(0.663), 2nd=0.475, Discriminative=0.568, AvgNeg=0.475
[2025-10-19 03:25:19] INFO: [Thresholds] Abs=0.612, Margin=0.112(16.9%), RelMargin=28.3%, Tightness=0.883, StdDev=0.039
[2025-10-19 03:25:19] INFO: [Decision] ACCEPT: Tier 1 - Absolute + Strong Margin (10%)
[2025-10-19 03:25:19] INFO: [Recognition] Scores: S12342 - wyn=0.464 S13234 - Jin_Rae=0.650 
[2025-10-19 03:25:19] INFO: [Decision] Best=S13234 - Jin_Rae(0.650), 2nd=0.464, Discriminative=0.558, AvgNeg=0.464
[2025-10-19 03:25:19] INFO: [Thresholds] Abs=0.612, Margin=0.112(17.2%), RelMargin=28.7%, Tightness=0.883, StdDev=0.039
[2025-10-19 03:25:19] INFO: [Decision] ACCEPT: Tier 1 - Absolute + Strong Margin (10%)
[2025-10-19 03:25:19] INFO: [Recognition] Scores: S12342 - wyn=0.546 S13234 - Jin_Rae=0.731 
[2025-10-19 03:25:19] INFO: [Decision] Best=S13234 - Jin_Rae(0.731), 2nd=0.546, Discriminative=0.622, AvgNeg=0.546
[2025-10-19 03:25:19] INFO: [Thresholds] Abs=0.612, Margin=0.112(15.3%), RelMargin=25.3%, Tightness=0.883, StdDev=0.039
[2025-10-19 03:25:19] INFO: [Decision] ACCEPT: Tier 1 - Absolute + Strong Margin (10%)
[2025-10-19 03:25:19] INFO: [Recognition] Scores: S12342 - wyn=0.464 S13234 - Jin_Rae=0.662 
[2025-10-19 03:25:19] INFO: [Decision] Best=S13234 - Jin_Rae(0.662), 2nd=0.464, Discriminative=0.569, AvgNeg=0.464
[2025-10-19 03:25:19] INFO: [Thresholds] Abs=0.612, Margin=0.112(16.9%), RelMargin=29.9%, Tightness=0.883, StdDev=0.039
[2025-10-19 03:25:19] INFO: [Decision] ACCEPT: Tier 1 - Absolute + Strong Margin (10%)
[2025-10-19 03:25:20] INFO: [Recognition] Scores: S12342 - wyn=0.472 S13234 - Jin_Rae=0.661 
[2025-10-19 03:25:20] INFO: [Decision] Best=S13234 - Jin_Rae(0.661), 2nd=0.472, Discriminative=0.567, AvgNeg=0.472
[2025-10-19 03:25:20] INFO: [Thresholds] Abs=0.612, Margin=0.112(16.9%), RelMargin=28.7%, Tightness=0.883, StdDev=0.039
[2025-10-19 03:25:20] INFO: [Decision] ACCEPT: Tier 1 - Absolute + Strong Margin (10%)
[2025-10-19 03:25:20] INFO: [Recognition] Scores: S12342 - wyn=0.500 S13234 - Jin_Rae=0.672 
[2025-10-19 03:25:20] INFO: [Decision] Best=S13234 - Jin_Rae(0.672), 2nd=0.500, Discriminative=0.572, AvgNeg=0.500
[2025-10-19 03:25:20] INFO: [Thresholds] Abs=0.612, Margin=0.112(16.6%), RelMargin=25.6%, Tightness=0.883, StdDev=0.039
[2025-10-19 03:25:20] INFO: [Decision] ACCEPT: Tier 1 - Absolute + Strong Margin (10%)
[2025-10-19 03:25:20] INFO: [Recognition] Scores: S12342 - wyn=0.508 S13234 - Jin_Rae=0.703 
[2025-10-19 03:25:20] INFO: [Decision] Best=S13234 - Jin_Rae(0.703), 2nd=0.508, Discriminative=0.601, AvgNeg=0.508
[2025-10-19 03:25:20] INFO: [Thresholds] Abs=0.612, Margin=0.112(15.9%), RelMargin=27.7%, Tightness=0.883, StdDev=0.039
[2025-10-19 03:25:20] INFO: [Decision] ACCEPT: Tier 1 - Absolute + Strong Margin (10%)
[2025-10-19 03:25:20] INFO: [Recognition] Scores: S12342 - wyn=0.541 S13234 - Jin_Rae=0.779 
[2025-10-19 03:25:20] INFO: [Decision] Best=S13234 - Jin_Rae(0.779), 2nd=0.541, Discriminative=0.671, AvgNeg=0.541
[2025-10-19 03:25:20] INFO: [Thresholds] Abs=0.612, Margin=0.112(14.3%), RelMargin=30.6%, Tightness=0.883, StdDev=0.039
[2025-10-19 03:25:20] INFO: [Decision] ACCEPT: Tier 1 - Absolute + Strong Margin (10%)
[2025-10-19 03:25:20] INFO: [Recognition] Scores: S12342 - wyn=0.538 S13234 - Jin_Rae=0.755 
[2025-10-19 03:25:20] INFO: [Decision] Best=S13234 - Jin_Rae(0.755), 2nd=0.538, Discriminative=0.647, AvgNeg=0.538
[2025-10-19 03:25:20] INFO: [Thresholds] Abs=0.612, Margin=0.112(14.8%), RelMargin=28.7%, Tightness=0.883, StdDev=0.039
[2025-10-19 03:25:20] INFO: [Decision] ACCEPT: Tier 1 - Absolute + Strong Margin (10%)
[2025-10-19 03:25:21] INFO: [Recognition] Scores: S12342 - wyn=0.539 S13234 - Jin_Rae=0.751 
[2025-10-19 03:25:21] INFO: [Decision] Best=S13234 - Jin_Rae(0.751), 2nd=0.539, Discriminative=0.644, AvgNeg=0.539
[2025-10-19 03:25:21] INFO: [Thresholds] Abs=0.612, Margin=0.112(14.9%), RelMargin=28.3%, Tightness=0.883, StdDev=0.039
[2025-10-19 03:25:21] INFO: [Decision] ACCEPT: Tier 1 - Absolute + Strong Margin (10%)
[2025-10-19 03:25:21] INFO: [Recognition] Scores: S12342 - wyn=0.526 S13234 - Jin_Rae=0.736 
[2025-10-19 03:25:21] INFO: [Decision] Best=S13234 - Jin_Rae(0.736), 2nd=0.526, Discriminative=0.631, AvgNeg=0.526
[2025-10-19 03:25:21] INFO: [Thresholds] Abs=0.612, Margin=0.112(15.2%), RelMargin=28.5%, Tightness=0.883, StdDev=0.039
[2025-10-19 03:25:21] INFO: [Decision] ACCEPT: Tier 1 - Absolute + Strong Margin (10%)
[2025-10-19 03:25:21] INFO: [Recognition] Scores: S12342 - wyn=0.561 S13234 - Jin_Rae=0.743 
[2025-10-19 03:25:21] INFO: [Decision] Best=S13234 - Jin_Rae(0.743), 2nd=0.561, Discriminative=0.631, AvgNeg=0.561
[2025-10-19 03:25:21] INFO: [Thresholds] Abs=0.612, Margin=0.112(15.0%), RelMargin=24.6%, Tightness=0.883, StdDev=0.039
[2025-10-19 03:25:21] INFO: [Decision] ACCEPT: Tier 1 - Absolute + Strong Margin (10%)
[2025-10-19 03:25:21] INFO: [Recognition] Scores: S12342 - wyn=0.585 S13234 - Jin_Rae=0.732 
[2025-10-19 03:25:21] INFO: [Decision] Best=S13234 - Jin_Rae(0.732), 2nd=0.585, Discriminative=0.615, AvgNeg=0.585
[2025-10-19 03:25:21] INFO: [Thresholds] Abs=0.612, Margin=0.112(15.3%), RelMargin=20.1%, Tightness=0.883, StdDev=0.039
[2025-10-19 03:25:21] INFO: [Decision] ACCEPT: Tier 1 - Absolute + Strong Margin (10%)
[2025-10-19 03:25:22] INFO: [Recognition] Scores: S12342 - wyn=0.533 S13234 - Jin_Rae=0.730 
[2025-10-19 03:25:22] INFO: [Decision] Best=S13234 - Jin_Rae(0.730), 2nd=0.533, Discriminative=0.623, AvgNeg=0.533
[2025-10-19 03:25:22] INFO: [Thresholds] Abs=0.612, Margin=0.112(15.3%), RelMargin=27.0%, Tightness=0.883, StdDev=0.039
[2025-10-19 03:25:22] INFO: [Decision] ACCEPT: Tier 1 - Absolute + Strong Margin (10%)
[2025-10-19 03:25:22] INFO: [Recognition] Scores: S12342 - wyn=0.554 S13234 - Jin_Rae=0.739 
[2025-10-19 03:25:22] INFO: [Decision] Best=S13234 - Jin_Rae(0.739), 2nd=0.554, Discriminative=0.628, AvgNeg=0.554
[2025-10-19 03:25:22] INFO: [Thresholds] Abs=0.612, Margin=0.112(15.1%), RelMargin=25.0%, Tightness=0.883, StdDev=0.039
[2025-10-19 03:25:22] INFO: [Decision] ACCEPT: Tier 1 - Absolute + Strong Margin (10%)
[2025-10-19 03:25:22] INFO: [Recognition] Scores: S12342 - wyn=0.550 S13234 - Jin_Rae=0.737 
[2025-10-19 03:25:22] INFO: [Decision] Best=S13234 - Jin_Rae(0.737), 2nd=0.550, Discriminative=0.627, AvgNeg=0.550
[2025-10-19 03:25:22] INFO: [Thresholds] Abs=0.612, Margin=0.112(15.2%), RelMargin=25.4%, Tightness=0.883, StdDev=0.039
[2025-10-19 03:25:22] INFO: [Decision] ACCEPT: Tier 1 - Absolute + Strong Margin (10%)
[2025-10-19 03:25:22] INFO: [Recognition] Scores: S12342 - wyn=0.514 S13234 - Jin_Rae=0.710 
[2025-10-19 03:25:22] INFO: [Decision] Best=S13234 - Jin_Rae(0.710), 2nd=0.514, Discriminative=0.607, AvgNeg=0.514
[2025-10-19 03:25:22] INFO: [Thresholds] Abs=0.612, Margin=0.112(15.7%), RelMargin=27.6%, Tightness=0.883, StdDev=0.039
[2025-10-19 03:25:22] INFO: [Decision] ACCEPT: Tier 1 - Absolute + Strong Margin (10%)
[2025-10-19 03:25:22] INFO: [Recognition] Scores: S12342 - wyn=0.481 S13234 - Jin_Rae=0.683 
[2025-10-19 03:25:22] INFO: [Decision] Best=S13234 - Jin_Rae(0.683), 2nd=0.481, Discriminative=0.587, AvgNeg=0.481
[2025-10-19 03:25:22] INFO: [Thresholds] Abs=0.612, Margin=0.112(16.3%), RelMargin=29.7%, Tightness=0.883, StdDev=0.039
[2025-10-19 03:25:22] INFO: [Decision] ACCEPT: Tier 1 - Absolute + Strong Margin (10%)
[2025-10-19 03:25:23] INFO: [Recognition] Scores: S12342 - wyn=0.537 S13234 - Jin_Rae=0.741 
[2025-10-19 03:25:23] INFO: [Decision] Best=S13234 - Jin_Rae(0.741), 2nd=0.537, Discriminative=0.634, AvgNeg=0.537
[2025-10-19 03:25:23] INFO: [Thresholds] Abs=0.612, Margin=0.112(15.1%), RelMargin=27.5%, Tightness=0.883, StdDev=0.039
[2025-10-19 03:25:23] INFO: [Decision] ACCEPT: Tier 1 - Absolute + Strong Margin (10%)
[2025-10-19 03:25:23] INFO: [Recognition] Scores: S12342 - wyn=0.548 S13234 - Jin_Rae=0.744 
[2025-10-19 03:25:23] INFO: [Decision] Best=S13234 - Jin_Rae(0.744), 2nd=0.548, Discriminative=0.635, AvgNeg=0.548
[2025-10-19 03:25:23] INFO: [Thresholds] Abs=0.612, Margin=0.112(15.0%), RelMargin=26.4%, Tightness=0.883, StdDev=0.039
[2025-10-19 03:25:23] INFO: [Decision] ACCEPT: Tier 1 - Absolute + Strong Margin (10%)
[2025-10-19 03:25:23] INFO: [Recognition] Scores: S12342 - wyn=0.540 S13234 - Jin_Rae=0.752 
[2025-10-19 03:25:23] INFO: [Decision] Best=S13234 - Jin_Rae(0.752), 2nd=0.540, Discriminative=0.644, AvgNeg=0.540
[2025-10-19 03:25:23] INFO: [Thresholds] Abs=0.612, Margin=0.112(14.8%), RelMargin=28.3%, Tightness=0.883, StdDev=0.039
[2025-10-19 03:25:23] INFO: [Decision] ACCEPT: Tier 1 - Absolute + Strong Margin (10%)
[2025-10-19 03:25:23] INFO: [Recognition] Scores: S12342 - wyn=0.478 S13234 - Jin_Rae=0.740 
[2025-10-19 03:25:23] INFO: [Decision] Best=S13234 - Jin_Rae(0.740), 2nd=0.478, Discriminative=0.645, AvgNeg=0.478
[2025-10-19 03:25:23] INFO: [Thresholds] Abs=0.612, Margin=0.112(15.1%), RelMargin=35.4%, Tightness=0.883, StdDev=0.039
[2025-10-19 03:25:23] INFO: [Decision] ACCEPT: Tier 1 - Absolute + Strong Margin (10%)
[2025-10-19 03:25:24] INFO: [Recognition] Scores: S12342 - wyn=0.451 S13234 - Jin_Rae=0.710 
[2025-10-19 03:25:24] INFO: [Decision] Best=S13234 - Jin_Rae(0.710), 2nd=0.451, Discriminative=0.620, AvgNeg=0.451
[2025-10-19 03:25:24] INFO: [Thresholds] Abs=0.612, Margin=0.112(15.7%), RelMargin=36.6%, Tightness=0.883, StdDev=0.039
[2025-10-19 03:25:24] INFO: [Decision] ACCEPT: Tier 1 - Absolute + Strong Margin (10%)
[2025-10-19 03:25:24] INFO: [Recognition] Scores: S12342 - wyn=0.397 S13234 - Jin_Rae=0.640 
[2025-10-19 03:25:24] INFO: [Decision] Best=S13234 - Jin_Rae(0.640), 2nd=0.397, Discriminative=0.561, AvgNeg=0.397
[2025-10-19 03:25:24] INFO: [Thresholds] Abs=0.612, Margin=0.112(17.4%), RelMargin=38.0%, Tightness=0.883, StdDev=0.039
[2025-10-19 03:25:24] INFO: [Decision] ACCEPT: Tier 1 - Absolute + Strong Margin (10%)
[2025-10-19 03:25:24] INFO: [Recognition] Scores: S12342 - wyn=0.551 S13234 - Jin_Rae=0.696 
[2025-10-19 03:25:24] INFO: [Decision] Best=S13234 - Jin_Rae(0.696), 2nd=0.551, Discriminative=0.586, AvgNeg=0.551
[2025-10-19 03:25:24] INFO: [Thresholds] Abs=0.612, Margin=0.112(16.0%), RelMargin=20.8%, Tightness=0.883, StdDev=0.039
[2025-10-19 03:25:24] INFO: [Decision] ACCEPT: Tier 1 - Absolute + Strong Margin (10%)
[2025-10-19 03:25:24] INFO: [Recognition] Scores: S12342 - wyn=0.403 S13234 - Jin_Rae=0.635 
[2025-10-19 03:25:24] INFO: [Decision] Best=S13234 - Jin_Rae(0.635), 2nd=0.403, Discriminative=0.555, AvgNeg=0.403
[2025-10-19 03:25:24] INFO: [Thresholds] Abs=0.612, Margin=0.112(17.6%), RelMargin=36.6%, Tightness=0.883, StdDev=0.039
[2025-10-19 03:25:24] INFO: [Decision] ACCEPT: Tier 1 - Absolute + Strong Margin (10%)
[2025-10-19 03:25:24] INFO: [Recognition] Scores: S12342 - wyn=0.434 S13234 - Jin_Rae=0.617 
[2025-10-19 03:25:24] INFO: [Decision] Best=S13234 - Jin_Rae(0.617), 2nd=0.434, Discriminative=0.530, AvgNeg=0.434
[2025-10-19 03:25:24] INFO: [Thresholds] Abs=0.612, Margin=0.112(18.1%), RelMargin=29.6%, Tightness=0.883, StdDev=0.039
[2025-10-19 03:25:24] INFO: [Decision] ACCEPT: Tier 1 - Absolute + Strong Margin (10%)
[2025-10-19 03:25:25] INFO: [Recognition] Scores: S12342 - wyn=0.436 S13234 - Jin_Rae=0.654 
[2025-10-19 03:25:25] INFO: [Decision] Best=S13234 - Jin_Rae(0.654), 2nd=0.436, Discriminative=0.567, AvgNeg=0.436
[2025-10-19 03:25:25] INFO: [Thresholds] Abs=0.612, Margin=0.112(17.1%), RelMargin=33.3%, Tightness=0.883, StdDev=0.039
[2025-10-19 03:25:25] INFO: [Decision] ACCEPT: Tier 1 - Absolute + Strong Margin (10%)
[2025-10-19 03:25:25] INFO: [Recognition] Scores: S12342 - wyn=0.498 S13234 - Jin_Rae=0.698 
[2025-10-19 03:25:25] INFO: [Decision] Best=S13234 - Jin_Rae(0.698), 2nd=0.498, Discriminative=0.598, AvgNeg=0.498
[2025-10-19 03:25:25] INFO: [Thresholds] Abs=0.612, Margin=0.112(16.0%), RelMargin=28.7%, Tightness=0.883, StdDev=0.039
[2025-10-19 03:25:25] INFO: [Decision] ACCEPT: Tier 1 - Absolute + Strong Margin (10%)
[2025-10-19 03:25:25] INFO: [Recognition] Scores: S12342 - wyn=0.454 S13234 - Jin_Rae=0.654 
[2025-10-19 03:25:25] INFO: [Decision] Best=S13234 - Jin_Rae(0.654), 2nd=0.454, Discriminative=0.563, AvgNeg=0.454
[2025-10-19 03:25:25] INFO: [Thresholds] Abs=0.612, Margin=0.112(17.1%), RelMargin=30.7%, Tightness=0.883, StdDev=0.039
[2025-10-19 03:25:25] INFO: [Decision] ACCEPT: Tier 1 - Absolute + Strong Margin (10%)
[2025-10-19 03:25:25] INFO: [Recognition] Scores: S12342 - wyn=0.438 S13234 - Jin_Rae=0.598 
[2025-10-19 03:25:25] INFO: [Decision] Best=S13234 - Jin_Rae(0.598), 2nd=0.438, Discriminative=0.510, AvgNeg=0.438
[2025-10-19 03:25:25] INFO: [Thresholds] Abs=0.612, Margin=0.112(18.7%), RelMargin=26.7%, Tightness=0.883, StdDev=0.039
[2025-10-19 03:25:25] INFO: [Decision] ACCEPT: Tier 4 - Very Strong Consistency (5 frames)
[2025-10-19 03:25:25] INFO: [Recognition] Scores: S12342 - wyn=0.407 S13234 - Jin_Rae=0.550 
[2025-10-19 03:25:25] INFO: [Decision] Best=S13234 - Jin_Rae(0.550), 2nd=0.407, Discriminative=0.468, AvgNeg=0.407
[2025-10-19 03:25:25] INFO: [Thresholds] Abs=0.612, Margin=0.112(20.3%), RelMargin=26.0%, Tightness=0.883, StdDev=0.039
[2025-10-19 03:25:25] INFO: [Decision] ACCEPT: Tier 4 - Very Strong Consistency (5 frames)
[2025-10-19 03:25:26] INFO: [Recognition] Scores: S12342 - wyn=0.485 S13234 - Jin_Rae=0.500 
[2025-10-19 03:25:26] INFO: [Decision] Best=S13234 - Jin_Rae(0.500), 2nd=0.485, Discriminative=0.403, AvgNeg=0.485
[2025-10-19 03:25:26] INFO: [Thresholds] Abs=0.612, Margin=0.112(22.3%), RelMargin=3.1%, Tightness=0.883, StdDev=0.039
[2025-10-19 03:25:26] INFO: [Decision] ACCEPT: Tier 4 - Very Strong Consistency (5 frames)
[2025-10-19 03:25:26] INFO: [Recognition] Scores: S12342 - wyn=0.432 S13234 - Jin_Rae=0.474 
[2025-10-19 03:25:26] INFO: [Decision] Best=S13234 - Jin_Rae(0.474), 2nd=0.432, Discriminative=0.388, AvgNeg=0.432
[2025-10-19 03:25:26] INFO: [Thresholds] Abs=0.612, Margin=0.112(23.6%), RelMargin=8.8%, Tightness=0.883, StdDev=0.039
[2025-10-19 03:25:26] INFO: [Decision] ACCEPT: Tier 4 - Very Strong Consistency (5 frames)
[2025-10-19 03:25:26] INFO: [Recognition] Scores: S12342 - wyn=0.409 S13234 - Jin_Rae=0.493 
[2025-10-19 03:25:26] INFO: [Decision] Best=S13234 - Jin_Rae(0.493), 2nd=0.409, Discriminative=0.412, AvgNeg=0.409
[2025-10-19 03:25:26] INFO: [Thresholds] Abs=0.612, Margin=0.112(22.6%), RelMargin=17.1%, Tightness=0.883, StdDev=0.039
[2025-10-19 03:25:26] INFO: [Decision] ACCEPT: Tier 4 - Very Strong Consistency (5 frames)
[2025-10-19 03:25:26] INFO: [Recognition] Scores: S12342 - wyn=0.469 S13234 - Jin_Rae=0.583 
[2025-10-19 03:25:26] INFO: [Decision] Best=S13234 - Jin_Rae(0.583), 2nd=0.469, Discriminative=0.489, AvgNeg=0.469
[2025-10-19 03:25:26] INFO: [Thresholds] Abs=0.612, Margin=0.112(19.2%), RelMargin=19.5%, Tightness=0.883, StdDev=0.039
[2025-10-19 03:25:26] INFO: [Decision] ACCEPT: Tier 4 - Very Strong Consistency (5 frames)
[2025-10-19 03:25:27] INFO: [Recognition] Scores: S12342 - wyn=0.461 S13234 - Jin_Rae=0.642 
[2025-10-19 03:25:27] INFO: [Decision] Best=S13234 - Jin_Rae(0.642), 2nd=0.461, Discriminative=0.549, AvgNeg=0.461
[2025-10-19 03:25:27] INFO: [Thresholds] Abs=0.612, Margin=0.112(17.4%), RelMargin=28.2%, Tightness=0.883, StdDev=0.039
[2025-10-19 03:25:27] INFO: [Decision] ACCEPT: Tier 1 - Absolute + Strong Margin (10%)
[2025-10-19 03:25:27] INFO: [Recognition] Scores: S12342 - wyn=0.663 S13234 - Jin_Rae=0.822 
[2025-10-19 03:25:27] INFO: [Decision] Best=S13234 - Jin_Rae(0.822), 2nd=0.663, Discriminative=0.689, AvgNeg=0.663
[2025-10-19 03:25:27] INFO: [Thresholds] Abs=0.612, Margin=0.112(13.6%), RelMargin=19.4%, Tightness=0.883, StdDev=0.039
[2025-10-19 03:25:27] INFO: [Decision] ACCEPT: Tier 1 - Absolute + Strong Margin (10%)
[2025-10-19 03:25:27] INFO: [Recognition] Scores: S12342 - wyn=0.574 S13234 - Jin_Rae=0.817 
[2025-10-19 03:25:27] INFO: [Decision] Best=S13234 - Jin_Rae(0.817), 2nd=0.574, Discriminative=0.702, AvgNeg=0.574
[2025-10-19 03:25:27] INFO: [Thresholds] Abs=0.612, Margin=0.112(13.7%), RelMargin=29.7%, Tightness=0.883, StdDev=0.039
[2025-10-19 03:25:27] INFO: [Decision] ACCEPT: Tier 1 - Absolute + Strong Margin (10%)
[2025-10-19 03:25:27] INFO: [Recognition] Scores: S12342 - wyn=0.621 S13234 - Jin_Rae=0.809 
[2025-10-19 03:25:27] INFO: [Decision] Best=S13234 - Jin_Rae(0.809), 2nd=0.621, Discriminative=0.684, AvgNeg=0.621
[2025-10-19 03:25:27] INFO: [Thresholds] Abs=0.612, Margin=0.112(13.8%), RelMargin=23.2%, Tightness=0.883, StdDev=0.039
[2025-10-19 03:25:27] INFO: [Decision] ACCEPT: Tier 1 - Absolute + Strong Margin (10%)
[2025-10-19 03:25:28] INFO: [Recognition] Scores: S12342 - wyn=0.601 S13234 - Jin_Rae=0.807 
[2025-10-19 03:25:28] INFO: [Decision] Best=S13234 - Jin_Rae(0.807), 2nd=0.601, Discriminative=0.687, AvgNeg=0.601
[2025-10-19 03:25:28] INFO: [Thresholds] Abs=0.612, Margin=0.112(13.8%), RelMargin=25.5%, Tightness=0.883, StdDev=0.039
[2025-10-19 03:25:28] INFO: [Decision] ACCEPT: Tier 1 - Absolute + Strong Margin (10%)
[2025-10-19 03:25:28] INFO: [Recognition] Scores: S12342 - wyn=0.623 S13234 - Jin_Rae=0.813 
[2025-10-19 03:25:28] INFO: [Decision] Best=S13234 - Jin_Rae(0.813), 2nd=0.623, Discriminative=0.688, AvgNeg=0.623
[2025-10-19 03:25:28] INFO: [Thresholds] Abs=0.612, Margin=0.112(13.7%), RelMargin=23.3%, Tightness=0.883, StdDev=0.039
[2025-10-19 03:25:28] INFO: [Decision] ACCEPT: Tier 1 - Absolute + Strong Margin (10%)
[2025-10-19 03:25:28] INFO: [Recognition] Scores: S12342 - wyn=0.618 S13234 - Jin_Rae=0.802 
[2025-10-19 03:25:28] INFO: [Decision] Best=S13234 - Jin_Rae(0.802), 2nd=0.618, Discriminative=0.679, AvgNeg=0.618
[2025-10-19 03:25:28] INFO: [Thresholds] Abs=0.612, Margin=0.112(13.9%), RelMargin=23.0%, Tightness=0.883, StdDev=0.039
[2025-10-19 03:25:28] INFO: [Decision] ACCEPT: Tier 1 - Absolute + Strong Margin (10%)
[2025-10-19 03:25:28] INFO: [Recognition] Scores: S12342 - wyn=0.600 S13234 - Jin_Rae=0.783 
[2025-10-19 03:25:28] INFO: [Decision] Best=S13234 - Jin_Rae(0.783), 2nd=0.600, Discriminative=0.663, AvgNeg=0.600
[2025-10-19 03:25:28] INFO: [Thresholds] Abs=0.612, Margin=0.112(14.3%), RelMargin=23.3%, Tightness=0.883, StdDev=0.039
[2025-10-19 03:25:28] INFO: [Decision] ACCEPT: Tier 1 - Absolute + Strong Margin (10%)
[2025-10-19 03:25:28] INFO: [Recognition] Scores: S12342 - wyn=0.592 S13234 - Jin_Rae=0.769 
[2025-10-19 03:25:28] INFO: [Decision] Best=S13234 - Jin_Rae(0.769), 2nd=0.592, Discriminative=0.651, AvgNeg=0.592
[2025-10-19 03:25:28] INFO: [Thresholds] Abs=0.612, Margin=0.112(14.5%), RelMargin=23.1%, Tightness=0.883, StdDev=0.039
[2025-10-19 03:25:28] INFO: [Decision] ACCEPT: Tier 1 - Absolute + Strong Margin (10%)
[2025-10-19 03:25:29] INFO: [Recognition] Scores: S12342 - wyn=0.564 S13234 - Jin_Rae=0.751 
[2025-10-19 03:25:29] INFO: [Decision] Best=S13234 - Jin_Rae(0.751), 2nd=0.564, Discriminative=0.639, AvgNeg=0.564
[2025-10-19 03:25:29] INFO: [Thresholds] Abs=0.612, Margin=0.112(14.9%), RelMargin=25.0%, Tightness=0.883, StdDev=0.039
[2025-10-19 03:25:29] INFO: [Decision] ACCEPT: Tier 1 - Absolute + Strong Margin (10%)
[2025-10-19 03:25:29] INFO: [Recognition] Scores: S12342 - wyn=0.568 S13234 - Jin_Rae=0.742 
[2025-10-19 03:25:29] INFO: [Decision] Best=S13234 - Jin_Rae(0.742), 2nd=0.568, Discriminative=0.628, AvgNeg=0.568
[2025-10-19 03:25:29] INFO: [Thresholds] Abs=0.612, Margin=0.112(15.1%), RelMargin=23.3%, Tightness=0.883, StdDev=0.039
[2025-10-19 03:25:29] INFO: [Decision] ACCEPT: Tier 1 - Absolute + Strong Margin (10%)
[2025-10-19 03:25:29] INFO: [Recognition] Scores: S12342 - wyn=0.575 S13234 - Jin_Rae=0.751 
[2025-10-19 03:25:29] INFO: [Decision] Best=S13234 - Jin_Rae(0.751), 2nd=0.575, Discriminative=0.636, AvgNeg=0.575
[2025-10-19 03:25:29] INFO: [Thresholds] Abs=0.612, Margin=0.112(14.9%), RelMargin=23.4%, Tightness=0.883, StdDev=0.039
[2025-10-19 03:25:29] INFO: [Decision] ACCEPT: Tier 1 - Absolute + Strong Margin (10%)
[2025-10-19 03:25:29] INFO: [Recognition] Scores: S12342 - wyn=0.570 S13234 - Jin_Rae=0.745 
[2025-10-19 03:25:29] INFO: [Decision] Best=S13234 - Jin_Rae(0.745), 2nd=0.570, Discriminative=0.631, AvgNeg=0.570
[2025-10-19 03:25:29] INFO: [Thresholds] Abs=0.612, Margin=0.112(15.0%), RelMargin=23.6%, Tightness=0.883, StdDev=0.039
[2025-10-19 03:25:29] INFO: [Decision] ACCEPT: Tier 1 - Absolute + Strong Margin (10%)
[2025-10-19 03:25:30] INFO: [Recognition] Scores: S12342 - wyn=0.542 S13234 - Jin_Rae=0.732 
[2025-10-19 03:25:30] INFO: [Decision] Best=S13234 - Jin_Rae(0.732), 2nd=0.542, Discriminative=0.624, AvgNeg=0.542
[2025-10-19 03:25:30] INFO: [Thresholds] Abs=0.612, Margin=0.112(15.2%), RelMargin=26.0%, Tightness=0.883, StdDev=0.039
[2025-10-19 03:25:30] INFO: [Decision] ACCEPT: Tier 1 - Absolute + Strong Margin (10%)
[2025-10-19 03:25:30] INFO: [Recognition] Scores: S12342 - wyn=0.569 S13234 - Jin_Rae=0.751 
[2025-10-19 03:25:30] INFO: [Decision] Best=S13234 - Jin_Rae(0.751), 2nd=0.569, Discriminative=0.637, AvgNeg=0.569
[2025-10-19 03:25:30] INFO: [Thresholds] Abs=0.612, Margin=0.112(14.9%), RelMargin=24.3%, Tightness=0.883, StdDev=0.039
[2025-10-19 03:25:30] INFO: [Decision] ACCEPT: Tier 1 - Absolute + Strong Margin (10%)
[2025-10-19 03:25:30] INFO: [Recognition] Scores: S12342 - wyn=0.551 S13234 - Jin_Rae=0.750 
[2025-10-19 03:25:30] INFO: [Decision] Best=S13234 - Jin_Rae(0.750), 2nd=0.551, Discriminative=0.639, AvgNeg=0.551
[2025-10-19 03:25:30] INFO: [Thresholds] Abs=0.612, Margin=0.112(14.9%), RelMargin=26.5%, Tightness=0.883, StdDev=0.039
[2025-10-19 03:25:30] INFO: [Decision] ACCEPT: Tier 1 - Absolute + Strong Margin (10%)
[2025-10-19 03:25:30] INFO: [Recognition] Scores: S12342 - wyn=0.537 S13234 - Jin_Rae=0.742 
[2025-10-19 03:25:30] INFO: [Decision] Best=S13234 - Jin_Rae(0.742), 2nd=0.537, Discriminative=0.635, AvgNeg=0.537
[2025-10-19 03:25:30] INFO: [Thresholds] Abs=0.612, Margin=0.112(15.0%), RelMargin=27.6%, Tightness=0.883, StdDev=0.039
[2025-10-19 03:25:30] INFO: [Decision] ACCEPT: Tier 1 - Absolute + Strong Margin (10%)
[2025-10-19 03:25:31] INFO: [Recognition] Scores: S12342 - wyn=0.577 S13234 - Jin_Rae=0.819 
[2025-10-19 03:25:31] INFO: [Decision] Best=S13234 - Jin_Rae(0.819), 2nd=0.577, Discriminative=0.703, AvgNeg=0.577
[2025-10-19 03:25:31] INFO: [Thresholds] Abs=0.612, Margin=0.112(13.6%), RelMargin=29.5%, Tightness=0.883, StdDev=0.039
[2025-10-19 03:25:31] INFO: [Decision] ACCEPT: Tier 1 - Absolute + Strong Margin (10%)
[2025-10-19 03:25:31] INFO: [Recognition] Scores: S12342 - wyn=0.544 S13234 - Jin_Rae=0.788 
[2025-10-19 03:25:31] INFO: [Decision] Best=S13234 - Jin_Rae(0.788), 2nd=0.544, Discriminative=0.679, AvgNeg=0.544
[2025-10-19 03:25:31] INFO: [Thresholds] Abs=0.612, Margin=0.112(14.2%), RelMargin=30.9%, Tightness=0.883, StdDev=0.039
[2025-10-19 03:25:31] INFO: [Decision] ACCEPT: Tier 1 - Absolute + Strong Margin (10%)
[2025-10-19 03:25:31] INFO: [Recognition] Scores: S12342 - wyn=0.540 S13234 - Jin_Rae=0.790 
[2025-10-19 03:25:31] INFO: [Decision] Best=S13234 - Jin_Rae(0.790), 2nd=0.540, Discriminative=0.682, AvgNeg=0.540
[2025-10-19 03:25:31] INFO: [Thresholds] Abs=0.612, Margin=0.112(14.1%), RelMargin=31.6%, Tightness=0.883, StdDev=0.039
[2025-10-19 03:25:31] INFO: [Decision] ACCEPT: Tier 1 - Absolute + Strong Margin (10%)
[2025-10-19 03:25:31] INFO: [Recognition] Scores: S12342 - wyn=0.554 S13234 - Jin_Rae=0.810 
[2025-10-19 03:25:31] INFO: [Decision] Best=S13234 - Jin_Rae(0.810), 2nd=0.554, Discriminative=0.700, AvgNeg=0.554
[2025-10-19 03:25:31] INFO: [Thresholds] Abs=0.612, Margin=0.112(13.8%), RelMargin=31.7%, Tightness=0.883, StdDev=0.039
[2025-10-19 03:25:31] INFO: [Decision] ACCEPT: Tier 1 - Absolute + Strong Margin (10%)
[2025-10-19 03:25:32] INFO: [Recognition] Scores: S12342 - wyn=0.553 S13234 - Jin_Rae=0.817 
[2025-10-19 03:25:32] INFO: [Decision] Best=S13234 - Jin_Rae(0.817), 2nd=0.553, Discriminative=0.707, AvgNeg=0.553
[2025-10-19 03:25:32] INFO: [Thresholds] Abs=0.612, Margin=0.112(13.7%), RelMargin=32.3%, Tightness=0.883, StdDev=0.039
[2025-10-19 03:25:32] INFO: [Decision] ACCEPT: Tier 1 - Absolute + Strong Margin (10%)
[2025-10-19 03:25:32] INFO: [Recognition] Scores: S12342 - wyn=0.609 S13234 - Jin_Rae=0.836 
[2025-10-19 03:25:32] INFO: [Decision] Best=S13234 - Jin_Rae(0.836), 2nd=0.609, Discriminative=0.714, AvgNeg=0.609
[2025-10-19 03:25:32] INFO: [Thresholds] Abs=0.612, Margin=0.112(13.4%), RelMargin=27.1%, Tightness=0.883, StdDev=0.039
[2025-10-19 03:25:32] INFO: [Decision] ACCEPT: Tier 1 - Absolute + Strong Margin (10%)
[2025-10-19 03:25:32] INFO: [Recognition] Scores: S12342 - wyn=0.612 S13234 - Jin_Rae=0.823 
[2025-10-19 03:25:32] INFO: [Decision] Best=S13234 - Jin_Rae(0.823), 2nd=0.612, Discriminative=0.700, AvgNeg=0.612
[2025-10-19 03:25:32] INFO: [Thresholds] Abs=0.612, Margin=0.112(13.6%), RelMargin=25.7%, Tightness=0.883, StdDev=0.039
[2025-10-19 03:25:32] INFO: [Decision] ACCEPT: Tier 1 - Absolute + Strong Margin (10%)
[2025-10-19 03:25:32] INFO: [Recognition] Scores: S12342 - wyn=0.618 S13234 - Jin_Rae=0.819 
[2025-10-19 03:25:32] INFO: [Decision] Best=S13234 - Jin_Rae(0.819), 2nd=0.618, Discriminative=0.696, AvgNeg=0.618
[2025-10-19 03:25:32] INFO: [Thresholds] Abs=0.612, Margin=0.112(13.6%), RelMargin=24.5%, Tightness=0.883, StdDev=0.039
[2025-10-19 03:25:32] INFO: [Decision] ACCEPT: Tier 1 - Absolute + Strong Margin (10%)
[2025-10-19 03:25:32] INFO: [Recognition] Scores: S12342 - wyn=0.647 S13234 - Jin_Rae=0.827 
[2025-10-19 03:25:32] INFO: [Decision] Best=S13234 - Jin_Rae(0.827), 2nd=0.647, Discriminative=0.697, AvgNeg=0.647
[2025-10-19 03:25:32] INFO: [Thresholds] Abs=0.612, Margin=0.112(13.5%), RelMargin=21.7%, Tightness=0.883, StdDev=0.039
[2025-10-19 03:25:32] INFO: [Decision] ACCEPT: Tier 1 - Absolute + Strong Margin (10%)
[2025-10-19 03:25:33] INFO: [Recognition] Scores: S12342 - wyn=0.626 S13234 - Jin_Rae=0.831 
[2025-10-19 03:25:33] INFO: [Decision] Best=S13234 - Jin_Rae(0.831), 2nd=0.626, Discriminative=0.706, AvgNeg=0.626
[2025-10-19 03:25:33] INFO: [Thresholds] Abs=0.612, Margin=0.112(13.4%), RelMargin=24.6%, Tightness=0.883, StdDev=0.039
[2025-10-19 03:25:33] INFO: [Decision] ACCEPT: Tier 1 - Absolute + Strong Margin (10%)
[2025-10-19 03:25:33] INFO: [Recognition] Scores: S12342 - wyn=0.624 S13234 - Jin_Rae=0.827 
[2025-10-19 03:25:33] INFO: [Decision] Best=S13234 - Jin_Rae(0.827), 2nd=0.624, Discriminative=0.702, AvgNeg=0.624
[2025-10-19 03:25:33] INFO: [Thresholds] Abs=0.612, Margin=0.112(13.5%), RelMargin=24.6%, Tightness=0.883, StdDev=0.039
[2025-10-19 03:25:33] INFO: [Decision] ACCEPT: Tier 1 - Absolute + Strong Margin (10%)
[2025-10-19 03:25:33] INFO: [Recognition] Scores: S12342 - wyn=0.615 S13234 - Jin_Rae=0.819 
[2025-10-19 03:25:33] INFO: [Decision] Best=S13234 - Jin_Rae(0.819), 2nd=0.615, Discriminative=0.696, AvgNeg=0.615
[2025-10-19 03:25:33] INFO: [Thresholds] Abs=0.612, Margin=0.112(13.6%), RelMargin=24.9%, Tightness=0.883, StdDev=0.039
[2025-10-19 03:25:33] INFO: [Decision] ACCEPT: Tier 1 - Absolute + Strong Margin (10%)
[2025-10-19 03:25:33] INFO: Exiting Face Recognition Demo...
[2025-10-19 03:25:33] INFO: Exiting Face Recognition Demo...
