[2025-10-22 15:34:51] INFO: Application Logger Initialized.
[2025-10-22 15:34:51] INFO: app.properties normalized (55 entries).
[2025-10-22 15:34:51] INFO: Configuration loaded from file: C:\SMU\CS102 Project\FaceRecognitionCS102\app.properties
[2025-10-22 15:34:53] INFO: ￢ﾜﾅ ArcFace ResNet100 model loaded successfully
[2025-10-22 15:34:53] INFO: ￢ﾜﾓ FaceAligner initialized with fallback eye detector
[2025-10-22 15:34:53] INFO: StudentManager initialized successfully
[2025-10-22 15:34:55] INFO: GUI launched successfully
[2025-10-22 15:34:59] INFO: ￢ﾜﾅ ArcFace ResNet100 model loaded successfully
[2025-10-22 15:34:59] INFO: ￢ﾜﾓ FaceAligner initialized with fallback eye detector
[2025-10-22 15:34:59] INFO: FaceCaptureDialog created for student: Jin Rae
[2025-10-22 15:35:00] INFO: Dialog initialized
[2025-10-22 15:35:00] INFO: Starting camera preview...
[2025-10-22 15:35:00] INFO: Preview timer started at 20fps
[2025-10-22 15:35:21] INFO: Starting capture process...
[2025-10-22 15:35:21] INFO: Performing capture with target: 20
[2025-10-22 15:35:21] INFO: Debug: Capture process started
[2025-10-22 15:35:21] INFO: Debug: Image saved with confidence 1.00
[2025-10-22 15:35:22] INFO: Debug: Image saved with confidence 1.00
[2025-10-22 15:35:24] INFO: Debug: Image saved with confidence 1.00
[2025-10-22 15:35:25] INFO: Debug: Image saved with confidence 1.00
[2025-10-22 15:35:27] INFO: Debug: Image saved with confidence 0.73
[2025-10-22 15:35:28] INFO: Debug: Image saved with confidence 1.00
[2025-10-22 15:35:30] INFO: Debug: Image saved with confidence 1.00
[2025-10-22 15:35:31] INFO: Debug: Image saved with confidence 1.00
[2025-10-22 15:35:32] INFO: Debug: Image saved with confidence 0.73
[2025-10-22 15:35:34] INFO: Debug: Image saved with confidence 1.00
[2025-10-22 15:35:35] INFO: Debug: Image saved with confidence 1.00
[2025-10-22 15:35:37] INFO: Debug: Image saved with confidence 1.00
[2025-10-22 15:35:39] INFO: Debug: Image saved with confidence 1.00
[2025-10-22 15:35:40] INFO: Debug: Image saved with confidence 1.00
[2025-10-22 15:35:41] INFO: Debug: Image saved with confidence 1.00
[2025-10-22 15:35:43] INFO: Debug: Image saved with confidence 1.00
[2025-10-22 15:35:44] INFO: Debug: Image saved with confidence Infinity
[2025-10-22 15:35:46] INFO: Debug: Image saved with confidence 1.00
[2025-10-22 15:35:47] INFO: Debug: Image saved with confidence 1.07
[2025-10-22 15:35:48] INFO: Debug: Image saved with confidence 1.00
[2025-10-22 15:35:50] INFO: Debug: Capture process finished
[2025-10-22 15:35:50] INFO: Debug: Warning - Processing captured images...
[2025-10-22 15:35:51] INFO: ￢ﾜﾓ Saved embedding: S13234_001.emb
[2025-10-22 15:35:52] INFO: ￢ﾜﾓ Saved embedding: S13234_002.emb
[2025-10-22 15:35:52] INFO: ￢ﾜﾓ Saved embedding: S13234_003.emb
[2025-10-22 15:35:52] INFO: ￢ﾜﾓ Saved embedding: S13234_004.emb
[2025-10-22 15:35:52] INFO: ￢ﾜﾓ Saved embedding: S13234_005.emb
[2025-10-22 15:35:53] INFO: ￢ﾜﾓ Saved embedding: S13234_006.emb
[2025-10-22 15:35:53] INFO: ￢ﾜﾓ Saved embedding: S13234_007.emb
[2025-10-22 15:35:53] INFO: ￢ﾜﾓ Saved embedding: S13234_008.emb
[2025-10-22 15:35:53] INFO: ￢ﾜﾓ Saved embedding: S13234_009.emb
[2025-10-22 15:35:54] INFO: ￢ﾜﾓ Saved embedding: S13234_010.emb
[2025-10-22 15:35:54] INFO: ￢ﾜﾓ Saved embedding: S13234_011.emb
[2025-10-22 15:35:54] INFO: ￢ﾜﾓ Saved embedding: S13234_012.emb
[2025-10-22 15:35:54] INFO: ￢ﾜﾓ Saved embedding: S13234_013.emb
[2025-10-22 15:35:55] INFO: ￢ﾜﾓ Saved embedding: S13234_014.emb
[2025-10-22 15:35:55] INFO: ￢ﾜﾓ Saved embedding: S13234_015.emb
[2025-10-22 15:35:55] INFO: ￢ﾜﾓ Saved embedding: S13234_016.emb
[2025-10-22 15:35:55] INFO: ￢ﾜﾓ Saved embedding: S13234_017.emb
[2025-10-22 15:35:56] INFO: ￢ﾜﾓ Saved embedding: S13234_018.emb
[2025-10-22 15:35:56] INFO: ￢ﾜﾓ Saved embedding: S13234_019.emb
[2025-10-22 15:35:56] INFO: ￢ﾜﾓ Saved embedding: S13234_020.emb
[2025-10-22 15:35:56] INFO: Embedding generation complete: 20/20 successful
[2025-10-22 15:35:56] INFO: Debug: Warning - Analyzing embedding quality...
[2025-10-22 15:35:56] INFO:   Outlier detected: index=18, avgSim=0.9741, threshold=0.9850
[2025-10-22 15:35:56] INFO:   ￢ﾜﾗ Deleted outlier embedding: S13234_019.emb
[2025-10-22 15:35:56] INFO:   ￢ﾜﾗ Deleted outlier image: S13234_019.png
[2025-10-22 15:35:56] INFO: ￢ﾜﾓ Auto-removed 1 outlier embedding(s)
[2025-10-22 15:35:56] INFO: Debug: Warning - Removed 1 outlier image(s) automatically
[2025-10-22 15:35:56] INFO:   Weak embedding detected: index=16, avgSim=0.9858, threshold=0.9872, absThresh=0.6000
[2025-10-22 15:35:56] INFO:   Weak embedding detected: index=18, avgSim=0.9741, threshold=0.9872, absThresh=0.6000
[2025-10-22 15:35:56] INFO:   ￢ﾜﾗ Deleted weak embedding: S13234_017.emb
[2025-10-22 15:35:56] INFO:   ￢ﾜﾗ Deleted weak image: S13234_017.png
[2025-10-22 15:35:56] INFO: ￢ﾜﾓ Auto-removed 1 weak embedding(s)
[2025-10-22 15:35:56] INFO: Debug: Warning - Removed 1 weak image(s) automatically
[2025-10-22 15:35:56] INFO: Capture result: true - Successfully captured 20 high-quality face images
[2025-10-22 15:36:06] INFO: Debug: All images captured successfully
[2025-10-22 15:36:07] INFO: Disposing FaceCaptureDialog...
[2025-10-22 15:36:07] INFO: Preview timer stopped
[2025-10-22 15:36:07] INFO: Face detection resources released
