[2025-10-21 22:15:11] INFO: Application Logger Initialized.
[2025-10-21 22:15:11] INFO: FaceRecognitionDemo Starting...
[2025-10-21 22:15:11] INFO: Configuration loaded from file: C:\SMU\CS102 Project\FaceRecognitionCS102\app.properties
[2025-10-21 22:15:11] INFO: ￢ﾜﾅ OpenFace nn4.small2.v1 model loaded successfully
[2025-10-21 22:15:11] INFO: === Folder debug ===
[2025-10-21 22:15:11] INFO: Found folder: C:\SMU\CS102 Project\FaceRecognitionCS102\data\facedata\S12313_ma
[2025-10-21 22:15:11] INFO:   Contains: 36 items
[2025-10-21 22:15:11] INFO:   Display label: S12313 - ma
[2025-10-21 22:15:11] INFO: Found folder: C:\SMU\CS102 Project\FaceRecognitionCS102\data\facedata\S13234_Jin_Rae
[2025-10-21 22:15:11] INFO:   Contains: 38 items
[2025-10-21 22:15:11] INFO:   Display label: S13234 - Jin_Rae
[2025-10-21 22:15:11] INFO: ====================
[2025-10-21 22:15:11] INFO: Person S12313 - ma: tightness=0.934, stdDev=0.015, absThresh=0.607, margin=0.107
[2025-10-21 22:15:11] INFO: Person S13234 - Jin_Rae: tightness=0.869, stdDev=0.027, absThresh=0.613, margin=0.113
[2025-10-21 22:15:11] INFO: DNN face detector loaded successfully for recognition
[2025-10-21 22:15:11] INFO: Attempting camera index 0 with DSHOW backend...
[2025-10-21 22:15:12] INFO: Camera opened successfully: index 0 with DSHOW backend
[2025-10-21 22:15:13] INFO: Camera configured: 640x480 @ 30fps (MJPEG: yes)
[2025-10-21 22:15:13] INFO: Camera initialized successfully
[2025-10-21 22:15:14] INFO: [Recognition] Scores: S12313 - ma=0.761 S13234 - Jin_Rae=0.884 
[2025-10-21 22:15:14] INFO: [Decision] Best=S13234 - Jin_Rae(0.884), 2nd=0.761, Discriminative=0.731, AvgNeg=0.761
[2025-10-21 22:15:14] INFO: [Thresholds] Abs=0.613, Margin=0.113(12.8%), RelMargin=13.9%, Tightness=0.869, StdDev=0.027
[2025-10-21 22:15:14] INFO: [Decision] ACCEPT: Primary thresholds met (abs + margin + relative)
[2025-10-21 22:15:14] INFO: [Recognition] Scores: S12313 - ma=0.742 S13234 - Jin_Rae=0.881 
[2025-10-21 22:15:14] INFO: [Decision] Best=S13234 - Jin_Rae(0.881), 2nd=0.742, Discriminative=0.733, AvgNeg=0.742
[2025-10-21 22:15:14] INFO: [Thresholds] Abs=0.613, Margin=0.113(12.8%), RelMargin=15.8%, Tightness=0.869, StdDev=0.027
[2025-10-21 22:15:14] INFO: [Decision] ACCEPT: Primary thresholds met (abs + margin + relative)
[2025-10-21 22:15:14] INFO: [Recognition] Scores: S12313 - ma=0.756 S13234 - Jin_Rae=0.877 
[2025-10-21 22:15:14] INFO: [Decision] Best=S13234 - Jin_Rae(0.877), 2nd=0.756, Discriminative=0.726, AvgNeg=0.756
[2025-10-21 22:15:14] INFO: [Thresholds] Abs=0.613, Margin=0.113(12.9%), RelMargin=13.8%, Tightness=0.869, StdDev=0.027
[2025-10-21 22:15:14] INFO: [Decision] ACCEPT: Primary thresholds met (abs + margin + relative)
[2025-10-21 22:15:14] INFO: [Recognition] Scores: S12313 - ma=0.741 S13234 - Jin_Rae=0.880 
[2025-10-21 22:15:14] INFO: [Decision] Best=S13234 - Jin_Rae(0.880), 2nd=0.741, Discriminative=0.731, AvgNeg=0.741
[2025-10-21 22:15:14] INFO: [Thresholds] Abs=0.613, Margin=0.113(12.9%), RelMargin=15.8%, Tightness=0.869, StdDev=0.027
[2025-10-21 22:15:14] INFO: [Decision] ACCEPT: Primary thresholds met (abs + margin + relative)
[2025-10-21 22:15:14] INFO: [Recognition] Scores: S12313 - ma=0.749 S13234 - Jin_Rae=0.882 
[2025-10-21 22:15:14] INFO: [Decision] Best=S13234 - Jin_Rae(0.882), 2nd=0.749, Discriminative=0.732, AvgNeg=0.749
[2025-10-21 22:15:14] INFO: [Thresholds] Abs=0.613, Margin=0.113(12.8%), RelMargin=15.1%, Tightness=0.869, StdDev=0.027
[2025-10-21 22:15:14] INFO: [Decision] ACCEPT: Primary thresholds met (abs + margin + relative)
[2025-10-21 22:15:14] INFO: [Recognition] Scores: S12313 - ma=0.735 S13234 - Jin_Rae=0.874 
[2025-10-21 22:15:14] INFO: [Decision] Best=S13234 - Jin_Rae(0.874), 2nd=0.735, Discriminative=0.727, AvgNeg=0.735
[2025-10-21 22:15:14] INFO: [Thresholds] Abs=0.613, Margin=0.113(12.9%), RelMargin=15.9%, Tightness=0.869, StdDev=0.027
[2025-10-21 22:15:14] INFO: [Decision] ACCEPT: Primary thresholds met (abs + margin + relative)
[2025-10-21 22:15:14] INFO: [Recognition] Scores: S12313 - ma=0.769 S13234 - Jin_Rae=0.884 
[2025-10-21 22:15:14] INFO: [Decision] Best=S13234 - Jin_Rae(0.884), 2nd=0.769, Discriminative=0.730, AvgNeg=0.769
[2025-10-21 22:15:14] INFO: [Thresholds] Abs=0.613, Margin=0.113(12.8%), RelMargin=13.0%, Tightness=0.869, StdDev=0.027
[2025-10-21 22:15:14] INFO: [Decision] ACCEPT: Primary thresholds met (abs + margin + relative)
[2025-10-21 22:15:14] INFO: [Recognition] Scores: S12313 - ma=0.746 S13234 - Jin_Rae=0.882 
[2025-10-21 22:15:14] INFO: [Decision] Best=S13234 - Jin_Rae(0.882), 2nd=0.746, Discriminative=0.733, AvgNeg=0.746
[2025-10-21 22:15:14] INFO: [Thresholds] Abs=0.613, Margin=0.113(12.8%), RelMargin=15.4%, Tightness=0.869, StdDev=0.027
[2025-10-21 22:15:14] INFO: [Decision] ACCEPT: Primary thresholds met (abs + margin + relative)
[2025-10-21 22:15:15] INFO: [Recognition] Scores: S12313 - ma=0.786 S13234 - Jin_Rae=0.891 
[2025-10-21 22:15:15] INFO: [Decision] Best=S13234 - Jin_Rae(0.891), 2nd=0.786, Discriminative=0.734, AvgNeg=0.786
[2025-10-21 22:15:15] INFO: [Thresholds] Abs=0.613, Margin=0.113(12.7%), RelMargin=11.8%, Tightness=0.869, StdDev=0.027
[2025-10-21 22:15:15] INFO: [Decision] ACCEPT: Consistency override (7/7 frames)
[2025-10-21 22:15:15] INFO: [Recognition] Scores: S12313 - ma=0.763 S13234 - Jin_Rae=0.882 
[2025-10-21 22:15:15] INFO: [Decision] Best=S13234 - Jin_Rae(0.882), 2nd=0.763, Discriminative=0.730, AvgNeg=0.763
[2025-10-21 22:15:15] INFO: [Thresholds] Abs=0.613, Margin=0.113(12.8%), RelMargin=13.5%, Tightness=0.869, StdDev=0.027
[2025-10-21 22:15:15] INFO: [Decision] ACCEPT: Primary thresholds met (abs + margin + relative)
[2025-10-21 22:15:15] INFO: [Recognition] Scores: S12313 - ma=0.772 S13234 - Jin_Rae=0.875 
[2025-10-21 22:15:15] INFO: [Decision] Best=S13234 - Jin_Rae(0.875), 2nd=0.772, Discriminative=0.720, AvgNeg=0.772
[2025-10-21 22:15:15] INFO: [Thresholds] Abs=0.613, Margin=0.113(12.9%), RelMargin=11.7%, Tightness=0.869, StdDev=0.027
[2025-10-21 22:15:15] INFO: [Decision] ACCEPT: Consistency override (7/7 frames)
[2025-10-21 22:15:15] INFO: [Recognition] Scores: S12313 - ma=0.769 S13234 - Jin_Rae=0.867 
[2025-10-21 22:15:15] INFO: [Decision] Best=S13234 - Jin_Rae(0.867), 2nd=0.769, Discriminative=0.713, AvgNeg=0.769
[2025-10-21 22:15:15] INFO: [Thresholds] Abs=0.613, Margin=0.113(13.0%), RelMargin=11.3%, Tightness=0.869, StdDev=0.027
[2025-10-21 22:15:15] INFO: [Decision] ACCEPT: Consistency override (7/7 frames)
[2025-10-21 22:15:15] INFO: [Recognition] Scores: S12313 - ma=0.771 S13234 - Jin_Rae=0.868 
[2025-10-21 22:15:15] INFO: [Decision] Best=S13234 - Jin_Rae(0.868), 2nd=0.771, Discriminative=0.714, AvgNeg=0.771
[2025-10-21 22:15:15] INFO: [Thresholds] Abs=0.613, Margin=0.113(13.0%), RelMargin=11.2%, Tightness=0.869, StdDev=0.027
[2025-10-21 22:15:15] INFO: [Decision] ACCEPT: Consistency override (7/7 frames)
[2025-10-21 22:15:15] INFO: [Recognition] Scores: S12313 - ma=0.755 S13234 - Jin_Rae=0.860 
[2025-10-21 22:15:15] INFO: [Decision] Best=S13234 - Jin_Rae(0.860), 2nd=0.755, Discriminative=0.709, AvgNeg=0.755
[2025-10-21 22:15:15] INFO: [Thresholds] Abs=0.613, Margin=0.113(13.1%), RelMargin=12.3%, Tightness=0.869, StdDev=0.027
[2025-10-21 22:15:15] INFO: [Decision] ACCEPT: Strong margin hold (12.3%)
[2025-10-21 22:15:15] INFO: [Recognition] Scores: S12313 - ma=0.773 S13234 - Jin_Rae=0.875 
[2025-10-21 22:15:15] INFO: [Decision] Best=S13234 - Jin_Rae(0.875), 2nd=0.773, Discriminative=0.720, AvgNeg=0.773
[2025-10-21 22:15:15] INFO: [Thresholds] Abs=0.613, Margin=0.113(12.9%), RelMargin=11.6%, Tightness=0.869, StdDev=0.027
[2025-10-21 22:15:15] INFO: [Decision] ACCEPT: Consistency override (7/7 frames)
[2025-10-21 22:15:15] INFO: [Recognition] Scores: S12313 - ma=0.763 S13234 - Jin_Rae=0.875 
[2025-10-21 22:15:15] INFO: [Decision] Best=S13234 - Jin_Rae(0.875), 2nd=0.763, Discriminative=0.722, AvgNeg=0.763
[2025-10-21 22:15:15] INFO: [Thresholds] Abs=0.613, Margin=0.113(12.9%), RelMargin=12.8%, Tightness=0.869, StdDev=0.027
[2025-10-21 22:15:15] INFO: [Decision] ACCEPT: Strong margin hold (12.8%)
[2025-10-21 22:15:16] INFO: [Recognition] Scores: S12313 - ma=0.764 S13234 - Jin_Rae=0.876 
[2025-10-21 22:15:16] INFO: [Decision] Best=S13234 - Jin_Rae(0.876), 2nd=0.764, Discriminative=0.723, AvgNeg=0.764
[2025-10-21 22:15:16] INFO: [Thresholds] Abs=0.613, Margin=0.113(12.9%), RelMargin=12.7%, Tightness=0.869, StdDev=0.027
[2025-10-21 22:15:16] INFO: [Decision] ACCEPT: Strong margin hold (12.7%)
[2025-10-21 22:15:16] INFO: [Recognition] Scores: S12313 - ma=0.758 S13234 - Jin_Rae=0.871 
[2025-10-21 22:15:16] INFO: [Decision] Best=S13234 - Jin_Rae(0.871), 2nd=0.758, Discriminative=0.719, AvgNeg=0.758
[2025-10-21 22:15:16] INFO: [Thresholds] Abs=0.613, Margin=0.113(13.0%), RelMargin=12.9%, Tightness=0.869, StdDev=0.027
[2025-10-21 22:15:16] INFO: [Decision] ACCEPT: Strong margin hold (12.9%)
[2025-10-21 22:15:16] INFO: [Recognition] Scores: S12313 - ma=0.745 S13234 - Jin_Rae=0.856 
[2025-10-21 22:15:16] INFO: [Decision] Best=S13234 - Jin_Rae(0.856), 2nd=0.745, Discriminative=0.707, AvgNeg=0.745
[2025-10-21 22:15:16] INFO: [Thresholds] Abs=0.613, Margin=0.113(13.2%), RelMargin=12.9%, Tightness=0.869, StdDev=0.027
[2025-10-21 22:15:16] INFO: [Decision] ACCEPT: Strong margin hold (12.9%)
[2025-10-21 22:15:16] INFO: [Recognition] Scores: S12313 - ma=0.733 S13234 - Jin_Rae=0.843 
[2025-10-21 22:15:16] INFO: [Decision] Best=S13234 - Jin_Rae(0.843), 2nd=0.733, Discriminative=0.697, AvgNeg=0.733
[2025-10-21 22:15:16] INFO: [Thresholds] Abs=0.613, Margin=0.113(13.4%), RelMargin=13.1%, Tightness=0.869, StdDev=0.027
[2025-10-21 22:15:16] INFO: [Decision] ACCEPT: Strong margin hold (13.1%)
[2025-10-21 22:15:16] INFO: [Recognition] Scores: S12313 - ma=0.685 S13234 - Jin_Rae=0.796 
[2025-10-21 22:15:16] INFO: [Decision] Best=S13234 - Jin_Rae(0.796), 2nd=0.685, Discriminative=0.659, AvgNeg=0.685
[2025-10-21 22:15:16] INFO: [Thresholds] Abs=0.613, Margin=0.113(14.2%), RelMargin=14.0%, Tightness=0.869, StdDev=0.027
[2025-10-21 22:15:16] INFO: [Decision] ACCEPT: Strong margin hold (14.0%)
[2025-10-21 22:15:16] INFO: [Recognition] Scores: S12313 - ma=0.640 S13234 - Jin_Rae=0.775 
[2025-10-21 22:15:16] INFO: [Decision] Best=S13234 - Jin_Rae(0.775), 2nd=0.640, Discriminative=0.647, AvgNeg=0.640
[2025-10-21 22:15:16] INFO: [Thresholds] Abs=0.613, Margin=0.113(14.6%), RelMargin=17.5%, Tightness=0.869, StdDev=0.027
[2025-10-21 22:15:16] INFO: [Decision] ACCEPT: Primary thresholds met (abs + margin + relative)
[2025-10-21 22:15:16] INFO: [Recognition] Scores: S12313 - ma=0.565 S13234 - Jin_Rae=0.719 
[2025-10-21 22:15:16] INFO: [Decision] Best=S13234 - Jin_Rae(0.719), 2nd=0.565, Discriminative=0.606, AvgNeg=0.565
[2025-10-21 22:15:16] INFO: [Thresholds] Abs=0.613, Margin=0.113(15.7%), RelMargin=21.4%, Tightness=0.869, StdDev=0.027
[2025-10-21 22:15:16] INFO: [Decision] ACCEPT: Primary thresholds met (abs + margin + relative)
[2025-10-21 22:15:16] INFO: [Recognition] Scores: S12313 - ma=0.519 S13234 - Jin_Rae=0.680 
[2025-10-21 22:15:16] INFO: [Decision] Best=S13234 - Jin_Rae(0.680), 2nd=0.519, Discriminative=0.576, AvgNeg=0.519
[2025-10-21 22:15:16] INFO: [Thresholds] Abs=0.613, Margin=0.113(16.6%), RelMargin=23.6%, Tightness=0.869, StdDev=0.027
[2025-10-21 22:15:16] INFO: [Decision] ACCEPT: Primary thresholds met (abs + margin + relative)
[2025-10-21 22:15:17] INFO: [Recognition] Scores: S12313 - ma=0.457 S13234 - Jin_Rae=0.614 
[2025-10-21 22:15:17] INFO: [Decision] Best=S13234 - Jin_Rae(0.614), 2nd=0.457, Discriminative=0.522, AvgNeg=0.457
[2025-10-21 22:15:17] INFO: [Thresholds] Abs=0.613, Margin=0.113(18.4%), RelMargin=25.5%, Tightness=0.869, StdDev=0.027
[2025-10-21 22:15:17] INFO: [Decision] ACCEPT: Primary thresholds met (abs + margin + relative)
[2025-10-21 22:15:17] INFO: [Recognition] Scores: S12313 - ma=0.430 S13234 - Jin_Rae=0.581 
[2025-10-21 22:15:17] INFO: [Decision] Best=S13234 - Jin_Rae(0.581), 2nd=0.430, Discriminative=0.495, AvgNeg=0.430
[2025-10-21 22:15:17] INFO: [Thresholds] Abs=0.613, Margin=0.113(19.5%), RelMargin=25.9%, Tightness=0.869, StdDev=0.027
[2025-10-21 22:15:17] INFO: [Decision] REJECT: Abs=
[2025-10-21 22:15:17] INFO: false
[2025-10-21 22:15:17] INFO: , AbsMargin=
[2025-10-21 22:15:17] INFO: true
[2025-10-21 22:15:17] INFO: , RelMargin=
[2025-10-21 22:15:17] INFO: true
[2025-10-21 22:15:17] INFO: (
[2025-10-21 22:15:17] INFO: 25.9
[2025-10-21 22:15:17] INFO: %
[2025-10-21 22:15:17] INFO: ), StrongMargin=
[2025-10-21 22:15:17] INFO: true
[2025-10-21 22:15:17] INFO: (
[2025-10-21 22:15:17] INFO: 12.0
[2025-10-21 22:15:17] INFO: %
[2025-10-21 22:15:17] INFO: ), Discrim=
[2025-10-21 22:15:17] INFO: false
[2025-10-21 22:15:17] INFO: , Consist=
[2025-10-21 22:15:17] INFO: true
[2025-10-21 22:15:17] INFO: (
[2025-10-21 22:15:17] INFO: 7
[2025-10-21 22:15:17] INFO: /
[2025-10-21 22:15:17] INFO: 7
[2025-10-21 22:15:17] INFO: )
[2025-10-21 22:15:17] INFO: [Recognition] Scores: S12313 - ma=0.461 S13234 - Jin_Rae=0.601 
[2025-10-21 22:15:17] INFO: [Decision] Best=S13234 - Jin_Rae(0.601), 2nd=0.461, Discriminative=0.509, AvgNeg=0.461
[2025-10-21 22:15:17] INFO: [Thresholds] Abs=0.613, Margin=0.113(18.8%), RelMargin=23.3%, Tightness=0.869, StdDev=0.027
[2025-10-21 22:15:17] INFO: [Decision] REJECT: Abs=
[2025-10-21 22:15:17] INFO: false
[2025-10-21 22:15:17] INFO: , AbsMargin=
[2025-10-21 22:15:17] INFO: true
[2025-10-21 22:15:17] INFO: , RelMargin=
[2025-10-21 22:15:17] INFO: true
[2025-10-21 22:15:17] INFO: (
[2025-10-21 22:15:17] INFO: 23.3
[2025-10-21 22:15:17] INFO: %
[2025-10-21 22:15:17] INFO: ), StrongMargin=
[2025-10-21 22:15:17] INFO: true
[2025-10-21 22:15:17] INFO: (
[2025-10-21 22:15:17] INFO: 12.0
[2025-10-21 22:15:17] INFO: %
[2025-10-21 22:15:17] INFO: ), Discrim=
[2025-10-21 22:15:17] INFO: false
[2025-10-21 22:15:17] INFO: , Consist=
[2025-10-21 22:15:17] INFO: true
[2025-10-21 22:15:17] INFO: (
[2025-10-21 22:15:17] INFO: 6
[2025-10-21 22:15:17] INFO: /
[2025-10-21 22:15:17] INFO: 7
[2025-10-21 22:15:17] INFO: )
[2025-10-21 22:15:17] INFO: [Recognition] Scores: S12313 - ma=0.435 S13234 - Jin_Rae=0.589 
[2025-10-21 22:15:17] INFO: [Decision] Best=S13234 - Jin_Rae(0.589), 2nd=0.435, Discriminative=0.501, AvgNeg=0.435
[2025-10-21 22:15:17] INFO: [Thresholds] Abs=0.613, Margin=0.113(19.2%), RelMargin=26.1%, Tightness=0.869, StdDev=0.027
[2025-10-21 22:15:17] INFO: [Decision] REJECT: Abs=
[2025-10-21 22:15:17] INFO: false
[2025-10-21 22:15:17] INFO: , AbsMargin=
[2025-10-21 22:15:17] INFO: true
[2025-10-21 22:15:17] INFO: , RelMargin=
[2025-10-21 22:15:17] INFO: true
[2025-10-21 22:15:17] INFO: (
[2025-10-21 22:15:17] INFO: 26.1
[2025-10-21 22:15:17] INFO: %
[2025-10-21 22:15:17] INFO: ), StrongMargin=
[2025-10-21 22:15:17] INFO: true
[2025-10-21 22:15:17] INFO: (
[2025-10-21 22:15:17] INFO: 12.0
[2025-10-21 22:15:17] INFO: %
[2025-10-21 22:15:17] INFO: ), Discrim=
[2025-10-21 22:15:17] INFO: false
[2025-10-21 22:15:17] INFO: , Consist=
[2025-10-21 22:15:17] INFO: true
[2025-10-21 22:15:17] INFO: (
[2025-10-21 22:15:17] INFO: 5
[2025-10-21 22:15:17] INFO: /
[2025-10-21 22:15:17] INFO: 7
[2025-10-21 22:15:17] INFO: )
[2025-10-21 22:15:17] INFO: [Recognition] Scores: S12313 - ma=0.489 S13234 - Jin_Rae=0.637 
[2025-10-21 22:15:17] INFO: [Decision] Best=S13234 - Jin_Rae(0.637), 2nd=0.489, Discriminative=0.540, AvgNeg=0.489
[2025-10-21 22:15:17] INFO: [Thresholds] Abs=0.613, Margin=0.113(17.7%), RelMargin=23.3%, Tightness=0.869, StdDev=0.027
[2025-10-21 22:15:17] INFO: [Decision] ACCEPT: Primary thresholds met (abs + margin + relative)
[2025-10-21 22:15:17] INFO: [Recognition] Scores: S12313 - ma=0.620 S13234 - Jin_Rae=0.738 
[2025-10-21 22:15:17] INFO: [Decision] Best=S13234 - Jin_Rae(0.738), 2nd=0.620, Discriminative=0.614, AvgNeg=0.620
[2025-10-21 22:15:17] INFO: [Thresholds] Abs=0.613, Margin=0.113(15.3%), RelMargin=16.0%, Tightness=0.869, StdDev=0.027
[2025-10-21 22:15:17] INFO: [Decision] ACCEPT: Primary thresholds met (abs + margin + relative)
[2025-10-21 22:15:17] INFO: [Recognition] Scores: S12313 - ma=0.687 S13234 - Jin_Rae=0.816 
[2025-10-21 22:15:17] INFO: [Decision] Best=S13234 - Jin_Rae(0.816), 2nd=0.687, Discriminative=0.678, AvgNeg=0.687
[2025-10-21 22:15:17] INFO: [Thresholds] Abs=0.613, Margin=0.113(13.9%), RelMargin=15.7%, Tightness=0.869, StdDev=0.027
[2025-10-21 22:15:17] INFO: [Decision] ACCEPT: Primary thresholds met (abs + margin + relative)
[2025-10-21 22:15:18] INFO: [Recognition] Scores: S12313 - ma=0.689 S13234 - Jin_Rae=0.811 
[2025-10-21 22:15:18] INFO: [Decision] Best=S13234 - Jin_Rae(0.811), 2nd=0.689, Discriminative=0.674, AvgNeg=0.689
[2025-10-21 22:15:18] INFO: [Thresholds] Abs=0.613, Margin=0.113(13.9%), RelMargin=15.1%, Tightness=0.869, StdDev=0.027
[2025-10-21 22:15:18] INFO: [Decision] ACCEPT: Primary thresholds met (abs + margin + relative)
[2025-10-21 22:15:18] INFO: [Recognition] Scores: S12313 - ma=0.728 S13234 - Jin_Rae=0.864 
[2025-10-21 22:15:18] INFO: [Decision] Best=S13234 - Jin_Rae(0.864), 2nd=0.728, Discriminative=0.719, AvgNeg=0.728
[2025-10-21 22:15:18] INFO: [Thresholds] Abs=0.613, Margin=0.113(13.1%), RelMargin=15.8%, Tightness=0.869, StdDev=0.027
[2025-10-21 22:15:18] INFO: [Decision] ACCEPT: Primary thresholds met (abs + margin + relative)
[2025-10-21 22:15:18] INFO: [Recognition] Scores: S12313 - ma=0.714 S13234 - Jin_Rae=0.835 
[2025-10-21 22:15:18] INFO: [Decision] Best=S13234 - Jin_Rae(0.835), 2nd=0.714, Discriminative=0.692, AvgNeg=0.714
[2025-10-21 22:15:18] INFO: [Thresholds] Abs=0.613, Margin=0.113(13.6%), RelMargin=14.5%, Tightness=0.869, StdDev=0.027
[2025-10-21 22:15:18] INFO: [Decision] ACCEPT: Primary thresholds met (abs + margin + relative)
[2025-10-21 22:15:18] INFO: [Recognition] Scores: S12313 - ma=0.744 S13234 - Jin_Rae=0.850 
[2025-10-21 22:15:18] INFO: [Decision] Best=S13234 - Jin_Rae(0.850), 2nd=0.744, Discriminative=0.701, AvgNeg=0.744
[2025-10-21 22:15:18] INFO: [Thresholds] Abs=0.613, Margin=0.113(13.3%), RelMargin=12.4%, Tightness=0.869, StdDev=0.027
[2025-10-21 22:15:18] INFO: [Decision] ACCEPT: Strong margin hold (12.4%)
[2025-10-21 22:15:18] INFO: [Recognition] Scores: S12313 - ma=0.774 S13234 - Jin_Rae=0.879 
[2025-10-21 22:15:18] INFO: [Decision] Best=S13234 - Jin_Rae(0.879), 2nd=0.774, Discriminative=0.724, AvgNeg=0.774
[2025-10-21 22:15:18] INFO: [Thresholds] Abs=0.613, Margin=0.113(12.9%), RelMargin=12.0%, Tightness=0.869, StdDev=0.027
[2025-10-21 22:15:18] INFO: [Decision] ACCEPT: Consistency override (7/7 frames)
[2025-10-21 22:15:18] INFO: [Recognition] Scores: S12313 - ma=0.793 S13234 - Jin_Rae=0.903 
[2025-10-21 22:15:18] INFO: [Decision] Best=S13234 - Jin_Rae(0.903), 2nd=0.793, Discriminative=0.744, AvgNeg=0.793
[2025-10-21 22:15:18] INFO: [Thresholds] Abs=0.613, Margin=0.113(12.5%), RelMargin=12.1%, Tightness=0.869, StdDev=0.027
[2025-10-21 22:15:18] INFO: [Decision] ACCEPT: Strong margin hold (12.1%)
[2025-10-21 22:15:18] INFO: [Recognition] Scores: S12313 - ma=0.766 S13234 - Jin_Rae=0.878 
[2025-10-21 22:15:18] INFO: [Decision] Best=S13234 - Jin_Rae(0.878), 2nd=0.766, Discriminative=0.724, AvgNeg=0.766
[2025-10-21 22:15:18] INFO: [Thresholds] Abs=0.613, Margin=0.113(12.9%), RelMargin=12.7%, Tightness=0.869, StdDev=0.027
[2025-10-21 22:15:18] INFO: [Decision] ACCEPT: Strong margin hold (12.7%)
[2025-10-21 22:15:18] INFO: [Recognition] Scores: S12313 - ma=0.774 S13234 - Jin_Rae=0.882 
[2025-10-21 22:15:18] INFO: [Decision] Best=S13234 - Jin_Rae(0.882), 2nd=0.774, Discriminative=0.727, AvgNeg=0.774
[2025-10-21 22:15:18] INFO: [Thresholds] Abs=0.613, Margin=0.113(12.8%), RelMargin=12.3%, Tightness=0.869, StdDev=0.027
[2025-10-21 22:15:18] INFO: [Decision] ACCEPT: Strong margin hold (12.3%)
[2025-10-21 22:15:19] INFO: [Recognition] Scores: S12313 - ma=0.781 S13234 - Jin_Rae=0.886 
[2025-10-21 22:15:19] INFO: [Decision] Best=S13234 - Jin_Rae(0.886), 2nd=0.781, Discriminative=0.730, AvgNeg=0.781
[2025-10-21 22:15:19] INFO: [Thresholds] Abs=0.613, Margin=0.113(12.8%), RelMargin=11.9%, Tightness=0.869, StdDev=0.027
[2025-10-21 22:15:19] INFO: [Decision] ACCEPT: Consistency override (7/7 frames)
[2025-10-21 22:15:19] INFO: [Recognition] Scores: S12313 - ma=0.766 S13234 - Jin_Rae=0.879 
[2025-10-21 22:15:19] INFO: [Decision] Best=S13234 - Jin_Rae(0.879), 2nd=0.766, Discriminative=0.726, AvgNeg=0.766
[2025-10-21 22:15:19] INFO: [Thresholds] Abs=0.613, Margin=0.113(12.9%), RelMargin=12.8%, Tightness=0.869, StdDev=0.027
[2025-10-21 22:15:19] INFO: [Decision] ACCEPT: Strong margin hold (12.8%)
[2025-10-21 22:15:19] INFO: [Recognition] Scores: S12313 - ma=0.760 S13234 - Jin_Rae=0.874 
[2025-10-21 22:15:19] INFO: [Decision] Best=S13234 - Jin_Rae(0.874), 2nd=0.760, Discriminative=0.722, AvgNeg=0.760
[2025-10-21 22:15:19] INFO: [Thresholds] Abs=0.613, Margin=0.113(12.9%), RelMargin=13.1%, Tightness=0.869, StdDev=0.027
[2025-10-21 22:15:19] INFO: [Decision] ACCEPT: Primary thresholds met (abs + margin + relative)
[2025-10-21 22:15:19] INFO: [Recognition] Scores: S12313 - ma=0.803 S13234 - Jin_Rae=0.907 
[2025-10-21 22:15:19] INFO: [Decision] Best=S13234 - Jin_Rae(0.907), 2nd=0.803, Discriminative=0.746, AvgNeg=0.803
[2025-10-21 22:15:19] INFO: [Thresholds] Abs=0.613, Margin=0.113(12.5%), RelMargin=11.5%, Tightness=0.869, StdDev=0.027
[2025-10-21 22:15:19] INFO: [Decision] ACCEPT: Consistency override (7/7 frames)
[2025-10-21 22:15:19] INFO: [Recognition] Scores: S12313 - ma=0.768 S13234 - Jin_Rae=0.892 
[2025-10-21 22:15:19] INFO: [Decision] Best=S13234 - Jin_Rae(0.892), 2nd=0.768, Discriminative=0.738, AvgNeg=0.768
[2025-10-21 22:15:19] INFO: [Thresholds] Abs=0.613, Margin=0.113(12.7%), RelMargin=13.9%, Tightness=0.869, StdDev=0.027
[2025-10-21 22:15:19] INFO: [Decision] ACCEPT: Primary thresholds met (abs + margin + relative)
[2025-10-21 22:15:19] INFO: [Recognition] Scores: S12313 - ma=0.752 S13234 - Jin_Rae=0.879 
[2025-10-21 22:15:19] INFO: [Decision] Best=S13234 - Jin_Rae(0.879), 2nd=0.752, Discriminative=0.729, AvgNeg=0.752
[2025-10-21 22:15:19] INFO: [Thresholds] Abs=0.613, Margin=0.113(12.9%), RelMargin=14.5%, Tightness=0.869, StdDev=0.027
[2025-10-21 22:15:19] INFO: [Decision] ACCEPT: Primary thresholds met (abs + margin + relative)
[2025-10-21 22:15:19] INFO: [Recognition] Scores: S12313 - ma=0.724 S13234 - Jin_Rae=0.862 
[2025-10-21 22:15:19] INFO: [Decision] Best=S13234 - Jin_Rae(0.862), 2nd=0.724, Discriminative=0.717, AvgNeg=0.724
[2025-10-21 22:15:19] INFO: [Thresholds] Abs=0.613, Margin=0.113(13.1%), RelMargin=16.0%, Tightness=0.869, StdDev=0.027
[2025-10-21 22:15:19] INFO: [Decision] ACCEPT: Primary thresholds met (abs + margin + relative)
[2025-10-21 22:15:19] INFO: [Recognition] Scores: S12313 - ma=0.668 S13234 - Jin_Rae=0.824 
[2025-10-21 22:15:19] INFO: [Decision] Best=S13234 - Jin_Rae(0.824), 2nd=0.668, Discriminative=0.690, AvgNeg=0.668
[2025-10-21 22:15:19] INFO: [Thresholds] Abs=0.613, Margin=0.113(13.7%), RelMargin=18.9%, Tightness=0.869, StdDev=0.027
[2025-10-21 22:15:19] INFO: [Decision] ACCEPT: Primary thresholds met (abs + margin + relative)
[2025-10-21 22:15:20] INFO: [Recognition] Scores: S12313 - ma=0.640 S13234 - Jin_Rae=0.795 
[2025-10-21 22:15:20] INFO: [Decision] Best=S13234 - Jin_Rae(0.795), 2nd=0.640, Discriminative=0.667, AvgNeg=0.640
[2025-10-21 22:15:20] INFO: [Thresholds] Abs=0.613, Margin=0.113(14.2%), RelMargin=19.5%, Tightness=0.869, StdDev=0.027
[2025-10-21 22:15:20] INFO: [Decision] ACCEPT: Primary thresholds met (abs + margin + relative)
[2025-10-21 22:15:20] INFO: [Recognition] Scores: S12313 - ma=0.720 S13234 - Jin_Rae=0.846 
[2025-10-21 22:15:20] INFO: [Decision] Best=S13234 - Jin_Rae(0.846), 2nd=0.720, Discriminative=0.702, AvgNeg=0.720
[2025-10-21 22:15:20] INFO: [Thresholds] Abs=0.613, Margin=0.113(13.4%), RelMargin=14.8%, Tightness=0.869, StdDev=0.027
[2025-10-21 22:15:20] INFO: [Decision] ACCEPT: Primary thresholds met (abs + margin + relative)
[2025-10-21 22:15:20] INFO: [Recognition] Scores: S12313 - ma=0.648 S13234 - Jin_Rae=0.796 
[2025-10-21 22:15:20] INFO: [Decision] Best=S13234 - Jin_Rae(0.796), 2nd=0.648, Discriminative=0.667, AvgNeg=0.648
[2025-10-21 22:15:20] INFO: [Thresholds] Abs=0.613, Margin=0.113(14.2%), RelMargin=18.6%, Tightness=0.869, StdDev=0.027
[2025-10-21 22:15:20] INFO: [Decision] ACCEPT: Primary thresholds met (abs + margin + relative)
[2025-10-21 22:15:20] INFO: [Recognition] Scores: S12313 - ma=0.695 S13234 - Jin_Rae=0.812 
[2025-10-21 22:15:20] INFO: [Decision] Best=S13234 - Jin_Rae(0.812), 2nd=0.695, Discriminative=0.673, AvgNeg=0.695
[2025-10-21 22:15:20] INFO: [Thresholds] Abs=0.613, Margin=0.113(13.9%), RelMargin=14.5%, Tightness=0.869, StdDev=0.027
[2025-10-21 22:15:20] INFO: [Decision] ACCEPT: Primary thresholds met (abs + margin + relative)
[2025-10-21 22:15:20] INFO: [Recognition] Scores: S12313 - ma=0.788 S13234 - Jin_Rae=0.863 
[2025-10-21 22:15:20] INFO: [Decision] Best=S13234 - Jin_Rae(0.863), 2nd=0.788, Discriminative=0.706, AvgNeg=0.788
[2025-10-21 22:15:20] INFO: [Thresholds] Abs=0.613, Margin=0.113(13.1%), RelMargin=8.8%, Tightness=0.869, StdDev=0.027
[2025-10-21 22:15:20] INFO: [Decision] ACCEPT: Consistency override (7/7 frames)
[2025-10-21 22:15:20] INFO: [Recognition] Scores: S12313 - ma=0.743 S13234 - Jin_Rae=0.857 
[2025-10-21 22:15:20] INFO: [Decision] Best=S13234 - Jin_Rae(0.857), 2nd=0.743, Discriminative=0.709, AvgNeg=0.743
[2025-10-21 22:15:20] INFO: [Thresholds] Abs=0.613, Margin=0.113(13.2%), RelMargin=13.3%, Tightness=0.869, StdDev=0.027
[2025-10-21 22:15:20] INFO: [Decision] ACCEPT: Primary thresholds met (abs + margin + relative)
[2025-10-21 22:15:20] INFO: [Recognition] Scores: S12313 - ma=0.774 S13234 - Jin_Rae=0.880 
[2025-10-21 22:15:20] INFO: [Decision] Best=S13234 - Jin_Rae(0.880), 2nd=0.774, Discriminative=0.725, AvgNeg=0.774
[2025-10-21 22:15:20] INFO: [Thresholds] Abs=0.613, Margin=0.113(12.9%), RelMargin=12.0%, Tightness=0.869, StdDev=0.027
[2025-10-21 22:15:20] INFO: [Decision] ACCEPT: Consistency override (7/7 frames)
[2025-10-21 22:15:20] INFO: [Recognition] Scores: S12313 - ma=0.749 S13234 - Jin_Rae=0.870 
[2025-10-21 22:15:20] INFO: [Decision] Best=S13234 - Jin_Rae(0.870), 2nd=0.749, Discriminative=0.720, AvgNeg=0.749
[2025-10-21 22:15:20] INFO: [Thresholds] Abs=0.613, Margin=0.113(13.0%), RelMargin=14.0%, Tightness=0.869, StdDev=0.027
[2025-10-21 22:15:20] INFO: [Decision] ACCEPT: Primary thresholds met (abs + margin + relative)
[2025-10-21 22:15:21] INFO: [Recognition] Scores: S12313 - ma=0.819 S13234 - Jin_Rae=0.874 
[2025-10-21 22:15:21] INFO: [Decision] Best=S13234 - Jin_Rae(0.874), 2nd=0.819, Discriminative=0.710, AvgNeg=0.819
[2025-10-21 22:15:21] INFO: [Thresholds] Abs=0.613, Margin=0.113(12.9%), RelMargin=6.3%, Tightness=0.869, StdDev=0.027
[2025-10-21 22:15:21] INFO: [Decision] ACCEPT: Consistency override (7/7 frames)
[2025-10-21 22:15:21] INFO: [Recognition] Scores: S12313 - ma=0.807 S13234 - Jin_Rae=0.877 
[2025-10-21 22:15:21] INFO: [Decision] Best=S13234 - Jin_Rae(0.877), 2nd=0.807, Discriminative=0.716, AvgNeg=0.807
[2025-10-21 22:15:21] INFO: [Thresholds] Abs=0.613, Margin=0.113(12.9%), RelMargin=8.1%, Tightness=0.869, StdDev=0.027
[2025-10-21 22:15:21] INFO: [Decision] ACCEPT: Consistency override (7/7 frames)
[2025-10-21 22:15:21] INFO: Exiting Face Recognition Demo...
[2025-10-21 22:15:21] INFO: [Recognition] Scores: S12313 - ma=0.796 S13234 - Jin_Rae=0.874 
[2025-10-21 22:15:21] INFO: [Decision] Best=S13234 - Jin_Rae(0.874), 2nd=0.796, Discriminative=0.715, AvgNeg=0.796
[2025-10-21 22:15:21] INFO: [Thresholds] Abs=0.613, Margin=0.113(12.9%), RelMargin=9.0%, Tightness=0.869, StdDev=0.027
[2025-10-21 22:15:21] INFO: [Decision] ACCEPT: Consistency override (7/7 frames)
[2025-10-21 22:15:21] INFO: Exiting Face Recognition Demo...
