[2025-10-21 21:13:48] INFO: Application Logger Initialized.
[2025-10-21 21:13:48] INFO: Configuration loaded from file: C:\SMU\CS102 Project\FaceRecognitionCS102\app.properties
[2025-10-21 21:13:48] INFO: GUI launched successfully
[2025-10-21 21:13:52] INFO: ￢ﾜﾅ OpenFace nn4.small2.v1 model loaded successfully
[2025-10-21 21:13:52] INFO: FaceCaptureDialog created for student: Jin Rae
[2025-10-21 21:13:52] INFO: Dialog initialized
[2025-10-21 21:13:52] INFO: Starting camera preview...
[2025-10-21 21:13:52] INFO: Preview timer started at 20fps
[2025-10-21 21:13:55] INFO: Starting capture process...
[2025-10-21 21:13:55] INFO: Performing capture with target: 20
[2025-10-21 21:13:55] INFO: Debug: Capture process started
[2025-10-21 21:13:55] INFO: Debug: Image saved with confidence 1.00
[2025-10-21 21:13:56] INFO: Debug: Image saved with confidence 1.00
[2025-10-21 21:13:58] INFO: Debug: Image saved with confidence 1.00
[2025-10-21 21:13:59] INFO: Debug: Image saved with confidence 0.99
[2025-10-21 21:14:00] INFO: Debug: Image saved with confidence 0.98
[2025-10-21 21:14:02] INFO: Debug: Image saved with confidence 0.97
[2025-10-21 21:14:03] INFO: Debug: Image saved with confidence 0.98
[2025-10-21 21:14:04] INFO: Debug: Image saved with confidence 0.96
[2025-10-21 21:14:06] INFO: Debug: Image saved with confidence 0.97
[2025-10-21 21:14:07] INFO: Debug: Image saved with confidence 0.93
[2025-10-21 21:14:09] INFO: Debug: Image saved with confidence 1.00
[2025-10-21 21:14:10] INFO: Debug: Image saved with confidence 1.00
[2025-10-21 21:14:11] INFO: Debug: Image saved with confidence 1.00
[2025-10-21 21:14:13] INFO: Debug: Image saved with confidence 0.93
[2025-10-21 21:14:14] INFO: Debug: Image saved with confidence 0.93
[2025-10-21 21:14:15] INFO: Debug: Image saved with confidence 0.91
[2025-10-21 21:14:17] INFO: Debug: Image saved with confidence 0.91
[2025-10-21 21:14:18] INFO: Debug: Image saved with confidence 0.91
[2025-10-21 21:14:19] INFO: Debug: Image saved with confidence 0.89
[2025-10-21 21:14:21] INFO: Debug: Image saved with confidence 0.91
[2025-10-21 21:14:22] INFO: Debug: Capture process finished
[2025-10-21 21:14:22] INFO: Debug: Warning - Processing captured images...
[2025-10-21 21:14:22] INFO: ￢ﾜﾓ Saved embedding: S13234_001.emb
[2025-10-21 21:14:23] INFO: ￢ﾜﾓ Saved embedding: S13234_002.emb
[2025-10-21 21:14:23] INFO: ￢ﾜﾓ Saved embedding: S13234_003.emb
[2025-10-21 21:14:23] INFO: ￢ﾜﾓ Saved embedding: S13234_004.emb
[2025-10-21 21:14:23] INFO: ￢ﾜﾓ Saved embedding: S13234_005.emb
[2025-10-21 21:14:24] INFO: ￢ﾜﾓ Saved embedding: S13234_006.emb
[2025-10-21 21:14:24] INFO: ￢ﾜﾓ Saved embedding: S13234_007.emb
[2025-10-21 21:14:24] INFO: ￢ﾜﾓ Saved embedding: S13234_008.emb
[2025-10-21 21:14:25] INFO: ￢ﾜﾓ Saved embedding: S13234_009.emb
[2025-10-21 21:14:25] INFO: ￢ﾜﾓ Saved embedding: S13234_010.emb
[2025-10-21 21:14:25] INFO: ￢ﾜﾓ Saved embedding: S13234_011.emb
[2025-10-21 21:14:25] INFO: ￢ﾜﾓ Saved embedding: S13234_012.emb
[2025-10-21 21:14:26] INFO: ￢ﾜﾓ Saved embedding: S13234_013.emb
[2025-10-21 21:14:26] INFO: ￢ﾜﾓ Saved embedding: S13234_014.emb
[2025-10-21 21:14:26] INFO: ￢ﾜﾓ Saved embedding: S13234_015.emb
[2025-10-21 21:14:27] INFO: ￢ﾜﾓ Saved embedding: S13234_016.emb
[2025-10-21 21:14:27] INFO: ￢ﾜﾓ Saved embedding: S13234_017.emb
[2025-10-21 21:14:27] INFO: ￢ﾜﾓ Saved embedding: S13234_018.emb
[2025-10-21 21:14:27] INFO: ￢ﾜﾓ Saved embedding: S13234_019.emb
[2025-10-21 21:14:28] INFO: ￢ﾜﾓ Saved embedding: S13234_020.emb
[2025-10-21 21:14:28] INFO: Embedding generation complete: 20/20 successful
[2025-10-21 21:14:28] INFO:   Outlier detected: index=16, avgSim=0.7704, threshold=0.8096
[2025-10-21 21:14:28] INFO: Debug: Warning - Analyzing embedding quality...
[2025-10-21 21:14:28] INFO:   ￢ﾜﾗ Deleted outlier embedding: S13234_017.emb
[2025-10-21 21:14:28] INFO:   ￢ﾜﾗ Deleted outlier image: S13234_017.png
[2025-10-21 21:14:28] INFO: ￢ﾜﾓ Auto-removed 1 outlier embedding(s)
[2025-10-21 21:14:28] INFO: Debug: Warning - Removed 1 low-quality image(s) automatically
[2025-10-21 21:14:28] INFO: Capture result: true - Successfully captured 20 high-quality face images
[2025-10-21 21:14:30] INFO: Debug: All images captured successfully
[2025-10-21 21:14:31] INFO: Disposing FaceCaptureDialog...
[2025-10-21 21:14:31] INFO: Preview timer stopped
[2025-10-21 21:14:31] INFO: Face detection resources released
