[2025-10-17 17:41:19] INFO: Application Logger Initialized.
[2025-10-17 17:41:19] INFO: Configuration loaded from file: C:\SMU\CS102 Project\FaceRecognitionCS102\app.properties
[2025-10-17 17:41:19] INFO: Face embedding model loaded successfully from: C:\SMU\CS102 Project\FaceRecognitionCS102\data\resources\openface.nn4.small2.v1.t7
[2025-10-17 17:41:19] INFO: StudentManager initialized successfully
[2025-10-17 17:41:21] INFO: GUI launched successfully
[2025-10-17 17:41:29] INFO: Face embedding model loaded successfully from: C:\SMU\CS102 Project\FaceRecognitionCS102\data\resources\openface.nn4.small2.v1.t7
[2025-10-17 17:41:29] INFO: FaceCaptureDialog created for student: Jin Rae
[2025-10-17 17:41:29] INFO: Dialog initialized
[2025-10-17 17:41:29] INFO: Starting camera preview...
[2025-10-17 17:41:29] INFO: Preview timer started
[2025-10-17 17:41:29] INFO: Frame received: 640x480
[2025-10-17 17:41:29] INFO: Debug: 2 face(s) detected, best confidence: 1.00
[2025-10-17 17:41:29] INFO: Frame received: 640x480
[2025-10-17 17:41:30] INFO: Debug: 2 face(s) detected, best confidence: 1.00
[2025-10-17 17:41:30] INFO: Frame received: 640x480
[2025-10-17 17:41:30] INFO: Debug: 2 face(s) detected, best confidence: 1.00
[2025-10-17 17:41:30] INFO: Frame received: 640x480
[2025-10-17 17:41:30] INFO: Debug: 2 face(s) detected, best confidence: 1.00
[2025-10-17 17:41:30] INFO: Frame received: 640x480
[2025-10-17 17:41:30] INFO: Debug: 2 face(s) detected, best confidence: 1.00
[2025-10-17 17:41:30] INFO: Frame received: 640x480
[2025-10-17 17:41:30] INFO: Debug: 2 face(s) detected, best confidence: 1.00
[2025-10-17 17:41:30] INFO: Frame received: 640x480
[2025-10-17 17:41:30] INFO: Debug: 2 face(s) detected, best confidence: 1.00
[2025-10-17 17:41:30] INFO: Frame received: 640x480
[2025-10-17 17:41:31] INFO: Debug: 2 face(s) detected, best confidence: 1.00
[2025-10-17 17:41:31] INFO: Frame received: 640x480
[2025-10-17 17:41:31] INFO: Debug: 2 face(s) detected, best confidence: 1.00
[2025-10-17 17:41:31] INFO: Frame received: 640x480
[2025-10-17 17:41:31] INFO: Debug: 2 face(s) detected, best confidence: 1.00
[2025-10-17 17:41:31] INFO: Frame received: 640x480
[2025-10-17 17:41:31] INFO: Debug: 2 face(s) detected, best confidence: 1.00
[2025-10-17 17:41:31] INFO: Frame received: 640x480
[2025-10-17 17:41:31] INFO: Debug: 2 face(s) detected, best confidence: 1.00
[2025-10-17 17:41:31] INFO: Frame received: 640x480
[2025-10-17 17:41:31] INFO: Debug: 2 face(s) detected, best confidence: 1.00
[2025-10-17 17:41:31] INFO: Frame received: 640x480
[2025-10-17 17:41:32] INFO: Debug: 2 face(s) detected, best confidence: 1.00
[2025-10-17 17:41:32] INFO: Frame received: 640x480
[2025-10-17 17:41:32] INFO: Debug: 2 face(s) detected, best confidence: 1.00
[2025-10-17 17:41:32] INFO: Frame received: 640x480
[2025-10-17 17:41:32] INFO: Debug: 2 face(s) detected, best confidence: 1.00
[2025-10-17 17:41:32] INFO: Frame received: 640x480
[2025-10-17 17:41:32] INFO: Debug: 2 face(s) detected, best confidence: 0.98
[2025-10-17 17:41:32] INFO: Frame received: 640x480
[2025-10-17 17:41:32] INFO: Debug: 2 face(s) detected, best confidence: 0.83
[2025-10-17 17:41:32] INFO: Frame received: 640x480
[2025-10-17 17:41:32] INFO: Debug: 2 face(s) detected, best confidence: 0.83
[2025-10-17 17:41:32] INFO: Frame received: 640x480
[2025-10-17 17:41:32] INFO: Debug: 2 face(s) detected, best confidence: 0.83
[2025-10-17 17:41:32] INFO: Frame received: 640x480
[2025-10-17 17:41:32] INFO: Debug: No faces detected this frame
[2025-10-17 17:41:32] INFO: Frame received: 640x480
[2025-10-17 17:41:32] INFO: Debug: No faces detected this frame
[2025-10-17 17:41:32] INFO: Frame received: 640x480
[2025-10-17 17:41:33] INFO: Debug: No faces detected this frame
[2025-10-17 17:41:33] INFO: Frame received: 640x480
[2025-10-17 17:41:33] INFO: Debug: No faces detected this frame
[2025-10-17 17:41:33] INFO: Frame received: 640x480
[2025-10-17 17:41:33] INFO: Debug: No faces detected this frame
[2025-10-17 17:41:33] INFO: Frame received: 640x480
[2025-10-17 17:41:33] INFO: Debug: No faces detected this frame
[2025-10-17 17:41:33] INFO: Frame received: 640x480
[2025-10-17 17:41:33] INFO: Debug: No faces detected this frame
[2025-10-17 17:41:33] INFO: Frame received: 640x480
[2025-10-17 17:41:34] INFO: Debug: No faces detected this frame
[2025-10-17 17:41:34] INFO: Frame received: 640x480
[2025-10-17 17:41:34] INFO: Debug: No faces detected this frame
[2025-10-17 17:41:34] INFO: Frame received: 640x480
[2025-10-17 17:41:34] INFO: Debug: 1 face(s) detected, best confidence: 0.63
[2025-10-17 17:41:34] INFO: Frame received: 640x480
[2025-10-17 17:41:34] INFO: Debug: 1 face(s) detected, best confidence: 0.63
[2025-10-17 17:41:34] INFO: Frame received: 640x480
[2025-10-17 17:41:34] INFO: Debug: 1 face(s) detected, best confidence: 0.54
[2025-10-17 17:41:34] INFO: Frame received: 640x480
[2025-10-17 17:41:34] INFO: Debug: 1 face(s) detected, best confidence: 0.54
[2025-10-17 17:41:34] INFO: Frame received: 640x480
[2025-10-17 17:41:34] INFO: Debug: 1 face(s) detected, best confidence: 0.77
[2025-10-17 17:41:34] INFO: Frame received: 640x480
[2025-10-17 17:41:34] INFO: Debug: 1 face(s) detected, best confidence: 0.85
[2025-10-17 17:41:34] INFO: Frame received: 640x480
[2025-10-17 17:41:34] INFO: Debug: 1 face(s) detected, best confidence: 0.87
[2025-10-17 17:41:34] INFO: Frame received: 640x480
[2025-10-17 17:41:35] INFO: Debug: 1 face(s) detected, best confidence: 0.89
[2025-10-17 17:41:35] INFO: Frame received: 640x480
[2025-10-17 17:41:35] INFO: Debug: 1 face(s) detected, best confidence: 0.93
[2025-10-17 17:41:35] INFO: Frame received: 640x480
[2025-10-17 17:41:35] INFO: Debug: 1 face(s) detected, best confidence: 0.96
[2025-10-17 17:41:35] INFO: Frame received: 640x480
[2025-10-17 17:41:35] INFO: Debug: 1 face(s) detected, best confidence: 0.97
[2025-10-17 17:41:35] INFO: Frame received: 640x480
[2025-10-17 17:41:35] INFO: Debug: 1 face(s) detected, best confidence: 0.98
[2025-10-17 17:41:35] INFO: Frame received: 640x480
[2025-10-17 17:41:35] INFO: Debug: 1 face(s) detected, best confidence: 0.99
[2025-10-17 17:41:35] INFO: Frame received: 640x480
[2025-10-17 17:41:35] INFO: Debug: 1 face(s) detected, best confidence: 0.99
[2025-10-17 17:41:35] INFO: Frame received: 640x480
[2025-10-17 17:41:35] INFO: Debug: 1 face(s) detected, best confidence: 1.00
[2025-10-17 17:41:35] INFO: Frame received: 640x480
[2025-10-17 17:41:35] INFO: Debug: 1 face(s) detected, best confidence: 1.00
[2025-10-17 17:41:35] INFO: Frame received: 640x480
[2025-10-17 17:41:36] INFO: Debug: 1 face(s) detected, best confidence: 1.00
[2025-10-17 17:41:36] INFO: Frame received: 640x480
[2025-10-17 17:41:36] INFO: Debug: 1 face(s) detected, best confidence: 1.00
[2025-10-17 17:41:36] INFO: Frame received: 640x480
[2025-10-17 17:41:36] INFO: Debug: 1 face(s) detected, best confidence: 1.00
[2025-10-17 17:41:36] INFO: Frame received: 640x480
[2025-10-17 17:41:36] INFO: Debug: 1 face(s) detected, best confidence: 1.00
[2025-10-17 17:41:36] INFO: Frame received: 640x480
[2025-10-17 17:41:36] INFO: Debug: 1 face(s) detected, best confidence: 1.00
[2025-10-17 17:41:36] INFO: Frame received: 640x480
[2025-10-17 17:41:36] INFO: Debug: 1 face(s) detected, best confidence: 1.00
[2025-10-17 17:41:36] INFO: Frame received: 640x480
[2025-10-17 17:41:36] INFO: Debug: 1 face(s) detected, best confidence: 0.99
[2025-10-17 17:41:36] INFO: Frame received: 640x480
[2025-10-17 17:41:36] INFO: Debug: 1 face(s) detected, best confidence: 1.00
[2025-10-17 17:41:36] INFO: Frame received: 640x480
[2025-10-17 17:41:37] INFO: Debug: 1 face(s) detected, best confidence: 1.00
[2025-10-17 17:41:37] INFO: Frame received: 640x480
[2025-10-17 17:41:37] INFO: Debug: 1 face(s) detected, best confidence: 1.00
[2025-10-17 17:41:37] INFO: Frame received: 640x480
[2025-10-17 17:41:37] INFO: Debug: 1 face(s) detected, best confidence: 1.00
[2025-10-17 17:41:37] INFO: Frame received: 640x480
[2025-10-17 17:41:37] INFO: Debug: 1 face(s) detected, best confidence: 1.00
[2025-10-17 17:41:37] INFO: Frame received: 640x480
[2025-10-17 17:41:37] INFO: Debug: 1 face(s) detected, best confidence: 1.00
[2025-10-17 17:41:37] INFO: Frame received: 640x480
[2025-10-17 17:41:37] INFO: Debug: 1 face(s) detected, best confidence: 1.00
[2025-10-17 17:41:37] INFO: Frame received: 640x480
[2025-10-17 17:41:37] INFO: Debug: 1 face(s) detected, best confidence: 1.00
[2025-10-17 17:41:37] INFO: Frame received: 640x480
[2025-10-17 17:41:37] INFO: Debug: 1 face(s) detected, best confidence: 1.00
[2025-10-17 17:41:37] INFO: Frame received: 640x480
[2025-10-17 17:41:38] INFO: Debug: 1 face(s) detected, best confidence: 1.00
[2025-10-17 17:41:38] INFO: Frame received: 640x480
[2025-10-17 17:41:38] INFO: Debug: 1 face(s) detected, best confidence: 1.00
[2025-10-17 17:41:38] INFO: Frame received: 640x480
[2025-10-17 17:41:38] INFO: Debug: 1 face(s) detected, best confidence: 1.00
[2025-10-17 17:41:38] INFO: Frame received: 640x480
[2025-10-17 17:41:38] INFO: Debug: 1 face(s) detected, best confidence: 1.00
[2025-10-17 17:41:38] INFO: Frame received: 640x480
[2025-10-17 17:41:38] INFO: Debug: 1 face(s) detected, best confidence: 1.00
[2025-10-17 17:41:38] INFO: Frame received: 640x480
[2025-10-17 17:41:38] INFO: Debug: 1 face(s) detected, best confidence: 1.00
[2025-10-17 17:41:38] INFO: Starting capture process...
[2025-10-17 17:41:38] INFO: Performing capture with target: 15
[2025-10-17 17:41:38] INFO: Debug: Capture process started
[2025-10-17 17:41:38] INFO: Frame received: 640x480
[2025-10-17 17:41:38] INFO: Debug: 1 face(s) detected, best confidence: 1.00
[2025-10-17 17:41:38] INFO: Debug: Image saved with confidence 1.00
[2025-10-17 17:41:38] INFO: Frame received: 640x480
[2025-10-17 17:41:39] INFO: Debug: 1 face(s) detected, best confidence: 1.00
[2025-10-17 17:41:39] INFO: Frame received: 640x480
[2025-10-17 17:41:39] INFO: Debug: 1 face(s) detected, best confidence: 1.00
[2025-10-17 17:41:39] INFO: Frame received: 640x480
[2025-10-17 17:41:39] INFO: Debug: 1 face(s) detected, best confidence: 1.00
[2025-10-17 17:41:39] INFO: Frame received: 640x480
[2025-10-17 17:41:39] INFO: Debug: 1 face(s) detected, best confidence: 1.00
[2025-10-17 17:41:39] INFO: Frame received: 640x480
[2025-10-17 17:41:39] INFO: Debug: 1 face(s) detected, best confidence: 1.00
[2025-10-17 17:41:39] INFO: Frame received: 640x480
[2025-10-17 17:41:39] INFO: Debug: 1 face(s) detected, best confidence: 1.00
[2025-10-17 17:41:39] INFO: Frame received: 640x480
[2025-10-17 17:41:39] INFO: Debug: 1 face(s) detected, best confidence: 1.00
[2025-10-17 17:41:39] INFO: Frame received: 640x480
[2025-10-17 17:41:40] INFO: Debug: 1 face(s) detected, best confidence: 0.85
[2025-10-17 17:41:40] INFO: Debug: Image saved with confidence 0.85
[2025-10-17 17:41:40] INFO: Frame received: 640x480
[2025-10-17 17:41:40] INFO: Debug: 1 face(s) detected, best confidence: 1.00
[2025-10-17 17:41:40] INFO: Frame received: 640x480
[2025-10-17 17:41:40] INFO: Debug: 1 face(s) detected, best confidence: 1.00
[2025-10-17 17:41:40] INFO: Frame received: 640x480
[2025-10-17 17:41:40] INFO: Debug: 1 face(s) detected, best confidence: 1.00
[2025-10-17 17:41:40] INFO: Frame received: 640x480
[2025-10-17 17:41:40] INFO: Debug: 1 face(s) detected, best confidence: 1.00
[2025-10-17 17:41:40] INFO: Frame received: 640x480
[2025-10-17 17:41:41] INFO: Debug: 1 face(s) detected, best confidence: 1.00
[2025-10-17 17:41:41] INFO: Debug: Image saved with confidence 1.00
[2025-10-17 17:41:41] INFO: Frame received: 640x480
[2025-10-17 17:41:41] INFO: Debug: 1 face(s) detected, best confidence: 1.00
[2025-10-17 17:41:41] INFO: Frame received: 640x480
[2025-10-17 17:41:41] INFO: Debug: 1 face(s) detected, best confidence: 1.00
[2025-10-17 17:41:41] INFO: Frame received: 640x480
[2025-10-17 17:41:41] INFO: Debug: 1 face(s) detected, best confidence: 1.00
[2025-10-17 17:41:41] INFO: Frame received: 640x480
[2025-10-17 17:41:41] INFO: Debug: 1 face(s) detected, best confidence: 1.00
[2025-10-17 17:41:41] INFO: Frame received: 640x480
[2025-10-17 17:41:41] INFO: Debug: 1 face(s) detected, best confidence: 1.00
[2025-10-17 17:41:41] INFO: Frame received: 640x480
[2025-10-17 17:41:41] INFO: Debug: 1 face(s) detected, best confidence: 1.00
[2025-10-17 17:41:41] INFO: Frame received: 640x480
[2025-10-17 17:41:42] INFO: Debug: 1 face(s) detected, best confidence: 1.00
[2025-10-17 17:41:42] INFO: Frame received: 640x480
[2025-10-17 17:41:42] INFO: Debug: 1 face(s) detected, best confidence: 0.85
[2025-10-17 17:41:42] INFO: Debug: Image saved with confidence 0.85
[2025-10-17 17:41:42] INFO: Frame received: 640x480
[2025-10-17 17:41:42] INFO: Debug: 1 face(s) detected, best confidence: 1.00
[2025-10-17 17:41:42] INFO: Frame received: 640x480
[2025-10-17 17:41:42] INFO: Debug: 1 face(s) detected, best confidence: 1.00
[2025-10-17 17:41:42] INFO: Frame received: 640x480
[2025-10-17 17:41:42] INFO: Debug: 1 face(s) detected, best confidence: 1.00
[2025-10-17 17:41:42] INFO: Frame received: 640x480
[2025-10-17 17:41:42] INFO: Debug: 1 face(s) detected, best confidence: 1.00
[2025-10-17 17:41:42] INFO: Frame received: 640x480
[2025-10-17 17:41:42] INFO: Debug: 1 face(s) detected, best confidence: 1.00
[2025-10-17 17:41:42] INFO: Frame received: 640x480
[2025-10-17 17:41:42] INFO: Debug: 1 face(s) detected, best confidence: 1.00
[2025-10-17 17:41:42] INFO: Frame received: 640x480
[2025-10-17 17:41:43] INFO: Debug: 1 face(s) detected, best confidence: 1.00
[2025-10-17 17:41:43] INFO: Frame received: 640x480
[2025-10-17 17:41:43] INFO: Debug: 1 face(s) detected, best confidence: 1.00
[2025-10-17 17:41:43] INFO: Frame received: 640x480
[2025-10-17 17:41:43] INFO: Debug: 1 face(s) detected, best confidence: 1.00
[2025-10-17 17:41:43] INFO: Frame received: 640x480
[2025-10-17 17:41:43] INFO: Debug: 1 face(s) detected, best confidence: 1.00
[2025-10-17 17:41:43] INFO: Debug: Image saved with confidence 1.00
[2025-10-17 17:41:43] INFO: Frame received: 640x480
[2025-10-17 17:41:43] INFO: Debug: 1 face(s) detected, best confidence: 1.00
[2025-10-17 17:41:43] INFO: Frame received: 640x480
[2025-10-17 17:41:43] INFO: Debug: 1 face(s) detected, best confidence: 1.00
[2025-10-17 17:41:43] INFO: Frame received: 640x480
[2025-10-17 17:41:43] INFO: Debug: 1 face(s) detected, best confidence: 1.00
[2025-10-17 17:41:43] INFO: Frame received: 640x480
[2025-10-17 17:41:43] INFO: Debug: 1 face(s) detected, best confidence: 1.00
[2025-10-17 17:41:43] INFO: Frame received: 640x480
[2025-10-17 17:41:43] INFO: Debug: 1 face(s) detected, best confidence: 1.00
[2025-10-17 17:41:44] INFO: Frame received: 640x480
[2025-10-17 17:41:44] INFO: Debug: 1 face(s) detected, best confidence: 1.00
[2025-10-17 17:41:44] INFO: Frame received: 640x480
[2025-10-17 17:41:44] INFO: Debug: 1 face(s) detected, best confidence: 0.85
[2025-10-17 17:41:44] INFO: Debug: Image saved with confidence 0.85
[2025-10-17 17:41:44] INFO: Frame received: 640x480
[2025-10-17 17:41:44] INFO: Debug: 1 face(s) detected, best confidence: 1.00
[2025-10-17 17:41:44] INFO: Frame received: 640x480
[2025-10-17 17:41:44] INFO: Debug: 1 face(s) detected, best confidence: 1.00
[2025-10-17 17:41:44] INFO: Frame received: 640x480
[2025-10-17 17:41:44] INFO: Debug: 1 face(s) detected, best confidence: 1.00
[2025-10-17 17:41:45] INFO: Frame received: 640x480
[2025-10-17 17:41:45] INFO: Debug: 1 face(s) detected, best confidence: 1.00
[2025-10-17 17:41:45] INFO: Frame received: 640x480
[2025-10-17 17:41:45] INFO: Debug: 1 face(s) detected, best confidence: 1.00
[2025-10-17 17:41:45] INFO: Debug: Image saved with confidence 1.00
[2025-10-17 17:41:45] INFO: Frame received: 640x480
[2025-10-17 17:41:45] INFO: Debug: 1 face(s) detected, best confidence: 1.00
[2025-10-17 17:41:45] INFO: Frame received: 640x480
[2025-10-17 17:41:45] INFO: Debug: 1 face(s) detected, best confidence: 1.00
[2025-10-17 17:41:45] INFO: Frame received: 640x480
[2025-10-17 17:41:45] INFO: Debug: 1 face(s) detected, best confidence: 1.00
[2025-10-17 17:41:45] INFO: Frame received: 640x480
[2025-10-17 17:41:45] INFO: Debug: 1 face(s) detected, best confidence: 1.00
[2025-10-17 17:41:46] INFO: Frame received: 640x480
[2025-10-17 17:41:46] INFO: Debug: 1 face(s) detected, best confidence: 1.00
[2025-10-17 17:41:46] INFO: Frame received: 640x480
[2025-10-17 17:41:46] INFO: Debug: 1 face(s) detected, best confidence: 1.00
[2025-10-17 17:41:46] INFO: Frame received: 640x480
[2025-10-17 17:41:46] INFO: Debug: 1 face(s) detected, best confidence: 1.00
[2025-10-17 17:41:46] INFO: Debug: Image saved with confidence 1.00
[2025-10-17 17:41:46] INFO: Frame received: 640x480
[2025-10-17 17:41:46] INFO: Debug: 1 face(s) detected, best confidence: 1.00
[2025-10-17 17:41:46] INFO: Frame received: 640x480
[2025-10-17 17:41:46] INFO: Debug: 1 face(s) detected, best confidence: 0.99
[2025-10-17 17:41:46] INFO: Frame received: 640x480
[2025-10-17 17:41:46] INFO: Debug: 1 face(s) detected, best confidence: 0.99
[2025-10-17 17:41:47] INFO: Frame received: 640x480
[2025-10-17 17:41:47] INFO: Debug: 1 face(s) detected, best confidence: 0.98
[2025-10-17 17:41:47] INFO: Frame received: 640x480
[2025-10-17 17:41:47] INFO: Debug: 1 face(s) detected, best confidence: 0.98
[2025-10-17 17:41:47] INFO: Frame received: 640x480
[2025-10-17 17:41:47] INFO: Debug: 1 face(s) detected, best confidence: 0.98
[2025-10-17 17:41:47] INFO: Frame received: 640x480
[2025-10-17 17:41:47] INFO: Debug: 1 face(s) detected, best confidence: 0.98
[2025-10-17 17:41:47] INFO: Debug: Image saved with confidence 0.98
[2025-10-17 17:41:47] INFO: Frame received: 640x480
[2025-10-17 17:41:47] INFO: Debug: 1 face(s) detected, best confidence: 0.98
[2025-10-17 17:41:47] INFO: Frame received: 640x480
[2025-10-17 17:41:47] INFO: Debug: 1 face(s) detected, best confidence: 0.98
[2025-10-17 17:41:47] INFO: Frame received: 640x480
[2025-10-17 17:41:47] INFO: Debug: 1 face(s) detected, best confidence: 0.98
[2025-10-17 17:41:47] INFO: Frame received: 640x480
[2025-10-17 17:41:48] INFO: Debug: 1 face(s) detected, best confidence: 0.98
[2025-10-17 17:41:48] INFO: Frame received: 640x480
[2025-10-17 17:41:48] INFO: Debug: 1 face(s) detected, best confidence: 0.98
[2025-10-17 17:41:48] INFO: Frame received: 640x480
[2025-10-17 17:41:48] INFO: Debug: 1 face(s) detected, best confidence: 0.98
[2025-10-17 17:41:48] INFO: Frame received: 640x480
[2025-10-17 17:41:48] INFO: Debug: 1 face(s) detected, best confidence: 0.98
[2025-10-17 17:41:48] INFO: Frame received: 640x480
[2025-10-17 17:41:48] INFO: Debug: 1 face(s) detected, best confidence: 0.98
[2025-10-17 17:41:48] INFO: Debug: Image saved with confidence 0.98
[2025-10-17 17:41:48] INFO: Frame received: 640x480
[2025-10-17 17:41:48] INFO: Debug: 1 face(s) detected, best confidence: 0.98
[2025-10-17 17:41:48] INFO: Frame received: 640x480
[2025-10-17 17:41:48] INFO: Debug: 1 face(s) detected, best confidence: 0.99
[2025-10-17 17:41:48] INFO: Frame received: 640x480
[2025-10-17 17:41:48] INFO: Debug: 1 face(s) detected, best confidence: 0.99
[2025-10-17 17:41:48] INFO: Frame received: 640x480
[2025-10-17 17:41:48] INFO: Debug: 1 face(s) detected, best confidence: 0.99
[2025-10-17 17:41:48] INFO: Frame received: 640x480
[2025-10-17 17:41:49] INFO: Debug: 1 face(s) detected, best confidence: 0.99
[2025-10-17 17:41:49] INFO: Frame received: 640x480
[2025-10-17 17:41:49] INFO: Debug: 1 face(s) detected, best confidence: 0.99
[2025-10-17 17:41:49] INFO: Frame received: 640x480
[2025-10-17 17:41:49] INFO: Debug: 1 face(s) detected, best confidence: 0.99
[2025-10-17 17:41:49] INFO: Frame received: 640x480
[2025-10-17 17:41:49] INFO: Debug: 2 face(s) detected, best confidence: 1.00
[2025-10-17 17:41:49] INFO: Debug: Image saved with confidence 1.00
[2025-10-17 17:41:49] INFO: Frame received: 640x480
[2025-10-17 17:41:49] INFO: Debug: 1 face(s) detected, best confidence: 0.92
[2025-10-17 17:41:49] INFO: Frame received: 640x480
[2025-10-17 17:41:50] INFO: Debug: 1 face(s) detected, best confidence: 0.95
[2025-10-17 17:41:50] INFO: Frame received: 640x480
[2025-10-17 17:41:50] INFO: Debug: 1 face(s) detected, best confidence: 0.97
[2025-10-17 17:41:50] INFO: Frame received: 640x480
[2025-10-17 17:41:50] INFO: Debug: 1 face(s) detected, best confidence: 0.98
[2025-10-17 17:41:50] INFO: Frame received: 640x480
[2025-10-17 17:41:50] INFO: Debug: 1 face(s) detected, best confidence: 0.99
[2025-10-17 17:41:50] INFO: Debug: Image saved with confidence 0.99
[2025-10-17 17:41:50] INFO: Frame received: 640x480
[2025-10-17 17:41:50] INFO: Debug: 1 face(s) detected, best confidence: 0.99
[2025-10-17 17:41:50] INFO: Frame received: 640x480
[2025-10-17 17:41:51] INFO: Debug: 1 face(s) detected, best confidence: 1.00
[2025-10-17 17:41:51] INFO: Frame received: 640x480
[2025-10-17 17:41:51] INFO: Debug: 1 face(s) detected, best confidence: 1.00
[2025-10-17 17:41:51] INFO: Frame received: 640x480
[2025-10-17 17:41:51] INFO: Debug: 1 face(s) detected, best confidence: 1.00
[2025-10-17 17:41:51] INFO: Frame received: 640x480
[2025-10-17 17:41:51] INFO: Debug: 1 face(s) detected, best confidence: 1.00
[2025-10-17 17:41:51] INFO: Frame received: 640x480
[2025-10-17 17:41:51] INFO: Debug: 1 face(s) detected, best confidence: 1.00
[2025-10-17 17:41:51] INFO: Frame received: 640x480
[2025-10-17 17:41:51] INFO: Debug: 1 face(s) detected, best confidence: 1.00
[2025-10-17 17:41:51] INFO: Frame received: 640x480
[2025-10-17 17:41:51] INFO: Debug: 1 face(s) detected, best confidence: 1.00
[2025-10-17 17:41:51] INFO: Debug: Image saved with confidence 0.99
[2025-10-17 17:41:51] INFO: Frame received: 640x480
[2025-10-17 17:41:52] INFO: Debug: 1 face(s) detected, best confidence: 0.99
[2025-10-17 17:41:52] INFO: Frame received: 640x480
[2025-10-17 17:41:52] INFO: Debug: 1 face(s) detected, best confidence: 0.99
[2025-10-17 17:41:52] INFO: Frame received: 640x480
[2025-10-17 17:41:52] INFO: Debug: 1 face(s) detected, best confidence: 0.98
[2025-10-17 17:41:52] INFO: Frame received: 640x480
[2025-10-17 17:41:52] INFO: Debug: 1 face(s) detected, best confidence: 0.97
[2025-10-17 17:41:52] INFO: Frame received: 640x480
[2025-10-17 17:41:52] INFO: Debug: 1 face(s) detected, best confidence: 0.98
[2025-10-17 17:41:52] INFO: Frame received: 640x480
[2025-10-17 17:41:52] INFO: Debug: 1 face(s) detected, best confidence: 0.98
[2025-10-17 17:41:52] INFO: Frame received: 640x480
[2025-10-17 17:41:52] INFO: Debug: 1 face(s) detected, best confidence: 0.98
[2025-10-17 17:41:52] INFO: Frame received: 640x480
[2025-10-17 17:41:52] INFO: Debug: 1 face(s) detected, best confidence: 0.84
[2025-10-17 17:41:52] INFO: Debug: Image saved with confidence 0.84
[2025-10-17 17:41:52] INFO: Frame received: 640x480
[2025-10-17 17:41:52] INFO: Debug: 1 face(s) detected, best confidence: 0.99
[2025-10-17 17:41:53] INFO: Frame received: 640x480
[2025-10-17 17:41:53] INFO: Debug: 1 face(s) detected, best confidence: 0.99
[2025-10-17 17:41:53] INFO: Frame received: 640x480
[2025-10-17 17:41:53] INFO: Debug: 1 face(s) detected, best confidence: 0.99
[2025-10-17 17:41:53] INFO: Frame received: 640x480
[2025-10-17 17:41:53] INFO: Debug: 1 face(s) detected, best confidence: 0.99
[2025-10-17 17:41:53] INFO: Frame received: 640x480
[2025-10-17 17:41:53] INFO: Debug: 1 face(s) detected, best confidence: 0.99
[2025-10-17 17:41:53] INFO: Frame received: 640x480
[2025-10-17 17:41:53] INFO: Debug: 1 face(s) detected, best confidence: 0.99
[2025-10-17 17:41:53] INFO: Debug: Image saved with confidence 0.99
[2025-10-17 17:41:54] INFO: Frame received: 640x480
[2025-10-17 17:41:54] INFO: Debug: 1 face(s) detected, best confidence: 0.99
[2025-10-17 17:41:54] INFO: Frame received: 640x480
[2025-10-17 17:41:54] INFO: Debug: 1 face(s) detected, best confidence: 0.99
[2025-10-17 17:41:54] INFO: Frame received: 640x480
[2025-10-17 17:41:54] INFO: Debug: 1 face(s) detected, best confidence: 1.00
[2025-10-17 17:41:54] INFO: Frame received: 640x480
[2025-10-17 17:41:54] INFO: Debug: 1 face(s) detected, best confidence: 1.00
[2025-10-17 17:41:54] INFO: Frame received: 640x480
[2025-10-17 17:41:54] INFO: Debug: 1 face(s) detected, best confidence: 1.00
[2025-10-17 17:41:54] INFO: Frame received: 640x480
[2025-10-17 17:41:54] INFO: Debug: 1 face(s) detected, best confidence: 1.00
[2025-10-17 17:41:54] INFO: Frame received: 640x480
[2025-10-17 17:41:54] INFO: Debug: 1 face(s) detected, best confidence: 1.00
[2025-10-17 17:41:54] INFO: Frame received: 640x480
[2025-10-17 17:41:55] INFO: Debug: 1 face(s) detected, best confidence: 1.00
[2025-10-17 17:41:55] INFO: Frame received: 640x480
[2025-10-17 17:41:55] INFO: Debug: 1 face(s) detected, best confidence: 1.00
[2025-10-17 17:41:55] INFO: Frame received: 640x480
[2025-10-17 17:41:55] INFO: Debug: 1 face(s) detected, best confidence: 1.00
[2025-10-17 17:41:55] INFO: Frame received: 640x480
[2025-10-17 17:41:55] INFO: Debug: 1 face(s) detected, best confidence: 1.00
[2025-10-17 17:41:55] INFO: Frame received: 640x480
[2025-10-17 17:41:55] INFO: Debug: 1 face(s) detected, best confidence: 1.00
[2025-10-17 17:41:55] INFO: Debug: Capture process finished
[2025-10-17 17:41:55] INFO: Capture result: true - Captured 15 images. Accepted 15, Rejected 0.
[2025-10-17 17:41:55] INFO: Frame received: 640x480
[2025-10-17 17:41:55] INFO: Debug: 1 face(s) detected, best confidence: 1.00
[2025-10-17 17:41:55] INFO: Frame received: 640x480
[2025-10-17 17:41:56] INFO: Debug: 1 face(s) detected, best confidence: 1.00
[2025-10-17 17:41:56] INFO: Frame received: 640x480
[2025-10-17 17:41:56] INFO: Debug: 1 face(s) detected, best confidence: 1.00
[2025-10-17 17:41:56] INFO: Frame received: 640x480
[2025-10-17 17:41:56] INFO: Debug: 1 face(s) detected, best confidence: 1.00
[2025-10-17 17:41:56] INFO: Frame received: 640x480
[2025-10-17 17:41:56] INFO: Debug: 1 face(s) detected, best confidence: 1.00
[2025-10-17 17:41:56] INFO: Frame received: 640x480
[2025-10-17 17:41:56] INFO: Debug: 1 face(s) detected, best confidence: 1.00
[2025-10-17 17:41:56] INFO: Frame received: 640x480
[2025-10-17 17:41:56] INFO: Debug: 1 face(s) detected, best confidence: 1.00
[2025-10-17 17:41:56] INFO: Frame received: 640x480
[2025-10-17 17:41:56] INFO: Debug: 1 face(s) detected, best confidence: 1.00
[2025-10-17 17:41:56] INFO: Frame received: 640x480
[2025-10-17 17:41:56] INFO: Debug: 1 face(s) detected, best confidence: 1.00
[2025-10-17 17:41:56] INFO: Frame received: 640x480
[2025-10-17 17:41:57] INFO: Debug: 1 face(s) detected, best confidence: 1.00
[2025-10-17 17:41:57] INFO: Frame received: 640x480
[2025-10-17 17:41:57] INFO: Debug: 1 face(s) detected, best confidence: 1.00
[2025-10-17 17:41:57] INFO: Debug: All images captured successfully
[2025-10-17 17:41:57] INFO: Frame received: 640x480
[2025-10-17 17:41:57] INFO: Debug: 1 face(s) detected, best confidence: 1.00
[2025-10-17 17:41:57] INFO: Frame received: 640x480
[2025-10-17 17:41:57] INFO: Debug: 1 face(s) detected, best confidence: 1.00
[2025-10-17 17:41:57] INFO: Frame received: 640x480
[2025-10-17 17:41:57] INFO: Debug: 1 face(s) detected, best confidence: 1.00
[2025-10-17 17:41:57] INFO: Frame received: 640x480
[2025-10-17 17:41:57] INFO: Debug: 1 face(s) detected, best confidence: 1.00
[2025-10-17 17:41:57] INFO: Frame received: 640x480
[2025-10-17 17:41:57] INFO: Debug: 1 face(s) detected, best confidence: 1.00
[2025-10-17 17:41:57] INFO: Frame received: 640x480
[2025-10-17 17:41:57] INFO: Debug: 1 face(s) detected, best confidence: 1.00
[2025-10-17 17:41:57] INFO: Frame received: 640x480
[2025-10-17 17:41:58] INFO: Debug: 1 face(s) detected, best confidence: 1.00
[2025-10-17 17:41:58] INFO: Frame received: 640x480
[2025-10-17 17:41:58] INFO: Debug: 1 face(s) detected, best confidence: 1.00
[2025-10-17 17:41:58] INFO: Frame received: 640x480
[2025-10-17 17:41:58] INFO: Debug: 1 face(s) detected, best confidence: 1.00
[2025-10-17 17:41:58] INFO: Disposing FaceCaptureDialog...
[2025-10-17 17:41:58] INFO: Preview timer stopped
[2025-10-17 17:41:59] INFO: Face detection resources released
