[2025-10-19 01:00:53] INFO: Application Logger Initialized.
[2025-10-19 01:00:53] INFO: Configuration loaded from file: C:\SMU\CS102 Project\FaceRecognitionCS102\app.properties
[2025-10-19 01:00:53] INFO: GUI launched successfully
[2025-10-19 01:00:58] INFO: Face embedding model loaded successfully
[2025-10-19 01:00:58] INFO: ￢ﾜﾓ Facial landmark detector (cascade-based) loaded successfully
[2025-10-19 01:00:58] INFO: FaceCaptureDialog created for student: Jin Rae
[2025-10-19 01:00:58] INFO: Dialog initialized
[2025-10-19 01:00:58] INFO: Starting camera preview...
[2025-10-19 01:00:58] INFO: Camera FPS: 30.0
[2025-10-19 01:00:58] INFO: Preview timer started
[2025-10-19 01:01:02] INFO: Starting capture process...
[2025-10-19 01:01:02] INFO: Performing capture with target: 15
[2025-10-19 01:01:02] INFO: Debug: Warning - Cleared 38 old files - starting fresh capture
[2025-10-19 01:01:02] INFO: Debug: Capture process started
[2025-10-19 01:01:02] INFO: Debug: Image saved with confidence 1.00
[2025-10-19 01:01:03] INFO: Debug: Warning - No face detected - please position your face in the camera view
[2025-10-19 01:01:03] INFO: Debug: Image saved with confidence 0.99
[2025-10-19 01:01:04] INFO: Debug: Image saved with confidence 0.99
[2025-10-19 01:01:05] INFO: Debug: Image saved with confidence 1.00
[2025-10-19 01:01:06] INFO: Debug: Image saved with confidence 1.00
[2025-10-19 01:01:06] INFO: Debug: Image saved with confidence 0.99
[2025-10-19 01:01:07] INFO: Debug: Image saved with confidence 0.56
[2025-10-19 01:01:08] INFO: Debug: Image saved with confidence 0.99
[2025-10-19 01:01:09] INFO: Debug: Image saved with confidence 0.99
[2025-10-19 01:01:10] INFO: Debug: Image saved with confidence 0.99
[2025-10-19 01:01:11] INFO: Debug: Image saved with confidence 0.99
[2025-10-19 01:01:12] INFO: Debug: Image saved with confidence 0.99
[2025-10-19 01:01:13] INFO: Debug: Image saved with confidence 0.99
[2025-10-19 01:01:14] INFO: Debug: Image saved with confidence 1.00
[2025-10-19 01:01:15] INFO: Debug: Image saved with confidence 1.00
[2025-10-19 01:01:16] INFO: Debug: Capture process finished
[2025-10-19 01:01:16] INFO: Debug: Processing captured images (quality check, landmarks, embeddings)...
[2025-10-19 01:01:16] INFO: Debug: Processing embedding 1/15
[2025-10-19 01:01:16] INFO: Debug: Processing embedding 2/15
[2025-10-19 01:01:16] INFO: Debug: Processing embedding 3/15
[2025-10-19 01:01:16] INFO: Debug: Processing embedding 4/15
[2025-10-19 01:01:17] INFO: Debug: Processing embedding 5/15
[2025-10-19 01:01:17] INFO: Debug: Processing embedding 6/15
[2025-10-19 01:01:17] INFO: Debug: Processing embedding 7/15
[2025-10-19 01:01:17] INFO: Debug: Processing embedding 8/15
[2025-10-19 01:01:17] INFO: Debug: Processing embedding 9/15
[2025-10-19 01:01:17] INFO: Debug: Processing embedding 10/15
[2025-10-19 01:01:17] INFO: Debug: Processing embedding 11/15
[2025-10-19 01:01:18] INFO: Debug: Processing embedding 12/15
[2025-10-19 01:01:18] INFO: Debug: Processing embedding 13/15
[2025-10-19 01:01:18] INFO: Debug: Processing embedding 14/15
[2025-10-19 01:01:18] INFO: Debug: Processing embedding 15/15
[2025-10-19 01:01:18] INFO: Debug: Embedding generation completed
[2025-10-19 01:01:18] INFO: Debug: Warning - Analyzing captured images for quality...
[2025-10-19 01:01:18] INFO: Capture result: true - Successfully captured 14 high-quality face images
[2025-10-19 01:01:18] INFO: Debug: Warning - Removed 1 outlier image(s) with low similarity (54.0% avg). Tightness improved: 0.857 ￢ﾆﾒ 0.906
[2025-10-19 01:01:20] INFO: Debug: All images captured successfully
[2025-10-19 01:01:26] INFO: Starting capture process...
[2025-10-19 01:01:26] INFO: Performing capture with target: 15
[2025-10-19 01:01:26] INFO: Debug: Warning - Cleared 28 old files - starting fresh capture
[2025-10-19 01:01:26] INFO: Debug: Capture process started
[2025-10-19 01:01:27] INFO: Debug: Image saved with confidence 0.96
[2025-10-19 01:01:27] INFO: Debug: Image saved with confidence 1.00
[2025-10-19 01:01:28] INFO: Debug: Image saved with confidence 1.00
[2025-10-19 01:01:29] INFO: Debug: Image saved with confidence 0.99
[2025-10-19 01:01:30] INFO: Debug: Image saved with confidence 0.99
[2025-10-19 01:01:31] INFO: Debug: Image saved with confidence 0.99
[2025-10-19 01:01:32] INFO: Debug: Image saved with confidence 0.92
[2025-10-19 01:01:33] INFO: Debug: Warning - No face detected - please position your face in the camera view
[2025-10-19 01:01:33] INFO: Debug: Warning - No face detected - please position your face in the camera view
[2025-10-19 01:01:33] INFO: Debug: Warning - No face detected - please position your face in the camera view
[2025-10-19 01:01:33] INFO: Debug: Image saved with confidence 77.46
[2025-10-19 01:01:34] INFO: Debug: Warning - No face detected - please position your face in the camera view
[2025-10-19 01:01:34] INFO: Debug: Warning - No face detected - please position your face in the camera view
[2025-10-19 01:01:34] INFO: Debug: Image saved with confidence 0.59
[2025-10-19 01:01:35] INFO: Debug: Warning - No face detected - please position your face in the camera view
[2025-10-19 01:01:35] INFO: Debug: Warning - No face detected - please position your face in the camera view
[2025-10-19 01:01:36] INFO: Debug: Warning - No face detected - please position your face in the camera view
[2025-10-19 01:01:36] INFO: Debug: Warning - No face detected - please position your face in the camera view
[2025-10-19 01:01:36] INFO: Debug: Warning - No face detected - please position your face in the camera view
[2025-10-19 01:01:36] INFO: Debug: Warning - No face detected - please position your face in the camera view
[2025-10-19 01:01:36] INFO: Debug: Warning - No face detected - please position your face in the camera view
[2025-10-19 01:01:36] INFO: Debug: Warning - No face detected - please position your face in the camera view
[2025-10-19 01:01:36] INFO: Debug: Image saved with confidence 0.96
[2025-10-19 01:01:37] INFO: Debug: Image saved with confidence 1.00
[2025-10-19 01:01:38] INFO: Debug: Image saved with confidence 1.00
[2025-10-19 01:01:39] INFO: Debug: Image saved with confidence 1.00
[2025-10-19 01:01:40] INFO: Debug: Image saved with confidence 1.00
[2025-10-19 01:01:41] INFO: Debug: Image saved with confidence 1.00
[2025-10-19 01:01:42] INFO: Debug: Capture process finished
[2025-10-19 01:01:42] INFO: Debug: Processing captured images (quality check, landmarks, embeddings)...
[2025-10-19 01:01:42] INFO: Debug: Processing embedding 1/15
[2025-10-19 01:01:42] INFO: Debug: Processing embedding 2/15
[2025-10-19 01:01:42] INFO: Debug: Processing embedding 3/15
[2025-10-19 01:01:42] INFO: Debug: Processing embedding 4/15
[2025-10-19 01:01:42] INFO: Debug: Processing embedding 5/15
[2025-10-19 01:01:42] INFO: Debug: Processing embedding 6/15
[2025-10-19 01:01:43] INFO: Debug: Processing embedding 7/15
[2025-10-19 01:01:43] INFO: Debug: Processing embedding 8/15
[2025-10-19 01:01:43] INFO: Debug: Processing embedding 9/15
[2025-10-19 01:01:43] INFO: Debug: Processing embedding 10/15
[2025-10-19 01:01:43] INFO: Debug: Processing embedding 11/15
[2025-10-19 01:01:43] INFO: Debug: Processing embedding 12/15
[2025-10-19 01:01:44] INFO: Debug: Processing embedding 13/15
[2025-10-19 01:01:44] INFO: Debug: Processing embedding 14/15
[2025-10-19 01:01:44] INFO: Debug: Processing embedding 15/15
[2025-10-19 01:01:44] INFO: Debug: Embedding generation completed
[2025-10-19 01:01:44] INFO: Capture result: true - Successfully captured 11 high-quality face images
[2025-10-19 01:01:44] INFO: Debug: Warning - Analyzing captured images for quality...
[2025-10-19 01:01:44] INFO: Debug: Warning - Removed 3 outlier image(s) with low similarity (54.7% avg). Tightness improved: 0.696 ￢ﾆﾒ 0.785
[2025-10-19 01:01:50] INFO: Debug: All images captured successfully
[2025-10-19 01:01:52] INFO: Disposing FaceCaptureDialog...
[2025-10-19 01:01:52] INFO: Preview timer stopped
[2025-10-19 01:01:52] INFO: Face detection resources released
[2025-10-19 01:01:59] INFO: Face embedding model loaded successfully
[2025-10-19 01:01:59] INFO: ￢ﾜﾓ Facial landmark detector (cascade-based) loaded successfully
[2025-10-19 01:01:59] INFO: FaceCaptureDialog created for student: Jin Rae
[2025-10-19 01:01:59] INFO: Dialog initialized
[2025-10-19 01:01:59] INFO: Starting camera preview...
[2025-10-19 01:01:59] INFO: Camera FPS: 30.0
[2025-10-19 01:01:59] INFO: Preview timer started
[2025-10-19 01:02:02] INFO: Starting capture process...
[2025-10-19 01:02:02] INFO: Performing capture with target: 15
[2025-10-19 01:02:02] INFO: Debug: Warning - Cleared 22 old files - starting fresh capture
[2025-10-19 01:02:02] INFO: Debug: Capture process started
[2025-10-19 01:02:02] INFO: Debug: Image saved with confidence 1.00
[2025-10-19 01:02:03] INFO: Debug: Image saved with confidence 0.99
[2025-10-19 01:02:04] INFO: Debug: Image saved with confidence 1.00
[2025-10-19 01:02:05] INFO: Debug: Image saved with confidence 1.00
[2025-10-19 01:02:06] INFO: Debug: Image saved with confidence 1.00
[2025-10-19 01:02:07] INFO: Debug: Image saved with confidence 1.00
[2025-10-19 01:02:08] INFO: Debug: Image saved with confidence 1.00
[2025-10-19 01:02:09] INFO: Debug: Image saved with confidence 1.00
[2025-10-19 01:02:10] INFO: Debug: Image saved with confidence 1.00
[2025-10-19 01:02:11] INFO: Debug: Image saved with confidence 0.61
[2025-10-19 01:02:11] INFO: Debug: Image saved with confidence 1.00
[2025-10-19 01:02:12] INFO: Debug: Image saved with confidence 1.00
[2025-10-19 01:02:13] INFO: Debug: Image saved with confidence 1.00
[2025-10-19 01:02:14] INFO: Debug: Image saved with confidence 0.69
[2025-10-19 01:02:15] INFO: Debug: Image saved with confidence 1.00
[2025-10-19 01:02:16] INFO: Debug: Capture process finished
[2025-10-19 01:02:16] INFO: Debug: Processing captured images (quality check, landmarks, embeddings)...
[2025-10-19 01:02:16] INFO: Debug: Processing embedding 1/15
[2025-10-19 01:02:16] INFO: Debug: Processing embedding 2/15
[2025-10-19 01:02:17] INFO: Debug: Processing embedding 3/15
[2025-10-19 01:02:17] INFO: Debug: Processing embedding 4/15
[2025-10-19 01:02:17] INFO: Debug: Processing embedding 5/15
[2025-10-19 01:02:17] INFO: Debug: Processing embedding 6/15
[2025-10-19 01:02:17] INFO: Debug: Processing embedding 7/15
[2025-10-19 01:02:17] INFO: Debug: Processing embedding 8/15
[2025-10-19 01:02:17] INFO: Debug: Processing embedding 9/15
[2025-10-19 01:02:17] INFO: Debug: Processing embedding 10/15
[2025-10-19 01:02:18] INFO: Debug: Processing embedding 11/15
[2025-10-19 01:02:18] INFO: Debug: Processing embedding 12/15
[2025-10-19 01:02:18] INFO: Debug: Processing embedding 13/15
[2025-10-19 01:02:18] INFO: Debug: Processing embedding 14/15
[2025-10-19 01:02:18] INFO: Capture result: true - Successfully captured 12 high-quality face images
[2025-10-19 01:02:18] INFO: Debug: Processing embedding 15/15
[2025-10-19 01:02:18] INFO: Debug: Embedding generation completed
[2025-10-19 01:02:18] INFO: Debug: Warning - Analyzing captured images for quality...
[2025-10-19 01:02:18] INFO: Debug: Warning - Removed 3 outlier image(s) with low similarity (54.9% avg). Tightness improved: 0.763 ￢ﾆﾒ 0.887
[2025-10-19 01:02:27] INFO: Debug: All images captured successfully
[2025-10-19 01:02:28] INFO: Disposing FaceCaptureDialog...
[2025-10-19 01:02:28] INFO: Preview timer stopped
[2025-10-19 01:02:28] INFO: Face detection resources released
