[2025-10-22 13:42:12] INFO: Application Logger Initialized.
[2025-10-22 13:42:12] INFO: Configuration and core components loaded.
[2025-10-22 13:42:12] INFO: app.properties normalized (55 entries).
[2025-10-22 13:42:12] INFO: Configuration loaded from classpath: app.properties
[2025-10-22 13:42:12] INFO: Configuration file loaded
[2025-10-22 13:42:12] INFO: MyGUIProgram Started!
[2025-10-22 13:42:14] INFO: ￢ﾜﾓ FaceAligner initialized with fallback eye detector
[2025-10-22 13:42:14] INFO: ￢ﾜﾅ OpenFace nn4.small2.v1 model loaded successfully
[2025-10-22 13:42:14] INFO: ￢ﾜﾓ FaceAligner initialized with fallback eye detector
[2025-10-22 13:42:14] INFO: === Folder debug ===
[2025-10-22 13:42:14] INFO: Found folder: C:\SMU\CS102 Project\FaceRecognitionCS102\data\facedata\S00001_jereme
[2025-10-22 13:42:14] INFO:   Contains: 20 items
[2025-10-22 13:42:14] INFO:   Display label: S00001 - jereme
[2025-10-22 13:42:14] INFO: Found folder: C:\SMU\CS102 Project\FaceRecognitionCS102\data\facedata\S13234_Jin_Rae
[2025-10-22 13:42:14] INFO:   Contains: 34 items
[2025-10-22 13:42:14] INFO:   Display label: S13234 - Jin_Rae
[2025-10-22 13:42:14] INFO: Found folder: C:\SMU\CS102 Project\FaceRecognitionCS102\data\facedata\S99998_Kim_Jun_Un
[2025-10-22 13:42:14] INFO:   Contains: 34 items
[2025-10-22 13:42:14] INFO:   Display label: S99998 - Kim_Jun_Un
[2025-10-22 13:42:14] INFO: ====================
[2025-10-22 13:42:14] INFO: Person S00001 - jereme: tightness=0.890, stdDev=0.013, absThresh=0.611, margin=0.111
[2025-10-22 13:42:14] INFO: Person S13234 - Jin_Rae: tightness=0.948, stdDev=0.025, absThresh=0.605, margin=0.105
[2025-10-22 13:42:14] INFO: Person S99998 - Kim_Jun_Un: tightness=0.967, stdDev=0.010, absThresh=0.603, margin=0.103
[2025-10-22 13:42:15] INFO: DNN face detector loaded successfully for recognition
[2025-10-22 13:42:15] INFO: Attempting camera index 0 with DSHOW backend...
[2025-10-22 13:42:16] INFO: Camera opened successfully: index 0 with DSHOW backend
[2025-10-22 13:42:20] INFO: Camera configured: 640x480 @ 30fps (MJPEG: yes)
[2025-10-22 13:42:20] INFO: Camera initialized successfully
[2025-10-22 13:42:21] INFO: [Recognition] Scores: S00001 - jereme=0.658 S13234 - Jin_Rae=0.686 S99998 - Kim_Jun_Un=0.682 
[2025-10-22 13:42:21] INFO: [Decision] Best=S13234 - Jin_Rae(0.686), 2nd=0.682, Discriminative=0.552, AvgNeg=0.670
[2025-10-22 13:42:21] INFO: [Thresholds] Abs=0.605, Margin=0.105(15.3%), RelMargin=0.6%, Tightness=0.948, StdDev=0.025
[2025-10-22 13:42:21] INFO: [Decision] ACCEPT: Best score meets absolute threshold
[2025-10-22 13:42:21] INFO: [Recognition] Scores: S00001 - jereme=0.676 S13234 - Jin_Rae=0.664 S99998 - Kim_Jun_Un=0.634 
[2025-10-22 13:42:21] INFO: [Decision] Best=S00001 - jereme(0.676), 2nd=0.664, Discriminative=0.546, AvgNeg=0.649
[2025-10-22 13:42:21] INFO: [Thresholds] Abs=0.611, Margin=0.111(16.4%), RelMargin=1.8%, Tightness=0.890, StdDev=0.013
[2025-10-22 13:42:21] INFO: [Decision] ACCEPT: Best score meets absolute threshold
[2025-10-22 13:42:22] INFO: [Recognition] Scores: S00001 - jereme=0.671 S13234 - Jin_Rae=0.681 S99998 - Kim_Jun_Un=0.588 
[2025-10-22 13:42:22] INFO: [Decision] Best=S13234 - Jin_Rae(0.681), 2nd=0.671, Discriminative=0.555, AvgNeg=0.629
[2025-10-22 13:42:22] INFO: [Thresholds] Abs=0.605, Margin=0.105(15.5%), RelMargin=1.5%, Tightness=0.948, StdDev=0.025
[2025-10-22 13:42:22] INFO: [Decision] ACCEPT: Best score meets absolute threshold
[2025-10-22 13:42:22] INFO: [Recognition] Scores: S00001 - jereme=0.659 S13234 - Jin_Rae=0.663 S99998 - Kim_Jun_Un=0.568 
[2025-10-22 13:42:22] INFO: [Decision] Best=S13234 - Jin_Rae(0.663), 2nd=0.659, Discriminative=0.540, AvgNeg=0.613
[2025-10-22 13:42:22] INFO: [Thresholds] Abs=0.605, Margin=0.105(15.9%), RelMargin=0.6%, Tightness=0.948, StdDev=0.025
[2025-10-22 13:42:22] INFO: [Decision] ACCEPT: Best score meets absolute threshold
[2025-10-22 13:42:23] INFO: [Recognition] Scores: S00001 - jereme=0.662 S13234 - Jin_Rae=0.661 S99998 - Kim_Jun_Un=0.560 
[2025-10-22 13:42:23] INFO: [Decision] Best=S00001 - jereme(0.662), 2nd=0.661, Discriminative=0.540, AvgNeg=0.610
[2025-10-22 13:42:23] INFO: [Thresholds] Abs=0.611, Margin=0.111(16.8%), RelMargin=0.2%, Tightness=0.890, StdDev=0.013
[2025-10-22 13:42:23] INFO: [Decision] ACCEPT: Best score meets absolute threshold
[2025-10-22 13:42:23] INFO: [Recognition] Scores: S00001 - jereme=0.653 S13234 - Jin_Rae=0.654 S99998 - Kim_Jun_Un=0.581 
[2025-10-22 13:42:23] INFO: [Decision] Best=S13234 - Jin_Rae(0.654), 2nd=0.653, Discriminative=0.531, AvgNeg=0.617
[2025-10-22 13:42:23] INFO: [Thresholds] Abs=0.605, Margin=0.105(16.1%), RelMargin=0.2%, Tightness=0.948, StdDev=0.025
[2025-10-22 13:42:23] INFO: [Decision] ACCEPT: Best score meets absolute threshold
[2025-10-22 13:42:23] INFO: [Recognition] Scores: S00001 - jereme=0.660 S13234 - Jin_Rae=0.645 S99998 - Kim_Jun_Un=0.551 
[2025-10-22 13:42:23] INFO: [Decision] Best=S00001 - jereme(0.660), 2nd=0.645, Discriminative=0.540, AvgNeg=0.598
[2025-10-22 13:42:23] INFO: [Thresholds] Abs=0.611, Margin=0.111(16.8%), RelMargin=2.2%, Tightness=0.890, StdDev=0.013
[2025-10-22 13:42:23] INFO: [Decision] ACCEPT: Best score meets absolute threshold
[2025-10-22 13:42:24] INFO: [Recognition] Scores: S00001 - jereme=0.654 S13234 - Jin_Rae=0.637 S99998 - Kim_Jun_Un=0.550 
[2025-10-22 13:42:24] INFO: [Decision] Best=S00001 - jereme(0.654), 2nd=0.637, Discriminative=0.535, AvgNeg=0.593
[2025-10-22 13:42:24] INFO: [Thresholds] Abs=0.611, Margin=0.111(17.0%), RelMargin=2.6%, Tightness=0.890, StdDev=0.013
[2025-10-22 13:42:24] INFO: [Decision] ACCEPT: Best score meets absolute threshold
[2025-10-22 13:42:24] INFO: [Recognition] Scores: S00001 - jereme=0.695 S13234 - Jin_Rae=0.702 S99998 - Kim_Jun_Un=0.579 
[2025-10-22 13:42:24] INFO: [Decision] Best=S13234 - Jin_Rae(0.702), 2nd=0.695, Discriminative=0.575, AvgNeg=0.637
[2025-10-22 13:42:24] INFO: [Thresholds] Abs=0.605, Margin=0.105(15.0%), RelMargin=1.0%, Tightness=0.948, StdDev=0.025
[2025-10-22 13:42:24] INFO: [Decision] ACCEPT: Best score meets absolute threshold
[2025-10-22 13:42:25] INFO: [Recognition] Scores: S00001 - jereme=0.663 S13234 - Jin_Rae=0.662 S99998 - Kim_Jun_Un=0.549 
[2025-10-22 13:42:25] INFO: [Decision] Best=S00001 - jereme(0.663), 2nd=0.662, Discriminative=0.541, AvgNeg=0.606
[2025-10-22 13:42:25] INFO: [Thresholds] Abs=0.611, Margin=0.111(16.7%), RelMargin=0.1%, Tightness=0.890, StdDev=0.013
[2025-10-22 13:42:25] INFO: [Decision] ACCEPT: Best score meets absolute threshold
[2025-10-22 13:42:25] INFO: [Recognition] Scores: S00001 - jereme=0.680 S13234 - Jin_Rae=0.685 S99998 - Kim_Jun_Un=0.561 
[2025-10-22 13:42:25] INFO: [Decision] Best=S13234 - Jin_Rae(0.685), 2nd=0.680, Discriminative=0.561, AvgNeg=0.620
[2025-10-22 13:42:25] INFO: [Thresholds] Abs=0.605, Margin=0.105(15.4%), RelMargin=0.8%, Tightness=0.948, StdDev=0.025
[2025-10-22 13:42:25] INFO: [Decision] ACCEPT: Best score meets absolute threshold
[2025-10-22 13:42:25] INFO: [Recognition] Scores: S00001 - jereme=0.718 S13234 - Jin_Rae=0.718 S99998 - Kim_Jun_Un=0.633 
[2025-10-22 13:42:25] INFO: [Decision] Best=S13234 - Jin_Rae(0.718), 2nd=0.718, Discriminative=0.583, AvgNeg=0.676
[2025-10-22 13:42:25] INFO: [Thresholds] Abs=0.605, Margin=0.105(14.7%), RelMargin=0.0%, Tightness=0.948, StdDev=0.025
[2025-10-22 13:42:25] INFO: [Decision] ACCEPT: Best score meets absolute threshold
[2025-10-22 13:42:26] INFO: [Recognition] Scores: S00001 - jereme=0.739 S13234 - Jin_Rae=0.722 S99998 - Kim_Jun_Un=0.652 
[2025-10-22 13:42:26] INFO: [Decision] Best=S00001 - jereme(0.739), 2nd=0.722, Discriminative=0.601, AvgNeg=0.687
[2025-10-22 13:42:26] INFO: [Thresholds] Abs=0.611, Margin=0.111(15.0%), RelMargin=2.3%, Tightness=0.890, StdDev=0.013
[2025-10-22 13:42:26] INFO: [Decision] ACCEPT: Best score meets absolute threshold
[2025-10-22 13:42:26] INFO: [Recognition] Scores: S00001 - jereme=0.714 S13234 - Jin_Rae=0.706 S99998 - Kim_Jun_Un=0.612 
[2025-10-22 13:42:26] INFO: [Decision] Best=S00001 - jereme(0.714), 2nd=0.706, Discriminative=0.583, AvgNeg=0.659
[2025-10-22 13:42:26] INFO: [Thresholds] Abs=0.611, Margin=0.111(15.5%), RelMargin=1.1%, Tightness=0.890, StdDev=0.013
[2025-10-22 13:42:26] INFO: [Decision] ACCEPT: Best score meets absolute threshold
[2025-10-22 13:42:27] INFO: [Recognition] Scores: S00001 - jereme=0.739 S13234 - Jin_Rae=0.722 S99998 - Kim_Jun_Un=0.646 
[2025-10-22 13:42:27] INFO: [Decision] Best=S00001 - jereme(0.739), 2nd=0.722, Discriminative=0.602, AvgNeg=0.684
[2025-10-22 13:42:27] INFO: [Thresholds] Abs=0.611, Margin=0.111(15.0%), RelMargin=2.2%, Tightness=0.890, StdDev=0.013
[2025-10-22 13:42:27] INFO: [Decision] ACCEPT: Best score meets absolute threshold
[2025-10-22 13:42:27] INFO: [Recognition] Scores: S00001 - jereme=0.753 S13234 - Jin_Rae=0.818 S99998 - Kim_Jun_Un=0.770 
[2025-10-22 13:42:27] INFO: [Decision] Best=S13234 - Jin_Rae(0.818), 2nd=0.770, Discriminative=0.666, AvgNeg=0.762
[2025-10-22 13:42:27] INFO: [Thresholds] Abs=0.605, Margin=0.105(12.9%), RelMargin=5.8%, Tightness=0.948, StdDev=0.025
[2025-10-22 13:42:27] INFO: [Decision] ACCEPT: Best score meets absolute threshold
[2025-10-22 13:42:27] INFO: [Recognition] Scores: S00001 - jereme=0.733 S13234 - Jin_Rae=0.755 S99998 - Kim_Jun_Un=0.743 
[2025-10-22 13:42:27] INFO: [Decision] Best=S13234 - Jin_Rae(0.755), 2nd=0.743, Discriminative=0.607, AvgNeg=0.738
[2025-10-22 13:42:27] INFO: [Thresholds] Abs=0.605, Margin=0.105(13.9%), RelMargin=1.6%, Tightness=0.948, StdDev=0.025
[2025-10-22 13:42:27] INFO: [Decision] ACCEPT: Best score meets absolute threshold
[2025-10-22 13:42:28] INFO: [Recognition] Scores: S00001 - jereme=0.720 S13234 - Jin_Rae=0.759 S99998 - Kim_Jun_Un=0.760 
[2025-10-22 13:42:28] INFO: [Decision] Best=S99998 - Kim_Jun_Un(0.760), 2nd=0.759, Discriminative=0.612, AvgNeg=0.740
[2025-10-22 13:42:28] INFO: [Thresholds] Abs=0.603, Margin=0.103(13.6%), RelMargin=0.1%, Tightness=0.967, StdDev=0.010
[2025-10-22 13:42:28] INFO: [Decision] ACCEPT: Best score meets absolute threshold
[2025-10-22 13:42:28] INFO: [Recognition] Scores: S00001 - jereme=0.704 S13234 - Jin_Rae=0.758 S99998 - Kim_Jun_Un=0.763 
[2025-10-22 13:42:28] INFO: [Decision] Best=S99998 - Kim_Jun_Un(0.763), 2nd=0.758, Discriminative=0.617, AvgNeg=0.731
[2025-10-22 13:42:28] INFO: [Thresholds] Abs=0.603, Margin=0.103(13.5%), RelMargin=0.7%, Tightness=0.967, StdDev=0.010
[2025-10-22 13:42:28] INFO: [Decision] ACCEPT: Best score meets absolute threshold
[2025-10-22 13:42:29] INFO: [Recognition] Scores: S00001 - jereme=0.700 S13234 - Jin_Rae=0.742 S99998 - Kim_Jun_Un=0.752 
[2025-10-22 13:42:29] INFO: [Decision] Best=S99998 - Kim_Jun_Un(0.752), 2nd=0.742, Discriminative=0.607, AvgNeg=0.721
[2025-10-22 13:42:29] INFO: [Thresholds] Abs=0.603, Margin=0.103(13.7%), RelMargin=1.2%, Tightness=0.967, StdDev=0.010
[2025-10-22 13:42:29] INFO: [Decision] ACCEPT: Best score meets absolute threshold
[2025-10-22 13:42:29] INFO: [Recognition] Scores: S00001 - jereme=0.694 S13234 - Jin_Rae=0.735 S99998 - Kim_Jun_Un=0.754 
[2025-10-22 13:42:29] INFO: [Decision] Best=S99998 - Kim_Jun_Un(0.754), 2nd=0.735, Discriminative=0.611, AvgNeg=0.714
[2025-10-22 13:42:29] INFO: [Thresholds] Abs=0.603, Margin=0.103(13.7%), RelMargin=2.5%, Tightness=0.967, StdDev=0.010
[2025-10-22 13:42:29] INFO: [Decision] ACCEPT: Best score meets absolute threshold
[2025-10-22 13:42:30] INFO: [Recognition] Scores: S00001 - jereme=0.679 S13234 - Jin_Rae=0.720 S99998 - Kim_Jun_Un=0.732 
[2025-10-22 13:42:30] INFO: [Decision] Best=S99998 - Kim_Jun_Un(0.732), 2nd=0.720, Discriminative=0.592, AvgNeg=0.699
[2025-10-22 13:42:30] INFO: [Thresholds] Abs=0.603, Margin=0.103(14.1%), RelMargin=1.6%, Tightness=0.967, StdDev=0.010
[2025-10-22 13:42:30] INFO: [Decision] ACCEPT: Best score meets absolute threshold
[2025-10-22 13:42:30] INFO: [Recognition] Scores: S00001 - jereme=0.680 S13234 - Jin_Rae=0.817 S99998 - Kim_Jun_Un=0.793 
[2025-10-22 13:42:30] INFO: [Decision] Best=S13234 - Jin_Rae(0.817), 2nd=0.793, Discriminative=0.670, AvgNeg=0.736
[2025-10-22 13:42:30] INFO: [Thresholds] Abs=0.605, Margin=0.105(12.9%), RelMargin=3.0%, Tightness=0.948, StdDev=0.025
[2025-10-22 13:42:30] INFO: [Decision] ACCEPT: Best score meets absolute threshold
[2025-10-22 13:42:30] INFO: [Recognition] Scores: S00001 - jereme=0.729 S13234 - Jin_Rae=0.787 S99998 - Kim_Jun_Un=0.777 
[2025-10-22 13:42:30] INFO: [Decision] Best=S13234 - Jin_Rae(0.787), 2nd=0.777, Discriminative=0.637, AvgNeg=0.753
[2025-10-22 13:42:30] INFO: [Thresholds] Abs=0.605, Margin=0.105(13.4%), RelMargin=1.3%, Tightness=0.948, StdDev=0.025
[2025-10-22 13:42:30] INFO: [Decision] ACCEPT: Best score meets absolute threshold
[2025-10-22 13:42:31] INFO: [Recognition] Scores: S00001 - jereme=0.700 S13234 - Jin_Rae=0.747 S99998 - Kim_Jun_Un=0.734 
[2025-10-22 13:42:31] INFO: [Decision] Best=S13234 - Jin_Rae(0.747), 2nd=0.734, Discriminative=0.603, AvgNeg=0.717
[2025-10-22 13:42:31] INFO: [Thresholds] Abs=0.605, Margin=0.105(14.1%), RelMargin=1.7%, Tightness=0.948, StdDev=0.025
[2025-10-22 13:42:31] INFO: [Decision] ACCEPT: Best score meets absolute threshold
[2025-10-22 13:42:31] INFO: [Recognition] Scores: S00001 - jereme=0.687 S13234 - Jin_Rae=0.708 S99998 - Kim_Jun_Un=0.695 
[2025-10-22 13:42:31] INFO: [Decision] Best=S13234 - Jin_Rae(0.708), 2nd=0.695, Discriminative=0.570, AvgNeg=0.691
[2025-10-22 13:42:31] INFO: [Thresholds] Abs=0.605, Margin=0.105(14.9%), RelMargin=1.9%, Tightness=0.948, StdDev=0.025
[2025-10-22 13:42:31] INFO: [Decision] ACCEPT: Best score meets absolute threshold
[2025-10-22 13:42:32] INFO: [Recognition] Scores: S00001 - jereme=0.680 S13234 - Jin_Rae=0.681 S99998 - Kim_Jun_Un=0.667 
[2025-10-22 13:42:32] INFO: [Decision] Best=S13234 - Jin_Rae(0.681), 2nd=0.680, Discriminative=0.546, AvgNeg=0.674
[2025-10-22 13:42:32] INFO: [Thresholds] Abs=0.605, Margin=0.105(15.5%), RelMargin=0.1%, Tightness=0.948, StdDev=0.025
[2025-10-22 13:42:32] INFO: [Decision] ACCEPT: Best score meets absolute threshold
[2025-10-22 13:42:32] INFO: [Recognition] Scores: S00001 - jereme=0.710 S13234 - Jin_Rae=0.696 S99998 - Kim_Jun_Un=0.651 
[2025-10-22 13:42:32] INFO: [Decision] Best=S00001 - jereme(0.710), 2nd=0.696, Discriminative=0.576, AvgNeg=0.674
[2025-10-22 13:42:32] INFO: [Thresholds] Abs=0.611, Margin=0.111(15.6%), RelMargin=2.0%, Tightness=0.890, StdDev=0.013
[2025-10-22 13:42:32] INFO: [Decision] ACCEPT: Best score meets absolute threshold
[2025-10-22 13:42:32] INFO: [Recognition] Scores: S00001 - jereme=0.675 S13234 - Jin_Rae=0.657 S99998 - Kim_Jun_Un=0.657 
[2025-10-22 13:42:32] INFO: [Decision] Best=S00001 - jereme(0.675), 2nd=0.657, Discriminative=0.543, AvgNeg=0.657
[2025-10-22 13:42:32] INFO: [Thresholds] Abs=0.611, Margin=0.111(16.4%), RelMargin=2.6%, Tightness=0.890, StdDev=0.013
[2025-10-22 13:42:32] INFO: [Decision] ACCEPT: Best score meets absolute threshold
[2025-10-22 13:42:33] INFO: [Recognition] Scores: S00001 - jereme=0.674 S13234 - Jin_Rae=0.651 S99998 - Kim_Jun_Un=0.658 
[2025-10-22 13:42:33] INFO: [Decision] Best=S00001 - jereme(0.674), 2nd=0.658, Discriminative=0.543, AvgNeg=0.655
[2025-10-22 13:42:33] INFO: [Thresholds] Abs=0.611, Margin=0.111(16.5%), RelMargin=2.4%, Tightness=0.890, StdDev=0.013
[2025-10-22 13:42:33] INFO: [Decision] ACCEPT: Best score meets absolute threshold
[2025-10-22 13:42:33] INFO: [Recognition] Scores: S00001 - jereme=0.675 S13234 - Jin_Rae=0.665 S99998 - Kim_Jun_Un=0.651 
[2025-10-22 13:42:33] INFO: [Decision] Best=S00001 - jereme(0.675), 2nd=0.665, Discriminative=0.543, AvgNeg=0.658
[2025-10-22 13:42:33] INFO: [Thresholds] Abs=0.611, Margin=0.111(16.4%), RelMargin=1.5%, Tightness=0.890, StdDev=0.013
[2025-10-22 13:42:33] INFO: [Decision] ACCEPT: Best score meets absolute threshold
[2025-10-22 13:42:34] INFO: [Recognition] Scores: S00001 - jereme=0.694 S13234 - Jin_Rae=0.677 S99998 - Kim_Jun_Un=0.650 
[2025-10-22 13:42:34] INFO: [Decision] Best=S00001 - jereme(0.694), 2nd=0.677, Discriminative=0.562, AvgNeg=0.664
[2025-10-22 13:42:34] INFO: [Thresholds] Abs=0.611, Margin=0.111(16.0%), RelMargin=2.5%, Tightness=0.890, StdDev=0.013
[2025-10-22 13:42:34] INFO: [Decision] ACCEPT: Best score meets absolute threshold
[2025-10-22 13:42:34] INFO: [Recognition] Scores: S00001 - jereme=0.680 S13234 - Jin_Rae=0.682 S99998 - Kim_Jun_Un=0.697 
[2025-10-22 13:42:34] INFO: [Decision] Best=S99998 - Kim_Jun_Un(0.697), 2nd=0.682, Discriminative=0.561, AvgNeg=0.681
[2025-10-22 13:42:34] INFO: [Thresholds] Abs=0.603, Margin=0.103(14.8%), RelMargin=2.2%, Tightness=0.967, StdDev=0.010
[2025-10-22 13:42:34] INFO: [Decision] ACCEPT: Best score meets absolute threshold
[2025-10-22 13:42:34] INFO: [Recognition] Scores: S00001 - jereme=0.665 S13234 - Jin_Rae=0.654 S99998 - Kim_Jun_Un=0.658 
[2025-10-22 13:42:34] INFO: [Decision] Best=S00001 - jereme(0.665), 2nd=0.658, Discriminative=0.534, AvgNeg=0.656
[2025-10-22 13:42:34] INFO: [Thresholds] Abs=0.611, Margin=0.111(16.7%), RelMargin=1.0%, Tightness=0.890, StdDev=0.013
[2025-10-22 13:42:34] INFO: [Decision] ACCEPT: Best score meets absolute threshold
[2025-10-22 13:42:35] INFO: [Recognition] Scores: S00001 - jereme=0.641 S13234 - Jin_Rae=0.632 S99998 - Kim_Jun_Un=0.622 
[2025-10-22 13:42:35] INFO: [Decision] Best=S00001 - jereme(0.641), 2nd=0.632, Discriminative=0.516, AvgNeg=0.627
[2025-10-22 13:42:35] INFO: [Thresholds] Abs=0.611, Margin=0.111(17.3%), RelMargin=1.3%, Tightness=0.890, StdDev=0.013
[2025-10-22 13:42:35] INFO: [Decision] ACCEPT: Best score meets absolute threshold
[2025-10-22 13:42:35] INFO: [Recognition] Scores: S00001 - jereme=0.648 S13234 - Jin_Rae=0.651 S99998 - Kim_Jun_Un=0.614 
[2025-10-22 13:42:35] INFO: [Decision] Best=S13234 - Jin_Rae(0.651), 2nd=0.648, Discriminative=0.524, AvgNeg=0.631
[2025-10-22 13:42:35] INFO: [Thresholds] Abs=0.605, Margin=0.105(16.2%), RelMargin=0.4%, Tightness=0.948, StdDev=0.025
[2025-10-22 13:42:35] INFO: [Decision] ACCEPT: Best score meets absolute threshold
[2025-10-22 13:42:36] INFO: [Recognition] Scores: S00001 - jereme=0.651 S13234 - Jin_Rae=0.633 S99998 - Kim_Jun_Un=0.601 
[2025-10-22 13:42:36] INFO: [Decision] Best=S00001 - jereme(0.651), 2nd=0.633, Discriminative=0.527, AvgNeg=0.617
[2025-10-22 13:42:36] INFO: [Thresholds] Abs=0.611, Margin=0.111(17.1%), RelMargin=2.7%, Tightness=0.890, StdDev=0.013
[2025-10-22 13:42:36] INFO: [Decision] ACCEPT: Best score meets absolute threshold
[2025-10-22 13:42:36] INFO: [Recognition] Scores: S00001 - jereme=0.817 S13234 - Jin_Rae=0.798 S99998 - Kim_Jun_Un=0.797 
[2025-10-22 13:42:36] INFO: [Decision] Best=S00001 - jereme(0.817), 2nd=0.798, Discriminative=0.657, AvgNeg=0.798
[2025-10-22 13:42:36] INFO: [Thresholds] Abs=0.611, Margin=0.111(13.6%), RelMargin=2.2%, Tightness=0.890, StdDev=0.013
[2025-10-22 13:42:36] INFO: [Decision] ACCEPT: Best score meets absolute threshold
[2025-10-22 13:42:36] INFO: [Recognition] Scores: S00001 - jereme=0.771 S13234 - Jin_Rae=0.774 S99998 - Kim_Jun_Un=0.785 
[2025-10-22 13:42:36] INFO: [Decision] Best=S99998 - Kim_Jun_Un(0.785), 2nd=0.774, Discriminative=0.631, AvgNeg=0.772
[2025-10-22 13:42:36] INFO: [Thresholds] Abs=0.603, Margin=0.103(13.2%), RelMargin=1.4%, Tightness=0.967, StdDev=0.010
[2025-10-22 13:42:36] INFO: [Decision] ACCEPT: Best score meets absolute threshold
[2025-10-22 13:42:37] INFO: [Recognition] Scores: S00001 - jereme=0.756 S13234 - Jin_Rae=0.799 S99998 - Kim_Jun_Un=0.807 
[2025-10-22 13:42:37] INFO: [Decision] Best=S99998 - Kim_Jun_Un(0.807), 2nd=0.799, Discriminative=0.652, AvgNeg=0.777
[2025-10-22 13:42:37] INFO: [Thresholds] Abs=0.603, Margin=0.103(12.8%), RelMargin=1.0%, Tightness=0.967, StdDev=0.010
[2025-10-22 13:42:37] INFO: [Decision] ACCEPT: Best score meets absolute threshold
[2025-10-22 13:42:38] INFO: [Recognition] Scores: S00001 - jereme=0.722 S13234 - Jin_Rae=0.796 S99998 - Kim_Jun_Un=0.798 
[2025-10-22 13:42:38] INFO: [Decision] Best=S99998 - Kim_Jun_Un(0.798), 2nd=0.796, Discriminative=0.646, AvgNeg=0.759
[2025-10-22 13:42:38] INFO: [Thresholds] Abs=0.603, Margin=0.103(13.0%), RelMargin=0.2%, Tightness=0.967, StdDev=0.010
[2025-10-22 13:42:38] INFO: [Decision] ACCEPT: Best score meets absolute threshold
[2025-10-22 13:42:38] INFO: [Recognition] Scores: S00001 - jereme=0.725 S13234 - Jin_Rae=0.749 S99998 - Kim_Jun_Un=0.764 
[2025-10-22 13:42:38] INFO: [Decision] Best=S99998 - Kim_Jun_Un(0.764), 2nd=0.749, Discriminative=0.616, AvgNeg=0.737
[2025-10-22 13:42:38] INFO: [Thresholds] Abs=0.603, Margin=0.103(13.5%), RelMargin=2.0%, Tightness=0.967, StdDev=0.010
[2025-10-22 13:42:38] INFO: [Decision] ACCEPT: Best score meets absolute threshold
[2025-10-22 13:42:40] INFO: [Recognition] Scores: S00001 - jereme=0.728 S13234 - Jin_Rae=0.763 S99998 - Kim_Jun_Un=0.770 
[2025-10-22 13:42:40] INFO: [Decision] Best=S99998 - Kim_Jun_Un(0.770), 2nd=0.763, Discriminative=0.621, AvgNeg=0.746
[2025-10-22 13:42:40] INFO: [Thresholds] Abs=0.603, Margin=0.103(13.4%), RelMargin=1.0%, Tightness=0.967, StdDev=0.010
[2025-10-22 13:42:40] INFO: [Decision] ACCEPT: Best score meets absolute threshold
[2025-10-22 13:42:40] INFO: [Recognition] Scores: S00001 - jereme=0.740 S13234 - Jin_Rae=0.767 S99998 - Kim_Jun_Un=0.775 
[2025-10-22 13:42:40] INFO: [Decision] Best=S99998 - Kim_Jun_Un(0.775), 2nd=0.767, Discriminative=0.624, AvgNeg=0.753
[2025-10-22 13:42:40] INFO: [Thresholds] Abs=0.603, Margin=0.103(13.3%), RelMargin=1.0%, Tightness=0.967, StdDev=0.010
[2025-10-22 13:42:40] INFO: [Decision] ACCEPT: Best score meets absolute threshold
[2025-10-22 13:42:41] INFO: [Recognition] Scores: S00001 - jereme=0.778 S13234 - Jin_Rae=0.780 S99998 - Kim_Jun_Un=0.801 
[2025-10-22 13:42:41] INFO: [Decision] Best=S99998 - Kim_Jun_Un(0.801), 2nd=0.780, Discriminative=0.645, AvgNeg=0.779
[2025-10-22 13:42:41] INFO: [Thresholds] Abs=0.603, Margin=0.103(12.9%), RelMargin=2.5%, Tightness=0.967, StdDev=0.010
[2025-10-22 13:42:41] INFO: [Decision] ACCEPT: Best score meets absolute threshold
[2025-10-22 13:42:41] INFO: [Recognition] Scores: S00001 - jereme=0.793 S13234 - Jin_Rae=0.753 S99998 - Kim_Jun_Un=0.730 
[2025-10-22 13:42:41] INFO: [Decision] Best=S00001 - jereme(0.793), 2nd=0.753, Discriminative=0.645, AvgNeg=0.741
[2025-10-22 13:42:41] INFO: [Thresholds] Abs=0.611, Margin=0.111(14.0%), RelMargin=5.1%, Tightness=0.890, StdDev=0.013
[2025-10-22 13:42:41] INFO: [Decision] ACCEPT: Best score meets absolute threshold
[2025-10-22 13:42:41] INFO: [Recognition] Scores: S00001 - jereme=0.789 S13234 - Jin_Rae=0.764 S99998 - Kim_Jun_Un=0.775 
[2025-10-22 13:42:41] INFO: [Decision] Best=S00001 - jereme(0.789), 2nd=0.775, Discriminative=0.635, AvgNeg=0.770
[2025-10-22 13:42:41] INFO: [Thresholds] Abs=0.611, Margin=0.111(14.1%), RelMargin=1.8%, Tightness=0.890, StdDev=0.013
[2025-10-22 13:42:41] INFO: [Decision] ACCEPT: Best score meets absolute threshold
[2025-10-22 13:42:42] INFO: [Recognition] Scores: S00001 - jereme=0.807 S13234 - Jin_Rae=0.795 S99998 - Kim_Jun_Un=0.804 
[2025-10-22 13:42:42] INFO: [Decision] Best=S00001 - jereme(0.807), 2nd=0.804, Discriminative=0.647, AvgNeg=0.799
[2025-10-22 13:42:42] INFO: [Thresholds] Abs=0.611, Margin=0.111(13.8%), RelMargin=0.3%, Tightness=0.890, StdDev=0.013
[2025-10-22 13:42:42] INFO: [Decision] ACCEPT: Best score meets absolute threshold
[2025-10-22 13:42:42] INFO: [Recognition] Scores: S00001 - jereme=0.779 S13234 - Jin_Rae=0.767 S99998 - Kim_Jun_Un=0.742 
[2025-10-22 13:42:42] INFO: [Decision] Best=S00001 - jereme(0.779), 2nd=0.767, Discriminative=0.628, AvgNeg=0.755
[2025-10-22 13:42:42] INFO: [Thresholds] Abs=0.611, Margin=0.111(14.2%), RelMargin=1.5%, Tightness=0.890, StdDev=0.013
[2025-10-22 13:42:42] INFO: [Decision] ACCEPT: Best score meets absolute threshold
[2025-10-22 13:42:43] INFO: [Recognition] Scores: S00001 - jereme=0.752 S13234 - Jin_Rae=0.780 S99998 - Kim_Jun_Un=0.743 
[2025-10-22 13:42:43] INFO: [Decision] Best=S13234 - Jin_Rae(0.780), 2nd=0.752, Discriminative=0.631, AvgNeg=0.748
[2025-10-22 13:42:43] INFO: [Thresholds] Abs=0.605, Margin=0.105(13.5%), RelMargin=3.6%, Tightness=0.948, StdDev=0.025
[2025-10-22 13:42:43] INFO: [Decision] ACCEPT: Best score meets absolute threshold
[2025-10-22 13:42:43] INFO: [Recognition] Scores: S00001 - jereme=0.730 S13234 - Jin_Rae=0.771 S99998 - Kim_Jun_Un=0.724 
[2025-10-22 13:42:43] INFO: [Decision] Best=S13234 - Jin_Rae(0.771), 2nd=0.730, Discriminative=0.625, AvgNeg=0.727
[2025-10-22 13:42:43] INFO: [Thresholds] Abs=0.605, Margin=0.105(13.7%), RelMargin=5.3%, Tightness=0.948, StdDev=0.025
[2025-10-22 13:42:43] INFO: [Decision] ACCEPT: Best score meets absolute threshold
[2025-10-22 13:42:43] INFO: [Recognition] Scores: S00001 - jereme=0.706 S13234 - Jin_Rae=0.764 S99998 - Kim_Jun_Un=0.713 
[2025-10-22 13:42:43] INFO: [Decision] Best=S13234 - Jin_Rae(0.764), 2nd=0.713, Discriminative=0.622, AvgNeg=0.710
[2025-10-22 13:42:43] INFO: [Thresholds] Abs=0.605, Margin=0.105(13.8%), RelMargin=6.6%, Tightness=0.948, StdDev=0.025
[2025-10-22 13:42:43] INFO: [Decision] ACCEPT: Best score meets absolute threshold
[2025-10-22 13:42:44] INFO: [Recognition] Scores: S00001 - jereme=0.689 S13234 - Jin_Rae=0.752 S99998 - Kim_Jun_Un=0.699 
[2025-10-22 13:42:44] INFO: [Decision] Best=S13234 - Jin_Rae(0.752), 2nd=0.699, Discriminative=0.613, AvgNeg=0.694
[2025-10-22 13:42:44] INFO: [Thresholds] Abs=0.605, Margin=0.105(14.0%), RelMargin=7.1%, Tightness=0.948, StdDev=0.025
[2025-10-22 13:42:44] INFO: [Decision] ACCEPT: Best score meets absolute threshold
[2025-10-22 13:42:44] INFO: [Recognition] Scores: S00001 - jereme=0.652 S13234 - Jin_Rae=0.766 S99998 - Kim_Jun_Un=0.712 
[2025-10-22 13:42:44] INFO: [Decision] Best=S13234 - Jin_Rae(0.766), 2nd=0.712, Discriminative=0.630, AvgNeg=0.682
[2025-10-22 13:42:44] INFO: [Thresholds] Abs=0.605, Margin=0.105(13.7%), RelMargin=7.0%, Tightness=0.948, StdDev=0.025
[2025-10-22 13:42:44] INFO: [Decision] ACCEPT: Best score meets absolute threshold
[2025-10-22 13:42:45] INFO: [Recognition] Scores: S00001 - jereme=0.704 S13234 - Jin_Rae=0.809 S99998 - Kim_Jun_Un=0.737 
[2025-10-22 13:42:45] INFO: [Decision] Best=S13234 - Jin_Rae(0.809), 2nd=0.737, Discriminative=0.664, AvgNeg=0.721
[2025-10-22 13:42:45] INFO: [Thresholds] Abs=0.605, Margin=0.105(13.0%), RelMargin=8.8%, Tightness=0.948, StdDev=0.025
[2025-10-22 13:42:45] INFO: [Decision] ACCEPT: Best score meets absolute threshold
[2025-10-22 13:42:45] INFO: [Recognition] Scores: S00001 - jereme=0.755 S13234 - Jin_Rae=0.844 S99998 - Kim_Jun_Un=0.857 
[2025-10-22 13:42:45] INFO: [Decision] Best=S99998 - Kim_Jun_Un(0.857), 2nd=0.844, Discriminative=0.697, AvgNeg=0.800
[2025-10-22 13:42:45] INFO: [Thresholds] Abs=0.603, Margin=0.103(12.1%), RelMargin=1.5%, Tightness=0.967, StdDev=0.010
[2025-10-22 13:42:45] INFO: [Decision] ACCEPT: Best score meets absolute threshold
[2025-10-22 13:42:46] INFO: [Recognition] Scores: S00001 - jereme=0.766 S13234 - Jin_Rae=0.853 S99998 - Kim_Jun_Un=0.837 
[2025-10-22 13:42:46] INFO: [Decision] Best=S13234 - Jin_Rae(0.853), 2nd=0.837, Discriminative=0.693, AvgNeg=0.801
[2025-10-22 13:42:46] INFO: [Thresholds] Abs=0.605, Margin=0.105(12.3%), RelMargin=1.9%, Tightness=0.948, StdDev=0.025
[2025-10-22 13:42:46] INFO: [Decision] ACCEPT: Best score meets absolute threshold
[2025-10-22 13:42:46] INFO: [Recognition] Scores: S00001 - jereme=0.724 S13234 - Jin_Rae=0.826 S99998 - Kim_Jun_Un=0.820 
[2025-10-22 13:42:46] INFO: [Decision] Best=S13234 - Jin_Rae(0.826), 2nd=0.820, Discriminative=0.671, AvgNeg=0.772
[2025-10-22 13:42:46] INFO: [Thresholds] Abs=0.605, Margin=0.105(12.7%), RelMargin=0.7%, Tightness=0.948, StdDev=0.025
[2025-10-22 13:42:46] INFO: [Decision] ACCEPT: Best score meets absolute threshold
[2025-10-22 13:42:46] INFO: [Recognition] Scores: S00001 - jereme=0.690 S13234 - Jin_Rae=0.800 S99998 - Kim_Jun_Un=0.797 
[2025-10-22 13:42:46] INFO: [Decision] Best=S13234 - Jin_Rae(0.800), 2nd=0.797, Discriminative=0.652, AvgNeg=0.744
[2025-10-22 13:42:46] INFO: [Thresholds] Abs=0.605, Margin=0.105(13.1%), RelMargin=0.4%, Tightness=0.948, StdDev=0.025
[2025-10-22 13:42:46] INFO: [Decision] ACCEPT: Best score meets absolute threshold
[2025-10-22 13:42:47] INFO: [Recognition] Scores: S00001 - jereme=0.641 S13234 - Jin_Rae=0.764 S99998 - Kim_Jun_Un=0.754 
[2025-10-22 13:42:47] INFO: [Decision] Best=S13234 - Jin_Rae(0.764), 2nd=0.754, Discriminative=0.625, AvgNeg=0.698
[2025-10-22 13:42:47] INFO: [Thresholds] Abs=0.605, Margin=0.105(13.8%), RelMargin=1.3%, Tightness=0.948, StdDev=0.025
[2025-10-22 13:42:47] INFO: [Decision] ACCEPT: Best score meets absolute threshold
[2025-10-22 13:42:47] INFO: [Recognition] Scores: S00001 - jereme=0.675 S13234 - Jin_Rae=0.786 S99998 - Kim_Jun_Un=0.774 
[2025-10-22 13:42:47] INFO: [Decision] Best=S13234 - Jin_Rae(0.786), 2nd=0.774, Discriminative=0.641, AvgNeg=0.724
[2025-10-22 13:42:47] INFO: [Thresholds] Abs=0.605, Margin=0.105(13.4%), RelMargin=1.6%, Tightness=0.948, StdDev=0.025
[2025-10-22 13:42:47] INFO: [Decision] ACCEPT: Best score meets absolute threshold
[2025-10-22 13:42:48] INFO: [Recognition] Scores: S00001 - jereme=0.695 S13234 - Jin_Rae=0.795 S99998 - Kim_Jun_Un=0.800 
[2025-10-22 13:42:48] INFO: [Decision] Best=S99998 - Kim_Jun_Un(0.800), 2nd=0.795, Discriminative=0.651, AvgNeg=0.745
[2025-10-22 13:42:48] INFO: [Thresholds] Abs=0.603, Margin=0.103(12.9%), RelMargin=0.6%, Tightness=0.967, StdDev=0.010
[2025-10-22 13:42:48] INFO: [Decision] ACCEPT: Best score meets absolute threshold
[2025-10-22 13:42:48] INFO: [Recognition] Scores: S00001 - jereme=0.802 S13234 - Jin_Rae=0.820 S99998 - Kim_Jun_Un=0.834 
[2025-10-22 13:42:48] INFO: [Decision] Best=S99998 - Kim_Jun_Un(0.834), 2nd=0.820, Discriminative=0.672, AvgNeg=0.811
[2025-10-22 13:42:48] INFO: [Thresholds] Abs=0.603, Margin=0.103(12.4%), RelMargin=1.7%, Tightness=0.967, StdDev=0.010
[2025-10-22 13:42:48] INFO: [Decision] ACCEPT: Best score meets absolute threshold
[2025-10-22 13:42:48] INFO: [Recognition] Scores: S00001 - jereme=0.816 S13234 - Jin_Rae=0.801 S99998 - Kim_Jun_Un=0.808 
[2025-10-22 13:42:48] INFO: [Decision] Best=S00001 - jereme(0.816), 2nd=0.808, Discriminative=0.655, AvgNeg=0.804
[2025-10-22 13:42:48] INFO: [Thresholds] Abs=0.611, Margin=0.111(13.6%), RelMargin=1.0%, Tightness=0.890, StdDev=0.013
[2025-10-22 13:42:48] INFO: [Decision] ACCEPT: Best score meets absolute threshold
[2025-10-22 13:42:49] INFO: [Recognition] Scores: S00001 - jereme=0.770 S13234 - Jin_Rae=0.804 S99998 - Kim_Jun_Un=0.787 
[2025-10-22 13:42:49] INFO: [Decision] Best=S13234 - Jin_Rae(0.804), 2nd=0.787, Discriminative=0.648, AvgNeg=0.779
[2025-10-22 13:42:49] INFO: [Thresholds] Abs=0.605, Margin=0.105(13.1%), RelMargin=2.0%, Tightness=0.948, StdDev=0.025
[2025-10-22 13:42:49] INFO: [Decision] ACCEPT: Best score meets absolute threshold
[2025-10-22 13:42:49] INFO: [Recognition] Scores: S00001 - jereme=0.761 S13234 - Jin_Rae=0.818 S99998 - Kim_Jun_Un=0.815 
[2025-10-22 13:42:49] INFO: [Decision] Best=S13234 - Jin_Rae(0.818), 2nd=0.815, Discriminative=0.661, AvgNeg=0.788
[2025-10-22 13:42:49] INFO: [Thresholds] Abs=0.605, Margin=0.105(12.9%), RelMargin=0.4%, Tightness=0.948, StdDev=0.025
[2025-10-22 13:42:49] INFO: [Decision] ACCEPT: Best score meets absolute threshold
[2025-10-22 13:42:50] INFO: [Recognition] Scores: S00001 - jereme=0.761 S13234 - Jin_Rae=0.822 S99998 - Kim_Jun_Un=0.814 
[2025-10-22 13:42:50] INFO: [Decision] Best=S13234 - Jin_Rae(0.822), 2nd=0.814, Discriminative=0.665, AvgNeg=0.788
[2025-10-22 13:42:50] INFO: [Thresholds] Abs=0.605, Margin=0.105(12.8%), RelMargin=1.0%, Tightness=0.948, StdDev=0.025
[2025-10-22 13:42:50] INFO: [Decision] ACCEPT: Best score meets absolute threshold
[2025-10-22 13:42:50] INFO: [Recognition] Scores: S00001 - jereme=0.742 S13234 - Jin_Rae=0.818 S99998 - Kim_Jun_Un=0.819 
[2025-10-22 13:42:50] INFO: [Decision] Best=S99998 - Kim_Jun_Un(0.819), 2nd=0.818, Discriminative=0.663, AvgNeg=0.780
[2025-10-22 13:42:50] INFO: [Thresholds] Abs=0.603, Margin=0.103(12.6%), RelMargin=0.1%, Tightness=0.967, StdDev=0.010
[2025-10-22 13:42:50] INFO: [Decision] ACCEPT: Best score meets absolute threshold
[2025-10-22 13:42:50] INFO: [Recognition] Scores: S00001 - jereme=0.736 S13234 - Jin_Rae=0.800 S99998 - Kim_Jun_Un=0.781 
[2025-10-22 13:42:50] INFO: [Decision] Best=S13234 - Jin_Rae(0.800), 2nd=0.781, Discriminative=0.648, AvgNeg=0.758
[2025-10-22 13:42:50] INFO: [Thresholds] Abs=0.605, Margin=0.105(13.2%), RelMargin=2.4%, Tightness=0.948, StdDev=0.025
[2025-10-22 13:42:50] INFO: [Decision] ACCEPT: Best score meets absolute threshold
[2025-10-22 13:42:51] INFO: [Recognition] Scores: S00001 - jereme=0.741 S13234 - Jin_Rae=0.762 S99998 - Kim_Jun_Un=0.735 
[2025-10-22 13:42:51] INFO: [Decision] Best=S13234 - Jin_Rae(0.762), 2nd=0.741, Discriminative=0.614, AvgNeg=0.738
[2025-10-22 13:42:51] INFO: [Thresholds] Abs=0.605, Margin=0.105(13.8%), RelMargin=2.7%, Tightness=0.948, StdDev=0.025
[2025-10-22 13:42:51] INFO: [Decision] ACCEPT: Best score meets absolute threshold
[2025-10-22 13:42:51] INFO: [Recognition] Scores: S00001 - jereme=0.732 S13234 - Jin_Rae=0.727 S99998 - Kim_Jun_Un=0.686 
[2025-10-22 13:42:51] INFO: [Decision] Best=S00001 - jereme(0.732), 2nd=0.727, Discriminative=0.591, AvgNeg=0.707
[2025-10-22 13:42:51] INFO: [Thresholds] Abs=0.611, Margin=0.111(15.2%), RelMargin=0.6%, Tightness=0.890, StdDev=0.013
[2025-10-22 13:42:51] INFO: [Decision] ACCEPT: Best score meets absolute threshold
[2025-10-22 13:42:52] INFO: [Recognition] Scores: S00001 - jereme=0.773 S13234 - Jin_Rae=0.701 S99998 - Kim_Jun_Un=0.657 
[2025-10-22 13:42:52] INFO: [Decision] Best=S00001 - jereme(0.773), 2nd=0.701, Discriminative=0.637, AvgNeg=0.679
[2025-10-22 13:42:52] INFO: [Thresholds] Abs=0.611, Margin=0.111(14.4%), RelMargin=9.3%, Tightness=0.890, StdDev=0.013
[2025-10-22 13:42:52] INFO: [Decision] ACCEPT: Best score meets absolute threshold
[2025-10-22 13:42:52] INFO: [Recognition] Scores: S00001 - jereme=0.755 S13234 - Jin_Rae=0.697 S99998 - Kim_Jun_Un=0.636 
[2025-10-22 13:42:52] INFO: [Decision] Best=S00001 - jereme(0.755), 2nd=0.697, Discriminative=0.621, AvgNeg=0.667
[2025-10-22 13:42:52] INFO: [Thresholds] Abs=0.611, Margin=0.111(14.7%), RelMargin=7.6%, Tightness=0.890, StdDev=0.013
[2025-10-22 13:42:52] INFO: [Decision] ACCEPT: Best score meets absolute threshold
[2025-10-22 13:42:52] INFO: [Recognition] Scores: S00001 - jereme=0.786 S13234 - Jin_Rae=0.727 S99998 - Kim_Jun_Un=0.771 
[2025-10-22 13:42:52] INFO: [Decision] Best=S00001 - jereme(0.786), 2nd=0.771, Discriminative=0.637, AvgNeg=0.749
[2025-10-22 13:42:52] INFO: [Thresholds] Abs=0.611, Margin=0.111(14.1%), RelMargin=2.0%, Tightness=0.890, StdDev=0.013
[2025-10-22 13:42:52] INFO: [Decision] ACCEPT: Best score meets absolute threshold
[2025-10-22 13:42:53] INFO: [Recognition] Scores: S00001 - jereme=0.790 S13234 - Jin_Rae=0.728 S99998 - Kim_Jun_Un=0.777 
[2025-10-22 13:42:53] INFO: [Decision] Best=S00001 - jereme(0.790), 2nd=0.777, Discriminative=0.639, AvgNeg=0.753
[2025-10-22 13:42:53] INFO: [Thresholds] Abs=0.611, Margin=0.111(14.0%), RelMargin=1.7%, Tightness=0.890, StdDev=0.013
[2025-10-22 13:42:53] INFO: [Decision] ACCEPT: Best score meets absolute threshold
[2025-10-22 13:42:53] INFO: [Recognition] Scores: S00001 - jereme=0.765 S13234 - Jin_Rae=0.721 S99998 - Kim_Jun_Un=0.763 
[2025-10-22 13:42:53] INFO: [Decision] Best=S00001 - jereme(0.765), 2nd=0.763, Discriminative=0.616, AvgNeg=0.742
[2025-10-22 13:42:53] INFO: [Thresholds] Abs=0.611, Margin=0.111(14.5%), RelMargin=0.2%, Tightness=0.890, StdDev=0.013
[2025-10-22 13:42:53] INFO: [Decision] ACCEPT: Best score meets absolute threshold
[2025-10-22 13:42:54] INFO: [Recognition] Scores: S00001 - jereme=0.744 S13234 - Jin_Rae=0.710 S99998 - Kim_Jun_Un=0.736 
[2025-10-22 13:42:54] INFO: [Decision] Best=S00001 - jereme(0.744), 2nd=0.736, Discriminative=0.600, AvgNeg=0.723
[2025-10-22 13:42:54] INFO: [Thresholds] Abs=0.611, Margin=0.111(14.9%), RelMargin=1.0%, Tightness=0.890, StdDev=0.013
[2025-10-22 13:42:54] INFO: [Decision] ACCEPT: Best score meets absolute threshold
[2025-10-22 13:42:54] INFO: [Recognition] Scores: S00001 - jereme=0.695 S13234 - Jin_Rae=0.656 S99998 - Kim_Jun_Un=0.658 
[2025-10-22 13:42:54] INFO: [Decision] Best=S00001 - jereme(0.695), 2nd=0.658, Discriminative=0.564, AvgNeg=0.657
[2025-10-22 13:42:54] INFO: [Thresholds] Abs=0.611, Margin=0.111(16.0%), RelMargin=5.4%, Tightness=0.890, StdDev=0.013
[2025-10-22 13:42:54] INFO: [Decision] ACCEPT: Best score meets absolute threshold
[2025-10-22 13:42:55] INFO: [Recognition] Scores: S00001 - jereme=0.649 S13234 - Jin_Rae=0.630 S99998 - Kim_Jun_Un=0.599 
[2025-10-22 13:42:55] INFO: [Decision] Best=S00001 - jereme(0.649), 2nd=0.630, Discriminative=0.526, AvgNeg=0.614
[2025-10-22 13:42:55] INFO: [Thresholds] Abs=0.611, Margin=0.111(17.1%), RelMargin=3.0%, Tightness=0.890, StdDev=0.013
[2025-10-22 13:42:55] INFO: [Decision] ACCEPT: Best score meets absolute threshold
[2025-10-22 13:42:55] INFO: [Recognition] Scores: S00001 - jereme=0.619 S13234 - Jin_Rae=0.617 S99998 - Kim_Jun_Un=0.565 
[2025-10-22 13:42:55] INFO: [Decision] Best=S00001 - jereme(0.619), 2nd=0.617, Discriminative=0.501, AvgNeg=0.591
[2025-10-22 13:42:55] INFO: [Thresholds] Abs=0.611, Margin=0.111(17.9%), RelMargin=0.4%, Tightness=0.890, StdDev=0.013
[2025-10-22 13:42:55] INFO: [Decision] ACCEPT: Best score meets absolute threshold
[2025-10-22 13:42:55] INFO: [Recognition] Scores: S00001 - jereme=0.638 S13234 - Jin_Rae=0.657 S99998 - Kim_Jun_Un=0.578 
[2025-10-22 13:42:55] INFO: [Decision] Best=S13234 - Jin_Rae(0.657), 2nd=0.638, Discriminative=0.536, AvgNeg=0.608
[2025-10-22 13:42:55] INFO: [Thresholds] Abs=0.605, Margin=0.105(16.0%), RelMargin=3.0%, Tightness=0.948, StdDev=0.025
[2025-10-22 13:42:55] INFO: [Decision] ACCEPT: Best score meets absolute threshold
[2025-10-22 13:42:56] INFO: [Recognition] Scores: S00001 - jereme=0.671 S13234 - Jin_Rae=0.700 S99998 - Kim_Jun_Un=0.622 
[2025-10-22 13:42:56] INFO: [Decision] Best=S13234 - Jin_Rae(0.700), 2nd=0.671, Discriminative=0.571, AvgNeg=0.646
[2025-10-22 13:42:56] INFO: [Thresholds] Abs=0.605, Margin=0.105(15.0%), RelMargin=4.2%, Tightness=0.948, StdDev=0.025
[2025-10-22 13:42:56] INFO: [Decision] ACCEPT: Best score meets absolute threshold
[2025-10-22 13:42:56] INFO: [Recognition] Scores: S00001 - jereme=0.670 S13234 - Jin_Rae=0.735 S99998 - Kim_Jun_Un=0.688 
[2025-10-22 13:42:56] INFO: [Decision] Best=S13234 - Jin_Rae(0.735), 2nd=0.688, Discriminative=0.599, AvgNeg=0.679
[2025-10-22 13:42:56] INFO: [Thresholds] Abs=0.605, Margin=0.105(14.3%), RelMargin=6.4%, Tightness=0.948, StdDev=0.025
[2025-10-22 13:42:56] INFO: [Decision] ACCEPT: Best score meets absolute threshold
[2025-10-22 13:42:57] INFO: [Recognition] Scores: S00001 - jereme=0.666 S13234 - Jin_Rae=0.680 S99998 - Kim_Jun_Un=0.638 
[2025-10-22 13:42:57] INFO: [Decision] Best=S13234 - Jin_Rae(0.680), 2nd=0.666, Discriminative=0.550, AvgNeg=0.652
[2025-10-22 13:42:57] INFO: [Thresholds] Abs=0.605, Margin=0.105(15.5%), RelMargin=2.2%, Tightness=0.948, StdDev=0.025
[2025-10-22 13:42:57] INFO: [Decision] ACCEPT: Best score meets absolute threshold
[2025-10-22 13:42:57] INFO: [Recognition] Scores: S00001 - jereme=0.676 S13234 - Jin_Rae=0.691 S99998 - Kim_Jun_Un=0.635 
[2025-10-22 13:42:57] INFO: [Decision] Best=S13234 - Jin_Rae(0.691), 2nd=0.676, Discriminative=0.560, AvgNeg=0.656
[2025-10-22 13:42:57] INFO: [Thresholds] Abs=0.605, Margin=0.105(15.2%), RelMargin=2.2%, Tightness=0.948, StdDev=0.025
[2025-10-22 13:42:57] INFO: [Decision] ACCEPT: Best score meets absolute threshold
[2025-10-22 13:42:57] INFO: [Recognition] Scores: S00001 - jereme=0.661 S13234 - Jin_Rae=0.699 S99998 - Kim_Jun_Un=0.633 
[2025-10-22 13:42:57] INFO: [Decision] Best=S13234 - Jin_Rae(0.699), 2nd=0.661, Discriminative=0.569, AvgNeg=0.647
[2025-10-22 13:42:57] INFO: [Thresholds] Abs=0.605, Margin=0.105(15.1%), RelMargin=5.4%, Tightness=0.948, StdDev=0.025
[2025-10-22 13:42:57] INFO: [Decision] ACCEPT: Best score meets absolute threshold
[2025-10-22 13:42:58] INFO: [Recognition] Scores: S00001 - jereme=0.649 S13234 - Jin_Rae=0.692 S99998 - Kim_Jun_Un=0.632 
[2025-10-22 13:42:58] INFO: [Decision] Best=S13234 - Jin_Rae(0.692), 2nd=0.649, Discriminative=0.564, AvgNeg=0.641
[2025-10-22 13:42:58] INFO: [Thresholds] Abs=0.605, Margin=0.105(15.2%), RelMargin=6.3%, Tightness=0.948, StdDev=0.025
[2025-10-22 13:42:58] INFO: [Decision] ACCEPT: Best score meets absolute threshold
[2025-10-22 13:42:58] INFO: [Recognition] Scores: S00001 - jereme=0.630 S13234 - Jin_Rae=0.670 S99998 - Kim_Jun_Un=0.606 
[2025-10-22 13:42:58] INFO: [Decision] Best=S13234 - Jin_Rae(0.670), 2nd=0.630, Discriminative=0.546, AvgNeg=0.618
[2025-10-22 13:42:58] INFO: [Thresholds] Abs=0.605, Margin=0.105(15.7%), RelMargin=5.9%, Tightness=0.948, StdDev=0.025
[2025-10-22 13:42:58] INFO: [Decision] ACCEPT: Best score meets absolute threshold
[2025-10-22 13:42:59] INFO: [Recognition] Scores: S00001 - jereme=0.722 S13234 - Jin_Rae=0.747 S99998 - Kim_Jun_Un=0.783 
[2025-10-22 13:42:59] INFO: [Decision] Best=S99998 - Kim_Jun_Un(0.783), 2nd=0.747, Discriminative=0.636, AvgNeg=0.735
[2025-10-22 13:42:59] INFO: [Thresholds] Abs=0.603, Margin=0.103(13.2%), RelMargin=4.5%, Tightness=0.967, StdDev=0.010
[2025-10-22 13:42:59] INFO: [Decision] ACCEPT: Best score meets absolute threshold
[2025-10-22 13:42:59] INFO: [Recognition] Scores: S00001 - jereme=0.696 S13234 - Jin_Rae=0.706 S99998 - Kim_Jun_Un=0.702 
[2025-10-22 13:42:59] INFO: [Decision] Best=S13234 - Jin_Rae(0.706), 2nd=0.702, Discriminative=0.566, AvgNeg=0.699
[2025-10-22 13:42:59] INFO: [Thresholds] Abs=0.605, Margin=0.105(14.9%), RelMargin=0.6%, Tightness=0.948, StdDev=0.025
[2025-10-22 13:42:59] INFO: [Decision] ACCEPT: Best score meets absolute threshold
[2025-10-22 13:42:59] INFO: [Recognition] Scores: S00001 - jereme=0.676 S13234 - Jin_Rae=0.685 S99998 - Kim_Jun_Un=0.700 
[2025-10-22 13:42:59] INFO: [Decision] Best=S99998 - Kim_Jun_Un(0.700), 2nd=0.685, Discriminative=0.564, AvgNeg=0.681
[2025-10-22 13:42:59] INFO: [Thresholds] Abs=0.603, Margin=0.103(14.8%), RelMargin=2.1%, Tightness=0.967, StdDev=0.010
[2025-10-22 13:42:59] INFO: [Decision] ACCEPT: Best score meets absolute threshold
[2025-10-22 13:43:00] INFO: [Recognition] Scores: S00001 - jereme=0.719 S13234 - Jin_Rae=0.679 S99998 - Kim_Jun_Un=0.707 
[2025-10-22 13:43:00] INFO: [Decision] Best=S00001 - jereme(0.719), 2nd=0.707, Discriminative=0.580, AvgNeg=0.693
[2025-10-22 13:43:00] INFO: [Thresholds] Abs=0.611, Margin=0.111(15.4%), RelMargin=1.7%, Tightness=0.890, StdDev=0.013
[2025-10-22 13:43:00] INFO: [Decision] ACCEPT: Best score meets absolute threshold
[2025-10-22 13:43:01] INFO: [Recognition] Scores: S00001 - jereme=0.726 S13234 - Jin_Rae=0.716 S99998 - Kim_Jun_Un=0.736 
[2025-10-22 13:43:01] INFO: [Decision] Best=S99998 - Kim_Jun_Un(0.736), 2nd=0.726, Discriminative=0.591, AvgNeg=0.721
[2025-10-22 13:43:01] INFO: [Thresholds] Abs=0.603, Margin=0.103(14.0%), RelMargin=1.3%, Tightness=0.967, StdDev=0.010
[2025-10-22 13:43:01] INFO: [Decision] ACCEPT: Best score meets absolute threshold
[2025-10-22 13:43:01] INFO: [Recognition] Scores: S00001 - jereme=0.723 S13234 - Jin_Rae=0.759 S99998 - Kim_Jun_Un=0.778 
[2025-10-22 13:43:01] INFO: [Decision] Best=S99998 - Kim_Jun_Un(0.778), 2nd=0.759, Discriminative=0.630, AvgNeg=0.741
[2025-10-22 13:43:01] INFO: [Thresholds] Abs=0.603, Margin=0.103(13.3%), RelMargin=2.4%, Tightness=0.967, StdDev=0.010
[2025-10-22 13:43:01] INFO: [Decision] ACCEPT: Best score meets absolute threshold
[2025-10-22 13:43:02] INFO: [Recognition] Scores: S00001 - jereme=0.725 S13234 - Jin_Rae=0.748 S99998 - Kim_Jun_Un=0.769 
[2025-10-22 13:43:02] INFO: [Decision] Best=S99998 - Kim_Jun_Un(0.769), 2nd=0.748, Discriminative=0.622, AvgNeg=0.737
[2025-10-22 13:43:02] INFO: [Thresholds] Abs=0.603, Margin=0.103(13.4%), RelMargin=2.7%, Tightness=0.967, StdDev=0.010
[2025-10-22 13:43:02] INFO: [Decision] ACCEPT: Best score meets absolute threshold
[2025-10-22 13:43:02] INFO: [Recognition] Scores: S00001 - jereme=0.739 S13234 - Jin_Rae=0.825 S99998 - Kim_Jun_Un=0.832 
[2025-10-22 13:43:02] INFO: [Decision] Best=S99998 - Kim_Jun_Un(0.832), 2nd=0.825, Discriminative=0.675, AvgNeg=0.782
[2025-10-22 13:43:02] INFO: [Thresholds] Abs=0.603, Margin=0.103(12.4%), RelMargin=0.8%, Tightness=0.967, StdDev=0.010
[2025-10-22 13:43:02] INFO: [Decision] ACCEPT: Best score meets absolute threshold
[2025-10-22 13:43:03] INFO: [Recognition] Scores: S00001 - jereme=0.733 S13234 - Jin_Rae=0.799 S99998 - Kim_Jun_Un=0.807 
[2025-10-22 13:43:03] INFO: [Decision] Best=S99998 - Kim_Jun_Un(0.807), 2nd=0.799, Discriminative=0.654, AvgNeg=0.766
[2025-10-22 13:43:03] INFO: [Thresholds] Abs=0.603, Margin=0.103(12.8%), RelMargin=1.0%, Tightness=0.967, StdDev=0.010
[2025-10-22 13:43:03] INFO: [Decision] ACCEPT: Best score meets absolute threshold
[2025-10-22 13:43:03] INFO: [Recognition] Scores: S00001 - jereme=0.770 S13234 - Jin_Rae=0.793 S99998 - Kim_Jun_Un=0.803 
[2025-10-22 13:43:03] INFO: [Decision] Best=S99998 - Kim_Jun_Un(0.803), 2nd=0.793, Discriminative=0.647, AvgNeg=0.782
[2025-10-22 13:43:03] INFO: [Thresholds] Abs=0.603, Margin=0.103(12.9%), RelMargin=1.2%, Tightness=0.967, StdDev=0.010
[2025-10-22 13:43:03] INFO: [Decision] ACCEPT: Best score meets absolute threshold
[2025-10-22 13:43:04] INFO: [Recognition] Scores: S00001 - jereme=0.784 S13234 - Jin_Rae=0.786 S99998 - Kim_Jun_Un=0.791 
[2025-10-22 13:43:04] INFO: [Decision] Best=S99998 - Kim_Jun_Un(0.791), 2nd=0.786, Discriminative=0.634, AvgNeg=0.785
[2025-10-22 13:43:04] INFO: [Thresholds] Abs=0.603, Margin=0.103(13.1%), RelMargin=0.6%, Tightness=0.967, StdDev=0.010
[2025-10-22 13:43:04] INFO: [Decision] ACCEPT: Best score meets absolute threshold
[2025-10-22 13:43:05] INFO: [Recognition] Scores: S00001 - jereme=0.790 S13234 - Jin_Rae=0.758 S99998 - Kim_Jun_Un=0.752 
[2025-10-22 13:43:05] INFO: [Decision] Best=S00001 - jereme(0.790), 2nd=0.758, Discriminative=0.639, AvgNeg=0.755
[2025-10-22 13:43:05] INFO: [Thresholds] Abs=0.611, Margin=0.111(14.1%), RelMargin=4.1%, Tightness=0.890, StdDev=0.013
[2025-10-22 13:43:05] INFO: [Decision] ACCEPT: Best score meets absolute threshold
[2025-10-22 13:43:05] INFO: [Recognition] Scores: S00001 - jereme=0.770 S13234 - Jin_Rae=0.771 S99998 - Kim_Jun_Un=0.783 
[2025-10-22 13:43:05] INFO: [Decision] Best=S99998 - Kim_Jun_Un(0.783), 2nd=0.771, Discriminative=0.629, AvgNeg=0.771
[2025-10-22 13:43:05] INFO: [Thresholds] Abs=0.603, Margin=0.103(13.2%), RelMargin=1.6%, Tightness=0.967, StdDev=0.010
[2025-10-22 13:43:05] INFO: [Decision] ACCEPT: Best score meets absolute threshold
[2025-10-22 13:43:06] INFO: [Recognition] Scores: S00001 - jereme=0.719 S13234 - Jin_Rae=0.723 S99998 - Kim_Jun_Un=0.727 
[2025-10-22 13:43:06] INFO: [Decision] Best=S99998 - Kim_Jun_Un(0.727), 2nd=0.723, Discriminative=0.583, AvgNeg=0.721
[2025-10-22 13:43:06] INFO: [Thresholds] Abs=0.603, Margin=0.103(14.2%), RelMargin=0.6%, Tightness=0.967, StdDev=0.010
[2025-10-22 13:43:06] INFO: [Decision] ACCEPT: Best score meets absolute threshold
[2025-10-22 13:43:06] INFO: [Recognition] Scores: S00001 - jereme=0.731 S13234 - Jin_Rae=0.758 S99998 - Kim_Jun_Un=0.758 
[2025-10-22 13:43:06] INFO: [Decision] Best=S13234 - Jin_Rae(0.758), 2nd=0.758, Discriminative=0.609, AvgNeg=0.744
[2025-10-22 13:43:06] INFO: [Thresholds] Abs=0.605, Margin=0.105(13.9%), RelMargin=0.0%, Tightness=0.948, StdDev=0.025
[2025-10-22 13:43:06] INFO: [Decision] ACCEPT: Best score meets absolute threshold
[2025-10-22 13:43:07] INFO: [Recognition] Scores: S00001 - jereme=0.705 S13234 - Jin_Rae=0.770 S99998 - Kim_Jun_Un=0.785 
[2025-10-22 13:43:07] INFO: [Decision] Best=S99998 - Kim_Jun_Un(0.785), 2nd=0.770, Discriminative=0.637, AvgNeg=0.737
[2025-10-22 13:43:07] INFO: [Thresholds] Abs=0.603, Margin=0.103(13.2%), RelMargin=1.9%, Tightness=0.967, StdDev=0.010
[2025-10-22 13:43:07] INFO: [Decision] ACCEPT: Best score meets absolute threshold
[2025-10-22 13:43:07] INFO: [Recognition] Scores: S00001 - jereme=0.729 S13234 - Jin_Rae=0.749 S99998 - Kim_Jun_Un=0.749 
[2025-10-22 13:43:07] INFO: [Decision] Best=S99998 - Kim_Jun_Un(0.749), 2nd=0.749, Discriminative=0.601, AvgNeg=0.739
[2025-10-22 13:43:07] INFO: [Thresholds] Abs=0.603, Margin=0.103(13.8%), RelMargin=0.0%, Tightness=0.967, StdDev=0.010
[2025-10-22 13:43:07] INFO: [Decision] ACCEPT: Best score meets absolute threshold
[2025-10-22 13:43:08] INFO: [Recognition] Scores: S00001 - jereme=0.760 S13234 - Jin_Rae=0.781 S99998 - Kim_Jun_Un=0.806 
[2025-10-22 13:43:08] INFO: [Decision] Best=S99998 - Kim_Jun_Un(0.806), 2nd=0.781, Discriminative=0.652, AvgNeg=0.770
[2025-10-22 13:43:08] INFO: [Thresholds] Abs=0.603, Margin=0.103(12.8%), RelMargin=3.1%, Tightness=0.967, StdDev=0.010
[2025-10-22 13:43:08] INFO: [Decision] ACCEPT: Best score meets absolute threshold
[2025-10-22 13:46:01] INFO: [Recognition] Scores: S00001 - jereme=0.750 S13234 - Jin_Rae=0.797 S99998 - Kim_Jun_Un=0.797 
[2025-10-22 13:46:01] INFO: [Decision] Best=S99998 - Kim_Jun_Un(0.797), 2nd=0.797, Discriminative=0.642, AvgNeg=0.773
[2025-10-22 13:46:01] INFO: [Thresholds] Abs=0.603, Margin=0.103(13.0%), RelMargin=0.0%, Tightness=0.967, StdDev=0.010
[2025-10-22 13:46:01] INFO: [Decision] ACCEPT: Best score meets absolute threshold
[2025-10-22 13:46:01] INFO: [Recognition] Scores: S00001 - jereme=0.751 S13234 - Jin_Rae=0.792 S99998 - Kim_Jun_Un=0.784 
[2025-10-22 13:46:01] INFO: [Decision] Best=S13234 - Jin_Rae(0.792), 2nd=0.784, Discriminative=0.639, AvgNeg=0.768
[2025-10-22 13:46:01] INFO: [Thresholds] Abs=0.605, Margin=0.105(13.3%), RelMargin=1.0%, Tightness=0.948, StdDev=0.025
[2025-10-22 13:46:01] INFO: [Decision] ACCEPT: Best score meets absolute threshold
[2025-10-22 13:46:02] INFO: [Recognition] Scores: S00001 - jereme=0.752 S13234 - Jin_Rae=0.781 S99998 - Kim_Jun_Un=0.765 
[2025-10-22 13:46:02] INFO: [Decision] Best=S13234 - Jin_Rae(0.781), 2nd=0.765, Discriminative=0.629, AvgNeg=0.759
[2025-10-22 13:46:02] INFO: [Thresholds] Abs=0.605, Margin=0.105(13.5%), RelMargin=2.0%, Tightness=0.948, StdDev=0.025
[2025-10-22 13:46:02] INFO: [Decision] ACCEPT: Best score meets absolute threshold
[2025-10-22 13:46:02] INFO: [Recognition] Scores: S00001 - jereme=0.739 S13234 - Jin_Rae=0.786 S99998 - Kim_Jun_Un=0.761 
[2025-10-22 13:46:02] INFO: [Decision] Best=S13234 - Jin_Rae(0.786), 2nd=0.761, Discriminative=0.635, AvgNeg=0.750
[2025-10-22 13:46:02] INFO: [Thresholds] Abs=0.605, Margin=0.105(13.4%), RelMargin=3.1%, Tightness=0.948, StdDev=0.025
[2025-10-22 13:46:02] INFO: [Decision] ACCEPT: Best score meets absolute threshold
[2025-10-22 13:46:03] INFO: [Recognition] Scores: S00001 - jereme=0.705 S13234 - Jin_Rae=0.799 S99998 - Kim_Jun_Un=0.773 
[2025-10-22 13:46:03] INFO: [Decision] Best=S13234 - Jin_Rae(0.799), 2nd=0.773, Discriminative=0.651, AvgNeg=0.739
[2025-10-22 13:46:03] INFO: [Thresholds] Abs=0.605, Margin=0.105(13.2%), RelMargin=3.3%, Tightness=0.948, StdDev=0.025
[2025-10-22 13:46:03] INFO: [Decision] ACCEPT: Best score meets absolute threshold
[2025-10-22 13:46:03] INFO: [Recognition] Scores: S00001 - jereme=0.723 S13234 - Jin_Rae=0.776 S99998 - Kim_Jun_Un=0.753 
[2025-10-22 13:46:03] INFO: [Decision] Best=S13234 - Jin_Rae(0.776), 2nd=0.753, Discriminative=0.629, AvgNeg=0.738
[2025-10-22 13:46:03] INFO: [Thresholds] Abs=0.605, Margin=0.105(13.6%), RelMargin=3.0%, Tightness=0.948, StdDev=0.025
[2025-10-22 13:46:03] INFO: [Decision] ACCEPT: Best score meets absolute threshold
[2025-10-22 13:46:04] INFO: [Recognition] Scores: S00001 - jereme=0.693 S13234 - Jin_Rae=0.751 S99998 - Kim_Jun_Un=0.736 
[2025-10-22 13:46:04] INFO: [Decision] Best=S13234 - Jin_Rae(0.751), 2nd=0.736, Discriminative=0.608, AvgNeg=0.714
[2025-10-22 13:46:04] INFO: [Thresholds] Abs=0.605, Margin=0.105(14.0%), RelMargin=2.0%, Tightness=0.948, StdDev=0.025
[2025-10-22 13:46:04] INFO: [Decision] ACCEPT: Best score meets absolute threshold
[2025-10-22 13:46:04] INFO: [Recognition] Scores: S00001 - jereme=0.677 S13234 - Jin_Rae=0.714 S99998 - Kim_Jun_Un=0.700 
[2025-10-22 13:46:04] INFO: [Decision] Best=S13234 - Jin_Rae(0.714), 2nd=0.700, Discriminative=0.576, AvgNeg=0.688
[2025-10-22 13:46:04] INFO: [Thresholds] Abs=0.605, Margin=0.105(14.7%), RelMargin=2.0%, Tightness=0.948, StdDev=0.025
[2025-10-22 13:46:04] INFO: [Decision] ACCEPT: Best score meets absolute threshold
[2025-10-22 13:46:04] INFO: [Recognition] Scores: S00001 - jereme=0.714 S13234 - Jin_Rae=0.691 S99998 - Kim_Jun_Un=0.675 
[2025-10-22 13:46:04] INFO: [Decision] Best=S00001 - jereme(0.714), 2nd=0.691, Discriminative=0.578, AvgNeg=0.683
[2025-10-22 13:46:04] INFO: [Thresholds] Abs=0.611, Margin=0.111(15.5%), RelMargin=3.3%, Tightness=0.890, StdDev=0.013
[2025-10-22 13:46:04] INFO: [Decision] ACCEPT: Best score meets absolute threshold
[2025-10-22 13:46:05] INFO: [Recognition] Scores: S00001 - jereme=0.710 S13234 - Jin_Rae=0.698 S99998 - Kim_Jun_Un=0.673 
[2025-10-22 13:46:05] INFO: [Decision] Best=S00001 - jereme(0.710), 2nd=0.698, Discriminative=0.573, AvgNeg=0.685
[2025-10-22 13:46:05] INFO: [Thresholds] Abs=0.611, Margin=0.111(15.6%), RelMargin=1.7%, Tightness=0.890, StdDev=0.013
[2025-10-22 13:46:05] INFO: [Decision] ACCEPT: Best score meets absolute threshold
[2025-10-22 13:46:05] INFO: [Recognition] Scores: S00001 - jereme=0.738 S13234 - Jin_Rae=0.710 S99998 - Kim_Jun_Un=0.681 
[2025-10-22 13:46:05] INFO: [Decision] Best=S00001 - jereme(0.738), 2nd=0.710, Discriminative=0.599, AvgNeg=0.696
[2025-10-22 13:46:05] INFO: [Thresholds] Abs=0.611, Margin=0.111(15.0%), RelMargin=3.8%, Tightness=0.890, StdDev=0.013
[2025-10-22 13:46:05] INFO: [Decision] ACCEPT: Best score meets absolute threshold
[2025-10-22 13:46:06] INFO: [Recognition] Scores: S00001 - jereme=0.738 S13234 - Jin_Rae=0.795 S99998 - Kim_Jun_Un=0.749 
[2025-10-22 13:46:06] INFO: [Decision] Best=S13234 - Jin_Rae(0.795), 2nd=0.749, Discriminative=0.647, AvgNeg=0.743
[2025-10-22 13:46:06] INFO: [Thresholds] Abs=0.605, Margin=0.105(13.2%), RelMargin=5.9%, Tightness=0.948, StdDev=0.025
[2025-10-22 13:46:06] INFO: [Decision] ACCEPT: Best score meets absolute threshold
[2025-10-22 13:46:06] INFO: [Recognition] Scores: S00001 - jereme=0.733 S13234 - Jin_Rae=0.748 S99998 - Kim_Jun_Un=0.711 
[2025-10-22 13:46:06] INFO: [Decision] Best=S13234 - Jin_Rae(0.748), 2nd=0.733, Discriminative=0.604, AvgNeg=0.722
[2025-10-22 13:46:06] INFO: [Thresholds] Abs=0.605, Margin=0.105(14.1%), RelMargin=2.1%, Tightness=0.948, StdDev=0.025
[2025-10-22 13:46:06] INFO: [Decision] ACCEPT: Best score meets absolute threshold
[2025-10-22 13:46:07] INFO: [Recognition] Scores: S00001 - jereme=0.693 S13234 - Jin_Rae=0.750 S99998 - Kim_Jun_Un=0.703 
[2025-10-22 13:46:07] INFO: [Decision] Best=S13234 - Jin_Rae(0.750), 2nd=0.703, Discriminative=0.610, AvgNeg=0.698
[2025-10-22 13:46:07] INFO: [Thresholds] Abs=0.605, Margin=0.105(14.0%), RelMargin=6.3%, Tightness=0.948, StdDev=0.025
[2025-10-22 13:46:07] INFO: [Decision] ACCEPT: Best score meets absolute threshold
[2025-10-22 13:46:07] INFO: [Recognition] Scores: S00001 - jereme=0.675 S13234 - Jin_Rae=0.745 S99998 - Kim_Jun_Un=0.699 
[2025-10-22 13:46:07] INFO: [Decision] Best=S13234 - Jin_Rae(0.745), 2nd=0.699, Discriminative=0.608, AvgNeg=0.687
[2025-10-22 13:46:07] INFO: [Thresholds] Abs=0.605, Margin=0.105(14.1%), RelMargin=6.2%, Tightness=0.948, StdDev=0.025
[2025-10-22 13:46:07] INFO: [Decision] ACCEPT: Best score meets absolute threshold
[2025-10-22 13:46:07] INFO: [Recognition] Scores: S00001 - jereme=0.671 S13234 - Jin_Rae=0.785 S99998 - Kim_Jun_Un=0.729 
[2025-10-22 13:46:07] INFO: [Decision] Best=S13234 - Jin_Rae(0.785), 2nd=0.729, Discriminative=0.645, AvgNeg=0.700
[2025-10-22 13:46:07] INFO: [Thresholds] Abs=0.605, Margin=0.105(13.4%), RelMargin=7.1%, Tightness=0.948, StdDev=0.025
[2025-10-22 13:46:07] INFO: [Decision] ACCEPT: Best score meets absolute threshold
[2025-10-22 13:46:08] INFO: [Recognition] Scores: S00001 - jereme=0.751 S13234 - Jin_Rae=0.756 S99998 - Kim_Jun_Un=0.714 
[2025-10-22 13:46:08] INFO: [Decision] Best=S13234 - Jin_Rae(0.756), 2nd=0.751, Discriminative=0.610, AvgNeg=0.733
[2025-10-22 13:46:08] INFO: [Thresholds] Abs=0.605, Margin=0.105(13.9%), RelMargin=0.7%, Tightness=0.948, StdDev=0.025
[2025-10-22 13:46:08] INFO: [Decision] ACCEPT: Best score meets absolute threshold
[2025-10-22 13:46:08] INFO: [Recognition] Scores: S00001 - jereme=0.697 S13234 - Jin_Rae=0.794 S99998 - Kim_Jun_Un=0.730 
[2025-10-22 13:46:08] INFO: [Decision] Best=S13234 - Jin_Rae(0.794), 2nd=0.730, Discriminative=0.651, AvgNeg=0.714
[2025-10-22 13:46:08] INFO: [Thresholds] Abs=0.605, Margin=0.105(13.3%), RelMargin=8.0%, Tightness=0.948, StdDev=0.025
[2025-10-22 13:46:08] INFO: [Decision] ACCEPT: Best score meets absolute threshold
[2025-10-22 13:46:09] INFO: [Recognition] Scores: S00001 - jereme=0.691 S13234 - Jin_Rae=0.789 S99998 - Kim_Jun_Un=0.737 
[2025-10-22 13:46:09] INFO: [Decision] Best=S13234 - Jin_Rae(0.789), 2nd=0.737, Discriminative=0.646, AvgNeg=0.714
[2025-10-22 13:46:09] INFO: [Thresholds] Abs=0.605, Margin=0.105(13.3%), RelMargin=6.6%, Tightness=0.948, StdDev=0.025
[2025-10-22 13:46:09] INFO: [Decision] ACCEPT: Best score meets absolute threshold
[2025-10-22 13:46:09] INFO: [Recognition] Scores: S00001 - jereme=0.756 S13234 - Jin_Rae=0.781 S99998 - Kim_Jun_Un=0.733 
[2025-10-22 13:46:09] INFO: [Decision] Best=S13234 - Jin_Rae(0.781), 2nd=0.756, Discriminative=0.632, AvgNeg=0.744
[2025-10-22 13:46:09] INFO: [Thresholds] Abs=0.605, Margin=0.105(13.5%), RelMargin=3.2%, Tightness=0.948, StdDev=0.025
[2025-10-22 13:46:09] INFO: [Decision] ACCEPT: Best score meets absolute threshold
[2025-10-22 13:46:09] INFO: [Recognition] Scores: S00001 - jereme=0.732 S13234 - Jin_Rae=0.768 S99998 - Kim_Jun_Un=0.726 
[2025-10-22 13:46:09] INFO: [Decision] Best=S13234 - Jin_Rae(0.768), 2nd=0.732, Discriminative=0.622, AvgNeg=0.729
[2025-10-22 13:46:09] INFO: [Thresholds] Abs=0.605, Margin=0.105(13.7%), RelMargin=4.7%, Tightness=0.948, StdDev=0.025
[2025-10-22 13:46:09] INFO: [Decision] ACCEPT: Best score meets absolute threshold
[2025-10-22 13:46:10] INFO: [Recognition] Scores: S00001 - jereme=0.733 S13234 - Jin_Rae=0.767 S99998 - Kim_Jun_Un=0.727 
[2025-10-22 13:46:10] INFO: [Decision] Best=S13234 - Jin_Rae(0.767), 2nd=0.733, Discriminative=0.621, AvgNeg=0.730
[2025-10-22 13:46:10] INFO: [Thresholds] Abs=0.605, Margin=0.105(13.7%), RelMargin=4.4%, Tightness=0.948, StdDev=0.025
[2025-10-22 13:46:10] INFO: [Decision] ACCEPT: Best score meets absolute threshold
[2025-10-22 13:46:10] INFO: [Recognition] Scores: S00001 - jereme=0.731 S13234 - Jin_Rae=0.794 S99998 - Kim_Jun_Un=0.762 
[2025-10-22 13:46:10] INFO: [Decision] Best=S13234 - Jin_Rae(0.794), 2nd=0.762, Discriminative=0.645, AvgNeg=0.747
[2025-10-22 13:46:10] INFO: [Thresholds] Abs=0.605, Margin=0.105(13.3%), RelMargin=4.0%, Tightness=0.948, StdDev=0.025
[2025-10-22 13:46:10] INFO: [Decision] ACCEPT: Best score meets absolute threshold
[2025-10-22 13:46:11] INFO: [Recognition] Scores: S00001 - jereme=0.736 S13234 - Jin_Rae=0.804 S99998 - Kim_Jun_Un=0.757 
[2025-10-22 13:46:11] INFO: [Decision] Best=S13234 - Jin_Rae(0.804), 2nd=0.757, Discriminative=0.655, AvgNeg=0.747
[2025-10-22 13:46:11] INFO: [Thresholds] Abs=0.605, Margin=0.105(13.1%), RelMargin=5.8%, Tightness=0.948, StdDev=0.025
[2025-10-22 13:46:11] INFO: [Decision] ACCEPT: Best score meets absolute threshold
[2025-10-22 13:46:11] INFO: [Recognition] Scores: S00001 - jereme=0.707 S13234 - Jin_Rae=0.803 S99998 - Kim_Jun_Un=0.759 
[2025-10-22 13:46:11] INFO: [Decision] Best=S13234 - Jin_Rae(0.803), 2nd=0.759, Discriminative=0.656, AvgNeg=0.733
[2025-10-22 13:46:11] INFO: [Thresholds] Abs=0.605, Margin=0.105(13.1%), RelMargin=5.5%, Tightness=0.948, StdDev=0.025
[2025-10-22 13:46:11] INFO: [Decision] ACCEPT: Best score meets absolute threshold
[2025-10-22 13:46:11] INFO: [Recognition] Scores: S00001 - jereme=0.738 S13234 - Jin_Rae=0.811 S99998 - Kim_Jun_Un=0.763 
[2025-10-22 13:46:11] INFO: [Decision] Best=S13234 - Jin_Rae(0.811), 2nd=0.763, Discriminative=0.661, AvgNeg=0.751
[2025-10-22 13:46:11] INFO: [Thresholds] Abs=0.605, Margin=0.105(13.0%), RelMargin=6.0%, Tightness=0.948, StdDev=0.025
[2025-10-22 13:46:11] INFO: [Decision] ACCEPT: Best score meets absolute threshold
[2025-10-22 13:46:12] INFO: [Recognition] Scores: S00001 - jereme=0.689 S13234 - Jin_Rae=0.811 S99998 - Kim_Jun_Un=0.763 
[2025-10-22 13:46:12] INFO: [Decision] Best=S13234 - Jin_Rae(0.811), 2nd=0.763, Discriminative=0.666, AvgNeg=0.726
[2025-10-22 13:46:12] INFO: [Thresholds] Abs=0.605, Margin=0.105(13.0%), RelMargin=6.0%, Tightness=0.948, StdDev=0.025
[2025-10-22 13:46:12] INFO: [Decision] ACCEPT: Best score meets absolute threshold
[2025-10-22 13:46:12] INFO: [Recognition] Scores: S00001 - jereme=0.677 S13234 - Jin_Rae=0.837 S99998 - Kim_Jun_Un=0.794 
[2025-10-22 13:46:12] INFO: [Decision] Best=S13234 - Jin_Rae(0.837), 2nd=0.794, Discriminative=0.690, AvgNeg=0.736
[2025-10-22 13:46:12] INFO: [Thresholds] Abs=0.605, Margin=0.105(12.6%), RelMargin=5.1%, Tightness=0.948, StdDev=0.025
[2025-10-22 13:46:12] INFO: [Decision] ACCEPT: Best score meets absolute threshold
[2025-10-22 13:46:13] INFO: [Recognition] Scores: S00001 - jereme=0.656 S13234 - Jin_Rae=0.839 S99998 - Kim_Jun_Un=0.797 
[2025-10-22 13:46:13] INFO: [Decision] Best=S13234 - Jin_Rae(0.839), 2nd=0.797, Discriminative=0.694, AvgNeg=0.727
[2025-10-22 13:46:13] INFO: [Thresholds] Abs=0.605, Margin=0.105(12.5%), RelMargin=5.0%, Tightness=0.948, StdDev=0.025
[2025-10-22 13:46:13] INFO: [Decision] ACCEPT: Best score meets absolute threshold
[2025-10-22 13:46:13] INFO: [Recognition] Scores: S00001 - jereme=0.772 S13234 - Jin_Rae=0.837 S99998 - Kim_Jun_Un=0.785 
[2025-10-22 13:46:13] INFO: [Decision] Best=S13234 - Jin_Rae(0.837), 2nd=0.785, Discriminative=0.682, AvgNeg=0.778
[2025-10-22 13:46:13] INFO: [Thresholds] Abs=0.605, Margin=0.105(12.6%), RelMargin=6.2%, Tightness=0.948, StdDev=0.025
[2025-10-22 13:46:13] INFO: [Decision] ACCEPT: Best score meets absolute threshold
[2025-10-22 13:46:14] INFO: [Recognition] Scores: S00001 - jereme=0.729 S13234 - Jin_Rae=0.852 S99998 - Kim_Jun_Un=0.804 
[2025-10-22 13:46:14] INFO: [Decision] Best=S13234 - Jin_Rae(0.852), 2nd=0.804, Discriminative=0.699, AvgNeg=0.766
[2025-10-22 13:46:14] INFO: [Thresholds] Abs=0.605, Margin=0.105(12.3%), RelMargin=5.7%, Tightness=0.948, StdDev=0.025
[2025-10-22 13:46:14] INFO: [Decision] ACCEPT: Best score meets absolute threshold
[2025-10-22 13:46:14] INFO: [Recognition] Scores: S00001 - jereme=0.743 S13234 - Jin_Rae=0.865 S99998 - Kim_Jun_Un=0.825 
[2025-10-22 13:46:14] INFO: [Decision] Best=S13234 - Jin_Rae(0.865), 2nd=0.825, Discriminative=0.708, AvgNeg=0.784
[2025-10-22 13:46:14] INFO: [Thresholds] Abs=0.605, Margin=0.105(12.2%), RelMargin=4.6%, Tightness=0.948, StdDev=0.025
[2025-10-22 13:46:14] INFO: [Decision] ACCEPT: Best score meets absolute threshold
[2025-10-22 13:46:14] INFO: [Recognition] Scores: S00001 - jereme=0.730 S13234 - Jin_Rae=0.860 S99998 - Kim_Jun_Un=0.827 
[2025-10-22 13:46:14] INFO: [Decision] Best=S13234 - Jin_Rae(0.860), 2nd=0.827, Discriminative=0.705, AvgNeg=0.779
[2025-10-22 13:46:14] INFO: [Thresholds] Abs=0.605, Margin=0.105(12.2%), RelMargin=3.8%, Tightness=0.948, StdDev=0.025
[2025-10-22 13:46:14] INFO: [Decision] ACCEPT: Best score meets absolute threshold
[2025-10-22 13:46:15] INFO: [Recognition] Scores: S00001 - jereme=0.692 S13234 - Jin_Rae=0.849 S99998 - Kim_Jun_Un=0.814 
[2025-10-22 13:46:15] INFO: [Decision] Best=S13234 - Jin_Rae(0.849), 2nd=0.814, Discriminative=0.699, AvgNeg=0.753
[2025-10-22 13:46:15] INFO: [Thresholds] Abs=0.605, Margin=0.105(12.4%), RelMargin=4.2%, Tightness=0.948, StdDev=0.025
[2025-10-22 13:46:15] INFO: [Decision] ACCEPT: Best score meets absolute threshold
[2025-10-22 13:46:15] INFO: [Recognition] Scores: S00001 - jereme=0.657 S13234 - Jin_Rae=0.847 S99998 - Kim_Jun_Un=0.804 
[2025-10-22 13:46:15] INFO: [Decision] Best=S13234 - Jin_Rae(0.847), 2nd=0.804, Discriminative=0.701, AvgNeg=0.730
[2025-10-22 13:46:15] INFO: [Thresholds] Abs=0.605, Margin=0.105(12.4%), RelMargin=5.2%, Tightness=0.948, StdDev=0.025
[2025-10-22 13:46:15] INFO: [Decision] ACCEPT: Best score meets absolute threshold
[2025-10-22 13:46:16] INFO: [Recognition] Scores: S00001 - jereme=0.697 S13234 - Jin_Rae=0.853 S99998 - Kim_Jun_Un=0.803 
[2025-10-22 13:46:16] INFO: [Decision] Best=S13234 - Jin_Rae(0.853), 2nd=0.803, Discriminative=0.703, AvgNeg=0.750
[2025-10-22 13:46:16] INFO: [Thresholds] Abs=0.605, Margin=0.105(12.3%), RelMargin=5.8%, Tightness=0.948, StdDev=0.025
[2025-10-22 13:46:16] INFO: [Decision] ACCEPT: Best score meets absolute threshold
[2025-10-22 13:46:16] INFO: [Recognition] Scores: S00001 - jereme=0.730 S13234 - Jin_Rae=0.857 S99998 - Kim_Jun_Un=0.801 
[2025-10-22 13:46:16] INFO: [Decision] Best=S13234 - Jin_Rae(0.857), 2nd=0.801, Discriminative=0.704, AvgNeg=0.766
[2025-10-22 13:46:16] INFO: [Thresholds] Abs=0.605, Margin=0.105(12.3%), RelMargin=6.5%, Tightness=0.948, StdDev=0.025
[2025-10-22 13:46:16] INFO: [Decision] ACCEPT: Best score meets absolute threshold
[2025-10-22 13:46:16] INFO: [Recognition] Scores: S00001 - jereme=0.693 S13234 - Jin_Rae=0.856 S99998 - Kim_Jun_Un=0.791 
[2025-10-22 13:46:16] INFO: [Decision] Best=S13234 - Jin_Rae(0.856), 2nd=0.791, Discriminative=0.708, AvgNeg=0.742
[2025-10-22 13:46:16] INFO: [Thresholds] Abs=0.605, Margin=0.105(12.3%), RelMargin=7.6%, Tightness=0.948, StdDev=0.025
[2025-10-22 13:46:16] INFO: [Decision] ACCEPT: Best score meets absolute threshold
[2025-10-22 13:46:17] INFO: [Recognition] Scores: S00001 - jereme=0.705 S13234 - Jin_Rae=0.852 S99998 - Kim_Jun_Un=0.773 
[2025-10-22 13:46:17] INFO: [Decision] Best=S13234 - Jin_Rae(0.852), 2nd=0.773, Discriminative=0.704, AvgNeg=0.739
[2025-10-22 13:46:17] INFO: [Thresholds] Abs=0.605, Margin=0.105(12.4%), RelMargin=9.3%, Tightness=0.948, StdDev=0.025
[2025-10-22 13:46:17] INFO: [Decision] ACCEPT: Best score meets absolute threshold
[2025-10-22 13:46:17] INFO: [Recognition] Scores: S00001 - jereme=0.705 S13234 - Jin_Rae=0.847 S99998 - Kim_Jun_Un=0.787 
[2025-10-22 13:46:17] INFO: [Decision] Best=S13234 - Jin_Rae(0.847), 2nd=0.787, Discriminative=0.697, AvgNeg=0.746
[2025-10-22 13:46:17] INFO: [Thresholds] Abs=0.605, Margin=0.105(12.4%), RelMargin=7.0%, Tightness=0.948, StdDev=0.025
[2025-10-22 13:46:17] INFO: [Decision] ACCEPT: Best score meets absolute threshold
[2025-10-22 13:46:18] INFO: [Recognition] Scores: S00001 - jereme=0.720 S13234 - Jin_Rae=0.836 S99998 - Kim_Jun_Un=0.780 
[2025-10-22 13:46:18] INFO: [Decision] Best=S13234 - Jin_Rae(0.836), 2nd=0.780, Discriminative=0.686, AvgNeg=0.750
[2025-10-22 13:46:18] INFO: [Thresholds] Abs=0.605, Margin=0.105(12.6%), RelMargin=6.7%, Tightness=0.948, StdDev=0.025
[2025-10-22 13:46:18] INFO: [Decision] ACCEPT: Best score meets absolute threshold
[2025-10-22 13:46:18] INFO: [Recognition] Scores: S00001 - jereme=0.682 S13234 - Jin_Rae=0.839 S99998 - Kim_Jun_Un=0.785 
[2025-10-22 13:46:18] INFO: [Decision] Best=S13234 - Jin_Rae(0.839), 2nd=0.785, Discriminative=0.692, AvgNeg=0.733
[2025-10-22 13:46:18] INFO: [Thresholds] Abs=0.605, Margin=0.105(12.5%), RelMargin=6.4%, Tightness=0.948, StdDev=0.025
[2025-10-22 13:46:18] INFO: [Decision] ACCEPT: Best score meets absolute threshold
[2025-10-22 13:46:18] INFO: [Recognition] Scores: S00001 - jereme=0.656 S13234 - Jin_Rae=0.836 S99998 - Kim_Jun_Un=0.782 
[2025-10-22 13:46:18] INFO: [Decision] Best=S13234 - Jin_Rae(0.836), 2nd=0.782, Discriminative=0.692, AvgNeg=0.719
[2025-10-22 13:46:18] INFO: [Thresholds] Abs=0.605, Margin=0.105(12.6%), RelMargin=6.4%, Tightness=0.948, StdDev=0.025
[2025-10-22 13:46:18] INFO: [Decision] ACCEPT: Best score meets absolute threshold
[2025-10-22 13:46:19] INFO: [Recognition] Scores: S00001 - jereme=0.635 S13234 - Jin_Rae=0.827 S99998 - Kim_Jun_Un=0.781 
[2025-10-22 13:46:19] INFO: [Decision] Best=S13234 - Jin_Rae(0.827), 2nd=0.781, Discriminative=0.686, AvgNeg=0.708
[2025-10-22 13:46:19] INFO: [Thresholds] Abs=0.605, Margin=0.105(12.7%), RelMargin=5.6%, Tightness=0.948, StdDev=0.025
[2025-10-22 13:46:19] INFO: [Decision] ACCEPT: Best score meets absolute threshold
[2025-10-22 13:46:19] INFO: [Recognition] Scores: S00001 - jereme=0.638 S13234 - Jin_Rae=0.818 S99998 - Kim_Jun_Un=0.781 
[2025-10-22 13:46:19] INFO: [Decision] Best=S13234 - Jin_Rae(0.818), 2nd=0.781, Discriminative=0.676, AvgNeg=0.709
[2025-10-22 13:46:19] INFO: [Thresholds] Abs=0.605, Margin=0.105(12.9%), RelMargin=4.5%, Tightness=0.948, StdDev=0.025
[2025-10-22 13:46:19] INFO: [Decision] ACCEPT: Best score meets absolute threshold
[2025-10-22 13:46:20] INFO: [Recognition] Scores: S00001 - jereme=0.610 S13234 - Jin_Rae=0.806 S99998 - Kim_Jun_Un=0.784 
[2025-10-22 13:46:20] INFO: [Decision] Best=S13234 - Jin_Rae(0.806), 2nd=0.784, Discriminative=0.667, AvgNeg=0.697
[2025-10-22 13:46:20] INFO: [Thresholds] Abs=0.605, Margin=0.105(13.1%), RelMargin=2.8%, Tightness=0.948, StdDev=0.025
[2025-10-22 13:46:20] INFO: [Decision] ACCEPT: Best score meets absolute threshold
[2025-10-22 13:46:20] INFO: [Recognition] Scores: S00001 - jereme=0.734 S13234 - Jin_Rae=0.842 S99998 - Kim_Jun_Un=0.817 
[2025-10-22 13:46:20] INFO: [Decision] Best=S13234 - Jin_Rae(0.842), 2nd=0.817, Discriminative=0.687, AvgNeg=0.775
[2025-10-22 13:46:20] INFO: [Thresholds] Abs=0.605, Margin=0.105(12.5%), RelMargin=3.0%, Tightness=0.948, StdDev=0.025
[2025-10-22 13:46:20] INFO: [Decision] ACCEPT: Best score meets absolute threshold
[2025-10-22 13:46:20] INFO: [Recognition] Scores: S00001 - jereme=0.702 S13234 - Jin_Rae=0.831 S99998 - Kim_Jun_Un=0.800 
[2025-10-22 13:46:20] INFO: [Decision] Best=S13234 - Jin_Rae(0.831), 2nd=0.800, Discriminative=0.681, AvgNeg=0.751
[2025-10-22 13:46:20] INFO: [Thresholds] Abs=0.605, Margin=0.105(12.7%), RelMargin=3.7%, Tightness=0.948, StdDev=0.025
[2025-10-22 13:46:20] INFO: [Decision] ACCEPT: Best score meets absolute threshold
[2025-10-22 13:46:21] INFO: [Recognition] Scores: S00001 - jereme=0.776 S13234 - Jin_Rae=0.819 S99998 - Kim_Jun_Un=0.816 
[2025-10-22 13:46:21] INFO: [Decision] Best=S13234 - Jin_Rae(0.819), 2nd=0.816, Discriminative=0.660, AvgNeg=0.796
[2025-10-22 13:46:21] INFO: [Thresholds] Abs=0.605, Margin=0.105(12.9%), RelMargin=0.3%, Tightness=0.948, StdDev=0.025
[2025-10-22 13:46:21] INFO: [Decision] ACCEPT: Best score meets absolute threshold
[2025-10-22 13:46:21] INFO: [Recognition] Scores: S00001 - jereme=0.722 S13234 - Jin_Rae=0.789 S99998 - Kim_Jun_Un=0.785 
[2025-10-22 13:46:21] INFO: [Decision] Best=S13234 - Jin_Rae(0.789), 2nd=0.785, Discriminative=0.638, AvgNeg=0.754
[2025-10-22 13:46:21] INFO: [Thresholds] Abs=0.605, Margin=0.105(13.3%), RelMargin=0.5%, Tightness=0.948, StdDev=0.025
[2025-10-22 13:46:21] INFO: [Decision] ACCEPT: Best score meets absolute threshold
[2025-10-22 13:46:22] INFO: [Recognition] Scores: S00001 - jereme=0.721 S13234 - Jin_Rae=0.760 S99998 - Kim_Jun_Un=0.769 
[2025-10-22 13:46:22] INFO: [Decision] Best=S99998 - Kim_Jun_Un(0.769), 2nd=0.760, Discriminative=0.621, AvgNeg=0.740
[2025-10-22 13:46:22] INFO: [Thresholds] Abs=0.603, Margin=0.103(13.4%), RelMargin=1.1%, Tightness=0.967, StdDev=0.010
[2025-10-22 13:46:22] INFO: [Decision] ACCEPT: Best score meets absolute threshold
[2025-10-22 13:46:22] INFO: [Recognition] Scores: S00001 - jereme=0.701 S13234 - Jin_Rae=0.800 S99998 - Kim_Jun_Un=0.790 
[2025-10-22 13:46:22] INFO: [Decision] Best=S13234 - Jin_Rae(0.800), 2nd=0.790, Discriminative=0.651, AvgNeg=0.746
[2025-10-22 13:46:22] INFO: [Thresholds] Abs=0.605, Margin=0.105(13.1%), RelMargin=1.2%, Tightness=0.948, StdDev=0.025
[2025-10-22 13:46:22] INFO: [Decision] ACCEPT: Best score meets absolute threshold
[2025-10-22 13:46:23] INFO: [Recognition] Scores: S00001 - jereme=0.680 S13234 - Jin_Rae=0.806 S99998 - Kim_Jun_Un=0.783 
[2025-10-22 13:46:23] INFO: [Decision] Best=S13234 - Jin_Rae(0.806), 2nd=0.783, Discriminative=0.660, AvgNeg=0.732
[2025-10-22 13:46:23] INFO: [Thresholds] Abs=0.605, Margin=0.105(13.1%), RelMargin=2.8%, Tightness=0.948, StdDev=0.025
[2025-10-22 13:46:23] INFO: [Decision] ACCEPT: Best score meets absolute threshold
[2025-10-22 13:46:23] INFO: [Recognition] Scores: S00001 - jereme=0.745 S13234 - Jin_Rae=0.824 S99998 - Kim_Jun_Un=0.798 
[2025-10-22 13:46:23] INFO: [Decision] Best=S13234 - Jin_Rae(0.824), 2nd=0.798, Discriminative=0.670, AvgNeg=0.772
[2025-10-22 13:46:23] INFO: [Thresholds] Abs=0.605, Margin=0.105(12.8%), RelMargin=3.2%, Tightness=0.948, StdDev=0.025
[2025-10-22 13:46:23] INFO: [Decision] ACCEPT: Best score meets absolute threshold
[2025-10-22 13:46:23] INFO: [Recognition] Scores: S00001 - jereme=0.750 S13234 - Jin_Rae=0.842 S99998 - Kim_Jun_Un=0.812 
[2025-10-22 13:46:23] INFO: [Decision] Best=S13234 - Jin_Rae(0.842), 2nd=0.812, Discriminative=0.686, AvgNeg=0.781
[2025-10-22 13:46:23] INFO: [Thresholds] Abs=0.605, Margin=0.105(12.5%), RelMargin=3.6%, Tightness=0.948, StdDev=0.025
[2025-10-22 13:46:23] INFO: [Decision] ACCEPT: Best score meets absolute threshold
[2025-10-22 13:46:24] INFO: [Recognition] Scores: S00001 - jereme=0.790 S13234 - Jin_Rae=0.826 S99998 - Kim_Jun_Un=0.790 
[2025-10-22 13:46:24] INFO: [Decision] Best=S13234 - Jin_Rae(0.826), 2nd=0.790, Discriminative=0.668, AvgNeg=0.790
[2025-10-22 13:46:24] INFO: [Thresholds] Abs=0.605, Margin=0.105(12.7%), RelMargin=4.4%, Tightness=0.948, StdDev=0.025
[2025-10-22 13:46:24] INFO: [Decision] ACCEPT: Best score meets absolute threshold
[2025-10-22 13:46:24] INFO: [Recognition] Scores: S00001 - jereme=0.780 S13234 - Jin_Rae=0.807 S99998 - Kim_Jun_Un=0.770 
[2025-10-22 13:46:24] INFO: [Decision] Best=S13234 - Jin_Rae(0.807), 2nd=0.780, Discriminative=0.652, AvgNeg=0.775
[2025-10-22 13:46:24] INFO: [Thresholds] Abs=0.605, Margin=0.105(13.0%), RelMargin=3.4%, Tightness=0.948, StdDev=0.025
[2025-10-22 13:46:24] INFO: [Decision] ACCEPT: Best score meets absolute threshold
[2025-10-22 13:46:25] INFO: [Recognition] Scores: S00001 - jereme=0.757 S13234 - Jin_Rae=0.817 S99998 - Kim_Jun_Un=0.788 
[2025-10-22 13:46:25] INFO: [Decision] Best=S13234 - Jin_Rae(0.817), 2nd=0.788, Discriminative=0.662, AvgNeg=0.773
[2025-10-22 13:46:25] INFO: [Thresholds] Abs=0.605, Margin=0.105(12.9%), RelMargin=3.5%, Tightness=0.948, StdDev=0.025
[2025-10-22 13:46:25] INFO: [Decision] ACCEPT: Best score meets absolute threshold
[2025-10-22 13:46:25] INFO: Exiting Face Recognition Demo...
[2025-10-22 13:46:25] INFO: Exiting Face Recognition Demo...
