[2025-10-22 13:50:53] INFO: Application Logger Initialized.
[2025-10-22 13:50:53] INFO: app.properties normalized (55 entries).
[2025-10-22 13:50:53] INFO: Configuration loaded from file: C:\SMU\CS102 Project\FaceRecognitionCS102\app.properties
[2025-10-22 13:50:53] INFO: ￢ﾜﾅ OpenFace nn4.small2.v1 model loaded successfully
[2025-10-22 13:50:53] INFO: ￢ﾜﾓ FaceAligner initialized with fallback eye detector
[2025-10-22 13:50:53] INFO: ￢ﾜﾅ Test initialized successfully
[2025-10-22 13:50:53] INFO: ￰ﾟﾓﾊ Loaded embeddings for 3 persons:
[2025-10-22 13:50:53] INFO:   S00001_jereme: 10 embeddings
[2025-10-22 13:50:53] INFO:   S13234_Jin_Rae: 17 embeddings
[2025-10-22 13:50:53] INFO:   S99998_Kim_Jun_Un: 17 embeddings
[2025-10-22 13:50:53] INFO: ￰ﾟﾔﾍ Calculating intra-person similarities...
[2025-10-22 13:50:53] INFO: ￰ﾟﾔﾍ Calculating inter-person similarities...
[2025-10-22 13:50:53] INFO: ￰ﾟﾓﾈ SIMILARITY STATISTICS
[2025-10-22 13:50:53] INFO: ==================================================
[2025-10-22 13:50:53] INFO: ￰ﾟﾎﾯ Intra-person similarities (same person):
[2025-10-22 13:50:53] INFO:   
[2025-10-22 13:50:53] INFO: S00001_jereme
[2025-10-22 13:50:53] INFO: : 
[2025-10-22 13:50:53] INFO: 0.890
[2025-10-22 13:50:53] INFO:  avg (
[2025-10-22 13:50:53] INFO: 0.777
[2025-10-22 13:50:53] INFO:  - 
[2025-10-22 13:50:53] INFO: 0.989
[2025-10-22 13:50:53] INFO: ), 
[2025-10-22 13:50:53] INFO: 45
[2025-10-22 13:50:53] INFO:  pairs
[2025-10-22 13:50:53] INFO:   
[2025-10-22 13:50:53] INFO: S13234_Jin_Rae
[2025-10-22 13:50:53] INFO: : 
[2025-10-22 13:50:53] INFO: 0.948
[2025-10-22 13:50:53] INFO:  avg (
[2025-10-22 13:50:53] INFO: 0.791
[2025-10-22 13:50:53] INFO:  - 
[2025-10-22 13:50:53] INFO: 0.996
[2025-10-22 13:50:53] INFO: ), 
[2025-10-22 13:50:53] INFO: 136
[2025-10-22 13:50:53] INFO:  pairs
[2025-10-22 13:50:53] INFO:   
[2025-10-22 13:50:53] INFO: S99998_Kim_Jun_Un
[2025-10-22 13:50:53] INFO: : 
[2025-10-22 13:50:53] INFO: 0.967
[2025-10-22 13:50:53] INFO:  avg (
[2025-10-22 13:50:53] INFO: 0.907
[2025-10-22 13:50:53] INFO:  - 
[2025-10-22 13:50:53] INFO: 0.995
[2025-10-22 13:50:53] INFO: ), 
[2025-10-22 13:50:53] INFO: 136
[2025-10-22 13:50:53] INFO:  pairs
[2025-10-22 13:50:53] INFO: ￰ﾟﾚﾫ Inter-person similarities (different persons):
[2025-10-22 13:50:53] INFO:   Overall: 
[2025-10-22 13:50:53] INFO: 0.748
[2025-10-22 13:50:53] INFO:  avg (
[2025-10-22 13:50:53] INFO: 0.578
[2025-10-22 13:50:53] INFO:  - 
[2025-10-22 13:50:53] INFO: 0.866
[2025-10-22 13:50:53] INFO: ), 
[2025-10-22 13:50:53] INFO: 27
[2025-10-22 13:50:53] INFO:  comparisons
[2025-10-22 13:50:53] INFO: ￰ﾟﾓﾊ OVERALL ASSESSMENT:
[2025-10-22 13:50:53] INFO:   Average intra-person similarity: 
[2025-10-22 13:50:53] INFO: 0.948
[2025-10-22 13:50:53] INFO:   Average inter-person similarity: 
[2025-10-22 13:50:53] INFO: 0.748
[2025-10-22 13:50:53] INFO:   Separation margin: 
[2025-10-22 13:50:53] INFO: 0.199
[2025-10-22 13:50:53] INFO:   ￢ﾚﾠ￯ﾸﾏ  Moderate separation - some overlap possible
[2025-10-22 13:50:53] INFO: ￰ﾟﾔﾢ SIMILARITY MATRIX (average similarity between persons)
[2025-10-22 13:50:53] INFO: ============================================================
[2025-10-22 13:50:53] INFO:          
[2025-10-22 13:50:53] INFO: S00001_jerem
[2025-10-22 13:50:53] INFO: S13234_Jin_R
[2025-10-22 13:50:53] INFO: S99998_Kim_J
[2025-10-22 13:50:53] INFO: S00001_je
[2025-10-22 13:50:53] INFO: 0.890
[2025-10-22 13:50:53] INFO:  
[2025-10-22 13:50:53] INFO:  
[2025-10-22 13:50:53] INFO:  
[2025-10-22 13:50:53] INFO:  
[2025-10-22 13:50:53] INFO:  
[2025-10-22 13:50:53] INFO:  
[2025-10-22 13:50:53] INFO:  
[2025-10-22 13:50:53] INFO: 0.691
[2025-10-22 13:50:53] INFO:  
[2025-10-22 13:50:53] INFO:  
[2025-10-22 13:50:53] INFO:  
[2025-10-22 13:50:53] INFO:  
[2025-10-22 13:50:53] INFO:  
[2025-10-22 13:50:53] INFO:  
[2025-10-22 13:50:53] INFO:  
[2025-10-22 13:50:53] INFO: 0.699
[2025-10-22 13:50:53] INFO:  
[2025-10-22 13:50:53] INFO:  
[2025-10-22 13:50:53] INFO:  
[2025-10-22 13:50:53] INFO:  
[2025-10-22 13:50:53] INFO:  
[2025-10-22 13:50:53] INFO:  
[2025-10-22 13:50:53] INFO:  
[2025-10-22 13:50:53] INFO: S13234_Ji
[2025-10-22 13:50:53] INFO: 0.691
[2025-10-22 13:50:53] INFO:  
[2025-10-22 13:50:53] INFO:  
[2025-10-22 13:50:53] INFO:  
[2025-10-22 13:50:53] INFO:  
[2025-10-22 13:50:53] INFO:  
[2025-10-22 13:50:53] INFO:  
[2025-10-22 13:50:53] INFO:  
[2025-10-22 13:50:53] INFO: 0.948
[2025-10-22 13:50:53] INFO:  
[2025-10-22 13:50:53] INFO:  
[2025-10-22 13:50:53] INFO:  
[2025-10-22 13:50:53] INFO:  
[2025-10-22 13:50:53] INFO:  
[2025-10-22 13:50:53] INFO:  
[2025-10-22 13:50:53] INFO:  
[2025-10-22 13:50:53] INFO: 0.849
[2025-10-22 13:50:53] INFO:  
[2025-10-22 13:50:53] INFO:  
[2025-10-22 13:50:53] INFO:  
[2025-10-22 13:50:53] INFO:  
[2025-10-22 13:50:53] INFO:  
[2025-10-22 13:50:53] INFO:  
[2025-10-22 13:50:53] INFO:  
[2025-10-22 13:50:53] INFO: S99998_Ki
[2025-10-22 13:50:53] INFO: 0.699
[2025-10-22 13:50:53] INFO:  
[2025-10-22 13:50:53] INFO:  
[2025-10-22 13:50:53] INFO:  
[2025-10-22 13:50:53] INFO:  
[2025-10-22 13:50:53] INFO:  
[2025-10-22 13:50:53] INFO:  
[2025-10-22 13:50:53] INFO:  
[2025-10-22 13:50:53] INFO: 0.849
[2025-10-22 13:50:53] INFO:  
[2025-10-22 13:50:53] INFO:  
[2025-10-22 13:50:53] INFO:  
[2025-10-22 13:50:53] INFO:  
[2025-10-22 13:50:53] INFO:  
[2025-10-22 13:50:53] INFO:  
[2025-10-22 13:50:53] INFO:  
[2025-10-22 13:50:53] INFO: 0.967
[2025-10-22 13:50:53] INFO:  
[2025-10-22 13:50:53] INFO:  
[2025-10-22 13:50:53] INFO:  
[2025-10-22 13:50:53] INFO:  
[2025-10-22 13:50:53] INFO:  
[2025-10-22 13:50:53] INFO:  
[2025-10-22 13:50:53] INFO:  
