[2025-10-23 03:00:56] INFO: Application Logger Initialized.
[2025-10-23 03:00:56] INFO: Configuration and core components loaded.
[2025-10-23 03:00:56] INFO: app.properties normalized (55 entries).
[2025-10-23 03:00:56] INFO: Configuration loaded from classpath: app.properties
[2025-10-23 03:00:56] INFO: Configuration file loaded
[2025-10-23 03:00:56] INFO: MyGUIProgram Started!
[2025-10-23 03:00:58] INFO: ￢ﾜﾓ FaceAligner initialized with 5-point alignment support
[2025-10-23 03:00:58] INFO: ￢ﾜﾅ ArcFace ResNet100 model loaded successfully
[2025-10-23 03:00:58] INFO: ￢ﾜﾓ FaceAligner initialized with 5-point alignment support
[2025-10-23 03:00:58] INFO: === Folder debug ===
[2025-10-23 03:00:58] INFO: Found folder: C:\SMU\CS102 Project\FaceRecognitionCS102\data\facedata\S13234_Jin_Rae
[2025-10-23 03:00:58] INFO:   Contains: 30 items
[2025-10-23 03:00:58] INFO:   Display label: S13234 - Jin_Rae
[2025-10-23 03:00:58] INFO: ====================
[2025-10-23 03:00:58] INFO: Person S13234 - Jin_Rae: tightness=0.999, stdDev=0.000, absThresh=0.600, margin=0.100
[2025-10-23 03:00:58] INFO: DNN face detector loaded successfully for recognition
[2025-10-23 03:00:58] INFO: Attempting camera index 0 with DSHOW backend...
[2025-10-23 03:00:59] INFO: Camera opened successfully: index 0 with DSHOW backend
[2025-10-23 03:01:00] INFO: Camera configured: 640x480 @ 30fps (MJPEG: yes)
[2025-10-23 03:01:00] INFO: Camera initialized successfully
[2025-10-23 03:01:01] INFO: [Recognition] Scores: S13234 - Jin_Rae=0.998 
[2025-10-23 03:01:01] INFO: [Decision] Best=S13234 - Jin_Rae(0.998), 2nd=0.000, Discriminative=0.998, AvgNeg=0.000
[2025-10-23 03:01:01] INFO: [Thresholds] Abs=0.600, Margin=0.100(10.0%), RelMargin=100.0%, Tightness=0.999, StdDev=0.000
[2025-10-23 03:01:01] INFO: [Accept] S13234 - Jin_Rae | Raw=0.998, Confidence=100%, Margin=0.998 | Strong confidence match
[2025-10-23 03:01:01] INFO: [Recognition] Scores: S13234 - Jin_Rae=0.997 
[2025-10-23 03:01:01] INFO: [Decision] Best=S13234 - Jin_Rae(0.997), 2nd=0.000, Discriminative=0.997, AvgNeg=0.000
[2025-10-23 03:01:01] INFO: [Thresholds] Abs=0.600, Margin=0.100(10.0%), RelMargin=100.0%, Tightness=0.999, StdDev=0.000
[2025-10-23 03:01:01] INFO: [Accept] S13234 - Jin_Rae | Raw=0.997, Confidence=100%, Margin=0.997 | Strong confidence match
[2025-10-23 03:01:02] INFO: [Recognition] Scores: S13234 - Jin_Rae=0.997 
[2025-10-23 03:01:02] INFO: [Decision] Best=S13234 - Jin_Rae(0.997), 2nd=0.000, Discriminative=0.997, AvgNeg=0.000
[2025-10-23 03:01:02] INFO: [Thresholds] Abs=0.600, Margin=0.100(10.0%), RelMargin=100.0%, Tightness=0.999, StdDev=0.000
[2025-10-23 03:01:02] INFO: [Accept] S13234 - Jin_Rae | Raw=0.997, Confidence=100%, Margin=0.997 | Strong confidence match
[2025-10-23 03:01:02] INFO: [Recognition] Scores: S13234 - Jin_Rae=0.996 
[2025-10-23 03:01:02] INFO: [Decision] Best=S13234 - Jin_Rae(0.996), 2nd=0.000, Discriminative=0.996, AvgNeg=0.000
[2025-10-23 03:01:02] INFO: [Thresholds] Abs=0.600, Margin=0.100(10.0%), RelMargin=100.0%, Tightness=0.999, StdDev=0.000
[2025-10-23 03:01:02] INFO: [Accept] S13234 - Jin_Rae | Raw=0.996, Confidence=100%, Margin=0.996 | Strong confidence match
[2025-10-23 03:01:02] INFO: [Recognition] Scores: S13234 - Jin_Rae=0.996 
[2025-10-23 03:01:02] INFO: [Decision] Best=S13234 - Jin_Rae(0.996), 2nd=0.000, Discriminative=0.996, AvgNeg=0.000
[2025-10-23 03:01:02] INFO: [Thresholds] Abs=0.600, Margin=0.100(10.0%), RelMargin=100.0%, Tightness=0.999, StdDev=0.000
[2025-10-23 03:01:02] INFO: [Accept] S13234 - Jin_Rae | Raw=0.996, Confidence=100%, Margin=0.996 | Strong confidence match
[2025-10-23 03:01:02] INFO: [Recognition] Scores: S13234 - Jin_Rae=0.998 
[2025-10-23 03:01:02] INFO: [Decision] Best=S13234 - Jin_Rae(0.998), 2nd=0.000, Discriminative=0.998, AvgNeg=0.000
[2025-10-23 03:01:02] INFO: [Thresholds] Abs=0.600, Margin=0.100(10.0%), RelMargin=100.0%, Tightness=0.999, StdDev=0.000
[2025-10-23 03:01:02] INFO: [Accept] S13234 - Jin_Rae | Raw=0.998, Confidence=100%, Margin=0.998 | Strong confidence match
[2025-10-23 03:01:02] INFO: [Recognition] Scores: S13234 - Jin_Rae=0.997 
[2025-10-23 03:01:02] INFO: [Decision] Best=S13234 - Jin_Rae(0.997), 2nd=0.000, Discriminative=0.997, AvgNeg=0.000
[2025-10-23 03:01:02] INFO: [Thresholds] Abs=0.600, Margin=0.100(10.0%), RelMargin=100.0%, Tightness=0.999, StdDev=0.000
[2025-10-23 03:01:02] INFO: [Accept] S13234 - Jin_Rae | Raw=0.997, Confidence=100%, Margin=0.997 | Strong confidence match
[2025-10-23 03:01:03] INFO: [Recognition] Scores: S13234 - Jin_Rae=0.997 
[2025-10-23 03:01:03] INFO: [Decision] Best=S13234 - Jin_Rae(0.997), 2nd=0.000, Discriminative=0.997, AvgNeg=0.000
[2025-10-23 03:01:03] INFO: [Thresholds] Abs=0.600, Margin=0.100(10.0%), RelMargin=100.0%, Tightness=0.999, StdDev=0.000
[2025-10-23 03:01:03] INFO: [Accept] S13234 - Jin_Rae | Raw=0.997, Confidence=100%, Margin=0.997 | Strong confidence match
[2025-10-23 03:01:03] INFO: [Recognition] Scores: S13234 - Jin_Rae=0.997 
[2025-10-23 03:01:03] INFO: [Decision] Best=S13234 - Jin_Rae(0.997), 2nd=0.000, Discriminative=0.997, AvgNeg=0.000
[2025-10-23 03:01:03] INFO: [Thresholds] Abs=0.600, Margin=0.100(10.0%), RelMargin=100.0%, Tightness=0.999, StdDev=0.000
[2025-10-23 03:01:03] INFO: [Accept] S13234 - Jin_Rae | Raw=0.997, Confidence=100%, Margin=0.997 | Strong confidence match
[2025-10-23 03:01:03] INFO: [Recognition] Scores: S13234 - Jin_Rae=0.998 
[2025-10-23 03:01:03] INFO: [Decision] Best=S13234 - Jin_Rae(0.998), 2nd=0.000, Discriminative=0.998, AvgNeg=0.000
[2025-10-23 03:01:03] INFO: [Thresholds] Abs=0.600, Margin=0.100(10.0%), RelMargin=100.0%, Tightness=0.999, StdDev=0.000
[2025-10-23 03:01:03] INFO: [Accept] S13234 - Jin_Rae | Raw=0.998, Confidence=100%, Margin=0.998 | Strong confidence match
[2025-10-23 03:01:03] INFO: [Recognition] Scores: S13234 - Jin_Rae=0.998 
[2025-10-23 03:01:03] INFO: [Decision] Best=S13234 - Jin_Rae(0.998), 2nd=0.000, Discriminative=0.998, AvgNeg=0.000
[2025-10-23 03:01:03] INFO: [Thresholds] Abs=0.600, Margin=0.100(10.0%), RelMargin=100.0%, Tightness=0.999, StdDev=0.000
[2025-10-23 03:01:03] INFO: [Accept] S13234 - Jin_Rae | Raw=0.998, Confidence=100%, Margin=0.998 | Strong confidence match
[2025-10-23 03:01:03] INFO: [Recognition] Scores: S13234 - Jin_Rae=0.999 
[2025-10-23 03:01:03] INFO: [Decision] Best=S13234 - Jin_Rae(0.999), 2nd=0.000, Discriminative=0.999, AvgNeg=0.000
[2025-10-23 03:01:03] INFO: [Thresholds] Abs=0.600, Margin=0.100(10.0%), RelMargin=100.0%, Tightness=0.999, StdDev=0.000
[2025-10-23 03:01:03] INFO: [Accept] S13234 - Jin_Rae | Raw=0.999, Confidence=100%, Margin=0.999 | Strong confidence match
[2025-10-23 03:01:03] INFO: [Recognition] Scores: S13234 - Jin_Rae=0.999 
[2025-10-23 03:01:03] INFO: [Decision] Best=S13234 - Jin_Rae(0.999), 2nd=0.000, Discriminative=0.999, AvgNeg=0.000
[2025-10-23 03:01:03] INFO: [Thresholds] Abs=0.600, Margin=0.100(10.0%), RelMargin=100.0%, Tightness=0.999, StdDev=0.000
[2025-10-23 03:01:03] INFO: [Accept] S13234 - Jin_Rae | Raw=0.999, Confidence=100%, Margin=0.999 | Strong confidence match
[2025-10-23 03:01:04] INFO: [Recognition] Scores: S13234 - Jin_Rae=0.999 
[2025-10-23 03:01:04] INFO: [Decision] Best=S13234 - Jin_Rae(0.999), 2nd=0.000, Discriminative=0.999, AvgNeg=0.000
[2025-10-23 03:01:04] INFO: [Thresholds] Abs=0.600, Margin=0.100(10.0%), RelMargin=100.0%, Tightness=0.999, StdDev=0.000
[2025-10-23 03:01:04] INFO: [Accept] S13234 - Jin_Rae | Raw=0.999, Confidence=100%, Margin=0.999 | Strong confidence match
[2025-10-23 03:01:04] INFO: [Recognition] Scores: S13234 - Jin_Rae=0.998 
[2025-10-23 03:01:04] INFO: [Decision] Best=S13234 - Jin_Rae(0.998), 2nd=0.000, Discriminative=0.998, AvgNeg=0.000
[2025-10-23 03:01:04] INFO: [Thresholds] Abs=0.600, Margin=0.100(10.0%), RelMargin=100.0%, Tightness=0.999, StdDev=0.000
[2025-10-23 03:01:04] INFO: [Accept] S13234 - Jin_Rae | Raw=0.998, Confidence=100%, Margin=0.998 | Strong confidence match
[2025-10-23 03:01:04] INFO: [Recognition] Scores: S13234 - Jin_Rae=0.998 
[2025-10-23 03:01:04] INFO: [Decision] Best=S13234 - Jin_Rae(0.998), 2nd=0.000, Discriminative=0.998, AvgNeg=0.000
[2025-10-23 03:01:04] INFO: [Thresholds] Abs=0.600, Margin=0.100(10.0%), RelMargin=100.0%, Tightness=0.999, StdDev=0.000
[2025-10-23 03:01:04] INFO: [Accept] S13234 - Jin_Rae | Raw=0.998, Confidence=100%, Margin=0.998 | Strong confidence match
[2025-10-23 03:01:04] INFO: [Recognition] Scores: S13234 - Jin_Rae=0.998 
[2025-10-23 03:01:04] INFO: [Decision] Best=S13234 - Jin_Rae(0.998), 2nd=0.000, Discriminative=0.998, AvgNeg=0.000
[2025-10-23 03:01:04] INFO: [Thresholds] Abs=0.600, Margin=0.100(10.0%), RelMargin=100.0%, Tightness=0.999, StdDev=0.000
[2025-10-23 03:01:04] INFO: [Accept] S13234 - Jin_Rae | Raw=0.998, Confidence=100%, Margin=0.998 | Strong confidence match
[2025-10-23 03:01:04] INFO: [Recognition] Scores: S13234 - Jin_Rae=0.999 
[2025-10-23 03:01:04] INFO: [Decision] Best=S13234 - Jin_Rae(0.999), 2nd=0.000, Discriminative=0.999, AvgNeg=0.000
[2025-10-23 03:01:04] INFO: [Thresholds] Abs=0.600, Margin=0.100(10.0%), RelMargin=100.0%, Tightness=0.999, StdDev=0.000
[2025-10-23 03:01:04] INFO: [Accept] S13234 - Jin_Rae | Raw=0.999, Confidence=100%, Margin=0.999 | Strong confidence match
[2025-10-23 03:01:05] INFO: [Recognition] Scores: S13234 - Jin_Rae=0.998 
[2025-10-23 03:01:05] INFO: [Decision] Best=S13234 - Jin_Rae(0.998), 2nd=0.000, Discriminative=0.998, AvgNeg=0.000
[2025-10-23 03:01:05] INFO: [Thresholds] Abs=0.600, Margin=0.100(10.0%), RelMargin=100.0%, Tightness=0.999, StdDev=0.000
[2025-10-23 03:01:05] INFO: [Accept] S13234 - Jin_Rae | Raw=0.998, Confidence=100%, Margin=0.998 | Strong confidence match
[2025-10-23 03:01:05] INFO: [Recognition] Scores: S13234 - Jin_Rae=0.999 
[2025-10-23 03:01:05] INFO: [Decision] Best=S13234 - Jin_Rae(0.999), 2nd=0.000, Discriminative=0.999, AvgNeg=0.000
[2025-10-23 03:01:05] INFO: [Thresholds] Abs=0.600, Margin=0.100(10.0%), RelMargin=100.0%, Tightness=0.999, StdDev=0.000
[2025-10-23 03:01:05] INFO: [Accept] S13234 - Jin_Rae | Raw=0.999, Confidence=100%, Margin=0.999 | Strong confidence match
[2025-10-23 03:01:05] INFO: [Recognition] Scores: S13234 - Jin_Rae=0.999 
[2025-10-23 03:01:05] INFO: [Decision] Best=S13234 - Jin_Rae(0.999), 2nd=0.000, Discriminative=0.999, AvgNeg=0.000
[2025-10-23 03:01:05] INFO: [Thresholds] Abs=0.600, Margin=0.100(10.0%), RelMargin=100.0%, Tightness=0.999, StdDev=0.000
[2025-10-23 03:01:05] INFO: [Accept] S13234 - Jin_Rae | Raw=0.999, Confidence=100%, Margin=0.999 | Strong confidence match
[2025-10-23 03:01:05] INFO: [Recognition] Scores: S13234 - Jin_Rae=0.998 
[2025-10-23 03:01:05] INFO: [Decision] Best=S13234 - Jin_Rae(0.998), 2nd=0.000, Discriminative=0.998, AvgNeg=0.000
[2025-10-23 03:01:05] INFO: [Thresholds] Abs=0.600, Margin=0.100(10.0%), RelMargin=100.0%, Tightness=0.999, StdDev=0.000
[2025-10-23 03:01:05] INFO: [Accept] S13234 - Jin_Rae | Raw=0.998, Confidence=100%, Margin=0.998 | Strong confidence match
[2025-10-23 03:01:05] INFO: [Recognition] Scores: S13234 - Jin_Rae=0.998 
[2025-10-23 03:01:05] INFO: [Decision] Best=S13234 - Jin_Rae(0.998), 2nd=0.000, Discriminative=0.998, AvgNeg=0.000
[2025-10-23 03:01:05] INFO: [Thresholds] Abs=0.600, Margin=0.100(10.0%), RelMargin=100.0%, Tightness=0.999, StdDev=0.000
[2025-10-23 03:01:05] INFO: [Accept] S13234 - Jin_Rae | Raw=0.998, Confidence=100%, Margin=0.998 | Strong confidence match
[2025-10-23 03:01:05] INFO: [Recognition] Scores: S13234 - Jin_Rae=0.996 
[2025-10-23 03:01:05] INFO: [Decision] Best=S13234 - Jin_Rae(0.996), 2nd=0.000, Discriminative=0.996, AvgNeg=0.000
[2025-10-23 03:01:05] INFO: [Thresholds] Abs=0.600, Margin=0.100(10.1%), RelMargin=100.0%, Tightness=0.999, StdDev=0.000
[2025-10-23 03:01:05] INFO: [Accept] S13234 - Jin_Rae | Raw=0.996, Confidence=100%, Margin=0.996 | Strong confidence match
[2025-10-23 03:01:06] INFO: [Recognition] Scores: S13234 - Jin_Rae=0.997 
[2025-10-23 03:01:06] INFO: [Decision] Best=S13234 - Jin_Rae(0.997), 2nd=0.000, Discriminative=0.997, AvgNeg=0.000
[2025-10-23 03:01:06] INFO: [Thresholds] Abs=0.600, Margin=0.100(10.0%), RelMargin=100.0%, Tightness=0.999, StdDev=0.000
[2025-10-23 03:01:06] INFO: [Accept] S13234 - Jin_Rae | Raw=0.997, Confidence=100%, Margin=0.997 | Strong confidence match
[2025-10-23 03:01:06] INFO: [Recognition] Scores: S13234 - Jin_Rae=0.997 
[2025-10-23 03:01:06] INFO: [Decision] Best=S13234 - Jin_Rae(0.997), 2nd=0.000, Discriminative=0.997, AvgNeg=0.000
[2025-10-23 03:01:06] INFO: [Thresholds] Abs=0.600, Margin=0.100(10.0%), RelMargin=100.0%, Tightness=0.999, StdDev=0.000
[2025-10-23 03:01:06] INFO: [Accept] S13234 - Jin_Rae | Raw=0.997, Confidence=100%, Margin=0.997 | Strong confidence match
[2025-10-23 03:01:06] INFO: [Recognition] Scores: S13234 - Jin_Rae=0.997 
[2025-10-23 03:01:06] INFO: [Decision] Best=S13234 - Jin_Rae(0.997), 2nd=0.000, Discriminative=0.997, AvgNeg=0.000
[2025-10-23 03:01:06] INFO: [Thresholds] Abs=0.600, Margin=0.100(10.0%), RelMargin=100.0%, Tightness=0.999, StdDev=0.000
[2025-10-23 03:01:06] INFO: [Accept] S13234 - Jin_Rae | Raw=0.997, Confidence=100%, Margin=0.997 | Strong confidence match
[2025-10-23 03:01:08] INFO: [Recognition] Scores: S13234 - Jin_Rae=0.998 
[2025-10-23 03:01:08] INFO: [Decision] Best=S13234 - Jin_Rae(0.998), 2nd=0.000, Discriminative=0.998, AvgNeg=0.000
[2025-10-23 03:01:08] INFO: [Thresholds] Abs=0.600, Margin=0.100(10.0%), RelMargin=100.0%, Tightness=0.999, StdDev=0.000
[2025-10-23 03:01:08] INFO: [Accept] S13234 - Jin_Rae | Raw=0.998, Confidence=100%, Margin=0.998 | Strong confidence match
[2025-10-23 03:01:08] INFO: [Recognition] Scores: S13234 - Jin_Rae=0.996 
[2025-10-23 03:01:08] INFO: [Decision] Best=S13234 - Jin_Rae(0.996), 2nd=0.000, Discriminative=0.996, AvgNeg=0.000
[2025-10-23 03:01:08] INFO: [Thresholds] Abs=0.600, Margin=0.100(10.0%), RelMargin=100.0%, Tightness=0.999, StdDev=0.000
[2025-10-23 03:01:08] INFO: [Accept] S13234 - Jin_Rae | Raw=0.996, Confidence=100%, Margin=0.996 | Strong confidence match
[2025-10-23 03:01:09] INFO: [Recognition] Scores: S13234 - Jin_Rae=0.995 
[2025-10-23 03:01:09] INFO: [Decision] Best=S13234 - Jin_Rae(0.995), 2nd=0.000, Discriminative=0.995, AvgNeg=0.000
[2025-10-23 03:01:09] INFO: [Thresholds] Abs=0.600, Margin=0.100(10.1%), RelMargin=100.0%, Tightness=0.999, StdDev=0.000
[2025-10-23 03:01:09] INFO: [Accept] S13234 - Jin_Rae | Raw=0.995, Confidence=100%, Margin=0.995 | Strong confidence match
[2025-10-23 03:01:09] INFO: [Recognition] Scores: S13234 - Jin_Rae=0.995 
[2025-10-23 03:01:09] INFO: [Decision] Best=S13234 - Jin_Rae(0.995), 2nd=0.000, Discriminative=0.995, AvgNeg=0.000
[2025-10-23 03:01:09] INFO: [Thresholds] Abs=0.600, Margin=0.100(10.1%), RelMargin=100.0%, Tightness=0.999, StdDev=0.000
[2025-10-23 03:01:09] INFO: [Accept] S13234 - Jin_Rae | Raw=0.995, Confidence=100%, Margin=0.995 | Strong confidence match
[2025-10-23 03:01:09] INFO: [Recognition] Scores: S13234 - Jin_Rae=0.994 
[2025-10-23 03:01:09] INFO: [Decision] Best=S13234 - Jin_Rae(0.994), 2nd=0.000, Discriminative=0.994, AvgNeg=0.000
[2025-10-23 03:01:09] INFO: [Thresholds] Abs=0.600, Margin=0.100(10.1%), RelMargin=100.0%, Tightness=0.999, StdDev=0.000
[2025-10-23 03:01:09] INFO: [Accept] S13234 - Jin_Rae | Raw=0.994, Confidence=100%, Margin=0.994 | Strong confidence match
[2025-10-23 03:01:09] INFO: [Recognition] Scores: S13234 - Jin_Rae=0.998 
[2025-10-23 03:01:09] INFO: [Decision] Best=S13234 - Jin_Rae(0.998), 2nd=0.000, Discriminative=0.998, AvgNeg=0.000
[2025-10-23 03:01:09] INFO: [Thresholds] Abs=0.600, Margin=0.100(10.0%), RelMargin=100.0%, Tightness=0.999, StdDev=0.000
[2025-10-23 03:01:09] INFO: [Accept] S13234 - Jin_Rae | Raw=0.998, Confidence=100%, Margin=0.998 | Strong confidence match
[2025-10-23 03:01:13] INFO: [Recognition] Scores: S13234 - Jin_Rae=0.998 
[2025-10-23 03:01:13] INFO: [Decision] Best=S13234 - Jin_Rae(0.998), 2nd=0.000, Discriminative=0.998, AvgNeg=0.000
[2025-10-23 03:01:13] INFO: [Thresholds] Abs=0.600, Margin=0.100(10.0%), RelMargin=100.0%, Tightness=0.999, StdDev=0.000
[2025-10-23 03:01:13] INFO: [Accept] S13234 - Jin_Rae | Raw=0.998, Confidence=100%, Margin=0.998 | Strong confidence match
[2025-10-23 03:01:14] INFO: [Recognition] Scores: S13234 - Jin_Rae=0.998 
[2025-10-23 03:01:14] INFO: [Decision] Best=S13234 - Jin_Rae(0.998), 2nd=0.000, Discriminative=0.998, AvgNeg=0.000
[2025-10-23 03:01:14] INFO: [Thresholds] Abs=0.600, Margin=0.100(10.0%), RelMargin=100.0%, Tightness=0.999, StdDev=0.000
[2025-10-23 03:01:14] INFO: [Accept] S13234 - Jin_Rae | Raw=0.998, Confidence=100%, Margin=0.998 | Strong confidence match
[2025-10-23 03:01:14] INFO: [Recognition] Scores: S13234 - Jin_Rae=0.998 
[2025-10-23 03:01:14] INFO: [Decision] Best=S13234 - Jin_Rae(0.998), 2nd=0.000, Discriminative=0.998, AvgNeg=0.000
[2025-10-23 03:01:14] INFO: [Thresholds] Abs=0.600, Margin=0.100(10.0%), RelMargin=100.0%, Tightness=0.999, StdDev=0.000
[2025-10-23 03:01:14] INFO: [Accept] S13234 - Jin_Rae | Raw=0.998, Confidence=100%, Margin=0.998 | Strong confidence match
[2025-10-23 03:01:14] INFO: [Recognition] Scores: S13234 - Jin_Rae=0.997 
[2025-10-23 03:01:14] INFO: [Decision] Best=S13234 - Jin_Rae(0.997), 2nd=0.000, Discriminative=0.997, AvgNeg=0.000
[2025-10-23 03:01:14] INFO: [Thresholds] Abs=0.600, Margin=0.100(10.0%), RelMargin=100.0%, Tightness=0.999, StdDev=0.000
[2025-10-23 03:01:14] INFO: [Accept] S13234 - Jin_Rae | Raw=0.997, Confidence=100%, Margin=0.997 | Strong confidence match
[2025-10-23 03:01:15] INFO: [Recognition] Scores: S13234 - Jin_Rae=0.997 
[2025-10-23 03:01:15] INFO: [Decision] Best=S13234 - Jin_Rae(0.997), 2nd=0.000, Discriminative=0.997, AvgNeg=0.000
[2025-10-23 03:01:15] INFO: [Thresholds] Abs=0.600, Margin=0.100(10.0%), RelMargin=100.0%, Tightness=0.999, StdDev=0.000
[2025-10-23 03:01:15] INFO: [Accept] S13234 - Jin_Rae | Raw=0.997, Confidence=100%, Margin=0.997 | Strong confidence match
[2025-10-23 03:01:15] INFO: [Recognition] Scores: S13234 - Jin_Rae=0.997 
[2025-10-23 03:01:15] INFO: [Decision] Best=S13234 - Jin_Rae(0.997), 2nd=0.000, Discriminative=0.997, AvgNeg=0.000
[2025-10-23 03:01:15] INFO: [Thresholds] Abs=0.600, Margin=0.100(10.0%), RelMargin=100.0%, Tightness=0.999, StdDev=0.000
[2025-10-23 03:01:15] INFO: [Accept] S13234 - Jin_Rae | Raw=0.997, Confidence=100%, Margin=0.997 | Strong confidence match
[2025-10-23 03:01:15] INFO: [Recognition] Scores: S13234 - Jin_Rae=0.997 
[2025-10-23 03:01:15] INFO: [Decision] Best=S13234 - Jin_Rae(0.997), 2nd=0.000, Discriminative=0.997, AvgNeg=0.000
[2025-10-23 03:01:15] INFO: [Thresholds] Abs=0.600, Margin=0.100(10.0%), RelMargin=100.0%, Tightness=0.999, StdDev=0.000
[2025-10-23 03:01:15] INFO: [Accept] S13234 - Jin_Rae | Raw=0.997, Confidence=100%, Margin=0.997 | Strong confidence match
[2025-10-23 03:01:15] INFO: [Recognition] Scores: S13234 - Jin_Rae=0.997 
[2025-10-23 03:01:15] INFO: [Decision] Best=S13234 - Jin_Rae(0.997), 2nd=0.000, Discriminative=0.997, AvgNeg=0.000
[2025-10-23 03:01:15] INFO: [Thresholds] Abs=0.600, Margin=0.100(10.0%), RelMargin=100.0%, Tightness=0.999, StdDev=0.000
[2025-10-23 03:01:15] INFO: [Accept] S13234 - Jin_Rae | Raw=0.997, Confidence=100%, Margin=0.997 | Strong confidence match
[2025-10-23 03:01:16] INFO: [Recognition] Scores: S13234 - Jin_Rae=0.998 
[2025-10-23 03:01:16] INFO: [Decision] Best=S13234 - Jin_Rae(0.998), 2nd=0.000, Discriminative=0.998, AvgNeg=0.000
[2025-10-23 03:01:16] INFO: [Thresholds] Abs=0.600, Margin=0.100(10.0%), RelMargin=100.0%, Tightness=0.999, StdDev=0.000
[2025-10-23 03:01:16] INFO: [Accept] S13234 - Jin_Rae | Raw=0.998, Confidence=100%, Margin=0.998 | Strong confidence match
[2025-10-23 03:01:16] INFO: [Recognition] Scores: S13234 - Jin_Rae=0.998 
[2025-10-23 03:01:16] INFO: [Decision] Best=S13234 - Jin_Rae(0.998), 2nd=0.000, Discriminative=0.998, AvgNeg=0.000
[2025-10-23 03:01:16] INFO: [Thresholds] Abs=0.600, Margin=0.100(10.0%), RelMargin=100.0%, Tightness=0.999, StdDev=0.000
[2025-10-23 03:01:16] INFO: [Accept] S13234 - Jin_Rae | Raw=0.998, Confidence=100%, Margin=0.998 | Strong confidence match
[2025-10-23 03:01:16] INFO: [Recognition] Scores: S13234 - Jin_Rae=0.998 
[2025-10-23 03:01:16] INFO: [Decision] Best=S13234 - Jin_Rae(0.998), 2nd=0.000, Discriminative=0.998, AvgNeg=0.000
[2025-10-23 03:01:16] INFO: [Thresholds] Abs=0.600, Margin=0.100(10.0%), RelMargin=100.0%, Tightness=0.999, StdDev=0.000
[2025-10-23 03:01:16] INFO: [Accept] S13234 - Jin_Rae | Raw=0.998, Confidence=100%, Margin=0.998 | Strong confidence match
[2025-10-23 03:01:16] INFO: [Recognition] Scores: S13234 - Jin_Rae=0.997 
[2025-10-23 03:01:16] INFO: [Decision] Best=S13234 - Jin_Rae(0.997), 2nd=0.000, Discriminative=0.997, AvgNeg=0.000
[2025-10-23 03:01:16] INFO: [Thresholds] Abs=0.600, Margin=0.100(10.0%), RelMargin=100.0%, Tightness=0.999, StdDev=0.000
[2025-10-23 03:01:16] INFO: [Accept] S13234 - Jin_Rae | Raw=0.997, Confidence=100%, Margin=0.997 | Strong confidence match
[2025-10-23 03:01:16] INFO: [Recognition] Scores: S13234 - Jin_Rae=0.998 
[2025-10-23 03:01:16] INFO: [Decision] Best=S13234 - Jin_Rae(0.998), 2nd=0.000, Discriminative=0.998, AvgNeg=0.000
[2025-10-23 03:01:16] INFO: [Thresholds] Abs=0.600, Margin=0.100(10.0%), RelMargin=100.0%, Tightness=0.999, StdDev=0.000
[2025-10-23 03:01:16] INFO: [Accept] S13234 - Jin_Rae | Raw=0.998, Confidence=100%, Margin=0.998 | Strong confidence match
[2025-10-23 03:01:17] INFO: [Recognition] Scores: S13234 - Jin_Rae=0.998 
[2025-10-23 03:01:17] INFO: [Decision] Best=S13234 - Jin_Rae(0.998), 2nd=0.000, Discriminative=0.998, AvgNeg=0.000
[2025-10-23 03:01:17] INFO: [Thresholds] Abs=0.600, Margin=0.100(10.0%), RelMargin=100.0%, Tightness=0.999, StdDev=0.000
[2025-10-23 03:01:17] INFO: [Accept] S13234 - Jin_Rae | Raw=0.998, Confidence=100%, Margin=0.998 | Strong confidence match
[2025-10-23 03:01:17] INFO: [Recognition] Scores: S13234 - Jin_Rae=0.997 
[2025-10-23 03:01:17] INFO: [Decision] Best=S13234 - Jin_Rae(0.997), 2nd=0.000, Discriminative=0.997, AvgNeg=0.000
[2025-10-23 03:01:17] INFO: [Thresholds] Abs=0.600, Margin=0.100(10.0%), RelMargin=100.0%, Tightness=0.999, StdDev=0.000
[2025-10-23 03:01:17] INFO: [Accept] S13234 - Jin_Rae | Raw=0.997, Confidence=100%, Margin=0.997 | Strong confidence match
[2025-10-23 03:01:17] INFO: [Recognition] Scores: S13234 - Jin_Rae=0.998 
[2025-10-23 03:01:17] INFO: [Decision] Best=S13234 - Jin_Rae(0.998), 2nd=0.000, Discriminative=0.998, AvgNeg=0.000
[2025-10-23 03:01:17] INFO: [Thresholds] Abs=0.600, Margin=0.100(10.0%), RelMargin=100.0%, Tightness=0.999, StdDev=0.000
[2025-10-23 03:01:17] INFO: [Accept] S13234 - Jin_Rae | Raw=0.998, Confidence=100%, Margin=0.998 | Strong confidence match
[2025-10-23 03:01:17] INFO: [Recognition] Scores: S13234 - Jin_Rae=0.998 
[2025-10-23 03:01:17] INFO: [Decision] Best=S13234 - Jin_Rae(0.998), 2nd=0.000, Discriminative=0.998, AvgNeg=0.000
[2025-10-23 03:01:17] INFO: [Thresholds] Abs=0.600, Margin=0.100(10.0%), RelMargin=100.0%, Tightness=0.999, StdDev=0.000
[2025-10-23 03:01:17] INFO: [Accept] S13234 - Jin_Rae | Raw=0.998, Confidence=100%, Margin=0.998 | Strong confidence match
[2025-10-23 03:01:18] INFO: [Recognition] Scores: S13234 - Jin_Rae=0.998 
[2025-10-23 03:01:18] INFO: [Decision] Best=S13234 - Jin_Rae(0.998), 2nd=0.000, Discriminative=0.998, AvgNeg=0.000
[2025-10-23 03:01:18] INFO: [Thresholds] Abs=0.600, Margin=0.100(10.0%), RelMargin=100.0%, Tightness=0.999, StdDev=0.000
[2025-10-23 03:01:18] INFO: [Accept] S13234 - Jin_Rae | Raw=0.998, Confidence=100%, Margin=0.998 | Strong confidence match
[2025-10-23 03:01:18] INFO: [Recognition] Scores: S13234 - Jin_Rae=0.998 
[2025-10-23 03:01:18] INFO: [Decision] Best=S13234 - Jin_Rae(0.998), 2nd=0.000, Discriminative=0.998, AvgNeg=0.000
[2025-10-23 03:01:18] INFO: [Thresholds] Abs=0.600, Margin=0.100(10.0%), RelMargin=100.0%, Tightness=0.999, StdDev=0.000
[2025-10-23 03:01:18] INFO: [Accept] S13234 - Jin_Rae | Raw=0.998, Confidence=100%, Margin=0.998 | Strong confidence match
[2025-10-23 03:01:18] INFO: [Recognition] Scores: S13234 - Jin_Rae=0.996 
[2025-10-23 03:01:18] INFO: [Decision] Best=S13234 - Jin_Rae(0.996), 2nd=0.000, Discriminative=0.996, AvgNeg=0.000
[2025-10-23 03:01:18] INFO: [Thresholds] Abs=0.600, Margin=0.100(10.0%), RelMargin=100.0%, Tightness=0.999, StdDev=0.000
[2025-10-23 03:01:18] INFO: [Accept] S13234 - Jin_Rae | Raw=0.996, Confidence=100%, Margin=0.996 | Strong confidence match
[2025-10-23 03:01:18] INFO: [Recognition] Scores: S13234 - Jin_Rae=0.999 
[2025-10-23 03:01:18] INFO: [Decision] Best=S13234 - Jin_Rae(0.999), 2nd=0.000, Discriminative=0.999, AvgNeg=0.000
[2025-10-23 03:01:18] INFO: [Thresholds] Abs=0.600, Margin=0.100(10.0%), RelMargin=100.0%, Tightness=0.999, StdDev=0.000
[2025-10-23 03:01:18] INFO: [Accept] S13234 - Jin_Rae | Raw=0.999, Confidence=100%, Margin=0.999 | Strong confidence match
[2025-10-23 03:01:18] INFO: Exiting Face Recognition Demo...
[2025-10-23 03:01:18] INFO: [Recognition] Scores: S13234 - Jin_Rae=0.998 
[2025-10-23 03:01:18] INFO: [Decision] Best=S13234 - Jin_Rae(0.998), 2nd=0.000, Discriminative=0.998, AvgNeg=0.000
[2025-10-23 03:01:18] INFO: [Thresholds] Abs=0.600, Margin=0.100(10.0%), RelMargin=100.0%, Tightness=0.999, StdDev=0.000
[2025-10-23 03:01:18] INFO: [Accept] S13234 - Jin_Rae | Raw=0.998, Confidence=100%, Margin=0.998 | Strong confidence match
[2025-10-23 03:01:18] INFO: Exiting Face Recognition Demo...
