[2025-10-19 23:58:37] INFO: Application Logger Initialized.
[2025-10-19 23:58:37] INFO: Configuration and core components loaded.
[2025-10-19 23:58:37] INFO: Configuration loaded from classpath: app.properties
[2025-10-19 23:58:37] INFO: Configuration file loaded
[2025-10-19 23:58:37] INFO: MyGUIProgram Started!
[2025-10-19 23:58:38] INFO: Face embedding model loaded successfully
[2025-10-19 23:58:38] INFO: === Folder debug ===
[2025-10-19 23:58:38] INFO: Found folder: C:\SMU\CS102 Project\FaceRecognitionCS102\data\facedata\S13234_Jin_Rae
[2025-10-19 23:58:38] INFO:   Contains: 38 items
[2025-10-19 23:58:38] INFO:   Display label: S13234 - Jin_Rae
[2025-10-19 23:58:38] INFO: ====================
[2025-10-19 23:58:38] INFO: Person S13234 - Jin_Rae: tightness=0.922, stdDev=0.018, absThresh=0.608, margin=0.108
[2025-10-19 23:58:38] INFO: DNN face detector loaded successfully for recognition
[2025-10-19 23:58:38] INFO: Attempting to open camera with DSHOW backend...
[2025-10-19 23:58:38] INFO: Camera opened successfully with DSHOW backend
[2025-10-19 23:58:40] INFO: Camera configured: 640x480 @ 30fps with MJPEG codec
[2025-10-19 23:58:40] INFO: Camera initialized successfully
[2025-10-19 23:58:40] INFO: [Reject] Face rejected: Pose/alignment check failed.
[2025-10-19 23:58:41] INFO: [Reject] Face rejected: Pose/alignment check failed.
[2025-10-19 23:58:41] INFO: [Reject] Face rejected: Pose/alignment check failed.
[2025-10-19 23:58:41] INFO: [Recognition] Scores: S13234 - Jin_Rae=0.816 
[2025-10-19 23:58:41] INFO: [Decision] Best=S13234 - Jin_Rae(0.816), 2nd=0.000, Discriminative=0.816, AvgNeg=0.000
[2025-10-19 23:58:41] INFO: [Thresholds] Abs=0.608, Margin=0.108(13.2%), RelMargin=100.0%, Tightness=0.922, StdDev=0.018
[2025-10-19 23:58:41] INFO: [Decision] ACCEPT: Primary thresholds met (abs + margin + relative)
[2025-10-19 23:58:41] INFO: [Recognition] Scores: S13234 - Jin_Rae=0.822 
[2025-10-19 23:58:41] INFO: [Decision] Best=S13234 - Jin_Rae(0.822), 2nd=0.000, Discriminative=0.822, AvgNeg=0.000
[2025-10-19 23:58:41] INFO: [Thresholds] Abs=0.608, Margin=0.108(13.1%), RelMargin=100.0%, Tightness=0.922, StdDev=0.018
[2025-10-19 23:58:41] INFO: [Decision] ACCEPT: Primary thresholds met (abs + margin + relative)
[2025-10-19 23:58:41] INFO: [Recognition] Scores: S13234 - Jin_Rae=0.815 
[2025-10-19 23:58:41] INFO: [Decision] Best=S13234 - Jin_Rae(0.815), 2nd=0.000, Discriminative=0.815, AvgNeg=0.000
[2025-10-19 23:58:41] INFO: [Thresholds] Abs=0.608, Margin=0.108(13.2%), RelMargin=100.0%, Tightness=0.922, StdDev=0.018
[2025-10-19 23:58:41] INFO: [Decision] ACCEPT: Primary thresholds met (abs + margin + relative)
[2025-10-19 23:58:42] INFO: [Recognition] Scores: S13234 - Jin_Rae=0.805 
[2025-10-19 23:58:42] INFO: [Decision] Best=S13234 - Jin_Rae(0.805), 2nd=0.000, Discriminative=0.805, AvgNeg=0.000
[2025-10-19 23:58:42] INFO: [Thresholds] Abs=0.608, Margin=0.108(13.4%), RelMargin=100.0%, Tightness=0.922, StdDev=0.018
[2025-10-19 23:58:42] INFO: [Decision] ACCEPT: Primary thresholds met (abs + margin + relative)
[2025-10-19 23:58:42] INFO: [Recognition] Scores: S13234 - Jin_Rae=0.792 
[2025-10-19 23:58:42] INFO: [Decision] Best=S13234 - Jin_Rae(0.792), 2nd=0.000, Discriminative=0.792, AvgNeg=0.000
[2025-10-19 23:58:42] INFO: [Thresholds] Abs=0.608, Margin=0.108(13.6%), RelMargin=100.0%, Tightness=0.922, StdDev=0.018
[2025-10-19 23:58:42] INFO: [Decision] ACCEPT: Primary thresholds met (abs + margin + relative)
[2025-10-19 23:58:42] INFO: [Recognition] Scores: S13234 - Jin_Rae=0.753 
[2025-10-19 23:58:42] INFO: [Decision] Best=S13234 - Jin_Rae(0.753), 2nd=0.000, Discriminative=0.753, AvgNeg=0.000
[2025-10-19 23:58:42] INFO: [Thresholds] Abs=0.608, Margin=0.108(14.3%), RelMargin=100.0%, Tightness=0.922, StdDev=0.018
[2025-10-19 23:58:42] INFO: [Decision] ACCEPT: Primary thresholds met (abs + margin + relative)
[2025-10-19 23:58:42] INFO: [Recognition] Scores: S13234 - Jin_Rae=0.745 
[2025-10-19 23:58:42] INFO: [Decision] Best=S13234 - Jin_Rae(0.745), 2nd=0.000, Discriminative=0.745, AvgNeg=0.000
[2025-10-19 23:58:42] INFO: [Thresholds] Abs=0.608, Margin=0.108(14.5%), RelMargin=100.0%, Tightness=0.922, StdDev=0.018
[2025-10-19 23:58:42] INFO: [Decision] REJECT: Below minimum confidence threshold (0.75)
[2025-10-19 23:58:42] INFO: [Decision] REJECT: Abs=
[2025-10-19 23:58:42] INFO: true
[2025-10-19 23:58:42] INFO: , AbsMargin=
[2025-10-19 23:58:42] INFO: true
[2025-10-19 23:58:42] INFO: , RelMargin=
[2025-10-19 23:58:42] INFO: true
[2025-10-19 23:58:42] INFO: (
[2025-10-19 23:58:42] INFO: 100.0
[2025-10-19 23:58:42] INFO: %
[2025-10-19 23:58:42] INFO: ), StrongMargin=
[2025-10-19 23:58:42] INFO: true
[2025-10-19 23:58:42] INFO: (
[2025-10-19 23:58:42] INFO: 12.0
[2025-10-19 23:58:42] INFO: %
[2025-10-19 23:58:42] INFO: ), Discrim=
[2025-10-19 23:58:42] INFO: true
[2025-10-19 23:58:42] INFO: , Consist=
[2025-10-19 23:58:42] INFO: true
[2025-10-19 23:58:42] INFO: (
[2025-10-19 23:58:42] INFO: 6
[2025-10-19 23:58:42] INFO: /
[2025-10-19 23:58:42] INFO: 7
[2025-10-19 23:58:42] INFO: )
[2025-10-19 23:58:43] INFO: [Recognition] Scores: S13234 - Jin_Rae=0.729 
[2025-10-19 23:58:43] INFO: [Decision] Best=S13234 - Jin_Rae(0.729), 2nd=0.000, Discriminative=0.729, AvgNeg=0.000
[2025-10-19 23:58:43] INFO: [Thresholds] Abs=0.608, Margin=0.108(14.8%), RelMargin=100.0%, Tightness=0.922, StdDev=0.018
[2025-10-19 23:58:43] INFO: [Decision] REJECT: Below minimum confidence threshold (0.75)
[2025-10-19 23:58:43] INFO: [Decision] REJECT: Abs=
[2025-10-19 23:58:43] INFO: true
[2025-10-19 23:58:43] INFO: , AbsMargin=
[2025-10-19 23:58:43] INFO: true
[2025-10-19 23:58:43] INFO: , RelMargin=
[2025-10-19 23:58:43] INFO: true
[2025-10-19 23:58:43] INFO: (
[2025-10-19 23:58:43] INFO: 100.0
[2025-10-19 23:58:43] INFO: %
[2025-10-19 23:58:43] INFO: ), StrongMargin=
[2025-10-19 23:58:43] INFO: true
[2025-10-19 23:58:43] INFO: (
[2025-10-19 23:58:43] INFO: 12.0
[2025-10-19 23:58:43] INFO: %
[2025-10-19 23:58:43] INFO: ), Discrim=
[2025-10-19 23:58:43] INFO: true
[2025-10-19 23:58:43] INFO: , Consist=
[2025-10-19 23:58:43] INFO: true
[2025-10-19 23:58:43] INFO: (
[2025-10-19 23:58:43] INFO: 6
[2025-10-19 23:58:43] INFO: /
[2025-10-19 23:58:43] INFO: 7
[2025-10-19 23:58:43] INFO: )
[2025-10-19 23:58:43] INFO: [Recognition] Scores: S13234 - Jin_Rae=0.722 
[2025-10-19 23:58:43] INFO: [Decision] Best=S13234 - Jin_Rae(0.722), 2nd=0.000, Discriminative=0.722, AvgNeg=0.000
[2025-10-19 23:58:43] INFO: [Thresholds] Abs=0.608, Margin=0.108(14.9%), RelMargin=100.0%, Tightness=0.922, StdDev=0.018
[2025-10-19 23:58:43] INFO: [Decision] REJECT: Below minimum confidence threshold (0.75)
[2025-10-19 23:58:43] INFO: [Decision] REJECT: Abs=
[2025-10-19 23:58:43] INFO: true
[2025-10-19 23:58:43] INFO: , AbsMargin=
[2025-10-19 23:58:43] INFO: true
[2025-10-19 23:58:43] INFO: , RelMargin=
[2025-10-19 23:58:43] INFO: true
[2025-10-19 23:58:43] INFO: (
[2025-10-19 23:58:43] INFO: 100.0
[2025-10-19 23:58:43] INFO: %
[2025-10-19 23:58:43] INFO: ), StrongMargin=
[2025-10-19 23:58:43] INFO: true
[2025-10-19 23:58:43] INFO: (
[2025-10-19 23:58:43] INFO: 12.0
[2025-10-19 23:58:43] INFO: %
[2025-10-19 23:58:43] INFO: ), Discrim=
[2025-10-19 23:58:43] INFO: true
[2025-10-19 23:58:43] INFO: , Consist=
[2025-10-19 23:58:43] INFO: true
[2025-10-19 23:58:43] INFO: (
[2025-10-19 23:58:43] INFO: 5
[2025-10-19 23:58:43] INFO: /
[2025-10-19 23:58:43] INFO: 7
[2025-10-19 23:58:43] INFO: )
[2025-10-19 23:58:43] INFO: [Recognition] Scores: S13234 - Jin_Rae=0.691 
[2025-10-19 23:58:43] INFO: [Decision] Best=S13234 - Jin_Rae(0.691), 2nd=0.000, Discriminative=0.691, AvgNeg=0.000
[2025-10-19 23:58:43] INFO: [Thresholds] Abs=0.608, Margin=0.108(15.6%), RelMargin=100.0%, Tightness=0.922, StdDev=0.018
[2025-10-19 23:58:43] INFO: [Decision] REJECT: Below minimum confidence threshold (0.75)
[2025-10-19 23:58:43] INFO: [Decision] REJECT: Abs=
[2025-10-19 23:58:43] INFO: true
[2025-10-19 23:58:43] INFO: , AbsMargin=
[2025-10-19 23:58:43] INFO: true
[2025-10-19 23:58:43] INFO: , RelMargin=
[2025-10-19 23:58:43] INFO: true
[2025-10-19 23:58:43] INFO: (
[2025-10-19 23:58:43] INFO: 100.0
[2025-10-19 23:58:43] INFO: %
[2025-10-19 23:58:43] INFO: ), StrongMargin=
[2025-10-19 23:58:43] INFO: true
[2025-10-19 23:58:43] INFO: (
[2025-10-19 23:58:43] INFO: 12.0
[2025-10-19 23:58:43] INFO: %
[2025-10-19 23:58:43] INFO: ), Discrim=
[2025-10-19 23:58:43] INFO: true
[2025-10-19 23:58:43] INFO: , Consist=
[2025-10-19 23:58:43] INFO: false
[2025-10-19 23:58:43] INFO: (
[2025-10-19 23:58:43] INFO: 4
[2025-10-19 23:58:43] INFO: /
[2025-10-19 23:58:43] INFO: 7
[2025-10-19 23:58:43] INFO: )
[2025-10-19 23:58:43] INFO: [Recognition] Scores: S13234 - Jin_Rae=0.692 
[2025-10-19 23:58:43] INFO: [Decision] Best=S13234 - Jin_Rae(0.692), 2nd=0.000, Discriminative=0.692, AvgNeg=0.000
[2025-10-19 23:58:43] INFO: [Thresholds] Abs=0.608, Margin=0.108(15.6%), RelMargin=100.0%, Tightness=0.922, StdDev=0.018
[2025-10-19 23:58:43] INFO: [Decision] REJECT: Below minimum confidence threshold (0.75)
[2025-10-19 23:58:43] INFO: [Decision] REJECT: Abs=
[2025-10-19 23:58:43] INFO: true
[2025-10-19 23:58:43] INFO: , AbsMargin=
[2025-10-19 23:58:43] INFO: true
[2025-10-19 23:58:43] INFO: , RelMargin=
[2025-10-19 23:58:43] INFO: true
[2025-10-19 23:58:43] INFO: (
[2025-10-19 23:58:43] INFO: 100.0
[2025-10-19 23:58:43] INFO: %
[2025-10-19 23:58:43] INFO: ), StrongMargin=
[2025-10-19 23:58:43] INFO: true
[2025-10-19 23:58:43] INFO: (
[2025-10-19 23:58:43] INFO: 12.0
[2025-10-19 23:58:43] INFO: %
[2025-10-19 23:58:43] INFO: ), Discrim=
[2025-10-19 23:58:43] INFO: true
[2025-10-19 23:58:43] INFO: , Consist=
[2025-10-19 23:58:43] INFO: false
[2025-10-19 23:58:43] INFO: (
[2025-10-19 23:58:43] INFO: 3
[2025-10-19 23:58:43] INFO: /
[2025-10-19 23:58:43] INFO: 7
[2025-10-19 23:58:43] INFO: )
[2025-10-19 23:58:43] INFO: [Reject] Face rejected: Pose/alignment check failed.
[2025-10-19 23:58:44] INFO: [Recognition] Scores: S13234 - Jin_Rae=0.754 
[2025-10-19 23:58:44] INFO: [Decision] Best=S13234 - Jin_Rae(0.754), 2nd=0.000, Discriminative=0.754, AvgNeg=0.000
[2025-10-19 23:58:44] INFO: [Thresholds] Abs=0.608, Margin=0.108(14.3%), RelMargin=100.0%, Tightness=0.922, StdDev=0.018
[2025-10-19 23:58:44] INFO: [Decision] ACCEPT: Primary thresholds met (abs + margin + relative)
[2025-10-19 23:58:44] INFO: [Reject] Face rejected: Pose/alignment check failed.
[2025-10-19 23:58:44] INFO: [Recognition] Scores: S13234 - Jin_Rae=0.703 
[2025-10-19 23:58:44] INFO: [Decision] Best=S13234 - Jin_Rae(0.703), 2nd=0.000, Discriminative=0.703, AvgNeg=0.000
[2025-10-19 23:58:44] INFO: [Thresholds] Abs=0.608, Margin=0.108(15.3%), RelMargin=100.0%, Tightness=0.922, StdDev=0.018
[2025-10-19 23:58:44] INFO: [Decision] REJECT: Below minimum confidence threshold (0.75)
[2025-10-19 23:58:44] INFO: [Decision] REJECT: Abs=
[2025-10-19 23:58:44] INFO: true
[2025-10-19 23:58:44] INFO: , AbsMargin=
[2025-10-19 23:58:44] INFO: true
[2025-10-19 23:58:44] INFO: , RelMargin=
[2025-10-19 23:58:44] INFO: true
[2025-10-19 23:58:44] INFO: (
[2025-10-19 23:58:44] INFO: 100.0
[2025-10-19 23:58:44] INFO: %
[2025-10-19 23:58:44] INFO: ), StrongMargin=
[2025-10-19 23:58:44] INFO: true
[2025-10-19 23:58:44] INFO: (
[2025-10-19 23:58:44] INFO: 12.0
[2025-10-19 23:58:44] INFO: %
[2025-10-19 23:58:44] INFO: ), Discrim=
[2025-10-19 23:58:44] INFO: true
[2025-10-19 23:58:44] INFO: , Consist=
[2025-10-19 23:58:44] INFO: false
[2025-10-19 23:58:44] INFO: (
[2025-10-19 23:58:44] INFO: 2
[2025-10-19 23:58:44] INFO: /
[2025-10-19 23:58:44] INFO: 7
[2025-10-19 23:58:44] INFO: )
[2025-10-19 23:58:44] INFO: [Reject] Face rejected: Pose/alignment check failed.
[2025-10-19 23:58:44] INFO: [Recognition] Scores: S13234 - Jin_Rae=0.842 
[2025-10-19 23:58:44] INFO: [Decision] Best=S13234 - Jin_Rae(0.842), 2nd=0.000, Discriminative=0.842, AvgNeg=0.000
[2025-10-19 23:58:44] INFO: [Thresholds] Abs=0.608, Margin=0.108(12.8%), RelMargin=100.0%, Tightness=0.922, StdDev=0.018
[2025-10-19 23:58:44] INFO: [Decision] ACCEPT: Primary thresholds met (abs + margin + relative)
[2025-10-19 23:58:45] INFO: [Recognition] Scores: S13234 - Jin_Rae=0.909 
[2025-10-19 23:58:45] INFO: [Decision] Best=S13234 - Jin_Rae(0.909), 2nd=0.000, Discriminative=0.909, AvgNeg=0.000
[2025-10-19 23:58:45] INFO: [Thresholds] Abs=0.608, Margin=0.108(11.9%), RelMargin=100.0%, Tightness=0.922, StdDev=0.018
[2025-10-19 23:58:45] INFO: [Decision] ACCEPT: Primary thresholds met (abs + margin + relative)
[2025-10-19 23:58:45] INFO: [Recognition] Scores: S13234 - Jin_Rae=0.876 
[2025-10-19 23:58:45] INFO: [Decision] Best=S13234 - Jin_Rae(0.876), 2nd=0.000, Discriminative=0.876, AvgNeg=0.000
[2025-10-19 23:58:45] INFO: [Thresholds] Abs=0.608, Margin=0.108(12.3%), RelMargin=100.0%, Tightness=0.922, StdDev=0.018
[2025-10-19 23:58:45] INFO: [Decision] ACCEPT: Primary thresholds met (abs + margin + relative)
[2025-10-19 23:58:45] INFO: [Reject] Face rejected: Pose/alignment check failed.
[2025-10-19 23:58:45] INFO: [Recognition] Scores: S13234 - Jin_Rae=0.877 
[2025-10-19 23:58:45] INFO: [Decision] Best=S13234 - Jin_Rae(0.877), 2nd=0.000, Discriminative=0.877, AvgNeg=0.000
[2025-10-19 23:58:45] INFO: [Thresholds] Abs=0.608, Margin=0.108(12.3%), RelMargin=100.0%, Tightness=0.922, StdDev=0.018
[2025-10-19 23:58:45] INFO: [Decision] ACCEPT: Primary thresholds met (abs + margin + relative)
[2025-10-19 23:58:45] INFO: [Reject] Face rejected: Pose/alignment check failed.
[2025-10-19 23:58:45] INFO: [Reject] Face rejected: Pose/alignment check failed.
[2025-10-19 23:58:46] INFO: [Reject] Face rejected: Pose/alignment check failed.
[2025-10-19 23:58:46] INFO: [Recognition] Scores: S13234 - Jin_Rae=0.889 
[2025-10-19 23:58:46] INFO: [Decision] Best=S13234 - Jin_Rae(0.889), 2nd=0.000, Discriminative=0.889, AvgNeg=0.000
[2025-10-19 23:58:46] INFO: [Thresholds] Abs=0.608, Margin=0.108(12.1%), RelMargin=100.0%, Tightness=0.922, StdDev=0.018
[2025-10-19 23:58:46] INFO: [Decision] ACCEPT: Primary thresholds met (abs + margin + relative)
[2025-10-19 23:58:46] INFO: [Reject] Face rejected: Pose/alignment check failed.
[2025-10-19 23:58:46] INFO: [Reject] Face rejected: Pose/alignment check failed.
[2025-10-19 23:58:46] INFO: [Recognition] Scores: S13234 - Jin_Rae=0.900 
[2025-10-19 23:58:46] INFO: [Decision] Best=S13234 - Jin_Rae(0.900), 2nd=0.000, Discriminative=0.900, AvgNeg=0.000
[2025-10-19 23:58:46] INFO: [Thresholds] Abs=0.608, Margin=0.108(12.0%), RelMargin=100.0%, Tightness=0.922, StdDev=0.018
[2025-10-19 23:58:46] INFO: [Decision] ACCEPT: Primary thresholds met (abs + margin + relative)
[2025-10-19 23:58:46] INFO: [Reject] Face rejected: Pose/alignment check failed.
[2025-10-19 23:58:47] INFO: [Recognition] Scores: S13234 - Jin_Rae=0.897 
[2025-10-19 23:58:47] INFO: [Decision] Best=S13234 - Jin_Rae(0.897), 2nd=0.000, Discriminative=0.897, AvgNeg=0.000
[2025-10-19 23:58:47] INFO: [Thresholds] Abs=0.608, Margin=0.108(12.0%), RelMargin=100.0%, Tightness=0.922, StdDev=0.018
[2025-10-19 23:58:47] INFO: [Decision] ACCEPT: Primary thresholds met (abs + margin + relative)
[2025-10-19 23:58:47] INFO: [Recognition] Scores: S13234 - Jin_Rae=0.899 
[2025-10-19 23:58:47] INFO: [Decision] Best=S13234 - Jin_Rae(0.899), 2nd=0.000, Discriminative=0.899, AvgNeg=0.000
[2025-10-19 23:58:47] INFO: [Thresholds] Abs=0.608, Margin=0.108(12.0%), RelMargin=100.0%, Tightness=0.922, StdDev=0.018
[2025-10-19 23:58:47] INFO: [Decision] ACCEPT: Primary thresholds met (abs + margin + relative)
[2025-10-19 23:58:47] INFO: [Recognition] Scores: S13234 - Jin_Rae=0.891 
[2025-10-19 23:58:47] INFO: [Decision] Best=S13234 - Jin_Rae(0.891), 2nd=0.000, Discriminative=0.891, AvgNeg=0.000
[2025-10-19 23:58:47] INFO: [Thresholds] Abs=0.608, Margin=0.108(12.1%), RelMargin=100.0%, Tightness=0.922, StdDev=0.018
[2025-10-19 23:58:47] INFO: [Decision] ACCEPT: Primary thresholds met (abs + margin + relative)
[2025-10-19 23:58:47] INFO: [Recognition] Scores: S13234 - Jin_Rae=0.891 
[2025-10-19 23:58:47] INFO: [Decision] Best=S13234 - Jin_Rae(0.891), 2nd=0.000, Discriminative=0.891, AvgNeg=0.000
[2025-10-19 23:58:47] INFO: [Thresholds] Abs=0.608, Margin=0.108(12.1%), RelMargin=100.0%, Tightness=0.922, StdDev=0.018
[2025-10-19 23:58:47] INFO: [Decision] ACCEPT: Primary thresholds met (abs + margin + relative)
[2025-10-19 23:58:48] INFO: [Recognition] Scores: S13234 - Jin_Rae=0.881 
[2025-10-19 23:58:48] INFO: [Decision] Best=S13234 - Jin_Rae(0.881), 2nd=0.000, Discriminative=0.881, AvgNeg=0.000
[2025-10-19 23:58:48] INFO: [Thresholds] Abs=0.608, Margin=0.108(12.2%), RelMargin=100.0%, Tightness=0.922, StdDev=0.018
[2025-10-19 23:58:48] INFO: [Decision] ACCEPT: Primary thresholds met (abs + margin + relative)
[2025-10-19 23:58:48] INFO: [Recognition] Scores: S13234 - Jin_Rae=0.899 
[2025-10-19 23:58:48] INFO: [Decision] Best=S13234 - Jin_Rae(0.899), 2nd=0.000, Discriminative=0.899, AvgNeg=0.000
[2025-10-19 23:58:48] INFO: [Thresholds] Abs=0.608, Margin=0.108(12.0%), RelMargin=100.0%, Tightness=0.922, StdDev=0.018
[2025-10-19 23:58:48] INFO: [Decision] ACCEPT: Primary thresholds met (abs + margin + relative)
[2025-10-19 23:58:48] INFO: [Recognition] Scores: S13234 - Jin_Rae=0.900 
[2025-10-19 23:58:48] INFO: [Decision] Best=S13234 - Jin_Rae(0.900), 2nd=0.000, Discriminative=0.900, AvgNeg=0.000
[2025-10-19 23:58:48] INFO: [Thresholds] Abs=0.608, Margin=0.108(12.0%), RelMargin=100.0%, Tightness=0.922, StdDev=0.018
[2025-10-19 23:58:48] INFO: [Decision] ACCEPT: Primary thresholds met (abs + margin + relative)
[2025-10-19 23:58:48] INFO: [Reject] Face rejected: Pose/alignment check failed.
[2025-10-19 23:58:49] INFO: [Recognition] Scores: S13234 - Jin_Rae=0.908 
[2025-10-19 23:58:49] INFO: [Decision] Best=S13234 - Jin_Rae(0.908), 2nd=0.000, Discriminative=0.908, AvgNeg=0.000
[2025-10-19 23:58:49] INFO: [Thresholds] Abs=0.608, Margin=0.108(11.9%), RelMargin=100.0%, Tightness=0.922, StdDev=0.018
[2025-10-19 23:58:49] INFO: [Decision] ACCEPT: Primary thresholds met (abs + margin + relative)
[2025-10-19 23:58:49] INFO: [Recognition] Scores: S13234 - Jin_Rae=0.914 
[2025-10-19 23:58:49] INFO: [Decision] Best=S13234 - Jin_Rae(0.914), 2nd=0.000, Discriminative=0.914, AvgNeg=0.000
[2025-10-19 23:58:49] INFO: [Thresholds] Abs=0.608, Margin=0.108(11.8%), RelMargin=100.0%, Tightness=0.922, StdDev=0.018
[2025-10-19 23:58:49] INFO: [Decision] ACCEPT: Primary thresholds met (abs + margin + relative)
[2025-10-19 23:58:49] INFO: [Recognition] Scores: S13234 - Jin_Rae=0.908 
[2025-10-19 23:58:49] INFO: [Decision] Best=S13234 - Jin_Rae(0.908), 2nd=0.000, Discriminative=0.908, AvgNeg=0.000
[2025-10-19 23:58:49] INFO: [Thresholds] Abs=0.608, Margin=0.108(11.9%), RelMargin=100.0%, Tightness=0.922, StdDev=0.018
[2025-10-19 23:58:49] INFO: [Decision] ACCEPT: Primary thresholds met (abs + margin + relative)
[2025-10-19 23:58:49] INFO: [Recognition] Scores: S13234 - Jin_Rae=0.912 
[2025-10-19 23:58:49] INFO: [Decision] Best=S13234 - Jin_Rae(0.912), 2nd=0.000, Discriminative=0.912, AvgNeg=0.000
[2025-10-19 23:58:49] INFO: [Thresholds] Abs=0.608, Margin=0.108(11.8%), RelMargin=100.0%, Tightness=0.922, StdDev=0.018
[2025-10-19 23:58:49] INFO: [Decision] ACCEPT: Primary thresholds met (abs + margin + relative)
[2025-10-19 23:58:50] INFO: [Recognition] Scores: S13234 - Jin_Rae=0.909 
[2025-10-19 23:58:50] INFO: [Decision] Best=S13234 - Jin_Rae(0.909), 2nd=0.000, Discriminative=0.909, AvgNeg=0.000
[2025-10-19 23:58:50] INFO: [Thresholds] Abs=0.608, Margin=0.108(11.9%), RelMargin=100.0%, Tightness=0.922, StdDev=0.018
[2025-10-19 23:58:50] INFO: [Decision] ACCEPT: Primary thresholds met (abs + margin + relative)
[2025-10-19 23:58:50] INFO: [Recognition] Scores: S13234 - Jin_Rae=0.910 
[2025-10-19 23:58:50] INFO: [Decision] Best=S13234 - Jin_Rae(0.910), 2nd=0.000, Discriminative=0.910, AvgNeg=0.000
[2025-10-19 23:58:50] INFO: [Thresholds] Abs=0.608, Margin=0.108(11.8%), RelMargin=100.0%, Tightness=0.922, StdDev=0.018
[2025-10-19 23:58:50] INFO: [Decision] ACCEPT: Primary thresholds met (abs + margin + relative)
[2025-10-19 23:58:50] INFO: Exiting Face Recognition Demo...
[2025-10-19 23:58:50] INFO: [Recognition] Scores: S13234 - Jin_Rae=0.904 
[2025-10-19 23:58:50] INFO: [Decision] Best=S13234 - Jin_Rae(0.904), 2nd=0.000, Discriminative=0.904, AvgNeg=0.000
[2025-10-19 23:58:50] INFO: [Thresholds] Abs=0.608, Margin=0.108(11.9%), RelMargin=100.0%, Tightness=0.922, StdDev=0.018
[2025-10-19 23:58:50] INFO: [Decision] ACCEPT: Primary thresholds met (abs + margin + relative)
[2025-10-19 23:58:50] INFO: Exiting Face Recognition Demo...
