[2025-10-23 01:47:08] INFO: Application Logger Initialized.
[2025-10-23 01:47:08] INFO: Configuration and core components loaded.
[2025-10-23 01:47:08] INFO: app.properties normalized (55 entries).
[2025-10-23 01:47:08] INFO: Configuration loaded from classpath: app.properties
[2025-10-23 01:47:08] INFO: Configuration file loaded
[2025-10-23 01:47:08] INFO: MyGUIProgram Started!
[2025-10-23 01:47:09] INFO: ￢ﾜﾓ FaceAligner initialized with 5-point alignment support
[2025-10-23 01:47:10] INFO: ￢ﾜﾅ ArcFace ResNet100 model loaded successfully
[2025-10-23 01:47:10] INFO: ￢ﾜﾓ FaceAligner initialized with 5-point alignment support
[2025-10-23 01:47:10] INFO: === Folder debug ===
[2025-10-23 01:47:10] INFO: Found folder: C:\SMU\CS102 Project\FaceRecognitionCS102\data\facedata\S00000_Nicholas
[2025-10-23 01:47:10] INFO:   Contains: 34 items
[2025-10-23 01:47:10] INFO:   Display label: S00000 - Nicholas
[2025-10-23 01:47:10] INFO: Found folder: C:\SMU\CS102 Project\FaceRecognitionCS102\data\facedata\S13234_Jin_Rae
[2025-10-23 01:47:10] INFO:   Contains: 36 items
[2025-10-23 01:47:10] INFO:   Display label: S13234 - Jin_Rae
[2025-10-23 01:47:10] INFO: Found folder: C:\SMU\CS102 Project\FaceRecognitionCS102\data\facedata\S99999_Tonald_Drump
[2025-10-23 01:47:10] INFO:   Contains: 8 items
[2025-10-23 01:47:10] INFO:   Display label: S99999 - Tonald_Drump
[2025-10-23 01:47:10] INFO: ====================
[2025-10-23 01:47:10] SEVERE: Invalid embedding size: 512, expected: 2048
[2025-10-23 01:47:10] WARNING: Skipping invalid embedding file: S00000_001.emb
[2025-10-23 01:47:10] SEVERE: Invalid embedding size: 512, expected: 2048
[2025-10-23 01:47:10] WARNING: Skipping invalid embedding file: S00000_002.emb
[2025-10-23 01:47:10] SEVERE: Invalid embedding size: 512, expected: 2048
[2025-10-23 01:47:10] WARNING: Skipping invalid embedding file: S00000_003.emb
[2025-10-23 01:47:10] SEVERE: Invalid embedding size: 512, expected: 2048
[2025-10-23 01:47:10] WARNING: Skipping invalid embedding file: S00000_004.emb
[2025-10-23 01:47:10] SEVERE: Invalid embedding size: 512, expected: 2048
[2025-10-23 01:47:10] WARNING: Skipping invalid embedding file: S00000_007.emb
[2025-10-23 01:47:10] SEVERE: Invalid embedding size: 512, expected: 2048
[2025-10-23 01:47:10] WARNING: Skipping invalid embedding file: S00000_008.emb
[2025-10-23 01:47:10] SEVERE: Invalid embedding size: 512, expected: 2048
[2025-10-23 01:47:10] WARNING: Skipping invalid embedding file: S00000_009.emb
[2025-10-23 01:47:10] SEVERE: Invalid embedding size: 512, expected: 2048
[2025-10-23 01:47:10] WARNING: Skipping invalid embedding file: S00000_010.emb
[2025-10-23 01:47:10] SEVERE: Invalid embedding size: 512, expected: 2048
[2025-10-23 01:47:10] WARNING: Skipping invalid embedding file: S00000_011.emb
[2025-10-23 01:47:10] SEVERE: Invalid embedding size: 512, expected: 2048
[2025-10-23 01:47:10] WARNING: Skipping invalid embedding file: S00000_012.emb
[2025-10-23 01:47:10] SEVERE: Invalid embedding size: 512, expected: 2048
[2025-10-23 01:47:10] WARNING: Skipping invalid embedding file: S00000_013.emb
[2025-10-23 01:47:10] SEVERE: Invalid embedding size: 512, expected: 2048
[2025-10-23 01:47:10] WARNING: Skipping invalid embedding file: S00000_014.emb
[2025-10-23 01:47:10] SEVERE: Invalid embedding size: 512, expected: 2048
[2025-10-23 01:47:10] WARNING: Skipping invalid embedding file: S00000_015.emb
[2025-10-23 01:47:10] SEVERE: Invalid embedding size: 512, expected: 2048
[2025-10-23 01:47:10] WARNING: Skipping invalid embedding file: S00000_016.emb
[2025-10-23 01:47:10] SEVERE: Invalid embedding size: 512, expected: 2048
[2025-10-23 01:47:10] WARNING: Skipping invalid embedding file: S00000_017.emb
[2025-10-23 01:47:10] SEVERE: Invalid embedding size: 512, expected: 2048
[2025-10-23 01:47:10] WARNING: Skipping invalid embedding file: S00000_018.emb
[2025-10-23 01:47:10] SEVERE: Invalid embedding size: 512, expected: 2048
[2025-10-23 01:47:10] WARNING: Skipping invalid embedding file: S00000_020.emb
[2025-10-23 01:47:10] INFO: Person S00000 - Nicholas: tightness=1.000, stdDev=0.000, absThresh=0.600, margin=0.100
[2025-10-23 01:47:10] SEVERE: Invalid embedding size: 512, expected: 2048
[2025-10-23 01:47:10] WARNING: Skipping invalid embedding file: S13234_001.emb
[2025-10-23 01:47:10] SEVERE: Invalid embedding size: 512, expected: 2048
[2025-10-23 01:47:10] WARNING: Skipping invalid embedding file: S13234_002.emb
[2025-10-23 01:47:10] SEVERE: Invalid embedding size: 512, expected: 2048
[2025-10-23 01:47:10] WARNING: Skipping invalid embedding file: S13234_006.emb
[2025-10-23 01:47:10] SEVERE: Invalid embedding size: 512, expected: 2048
[2025-10-23 01:47:10] WARNING: Skipping invalid embedding file: S13234_008.emb
[2025-10-23 01:47:10] SEVERE: Invalid embedding size: 512, expected: 2048
[2025-10-23 01:47:10] WARNING: Skipping invalid embedding file: S13234_009.emb
[2025-10-23 01:47:10] SEVERE: Invalid embedding size: 512, expected: 2048
[2025-10-23 01:47:10] WARNING: Skipping invalid embedding file: S13234_010.emb
[2025-10-23 01:47:10] SEVERE: Invalid embedding size: 512, expected: 2048
[2025-10-23 01:47:10] WARNING: Skipping invalid embedding file: S13234_013.emb
[2025-10-23 01:47:10] SEVERE: Invalid embedding size: 512, expected: 2048
[2025-10-23 01:47:10] WARNING: Skipping invalid embedding file: S13234_014.emb
[2025-10-23 01:47:10] SEVERE: Invalid embedding size: 512, expected: 2048
[2025-10-23 01:47:10] WARNING: Skipping invalid embedding file: S13234_017.emb
[2025-10-23 01:47:10] SEVERE: Invalid embedding size: 512, expected: 2048
[2025-10-23 01:47:10] WARNING: Skipping invalid embedding file: S13234_018.emb
[2025-10-23 01:47:10] SEVERE: Invalid embedding size: 512, expected: 2048
[2025-10-23 01:47:10] WARNING: Skipping invalid embedding file: S13234_020.emb
[2025-10-23 01:47:10] INFO: Person S13234 - Jin_Rae: tightness=0.999, stdDev=0.000, absThresh=0.600, margin=0.100
[2025-10-23 01:47:10] SEVERE: Invalid embedding size: 512, expected: 2048
[2025-10-23 01:47:10] WARNING: Skipping invalid embedding file: S99999_009.emb
[2025-10-23 01:47:10] SEVERE: Invalid embedding size: 512, expected: 2048
[2025-10-23 01:47:10] WARNING: Skipping invalid embedding file: S99999_015.emb
[2025-10-23 01:47:10] SEVERE: Invalid embedding size: 512, expected: 2048
[2025-10-23 01:47:10] WARNING: Skipping invalid embedding file: S99999_017.emb
[2025-10-23 01:47:10] SEVERE: Invalid embedding size: 512, expected: 2048
[2025-10-23 01:47:10] WARNING: Skipping invalid embedding file: S99999_020.emb
[2025-10-23 01:47:10] INFO: Person S99999 - Tonald_Drump: tightness=1.000, stdDev=0.000, absThresh=0.600, margin=0.100
[2025-10-23 01:47:10] INFO: DNN face detector loaded successfully for recognition
[2025-10-23 01:47:10] INFO: Attempting camera index 0 with DSHOW backend...
[2025-10-23 01:47:11] INFO: Camera opened successfully: index 0 with DSHOW backend
[2025-10-23 01:47:12] INFO: Camera configured: 640x480 @ 30fps (MJPEG: yes)
[2025-10-23 01:47:12] INFO: Camera initialized successfully
[2025-10-23 01:47:13] INFO: [Recognition] Scores: S00000 - Nicholas=0.000 S13234 - Jin_Rae=0.995 S99999 - Tonald_Drump=0.000 
[2025-10-23 01:47:13] INFO: [Decision] Best=S13234 - Jin_Rae(0.995), 2nd=0.000, Discriminative=0.995, AvgNeg=0.000
[2025-10-23 01:47:13] INFO: [Thresholds] Abs=0.600, Margin=0.100(10.1%), RelMargin=100.0%, Tightness=0.999, StdDev=0.000
[2025-10-23 01:47:13] INFO: [Accept] S13234 - Jin_Rae | Raw=0.995, Confidence=100%, Margin=0.995 | Strong confidence match
[2025-10-23 01:47:13] INFO: [Recognition] Scores: S00000 - Nicholas=0.000 S13234 - Jin_Rae=0.995 S99999 - Tonald_Drump=0.000 
[2025-10-23 01:47:13] INFO: [Decision] Best=S13234 - Jin_Rae(0.995), 2nd=0.000, Discriminative=0.995, AvgNeg=0.000
[2025-10-23 01:47:13] INFO: [Thresholds] Abs=0.600, Margin=0.100(10.1%), RelMargin=100.0%, Tightness=0.999, StdDev=0.000
[2025-10-23 01:47:13] INFO: [Accept] S13234 - Jin_Rae | Raw=0.995, Confidence=100%, Margin=0.995 | Strong confidence match
[2025-10-23 01:47:13] INFO: [Recognition] Scores: S00000 - Nicholas=0.000 S13234 - Jin_Rae=0.995 S99999 - Tonald_Drump=0.000 
[2025-10-23 01:47:13] INFO: [Decision] Best=S13234 - Jin_Rae(0.995), 2nd=0.000, Discriminative=0.995, AvgNeg=0.000
[2025-10-23 01:47:13] INFO: [Thresholds] Abs=0.600, Margin=0.100(10.1%), RelMargin=100.0%, Tightness=0.999, StdDev=0.000
[2025-10-23 01:47:13] INFO: [Accept] S13234 - Jin_Rae | Raw=0.995, Confidence=100%, Margin=0.995 | Strong confidence match
[2025-10-23 01:47:14] INFO: [Recognition] Scores: S00000 - Nicholas=0.000 S13234 - Jin_Rae=0.995 S99999 - Tonald_Drump=0.000 
[2025-10-23 01:47:14] INFO: [Decision] Best=S13234 - Jin_Rae(0.995), 2nd=0.000, Discriminative=0.995, AvgNeg=0.000
[2025-10-23 01:47:14] INFO: [Thresholds] Abs=0.600, Margin=0.100(10.1%), RelMargin=100.0%, Tightness=0.999, StdDev=0.000
[2025-10-23 01:47:14] INFO: [Accept] S13234 - Jin_Rae | Raw=0.995, Confidence=100%, Margin=0.995 | Strong confidence match
[2025-10-23 01:47:14] INFO: [Recognition] Scores: S00000 - Nicholas=0.000 S13234 - Jin_Rae=0.995 S99999 - Tonald_Drump=0.000 
[2025-10-23 01:47:14] INFO: [Decision] Best=S13234 - Jin_Rae(0.995), 2nd=0.000, Discriminative=0.995, AvgNeg=0.000
[2025-10-23 01:47:14] INFO: [Thresholds] Abs=0.600, Margin=0.100(10.1%), RelMargin=100.0%, Tightness=0.999, StdDev=0.000
[2025-10-23 01:47:14] INFO: [Accept] S13234 - Jin_Rae | Raw=0.995, Confidence=100%, Margin=0.995 | Strong confidence match
[2025-10-23 01:47:14] INFO: [Recognition] Scores: S00000 - Nicholas=0.000 S13234 - Jin_Rae=0.995 S99999 - Tonald_Drump=0.000 
[2025-10-23 01:47:14] INFO: [Decision] Best=S13234 - Jin_Rae(0.995), 2nd=0.000, Discriminative=0.995, AvgNeg=0.000
[2025-10-23 01:47:14] INFO: [Thresholds] Abs=0.600, Margin=0.100(10.1%), RelMargin=100.0%, Tightness=0.999, StdDev=0.000
[2025-10-23 01:47:14] INFO: [Accept] S13234 - Jin_Rae | Raw=0.995, Confidence=100%, Margin=0.995 | Strong confidence match
[2025-10-23 01:47:14] INFO: [Recognition] Scores: S00000 - Nicholas=0.000 S13234 - Jin_Rae=0.997 S99999 - Tonald_Drump=0.000 
[2025-10-23 01:47:14] INFO: [Decision] Best=S13234 - Jin_Rae(0.997), 2nd=0.000, Discriminative=0.997, AvgNeg=0.000
[2025-10-23 01:47:14] INFO: [Thresholds] Abs=0.600, Margin=0.100(10.0%), RelMargin=100.0%, Tightness=0.999, StdDev=0.000
[2025-10-23 01:47:14] INFO: [Accept] S13234 - Jin_Rae | Raw=0.997, Confidence=100%, Margin=0.997 | Strong confidence match
[2025-10-23 01:47:14] INFO: [Recognition] Scores: S00000 - Nicholas=0.000 S13234 - Jin_Rae=0.994 S99999 - Tonald_Drump=0.000 
[2025-10-23 01:47:14] INFO: [Decision] Best=S13234 - Jin_Rae(0.994), 2nd=0.000, Discriminative=0.994, AvgNeg=0.000
[2025-10-23 01:47:14] INFO: [Thresholds] Abs=0.600, Margin=0.100(10.1%), RelMargin=100.0%, Tightness=0.999, StdDev=0.000
[2025-10-23 01:47:14] INFO: [Accept] S13234 - Jin_Rae | Raw=0.994, Confidence=100%, Margin=0.994 | Strong confidence match
[2025-10-23 01:47:15] INFO: [Recognition] Scores: S00000 - Nicholas=0.000 S13234 - Jin_Rae=0.997 S99999 - Tonald_Drump=0.000 
[2025-10-23 01:47:15] INFO: [Decision] Best=S13234 - Jin_Rae(0.997), 2nd=0.000, Discriminative=0.997, AvgNeg=0.000
[2025-10-23 01:47:15] INFO: [Thresholds] Abs=0.600, Margin=0.100(10.0%), RelMargin=100.0%, Tightness=0.999, StdDev=0.000
[2025-10-23 01:47:15] INFO: [Accept] S13234 - Jin_Rae | Raw=0.997, Confidence=100%, Margin=0.997 | Strong confidence match
[2025-10-23 01:47:15] INFO: [Recognition] Scores: S00000 - Nicholas=0.000 S13234 - Jin_Rae=0.997 S99999 - Tonald_Drump=0.000 
[2025-10-23 01:47:15] INFO: [Decision] Best=S13234 - Jin_Rae(0.997), 2nd=0.000, Discriminative=0.997, AvgNeg=0.000
[2025-10-23 01:47:15] INFO: [Thresholds] Abs=0.600, Margin=0.100(10.0%), RelMargin=100.0%, Tightness=0.999, StdDev=0.000
[2025-10-23 01:47:15] INFO: [Accept] S13234 - Jin_Rae | Raw=0.997, Confidence=100%, Margin=0.997 | Strong confidence match
[2025-10-23 01:47:15] INFO: [Recognition] Scores: S00000 - Nicholas=0.000 S13234 - Jin_Rae=0.998 S99999 - Tonald_Drump=0.000 
[2025-10-23 01:47:15] INFO: [Decision] Best=S13234 - Jin_Rae(0.998), 2nd=0.000, Discriminative=0.998, AvgNeg=0.000
[2025-10-23 01:47:15] INFO: [Thresholds] Abs=0.600, Margin=0.100(10.0%), RelMargin=100.0%, Tightness=0.999, StdDev=0.000
[2025-10-23 01:47:15] INFO: [Accept] S13234 - Jin_Rae | Raw=0.998, Confidence=100%, Margin=0.998 | Strong confidence match
[2025-10-23 01:47:15] INFO: [Recognition] Scores: S00000 - Nicholas=0.000 S13234 - Jin_Rae=0.995 S99999 - Tonald_Drump=0.000 
[2025-10-23 01:47:15] INFO: [Decision] Best=S13234 - Jin_Rae(0.995), 2nd=0.000, Discriminative=0.995, AvgNeg=0.000
[2025-10-23 01:47:15] INFO: [Thresholds] Abs=0.600, Margin=0.100(10.1%), RelMargin=100.0%, Tightness=0.999, StdDev=0.000
[2025-10-23 01:47:15] INFO: [Accept] S13234 - Jin_Rae | Raw=0.995, Confidence=100%, Margin=0.995 | Strong confidence match
[2025-10-23 01:47:15] INFO: [Recognition] Scores: S00000 - Nicholas=0.000 S13234 - Jin_Rae=0.997 S99999 - Tonald_Drump=0.000 
[2025-10-23 01:47:15] INFO: [Decision] Best=S13234 - Jin_Rae(0.997), 2nd=0.000, Discriminative=0.997, AvgNeg=0.000
[2025-10-23 01:47:15] INFO: [Thresholds] Abs=0.600, Margin=0.100(10.0%), RelMargin=100.0%, Tightness=0.999, StdDev=0.000
[2025-10-23 01:47:15] INFO: [Accept] S13234 - Jin_Rae | Raw=0.997, Confidence=100%, Margin=0.997 | Strong confidence match
[2025-10-23 01:47:15] INFO: [Recognition] Scores: S00000 - Nicholas=0.000 S13234 - Jin_Rae=0.997 S99999 - Tonald_Drump=0.000 
[2025-10-23 01:47:15] INFO: [Decision] Best=S13234 - Jin_Rae(0.997), 2nd=0.000, Discriminative=0.997, AvgNeg=0.000
[2025-10-23 01:47:15] INFO: [Thresholds] Abs=0.600, Margin=0.100(10.0%), RelMargin=100.0%, Tightness=0.999, StdDev=0.000
[2025-10-23 01:47:15] INFO: [Accept] S13234 - Jin_Rae | Raw=0.997, Confidence=100%, Margin=0.997 | Strong confidence match
[2025-10-23 01:47:16] INFO: [Recognition] Scores: S00000 - Nicholas=0.000 S13234 - Jin_Rae=0.998 S99999 - Tonald_Drump=0.000 
[2025-10-23 01:47:16] INFO: [Decision] Best=S13234 - Jin_Rae(0.998), 2nd=0.000, Discriminative=0.998, AvgNeg=0.000
[2025-10-23 01:47:16] INFO: [Thresholds] Abs=0.600, Margin=0.100(10.0%), RelMargin=100.0%, Tightness=0.999, StdDev=0.000
[2025-10-23 01:47:16] INFO: [Accept] S13234 - Jin_Rae | Raw=0.998, Confidence=100%, Margin=0.998 | Strong confidence match
[2025-10-23 01:47:16] INFO: [Recognition] Scores: S00000 - Nicholas=0.000 S13234 - Jin_Rae=0.998 S99999 - Tonald_Drump=0.000 
[2025-10-23 01:47:16] INFO: [Decision] Best=S13234 - Jin_Rae(0.998), 2nd=0.000, Discriminative=0.998, AvgNeg=0.000
[2025-10-23 01:47:16] INFO: [Thresholds] Abs=0.600, Margin=0.100(10.0%), RelMargin=100.0%, Tightness=0.999, StdDev=0.000
[2025-10-23 01:47:16] INFO: [Accept] S13234 - Jin_Rae | Raw=0.998, Confidence=100%, Margin=0.998 | Strong confidence match
[2025-10-23 01:47:16] INFO: [Recognition] Scores: S00000 - Nicholas=0.000 S13234 - Jin_Rae=0.998 S99999 - Tonald_Drump=0.000 
[2025-10-23 01:47:16] INFO: [Decision] Best=S13234 - Jin_Rae(0.998), 2nd=0.000, Discriminative=0.998, AvgNeg=0.000
[2025-10-23 01:47:16] INFO: [Thresholds] Abs=0.600, Margin=0.100(10.0%), RelMargin=100.0%, Tightness=0.999, StdDev=0.000
[2025-10-23 01:47:16] INFO: [Accept] S13234 - Jin_Rae | Raw=0.998, Confidence=100%, Margin=0.998 | Strong confidence match
[2025-10-23 01:47:16] INFO: [Recognition] Scores: S00000 - Nicholas=0.000 S13234 - Jin_Rae=0.994 S99999 - Tonald_Drump=0.000 
[2025-10-23 01:47:16] INFO: [Decision] Best=S13234 - Jin_Rae(0.994), 2nd=0.000, Discriminative=0.994, AvgNeg=0.000
[2025-10-23 01:47:16] INFO: [Thresholds] Abs=0.600, Margin=0.100(10.1%), RelMargin=100.0%, Tightness=0.999, StdDev=0.000
[2025-10-23 01:47:16] INFO: [Accept] S13234 - Jin_Rae | Raw=0.994, Confidence=100%, Margin=0.994 | Strong confidence match
[2025-10-23 01:47:16] INFO: [Recognition] Scores: S00000 - Nicholas=0.000 S13234 - Jin_Rae=0.994 S99999 - Tonald_Drump=0.000 
[2025-10-23 01:47:16] INFO: [Decision] Best=S13234 - Jin_Rae(0.994), 2nd=0.000, Discriminative=0.994, AvgNeg=0.000
[2025-10-23 01:47:16] INFO: [Thresholds] Abs=0.600, Margin=0.100(10.1%), RelMargin=100.0%, Tightness=0.999, StdDev=0.000
[2025-10-23 01:47:16] INFO: [Accept] S13234 - Jin_Rae | Raw=0.994, Confidence=100%, Margin=0.994 | Strong confidence match
[2025-10-23 01:47:16] INFO: [Recognition] Scores: S00000 - Nicholas=0.000 S13234 - Jin_Rae=0.994 S99999 - Tonald_Drump=0.000 
[2025-10-23 01:47:16] INFO: [Decision] Best=S13234 - Jin_Rae(0.994), 2nd=0.000, Discriminative=0.994, AvgNeg=0.000
[2025-10-23 01:47:16] INFO: [Thresholds] Abs=0.600, Margin=0.100(10.1%), RelMargin=100.0%, Tightness=0.999, StdDev=0.000
[2025-10-23 01:47:16] INFO: [Accept] S13234 - Jin_Rae | Raw=0.994, Confidence=100%, Margin=0.994 | Strong confidence match
[2025-10-23 01:47:17] INFO: [Recognition] Scores: S00000 - Nicholas=0.000 S13234 - Jin_Rae=0.995 S99999 - Tonald_Drump=0.000 
[2025-10-23 01:47:17] INFO: [Decision] Best=S13234 - Jin_Rae(0.995), 2nd=0.000, Discriminative=0.995, AvgNeg=0.000
[2025-10-23 01:47:17] INFO: [Thresholds] Abs=0.600, Margin=0.100(10.1%), RelMargin=100.0%, Tightness=0.999, StdDev=0.000
[2025-10-23 01:47:17] INFO: [Accept] S13234 - Jin_Rae | Raw=0.995, Confidence=100%, Margin=0.995 | Strong confidence match
[2025-10-23 01:47:17] INFO: [Recognition] Scores: S00000 - Nicholas=0.000 S13234 - Jin_Rae=0.995 S99999 - Tonald_Drump=0.000 
[2025-10-23 01:47:17] INFO: [Decision] Best=S13234 - Jin_Rae(0.995), 2nd=0.000, Discriminative=0.995, AvgNeg=0.000
[2025-10-23 01:47:17] INFO: [Thresholds] Abs=0.600, Margin=0.100(10.1%), RelMargin=100.0%, Tightness=0.999, StdDev=0.000
[2025-10-23 01:47:17] INFO: [Accept] S13234 - Jin_Rae | Raw=0.995, Confidence=100%, Margin=0.995 | Strong confidence match
[2025-10-23 01:47:17] INFO: [Recognition] Scores: S00000 - Nicholas=0.000 S13234 - Jin_Rae=0.995 S99999 - Tonald_Drump=0.000 
[2025-10-23 01:47:17] INFO: [Decision] Best=S13234 - Jin_Rae(0.995), 2nd=0.000, Discriminative=0.995, AvgNeg=0.000
[2025-10-23 01:47:17] INFO: [Thresholds] Abs=0.600, Margin=0.100(10.1%), RelMargin=100.0%, Tightness=0.999, StdDev=0.000
[2025-10-23 01:47:17] INFO: [Accept] S13234 - Jin_Rae | Raw=0.995, Confidence=100%, Margin=0.995 | Strong confidence match
[2025-10-23 01:47:17] INFO: [Recognition] Scores: S00000 - Nicholas=0.000 S13234 - Jin_Rae=0.994 S99999 - Tonald_Drump=0.000 
[2025-10-23 01:47:17] INFO: [Decision] Best=S13234 - Jin_Rae(0.994), 2nd=0.000, Discriminative=0.994, AvgNeg=0.000
[2025-10-23 01:47:17] INFO: [Thresholds] Abs=0.600, Margin=0.100(10.1%), RelMargin=100.0%, Tightness=0.999, StdDev=0.000
[2025-10-23 01:47:17] INFO: [Accept] S13234 - Jin_Rae | Raw=0.994, Confidence=100%, Margin=0.994 | Strong confidence match
[2025-10-23 01:47:17] INFO: [Recognition] Scores: S00000 - Nicholas=0.000 S13234 - Jin_Rae=0.993 S99999 - Tonald_Drump=0.000 
[2025-10-23 01:47:17] INFO: [Decision] Best=S13234 - Jin_Rae(0.993), 2nd=0.000, Discriminative=0.993, AvgNeg=0.000
[2025-10-23 01:47:17] INFO: [Thresholds] Abs=0.600, Margin=0.100(10.1%), RelMargin=100.0%, Tightness=0.999, StdDev=0.000
[2025-10-23 01:47:17] INFO: [Accept] S13234 - Jin_Rae | Raw=0.993, Confidence=100%, Margin=0.993 | Strong confidence match
[2025-10-23 01:47:18] INFO: [Recognition] Scores: S00000 - Nicholas=0.000 S13234 - Jin_Rae=0.993 S99999 - Tonald_Drump=0.000 
[2025-10-23 01:47:18] INFO: [Decision] Best=S13234 - Jin_Rae(0.993), 2nd=0.000, Discriminative=0.993, AvgNeg=0.000
[2025-10-23 01:47:18] INFO: [Thresholds] Abs=0.600, Margin=0.100(10.1%), RelMargin=100.0%, Tightness=0.999, StdDev=0.000
[2025-10-23 01:47:18] INFO: [Accept] S13234 - Jin_Rae | Raw=0.993, Confidence=100%, Margin=0.993 | Strong confidence match
[2025-10-23 01:47:18] INFO: [Recognition] Scores: S00000 - Nicholas=0.000 S13234 - Jin_Rae=0.993 S99999 - Tonald_Drump=0.000 
[2025-10-23 01:47:18] INFO: [Decision] Best=S13234 - Jin_Rae(0.993), 2nd=0.000, Discriminative=0.993, AvgNeg=0.000
[2025-10-23 01:47:18] INFO: [Thresholds] Abs=0.600, Margin=0.100(10.1%), RelMargin=100.0%, Tightness=0.999, StdDev=0.000
[2025-10-23 01:47:18] INFO: [Accept] S13234 - Jin_Rae | Raw=0.993, Confidence=100%, Margin=0.993 | Strong confidence match
[2025-10-23 01:47:18] INFO: [Recognition] Scores: S00000 - Nicholas=0.000 S13234 - Jin_Rae=0.993 S99999 - Tonald_Drump=0.000 
[2025-10-23 01:47:18] INFO: [Decision] Best=S13234 - Jin_Rae(0.993), 2nd=0.000, Discriminative=0.993, AvgNeg=0.000
[2025-10-23 01:47:18] INFO: [Thresholds] Abs=0.600, Margin=0.100(10.1%), RelMargin=100.0%, Tightness=0.999, StdDev=0.000
[2025-10-23 01:47:18] INFO: [Accept] S13234 - Jin_Rae | Raw=0.993, Confidence=100%, Margin=0.993 | Strong confidence match
[2025-10-23 01:47:18] INFO: [Recognition] Scores: S00000 - Nicholas=0.000 S13234 - Jin_Rae=0.993 S99999 - Tonald_Drump=0.000 
[2025-10-23 01:47:18] INFO: [Decision] Best=S13234 - Jin_Rae(0.993), 2nd=0.000, Discriminative=0.993, AvgNeg=0.000
[2025-10-23 01:47:18] INFO: [Thresholds] Abs=0.600, Margin=0.100(10.1%), RelMargin=100.0%, Tightness=0.999, StdDev=0.000
[2025-10-23 01:47:18] INFO: [Accept] S13234 - Jin_Rae | Raw=0.993, Confidence=100%, Margin=0.993 | Strong confidence match
[2025-10-23 01:47:18] INFO: [Recognition] Scores: S00000 - Nicholas=0.000 S13234 - Jin_Rae=0.994 S99999 - Tonald_Drump=0.000 
[2025-10-23 01:47:18] INFO: [Decision] Best=S13234 - Jin_Rae(0.994), 2nd=0.000, Discriminative=0.994, AvgNeg=0.000
[2025-10-23 01:47:18] INFO: [Thresholds] Abs=0.600, Margin=0.100(10.1%), RelMargin=100.0%, Tightness=0.999, StdDev=0.000
[2025-10-23 01:47:18] INFO: [Accept] S13234 - Jin_Rae | Raw=0.994, Confidence=100%, Margin=0.994 | Strong confidence match
[2025-10-23 01:47:18] INFO: [Recognition] Scores: S00000 - Nicholas=0.000 S13234 - Jin_Rae=0.993 S99999 - Tonald_Drump=0.000 
[2025-10-23 01:47:18] INFO: [Decision] Best=S13234 - Jin_Rae(0.993), 2nd=0.000, Discriminative=0.993, AvgNeg=0.000
[2025-10-23 01:47:18] INFO: [Thresholds] Abs=0.600, Margin=0.100(10.1%), RelMargin=100.0%, Tightness=0.999, StdDev=0.000
[2025-10-23 01:47:18] INFO: [Accept] S13234 - Jin_Rae | Raw=0.993, Confidence=100%, Margin=0.993 | Strong confidence match
[2025-10-23 01:47:19] INFO: [Recognition] Scores: S00000 - Nicholas=0.000 S13234 - Jin_Rae=0.993 S99999 - Tonald_Drump=0.000 
[2025-10-23 01:47:19] INFO: [Decision] Best=S13234 - Jin_Rae(0.993), 2nd=0.000, Discriminative=0.993, AvgNeg=0.000
[2025-10-23 01:47:19] INFO: [Thresholds] Abs=0.600, Margin=0.100(10.1%), RelMargin=100.0%, Tightness=0.999, StdDev=0.000
[2025-10-23 01:47:19] INFO: [Accept] S13234 - Jin_Rae | Raw=0.993, Confidence=100%, Margin=0.993 | Strong confidence match
[2025-10-23 01:47:19] INFO: [Recognition] Scores: S00000 - Nicholas=0.000 S13234 - Jin_Rae=0.993 S99999 - Tonald_Drump=0.000 
[2025-10-23 01:47:19] INFO: [Decision] Best=S13234 - Jin_Rae(0.993), 2nd=0.000, Discriminative=0.993, AvgNeg=0.000
[2025-10-23 01:47:19] INFO: [Thresholds] Abs=0.600, Margin=0.100(10.1%), RelMargin=100.0%, Tightness=0.999, StdDev=0.000
[2025-10-23 01:47:19] INFO: [Accept] S13234 - Jin_Rae | Raw=0.993, Confidence=100%, Margin=0.993 | Strong confidence match
[2025-10-23 01:47:19] INFO: [Recognition] Scores: S00000 - Nicholas=0.000 S13234 - Jin_Rae=0.995 S99999 - Tonald_Drump=0.000 
[2025-10-23 01:47:19] INFO: [Decision] Best=S13234 - Jin_Rae(0.995), 2nd=0.000, Discriminative=0.995, AvgNeg=0.000
[2025-10-23 01:47:19] INFO: [Thresholds] Abs=0.600, Margin=0.100(10.1%), RelMargin=100.0%, Tightness=0.999, StdDev=0.000
[2025-10-23 01:47:19] INFO: [Accept] S13234 - Jin_Rae | Raw=0.995, Confidence=100%, Margin=0.995 | Strong confidence match
[2025-10-23 01:47:19] INFO: [Recognition] Scores: S00000 - Nicholas=0.000 S13234 - Jin_Rae=0.995 S99999 - Tonald_Drump=0.000 
[2025-10-23 01:47:19] INFO: [Decision] Best=S13234 - Jin_Rae(0.995), 2nd=0.000, Discriminative=0.995, AvgNeg=0.000
[2025-10-23 01:47:19] INFO: [Thresholds] Abs=0.600, Margin=0.100(10.1%), RelMargin=100.0%, Tightness=0.999, StdDev=0.000
[2025-10-23 01:47:19] INFO: [Accept] S13234 - Jin_Rae | Raw=0.995, Confidence=100%, Margin=0.995 | Strong confidence match
[2025-10-23 01:47:19] INFO: [Recognition] Scores: S00000 - Nicholas=0.000 S13234 - Jin_Rae=0.996 S99999 - Tonald_Drump=0.000 
[2025-10-23 01:47:19] INFO: [Decision] Best=S13234 - Jin_Rae(0.996), 2nd=0.000, Discriminative=0.996, AvgNeg=0.000
[2025-10-23 01:47:19] INFO: [Thresholds] Abs=0.600, Margin=0.100(10.1%), RelMargin=100.0%, Tightness=0.999, StdDev=0.000
[2025-10-23 01:47:19] INFO: [Accept] S13234 - Jin_Rae | Raw=0.996, Confidence=100%, Margin=0.996 | Strong confidence match
[2025-10-23 01:47:20] INFO: [Recognition] Scores: S00000 - Nicholas=0.000 S13234 - Jin_Rae=0.998 S99999 - Tonald_Drump=0.000 
[2025-10-23 01:47:20] INFO: [Decision] Best=S13234 - Jin_Rae(0.998), 2nd=0.000, Discriminative=0.998, AvgNeg=0.000
[2025-10-23 01:47:20] INFO: [Thresholds] Abs=0.600, Margin=0.100(10.0%), RelMargin=100.0%, Tightness=0.999, StdDev=0.000
[2025-10-23 01:47:20] INFO: [Accept] S13234 - Jin_Rae | Raw=0.998, Confidence=100%, Margin=0.998 | Strong confidence match
[2025-10-23 01:47:20] INFO: [Recognition] Scores: S00000 - Nicholas=0.000 S13234 - Jin_Rae=0.997 S99999 - Tonald_Drump=0.000 
[2025-10-23 01:47:20] INFO: [Decision] Best=S13234 - Jin_Rae(0.997), 2nd=0.000, Discriminative=0.997, AvgNeg=0.000
[2025-10-23 01:47:20] INFO: [Thresholds] Abs=0.600, Margin=0.100(10.0%), RelMargin=100.0%, Tightness=0.999, StdDev=0.000
[2025-10-23 01:47:20] INFO: [Accept] S13234 - Jin_Rae | Raw=0.997, Confidence=100%, Margin=0.997 | Strong confidence match
[2025-10-23 01:47:20] INFO: [Recognition] Scores: S00000 - Nicholas=0.000 S13234 - Jin_Rae=0.994 S99999 - Tonald_Drump=0.000 
[2025-10-23 01:47:20] INFO: [Decision] Best=S13234 - Jin_Rae(0.994), 2nd=0.000, Discriminative=0.994, AvgNeg=0.000
[2025-10-23 01:47:20] INFO: [Thresholds] Abs=0.600, Margin=0.100(10.1%), RelMargin=100.0%, Tightness=0.999, StdDev=0.000
[2025-10-23 01:47:20] INFO: [Accept] S13234 - Jin_Rae | Raw=0.994, Confidence=100%, Margin=0.994 | Strong confidence match
[2025-10-23 01:47:20] INFO: [Recognition] Scores: S00000 - Nicholas=0.000 S13234 - Jin_Rae=0.997 S99999 - Tonald_Drump=0.000 
[2025-10-23 01:47:20] INFO: [Decision] Best=S13234 - Jin_Rae(0.997), 2nd=0.000, Discriminative=0.997, AvgNeg=0.000
[2025-10-23 01:47:20] INFO: [Thresholds] Abs=0.600, Margin=0.100(10.0%), RelMargin=100.0%, Tightness=0.999, StdDev=0.000
[2025-10-23 01:47:20] INFO: [Accept] S13234 - Jin_Rae | Raw=0.997, Confidence=100%, Margin=0.997 | Strong confidence match
[2025-10-23 01:47:20] INFO: [Recognition] Scores: S00000 - Nicholas=0.000 S13234 - Jin_Rae=0.996 S99999 - Tonald_Drump=0.000 
[2025-10-23 01:47:20] INFO: [Decision] Best=S13234 - Jin_Rae(0.996), 2nd=0.000, Discriminative=0.996, AvgNeg=0.000
[2025-10-23 01:47:20] INFO: [Thresholds] Abs=0.600, Margin=0.100(10.0%), RelMargin=100.0%, Tightness=0.999, StdDev=0.000
[2025-10-23 01:47:20] INFO: [Accept] S13234 - Jin_Rae | Raw=0.996, Confidence=100%, Margin=0.996 | Strong confidence match
[2025-10-23 01:47:20] INFO: [Recognition] Scores: S00000 - Nicholas=0.000 S13234 - Jin_Rae=0.998 S99999 - Tonald_Drump=0.000 
[2025-10-23 01:47:20] INFO: [Decision] Best=S13234 - Jin_Rae(0.998), 2nd=0.000, Discriminative=0.998, AvgNeg=0.000
[2025-10-23 01:47:20] INFO: [Thresholds] Abs=0.600, Margin=0.100(10.0%), RelMargin=100.0%, Tightness=0.999, StdDev=0.000
[2025-10-23 01:47:20] INFO: [Accept] S13234 - Jin_Rae | Raw=0.998, Confidence=100%, Margin=0.998 | Strong confidence match
[2025-10-23 01:47:21] INFO: [Recognition] Scores: S00000 - Nicholas=0.000 S13234 - Jin_Rae=0.997 S99999 - Tonald_Drump=0.000 
[2025-10-23 01:47:21] INFO: [Decision] Best=S13234 - Jin_Rae(0.997), 2nd=0.000, Discriminative=0.997, AvgNeg=0.000
[2025-10-23 01:47:21] INFO: [Thresholds] Abs=0.600, Margin=0.100(10.0%), RelMargin=100.0%, Tightness=0.999, StdDev=0.000
[2025-10-23 01:47:21] INFO: [Accept] S13234 - Jin_Rae | Raw=0.997, Confidence=100%, Margin=0.997 | Strong confidence match
[2025-10-23 01:47:21] INFO: [Recognition] Scores: S00000 - Nicholas=0.000 S13234 - Jin_Rae=0.997 S99999 - Tonald_Drump=0.000 
[2025-10-23 01:47:21] INFO: [Decision] Best=S13234 - Jin_Rae(0.997), 2nd=0.000, Discriminative=0.997, AvgNeg=0.000
[2025-10-23 01:47:21] INFO: [Thresholds] Abs=0.600, Margin=0.100(10.0%), RelMargin=100.0%, Tightness=0.999, StdDev=0.000
[2025-10-23 01:47:21] INFO: [Accept] S13234 - Jin_Rae | Raw=0.997, Confidence=100%, Margin=0.997 | Strong confidence match
[2025-10-23 01:47:21] INFO: [Recognition] Scores: S00000 - Nicholas=0.000 S13234 - Jin_Rae=0.997 S99999 - Tonald_Drump=0.000 
[2025-10-23 01:47:21] INFO: [Decision] Best=S13234 - Jin_Rae(0.997), 2nd=0.000, Discriminative=0.997, AvgNeg=0.000
[2025-10-23 01:47:21] INFO: [Thresholds] Abs=0.600, Margin=0.100(10.0%), RelMargin=100.0%, Tightness=0.999, StdDev=0.000
[2025-10-23 01:47:21] INFO: [Accept] S13234 - Jin_Rae | Raw=0.997, Confidence=100%, Margin=0.997 | Strong confidence match
[2025-10-23 01:47:21] INFO: [Recognition] Scores: S00000 - Nicholas=0.000 S13234 - Jin_Rae=0.996 S99999 - Tonald_Drump=0.000 
[2025-10-23 01:47:21] INFO: [Decision] Best=S13234 - Jin_Rae(0.996), 2nd=0.000, Discriminative=0.996, AvgNeg=0.000
[2025-10-23 01:47:21] INFO: [Thresholds] Abs=0.600, Margin=0.100(10.1%), RelMargin=100.0%, Tightness=0.999, StdDev=0.000
[2025-10-23 01:47:21] INFO: [Accept] S13234 - Jin_Rae | Raw=0.996, Confidence=100%, Margin=0.996 | Strong confidence match
[2025-10-23 01:47:21] INFO: [Recognition] Scores: S00000 - Nicholas=0.000 S13234 - Jin_Rae=0.996 S99999 - Tonald_Drump=0.000 
[2025-10-23 01:47:21] INFO: [Decision] Best=S13234 - Jin_Rae(0.996), 2nd=0.000, Discriminative=0.996, AvgNeg=0.000
[2025-10-23 01:47:21] INFO: [Thresholds] Abs=0.600, Margin=0.100(10.0%), RelMargin=100.0%, Tightness=0.999, StdDev=0.000
[2025-10-23 01:47:21] INFO: [Accept] S13234 - Jin_Rae | Raw=0.996, Confidence=100%, Margin=0.996 | Strong confidence match
[2025-10-23 01:47:21] INFO: [Recognition] Scores: S00000 - Nicholas=0.000 S13234 - Jin_Rae=0.995 S99999 - Tonald_Drump=0.000 
[2025-10-23 01:47:21] INFO: [Decision] Best=S13234 - Jin_Rae(0.995), 2nd=0.000, Discriminative=0.995, AvgNeg=0.000
[2025-10-23 01:47:21] INFO: [Thresholds] Abs=0.600, Margin=0.100(10.1%), RelMargin=100.0%, Tightness=0.999, StdDev=0.000
[2025-10-23 01:47:21] INFO: [Accept] S13234 - Jin_Rae | Raw=0.995, Confidence=100%, Margin=0.995 | Strong confidence match
[2025-10-23 01:47:22] INFO: [Recognition] Scores: S00000 - Nicholas=0.000 S13234 - Jin_Rae=0.995 S99999 - Tonald_Drump=0.000 
[2025-10-23 01:47:22] INFO: [Decision] Best=S13234 - Jin_Rae(0.995), 2nd=0.000, Discriminative=0.995, AvgNeg=0.000
[2025-10-23 01:47:22] INFO: [Thresholds] Abs=0.600, Margin=0.100(10.1%), RelMargin=100.0%, Tightness=0.999, StdDev=0.000
[2025-10-23 01:47:22] INFO: [Accept] S13234 - Jin_Rae | Raw=0.995, Confidence=100%, Margin=0.995 | Strong confidence match
[2025-10-23 01:47:26] INFO: [Recognition] Scores: S00000 - Nicholas=0.000 S13234 - Jin_Rae=0.995 S99999 - Tonald_Drump=0.000 
[2025-10-23 01:47:26] INFO: [Decision] Best=S13234 - Jin_Rae(0.995), 2nd=0.000, Discriminative=0.995, AvgNeg=0.000
[2025-10-23 01:47:26] INFO: [Thresholds] Abs=0.600, Margin=0.100(10.1%), RelMargin=100.0%, Tightness=0.999, StdDev=0.000
[2025-10-23 01:47:26] INFO: [Accept] S13234 - Jin_Rae | Raw=0.995, Confidence=100%, Margin=0.995 | Strong confidence match
[2025-10-23 01:47:26] INFO: [Recognition] Scores: S00000 - Nicholas=0.000 S13234 - Jin_Rae=0.993 S99999 - Tonald_Drump=0.000 
[2025-10-23 01:47:26] INFO: [Decision] Best=S13234 - Jin_Rae(0.993), 2nd=0.000, Discriminative=0.993, AvgNeg=0.000
[2025-10-23 01:47:26] INFO: [Thresholds] Abs=0.600, Margin=0.100(10.1%), RelMargin=100.0%, Tightness=0.999, StdDev=0.000
[2025-10-23 01:47:26] INFO: [Accept] S13234 - Jin_Rae | Raw=0.993, Confidence=100%, Margin=0.993 | Strong confidence match
[2025-10-23 01:47:26] INFO: [Recognition] Scores: S00000 - Nicholas=0.000 S13234 - Jin_Rae=0.994 S99999 - Tonald_Drump=0.000 
[2025-10-23 01:47:26] INFO: [Decision] Best=S13234 - Jin_Rae(0.994), 2nd=0.000, Discriminative=0.994, AvgNeg=0.000
[2025-10-23 01:47:26] INFO: [Thresholds] Abs=0.600, Margin=0.100(10.1%), RelMargin=100.0%, Tightness=0.999, StdDev=0.000
[2025-10-23 01:47:26] INFO: [Accept] S13234 - Jin_Rae | Raw=0.994, Confidence=100%, Margin=0.994 | Strong confidence match
[2025-10-23 01:47:26] INFO: [Recognition] Scores: S00000 - Nicholas=0.000 S13234 - Jin_Rae=0.994 S99999 - Tonald_Drump=0.000 
[2025-10-23 01:47:26] INFO: [Decision] Best=S13234 - Jin_Rae(0.994), 2nd=0.000, Discriminative=0.994, AvgNeg=0.000
[2025-10-23 01:47:26] INFO: [Thresholds] Abs=0.600, Margin=0.100(10.1%), RelMargin=100.0%, Tightness=0.999, StdDev=0.000
[2025-10-23 01:47:26] INFO: [Accept] S13234 - Jin_Rae | Raw=0.994, Confidence=100%, Margin=0.994 | Strong confidence match
[2025-10-23 01:47:27] INFO: [Recognition] Scores: S00000 - Nicholas=0.000 S13234 - Jin_Rae=0.995 S99999 - Tonald_Drump=0.000 
[2025-10-23 01:47:27] INFO: [Decision] Best=S13234 - Jin_Rae(0.995), 2nd=0.000, Discriminative=0.995, AvgNeg=0.000
[2025-10-23 01:47:27] INFO: [Thresholds] Abs=0.600, Margin=0.100(10.1%), RelMargin=100.0%, Tightness=0.999, StdDev=0.000
[2025-10-23 01:47:27] INFO: [Accept] S13234 - Jin_Rae | Raw=0.995, Confidence=100%, Margin=0.995 | Strong confidence match
[2025-10-23 01:47:27] INFO: [Recognition] Scores: S00000 - Nicholas=0.000 S13234 - Jin_Rae=0.994 S99999 - Tonald_Drump=0.000 
[2025-10-23 01:47:27] INFO: [Decision] Best=S13234 - Jin_Rae(0.994), 2nd=0.000, Discriminative=0.994, AvgNeg=0.000
[2025-10-23 01:47:27] INFO: [Thresholds] Abs=0.600, Margin=0.100(10.1%), RelMargin=100.0%, Tightness=0.999, StdDev=0.000
[2025-10-23 01:47:27] INFO: [Accept] S13234 - Jin_Rae | Raw=0.994, Confidence=100%, Margin=0.994 | Strong confidence match
[2025-10-23 01:47:27] INFO: [Recognition] Scores: S00000 - Nicholas=0.000 S13234 - Jin_Rae=0.993 S99999 - Tonald_Drump=0.000 
[2025-10-23 01:47:27] INFO: [Decision] Best=S13234 - Jin_Rae(0.993), 2nd=0.000, Discriminative=0.993, AvgNeg=0.000
[2025-10-23 01:47:27] INFO: [Thresholds] Abs=0.600, Margin=0.100(10.1%), RelMargin=100.0%, Tightness=0.999, StdDev=0.000
[2025-10-23 01:47:27] INFO: [Accept] S13234 - Jin_Rae | Raw=0.993, Confidence=100%, Margin=0.993 | Strong confidence match
[2025-10-23 01:47:27] INFO: [Recognition] Scores: S00000 - Nicholas=0.000 S13234 - Jin_Rae=0.994 S99999 - Tonald_Drump=0.000 
[2025-10-23 01:47:27] INFO: [Decision] Best=S13234 - Jin_Rae(0.994), 2nd=0.000, Discriminative=0.994, AvgNeg=0.000
[2025-10-23 01:47:27] INFO: [Thresholds] Abs=0.600, Margin=0.100(10.1%), RelMargin=100.0%, Tightness=0.999, StdDev=0.000
[2025-10-23 01:47:27] INFO: [Accept] S13234 - Jin_Rae | Raw=0.994, Confidence=100%, Margin=0.994 | Strong confidence match
[2025-10-23 01:47:27] INFO: [Recognition] Scores: S00000 - Nicholas=0.000 S13234 - Jin_Rae=0.993 S99999 - Tonald_Drump=0.000 
[2025-10-23 01:47:27] INFO: [Decision] Best=S13234 - Jin_Rae(0.993), 2nd=0.000, Discriminative=0.993, AvgNeg=0.000
[2025-10-23 01:47:27] INFO: [Thresholds] Abs=0.600, Margin=0.100(10.1%), RelMargin=100.0%, Tightness=0.999, StdDev=0.000
[2025-10-23 01:47:27] INFO: [Accept] S13234 - Jin_Rae | Raw=0.993, Confidence=100%, Margin=0.993 | Strong confidence match
[2025-10-23 01:47:27] INFO: [Recognition] Scores: S00000 - Nicholas=0.000 S13234 - Jin_Rae=0.995 S99999 - Tonald_Drump=0.000 
[2025-10-23 01:47:27] INFO: [Decision] Best=S13234 - Jin_Rae(0.995), 2nd=0.000, Discriminative=0.995, AvgNeg=0.000
[2025-10-23 01:47:27] INFO: [Thresholds] Abs=0.600, Margin=0.100(10.1%), RelMargin=100.0%, Tightness=0.999, StdDev=0.000
[2025-10-23 01:47:27] INFO: [Accept] S13234 - Jin_Rae | Raw=0.995, Confidence=100%, Margin=0.995 | Strong confidence match
[2025-10-23 01:47:28] INFO: [Recognition] Scores: S00000 - Nicholas=0.000 S13234 - Jin_Rae=0.993 S99999 - Tonald_Drump=0.000 
[2025-10-23 01:47:28] INFO: [Decision] Best=S13234 - Jin_Rae(0.993), 2nd=0.000, Discriminative=0.993, AvgNeg=0.000
[2025-10-23 01:47:28] INFO: [Thresholds] Abs=0.600, Margin=0.100(10.1%), RelMargin=100.0%, Tightness=0.999, StdDev=0.000
[2025-10-23 01:47:28] INFO: [Accept] S13234 - Jin_Rae | Raw=0.993, Confidence=100%, Margin=0.993 | Strong confidence match
[2025-10-23 01:47:28] INFO: [Recognition] Scores: S00000 - Nicholas=0.000 S13234 - Jin_Rae=0.993 S99999 - Tonald_Drump=0.000 
[2025-10-23 01:47:28] INFO: [Decision] Best=S13234 - Jin_Rae(0.993), 2nd=0.000, Discriminative=0.993, AvgNeg=0.000
[2025-10-23 01:47:28] INFO: [Thresholds] Abs=0.600, Margin=0.100(10.1%), RelMargin=100.0%, Tightness=0.999, StdDev=0.000
[2025-10-23 01:47:28] INFO: [Accept] S13234 - Jin_Rae | Raw=0.993, Confidence=100%, Margin=0.993 | Strong confidence match
[2025-10-23 01:47:28] INFO: [Recognition] Scores: S00000 - Nicholas=0.000 S13234 - Jin_Rae=0.993 S99999 - Tonald_Drump=0.000 
[2025-10-23 01:47:28] INFO: [Decision] Best=S13234 - Jin_Rae(0.993), 2nd=0.000, Discriminative=0.993, AvgNeg=0.000
[2025-10-23 01:47:28] INFO: [Thresholds] Abs=0.600, Margin=0.100(10.1%), RelMargin=100.0%, Tightness=0.999, StdDev=0.000
[2025-10-23 01:47:28] INFO: [Accept] S13234 - Jin_Rae | Raw=0.993, Confidence=100%, Margin=0.993 | Strong confidence match
[2025-10-23 01:47:28] INFO: [Recognition] Scores: S00000 - Nicholas=0.000 S13234 - Jin_Rae=0.993 S99999 - Tonald_Drump=0.000 
[2025-10-23 01:47:28] INFO: [Decision] Best=S13234 - Jin_Rae(0.993), 2nd=0.000, Discriminative=0.993, AvgNeg=0.000
[2025-10-23 01:47:28] INFO: [Thresholds] Abs=0.600, Margin=0.100(10.1%), RelMargin=100.0%, Tightness=0.999, StdDev=0.000
[2025-10-23 01:47:28] INFO: [Accept] S13234 - Jin_Rae | Raw=0.993, Confidence=100%, Margin=0.993 | Strong confidence match
[2025-10-23 01:47:28] INFO: [Recognition] Scores: S00000 - Nicholas=0.000 S13234 - Jin_Rae=0.993 S99999 - Tonald_Drump=0.000 
[2025-10-23 01:47:28] INFO: [Decision] Best=S13234 - Jin_Rae(0.993), 2nd=0.000, Discriminative=0.993, AvgNeg=0.000
[2025-10-23 01:47:28] INFO: [Thresholds] Abs=0.600, Margin=0.100(10.1%), RelMargin=100.0%, Tightness=0.999, StdDev=0.000
[2025-10-23 01:47:28] INFO: [Accept] S13234 - Jin_Rae | Raw=0.993, Confidence=100%, Margin=0.993 | Strong confidence match
[2025-10-23 01:47:28] INFO: [Recognition] Scores: S00000 - Nicholas=0.000 S13234 - Jin_Rae=0.993 S99999 - Tonald_Drump=0.000 
[2025-10-23 01:47:28] INFO: [Decision] Best=S13234 - Jin_Rae(0.993), 2nd=0.000, Discriminative=0.993, AvgNeg=0.000
[2025-10-23 01:47:28] INFO: [Thresholds] Abs=0.600, Margin=0.100(10.1%), RelMargin=100.0%, Tightness=0.999, StdDev=0.000
[2025-10-23 01:47:28] INFO: [Accept] S13234 - Jin_Rae | Raw=0.993, Confidence=100%, Margin=0.993 | Strong confidence match
[2025-10-23 01:47:29] INFO: [Recognition] Scores: S00000 - Nicholas=0.000 S13234 - Jin_Rae=0.992 S99999 - Tonald_Drump=0.000 
[2025-10-23 01:47:29] INFO: [Decision] Best=S13234 - Jin_Rae(0.992), 2nd=0.000, Discriminative=0.992, AvgNeg=0.000
[2025-10-23 01:47:29] INFO: [Thresholds] Abs=0.600, Margin=0.100(10.1%), RelMargin=100.0%, Tightness=0.999, StdDev=0.000
[2025-10-23 01:47:29] INFO: [Accept] S13234 - Jin_Rae | Raw=0.992, Confidence=100%, Margin=0.992 | Strong confidence match
[2025-10-23 01:47:29] INFO: [Recognition] Scores: S00000 - Nicholas=0.000 S13234 - Jin_Rae=0.990 S99999 - Tonald_Drump=0.000 
[2025-10-23 01:47:29] INFO: [Decision] Best=S13234 - Jin_Rae(0.990), 2nd=0.000, Discriminative=0.990, AvgNeg=0.000
[2025-10-23 01:47:29] INFO: [Thresholds] Abs=0.600, Margin=0.100(10.1%), RelMargin=100.0%, Tightness=0.999, StdDev=0.000
[2025-10-23 01:47:29] INFO: [Accept] S13234 - Jin_Rae | Raw=0.990, Confidence=100%, Margin=0.990 | Strong confidence match
[2025-10-23 01:47:30] INFO: [Recognition] Scores: S00000 - Nicholas=0.000 S13234 - Jin_Rae=0.995 S99999 - Tonald_Drump=0.000 
[2025-10-23 01:47:30] INFO: [Decision] Best=S13234 - Jin_Rae(0.995), 2nd=0.000, Discriminative=0.995, AvgNeg=0.000
[2025-10-23 01:47:30] INFO: [Thresholds] Abs=0.600, Margin=0.100(10.1%), RelMargin=100.0%, Tightness=0.999, StdDev=0.000
[2025-10-23 01:47:30] INFO: [Accept] S13234 - Jin_Rae | Raw=0.995, Confidence=100%, Margin=0.995 | Strong confidence match
[2025-10-23 01:47:30] INFO: [Recognition] Scores: S00000 - Nicholas=0.000 S13234 - Jin_Rae=0.996 S99999 - Tonald_Drump=0.000 
[2025-10-23 01:47:30] INFO: [Decision] Best=S13234 - Jin_Rae(0.996), 2nd=0.000, Discriminative=0.996, AvgNeg=0.000
[2025-10-23 01:47:30] INFO: [Thresholds] Abs=0.600, Margin=0.100(10.1%), RelMargin=100.0%, Tightness=0.999, StdDev=0.000
[2025-10-23 01:47:30] INFO: [Accept] S13234 - Jin_Rae | Raw=0.996, Confidence=100%, Margin=0.996 | Strong confidence match
[2025-10-23 01:47:30] INFO: [Recognition] Scores: S00000 - Nicholas=0.000 S13234 - Jin_Rae=0.993 S99999 - Tonald_Drump=0.000 
[2025-10-23 01:47:30] INFO: [Decision] Best=S13234 - Jin_Rae(0.993), 2nd=0.000, Discriminative=0.993, AvgNeg=0.000
[2025-10-23 01:47:30] INFO: [Thresholds] Abs=0.600, Margin=0.100(10.1%), RelMargin=100.0%, Tightness=0.999, StdDev=0.000
[2025-10-23 01:47:30] INFO: [Accept] S13234 - Jin_Rae | Raw=0.993, Confidence=100%, Margin=0.993 | Strong confidence match
[2025-10-23 01:47:30] INFO: [Recognition] Scores: S00000 - Nicholas=0.000 S13234 - Jin_Rae=0.993 S99999 - Tonald_Drump=0.000 
[2025-10-23 01:47:30] INFO: [Decision] Best=S13234 - Jin_Rae(0.993), 2nd=0.000, Discriminative=0.993, AvgNeg=0.000
[2025-10-23 01:47:30] INFO: [Thresholds] Abs=0.600, Margin=0.100(10.1%), RelMargin=100.0%, Tightness=0.999, StdDev=0.000
[2025-10-23 01:47:30] INFO: [Accept] S13234 - Jin_Rae | Raw=0.993, Confidence=100%, Margin=0.993 | Strong confidence match
[2025-10-23 01:47:30] INFO: [Recognition] Scores: S00000 - Nicholas=0.000 S13234 - Jin_Rae=0.996 S99999 - Tonald_Drump=0.000 
[2025-10-23 01:47:30] INFO: [Decision] Best=S13234 - Jin_Rae(0.996), 2nd=0.000, Discriminative=0.996, AvgNeg=0.000
[2025-10-23 01:47:30] INFO: [Thresholds] Abs=0.600, Margin=0.100(10.0%), RelMargin=100.0%, Tightness=0.999, StdDev=0.000
[2025-10-23 01:47:30] INFO: [Accept] S13234 - Jin_Rae | Raw=0.996, Confidence=100%, Margin=0.996 | Strong confidence match
[2025-10-23 01:47:30] INFO: [Recognition] Scores: S00000 - Nicholas=0.000 S13234 - Jin_Rae=0.997 S99999 - Tonald_Drump=0.000 
[2025-10-23 01:47:30] INFO: [Decision] Best=S13234 - Jin_Rae(0.997), 2nd=0.000, Discriminative=0.997, AvgNeg=0.000
[2025-10-23 01:47:30] INFO: [Thresholds] Abs=0.600, Margin=0.100(10.0%), RelMargin=100.0%, Tightness=0.999, StdDev=0.000
[2025-10-23 01:47:30] INFO: [Accept] S13234 - Jin_Rae | Raw=0.997, Confidence=100%, Margin=0.997 | Strong confidence match
[2025-10-23 01:47:31] INFO: [Recognition] Scores: S00000 - Nicholas=0.000 S13234 - Jin_Rae=0.994 S99999 - Tonald_Drump=0.000 
[2025-10-23 01:47:31] INFO: [Decision] Best=S13234 - Jin_Rae(0.994), 2nd=0.000, Discriminative=0.994, AvgNeg=0.000
[2025-10-23 01:47:31] INFO: [Thresholds] Abs=0.600, Margin=0.100(10.1%), RelMargin=100.0%, Tightness=0.999, StdDev=0.000
[2025-10-23 01:47:31] INFO: [Accept] S13234 - Jin_Rae | Raw=0.994, Confidence=100%, Margin=0.994 | Strong confidence match
[2025-10-23 01:47:31] INFO: [Recognition] Scores: S00000 - Nicholas=0.000 S13234 - Jin_Rae=0.996 S99999 - Tonald_Drump=0.000 
[2025-10-23 01:47:31] INFO: [Decision] Best=S13234 - Jin_Rae(0.996), 2nd=0.000, Discriminative=0.996, AvgNeg=0.000
[2025-10-23 01:47:31] INFO: [Thresholds] Abs=0.600, Margin=0.100(10.1%), RelMargin=100.0%, Tightness=0.999, StdDev=0.000
[2025-10-23 01:47:31] INFO: [Accept] S13234 - Jin_Rae | Raw=0.996, Confidence=100%, Margin=0.996 | Strong confidence match
[2025-10-23 01:47:31] INFO: [Recognition] Scores: S00000 - Nicholas=0.000 S13234 - Jin_Rae=0.995 S99999 - Tonald_Drump=0.000 
[2025-10-23 01:47:31] INFO: [Decision] Best=S13234 - Jin_Rae(0.995), 2nd=0.000, Discriminative=0.995, AvgNeg=0.000
[2025-10-23 01:47:31] INFO: [Thresholds] Abs=0.600, Margin=0.100(10.1%), RelMargin=100.0%, Tightness=0.999, StdDev=0.000
[2025-10-23 01:47:31] INFO: [Accept] S13234 - Jin_Rae | Raw=0.995, Confidence=100%, Margin=0.995 | Strong confidence match
[2025-10-23 01:47:31] INFO: [Recognition] Scores: S00000 - Nicholas=0.000 S13234 - Jin_Rae=0.995 S99999 - Tonald_Drump=0.000 
[2025-10-23 01:47:31] INFO: [Decision] Best=S13234 - Jin_Rae(0.995), 2nd=0.000, Discriminative=0.995, AvgNeg=0.000
[2025-10-23 01:47:31] INFO: [Thresholds] Abs=0.600, Margin=0.100(10.1%), RelMargin=100.0%, Tightness=0.999, StdDev=0.000
[2025-10-23 01:47:31] INFO: [Accept] S13234 - Jin_Rae | Raw=0.995, Confidence=100%, Margin=0.995 | Strong confidence match
[2025-10-23 01:47:31] INFO: Exiting Face Recognition Demo...
[2025-10-23 01:47:31] INFO: Exiting Face Recognition Demo...
