[2025-10-22 13:46:38] INFO: Application Logger Initialized.
[2025-10-22 13:46:38] INFO: Configuration and core components loaded.
[2025-10-22 13:46:38] INFO: app.properties normalized (55 entries).
[2025-10-22 13:46:38] INFO: Configuration loaded from classpath: app.properties
[2025-10-22 13:46:38] INFO: Configuration file loaded
[2025-10-22 13:46:38] INFO: MyGUIProgram Started!
[2025-10-22 13:46:40] INFO: ￢ﾜﾓ FaceAligner initialized with fallback eye detector
[2025-10-22 13:46:41] INFO: ￢ﾜﾅ OpenFace nn4.small2.v1 model loaded successfully
[2025-10-22 13:46:41] INFO: ￢ﾜﾓ FaceAligner initialized with fallback eye detector
[2025-10-22 13:46:41] INFO: === Folder debug ===
[2025-10-22 13:46:41] INFO: Found folder: C:\SMU\CS102 Project\FaceRecognitionCS102\data\facedata\S00001_jereme
[2025-10-22 13:46:41] INFO:   Contains: 20 items
[2025-10-22 13:46:41] INFO:   Display label: S00001 - jereme
[2025-10-22 13:46:41] INFO: Found folder: C:\SMU\CS102 Project\FaceRecognitionCS102\data\facedata\S13234_Jin_Rae
[2025-10-22 13:46:41] INFO:   Contains: 34 items
[2025-10-22 13:46:41] INFO:   Display label: S13234 - Jin_Rae
[2025-10-22 13:46:41] INFO: Found folder: C:\SMU\CS102 Project\FaceRecognitionCS102\data\facedata\S99998_Kim_Jun_Un
[2025-10-22 13:46:41] INFO:   Contains: 34 items
[2025-10-22 13:46:41] INFO:   Display label: S99998 - Kim_Jun_Un
[2025-10-22 13:46:41] INFO: ====================
[2025-10-22 13:46:41] INFO: Person S00001 - jereme: tightness=0.890, stdDev=0.013, absThresh=0.611, margin=0.111
[2025-10-22 13:46:41] INFO: Person S13234 - Jin_Rae: tightness=0.948, stdDev=0.025, absThresh=0.605, margin=0.105
[2025-10-22 13:46:41] INFO: Person S99998 - Kim_Jun_Un: tightness=0.967, stdDev=0.010, absThresh=0.603, margin=0.103
[2025-10-22 13:46:41] INFO: DNN face detector loaded successfully for recognition
[2025-10-22 13:46:41] INFO: Attempting camera index 0 with DSHOW backend...
[2025-10-22 13:46:42] INFO: Camera opened successfully: index 0 with DSHOW backend
[2025-10-22 13:46:46] INFO: Camera configured: 640x480 @ 30fps (MJPEG: yes)
[2025-10-22 13:46:46] INFO: Camera initialized successfully
[2025-10-22 13:46:47] INFO: [Recognition] Scores: S00001 - jereme=0.719 S13234 - Jin_Rae=0.680 S99998 - Kim_Jun_Un=0.659 
[2025-10-22 13:46:47] INFO: [Decision] Best=S00001 - jereme(0.719), 2nd=0.680, Discriminative=0.586, AvgNeg=0.669
[2025-10-22 13:46:47] INFO: [Thresholds] Abs=0.611, Margin=0.111(15.4%), RelMargin=5.5%, Tightness=0.890, StdDev=0.013
[2025-10-22 13:46:47] INFO: [Decision] ACCEPT: Best score meets absolute threshold
[2025-10-22 13:46:47] INFO: [Recognition] Scores: S00001 - jereme=0.716 S13234 - Jin_Rae=0.686 S99998 - Kim_Jun_Un=0.674 
[2025-10-22 13:46:47] INFO: [Decision] Best=S00001 - jereme(0.716), 2nd=0.686, Discriminative=0.580, AvgNeg=0.680
[2025-10-22 13:46:47] INFO: [Thresholds] Abs=0.611, Margin=0.111(15.5%), RelMargin=4.2%, Tightness=0.890, StdDev=0.013
[2025-10-22 13:46:47] INFO: [Decision] ACCEPT: Best score meets absolute threshold
[2025-10-22 13:46:48] INFO: [Recognition] Scores: S00001 - jereme=0.709 S13234 - Jin_Rae=0.668 S99998 - Kim_Jun_Un=0.671 
[2025-10-22 13:46:48] INFO: [Decision] Best=S00001 - jereme(0.709), 2nd=0.671, Discriminative=0.575, AvgNeg=0.670
[2025-10-22 13:46:48] INFO: [Thresholds] Abs=0.611, Margin=0.111(15.7%), RelMargin=5.2%, Tightness=0.890, StdDev=0.013
[2025-10-22 13:46:48] INFO: [Decision] ACCEPT: Best score meets absolute threshold
[2025-10-22 13:46:48] INFO: [Recognition] Scores: S00001 - jereme=0.724 S13234 - Jin_Rae=0.764 S99998 - Kim_Jun_Un=0.759 
[2025-10-22 13:46:48] INFO: [Decision] Best=S13234 - Jin_Rae(0.764), 2nd=0.759, Discriminative=0.616, AvgNeg=0.741
[2025-10-22 13:46:48] INFO: [Thresholds] Abs=0.605, Margin=0.105(13.8%), RelMargin=0.7%, Tightness=0.948, StdDev=0.025
[2025-10-22 13:46:48] INFO: [Decision] ACCEPT: Best score meets absolute threshold
[2025-10-22 13:46:48] INFO: [Recognition] Scores: S00001 - jereme=0.730 S13234 - Jin_Rae=0.697 S99998 - Kim_Jun_Un=0.704 
[2025-10-22 13:46:48] INFO: [Decision] Best=S00001 - jereme(0.730), 2nd=0.704, Discriminative=0.590, AvgNeg=0.701
[2025-10-22 13:46:48] INFO: [Thresholds] Abs=0.611, Margin=0.111(15.2%), RelMargin=3.6%, Tightness=0.890, StdDev=0.013
[2025-10-22 13:46:48] INFO: [Decision] ACCEPT: Best score meets absolute threshold
[2025-10-22 13:46:49] INFO: [Recognition] Scores: S00001 - jereme=0.710 S13234 - Jin_Rae=0.683 S99998 - Kim_Jun_Un=0.663 
[2025-10-22 13:46:49] INFO: [Decision] Best=S00001 - jereme(0.710), 2nd=0.683, Discriminative=0.576, AvgNeg=0.673
[2025-10-22 13:46:49] INFO: [Thresholds] Abs=0.611, Margin=0.111(15.6%), RelMargin=3.8%, Tightness=0.890, StdDev=0.013
[2025-10-22 13:46:49] INFO: [Decision] ACCEPT: Best score meets absolute threshold
[2025-10-22 13:46:49] INFO: [Recognition] Scores: S00001 - jereme=0.658 S13234 - Jin_Rae=0.650 S99998 - Kim_Jun_Un=0.607 
[2025-10-22 13:46:49] INFO: [Decision] Best=S00001 - jereme(0.658), 2nd=0.650, Discriminative=0.533, AvgNeg=0.628
[2025-10-22 13:46:49] INFO: [Thresholds] Abs=0.611, Margin=0.111(16.9%), RelMargin=1.3%, Tightness=0.890, StdDev=0.013
[2025-10-22 13:46:49] INFO: [Decision] ACCEPT: Best score meets absolute threshold
[2025-10-22 13:46:50] INFO: [Recognition] Scores: S00001 - jereme=0.661 S13234 - Jin_Rae=0.640 S99998 - Kim_Jun_Un=0.667 
[2025-10-22 13:46:50] INFO: [Decision] Best=S99998 - Kim_Jun_Un(0.667), 2nd=0.661, Discriminative=0.537, AvgNeg=0.651
[2025-10-22 13:46:50] INFO: [Thresholds] Abs=0.603, Margin=0.103(15.5%), RelMargin=0.8%, Tightness=0.967, StdDev=0.010
[2025-10-22 13:46:50] INFO: [Decision] ACCEPT: Best score meets absolute threshold
[2025-10-22 13:46:50] INFO: [Recognition] Scores: S00001 - jereme=0.678 S13234 - Jin_Rae=0.627 S99998 - Kim_Jun_Un=0.626 
[2025-10-22 13:46:50] INFO: [Decision] Best=S00001 - jereme(0.678), 2nd=0.627, Discriminative=0.552, AvgNeg=0.627
[2025-10-22 13:46:50] INFO: [Thresholds] Abs=0.611, Margin=0.111(16.4%), RelMargin=7.5%, Tightness=0.890, StdDev=0.013
[2025-10-22 13:46:50] INFO: [Decision] ACCEPT: Best score meets absolute threshold
[2025-10-22 13:46:50] INFO: Exiting Face Recognition Demo...
[2025-10-22 13:46:51] INFO: [Recognition] Scores: S00001 - jereme=0.683 S13234 - Jin_Rae=0.639 S99998 - Kim_Jun_Un=0.642 
[2025-10-22 13:46:51] INFO: [Decision] Best=S00001 - jereme(0.683), 2nd=0.642, Discriminative=0.555, AvgNeg=0.641
[2025-10-22 13:46:51] INFO: [Thresholds] Abs=0.611, Margin=0.111(16.2%), RelMargin=6.0%, Tightness=0.890, StdDev=0.013
[2025-10-22 13:46:51] INFO: [Decision] ACCEPT: Best score meets absolute threshold
[2025-10-22 13:46:51] INFO: Exiting Face Recognition Demo...
