[2025-10-20 17:47:50] INFO: Application Logger Initialized.
[2025-10-20 17:47:50] INFO: Configuration and core components loaded.
[2025-10-20 17:47:50] INFO: Configuration loaded from classpath: app.properties
[2025-10-20 17:47:50] INFO: Configuration file loaded
[2025-10-20 17:47:50] INFO: MyGUIProgram Started!
[2025-10-20 17:47:51] INFO: Face embedding model loaded successfully
[2025-10-20 17:47:51] INFO: === Folder debug ===
[2025-10-20 17:47:51] INFO: Found folder: C:\SMU\CS102 Project\FaceRecognitionCS102\data\facedata\S12313_ma
[2025-10-20 17:47:51] INFO:   Contains: 36 items
[2025-10-20 17:47:51] INFO:   Display label: S12313 - ma
[2025-10-20 17:47:51] INFO: Found folder: C:\SMU\CS102 Project\FaceRecognitionCS102\data\facedata\S13234_Jin_Rae
[2025-10-20 17:47:51] INFO:   Contains: 38 items
[2025-10-20 17:47:51] INFO:   Display label: S13234 - Jin_Rae
[2025-10-20 17:47:51] INFO: ====================
[2025-10-20 17:47:51] INFO: Person S12313 - ma: tightness=0.934, stdDev=0.015, absThresh=0.607, margin=0.107
[2025-10-20 17:47:51] INFO: Person S13234 - Jin_Rae: tightness=0.888, stdDev=0.024, absThresh=0.611, margin=0.111
[2025-10-20 17:47:51] INFO: DNN face detector loaded successfully for recognition
[2025-10-20 17:47:51] INFO: Attempting to open camera with DSHOW backend...
[2025-10-20 17:47:51] INFO: Camera opened successfully with DSHOW backend
[2025-10-20 17:47:52] INFO: Camera configured: 640x480 @ 30fps with MJPEG codec
[2025-10-20 17:47:52] INFO: Camera initialized successfully
[2025-10-20 17:47:53] INFO: [Recognition] Scores: S12313 - ma=0.762 S13234 - Jin_Rae=0.823 
[2025-10-20 17:47:53] INFO: [Decision] Best=S13234 - Jin_Rae(0.823), 2nd=0.762, Discriminative=0.671, AvgNeg=0.762
[2025-10-20 17:47:53] INFO: [Thresholds] Abs=0.611, Margin=0.111(13.5%), RelMargin=7.5%, Tightness=0.888, StdDev=0.024
[2025-10-20 17:47:53] INFO: [Decision] REJECT: Abs=
[2025-10-20 17:47:53] INFO: true
[2025-10-20 17:47:53] INFO: , AbsMargin=
[2025-10-20 17:47:53] INFO: false
[2025-10-20 17:47:53] INFO: , RelMargin=
[2025-10-20 17:47:53] INFO: false
[2025-10-20 17:47:53] INFO: (
[2025-10-20 17:47:53] INFO: 7.5
[2025-10-20 17:47:53] INFO: %
[2025-10-20 17:47:53] INFO: ), StrongMargin=
[2025-10-20 17:47:53] INFO: false
[2025-10-20 17:47:53] INFO: (
[2025-10-20 17:47:53] INFO: 12.0
[2025-10-20 17:47:53] INFO: %
[2025-10-20 17:47:53] INFO: ), Discrim=
[2025-10-20 17:47:53] INFO: true
[2025-10-20 17:47:53] INFO: , Consist=
[2025-10-20 17:47:53] INFO: false
[2025-10-20 17:47:53] INFO: (
[2025-10-20 17:47:53] INFO: 0
[2025-10-20 17:47:53] INFO: /
[2025-10-20 17:47:53] INFO: 7
[2025-10-20 17:47:53] INFO: )
[2025-10-20 17:47:53] INFO: [Recognition] Scores: S12313 - ma=0.700 S13234 - Jin_Rae=0.804 
[2025-10-20 17:47:53] INFO: [Decision] Best=S13234 - Jin_Rae(0.804), 2nd=0.700, Discriminative=0.663, AvgNeg=0.700
[2025-10-20 17:47:53] INFO: [Thresholds] Abs=0.611, Margin=0.111(13.8%), RelMargin=12.8%, Tightness=0.888, StdDev=0.024
[2025-10-20 17:47:53] INFO: [Decision] ACCEPT: Strong margin hold (12.8%)
[2025-10-20 17:47:54] INFO: [Recognition] Scores: S12313 - ma=0.698 S13234 - Jin_Rae=0.800 
[2025-10-20 17:47:54] INFO: [Decision] Best=S13234 - Jin_Rae(0.800), 2nd=0.698, Discriminative=0.661, AvgNeg=0.698
[2025-10-20 17:47:54] INFO: [Thresholds] Abs=0.611, Margin=0.111(13.9%), RelMargin=12.8%, Tightness=0.888, StdDev=0.024
[2025-10-20 17:47:54] INFO: [Decision] ACCEPT: Strong margin hold (12.8%)
[2025-10-20 17:47:54] INFO: [Recognition] Scores: S12313 - ma=0.701 S13234 - Jin_Rae=0.835 
[2025-10-20 17:47:54] INFO: [Decision] Best=S13234 - Jin_Rae(0.835), 2nd=0.701, Discriminative=0.695, AvgNeg=0.701
[2025-10-20 17:47:54] INFO: [Thresholds] Abs=0.611, Margin=0.111(13.3%), RelMargin=16.1%, Tightness=0.888, StdDev=0.024
[2025-10-20 17:47:54] INFO: [Decision] ACCEPT: Primary thresholds met (abs + margin + relative)
[2025-10-20 17:47:55] INFO: [Recognition] Scores: S12313 - ma=0.698 S13234 - Jin_Rae=0.810 
[2025-10-20 17:47:55] INFO: [Decision] Best=S13234 - Jin_Rae(0.810), 2nd=0.698, Discriminative=0.670, AvgNeg=0.698
[2025-10-20 17:47:55] INFO: [Thresholds] Abs=0.611, Margin=0.111(13.7%), RelMargin=13.8%, Tightness=0.888, StdDev=0.024
[2025-10-20 17:47:55] INFO: [Decision] ACCEPT: Primary thresholds met (abs + margin + relative)
[2025-10-20 17:47:55] INFO: [Recognition] Scores: S12313 - ma=0.687 S13234 - Jin_Rae=0.782 
[2025-10-20 17:47:55] INFO: [Decision] Best=S13234 - Jin_Rae(0.782), 2nd=0.687, Discriminative=0.645, AvgNeg=0.687
[2025-10-20 17:47:55] INFO: [Thresholds] Abs=0.611, Margin=0.111(14.2%), RelMargin=12.2%, Tightness=0.888, StdDev=0.024
[2025-10-20 17:47:55] INFO: [Decision] ACCEPT: Strong margin hold (12.2%)
[2025-10-20 17:47:55] INFO: [Recognition] Scores: S12313 - ma=0.688 S13234 - Jin_Rae=0.780 
[2025-10-20 17:47:55] INFO: [Decision] Best=S13234 - Jin_Rae(0.780), 2nd=0.688, Discriminative=0.642, AvgNeg=0.688
[2025-10-20 17:47:55] INFO: [Thresholds] Abs=0.611, Margin=0.111(14.3%), RelMargin=11.7%, Tightness=0.888, StdDev=0.024
[2025-10-20 17:47:55] INFO: [Decision] ACCEPT: Consistency override (5/7 frames)
[2025-10-20 17:47:56] INFO: [Recognition] Scores: S12313 - ma=0.670 S13234 - Jin_Rae=0.764 
[2025-10-20 17:47:56] INFO: [Decision] Best=S13234 - Jin_Rae(0.764), 2nd=0.670, Discriminative=0.630, AvgNeg=0.670
[2025-10-20 17:47:56] INFO: [Thresholds] Abs=0.611, Margin=0.111(14.5%), RelMargin=12.3%, Tightness=0.888, StdDev=0.024
[2025-10-20 17:47:56] INFO: [Decision] ACCEPT: Strong margin hold (12.3%)
[2025-10-20 17:47:56] INFO: [Recognition] Scores: S12313 - ma=0.725 S13234 - Jin_Rae=0.837 
[2025-10-20 17:47:56] INFO: [Decision] Best=S13234 - Jin_Rae(0.837), 2nd=0.725, Discriminative=0.692, AvgNeg=0.725
[2025-10-20 17:47:56] INFO: [Thresholds] Abs=0.611, Margin=0.111(13.3%), RelMargin=13.4%, Tightness=0.888, StdDev=0.024
[2025-10-20 17:47:56] INFO: [Decision] ACCEPT: Primary thresholds met (abs + margin + relative)
[2025-10-20 17:47:56] INFO: [Recognition] Scores: S12313 - ma=0.703 S13234 - Jin_Rae=0.835 
[2025-10-20 17:47:56] INFO: [Decision] Best=S13234 - Jin_Rae(0.835), 2nd=0.703, Discriminative=0.694, AvgNeg=0.703
[2025-10-20 17:47:56] INFO: [Thresholds] Abs=0.611, Margin=0.111(13.3%), RelMargin=15.8%, Tightness=0.888, StdDev=0.024
[2025-10-20 17:47:56] INFO: [Decision] ACCEPT: Primary thresholds met (abs + margin + relative)
[2025-10-20 17:47:57] INFO: [Recognition] Scores: S12313 - ma=0.694 S13234 - Jin_Rae=0.837 
[2025-10-20 17:47:57] INFO: [Decision] Best=S13234 - Jin_Rae(0.837), 2nd=0.694, Discriminative=0.698, AvgNeg=0.694
[2025-10-20 17:47:57] INFO: [Thresholds] Abs=0.611, Margin=0.111(13.3%), RelMargin=17.0%, Tightness=0.888, StdDev=0.024
[2025-10-20 17:47:57] INFO: [Decision] ACCEPT: Primary thresholds met (abs + margin + relative)
[2025-10-20 17:47:57] INFO: [Recognition] Scores: S12313 - ma=0.684 S13234 - Jin_Rae=0.813 
[2025-10-20 17:47:57] INFO: [Decision] Best=S13234 - Jin_Rae(0.813), 2nd=0.684, Discriminative=0.677, AvgNeg=0.684
[2025-10-20 17:47:57] INFO: [Thresholds] Abs=0.611, Margin=0.111(13.7%), RelMargin=15.9%, Tightness=0.888, StdDev=0.024
[2025-10-20 17:47:57] INFO: [Decision] ACCEPT: Primary thresholds met (abs + margin + relative)
[2025-10-20 17:47:58] INFO: [Recognition] Scores: S12313 - ma=0.679 S13234 - Jin_Rae=0.812 
[2025-10-20 17:47:58] INFO: [Decision] Best=S13234 - Jin_Rae(0.812), 2nd=0.679, Discriminative=0.676, AvgNeg=0.679
[2025-10-20 17:47:58] INFO: [Thresholds] Abs=0.611, Margin=0.111(13.7%), RelMargin=16.3%, Tightness=0.888, StdDev=0.024
[2025-10-20 17:47:58] INFO: [Decision] ACCEPT: Primary thresholds met (abs + margin + relative)
[2025-10-20 17:47:58] INFO: [Recognition] Scores: S12313 - ma=0.641 S13234 - Jin_Rae=0.816 
[2025-10-20 17:47:58] INFO: [Decision] Best=S13234 - Jin_Rae(0.816), 2nd=0.641, Discriminative=0.688, AvgNeg=0.641
[2025-10-20 17:47:58] INFO: [Thresholds] Abs=0.611, Margin=0.111(13.6%), RelMargin=21.4%, Tightness=0.888, StdDev=0.024
[2025-10-20 17:47:58] INFO: [Decision] ACCEPT: Primary thresholds met (abs + margin + relative)
[2025-10-20 17:47:58] INFO: [Recognition] Scores: S12313 - ma=0.654 S13234 - Jin_Rae=0.802 
[2025-10-20 17:47:58] INFO: [Decision] Best=S13234 - Jin_Rae(0.802), 2nd=0.654, Discriminative=0.671, AvgNeg=0.654
[2025-10-20 17:47:58] INFO: [Thresholds] Abs=0.611, Margin=0.111(13.9%), RelMargin=18.4%, Tightness=0.888, StdDev=0.024
[2025-10-20 17:47:58] INFO: [Decision] ACCEPT: Primary thresholds met (abs + margin + relative)
[2025-10-20 17:47:59] INFO: [Recognition] Scores: S12313 - ma=0.675 S13234 - Jin_Rae=0.811 
[2025-10-20 17:47:59] INFO: [Decision] Best=S13234 - Jin_Rae(0.811), 2nd=0.675, Discriminative=0.676, AvgNeg=0.675
[2025-10-20 17:47:59] INFO: [Thresholds] Abs=0.611, Margin=0.111(13.7%), RelMargin=16.8%, Tightness=0.888, StdDev=0.024
[2025-10-20 17:47:59] INFO: [Decision] ACCEPT: Primary thresholds met (abs + margin + relative)
[2025-10-20 17:47:59] INFO: [Recognition] Scores: S12313 - ma=0.649 S13234 - Jin_Rae=0.784 
[2025-10-20 17:47:59] INFO: [Decision] Best=S13234 - Jin_Rae(0.784), 2nd=0.649, Discriminative=0.654, AvgNeg=0.649
[2025-10-20 17:47:59] INFO: [Thresholds] Abs=0.611, Margin=0.111(14.2%), RelMargin=17.2%, Tightness=0.888, StdDev=0.024
[2025-10-20 17:47:59] INFO: [Decision] ACCEPT: Primary thresholds met (abs + margin + relative)
[2025-10-20 17:47:59] INFO: [Recognition] Scores: S12313 - ma=0.671 S13234 - Jin_Rae=0.819 
[2025-10-20 17:47:59] INFO: [Decision] Best=S13234 - Jin_Rae(0.819), 2nd=0.671, Discriminative=0.685, AvgNeg=0.671
[2025-10-20 17:47:59] INFO: [Thresholds] Abs=0.611, Margin=0.111(13.6%), RelMargin=18.1%, Tightness=0.888, StdDev=0.024
[2025-10-20 17:47:59] INFO: [Decision] ACCEPT: Primary thresholds met (abs + margin + relative)
[2025-10-20 17:48:00] INFO: [Recognition] Scores: S12313 - ma=0.682 S13234 - Jin_Rae=0.820 
[2025-10-20 17:48:00] INFO: [Decision] Best=S13234 - Jin_Rae(0.820), 2nd=0.682, Discriminative=0.684, AvgNeg=0.682
[2025-10-20 17:48:00] INFO: [Thresholds] Abs=0.611, Margin=0.111(13.6%), RelMargin=16.8%, Tightness=0.888, StdDev=0.024
[2025-10-20 17:48:00] INFO: [Decision] ACCEPT: Primary thresholds met (abs + margin + relative)
[2025-10-20 17:48:00] INFO: [Recognition] Scores: S12313 - ma=0.705 S13234 - Jin_Rae=0.803 
[2025-10-20 17:48:00] INFO: [Decision] Best=S13234 - Jin_Rae(0.803), 2nd=0.705, Discriminative=0.662, AvgNeg=0.705
[2025-10-20 17:48:00] INFO: [Thresholds] Abs=0.611, Margin=0.111(13.8%), RelMargin=12.2%, Tightness=0.888, StdDev=0.024
[2025-10-20 17:48:00] INFO: [Decision] ACCEPT: Strong margin hold (12.2%)
[2025-10-20 17:48:00] INFO: Exiting Face Recognition Demo...
[2025-10-20 17:48:01] INFO: [Recognition] Scores: S12313 - ma=0.707 S13234 - Jin_Rae=0.819 
[2025-10-20 17:48:01] INFO: [Decision] Best=S13234 - Jin_Rae(0.819), 2nd=0.707, Discriminative=0.678, AvgNeg=0.707
[2025-10-20 17:48:01] INFO: [Thresholds] Abs=0.611, Margin=0.111(13.6%), RelMargin=13.7%, Tightness=0.888, StdDev=0.024
[2025-10-20 17:48:01] INFO: [Decision] ACCEPT: Primary thresholds met (abs + margin + relative)
[2025-10-20 17:48:01] INFO: Exiting Face Recognition Demo...
