[2025-10-21 00:08:24] INFO: Application Logger Initialized.
[2025-10-21 00:08:24] INFO: Configuration and core components loaded.
[2025-10-21 00:08:24] INFO: Configuration loaded from classpath: app.properties
[2025-10-21 00:08:24] INFO: Configuration file loaded
[2025-10-21 00:08:24] INFO: MyGUIProgram Started!
[2025-10-21 00:08:25] INFO: ￢ﾜﾅ OpenFace nn4.small2.v1 model loaded successfully
[2025-10-21 00:08:25] INFO: === Folder debug ===
[2025-10-21 00:08:25] INFO: Found folder: C:\SMU\CS102 Project\FaceRecognitionCS102\data\facedata\S12313_ma
[2025-10-21 00:08:25] INFO:   Contains: 36 items
[2025-10-21 00:08:25] INFO:   Display label: S12313 - ma
[2025-10-21 00:08:25] INFO: Found folder: C:\SMU\CS102 Project\FaceRecognitionCS102\data\facedata\S13234_Jin_Rae
[2025-10-21 00:08:25] INFO:   Contains: 38 items
[2025-10-21 00:08:25] INFO:   Display label: S13234 - Jin_Rae
[2025-10-21 00:08:25] INFO: ====================
[2025-10-21 00:08:25] INFO: Person S12313 - ma: tightness=0.934, stdDev=0.015, absThresh=0.607, margin=0.107
[2025-10-21 00:08:25] INFO: Person S13234 - Jin_Rae: tightness=0.888, stdDev=0.024, absThresh=0.611, margin=0.111
[2025-10-21 00:08:25] INFO: DNN face detector loaded successfully for recognition
[2025-10-21 00:08:25] INFO: Attempting to open camera 0 with backend 0
[2025-10-21 00:08:27] INFO: Camera opened successfully at index 0 with backend 0
[2025-10-21 00:08:27] INFO: Camera configured: 640x480 @ 30.0 fps (MJPEG: no)
[2025-10-21 00:08:27] WARNING: Some camera properties could not be set - using camera defaults
[2025-10-21 00:08:27] INFO: Camera initialized successfully
[2025-10-21 00:08:28] INFO: [Recognition] Scores: S12313 - ma=0.583 S13234 - Jin_Rae=0.792 
[2025-10-21 00:08:28] INFO: [Decision] Best=S13234 - Jin_Rae(0.792), 2nd=0.583, Discriminative=0.675, AvgNeg=0.583
[2025-10-21 00:08:28] INFO: [Thresholds] Abs=0.611, Margin=0.111(14.0%), RelMargin=26.4%, Tightness=0.888, StdDev=0.024
[2025-10-21 00:08:28] INFO: [Decision] ACCEPT: Primary thresholds met (abs + margin + relative)
[2025-10-21 00:08:28] INFO: [Recognition] Scores: S12313 - ma=0.696 S13234 - Jin_Rae=0.874 
[2025-10-21 00:08:28] INFO: [Decision] Best=S13234 - Jin_Rae(0.874), 2nd=0.696, Discriminative=0.735, AvgNeg=0.696
[2025-10-21 00:08:28] INFO: [Thresholds] Abs=0.611, Margin=0.111(12.7%), RelMargin=20.4%, Tightness=0.888, StdDev=0.024
[2025-10-21 00:08:28] INFO: [Decision] ACCEPT: Primary thresholds met (abs + margin + relative)
[2025-10-21 00:08:28] INFO: [Recognition] Scores: S12313 - ma=0.707 S13234 - Jin_Rae=0.868 
[2025-10-21 00:08:28] INFO: [Decision] Best=S13234 - Jin_Rae(0.868), 2nd=0.707, Discriminative=0.726, AvgNeg=0.707
[2025-10-21 00:08:28] INFO: [Thresholds] Abs=0.611, Margin=0.111(12.8%), RelMargin=18.5%, Tightness=0.888, StdDev=0.024
[2025-10-21 00:08:28] INFO: [Decision] ACCEPT: Primary thresholds met (abs + margin + relative)
[2025-10-21 00:08:28] INFO: [Recognition] Scores: S12313 - ma=0.743 S13234 - Jin_Rae=0.864 
[2025-10-21 00:08:28] INFO: [Decision] Best=S13234 - Jin_Rae(0.864), 2nd=0.743, Discriminative=0.716, AvgNeg=0.743
[2025-10-21 00:08:28] INFO: [Thresholds] Abs=0.611, Margin=0.111(12.9%), RelMargin=14.1%, Tightness=0.888, StdDev=0.024
[2025-10-21 00:08:28] INFO: [Decision] ACCEPT: Primary thresholds met (abs + margin + relative)
[2025-10-21 00:08:28] INFO: [Recognition] Scores: S12313 - ma=0.727 S13234 - Jin_Rae=0.874 
[2025-10-21 00:08:28] INFO: [Decision] Best=S13234 - Jin_Rae(0.874), 2nd=0.727, Discriminative=0.729, AvgNeg=0.727
[2025-10-21 00:08:28] INFO: [Thresholds] Abs=0.611, Margin=0.111(12.7%), RelMargin=16.9%, Tightness=0.888, StdDev=0.024
[2025-10-21 00:08:28] INFO: [Decision] ACCEPT: Primary thresholds met (abs + margin + relative)
[2025-10-21 00:08:28] INFO: [Recognition] Scores: S12313 - ma=0.727 S13234 - Jin_Rae=0.859 
[2025-10-21 00:08:28] INFO: [Decision] Best=S13234 - Jin_Rae(0.859), 2nd=0.727, Discriminative=0.713, AvgNeg=0.727
[2025-10-21 00:08:28] INFO: [Thresholds] Abs=0.611, Margin=0.111(12.9%), RelMargin=15.3%, Tightness=0.888, StdDev=0.024
[2025-10-21 00:08:28] INFO: [Decision] ACCEPT: Primary thresholds met (abs + margin + relative)
[2025-10-21 00:08:29] INFO: [Recognition] Scores: S12313 - ma=0.768 S13234 - Jin_Rae=0.862 
[2025-10-21 00:08:29] INFO: [Decision] Best=S13234 - Jin_Rae(0.862), 2nd=0.768, Discriminative=0.708, AvgNeg=0.768
[2025-10-21 00:08:29] INFO: [Thresholds] Abs=0.611, Margin=0.111(12.9%), RelMargin=10.9%, Tightness=0.888, StdDev=0.024
[2025-10-21 00:08:29] INFO: [Decision] ACCEPT: Consistency override (6/7 frames)
[2025-10-21 00:08:29] INFO: [Recognition] Scores: S12313 - ma=0.778 S13234 - Jin_Rae=0.859 
[2025-10-21 00:08:29] INFO: [Decision] Best=S13234 - Jin_Rae(0.859), 2nd=0.778, Discriminative=0.703, AvgNeg=0.778
[2025-10-21 00:08:29] INFO: [Thresholds] Abs=0.611, Margin=0.111(12.9%), RelMargin=9.5%, Tightness=0.888, StdDev=0.024
[2025-10-21 00:08:29] INFO: [Decision] ACCEPT: Consistency override (7/7 frames)
[2025-10-21 00:08:29] INFO: [Recognition] Scores: S12313 - ma=0.757 S13234 - Jin_Rae=0.855 
[2025-10-21 00:08:29] INFO: [Decision] Best=S13234 - Jin_Rae(0.855), 2nd=0.757, Discriminative=0.703, AvgNeg=0.757
[2025-10-21 00:08:29] INFO: [Thresholds] Abs=0.611, Margin=0.111(13.0%), RelMargin=11.4%, Tightness=0.888, StdDev=0.024
[2025-10-21 00:08:29] INFO: [Decision] ACCEPT: Consistency override (7/7 frames)
[2025-10-21 00:08:29] INFO: [Recognition] Scores: S12313 - ma=0.761 S13234 - Jin_Rae=0.853 
[2025-10-21 00:08:29] INFO: [Decision] Best=S13234 - Jin_Rae(0.853), 2nd=0.761, Discriminative=0.701, AvgNeg=0.761
[2025-10-21 00:08:29] INFO: [Thresholds] Abs=0.611, Margin=0.111(13.0%), RelMargin=10.8%, Tightness=0.888, StdDev=0.024
[2025-10-21 00:08:29] INFO: [Decision] ACCEPT: Consistency override (7/7 frames)
[2025-10-21 00:08:29] INFO: [Recognition] Scores: S12313 - ma=0.749 S13234 - Jin_Rae=0.866 
[2025-10-21 00:08:29] INFO: [Decision] Best=S13234 - Jin_Rae(0.866), 2nd=0.749, Discriminative=0.716, AvgNeg=0.749
[2025-10-21 00:08:29] INFO: [Thresholds] Abs=0.611, Margin=0.111(12.8%), RelMargin=13.5%, Tightness=0.888, StdDev=0.024
[2025-10-21 00:08:29] INFO: [Decision] ACCEPT: Primary thresholds met (abs + margin + relative)
[2025-10-21 00:08:29] INFO: [Recognition] Scores: S12313 - ma=0.729 S13234 - Jin_Rae=0.850 
[2025-10-21 00:08:29] INFO: [Decision] Best=S13234 - Jin_Rae(0.850), 2nd=0.729, Discriminative=0.704, AvgNeg=0.729
[2025-10-21 00:08:29] INFO: [Thresholds] Abs=0.611, Margin=0.111(13.1%), RelMargin=14.2%, Tightness=0.888, StdDev=0.024
[2025-10-21 00:08:29] INFO: [Decision] ACCEPT: Primary thresholds met (abs + margin + relative)
[2025-10-21 00:08:30] INFO: [Recognition] Scores: S12313 - ma=0.726 S13234 - Jin_Rae=0.841 
[2025-10-21 00:08:30] INFO: [Decision] Best=S13234 - Jin_Rae(0.841), 2nd=0.726, Discriminative=0.696, AvgNeg=0.726
[2025-10-21 00:08:30] INFO: [Thresholds] Abs=0.611, Margin=0.111(13.2%), RelMargin=13.7%, Tightness=0.888, StdDev=0.024
[2025-10-21 00:08:30] INFO: [Decision] ACCEPT: Primary thresholds met (abs + margin + relative)
[2025-10-21 00:08:30] INFO: [Recognition] Scores: S12313 - ma=0.766 S13234 - Jin_Rae=0.836 
[2025-10-21 00:08:30] INFO: [Decision] Best=S13234 - Jin_Rae(0.836), 2nd=0.766, Discriminative=0.683, AvgNeg=0.766
[2025-10-21 00:08:30] INFO: [Thresholds] Abs=0.611, Margin=0.111(13.3%), RelMargin=8.4%, Tightness=0.888, StdDev=0.024
[2025-10-21 00:08:30] INFO: [Decision] ACCEPT: Consistency override (7/7 frames)
[2025-10-21 00:08:30] INFO: [Recognition] Scores: S12313 - ma=0.725 S13234 - Jin_Rae=0.864 
[2025-10-21 00:08:30] INFO: [Decision] Best=S13234 - Jin_Rae(0.864), 2nd=0.725, Discriminative=0.719, AvgNeg=0.725
[2025-10-21 00:08:30] INFO: [Thresholds] Abs=0.611, Margin=0.111(12.9%), RelMargin=16.1%, Tightness=0.888, StdDev=0.024
[2025-10-21 00:08:30] INFO: [Decision] ACCEPT: Primary thresholds met (abs + margin + relative)
[2025-10-21 00:08:30] INFO: [Recognition] Scores: S12313 - ma=0.719 S13234 - Jin_Rae=0.848 
[2025-10-21 00:08:30] INFO: [Decision] Best=S13234 - Jin_Rae(0.848), 2nd=0.719, Discriminative=0.705, AvgNeg=0.719
[2025-10-21 00:08:30] INFO: [Thresholds] Abs=0.611, Margin=0.111(13.1%), RelMargin=15.2%, Tightness=0.888, StdDev=0.024
[2025-10-21 00:08:30] INFO: [Decision] ACCEPT: Primary thresholds met (abs + margin + relative)
[2025-10-21 00:08:30] INFO: [Recognition] Scores: S12313 - ma=0.710 S13234 - Jin_Rae=0.853 
[2025-10-21 00:08:30] INFO: [Decision] Best=S13234 - Jin_Rae(0.853), 2nd=0.710, Discriminative=0.711, AvgNeg=0.710
[2025-10-21 00:08:30] INFO: [Thresholds] Abs=0.611, Margin=0.111(13.0%), RelMargin=16.7%, Tightness=0.888, StdDev=0.024
[2025-10-21 00:08:30] INFO: [Decision] ACCEPT: Primary thresholds met (abs + margin + relative)
[2025-10-21 00:08:30] INFO: [Recognition] Scores: S12313 - ma=0.704 S13234 - Jin_Rae=0.869 
[2025-10-21 00:08:30] INFO: [Decision] Best=S13234 - Jin_Rae(0.869), 2nd=0.704, Discriminative=0.729, AvgNeg=0.704
[2025-10-21 00:08:30] INFO: [Thresholds] Abs=0.611, Margin=0.111(12.8%), RelMargin=19.0%, Tightness=0.888, StdDev=0.024
[2025-10-21 00:08:30] INFO: [Decision] ACCEPT: Primary thresholds met (abs + margin + relative)
[2025-10-21 00:08:30] INFO: [Recognition] Scores: S12313 - ma=0.707 S13234 - Jin_Rae=0.850 
[2025-10-21 00:08:30] INFO: [Decision] Best=S13234 - Jin_Rae(0.850), 2nd=0.707, Discriminative=0.709, AvgNeg=0.707
[2025-10-21 00:08:30] INFO: [Thresholds] Abs=0.611, Margin=0.111(13.1%), RelMargin=16.9%, Tightness=0.888, StdDev=0.024
[2025-10-21 00:08:30] INFO: [Decision] ACCEPT: Primary thresholds met (abs + margin + relative)
[2025-10-21 00:08:31] INFO: [Recognition] Scores: S12313 - ma=0.708 S13234 - Jin_Rae=0.834 
[2025-10-21 00:08:31] INFO: [Decision] Best=S13234 - Jin_Rae(0.834), 2nd=0.708, Discriminative=0.692, AvgNeg=0.708
[2025-10-21 00:08:31] INFO: [Thresholds] Abs=0.611, Margin=0.111(13.3%), RelMargin=15.1%, Tightness=0.888, StdDev=0.024
[2025-10-21 00:08:31] INFO: [Decision] ACCEPT: Primary thresholds met (abs + margin + relative)
[2025-10-21 00:08:31] INFO: [Recognition] Scores: S12313 - ma=0.705 S13234 - Jin_Rae=0.808 
[2025-10-21 00:08:31] INFO: [Decision] Best=S13234 - Jin_Rae(0.808), 2nd=0.705, Discriminative=0.667, AvgNeg=0.705
[2025-10-21 00:08:31] INFO: [Thresholds] Abs=0.611, Margin=0.111(13.8%), RelMargin=12.7%, Tightness=0.888, StdDev=0.024
[2025-10-21 00:08:31] INFO: [Decision] ACCEPT: Strong margin hold (12.7%)
[2025-10-21 00:08:31] INFO: [Recognition] Scores: S12313 - ma=0.688 S13234 - Jin_Rae=0.785 
[2025-10-21 00:08:31] INFO: [Decision] Best=S13234 - Jin_Rae(0.785), 2nd=0.688, Discriminative=0.648, AvgNeg=0.688
[2025-10-21 00:08:31] INFO: [Thresholds] Abs=0.611, Margin=0.111(14.2%), RelMargin=12.4%, Tightness=0.888, StdDev=0.024
[2025-10-21 00:08:31] INFO: [Decision] ACCEPT: Strong margin hold (12.4%)
[2025-10-21 00:08:31] INFO: [Recognition] Scores: S12313 - ma=0.671 S13234 - Jin_Rae=0.750 
[2025-10-21 00:08:31] INFO: [Decision] Best=S13234 - Jin_Rae(0.750), 2nd=0.671, Discriminative=0.616, AvgNeg=0.671
[2025-10-21 00:08:31] INFO: [Thresholds] Abs=0.611, Margin=0.111(14.8%), RelMargin=10.5%, Tightness=0.888, StdDev=0.024
[2025-10-21 00:08:31] INFO: [Decision] ACCEPT: Consistency override (7/7 frames)
[2025-10-21 00:08:31] INFO: [Recognition] Scores: S12313 - ma=0.722 S13234 - Jin_Rae=0.810 
[2025-10-21 00:08:31] INFO: [Decision] Best=S13234 - Jin_Rae(0.810), 2nd=0.722, Discriminative=0.666, AvgNeg=0.722
[2025-10-21 00:08:31] INFO: [Thresholds] Abs=0.611, Margin=0.111(13.7%), RelMargin=10.9%, Tightness=0.888, StdDev=0.024
[2025-10-21 00:08:31] INFO: [Decision] ACCEPT: Consistency override (7/7 frames)
[2025-10-21 00:08:31] INFO: [Recognition] Scores: S12313 - ma=0.680 S13234 - Jin_Rae=0.760 
[2025-10-21 00:08:31] INFO: [Decision] Best=S13234 - Jin_Rae(0.760), 2nd=0.680, Discriminative=0.624, AvgNeg=0.680
[2025-10-21 00:08:31] INFO: [Thresholds] Abs=0.611, Margin=0.111(14.6%), RelMargin=10.6%, Tightness=0.888, StdDev=0.024
[2025-10-21 00:08:31] INFO: [Decision] ACCEPT: Consistency override (7/7 frames)
[2025-10-21 00:08:32] INFO: [Recognition] Scores: S12313 - ma=0.737 S13234 - Jin_Rae=0.765 
[2025-10-21 00:08:32] INFO: [Decision] Best=S13234 - Jin_Rae(0.765), 2nd=0.737, Discriminative=0.618, AvgNeg=0.737
[2025-10-21 00:08:32] INFO: [Thresholds] Abs=0.611, Margin=0.111(14.5%), RelMargin=3.7%, Tightness=0.888, StdDev=0.024
[2025-10-21 00:08:32] INFO: [Decision] ACCEPT: Consistency override (7/7 frames)
[2025-10-21 00:08:32] INFO: [Recognition] Scores: S12313 - ma=0.751 S13234 - Jin_Rae=0.853 
[2025-10-21 00:08:32] INFO: [Decision] Best=S13234 - Jin_Rae(0.853), 2nd=0.751, Discriminative=0.702, AvgNeg=0.751
[2025-10-21 00:08:32] INFO: [Thresholds] Abs=0.611, Margin=0.111(13.0%), RelMargin=11.9%, Tightness=0.888, StdDev=0.024
[2025-10-21 00:08:32] INFO: [Decision] ACCEPT: Consistency override (7/7 frames)
[2025-10-21 00:08:32] INFO: [Recognition] Scores: S12313 - ma=0.747 S13234 - Jin_Rae=0.857 
[2025-10-21 00:08:32] INFO: [Decision] Best=S13234 - Jin_Rae(0.857), 2nd=0.747, Discriminative=0.708, AvgNeg=0.747
[2025-10-21 00:08:32] INFO: [Thresholds] Abs=0.611, Margin=0.111(13.0%), RelMargin=12.9%, Tightness=0.888, StdDev=0.024
[2025-10-21 00:08:32] INFO: [Decision] ACCEPT: Strong margin hold (12.9%)
[2025-10-21 00:08:32] INFO: [Recognition] Scores: S12313 - ma=0.752 S13234 - Jin_Rae=0.886 
[2025-10-21 00:08:32] INFO: [Decision] Best=S13234 - Jin_Rae(0.886), 2nd=0.752, Discriminative=0.736, AvgNeg=0.752
[2025-10-21 00:08:32] INFO: [Thresholds] Abs=0.611, Margin=0.111(12.5%), RelMargin=15.2%, Tightness=0.888, StdDev=0.024
[2025-10-21 00:08:32] INFO: [Decision] ACCEPT: Primary thresholds met (abs + margin + relative)
[2025-10-21 00:08:32] INFO: [Recognition] Scores: S12313 - ma=0.752 S13234 - Jin_Rae=0.896 
[2025-10-21 00:08:32] INFO: [Decision] Best=S13234 - Jin_Rae(0.896), 2nd=0.752, Discriminative=0.745, AvgNeg=0.752
[2025-10-21 00:08:32] INFO: [Thresholds] Abs=0.611, Margin=0.111(12.4%), RelMargin=16.0%, Tightness=0.888, StdDev=0.024
[2025-10-21 00:08:32] INFO: [Decision] ACCEPT: Primary thresholds met (abs + margin + relative)
[2025-10-21 00:08:32] INFO: [Recognition] Scores: S12313 - ma=0.732 S13234 - Jin_Rae=0.891 
[2025-10-21 00:08:32] INFO: [Decision] Best=S13234 - Jin_Rae(0.891), 2nd=0.732, Discriminative=0.745, AvgNeg=0.732
[2025-10-21 00:08:32] INFO: [Thresholds] Abs=0.611, Margin=0.111(12.5%), RelMargin=17.9%, Tightness=0.888, StdDev=0.024
[2025-10-21 00:08:32] INFO: [Decision] ACCEPT: Primary thresholds met (abs + margin + relative)
[2025-10-21 00:08:33] INFO: [Recognition] Scores: S12313 - ma=0.682 S13234 - Jin_Rae=0.870 
[2025-10-21 00:08:33] INFO: [Decision] Best=S13234 - Jin_Rae(0.870), 2nd=0.682, Discriminative=0.733, AvgNeg=0.682
[2025-10-21 00:08:33] INFO: [Thresholds] Abs=0.611, Margin=0.111(12.8%), RelMargin=21.6%, Tightness=0.888, StdDev=0.024
[2025-10-21 00:08:33] INFO: [Decision] ACCEPT: Primary thresholds met (abs + margin + relative)
[2025-10-21 00:08:33] INFO: [Recognition] Scores: S12313 - ma=0.663 S13234 - Jin_Rae=0.850 
[2025-10-21 00:08:33] INFO: [Decision] Best=S13234 - Jin_Rae(0.850), 2nd=0.663, Discriminative=0.717, AvgNeg=0.663
[2025-10-21 00:08:33] INFO: [Thresholds] Abs=0.611, Margin=0.111(13.1%), RelMargin=21.9%, Tightness=0.888, StdDev=0.024
[2025-10-21 00:08:33] INFO: [Decision] ACCEPT: Primary thresholds met (abs + margin + relative)
[2025-10-21 00:08:33] INFO: [Recognition] Scores: S12313 - ma=0.628 S13234 - Jin_Rae=0.821 
[2025-10-21 00:08:33] INFO: [Decision] Best=S13234 - Jin_Rae(0.821), 2nd=0.628, Discriminative=0.695, AvgNeg=0.628
[2025-10-21 00:08:33] INFO: [Thresholds] Abs=0.611, Margin=0.111(13.5%), RelMargin=23.4%, Tightness=0.888, StdDev=0.024
[2025-10-21 00:08:33] INFO: [Decision] ACCEPT: Primary thresholds met (abs + margin + relative)
[2025-10-21 00:08:33] INFO: [Recognition] Scores: S12313 - ma=0.631 S13234 - Jin_Rae=0.835 
[2025-10-21 00:08:33] INFO: [Decision] Best=S13234 - Jin_Rae(0.835), 2nd=0.631, Discriminative=0.709, AvgNeg=0.631
[2025-10-21 00:08:33] INFO: [Thresholds] Abs=0.611, Margin=0.111(13.3%), RelMargin=24.4%, Tightness=0.888, StdDev=0.024
[2025-10-21 00:08:33] INFO: [Decision] ACCEPT: Primary thresholds met (abs + margin + relative)
[2025-10-21 00:08:33] INFO: [Recognition] Scores: S12313 - ma=0.612 S13234 - Jin_Rae=0.806 
[2025-10-21 00:08:33] INFO: [Decision] Best=S13234 - Jin_Rae(0.806), 2nd=0.612, Discriminative=0.684, AvgNeg=0.612
[2025-10-21 00:08:33] INFO: [Thresholds] Abs=0.611, Margin=0.111(13.8%), RelMargin=24.1%, Tightness=0.888, StdDev=0.024
[2025-10-21 00:08:33] INFO: [Decision] ACCEPT: Primary thresholds met (abs + margin + relative)
[2025-10-21 00:08:33] INFO: [Recognition] Scores: S12313 - ma=0.618 S13234 - Jin_Rae=0.802 
[2025-10-21 00:08:33] INFO: [Decision] Best=S13234 - Jin_Rae(0.802), 2nd=0.618, Discriminative=0.679, AvgNeg=0.618
[2025-10-21 00:08:33] INFO: [Thresholds] Abs=0.611, Margin=0.111(13.9%), RelMargin=23.0%, Tightness=0.888, StdDev=0.024
[2025-10-21 00:08:33] INFO: [Decision] ACCEPT: Primary thresholds met (abs + margin + relative)
[2025-10-21 00:08:33] INFO: [Recognition] Scores: S12313 - ma=0.588 S13234 - Jin_Rae=0.798 
[2025-10-21 00:08:33] INFO: [Decision] Best=S13234 - Jin_Rae(0.798), 2nd=0.588, Discriminative=0.681, AvgNeg=0.588
[2025-10-21 00:08:33] INFO: [Thresholds] Abs=0.611, Margin=0.111(13.9%), RelMargin=26.3%, Tightness=0.888, StdDev=0.024
[2025-10-21 00:08:33] INFO: [Decision] ACCEPT: Primary thresholds met (abs + margin + relative)
[2025-10-21 00:08:34] INFO: [Recognition] Scores: S12313 - ma=0.620 S13234 - Jin_Rae=0.820 
[2025-10-21 00:08:34] INFO: [Decision] Best=S13234 - Jin_Rae(0.820), 2nd=0.620, Discriminative=0.696, AvgNeg=0.620
[2025-10-21 00:08:34] INFO: [Thresholds] Abs=0.611, Margin=0.111(13.6%), RelMargin=24.3%, Tightness=0.888, StdDev=0.024
[2025-10-21 00:08:34] INFO: [Decision] ACCEPT: Primary thresholds met (abs + margin + relative)
[2025-10-21 00:08:34] INFO: [Recognition] Scores: S12313 - ma=0.717 S13234 - Jin_Rae=0.827 
[2025-10-21 00:08:34] INFO: [Decision] Best=S13234 - Jin_Rae(0.827), 2nd=0.717, Discriminative=0.684, AvgNeg=0.717
[2025-10-21 00:08:34] INFO: [Thresholds] Abs=0.611, Margin=0.111(13.4%), RelMargin=13.3%, Tightness=0.888, StdDev=0.024
[2025-10-21 00:08:34] INFO: [Decision] ACCEPT: Strong margin hold (13.3%)
[2025-10-21 00:08:34] INFO: [Recognition] Scores: S12313 - ma=0.736 S13234 - Jin_Rae=0.844 
[2025-10-21 00:08:34] INFO: [Decision] Best=S13234 - Jin_Rae(0.844), 2nd=0.736, Discriminative=0.696, AvgNeg=0.736
[2025-10-21 00:08:34] INFO: [Thresholds] Abs=0.611, Margin=0.111(13.2%), RelMargin=12.8%, Tightness=0.888, StdDev=0.024
[2025-10-21 00:08:34] INFO: [Decision] ACCEPT: Strong margin hold (12.8%)
[2025-10-21 00:08:34] INFO: [Recognition] Scores: S12313 - ma=0.754 S13234 - Jin_Rae=0.839 
[2025-10-21 00:08:34] INFO: [Decision] Best=S13234 - Jin_Rae(0.839), 2nd=0.754, Discriminative=0.688, AvgNeg=0.754
[2025-10-21 00:08:34] INFO: [Thresholds] Abs=0.611, Margin=0.111(13.3%), RelMargin=10.1%, Tightness=0.888, StdDev=0.024
[2025-10-21 00:08:34] INFO: [Decision] ACCEPT: Consistency override (7/7 frames)
[2025-10-21 00:08:34] INFO: [Recognition] Scores: S12313 - ma=0.751 S13234 - Jin_Rae=0.824 
[2025-10-21 00:08:34] INFO: [Decision] Best=S13234 - Jin_Rae(0.824), 2nd=0.751, Discriminative=0.674, AvgNeg=0.751
[2025-10-21 00:08:34] INFO: [Thresholds] Abs=0.611, Margin=0.111(13.5%), RelMargin=8.8%, Tightness=0.888, StdDev=0.024
[2025-10-21 00:08:34] INFO: [Decision] ACCEPT: Consistency override (7/7 frames)
[2025-10-21 00:08:34] INFO: [Recognition] Scores: S12313 - ma=0.755 S13234 - Jin_Rae=0.892 
[2025-10-21 00:08:34] INFO: [Decision] Best=S13234 - Jin_Rae(0.892), 2nd=0.755, Discriminative=0.741, AvgNeg=0.755
[2025-10-21 00:08:34] INFO: [Thresholds] Abs=0.611, Margin=0.111(12.5%), RelMargin=15.3%, Tightness=0.888, StdDev=0.024
[2025-10-21 00:08:34] INFO: [Decision] ACCEPT: Primary thresholds met (abs + margin + relative)
[2025-10-21 00:08:35] INFO: [Recognition] Scores: S12313 - ma=0.737 S13234 - Jin_Rae=0.864 
[2025-10-21 00:08:35] INFO: [Decision] Best=S13234 - Jin_Rae(0.864), 2nd=0.737, Discriminative=0.717, AvgNeg=0.737
[2025-10-21 00:08:35] INFO: [Thresholds] Abs=0.611, Margin=0.111(12.9%), RelMargin=14.7%, Tightness=0.888, StdDev=0.024
[2025-10-21 00:08:35] INFO: [Decision] ACCEPT: Primary thresholds met (abs + margin + relative)
[2025-10-21 00:08:35] INFO: [Recognition] Scores: S12313 - ma=0.741 S13234 - Jin_Rae=0.888 
[2025-10-21 00:08:35] INFO: [Decision] Best=S13234 - Jin_Rae(0.888), 2nd=0.741, Discriminative=0.739, AvgNeg=0.741
[2025-10-21 00:08:35] INFO: [Thresholds] Abs=0.611, Margin=0.111(12.5%), RelMargin=16.5%, Tightness=0.888, StdDev=0.024
[2025-10-21 00:08:35] INFO: [Decision] ACCEPT: Primary thresholds met (abs + margin + relative)
[2025-10-21 00:08:35] INFO: [Recognition] Scores: S12313 - ma=0.658 S13234 - Jin_Rae=0.863 
[2025-10-21 00:08:35] INFO: [Decision] Best=S13234 - Jin_Rae(0.863), 2nd=0.658, Discriminative=0.732, AvgNeg=0.658
[2025-10-21 00:08:35] INFO: [Thresholds] Abs=0.611, Margin=0.111(12.9%), RelMargin=23.8%, Tightness=0.888, StdDev=0.024
[2025-10-21 00:08:35] INFO: [Decision] ACCEPT: Primary thresholds met (abs + margin + relative)
[2025-10-21 00:08:35] INFO: [Recognition] Scores: S12313 - ma=0.590 S13234 - Jin_Rae=0.819 
[2025-10-21 00:08:35] INFO: [Decision] Best=S13234 - Jin_Rae(0.819), 2nd=0.590, Discriminative=0.701, AvgNeg=0.590
[2025-10-21 00:08:35] INFO: [Thresholds] Abs=0.611, Margin=0.111(13.6%), RelMargin=27.9%, Tightness=0.888, StdDev=0.024
[2025-10-21 00:08:35] INFO: [Decision] ACCEPT: Primary thresholds met (abs + margin + relative)
[2025-10-21 00:08:35] INFO: [Recognition] Scores: S12313 - ma=0.540 S13234 - Jin_Rae=0.785 
[2025-10-21 00:08:35] INFO: [Decision] Best=S13234 - Jin_Rae(0.785), 2nd=0.540, Discriminative=0.677, AvgNeg=0.540
[2025-10-21 00:08:35] INFO: [Thresholds] Abs=0.611, Margin=0.111(14.2%), RelMargin=31.1%, Tightness=0.888, StdDev=0.024
[2025-10-21 00:08:35] INFO: [Decision] ACCEPT: Primary thresholds met (abs + margin + relative)
[2025-10-21 00:08:35] INFO: [Recognition] Scores: S12313 - ma=0.508 S13234 - Jin_Rae=0.774 
[2025-10-21 00:08:35] INFO: [Decision] Best=S13234 - Jin_Rae(0.774), 2nd=0.508, Discriminative=0.673, AvgNeg=0.508
[2025-10-21 00:08:35] INFO: [Thresholds] Abs=0.611, Margin=0.111(14.4%), RelMargin=34.4%, Tightness=0.888, StdDev=0.024
[2025-10-21 00:08:35] INFO: [Decision] ACCEPT: Primary thresholds met (abs + margin + relative)
[2025-10-21 00:08:35] INFO: [Recognition] Scores: S12313 - ma=0.532 S13234 - Jin_Rae=0.773 
[2025-10-21 00:08:35] INFO: [Decision] Best=S13234 - Jin_Rae(0.773), 2nd=0.532, Discriminative=0.667, AvgNeg=0.532
[2025-10-21 00:08:35] INFO: [Thresholds] Abs=0.611, Margin=0.111(14.4%), RelMargin=31.2%, Tightness=0.888, StdDev=0.024
[2025-10-21 00:08:35] INFO: [Decision] ACCEPT: Primary thresholds met (abs + margin + relative)
[2025-10-21 00:08:36] INFO: [Recognition] Scores: S12313 - ma=0.513 S13234 - Jin_Rae=0.766 
[2025-10-21 00:08:36] INFO: [Decision] Best=S13234 - Jin_Rae(0.766), 2nd=0.513, Discriminative=0.664, AvgNeg=0.513
[2025-10-21 00:08:36] INFO: [Thresholds] Abs=0.611, Margin=0.111(14.5%), RelMargin=33.0%, Tightness=0.888, StdDev=0.024
[2025-10-21 00:08:36] INFO: [Decision] ACCEPT: Primary thresholds met (abs + margin + relative)
[2025-10-21 00:08:36] INFO: [Recognition] Scores: S12313 - ma=0.503 S13234 - Jin_Rae=0.771 
[2025-10-21 00:08:36] INFO: [Decision] Best=S13234 - Jin_Rae(0.771), 2nd=0.503, Discriminative=0.670, AvgNeg=0.503
[2025-10-21 00:08:36] INFO: [Thresholds] Abs=0.611, Margin=0.111(14.4%), RelMargin=34.7%, Tightness=0.888, StdDev=0.024
[2025-10-21 00:08:36] INFO: [Decision] ACCEPT: Primary thresholds met (abs + margin + relative)
[2025-10-21 00:08:36] INFO: [Recognition] Scores: S12313 - ma=0.636 S13234 - Jin_Rae=0.836 
[2025-10-21 00:08:36] INFO: [Decision] Best=S13234 - Jin_Rae(0.836), 2nd=0.636, Discriminative=0.708, AvgNeg=0.636
[2025-10-21 00:08:36] INFO: [Thresholds] Abs=0.611, Margin=0.111(13.3%), RelMargin=23.9%, Tightness=0.888, StdDev=0.024
[2025-10-21 00:08:36] INFO: [Decision] ACCEPT: Primary thresholds met (abs + margin + relative)
[2025-10-21 00:08:36] INFO: [Recognition] Scores: S12313 - ma=0.715 S13234 - Jin_Rae=0.899 
[2025-10-21 00:08:36] INFO: [Decision] Best=S13234 - Jin_Rae(0.899), 2nd=0.715, Discriminative=0.756, AvgNeg=0.715
[2025-10-21 00:08:36] INFO: [Thresholds] Abs=0.611, Margin=0.111(12.4%), RelMargin=20.4%, Tightness=0.888, StdDev=0.024
[2025-10-21 00:08:36] INFO: [Decision] ACCEPT: Primary thresholds met (abs + margin + relative)
[2025-10-21 00:08:36] INFO: [Recognition] Scores: S12313 - ma=0.661 S13234 - Jin_Rae=0.889 
[2025-10-21 00:08:36] INFO: [Decision] Best=S13234 - Jin_Rae(0.889), 2nd=0.661, Discriminative=0.756, AvgNeg=0.661
[2025-10-21 00:08:36] INFO: [Thresholds] Abs=0.611, Margin=0.111(12.5%), RelMargin=25.6%, Tightness=0.888, StdDev=0.024
[2025-10-21 00:08:36] INFO: [Decision] ACCEPT: Primary thresholds met (abs + margin + relative)
[2025-10-21 00:08:36] INFO: [Recognition] Scores: S12313 - ma=0.695 S13234 - Jin_Rae=0.889 
[2025-10-21 00:08:36] INFO: [Decision] Best=S13234 - Jin_Rae(0.889), 2nd=0.695, Discriminative=0.750, AvgNeg=0.695
[2025-10-21 00:08:36] INFO: [Thresholds] Abs=0.611, Margin=0.111(12.5%), RelMargin=21.9%, Tightness=0.888, StdDev=0.024
[2025-10-21 00:08:36] INFO: [Decision] ACCEPT: Primary thresholds met (abs + margin + relative)
[2025-10-21 00:08:37] INFO: [Recognition] Scores: S12313 - ma=0.739 S13234 - Jin_Rae=0.890 
[2025-10-21 00:08:37] INFO: [Decision] Best=S13234 - Jin_Rae(0.890), 2nd=0.739, Discriminative=0.743, AvgNeg=0.739
[2025-10-21 00:08:37] INFO: [Thresholds] Abs=0.611, Margin=0.111(12.5%), RelMargin=17.0%, Tightness=0.888, StdDev=0.024
[2025-10-21 00:08:37] INFO: [Decision] ACCEPT: Primary thresholds met (abs + margin + relative)
[2025-10-21 00:08:37] INFO: [Recognition] Scores: S12313 - ma=0.754 S13234 - Jin_Rae=0.900 
[2025-10-21 00:08:37] INFO: [Decision] Best=S13234 - Jin_Rae(0.900), 2nd=0.754, Discriminative=0.750, AvgNeg=0.754
[2025-10-21 00:08:37] INFO: [Thresholds] Abs=0.611, Margin=0.111(12.3%), RelMargin=16.3%, Tightness=0.888, StdDev=0.024
[2025-10-21 00:08:37] INFO: [Decision] ACCEPT: Primary thresholds met (abs + margin + relative)
[2025-10-21 00:08:37] INFO: [Recognition] Scores: S12313 - ma=0.768 S13234 - Jin_Rae=0.884 
[2025-10-21 00:08:37] INFO: [Decision] Best=S13234 - Jin_Rae(0.884), 2nd=0.768, Discriminative=0.730, AvgNeg=0.768
[2025-10-21 00:08:37] INFO: [Thresholds] Abs=0.611, Margin=0.111(12.6%), RelMargin=13.1%, Tightness=0.888, StdDev=0.024
[2025-10-21 00:08:37] INFO: [Decision] ACCEPT: Primary thresholds met (abs + margin + relative)
[2025-10-21 00:08:37] INFO: [Recognition] Scores: S12313 - ma=0.779 S13234 - Jin_Rae=0.890 
[2025-10-21 00:08:37] INFO: [Decision] Best=S13234 - Jin_Rae(0.890), 2nd=0.779, Discriminative=0.734, AvgNeg=0.779
[2025-10-21 00:08:37] INFO: [Thresholds] Abs=0.611, Margin=0.111(12.5%), RelMargin=12.5%, Tightness=0.888, StdDev=0.024
[2025-10-21 00:08:37] INFO: [Decision] ACCEPT: Strong margin hold (12.5%)
[2025-10-21 00:08:37] INFO: [Recognition] Scores: S12313 - ma=0.758 S13234 - Jin_Rae=0.894 
[2025-10-21 00:08:37] INFO: [Decision] Best=S13234 - Jin_Rae(0.894), 2nd=0.758, Discriminative=0.742, AvgNeg=0.758
[2025-10-21 00:08:37] INFO: [Thresholds] Abs=0.611, Margin=0.111(12.4%), RelMargin=15.2%, Tightness=0.888, StdDev=0.024
[2025-10-21 00:08:37] INFO: [Decision] ACCEPT: Primary thresholds met (abs + margin + relative)
[2025-10-21 00:08:37] INFO: [Recognition] Scores: S12313 - ma=0.754 S13234 - Jin_Rae=0.893 
[2025-10-21 00:08:37] INFO: [Decision] Best=S13234 - Jin_Rae(0.893), 2nd=0.754, Discriminative=0.742, AvgNeg=0.754
[2025-10-21 00:08:37] INFO: [Thresholds] Abs=0.611, Margin=0.111(12.5%), RelMargin=15.5%, Tightness=0.888, StdDev=0.024
[2025-10-21 00:08:37] INFO: [Decision] ACCEPT: Primary thresholds met (abs + margin + relative)
[2025-10-21 00:08:38] INFO: [Recognition] Scores: S12313 - ma=0.738 S13234 - Jin_Rae=0.869 
[2025-10-21 00:08:38] INFO: [Decision] Best=S13234 - Jin_Rae(0.869), 2nd=0.738, Discriminative=0.721, AvgNeg=0.738
[2025-10-21 00:08:38] INFO: [Thresholds] Abs=0.611, Margin=0.111(12.8%), RelMargin=15.0%, Tightness=0.888, StdDev=0.024
[2025-10-21 00:08:38] INFO: [Decision] ACCEPT: Primary thresholds met (abs + margin + relative)
[2025-10-21 00:08:38] INFO: [Recognition] Scores: S12313 - ma=0.735 S13234 - Jin_Rae=0.852 
[2025-10-21 00:08:38] INFO: [Decision] Best=S13234 - Jin_Rae(0.852), 2nd=0.735, Discriminative=0.705, AvgNeg=0.735
[2025-10-21 00:08:38] INFO: [Thresholds] Abs=0.611, Margin=0.111(13.1%), RelMargin=13.7%, Tightness=0.888, StdDev=0.024
[2025-10-21 00:08:38] INFO: [Decision] ACCEPT: Primary thresholds met (abs + margin + relative)
[2025-10-21 00:08:38] INFO: [Recognition] Scores: S12313 - ma=0.732 S13234 - Jin_Rae=0.845 
[2025-10-21 00:08:38] INFO: [Decision] Best=S13234 - Jin_Rae(0.845), 2nd=0.732, Discriminative=0.699, AvgNeg=0.732
[2025-10-21 00:08:38] INFO: [Thresholds] Abs=0.611, Margin=0.111(13.2%), RelMargin=13.3%, Tightness=0.888, StdDev=0.024
[2025-10-21 00:08:38] INFO: [Decision] ACCEPT: Primary thresholds met (abs + margin + relative)
[2025-10-21 00:08:38] INFO: [Recognition] Scores: S12313 - ma=0.734 S13234 - Jin_Rae=0.891 
[2025-10-21 00:08:38] INFO: [Decision] Best=S13234 - Jin_Rae(0.891), 2nd=0.734, Discriminative=0.744, AvgNeg=0.734
[2025-10-21 00:08:38] INFO: [Thresholds] Abs=0.611, Margin=0.111(12.5%), RelMargin=17.6%, Tightness=0.888, StdDev=0.024
[2025-10-21 00:08:38] INFO: [Decision] ACCEPT: Primary thresholds met (abs + margin + relative)
[2025-10-21 00:08:38] INFO: [Recognition] Scores: S12313 - ma=0.730 S13234 - Jin_Rae=0.890 
[2025-10-21 00:08:38] INFO: [Decision] Best=S13234 - Jin_Rae(0.890), 2nd=0.730, Discriminative=0.744, AvgNeg=0.730
[2025-10-21 00:08:38] INFO: [Thresholds] Abs=0.611, Margin=0.111(12.5%), RelMargin=17.9%, Tightness=0.888, StdDev=0.024
[2025-10-21 00:08:38] INFO: [Decision] ACCEPT: Primary thresholds met (abs + margin + relative)
[2025-10-21 00:08:38] INFO: [Recognition] Scores: S12313 - ma=0.720 S13234 - Jin_Rae=0.884 
[2025-10-21 00:08:38] INFO: [Decision] Best=S13234 - Jin_Rae(0.884), 2nd=0.720, Discriminative=0.740, AvgNeg=0.720
[2025-10-21 00:08:38] INFO: [Thresholds] Abs=0.611, Margin=0.111(12.6%), RelMargin=18.5%, Tightness=0.888, StdDev=0.024
[2025-10-21 00:08:38] INFO: [Decision] ACCEPT: Primary thresholds met (abs + margin + relative)
[2025-10-21 00:08:38] INFO: [Recognition] Scores: S12313 - ma=0.712 S13234 - Jin_Rae=0.872 
[2025-10-21 00:08:38] INFO: [Decision] Best=S13234 - Jin_Rae(0.872), 2nd=0.712, Discriminative=0.729, AvgNeg=0.712
[2025-10-21 00:08:38] INFO: [Thresholds] Abs=0.611, Margin=0.111(12.7%), RelMargin=18.3%, Tightness=0.888, StdDev=0.024
[2025-10-21 00:08:38] INFO: [Decision] ACCEPT: Primary thresholds met (abs + margin + relative)
[2025-10-21 00:08:39] INFO: [Recognition] Scores: S12313 - ma=0.799 S13234 - Jin_Rae=0.863 
[2025-10-21 00:08:39] INFO: [Decision] Best=S13234 - Jin_Rae(0.863), 2nd=0.799, Discriminative=0.703, AvgNeg=0.799
[2025-10-21 00:08:39] INFO: [Thresholds] Abs=0.611, Margin=0.111(12.9%), RelMargin=7.4%, Tightness=0.888, StdDev=0.024
[2025-10-21 00:08:39] INFO: [Decision] ACCEPT: Consistency override (7/7 frames)
[2025-10-21 00:08:39] INFO: [Recognition] Scores: S12313 - ma=0.762 S13234 - Jin_Rae=0.854 
[2025-10-21 00:08:39] INFO: [Decision] Best=S13234 - Jin_Rae(0.854), 2nd=0.762, Discriminative=0.702, AvgNeg=0.762
[2025-10-21 00:08:39] INFO: [Thresholds] Abs=0.611, Margin=0.111(13.0%), RelMargin=10.8%, Tightness=0.888, StdDev=0.024
[2025-10-21 00:08:39] INFO: [Decision] ACCEPT: Consistency override (7/7 frames)
[2025-10-21 00:08:39] INFO: [Recognition] Scores: S12313 - ma=0.752 S13234 - Jin_Rae=0.832 
[2025-10-21 00:08:39] INFO: [Decision] Best=S13234 - Jin_Rae(0.832), 2nd=0.752, Discriminative=0.682, AvgNeg=0.752
[2025-10-21 00:08:39] INFO: [Thresholds] Abs=0.611, Margin=0.111(13.4%), RelMargin=9.6%, Tightness=0.888, StdDev=0.024
[2025-10-21 00:08:39] INFO: [Decision] ACCEPT: Consistency override (7/7 frames)
[2025-10-21 00:08:39] INFO: [Recognition] Scores: S12313 - ma=0.748 S13234 - Jin_Rae=0.827 
[2025-10-21 00:08:39] INFO: [Decision] Best=S13234 - Jin_Rae(0.827), 2nd=0.748, Discriminative=0.677, AvgNeg=0.748
[2025-10-21 00:08:39] INFO: [Thresholds] Abs=0.611, Margin=0.111(13.4%), RelMargin=9.5%, Tightness=0.888, StdDev=0.024
[2025-10-21 00:08:39] INFO: [Decision] ACCEPT: Consistency override (7/7 frames)
[2025-10-21 00:08:39] INFO: [Recognition] Scores: S12313 - ma=0.736 S13234 - Jin_Rae=0.847 
[2025-10-21 00:08:39] INFO: [Decision] Best=S13234 - Jin_Rae(0.847), 2nd=0.736, Discriminative=0.699, AvgNeg=0.736
[2025-10-21 00:08:39] INFO: [Thresholds] Abs=0.611, Margin=0.111(13.1%), RelMargin=13.1%, Tightness=0.888, StdDev=0.024
[2025-10-21 00:08:39] INFO: [Decision] ACCEPT: Strong margin hold (13.1%)
[2025-10-21 00:08:39] INFO: [Recognition] Scores: S12313 - ma=0.757 S13234 - Jin_Rae=0.847 
[2025-10-21 00:08:39] INFO: [Decision] Best=S13234 - Jin_Rae(0.847), 2nd=0.757, Discriminative=0.696, AvgNeg=0.757
[2025-10-21 00:08:39] INFO: [Thresholds] Abs=0.611, Margin=0.111(13.1%), RelMargin=10.6%, Tightness=0.888, StdDev=0.024
[2025-10-21 00:08:39] INFO: [Decision] ACCEPT: Consistency override (7/7 frames)
[2025-10-21 00:08:40] INFO: [Recognition] Scores: S12313 - ma=0.760 S13234 - Jin_Rae=0.856 
[2025-10-21 00:08:40] INFO: [Decision] Best=S13234 - Jin_Rae(0.856), 2nd=0.760, Discriminative=0.704, AvgNeg=0.760
[2025-10-21 00:08:40] INFO: [Thresholds] Abs=0.611, Margin=0.111(13.0%), RelMargin=11.2%, Tightness=0.888, StdDev=0.024
[2025-10-21 00:08:40] INFO: [Decision] ACCEPT: Consistency override (7/7 frames)
[2025-10-21 00:08:40] INFO: [Recognition] Scores: S12313 - ma=0.723 S13234 - Jin_Rae=0.855 
[2025-10-21 00:08:40] INFO: [Decision] Best=S13234 - Jin_Rae(0.855), 2nd=0.723, Discriminative=0.710, AvgNeg=0.723
[2025-10-21 00:08:40] INFO: [Thresholds] Abs=0.611, Margin=0.111(13.0%), RelMargin=15.5%, Tightness=0.888, StdDev=0.024
[2025-10-21 00:08:40] INFO: [Decision] ACCEPT: Primary thresholds met (abs + margin + relative)
[2025-10-21 00:08:40] INFO: [Recognition] Scores: S12313 - ma=0.723 S13234 - Jin_Rae=0.849 
[2025-10-21 00:08:40] INFO: [Decision] Best=S13234 - Jin_Rae(0.849), 2nd=0.723, Discriminative=0.704, AvgNeg=0.723
[2025-10-21 00:08:40] INFO: [Thresholds] Abs=0.611, Margin=0.111(13.1%), RelMargin=14.8%, Tightness=0.888, StdDev=0.024
[2025-10-21 00:08:40] INFO: [Decision] ACCEPT: Primary thresholds met (abs + margin + relative)
[2025-10-21 00:08:40] INFO: [Recognition] Scores: S12313 - ma=0.710 S13234 - Jin_Rae=0.853 
[2025-10-21 00:08:40] INFO: [Decision] Best=S13234 - Jin_Rae(0.853), 2nd=0.710, Discriminative=0.710, AvgNeg=0.710
[2025-10-21 00:08:40] INFO: [Thresholds] Abs=0.611, Margin=0.111(13.0%), RelMargin=16.7%, Tightness=0.888, StdDev=0.024
[2025-10-21 00:08:40] INFO: [Decision] ACCEPT: Primary thresholds met (abs + margin + relative)
[2025-10-21 00:08:40] INFO: [Recognition] Scores: S12313 - ma=0.724 S13234 - Jin_Rae=0.871 
[2025-10-21 00:08:40] INFO: [Decision] Best=S13234 - Jin_Rae(0.871), 2nd=0.724, Discriminative=0.727, AvgNeg=0.724
[2025-10-21 00:08:40] INFO: [Thresholds] Abs=0.611, Margin=0.111(12.8%), RelMargin=16.9%, Tightness=0.888, StdDev=0.024
[2025-10-21 00:08:40] INFO: [Decision] ACCEPT: Primary thresholds met (abs + margin + relative)
[2025-10-21 00:08:40] INFO: [Recognition] Scores: S12313 - ma=0.752 S13234 - Jin_Rae=0.888 
[2025-10-21 00:08:40] INFO: [Decision] Best=S13234 - Jin_Rae(0.888), 2nd=0.752, Discriminative=0.737, AvgNeg=0.752
[2025-10-21 00:08:40] INFO: [Thresholds] Abs=0.611, Margin=0.111(12.5%), RelMargin=15.3%, Tightness=0.888, StdDev=0.024
[2025-10-21 00:08:40] INFO: [Decision] ACCEPT: Primary thresholds met (abs + margin + relative)
[2025-10-21 00:08:40] INFO: Exiting Face Recognition Demo...
[2025-10-21 00:08:40] INFO: Exiting Face Recognition Demo...
