[2025-10-18 03:20:33] INFO: Application Logger Initialized.
[2025-10-18 03:20:33] INFO: Configuration loaded from file: C:\SMU\CS102 Project\FaceRecognitionCS102\app.properties
[2025-10-18 03:20:33] INFO: GUI launched successfully
[2025-10-18 03:20:37] INFO: Face embedding model loaded successfully
[2025-10-18 03:20:37] INFO: ￢ﾜﾓ Facial landmark detector (cascade-based) loaded successfully
[2025-10-18 03:20:37] INFO: FaceCaptureDialog created for student: Jin Rae
[2025-10-18 03:20:37] INFO: Dialog initialized
[2025-10-18 03:20:37] INFO: Starting camera preview...
[2025-10-18 03:20:37] INFO: Preview timer started
[2025-10-18 03:20:38] INFO: Frame received: 640x480
[2025-10-18 03:20:38] INFO: Debug: 1 face(s) detected, best confidence: 0.99
[2025-10-18 03:20:38] INFO: Frame received: 640x480
[2025-10-18 03:20:38] INFO: Debug: 1 face(s) detected, best confidence: 0.99
[2025-10-18 03:20:38] INFO: Frame received: 640x480
[2025-10-18 03:20:38] INFO: Debug: 1 face(s) detected, best confidence: 0.99
[2025-10-18 03:20:38] INFO: Frame received: 640x480
[2025-10-18 03:20:38] INFO: Debug: 1 face(s) detected, best confidence: 0.98
[2025-10-18 03:20:39] INFO: Frame received: 640x480
[2025-10-18 03:20:39] INFO: Debug: 1 face(s) detected, best confidence: 0.99
[2025-10-18 03:20:39] INFO: Frame received: 640x480
[2025-10-18 03:20:39] INFO: Debug: 1 face(s) detected, best confidence: 0.98
[2025-10-18 03:20:39] INFO: Frame received: 640x480
[2025-10-18 03:20:39] INFO: Debug: 1 face(s) detected, best confidence: 0.98
[2025-10-18 03:20:39] INFO: Frame received: 640x480
[2025-10-18 03:20:39] INFO: Debug: 1 face(s) detected, best confidence: 0.98
[2025-10-18 03:20:39] INFO: Frame received: 640x480
[2025-10-18 03:20:39] INFO: Debug: 1 face(s) detected, best confidence: 0.98
[2025-10-18 03:20:39] INFO: Frame received: 640x480
[2025-10-18 03:20:39] INFO: Debug: 1 face(s) detected, best confidence: 0.98
[2025-10-18 03:20:39] INFO: Frame received: 640x480
[2025-10-18 03:20:39] INFO: Debug: 1 face(s) detected, best confidence: 0.96
[2025-10-18 03:20:39] INFO: Frame received: 640x480
[2025-10-18 03:20:39] INFO: Debug: 1 face(s) detected, best confidence: 0.97
[2025-10-18 03:20:39] INFO: Frame received: 640x480
[2025-10-18 03:20:39] INFO: Debug: 1 face(s) detected, best confidence: 0.98
[2025-10-18 03:20:39] INFO: Frame received: 640x480
[2025-10-18 03:20:40] INFO: Debug: 1 face(s) detected, best confidence: 0.97
[2025-10-18 03:20:40] INFO: Frame received: 640x480
[2025-10-18 03:20:40] INFO: Debug: 1 face(s) detected, best confidence: 0.97
[2025-10-18 03:20:40] INFO: Frame received: 640x480
[2025-10-18 03:20:40] INFO: Debug: 1 face(s) detected, best confidence: 0.97
[2025-10-18 03:20:40] INFO: Frame received: 640x480
[2025-10-18 03:20:40] INFO: Debug: 1 face(s) detected, best confidence: 0.97
[2025-10-18 03:20:40] INFO: Frame received: 640x480
[2025-10-18 03:20:40] INFO: Debug: 1 face(s) detected, best confidence: 0.97
[2025-10-18 03:20:40] INFO: Frame received: 640x480
[2025-10-18 03:20:40] INFO: Debug: 1 face(s) detected, best confidence: 0.96
[2025-10-18 03:20:40] INFO: Frame received: 640x480
[2025-10-18 03:20:40] INFO: Debug: 1 face(s) detected, best confidence: 0.95
[2025-10-18 03:20:40] INFO: Frame received: 640x480
[2025-10-18 03:20:40] INFO: Debug: 1 face(s) detected, best confidence: 0.95
[2025-10-18 03:20:40] INFO: Frame received: 640x480
[2025-10-18 03:20:40] INFO: Debug: 1 face(s) detected, best confidence: 0.94
[2025-10-18 03:20:40] INFO: Frame received: 640x480
[2025-10-18 03:20:40] INFO: Debug: 1 face(s) detected, best confidence: 0.94
[2025-10-18 03:20:41] INFO: Frame received: 640x480
[2025-10-18 03:20:41] INFO: Debug: 1 face(s) detected, best confidence: 0.94
[2025-10-18 03:20:41] INFO: Frame received: 640x480
[2025-10-18 03:20:41] INFO: Debug: 1 face(s) detected, best confidence: 0.94
[2025-10-18 03:20:41] INFO: Frame received: 640x480
[2025-10-18 03:20:41] INFO: Debug: 1 face(s) detected, best confidence: 0.94
[2025-10-18 03:20:41] INFO: Frame received: 640x480
[2025-10-18 03:20:41] INFO: Debug: 1 face(s) detected, best confidence: 0.98
[2025-10-18 03:20:41] INFO: Frame received: 640x480
[2025-10-18 03:20:41] INFO: Debug: 1 face(s) detected, best confidence: 0.98
[2025-10-18 03:20:41] INFO: Frame received: 640x480
[2025-10-18 03:20:41] INFO: Debug: 1 face(s) detected, best confidence: 0.98
[2025-10-18 03:20:41] INFO: Frame received: 640x480
[2025-10-18 03:20:41] INFO: Debug: 1 face(s) detected, best confidence: 0.97
[2025-10-18 03:20:41] INFO: Frame received: 640x480
[2025-10-18 03:20:41] INFO: Debug: 1 face(s) detected, best confidence: 0.98
[2025-10-18 03:20:41] INFO: Frame received: 640x480
[2025-10-18 03:20:41] INFO: Debug: 1 face(s) detected, best confidence: 0.97
[2025-10-18 03:20:42] INFO: Frame received: 640x480
[2025-10-18 03:20:42] INFO: Debug: 1 face(s) detected, best confidence: 0.97
[2025-10-18 03:20:42] INFO: Frame received: 640x480
[2025-10-18 03:20:42] INFO: Debug: 1 face(s) detected, best confidence: 0.97
[2025-10-18 03:20:42] INFO: Frame received: 640x480
[2025-10-18 03:20:42] INFO: Debug: 1 face(s) detected, best confidence: 0.98
[2025-10-18 03:20:42] INFO: Frame received: 640x480
[2025-10-18 03:20:42] INFO: Debug: 1 face(s) detected, best confidence: 0.98
[2025-10-18 03:20:42] INFO: Frame received: 640x480
[2025-10-18 03:20:42] INFO: Debug: 1 face(s) detected, best confidence: 0.99
[2025-10-18 03:20:42] INFO: Frame received: 640x480
[2025-10-18 03:20:42] INFO: Debug: 1 face(s) detected, best confidence: 0.99
[2025-10-18 03:20:42] INFO: Frame received: 640x480
[2025-10-18 03:20:42] INFO: Debug: 1 face(s) detected, best confidence: 0.98
[2025-10-18 03:20:42] INFO: Frame received: 640x480
[2025-10-18 03:20:42] INFO: Debug: 1 face(s) detected, best confidence: 0.98
[2025-10-18 03:20:42] INFO: Frame received: 640x480
[2025-10-18 03:20:42] INFO: Debug: 1 face(s) detected, best confidence: 0.97
[2025-10-18 03:20:43] INFO: Frame received: 640x480
[2025-10-18 03:20:43] INFO: Debug: 1 face(s) detected, best confidence: 0.97
[2025-10-18 03:20:43] INFO: Frame received: 640x480
[2025-10-18 03:20:43] INFO: Debug: 1 face(s) detected, best confidence: 0.97
[2025-10-18 03:20:43] INFO: Frame received: 640x480
[2025-10-18 03:20:43] INFO: Debug: 1 face(s) detected, best confidence: 0.95
[2025-10-18 03:20:43] INFO: Frame received: 640x480
[2025-10-18 03:20:43] INFO: Debug: 1 face(s) detected, best confidence: 0.94
[2025-10-18 03:20:43] INFO: Frame received: 640x480
[2025-10-18 03:20:43] INFO: Debug: 1 face(s) detected, best confidence: 0.96
[2025-10-18 03:20:43] INFO: Frame received: 640x480
[2025-10-18 03:20:43] INFO: Debug: 1 face(s) detected, best confidence: 0.96
[2025-10-18 03:20:43] INFO: Frame received: 640x480
[2025-10-18 03:20:43] INFO: Debug: 1 face(s) detected, best confidence: 0.97
[2025-10-18 03:20:43] INFO: Frame received: 640x480
[2025-10-18 03:20:43] INFO: Debug: 1 face(s) detected, best confidence: 0.96
[2025-10-18 03:20:43] INFO: Frame received: 640x480
[2025-10-18 03:20:43] INFO: Debug: 1 face(s) detected, best confidence: 0.96
[2025-10-18 03:20:44] INFO: Frame received: 640x480
[2025-10-18 03:20:44] INFO: Debug: 1 face(s) detected, best confidence: 0.94
[2025-10-18 03:20:44] INFO: Frame received: 640x480
[2025-10-18 03:20:44] INFO: Debug: 1 face(s) detected, best confidence: 0.97
[2025-10-18 03:20:44] INFO: Frame received: 640x480
[2025-10-18 03:20:44] INFO: Debug: 1 face(s) detected, best confidence: 0.97
[2025-10-18 03:20:44] INFO: Frame received: 640x480
[2025-10-18 03:20:44] INFO: Debug: 1 face(s) detected, best confidence: 0.97
[2025-10-18 03:20:44] INFO: Frame received: 640x480
[2025-10-18 03:20:44] INFO: Debug: 1 face(s) detected, best confidence: 0.97
[2025-10-18 03:20:44] INFO: Frame received: 640x480
[2025-10-18 03:20:44] INFO: Debug: 1 face(s) detected, best confidence: 0.95
[2025-10-18 03:20:44] INFO: Frame received: 640x480
[2025-10-18 03:20:44] INFO: Debug: 1 face(s) detected, best confidence: 0.94
[2025-10-18 03:20:44] INFO: Frame received: 640x480
[2025-10-18 03:20:44] INFO: Debug: 1 face(s) detected, best confidence: 0.96
[2025-10-18 03:20:44] INFO: Frame received: 640x480
[2025-10-18 03:20:44] INFO: Debug: 1 face(s) detected, best confidence: 0.95
[2025-10-18 03:20:44] INFO: Frame received: 640x480
[2025-10-18 03:20:45] INFO: Debug: 1 face(s) detected, best confidence: 0.96
[2025-10-18 03:20:45] INFO: Frame received: 640x480
[2025-10-18 03:20:45] INFO: Debug: 1 face(s) detected, best confidence: 0.94
[2025-10-18 03:20:45] INFO: Frame received: 640x480
[2025-10-18 03:20:45] INFO: Debug: 1 face(s) detected, best confidence: 0.95
[2025-10-18 03:20:45] INFO: Frame received: 640x480
[2025-10-18 03:20:45] INFO: Debug: 1 face(s) detected, best confidence: 0.95
[2025-10-18 03:20:45] INFO: Frame received: 640x480
[2025-10-18 03:20:45] INFO: Debug: 1 face(s) detected, best confidence: 0.91
[2025-10-18 03:20:45] INFO: Frame received: 640x480
[2025-10-18 03:20:45] INFO: Debug: 1 face(s) detected, best confidence: 0.92
[2025-10-18 03:20:45] INFO: Frame received: 640x480
[2025-10-18 03:20:45] INFO: Debug: 1 face(s) detected, best confidence: 0.94
[2025-10-18 03:20:45] INFO: Frame received: 640x480
[2025-10-18 03:20:45] INFO: Debug: 1 face(s) detected, best confidence: 0.95
[2025-10-18 03:20:45] INFO: Frame received: 640x480
[2025-10-18 03:20:45] INFO: Debug: 1 face(s) detected, best confidence: 0.96
[2025-10-18 03:20:45] INFO: Frame received: 640x480
[2025-10-18 03:20:45] INFO: Debug: 1 face(s) detected, best confidence: 0.95
[2025-10-18 03:20:46] INFO: Frame received: 640x480
[2025-10-18 03:20:46] INFO: Debug: 1 face(s) detected, best confidence: 0.94
[2025-10-18 03:20:46] INFO: Frame received: 640x480
[2025-10-18 03:20:46] INFO: Debug: 1 face(s) detected, best confidence: 0.93
[2025-10-18 03:20:46] INFO: Frame received: 640x480
[2025-10-18 03:20:46] INFO: Debug: 1 face(s) detected, best confidence: 0.95
[2025-10-18 03:20:46] INFO: Frame received: 640x480
[2025-10-18 03:20:46] INFO: Debug: 1 face(s) detected, best confidence: 0.95
[2025-10-18 03:20:46] INFO: Frame received: 640x480
[2025-10-18 03:20:46] INFO: Debug: 1 face(s) detected, best confidence: 0.98
[2025-10-18 03:20:46] INFO: Frame received: 640x480
[2025-10-18 03:20:46] INFO: Debug: 1 face(s) detected, best confidence: 0.95
[2025-10-18 03:20:46] INFO: Frame received: 640x480
[2025-10-18 03:20:46] INFO: Debug: 1 face(s) detected, best confidence: 0.96
[2025-10-18 03:20:46] INFO: Frame received: 640x480
[2025-10-18 03:20:46] INFO: Debug: 1 face(s) detected, best confidence: 0.95
[2025-10-18 03:20:46] INFO: Frame received: 640x480
[2025-10-18 03:20:46] INFO: Debug: 1 face(s) detected, best confidence: 0.93
[2025-10-18 03:20:47] INFO: Frame received: 640x480
[2025-10-18 03:20:47] INFO: Debug: 1 face(s) detected, best confidence: 0.94
[2025-10-18 03:20:47] INFO: Frame received: 640x480
[2025-10-18 03:20:47] INFO: Debug: 1 face(s) detected, best confidence: 0.95
[2025-10-18 03:20:47] INFO: Frame received: 640x480
[2025-10-18 03:20:47] INFO: Debug: 1 face(s) detected, best confidence: 0.97
[2025-10-18 03:20:47] INFO: Frame received: 640x480
[2025-10-18 03:20:47] INFO: Debug: 1 face(s) detected, best confidence: 0.97
[2025-10-18 03:20:47] INFO: Frame received: 640x480
[2025-10-18 03:20:47] INFO: Debug: 1 face(s) detected, best confidence: 0.97
[2025-10-18 03:20:47] INFO: Frame received: 640x480
[2025-10-18 03:20:47] INFO: Debug: 1 face(s) detected, best confidence: 0.97
[2025-10-18 03:20:47] INFO: Frame received: 640x480
[2025-10-18 03:20:47] INFO: Debug: 1 face(s) detected, best confidence: 0.96
[2025-10-18 03:20:47] INFO: Frame received: 640x480
[2025-10-18 03:20:47] INFO: Debug: 1 face(s) detected, best confidence: 0.96
[2025-10-18 03:20:47] INFO: Frame received: 640x480
[2025-10-18 03:20:47] INFO: Debug: 1 face(s) detected, best confidence: 0.95
[2025-10-18 03:20:48] INFO: Frame received: 640x480
[2025-10-18 03:20:48] INFO: Debug: 1 face(s) detected, best confidence: 0.95
[2025-10-18 03:20:48] INFO: Frame received: 640x480
[2025-10-18 03:20:48] INFO: Debug: 1 face(s) detected, best confidence: 0.95
[2025-10-18 03:20:48] INFO: Frame received: 640x480
[2025-10-18 03:20:48] INFO: Debug: 1 face(s) detected, best confidence: 0.93
[2025-10-18 03:20:48] INFO: Frame received: 640x480
[2025-10-18 03:20:48] INFO: Debug: 1 face(s) detected, best confidence: 0.93
[2025-10-18 03:20:48] INFO: Frame received: 640x480
[2025-10-18 03:20:48] INFO: Debug: 1 face(s) detected, best confidence: 0.94
[2025-10-18 03:20:48] INFO: Frame received: 640x480
[2025-10-18 03:20:48] INFO: Debug: 1 face(s) detected, best confidence: 0.94
[2025-10-18 03:20:48] INFO: Frame received: 640x480
[2025-10-18 03:20:48] INFO: Debug: 1 face(s) detected, best confidence: 0.94
[2025-10-18 03:20:48] INFO: Frame received: 640x480
[2025-10-18 03:20:48] INFO: Debug: 1 face(s) detected, best confidence: 0.90
[2025-10-18 03:20:48] INFO: Frame received: 640x480
[2025-10-18 03:20:48] INFO: Debug: 1 face(s) detected, best confidence: 0.94
[2025-10-18 03:20:49] INFO: Frame received: 640x480
[2025-10-18 03:20:49] INFO: Debug: 1 face(s) detected, best confidence: 0.90
[2025-10-18 03:20:49] INFO: Frame received: 640x480
[2025-10-18 03:20:49] INFO: Debug: 1 face(s) detected, best confidence: 0.91
[2025-10-18 03:20:49] INFO: Frame received: 640x480
[2025-10-18 03:20:49] INFO: Debug: 1 face(s) detected, best confidence: 0.93
[2025-10-18 03:20:49] INFO: Frame received: 640x480
[2025-10-18 03:20:49] INFO: Debug: 1 face(s) detected, best confidence: 0.92
[2025-10-18 03:20:49] INFO: Frame received: 640x480
[2025-10-18 03:20:49] INFO: Debug: 1 face(s) detected, best confidence: 0.93
[2025-10-18 03:20:49] INFO: Frame received: 640x480
[2025-10-18 03:20:49] INFO: Debug: 1 face(s) detected, best confidence: 0.93
[2025-10-18 03:20:49] INFO: Frame received: 640x480
[2025-10-18 03:20:49] INFO: Debug: 1 face(s) detected, best confidence: 0.94
[2025-10-18 03:20:49] INFO: Frame received: 640x480
[2025-10-18 03:20:49] INFO: Debug: 1 face(s) detected, best confidence: 0.92
[2025-10-18 03:20:49] INFO: Frame received: 640x480
[2025-10-18 03:20:49] INFO: Debug: 1 face(s) detected, best confidence: 0.94
[2025-10-18 03:20:49] INFO: Frame received: 640x480
[2025-10-18 03:20:50] INFO: Debug: 1 face(s) detected, best confidence: 0.92
[2025-10-18 03:20:50] INFO: Frame received: 640x480
[2025-10-18 03:20:50] INFO: Debug: 1 face(s) detected, best confidence: 0.89
[2025-10-18 03:20:50] INFO: Frame received: 640x480
[2025-10-18 03:20:50] INFO: Debug: 1 face(s) detected, best confidence: 0.91
[2025-10-18 03:20:50] INFO: Frame received: 640x480
[2025-10-18 03:20:50] INFO: Debug: 1 face(s) detected, best confidence: 0.94
[2025-10-18 03:20:50] INFO: Frame received: 640x480
[2025-10-18 03:20:50] INFO: Debug: 1 face(s) detected, best confidence: 0.94
[2025-10-18 03:20:50] INFO: Frame received: 640x480
[2025-10-18 03:20:50] INFO: Debug: 1 face(s) detected, best confidence: 0.94
[2025-10-18 03:20:50] INFO: Frame received: 640x480
[2025-10-18 03:20:50] INFO: Debug: 1 face(s) detected, best confidence: 0.93
[2025-10-18 03:20:50] INFO: Frame received: 640x480
[2025-10-18 03:20:50] INFO: Debug: 1 face(s) detected, best confidence: 0.93
[2025-10-18 03:20:50] INFO: Frame received: 640x480
[2025-10-18 03:20:50] INFO: Debug: 1 face(s) detected, best confidence: 0.92
[2025-10-18 03:20:50] INFO: Frame received: 640x480
[2025-10-18 03:20:50] INFO: Debug: 1 face(s) detected, best confidence: 0.92
[2025-10-18 03:20:51] INFO: Frame received: 640x480
[2025-10-18 03:20:51] INFO: Debug: 1 face(s) detected, best confidence: 0.92
[2025-10-18 03:20:51] INFO: Frame received: 640x480
[2025-10-18 03:20:51] INFO: Debug: 1 face(s) detected, best confidence: 0.92
[2025-10-18 03:20:51] INFO: Frame received: 640x480
[2025-10-18 03:20:51] INFO: Debug: 1 face(s) detected, best confidence: 0.92
[2025-10-18 03:20:51] INFO: Frame received: 640x480
[2025-10-18 03:20:51] INFO: Debug: 1 face(s) detected, best confidence: 0.94
[2025-10-18 03:20:51] INFO: Frame received: 640x480
[2025-10-18 03:20:51] INFO: Debug: 1 face(s) detected, best confidence: 0.95
[2025-10-18 03:20:51] INFO: Frame received: 640x480
[2025-10-18 03:20:51] INFO: Debug: 1 face(s) detected, best confidence: 0.93
[2025-10-18 03:20:51] INFO: Frame received: 640x480
[2025-10-18 03:20:51] INFO: Debug: 1 face(s) detected, best confidence: 0.92
[2025-10-18 03:20:51] INFO: Frame received: 640x480
[2025-10-18 03:20:51] INFO: Debug: 1 face(s) detected, best confidence: 0.92
[2025-10-18 03:20:51] INFO: Frame received: 640x480
[2025-10-18 03:20:51] INFO: Debug: 1 face(s) detected, best confidence: 0.92
[2025-10-18 03:20:52] INFO: Frame received: 640x480
[2025-10-18 03:20:52] INFO: Debug: 1 face(s) detected, best confidence: 0.92
[2025-10-18 03:20:52] INFO: Frame received: 640x480
[2025-10-18 03:20:52] INFO: Debug: 1 face(s) detected, best confidence: 0.92
[2025-10-18 03:20:52] INFO: Frame received: 640x480
[2025-10-18 03:20:52] INFO: Debug: 1 face(s) detected, best confidence: 0.92
[2025-10-18 03:20:52] INFO: Frame received: 640x480
[2025-10-18 03:20:52] INFO: Debug: 1 face(s) detected, best confidence: 0.93
[2025-10-18 03:20:52] INFO: Frame received: 640x480
[2025-10-18 03:20:52] INFO: Debug: 1 face(s) detected, best confidence: 0.90
[2025-10-18 03:20:52] INFO: Frame received: 640x480
[2025-10-18 03:20:52] INFO: Debug: 1 face(s) detected, best confidence: 0.90
[2025-10-18 03:20:52] INFO: Frame received: 640x480
[2025-10-18 03:20:52] INFO: Debug: 1 face(s) detected, best confidence: 0.94
[2025-10-18 03:20:52] INFO: Frame received: 640x480
[2025-10-18 03:20:52] INFO: Debug: 1 face(s) detected, best confidence: 0.92
[2025-10-18 03:20:52] INFO: Frame received: 640x480
[2025-10-18 03:20:52] INFO: Debug: 1 face(s) detected, best confidence: 0.93
[2025-10-18 03:20:53] INFO: Frame received: 640x480
[2025-10-18 03:20:53] INFO: Debug: 1 face(s) detected, best confidence: 0.91
[2025-10-18 03:20:53] INFO: Frame received: 640x480
[2025-10-18 03:20:53] INFO: Debug: 1 face(s) detected, best confidence: 0.95
[2025-10-18 03:20:53] INFO: Frame received: 640x480
[2025-10-18 03:20:53] INFO: Debug: 1 face(s) detected, best confidence: 0.94
[2025-10-18 03:20:53] INFO: Frame received: 640x480
[2025-10-18 03:20:53] INFO: Debug: 1 face(s) detected, best confidence: 0.93
[2025-10-18 03:20:53] INFO: Frame received: 640x480
[2025-10-18 03:20:53] INFO: Debug: 1 face(s) detected, best confidence: 0.94
[2025-10-18 03:20:53] INFO: Frame received: 640x480
[2025-10-18 03:20:53] INFO: Debug: 1 face(s) detected, best confidence: 0.93
[2025-10-18 03:20:53] INFO: Frame received: 640x480
[2025-10-18 03:20:53] INFO: Debug: 1 face(s) detected, best confidence: 0.91
[2025-10-18 03:20:53] INFO: Frame received: 640x480
[2025-10-18 03:20:53] INFO: Debug: 1 face(s) detected, best confidence: 0.93
[2025-10-18 03:20:53] INFO: Frame received: 640x480
[2025-10-18 03:20:53] INFO: Debug: 1 face(s) detected, best confidence: 0.96
[2025-10-18 03:20:54] INFO: Frame received: 640x480
[2025-10-18 03:20:54] INFO: Debug: 1 face(s) detected, best confidence: 0.96
[2025-10-18 03:20:54] INFO: Frame received: 640x480
[2025-10-18 03:20:54] INFO: Debug: 1 face(s) detected, best confidence: 0.94
[2025-10-18 03:20:54] INFO: Frame received: 640x480
[2025-10-18 03:20:54] INFO: Debug: 1 face(s) detected, best confidence: 0.94
[2025-10-18 03:20:54] INFO: Frame received: 640x480
[2025-10-18 03:20:54] INFO: Debug: 1 face(s) detected, best confidence: 0.96
[2025-10-18 03:20:54] INFO: Frame received: 640x480
[2025-10-18 03:20:54] INFO: Debug: 1 face(s) detected, best confidence: 0.94
[2025-10-18 03:20:54] INFO: Frame received: 640x480
[2025-10-18 03:20:54] INFO: Debug: 1 face(s) detected, best confidence: 0.94
[2025-10-18 03:20:54] INFO: Frame received: 640x480
[2025-10-18 03:20:54] INFO: Debug: 1 face(s) detected, best confidence: 0.96
[2025-10-18 03:20:54] INFO: Frame received: 640x480
[2025-10-18 03:20:54] INFO: Debug: 1 face(s) detected, best confidence: 0.96
[2025-10-18 03:20:54] INFO: Frame received: 640x480
[2025-10-18 03:20:54] INFO: Debug: 1 face(s) detected, best confidence: 0.96
[2025-10-18 03:20:54] INFO: Frame received: 640x480
[2025-10-18 03:20:55] INFO: Debug: 1 face(s) detected, best confidence: 0.96
[2025-10-18 03:20:55] INFO: Frame received: 640x480
[2025-10-18 03:20:55] INFO: Debug: 1 face(s) detected, best confidence: 0.97
[2025-10-18 03:20:55] INFO: Frame received: 640x480
[2025-10-18 03:20:55] INFO: Debug: 1 face(s) detected, best confidence: 0.96
[2025-10-18 03:20:55] INFO: Frame received: 640x480
[2025-10-18 03:20:55] INFO: Debug: 1 face(s) detected, best confidence: 0.97
[2025-10-18 03:20:55] INFO: Frame received: 640x480
[2025-10-18 03:20:55] INFO: Debug: 1 face(s) detected, best confidence: 0.96
[2025-10-18 03:20:55] INFO: Frame received: 640x480
[2025-10-18 03:20:55] INFO: Debug: 1 face(s) detected, best confidence: 0.96
[2025-10-18 03:20:55] INFO: Frame received: 640x480
[2025-10-18 03:20:55] INFO: Debug: 1 face(s) detected, best confidence: 0.96
[2025-10-18 03:20:55] INFO: Frame received: 640x480
[2025-10-18 03:20:55] INFO: Debug: 1 face(s) detected, best confidence: 0.95
[2025-10-18 03:20:55] INFO: Frame received: 640x480
[2025-10-18 03:20:55] INFO: Debug: 1 face(s) detected, best confidence: 0.96
[2025-10-18 03:20:55] INFO: Frame received: 640x480
[2025-10-18 03:20:56] INFO: Debug: 1 face(s) detected, best confidence: 0.96
[2025-10-18 03:20:56] INFO: Frame received: 640x480
[2025-10-18 03:20:56] INFO: Debug: 1 face(s) detected, best confidence: 0.96
[2025-10-18 03:20:56] INFO: Frame received: 640x480
[2025-10-18 03:20:56] INFO: Debug: 1 face(s) detected, best confidence: 0.94
[2025-10-18 03:20:56] INFO: Frame received: 640x480
[2025-10-18 03:20:56] INFO: Debug: 1 face(s) detected, best confidence: 0.93
[2025-10-18 03:20:56] INFO: Frame received: 640x480
[2025-10-18 03:20:56] INFO: Debug: 1 face(s) detected, best confidence: 0.91
[2025-10-18 03:20:56] INFO: Frame received: 640x480
[2025-10-18 03:20:56] INFO: Debug: 1 face(s) detected, best confidence: 0.92
[2025-10-18 03:20:56] INFO: Frame received: 640x480
[2025-10-18 03:20:56] INFO: Debug: 1 face(s) detected, best confidence: 0.94
[2025-10-18 03:20:56] INFO: Frame received: 640x480
[2025-10-18 03:20:56] INFO: Debug: 1 face(s) detected, best confidence: 0.93
[2025-10-18 03:20:56] INFO: Frame received: 640x480
[2025-10-18 03:20:56] INFO: Debug: 1 face(s) detected, best confidence: 0.94
[2025-10-18 03:20:56] INFO: Frame received: 640x480
[2025-10-18 03:20:56] INFO: Debug: 1 face(s) detected, best confidence: 0.95
[2025-10-18 03:20:57] INFO: Frame received: 640x480
[2025-10-18 03:20:57] INFO: Debug: 1 face(s) detected, best confidence: 0.91
[2025-10-18 03:20:57] INFO: Frame received: 640x480
[2025-10-18 03:20:57] INFO: Debug: 1 face(s) detected, best confidence: 0.89
[2025-10-18 03:20:57] INFO: Frame received: 640x480
[2025-10-18 03:20:57] INFO: Debug: 1 face(s) detected, best confidence: 0.89
[2025-10-18 03:20:57] INFO: Frame received: 640x480
[2025-10-18 03:20:57] INFO: Debug: 1 face(s) detected, best confidence: 0.89
[2025-10-18 03:20:57] INFO: Frame received: 640x480
[2025-10-18 03:20:57] INFO: Debug: 1 face(s) detected, best confidence: 0.90
[2025-10-18 03:20:57] INFO: Frame received: 640x480
[2025-10-18 03:20:57] INFO: Debug: 1 face(s) detected, best confidence: 0.91
[2025-10-18 03:20:57] INFO: Frame received: 640x480
[2025-10-18 03:20:57] INFO: Debug: 1 face(s) detected, best confidence: 0.88
[2025-10-18 03:20:57] INFO: Frame received: 640x480
[2025-10-18 03:20:57] INFO: Debug: 1 face(s) detected, best confidence: 0.91
[2025-10-18 03:20:57] INFO: Frame received: 640x480
[2025-10-18 03:20:57] INFO: Debug: 1 face(s) detected, best confidence: 0.92
[2025-10-18 03:20:58] INFO: Frame received: 640x480
[2025-10-18 03:20:58] INFO: Debug: 1 face(s) detected, best confidence: 0.93
[2025-10-18 03:20:58] INFO: Frame received: 640x480
[2025-10-18 03:20:58] INFO: Debug: 1 face(s) detected, best confidence: 0.91
[2025-10-18 03:20:58] INFO: Frame received: 640x480
[2025-10-18 03:20:58] INFO: Debug: 1 face(s) detected, best confidence: 0.91
[2025-10-18 03:20:58] INFO: Frame received: 640x480
[2025-10-18 03:20:58] INFO: Debug: 1 face(s) detected, best confidence: 0.90
[2025-10-18 03:20:58] INFO: Frame received: 640x480
[2025-10-18 03:20:58] INFO: Debug: 1 face(s) detected, best confidence: 0.92
[2025-10-18 03:20:58] INFO: Frame received: 640x480
[2025-10-18 03:20:58] INFO: Debug: 1 face(s) detected, best confidence: 0.92
[2025-10-18 03:20:58] INFO: Frame received: 640x480
[2025-10-18 03:20:58] INFO: Debug: 1 face(s) detected, best confidence: 0.93
[2025-10-18 03:20:58] INFO: Frame received: 640x480
[2025-10-18 03:20:58] INFO: Debug: 1 face(s) detected, best confidence: 0.93
[2025-10-18 03:20:58] INFO: Frame received: 640x480
[2025-10-18 03:20:58] INFO: Debug: 1 face(s) detected, best confidence: 0.92
[2025-10-18 03:20:59] INFO: Frame received: 640x480
[2025-10-18 03:20:59] INFO: Debug: 1 face(s) detected, best confidence: 0.93
[2025-10-18 03:20:59] INFO: Frame received: 640x480
[2025-10-18 03:20:59] INFO: Debug: 1 face(s) detected, best confidence: 0.93
[2025-10-18 03:20:59] INFO: Frame received: 640x480
[2025-10-18 03:20:59] INFO: Debug: 1 face(s) detected, best confidence: 0.93
[2025-10-18 03:20:59] INFO: Frame received: 640x480
[2025-10-18 03:20:59] INFO: Debug: 1 face(s) detected, best confidence: 0.94
[2025-10-18 03:20:59] INFO: Frame received: 640x480
[2025-10-18 03:20:59] INFO: Debug: 1 face(s) detected, best confidence: 0.94
[2025-10-18 03:20:59] INFO: Frame received: 640x480
[2025-10-18 03:20:59] INFO: Debug: 1 face(s) detected, best confidence: 0.91
[2025-10-18 03:20:59] INFO: Frame received: 640x480
[2025-10-18 03:20:59] INFO: Debug: 1 face(s) detected, best confidence: 0.92
[2025-10-18 03:20:59] INFO: Frame received: 640x480
[2025-10-18 03:20:59] INFO: Debug: 1 face(s) detected, best confidence: 0.91
[2025-10-18 03:20:59] INFO: Frame received: 640x480
[2025-10-18 03:20:59] INFO: Debug: 1 face(s) detected, best confidence: 0.95
[2025-10-18 03:21:00] INFO: Frame received: 640x480
[2025-10-18 03:21:00] INFO: Debug: 1 face(s) detected, best confidence: 0.95
[2025-10-18 03:21:00] INFO: Frame received: 640x480
[2025-10-18 03:21:00] INFO: Debug: 1 face(s) detected, best confidence: 0.93
[2025-10-18 03:21:00] INFO: Frame received: 640x480
[2025-10-18 03:21:00] INFO: Debug: 1 face(s) detected, best confidence: 0.93
[2025-10-18 03:21:00] INFO: Frame received: 640x480
[2025-10-18 03:21:00] INFO: Debug: 1 face(s) detected, best confidence: 0.93
[2025-10-18 03:21:00] INFO: Frame received: 640x480
[2025-10-18 03:21:00] INFO: Debug: 1 face(s) detected, best confidence: 0.92
[2025-10-18 03:21:00] INFO: Frame received: 640x480
[2025-10-18 03:21:00] INFO: Debug: 1 face(s) detected, best confidence: 0.94
[2025-10-18 03:21:00] INFO: Frame received: 640x480
[2025-10-18 03:21:00] INFO: Debug: 1 face(s) detected, best confidence: 0.96
[2025-10-18 03:21:00] INFO: Frame received: 640x480
[2025-10-18 03:21:00] INFO: Debug: 1 face(s) detected, best confidence: 0.90
[2025-10-18 03:21:00] INFO: Frame received: 640x480
[2025-10-18 03:21:00] INFO: Debug: 1 face(s) detected, best confidence: 0.94
[2025-10-18 03:21:00] INFO: Frame received: 640x480
[2025-10-18 03:21:01] INFO: Debug: 1 face(s) detected, best confidence: 0.93
[2025-10-18 03:21:01] INFO: Frame received: 640x480
[2025-10-18 03:21:01] INFO: Debug: 1 face(s) detected, best confidence: 0.92
[2025-10-18 03:21:01] INFO: Frame received: 640x480
[2025-10-18 03:21:01] INFO: Debug: 1 face(s) detected, best confidence: 0.91
[2025-10-18 03:21:01] INFO: Frame received: 640x480
[2025-10-18 03:21:01] INFO: Debug: 1 face(s) detected, best confidence: 0.92
[2025-10-18 03:21:01] INFO: Frame received: 640x480
[2025-10-18 03:21:01] INFO: Debug: 1 face(s) detected, best confidence: 0.93
[2025-10-18 03:21:01] INFO: Frame received: 640x480
[2025-10-18 03:21:01] INFO: Debug: 1 face(s) detected, best confidence: 0.92
[2025-10-18 03:21:01] INFO: Frame received: 640x480
[2025-10-18 03:21:01] INFO: Debug: 1 face(s) detected, best confidence: 0.91
[2025-10-18 03:21:01] INFO: Frame received: 640x480
[2025-10-18 03:21:01] INFO: Debug: 1 face(s) detected, best confidence: 0.93
[2025-10-18 03:21:01] INFO: Frame received: 640x480
[2025-10-18 03:21:01] INFO: Debug: 1 face(s) detected, best confidence: 0.93
[2025-10-18 03:21:01] INFO: Frame received: 640x480
[2025-10-18 03:21:02] INFO: Debug: 1 face(s) detected, best confidence: 0.92
[2025-10-18 03:21:02] INFO: Frame received: 640x480
[2025-10-18 03:21:02] INFO: Debug: 1 face(s) detected, best confidence: 0.95
[2025-10-18 03:21:02] INFO: Frame received: 640x480
[2025-10-18 03:21:02] INFO: Debug: 1 face(s) detected, best confidence: 0.95
[2025-10-18 03:21:02] INFO: Frame received: 640x480
[2025-10-18 03:21:02] INFO: Debug: 1 face(s) detected, best confidence: 0.93
[2025-10-18 03:21:02] INFO: Frame received: 640x480
[2025-10-18 03:21:02] INFO: Debug: 1 face(s) detected, best confidence: 0.93
[2025-10-18 03:21:02] INFO: Frame received: 640x480
[2025-10-18 03:21:02] INFO: Debug: 1 face(s) detected, best confidence: 0.93
[2025-10-18 03:21:02] INFO: Frame received: 640x480
[2025-10-18 03:21:02] INFO: Debug: 1 face(s) detected, best confidence: 0.95
[2025-10-18 03:21:02] INFO: Frame received: 640x480
[2025-10-18 03:21:02] INFO: Debug: 1 face(s) detected, best confidence: 0.94
[2025-10-18 03:21:02] INFO: Frame received: 640x480
[2025-10-18 03:21:02] INFO: Debug: 1 face(s) detected, best confidence: 0.94
[2025-10-18 03:21:02] INFO: Frame received: 640x480
[2025-10-18 03:21:02] INFO: Debug: 1 face(s) detected, best confidence: 0.96
[2025-10-18 03:21:03] INFO: Frame received: 640x480
[2025-10-18 03:21:03] INFO: Debug: 1 face(s) detected, best confidence: 0.96
[2025-10-18 03:21:03] INFO: Frame received: 640x480
[2025-10-18 03:21:03] INFO: Debug: 1 face(s) detected, best confidence: 0.95
[2025-10-18 03:21:03] INFO: Frame received: 640x480
[2025-10-18 03:21:03] INFO: Debug: 1 face(s) detected, best confidence: 0.94
[2025-10-18 03:21:03] INFO: Frame received: 640x480
[2025-10-18 03:21:03] INFO: Debug: 1 face(s) detected, best confidence: 0.96
[2025-10-18 03:21:03] INFO: Frame received: 640x480
[2025-10-18 03:21:03] INFO: Debug: 1 face(s) detected, best confidence: 0.94
[2025-10-18 03:21:03] INFO: Frame received: 640x480
[2025-10-18 03:21:03] INFO: Debug: 1 face(s) detected, best confidence: 0.95
[2025-10-18 03:21:03] INFO: Frame received: 640x480
[2025-10-18 03:21:03] INFO: Debug: 1 face(s) detected, best confidence: 0.95
[2025-10-18 03:21:03] INFO: Frame received: 640x480
[2025-10-18 03:21:03] INFO: Debug: 1 face(s) detected, best confidence: 0.94
[2025-10-18 03:21:03] INFO: Frame received: 640x480
[2025-10-18 03:21:03] INFO: Debug: 1 face(s) detected, best confidence: 0.94
[2025-10-18 03:21:04] INFO: Frame received: 640x480
[2025-10-18 03:21:04] INFO: Debug: 1 face(s) detected, best confidence: 0.94
[2025-10-18 03:21:04] INFO: Frame received: 640x480
[2025-10-18 03:21:04] INFO: Debug: 1 face(s) detected, best confidence: 0.99
[2025-10-18 03:21:04] INFO: Frame received: 640x480
[2025-10-18 03:21:04] INFO: Debug: 1 face(s) detected, best confidence: 0.99
[2025-10-18 03:21:04] INFO: Frame received: 640x480
[2025-10-18 03:21:04] INFO: Debug: 1 face(s) detected, best confidence: 1.00
[2025-10-18 03:21:04] INFO: Frame received: 640x480
[2025-10-18 03:21:04] INFO: Debug: 1 face(s) detected, best confidence: 1.00
[2025-10-18 03:21:04] INFO: Frame received: 640x480
[2025-10-18 03:21:04] INFO: Debug: 1 face(s) detected, best confidence: 1.00
[2025-10-18 03:21:04] INFO: Frame received: 640x480
[2025-10-18 03:21:04] INFO: Debug: 1 face(s) detected, best confidence: 1.00
[2025-10-18 03:21:04] INFO: Frame received: 640x480
[2025-10-18 03:21:04] INFO: Debug: 1 face(s) detected, best confidence: 1.00
[2025-10-18 03:21:04] INFO: Frame received: 640x480
[2025-10-18 03:21:04] INFO: Debug: 1 face(s) detected, best confidence: 1.00
[2025-10-18 03:21:05] INFO: Frame received: 640x480
[2025-10-18 03:21:05] INFO: Debug: 1 face(s) detected, best confidence: 1.00
[2025-10-18 03:21:05] INFO: Frame received: 640x480
[2025-10-18 03:21:05] INFO: Debug: 1 face(s) detected, best confidence: 1.00
[2025-10-18 03:21:05] INFO: Frame received: 640x480
[2025-10-18 03:21:05] INFO: Debug: 1 face(s) detected, best confidence: 1.00
[2025-10-18 03:21:05] INFO: Frame received: 640x480
[2025-10-18 03:21:05] INFO: Debug: 1 face(s) detected, best confidence: 1.00
[2025-10-18 03:21:05] INFO: Frame received: 640x480
[2025-10-18 03:21:05] INFO: Debug: 1 face(s) detected, best confidence: 1.00
[2025-10-18 03:21:05] INFO: Frame received: 640x480
[2025-10-18 03:21:05] INFO: Debug: 1 face(s) detected, best confidence: 1.00
[2025-10-18 03:21:05] INFO: Frame received: 640x480
[2025-10-18 03:21:05] INFO: Debug: 1 face(s) detected, best confidence: 1.00
[2025-10-18 03:21:05] INFO: Frame received: 640x480
[2025-10-18 03:21:05] INFO: Debug: 1 face(s) detected, best confidence: 1.00
[2025-10-18 03:21:05] INFO: Frame received: 640x480
[2025-10-18 03:21:05] INFO: Debug: 1 face(s) detected, best confidence: 1.00
[2025-10-18 03:21:06] INFO: Frame received: 640x480
[2025-10-18 03:21:06] INFO: Debug: 1 face(s) detected, best confidence: 1.00
[2025-10-18 03:21:06] INFO: Frame received: 640x480
[2025-10-18 03:21:06] INFO: Debug: 1 face(s) detected, best confidence: 1.00
[2025-10-18 03:21:06] INFO: Frame received: 640x480
[2025-10-18 03:21:06] INFO: Debug: 1 face(s) detected, best confidence: 1.00
[2025-10-18 03:21:06] INFO: Frame received: 640x480
[2025-10-18 03:21:06] INFO: Debug: 1 face(s) detected, best confidence: 1.00
[2025-10-18 03:21:06] INFO: Frame received: 640x480
[2025-10-18 03:21:06] INFO: Debug: 1 face(s) detected, best confidence: 1.00
[2025-10-18 03:21:06] INFO: Frame received: 640x480
[2025-10-18 03:21:06] INFO: Debug: 1 face(s) detected, best confidence: 1.00
[2025-10-18 03:21:06] INFO: Frame received: 640x480
[2025-10-18 03:21:06] INFO: Debug: 1 face(s) detected, best confidence: 1.00
[2025-10-18 03:21:06] INFO: Frame received: 640x480
[2025-10-18 03:21:06] INFO: Debug: 1 face(s) detected, best confidence: 1.00
[2025-10-18 03:21:06] INFO: Frame received: 640x480
[2025-10-18 03:21:06] INFO: Debug: 1 face(s) detected, best confidence: 1.00
[2025-10-18 03:21:07] INFO: Frame received: 640x480
[2025-10-18 03:21:07] INFO: Debug: 1 face(s) detected, best confidence: 1.00
[2025-10-18 03:21:07] INFO: Frame received: 640x480
[2025-10-18 03:21:07] INFO: Debug: 1 face(s) detected, best confidence: 1.00
[2025-10-18 03:21:07] INFO: Starting capture process...
[2025-10-18 03:21:07] INFO: Performing capture with target: 15
[2025-10-18 03:21:07] INFO: Debug: Capture process started
[2025-10-18 03:21:07] INFO: Frame received: 640x480
[2025-10-18 03:21:07] INFO: Debug: 1 face(s) detected, best confidence: 1.00
[2025-10-18 03:21:07] INFO: Frame received: 640x480
[2025-10-18 03:21:07] INFO: Debug: 1 face(s) detected, best confidence: 1.00
[2025-10-18 03:21:07] INFO: Debug: Image saved with confidence 1.00
[2025-10-18 03:21:07] INFO: Frame received: 640x480
[2025-10-18 03:21:07] INFO: Debug: 1 face(s) detected, best confidence: 1.00
[2025-10-18 03:21:07] INFO: Frame received: 640x480
[2025-10-18 03:21:07] INFO: Debug: 1 face(s) detected, best confidence: 1.00
[2025-10-18 03:21:07] INFO: Frame received: 640x480
[2025-10-18 03:21:07] INFO: Debug: 1 face(s) detected, best confidence: 1.00
[2025-10-18 03:21:07] INFO: Frame received: 640x480
[2025-10-18 03:21:07] INFO: Debug: 1 face(s) detected, best confidence: 1.00
[2025-10-18 03:21:07] INFO: Frame received: 640x480
[2025-10-18 03:21:08] INFO: Debug: 1 face(s) detected, best confidence: 1.00
[2025-10-18 03:21:08] INFO: Frame received: 640x480
[2025-10-18 03:21:08] INFO: Debug: 1 face(s) detected, best confidence: 1.00
[2025-10-18 03:21:08] INFO: Frame received: 640x480
[2025-10-18 03:21:08] INFO: Debug: 1 face(s) detected, best confidence: 1.00
[2025-10-18 03:21:08] INFO: Frame received: 640x480
[2025-10-18 03:21:08] INFO: Debug: 1 face(s) detected, best confidence: 1.00
[2025-10-18 03:21:08] INFO: Frame received: 640x480
[2025-10-18 03:21:08] INFO: Debug: 1 face(s) detected, best confidence: 1.00
[2025-10-18 03:21:08] INFO: Frame received: 640x480
[2025-10-18 03:21:08] INFO: Debug: 1 face(s) detected, best confidence: 1.00
[2025-10-18 03:21:08] INFO: Frame received: 640x480
[2025-10-18 03:21:08] INFO: Debug: 1 face(s) detected, best confidence: 1.00
[2025-10-18 03:21:08] INFO: Debug: Image saved with confidence 1.00
[2025-10-18 03:21:08] INFO: Frame received: 640x480
[2025-10-18 03:21:08] INFO: Debug: 1 face(s) detected, best confidence: 1.00
[2025-10-18 03:21:08] INFO: Frame received: 640x480
[2025-10-18 03:21:08] INFO: Debug: 1 face(s) detected, best confidence: 1.00
[2025-10-18 03:21:08] INFO: Frame received: 640x480
[2025-10-18 03:21:09] INFO: Debug: 1 face(s) detected, best confidence: 1.00
[2025-10-18 03:21:09] INFO: Frame received: 640x480
[2025-10-18 03:21:09] INFO: Debug: 1 face(s) detected, best confidence: 1.00
[2025-10-18 03:21:09] INFO: Frame received: 640x480
[2025-10-18 03:21:09] INFO: Debug: 1 face(s) detected, best confidence: 1.00
[2025-10-18 03:21:09] INFO: Frame received: 640x480
[2025-10-18 03:21:09] INFO: Debug: 1 face(s) detected, best confidence: 1.00
[2025-10-18 03:21:09] INFO: Frame received: 640x480
[2025-10-18 03:21:09] INFO: Debug: 1 face(s) detected, best confidence: 1.00
[2025-10-18 03:21:09] INFO: Frame received: 640x480
[2025-10-18 03:21:09] INFO: Debug: 1 face(s) detected, best confidence: 1.00
[2025-10-18 03:21:09] INFO: Frame received: 640x480
[2025-10-18 03:21:09] INFO: Debug: 1 face(s) detected, best confidence: 1.00
[2025-10-18 03:21:09] INFO: Frame received: 640x480
[2025-10-18 03:21:09] INFO: Debug: 1 face(s) detected, best confidence: 1.00
[2025-10-18 03:21:09] INFO: Frame received: 640x480
[2025-10-18 03:21:09] INFO: Debug: 1 face(s) detected, best confidence: 1.00
[2025-10-18 03:21:09] INFO: Debug: Image saved with confidence 1.00
[2025-10-18 03:21:09] INFO: Frame received: 640x480
[2025-10-18 03:21:10] INFO: Debug: 1 face(s) detected, best confidence: 1.00
[2025-10-18 03:21:10] INFO: Frame received: 640x480
[2025-10-18 03:21:10] INFO: Debug: 1 face(s) detected, best confidence: 1.00
[2025-10-18 03:21:10] INFO: Frame received: 640x480
[2025-10-18 03:21:10] INFO: Debug: 1 face(s) detected, best confidence: 1.00
[2025-10-18 03:21:10] INFO: Frame received: 640x480
[2025-10-18 03:21:10] INFO: Debug: 1 face(s) detected, best confidence: 1.00
[2025-10-18 03:21:10] INFO: Frame received: 640x480
[2025-10-18 03:21:10] INFO: Debug: 1 face(s) detected, best confidence: 1.00
[2025-10-18 03:21:10] INFO: Frame received: 640x480
[2025-10-18 03:21:10] INFO: Debug: 1 face(s) detected, best confidence: 1.00
[2025-10-18 03:21:10] INFO: Frame received: 640x480
[2025-10-18 03:21:10] INFO: Debug: 1 face(s) detected, best confidence: 1.00
[2025-10-18 03:21:10] INFO: Frame received: 640x480
[2025-10-18 03:21:10] INFO: Debug: 1 face(s) detected, best confidence: 1.00
[2025-10-18 03:21:10] INFO: Frame received: 640x480
[2025-10-18 03:21:10] INFO: Debug: 2 face(s) detected, best confidence: 1.00
[2025-10-18 03:21:11] INFO: Frame received: 640x480
[2025-10-18 03:21:11] INFO: Debug: 1 face(s) detected, best confidence: 1.00
[2025-10-18 03:21:11] INFO: Debug: Image saved with confidence 1.00
[2025-10-18 03:21:11] INFO: Frame received: 640x480
[2025-10-18 03:21:11] INFO: Debug: 1 face(s) detected, best confidence: 1.00
[2025-10-18 03:21:11] INFO: Frame received: 640x480
[2025-10-18 03:21:11] INFO: Debug: 1 face(s) detected, best confidence: 1.00
[2025-10-18 03:21:11] INFO: Frame received: 640x480
[2025-10-18 03:21:11] INFO: Debug: 1 face(s) detected, best confidence: 1.00
[2025-10-18 03:21:11] INFO: Frame received: 640x480
[2025-10-18 03:21:11] INFO: Debug: 1 face(s) detected, best confidence: 1.00
[2025-10-18 03:21:11] INFO: Frame received: 640x480
[2025-10-18 03:21:11] INFO: Debug: 1 face(s) detected, best confidence: 1.00
[2025-10-18 03:21:11] INFO: Frame received: 640x480
[2025-10-18 03:21:11] INFO: Debug: 1 face(s) detected, best confidence: 1.00
[2025-10-18 03:21:11] INFO: Frame received: 640x480
[2025-10-18 03:21:11] INFO: Debug: 1 face(s) detected, best confidence: 1.00
[2025-10-18 03:21:11] INFO: Frame received: 640x480
[2025-10-18 03:21:11] INFO: Debug: 1 face(s) detected, best confidence: 1.00
[2025-10-18 03:21:12] INFO: Frame received: 640x480
[2025-10-18 03:21:12] INFO: Debug: 1 face(s) detected, best confidence: 1.00
[2025-10-18 03:21:12] INFO: Frame received: 640x480
[2025-10-18 03:21:12] INFO: Debug: 1 face(s) detected, best confidence: 1.00
[2025-10-18 03:21:12] INFO: Frame received: 640x480
[2025-10-18 03:21:12] INFO: Debug: 1 face(s) detected, best confidence: 1.00
[2025-10-18 03:21:12] INFO: Debug: Image saved with confidence 1.00
[2025-10-18 03:21:12] INFO: Frame received: 640x480
[2025-10-18 03:21:12] INFO: Debug: 1 face(s) detected, best confidence: 1.00
[2025-10-18 03:21:12] INFO: Frame received: 640x480
[2025-10-18 03:21:12] INFO: Debug: 1 face(s) detected, best confidence: 1.00
[2025-10-18 03:21:12] INFO: Frame received: 640x480
[2025-10-18 03:21:12] INFO: Debug: 1 face(s) detected, best confidence: 1.00
[2025-10-18 03:21:12] INFO: Frame received: 640x480
[2025-10-18 03:21:12] INFO: Debug: 1 face(s) detected, best confidence: 1.00
[2025-10-18 03:21:12] INFO: Frame received: 640x480
[2025-10-18 03:21:12] INFO: Debug: 1 face(s) detected, best confidence: 1.00
[2025-10-18 03:21:12] INFO: Frame received: 640x480
[2025-10-18 03:21:12] INFO: Debug: 1 face(s) detected, best confidence: 1.00
[2025-10-18 03:21:12] INFO: Frame received: 640x480
[2025-10-18 03:21:13] INFO: Debug: 1 face(s) detected, best confidence: 1.00
[2025-10-18 03:21:13] INFO: Frame received: 640x480
[2025-10-18 03:21:13] INFO: Debug: 1 face(s) detected, best confidence: 1.00
[2025-10-18 03:21:13] INFO: Frame received: 640x480
[2025-10-18 03:21:13] INFO: Debug: 1 face(s) detected, best confidence: 1.00
[2025-10-18 03:21:13] INFO: Frame received: 640x480
[2025-10-18 03:21:13] INFO: Debug: 1 face(s) detected, best confidence: 1.00
[2025-10-18 03:21:13] INFO: Debug: Image saved with confidence 1.00
[2025-10-18 03:21:13] INFO: Frame received: 640x480
[2025-10-18 03:21:13] INFO: Debug: 1 face(s) detected, best confidence: 1.00
[2025-10-18 03:21:13] INFO: Frame received: 640x480
[2025-10-18 03:21:13] INFO: Debug: 1 face(s) detected, best confidence: 1.00
[2025-10-18 03:21:13] INFO: Frame received: 640x480
[2025-10-18 03:21:13] INFO: Debug: 1 face(s) detected, best confidence: 1.00
[2025-10-18 03:21:13] INFO: Frame received: 640x480
[2025-10-18 03:21:13] INFO: Debug: 1 face(s) detected, best confidence: 1.00
[2025-10-18 03:21:13] INFO: Frame received: 640x480
[2025-10-18 03:21:13] INFO: Debug: 1 face(s) detected, best confidence: 1.00
[2025-10-18 03:21:13] INFO: Frame received: 640x480
[2025-10-18 03:21:14] INFO: Debug: 1 face(s) detected, best confidence: 1.00
[2025-10-18 03:21:14] INFO: Frame received: 640x480
[2025-10-18 03:21:14] INFO: Debug: 1 face(s) detected, best confidence: 1.00
[2025-10-18 03:21:14] INFO: Frame received: 640x480
[2025-10-18 03:21:14] INFO: Debug: 1 face(s) detected, best confidence: 1.00
[2025-10-18 03:21:14] INFO: Frame received: 640x480
[2025-10-18 03:21:14] INFO: Debug: 1 face(s) detected, best confidence: 1.00
[2025-10-18 03:21:14] INFO: Frame received: 640x480
[2025-10-18 03:21:14] INFO: Debug: No faces detected this frame
[2025-10-18 03:21:14] INFO: Debug: Warning - No face detected - please position your face in the camera view
[2025-10-18 03:21:14] INFO: Frame received: 640x480
[2025-10-18 03:21:14] INFO: Debug: 1 face(s) detected, best confidence: 1.00
[2025-10-18 03:21:14] INFO: Frame received: 640x480
[2025-10-18 03:21:14] INFO: Debug: 1 face(s) detected, best confidence: 1.00
[2025-10-18 03:21:14] INFO: Debug: Image saved with confidence 1.00
[2025-10-18 03:21:14] INFO: Frame received: 640x480
[2025-10-18 03:21:14] INFO: Debug: 1 face(s) detected, best confidence: 1.00
[2025-10-18 03:21:14] INFO: Frame received: 640x480
[2025-10-18 03:21:14] INFO: Debug: 1 face(s) detected, best confidence: 1.00
[2025-10-18 03:21:14] INFO: Frame received: 640x480
[2025-10-18 03:21:14] INFO: Debug: 1 face(s) detected, best confidence: 1.00
[2025-10-18 03:21:15] INFO: Frame received: 640x480
[2025-10-18 03:21:15] INFO: Debug: 1 face(s) detected, best confidence: 1.00
[2025-10-18 03:21:15] INFO: Frame received: 640x480
[2025-10-18 03:21:15] INFO: Debug: 1 face(s) detected, best confidence: 1.00
[2025-10-18 03:21:15] INFO: Frame received: 640x480
[2025-10-18 03:21:15] INFO: Debug: 1 face(s) detected, best confidence: 1.00
[2025-10-18 03:21:15] INFO: Frame received: 640x480
[2025-10-18 03:21:15] INFO: Debug: 1 face(s) detected, best confidence: 1.00
[2025-10-18 03:21:15] INFO: Frame received: 640x480
[2025-10-18 03:21:15] INFO: Debug: 1 face(s) detected, best confidence: 1.00
[2025-10-18 03:21:15] INFO: Frame received: 640x480
[2025-10-18 03:21:15] INFO: Debug: 1 face(s) detected, best confidence: 1.00
[2025-10-18 03:21:15] INFO: Frame received: 640x480
[2025-10-18 03:21:15] INFO: Debug: 1 face(s) detected, best confidence: 1.00
[2025-10-18 03:21:15] INFO: Debug: Image saved with confidence 1.00
[2025-10-18 03:21:15] INFO: Frame received: 640x480
[2025-10-18 03:21:15] INFO: Debug: 1 face(s) detected, best confidence: 1.00
[2025-10-18 03:21:15] INFO: Frame received: 640x480
[2025-10-18 03:21:16] INFO: Debug: 1 face(s) detected, best confidence: 1.00
[2025-10-18 03:21:16] INFO: Frame received: 640x480
[2025-10-18 03:21:16] INFO: Debug: 1 face(s) detected, best confidence: 1.00
[2025-10-18 03:21:16] INFO: Frame received: 640x480
[2025-10-18 03:21:16] INFO: Debug: 1 face(s) detected, best confidence: 1.00
[2025-10-18 03:21:16] INFO: Frame received: 640x480
[2025-10-18 03:21:16] INFO: Debug: 1 face(s) detected, best confidence: 1.00
[2025-10-18 03:21:16] INFO: Frame received: 640x480
[2025-10-18 03:21:16] INFO: Debug: 1 face(s) detected, best confidence: 1.00
[2025-10-18 03:21:16] INFO: Frame received: 640x480
[2025-10-18 03:21:16] INFO: Debug: 1 face(s) detected, best confidence: 1.00
[2025-10-18 03:21:16] INFO: Frame received: 640x480
[2025-10-18 03:21:16] INFO: Debug: 1 face(s) detected, best confidence: 1.00
[2025-10-18 03:21:16] INFO: Frame received: 640x480
[2025-10-18 03:21:16] INFO: Debug: 1 face(s) detected, best confidence: 1.00
[2025-10-18 03:21:16] INFO: Frame received: 640x480
[2025-10-18 03:21:16] INFO: Debug: 1 face(s) detected, best confidence: 1.00
[2025-10-18 03:21:16] INFO: Frame received: 640x480
[2025-10-18 03:21:16] INFO: Debug: 1 face(s) detected, best confidence: 1.00
[2025-10-18 03:21:17] INFO: Debug: Image saved with confidence 1.00
[2025-10-18 03:21:17] INFO: Frame received: 640x480
[2025-10-18 03:21:17] INFO: Debug: 1 face(s) detected, best confidence: 1.00
[2025-10-18 03:21:17] INFO: Frame received: 640x480
[2025-10-18 03:21:17] INFO: Debug: 1 face(s) detected, best confidence: 1.00
[2025-10-18 03:21:17] INFO: Frame received: 640x480
[2025-10-18 03:21:17] INFO: Debug: 1 face(s) detected, best confidence: 1.00
[2025-10-18 03:21:17] INFO: Frame received: 640x480
[2025-10-18 03:21:17] INFO: Debug: 1 face(s) detected, best confidence: 1.00
[2025-10-18 03:21:17] INFO: Frame received: 640x480
[2025-10-18 03:21:17] INFO: Debug: 1 face(s) detected, best confidence: 1.00
[2025-10-18 03:21:17] INFO: Frame received: 640x480
[2025-10-18 03:21:17] INFO: Debug: 1 face(s) detected, best confidence: 1.00
[2025-10-18 03:21:17] INFO: Frame received: 640x480
[2025-10-18 03:21:17] INFO: Debug: 1 face(s) detected, best confidence: 1.00
[2025-10-18 03:21:17] INFO: Frame received: 640x480
[2025-10-18 03:21:17] INFO: Debug: 1 face(s) detected, best confidence: 1.00
[2025-10-18 03:21:17] INFO: Frame received: 640x480
[2025-10-18 03:21:17] INFO: Debug: 1 face(s) detected, best confidence: 1.00
[2025-10-18 03:21:18] INFO: Frame received: 640x480
[2025-10-18 03:21:18] INFO: Debug: No faces detected this frame
[2025-10-18 03:21:18] INFO: Debug: Warning - No face detected - please position your face in the camera view
[2025-10-18 03:21:18] INFO: Frame received: 640x480
[2025-10-18 03:21:18] INFO: Debug: 1 face(s) detected, best confidence: 1.00
[2025-10-18 03:21:18] INFO: Frame received: 640x480
[2025-10-18 03:21:18] INFO: Debug: 1 face(s) detected, best confidence: 1.00
[2025-10-18 03:21:18] INFO: Debug: Image saved with confidence 1.00
[2025-10-18 03:21:18] INFO: Frame received: 640x480
[2025-10-18 03:21:18] INFO: Debug: 1 face(s) detected, best confidence: 1.00
[2025-10-18 03:21:18] INFO: Frame received: 640x480
[2025-10-18 03:21:18] INFO: Debug: 1 face(s) detected, best confidence: 1.00
[2025-10-18 03:21:18] INFO: Frame received: 640x480
[2025-10-18 03:21:18] INFO: Debug: 1 face(s) detected, best confidence: 1.00
[2025-10-18 03:21:18] INFO: Frame received: 640x480
[2025-10-18 03:21:18] INFO: Debug: 1 face(s) detected, best confidence: 1.00
[2025-10-18 03:21:18] INFO: Frame received: 640x480
[2025-10-18 03:21:18] INFO: Debug: 1 face(s) detected, best confidence: 1.00
[2025-10-18 03:21:18] INFO: Frame received: 640x480
[2025-10-18 03:21:18] INFO: Debug: 1 face(s) detected, best confidence: 1.00
[2025-10-18 03:21:19] INFO: Frame received: 640x480
[2025-10-18 03:21:19] INFO: Debug: 1 face(s) detected, best confidence: 1.00
[2025-10-18 03:21:19] INFO: Frame received: 640x480
[2025-10-18 03:21:19] INFO: Debug: 1 face(s) detected, best confidence: 1.00
[2025-10-18 03:21:19] INFO: Frame received: 640x480
[2025-10-18 03:21:19] INFO: Debug: 1 face(s) detected, best confidence: 1.00
[2025-10-18 03:21:19] INFO: Frame received: 640x480
[2025-10-18 03:21:19] INFO: Debug: 1 face(s) detected, best confidence: 1.00
[2025-10-18 03:21:19] INFO: Frame received: 640x480
[2025-10-18 03:21:19] INFO: Debug: 1 face(s) detected, best confidence: 1.00
[2025-10-18 03:21:19] INFO: Debug: Image saved with confidence 1.00
[2025-10-18 03:21:19] INFO: Frame received: 640x480
[2025-10-18 03:21:19] INFO: Debug: 1 face(s) detected, best confidence: 1.00
[2025-10-18 03:21:19] INFO: Frame received: 640x480
[2025-10-18 03:21:19] INFO: Debug: 1 face(s) detected, best confidence: 1.00
[2025-10-18 03:21:19] INFO: Frame received: 640x480
[2025-10-18 03:21:19] INFO: Debug: 1 face(s) detected, best confidence: 1.00
[2025-10-18 03:21:19] INFO: Frame received: 640x480
[2025-10-18 03:21:19] INFO: Debug: 1 face(s) detected, best confidence: 1.00
[2025-10-18 03:21:20] INFO: Frame received: 640x480
[2025-10-18 03:21:20] INFO: Debug: 1 face(s) detected, best confidence: 1.00
[2025-10-18 03:21:20] INFO: Frame received: 640x480
[2025-10-18 03:21:20] INFO: Debug: 1 face(s) detected, best confidence: 1.00
[2025-10-18 03:21:20] INFO: Frame received: 640x480
[2025-10-18 03:21:20] INFO: Debug: 1 face(s) detected, best confidence: 1.00
[2025-10-18 03:21:20] INFO: Frame received: 640x480
[2025-10-18 03:21:20] INFO: Debug: 1 face(s) detected, best confidence: 1.00
[2025-10-18 03:21:20] INFO: Frame received: 640x480
[2025-10-18 03:21:20] INFO: Debug: 2 face(s) detected, best confidence: 1.00
[2025-10-18 03:21:20] INFO: Frame received: 640x480
[2025-10-18 03:21:20] INFO: Debug: 1 face(s) detected, best confidence: 1.00
[2025-10-18 03:21:20] INFO: Debug: Image saved with confidence 1.00
[2025-10-18 03:21:20] INFO: Frame received: 640x480
[2025-10-18 03:21:20] INFO: Debug: 1 face(s) detected, best confidence: 1.00
[2025-10-18 03:21:20] INFO: Frame received: 640x480
[2025-10-18 03:21:20] INFO: Debug: 1 face(s) detected, best confidence: 1.00
[2025-10-18 03:21:20] INFO: Frame received: 640x480
[2025-10-18 03:21:20] INFO: Debug: 1 face(s) detected, best confidence: 1.00
[2025-10-18 03:21:21] INFO: Frame received: 640x480
[2025-10-18 03:21:21] INFO: Debug: 1 face(s) detected, best confidence: 1.00
[2025-10-18 03:21:21] INFO: Frame received: 640x480
[2025-10-18 03:21:21] INFO: Debug: 1 face(s) detected, best confidence: 1.00
[2025-10-18 03:21:21] INFO: Frame received: 640x480
[2025-10-18 03:21:21] INFO: Debug: 1 face(s) detected, best confidence: 1.00
[2025-10-18 03:21:21] INFO: Frame received: 640x480
[2025-10-18 03:21:21] INFO: Debug: 1 face(s) detected, best confidence: 1.00
[2025-10-18 03:21:21] INFO: Frame received: 640x480
[2025-10-18 03:21:21] INFO: Debug: 1 face(s) detected, best confidence: 1.00
[2025-10-18 03:21:21] INFO: Frame received: 640x480
[2025-10-18 03:21:21] INFO: Debug: 1 face(s) detected, best confidence: 1.00
[2025-10-18 03:21:21] INFO: Frame received: 640x480
[2025-10-18 03:21:21] INFO: Debug: 1 face(s) detected, best confidence: 1.00
[2025-10-18 03:21:21] INFO: Frame received: 640x480
[2025-10-18 03:21:21] INFO: Debug: 1 face(s) detected, best confidence: 1.00
[2025-10-18 03:21:21] INFO: Debug: Image saved with confidence 1.00
[2025-10-18 03:21:21] INFO: Frame received: 640x480
[2025-10-18 03:21:21] INFO: Debug: 1 face(s) detected, best confidence: 1.00
[2025-10-18 03:21:22] INFO: Frame received: 640x480
[2025-10-18 03:21:22] INFO: Debug: 1 face(s) detected, best confidence: 1.00
[2025-10-18 03:21:22] INFO: Frame received: 640x480
[2025-10-18 03:21:22] INFO: Debug: 1 face(s) detected, best confidence: 1.00
[2025-10-18 03:21:22] INFO: Frame received: 640x480
[2025-10-18 03:21:22] INFO: Debug: 1 face(s) detected, best confidence: 1.00
[2025-10-18 03:21:22] INFO: Frame received: 640x480
[2025-10-18 03:21:22] INFO: Debug: 1 face(s) detected, best confidence: 1.00
[2025-10-18 03:21:22] INFO: Frame received: 640x480
[2025-10-18 03:21:22] INFO: Debug: 1 face(s) detected, best confidence: 1.00
[2025-10-18 03:21:22] INFO: Frame received: 640x480
[2025-10-18 03:21:22] INFO: Debug: 1 face(s) detected, best confidence: 1.00
[2025-10-18 03:21:22] INFO: Frame received: 640x480
[2025-10-18 03:21:22] INFO: Debug: 1 face(s) detected, best confidence: 1.00
[2025-10-18 03:21:22] INFO: Frame received: 640x480
[2025-10-18 03:21:22] INFO: Debug: 1 face(s) detected, best confidence: 1.00
[2025-10-18 03:21:22] INFO: Frame received: 640x480
[2025-10-18 03:21:23] INFO: Debug: 1 face(s) detected, best confidence: 1.00
[2025-10-18 03:21:23] INFO: Debug: Image saved with confidence 1.00
[2025-10-18 03:21:23] INFO: Frame received: 640x480
[2025-10-18 03:21:23] INFO: Debug: 1 face(s) detected, best confidence: 1.00
[2025-10-18 03:21:23] INFO: Frame received: 640x480
[2025-10-18 03:21:23] INFO: Debug: 1 face(s) detected, best confidence: 1.00
[2025-10-18 03:21:23] INFO: Frame received: 640x480
[2025-10-18 03:21:23] INFO: Debug: 1 face(s) detected, best confidence: 1.00
[2025-10-18 03:21:23] INFO: Frame received: 640x480
[2025-10-18 03:21:23] INFO: Debug: 1 face(s) detected, best confidence: 1.00
[2025-10-18 03:21:23] INFO: Frame received: 640x480
[2025-10-18 03:21:23] INFO: Debug: 1 face(s) detected, best confidence: 1.00
[2025-10-18 03:21:23] INFO: Frame received: 640x480
[2025-10-18 03:21:23] INFO: Debug: 1 face(s) detected, best confidence: 1.00
[2025-10-18 03:21:23] INFO: Frame received: 640x480
[2025-10-18 03:21:23] INFO: Debug: 1 face(s) detected, best confidence: 1.00
[2025-10-18 03:21:23] INFO: Frame received: 640x480
[2025-10-18 03:21:23] INFO: Debug: 1 face(s) detected, best confidence: 1.00
[2025-10-18 03:21:24] INFO: Frame received: 640x480
[2025-10-18 03:21:24] INFO: Debug: 1 face(s) detected, best confidence: 1.00
[2025-10-18 03:21:24] INFO: Frame received: 640x480
[2025-10-18 03:21:24] INFO: Debug: 1 face(s) detected, best confidence: 1.00
[2025-10-18 03:21:24] INFO: Debug: Image saved with confidence 1.00
[2025-10-18 03:21:24] INFO: Frame received: 640x480
[2025-10-18 03:21:24] INFO: Debug: 1 face(s) detected, best confidence: 1.00
[2025-10-18 03:21:24] INFO: Frame received: 640x480
[2025-10-18 03:21:24] INFO: Debug: 1 face(s) detected, best confidence: 1.00
[2025-10-18 03:21:24] INFO: Frame received: 640x480
[2025-10-18 03:21:24] INFO: Debug: 1 face(s) detected, best confidence: 1.00
[2025-10-18 03:21:24] INFO: Frame received: 640x480
[2025-10-18 03:21:24] INFO: Debug: 1 face(s) detected, best confidence: 1.00
[2025-10-18 03:21:24] INFO: Frame received: 640x480
[2025-10-18 03:21:24] INFO: Debug: 1 face(s) detected, best confidence: 1.00
[2025-10-18 03:21:24] INFO: Frame received: 640x480
[2025-10-18 03:21:24] INFO: Debug: 1 face(s) detected, best confidence: 1.00
[2025-10-18 03:21:24] INFO: Frame received: 640x480
[2025-10-18 03:21:24] INFO: Debug: 1 face(s) detected, best confidence: 1.00
[2025-10-18 03:21:25] INFO: Frame received: 640x480
[2025-10-18 03:21:25] INFO: Debug: 1 face(s) detected, best confidence: 1.00
[2025-10-18 03:21:25] INFO: Frame received: 640x480
[2025-10-18 03:21:25] INFO: Debug: 1 face(s) detected, best confidence: 1.00
[2025-10-18 03:21:25] INFO: Capture result: true - Successfully captured 15 high-quality face images
[2025-10-18 03:21:25] INFO: Frame received: 640x480
[2025-10-18 03:21:25] INFO: Debug: 1 face(s) detected, best confidence: 1.00
[2025-10-18 03:21:25] INFO: Debug: Capture process finished
[2025-10-18 03:21:25] INFO: Frame received: 640x480
[2025-10-18 03:21:25] INFO: Debug: 1 face(s) detected, best confidence: 1.00
[2025-10-18 03:21:25] INFO: Frame received: 640x480
[2025-10-18 03:21:25] INFO: Debug: 1 face(s) detected, best confidence: 1.00
[2025-10-18 03:21:25] INFO: Frame received: 640x480
[2025-10-18 03:21:25] INFO: Debug: 1 face(s) detected, best confidence: 1.00
[2025-10-18 03:21:25] INFO: Frame received: 640x480
[2025-10-18 03:21:25] INFO: Debug: 1 face(s) detected, best confidence: 1.00
[2025-10-18 03:21:25] INFO: Frame received: 640x480
[2025-10-18 03:21:25] INFO: Debug: 1 face(s) detected, best confidence: 1.00
[2025-10-18 03:21:25] INFO: Frame received: 640x480
[2025-10-18 03:21:25] INFO: Debug: 1 face(s) detected, best confidence: 1.00
[2025-10-18 03:21:26] INFO: Frame received: 640x480
[2025-10-18 03:21:26] INFO: Debug: 1 face(s) detected, best confidence: 0.99
[2025-10-18 03:21:26] INFO: Frame received: 640x480
[2025-10-18 03:21:26] INFO: Debug: 1 face(s) detected, best confidence: 0.99
[2025-10-18 03:21:26] INFO: Frame received: 640x480
[2025-10-18 03:21:26] INFO: Debug: 1 face(s) detected, best confidence: 0.98
[2025-10-18 03:21:26] INFO: Frame received: 640x480
[2025-10-18 03:21:26] INFO: Debug: 1 face(s) detected, best confidence: 0.98
[2025-10-18 03:21:26] INFO: Frame received: 640x480
[2025-10-18 03:21:26] INFO: Debug: 1 face(s) detected, best confidence: 0.98
[2025-10-18 03:21:26] INFO: Frame received: 640x480
[2025-10-18 03:21:26] INFO: Debug: 1 face(s) detected, best confidence: 0.98
[2025-10-18 03:21:26] INFO: Frame received: 640x480
[2025-10-18 03:21:26] INFO: Debug: 1 face(s) detected, best confidence: 0.98
[2025-10-18 03:21:26] INFO: Frame received: 640x480
[2025-10-18 03:21:26] INFO: Debug: 1 face(s) detected, best confidence: 0.99
[2025-10-18 03:21:26] INFO: Frame received: 640x480
[2025-10-18 03:21:26] INFO: Debug: 1 face(s) detected, best confidence: 0.99
[2025-10-18 03:21:27] INFO: Frame received: 640x480
[2025-10-18 03:21:27] INFO: Debug: 1 face(s) detected, best confidence: 0.99
[2025-10-18 03:21:27] INFO: Frame received: 640x480
[2025-10-18 03:21:27] INFO: Debug: 1 face(s) detected, best confidence: 0.99
[2025-10-18 03:21:27] INFO: Frame received: 640x480
[2025-10-18 03:21:27] INFO: Debug: 1 face(s) detected, best confidence: 0.99
[2025-10-18 03:21:27] INFO: Frame received: 640x480
[2025-10-18 03:21:27] INFO: Debug: 1 face(s) detected, best confidence: 0.99
[2025-10-18 03:21:27] INFO: Debug: All images captured successfully
[2025-10-18 03:21:27] INFO: Frame received: 640x480
[2025-10-18 03:21:27] INFO: Debug: 1 face(s) detected, best confidence: 0.99
[2025-10-18 03:21:27] INFO: Frame received: 640x480
[2025-10-18 03:21:27] INFO: Debug: 1 face(s) detected, best confidence: 0.99
[2025-10-18 03:21:27] INFO: Frame received: 640x480
[2025-10-18 03:21:27] INFO: Debug: 1 face(s) detected, best confidence: 0.99
[2025-10-18 03:21:27] INFO: Frame received: 640x480
[2025-10-18 03:21:27] INFO: Debug: 1 face(s) detected, best confidence: 0.99
[2025-10-18 03:21:27] INFO: Frame received: 640x480
[2025-10-18 03:21:28] INFO: Debug: 1 face(s) detected, best confidence: 0.99
[2025-10-18 03:21:28] INFO: Frame received: 640x480
[2025-10-18 03:21:28] INFO: Debug: 1 face(s) detected, best confidence: 0.99
[2025-10-18 03:21:28] INFO: Frame received: 640x480
[2025-10-18 03:21:28] INFO: Debug: 1 face(s) detected, best confidence: 0.99
[2025-10-18 03:21:28] INFO: Frame received: 640x480
[2025-10-18 03:21:28] INFO: Debug: 1 face(s) detected, best confidence: 0.99
[2025-10-18 03:21:28] INFO: Frame received: 640x480
[2025-10-18 03:21:28] INFO: Debug: 1 face(s) detected, best confidence: 0.99
[2025-10-18 03:21:28] INFO: Frame received: 640x480
[2025-10-18 03:21:28] INFO: Debug: 1 face(s) detected, best confidence: 0.99
[2025-10-18 03:21:28] INFO: Frame received: 640x480
[2025-10-18 03:21:28] INFO: Debug: 1 face(s) detected, best confidence: 0.99
[2025-10-18 03:21:28] INFO: Frame received: 640x480
[2025-10-18 03:21:28] INFO: Debug: 1 face(s) detected, best confidence: 0.99
[2025-10-18 03:21:28] INFO: Frame received: 640x480
[2025-10-18 03:21:28] INFO: Debug: 1 face(s) detected, best confidence: 0.99
[2025-10-18 03:21:28] INFO: Disposing FaceCaptureDialog...
[2025-10-18 03:21:28] INFO: Preview timer stopped
[2025-10-18 03:21:29] INFO: Face detection resources released
