[2025-10-23 03:49:28] INFO: Application Logger Initialized.
[2025-10-23 03:49:28] INFO: app.properties normalized (55 entries).
[2025-10-23 03:49:28] INFO: Configuration loaded from file: C:\SMU\CS102 Project\FaceRecognitionCS102\app.properties
[2025-10-23 03:49:30] INFO: ￢ﾜﾅ ArcFace ResNet100 model loaded successfully
[2025-10-23 03:49:30] INFO: ￢ﾜﾓ FaceAligner initialized with 5-point alignment support
[2025-10-23 03:49:30] INFO: StudentManager initialized successfully
[2025-10-23 03:49:31] INFO: GUI launched successfully
[2025-10-23 03:49:34] INFO: ￢ﾜﾅ ArcFace ResNet100 model loaded successfully
[2025-10-23 03:49:34] INFO: ￢ﾜﾓ FaceAligner initialized with 5-point alignment support
[2025-10-23 03:49:34] INFO: FaceCaptureDialog created for student: Jin Rae
[2025-10-23 03:49:34] INFO: Dialog initialized
[2025-10-23 03:49:34] INFO: Starting camera preview...
[2025-10-23 03:49:34] INFO: Preview timer started at 20fps
[2025-10-23 03:49:36] INFO: Starting capture process...
[2025-10-23 03:49:36] INFO: Performing capture with target: 20
[2025-10-23 03:49:36] INFO: Debug: Capture process started
[2025-10-23 03:49:36] INFO: Debug: Image saved with confidence 0.99
[2025-10-23 03:49:37] INFO: Debug: Image saved with confidence 0.99
[2025-10-23 03:49:38] INFO: Debug: Image saved with confidence 0.99
[2025-10-23 03:49:40] INFO: Debug: Image saved with confidence 0.99
[2025-10-23 03:49:41] INFO: Debug: Image saved with confidence 0.99
[2025-10-23 03:49:43] INFO: Debug: Image saved with confidence 0.99
[2025-10-23 03:49:44] INFO: Debug: Image saved with confidence 0.99
[2025-10-23 03:49:45] INFO: Debug: Image saved with confidence 1.00
[2025-10-23 03:49:47] INFO: Debug: Image saved with confidence 1.00
[2025-10-23 03:49:48] INFO: Debug: Image saved with confidence 1.00
[2025-10-23 03:49:49] INFO: Debug: Image saved with confidence 1.00
[2025-10-23 03:49:51] INFO: Debug: Image saved with confidence 1.00
[2025-10-23 03:49:52] INFO: Debug: Image saved with confidence 1.00
[2025-10-23 03:49:53] INFO: Debug: Image saved with confidence 1.00
[2025-10-23 03:49:55] INFO: Debug: Image saved with confidence 1.00
[2025-10-23 03:49:56] INFO: Debug: Image saved with confidence 0.99
[2025-10-23 03:49:57] INFO: Debug: Image saved with confidence 0.98
[2025-10-23 03:49:59] INFO: Debug: Image saved with confidence 1.00
[2025-10-23 03:50:00] INFO: Debug: Image saved with confidence 1.00
[2025-10-23 03:50:01] INFO: Debug: Image saved with confidence 1.00
[2025-10-23 03:50:03] INFO: Debug: Capture process finished
[2025-10-23 03:50:03] INFO: Debug: Warning - Processing captured images...
[2025-10-23 03:50:03] INFO: DEBUG After norm in matToByteArray: Magnitude = 1.0000000161531657
[2025-10-23 03:50:03] INFO: DEBUG Generated embedding first 10 values: 
[2025-10-23 03:50:03] INFO: -0.013210 
[2025-10-23 03:50:03] INFO: -0.021189 
[2025-10-23 03:50:03] INFO: 0.027767 
[2025-10-23 03:50:03] INFO: 0.018677 
[2025-10-23 03:50:03] INFO: 0.026095 
[2025-10-23 03:50:03] INFO: 0.043383 
[2025-10-23 03:50:03] INFO: -0.059283 
[2025-10-23 03:50:03] INFO: -0.015654 
[2025-10-23 03:50:03] INFO: 0.023398 
[2025-10-23 03:50:03] INFO: -0.029852 
[2025-10-23 03:50:03] INFO: | Magnitude: 1.000000
[2025-10-23 03:50:03] INFO: ￢ﾜﾓ Saved embedding: S13234_001.emb
[2025-10-23 03:50:03] INFO: DEBUG After norm in matToByteArray: Magnitude = 1.0000000242104023
[2025-10-23 03:50:03] INFO: DEBUG Generated embedding first 10 values: 
[2025-10-23 03:50:03] INFO: -0.013558 
[2025-10-23 03:50:03] INFO: -0.020293 
[2025-10-23 03:50:03] INFO: 0.028558 
[2025-10-23 03:50:03] INFO: 0.019128 
[2025-10-23 03:50:03] INFO: 0.027237 
[2025-10-23 03:50:03] INFO: 0.043285 
[2025-10-23 03:50:03] INFO: -0.060061 
[2025-10-23 03:50:03] INFO: -0.015832 
[2025-10-23 03:50:03] INFO: 0.023065 
[2025-10-23 03:50:03] INFO: -0.029145 
[2025-10-23 03:50:03] INFO: | Magnitude: 1.000000
[2025-10-23 03:50:03] INFO: ￢ﾜﾓ Saved embedding: S13234_002.emb
[2025-10-23 03:50:03] INFO: DEBUG After norm in matToByteArray: Magnitude = 1.0000000285611743
[2025-10-23 03:50:03] INFO: DEBUG Generated embedding first 10 values: 
[2025-10-23 03:50:03] INFO: -0.013330 
[2025-10-23 03:50:03] INFO: -0.020132 
[2025-10-23 03:50:03] INFO: 0.028179 
[2025-10-23 03:50:03] INFO: 0.019363 
[2025-10-23 03:50:03] INFO: 0.028008 
[2025-10-23 03:50:03] INFO: 0.042564 
[2025-10-23 03:50:03] INFO: -0.059482 
[2025-10-23 03:50:03] INFO: -0.015636 
[2025-10-23 03:50:03] INFO: 0.023657 
[2025-10-23 03:50:03] INFO: -0.029698 
[2025-10-23 03:50:03] INFO: | Magnitude: 1.000000
[2025-10-23 03:50:03] INFO: ￢ﾜﾓ Saved embedding: S13234_003.emb
[2025-10-23 03:50:03] INFO: DEBUG After norm in matToByteArray: Magnitude = 0.9999999791001171
[2025-10-23 03:50:03] INFO: DEBUG Generated embedding first 10 values: 
[2025-10-23 03:50:03] INFO: -0.013501 
[2025-10-23 03:50:03] INFO: -0.020865 
[2025-10-23 03:50:03] INFO: 0.027918 
[2025-10-23 03:50:03] INFO: 0.019293 
[2025-10-23 03:50:03] INFO: 0.027159 
[2025-10-23 03:50:03] INFO: 0.042842 
[2025-10-23 03:50:03] INFO: -0.059776 
[2025-10-23 03:50:03] INFO: -0.016348 
[2025-10-23 03:50:03] INFO: 0.023112 
[2025-10-23 03:50:03] INFO: -0.029438 
[2025-10-23 03:50:03] INFO: | Magnitude: 1.000000
[2025-10-23 03:50:03] INFO: ￢ﾜﾓ Saved embedding: S13234_004.emb
[2025-10-23 03:50:04] INFO: DEBUG After norm in matToByteArray: Magnitude = 1.0000000301286218
[2025-10-23 03:50:04] INFO: DEBUG Generated embedding first 10 values: 
[2025-10-23 03:50:04] INFO: -0.013545 
[2025-10-23 03:50:04] INFO: -0.020639 
[2025-10-23 03:50:04] INFO: 0.028077 
[2025-10-23 03:50:04] INFO: 0.019279 
[2025-10-23 03:50:04] INFO: 0.027319 
[2025-10-23 03:50:04] INFO: 0.043346 
[2025-10-23 03:50:04] INFO: -0.059995 
[2025-10-23 03:50:04] INFO: -0.016003 
[2025-10-23 03:50:04] INFO: 0.022457 
[2025-10-23 03:50:04] INFO: -0.029616 
[2025-10-23 03:50:04] INFO: | Magnitude: 1.000000
[2025-10-23 03:50:04] INFO: ￢ﾜﾓ Saved embedding: S13234_005.emb
[2025-10-23 03:50:04] INFO: DEBUG After norm in matToByteArray: Magnitude = 0.9999999597842822
[2025-10-23 03:50:04] INFO: DEBUG Generated embedding first 10 values: 
[2025-10-23 03:50:04] INFO: -0.014202 
[2025-10-23 03:50:04] INFO: -0.021249 
[2025-10-23 03:50:04] INFO: 0.028838 
[2025-10-23 03:50:04] INFO: 0.019485 
[2025-10-23 03:50:04] INFO: 0.025306 
[2025-10-23 03:50:04] INFO: 0.043332 
[2025-10-23 03:50:04] INFO: -0.060528 
[2025-10-23 03:50:04] INFO: -0.013629 
[2025-10-23 03:50:04] INFO: 0.021389 
[2025-10-23 03:50:04] INFO: -0.029958 
[2025-10-23 03:50:04] INFO: | Magnitude: 1.000000
[2025-10-23 03:50:04] INFO: ￢ﾜﾓ Saved embedding: S13234_006.emb
[2025-10-23 03:50:04] INFO: DEBUG After norm in matToByteArray: Magnitude = 0.9999999631091712
[2025-10-23 03:50:04] INFO: DEBUG Generated embedding first 10 values: 
[2025-10-23 03:50:04] INFO: -0.014481 
[2025-10-23 03:50:04] INFO: -0.018195 
[2025-10-23 03:50:04] INFO: 0.029798 
[2025-10-23 03:50:04] INFO: 0.017876 
[2025-10-23 03:50:04] INFO: 0.028295 
[2025-10-23 03:50:04] INFO: 0.040748 
[2025-10-23 03:50:04] INFO: -0.059991 
[2025-10-23 03:50:04] INFO: -0.013011 
[2025-10-23 03:50:04] INFO: 0.023490 
[2025-10-23 03:50:04] INFO: -0.030873 
[2025-10-23 03:50:04] INFO: | Magnitude: 1.000000
[2025-10-23 03:50:04] INFO: ￢ﾜﾓ Saved embedding: S13234_007.emb
[2025-10-23 03:50:04] INFO: DEBUG After norm in matToByteArray: Magnitude = 0.9999999709912828
[2025-10-23 03:50:04] INFO: DEBUG Generated embedding first 10 values: 
[2025-10-23 03:50:04] INFO: -0.016098 
[2025-10-23 03:50:04] INFO: -0.021754 
[2025-10-23 03:50:04] INFO: 0.031078 
[2025-10-23 03:50:04] INFO: 0.019745 
[2025-10-23 03:50:04] INFO: 0.023558 
[2025-10-23 03:50:04] INFO: 0.042798 
[2025-10-23 03:50:04] INFO: -0.060150 
[2025-10-23 03:50:04] INFO: -0.011353 
[2025-10-23 03:50:04] INFO: 0.020611 
[2025-10-23 03:50:04] INFO: -0.032701 
[2025-10-23 03:50:04] INFO: | Magnitude: 1.000000
[2025-10-23 03:50:04] INFO: ￢ﾜﾓ Saved embedding: S13234_008.emb
[2025-10-23 03:50:04] INFO: DEBUG After norm in matToByteArray: Magnitude = 0.9999999846227047
[2025-10-23 03:50:04] INFO: DEBUG Generated embedding first 10 values: 
[2025-10-23 03:50:04] INFO: -0.015502 
[2025-10-23 03:50:04] INFO: -0.020807 
[2025-10-23 03:50:04] INFO: 0.031634 
[2025-10-23 03:50:04] INFO: 0.019386 
[2025-10-23 03:50:04] INFO: 0.025314 
[2025-10-23 03:50:04] INFO: 0.042247 
[2025-10-23 03:50:04] INFO: -0.061074 
[2025-10-23 03:50:04] INFO: -0.011886 
[2025-10-23 03:50:04] INFO: 0.021681 
[2025-10-23 03:50:04] INFO: -0.033123 
[2025-10-23 03:50:04] INFO: | Magnitude: 1.000000
[2025-10-23 03:50:04] INFO: ￢ﾜﾓ Saved embedding: S13234_009.emb
[2025-10-23 03:50:04] INFO: DEBUG After norm in matToByteArray: Magnitude = 1.0000000201078956
[2025-10-23 03:50:04] INFO: DEBUG Generated embedding first 10 values: 
[2025-10-23 03:50:04] INFO: -0.015552 
[2025-10-23 03:50:04] INFO: -0.022027 
[2025-10-23 03:50:04] INFO: 0.032458 
[2025-10-23 03:50:04] INFO: 0.019514 
[2025-10-23 03:50:04] INFO: 0.022532 
[2025-10-23 03:50:04] INFO: 0.041733 
[2025-10-23 03:50:04] INFO: -0.058451 
[2025-10-23 03:50:04] INFO: -0.011124 
[2025-10-23 03:50:04] INFO: 0.025751 
[2025-10-23 03:50:04] INFO: -0.034856 
[2025-10-23 03:50:04] INFO: | Magnitude: 1.000000
[2025-10-23 03:50:04] INFO: ￢ﾜﾓ Saved embedding: S13234_010.emb
[2025-10-23 03:50:04] INFO: DEBUG After norm in matToByteArray: Magnitude = 1.0000000239312874
[2025-10-23 03:50:04] INFO: DEBUG Generated embedding first 10 values: 
[2025-10-23 03:50:04] INFO: -0.014717 
[2025-10-23 03:50:04] INFO: -0.020373 
[2025-10-23 03:50:04] INFO: 0.025661 
[2025-10-23 03:50:04] INFO: 0.017762 
[2025-10-23 03:50:04] INFO: 0.027073 
[2025-10-23 03:50:04] INFO: 0.041206 
[2025-10-23 03:50:04] INFO: -0.058096 
[2025-10-23 03:50:04] INFO: -0.014747 
[2025-10-23 03:50:04] INFO: 0.025355 
[2025-10-23 03:50:04] INFO: -0.032148 
[2025-10-23 03:50:04] INFO: | Magnitude: 1.000000
[2025-10-23 03:50:04] INFO: ￢ﾜﾓ Saved embedding: S13234_011.emb
[2025-10-23 03:50:04] INFO: DEBUG After norm in matToByteArray: Magnitude = 0.999999973058841
[2025-10-23 03:50:04] INFO: DEBUG Generated embedding first 10 values: 
[2025-10-23 03:50:04] INFO: -0.013777 
[2025-10-23 03:50:04] INFO: -0.021112 
[2025-10-23 03:50:04] INFO: 0.027291 
[2025-10-23 03:50:04] INFO: 0.018086 
[2025-10-23 03:50:04] INFO: 0.027774 
[2025-10-23 03:50:04] INFO: 0.041202 
[2025-10-23 03:50:04] INFO: -0.058764 
[2025-10-23 03:50:04] INFO: -0.014505 
[2025-10-23 03:50:04] INFO: 0.026141 
[2025-10-23 03:50:04] INFO: -0.032834 
[2025-10-23 03:50:04] INFO: | Magnitude: 1.000000
[2025-10-23 03:50:04] INFO: ￢ﾜﾓ Saved embedding: S13234_012.emb
[2025-10-23 03:50:04] INFO: DEBUG After norm in matToByteArray: Magnitude = 1.0000000268930591
[2025-10-23 03:50:04] INFO: DEBUG Generated embedding first 10 values: 
[2025-10-23 03:50:04] INFO: -0.014026 
[2025-10-23 03:50:04] INFO: -0.020835 
[2025-10-23 03:50:04] INFO: 0.026538 
[2025-10-23 03:50:04] INFO: 0.017252 
[2025-10-23 03:50:04] INFO: 0.026748 
[2025-10-23 03:50:04] INFO: 0.041321 
[2025-10-23 03:50:04] INFO: -0.058884 
[2025-10-23 03:50:04] INFO: -0.015567 
[2025-10-23 03:50:04] INFO: 0.024345 
[2025-10-23 03:50:04] INFO: -0.031595 
[2025-10-23 03:50:04] INFO: | Magnitude: 1.000000
[2025-10-23 03:50:04] INFO: ￢ﾜﾓ Saved embedding: S13234_013.emb
[2025-10-23 03:50:04] INFO: DEBUG After norm in matToByteArray: Magnitude = 1.000000018026359
[2025-10-23 03:50:04] INFO: DEBUG Generated embedding first 10 values: 
[2025-10-23 03:50:04] INFO: -0.014041 
[2025-10-23 03:50:04] INFO: -0.019374 
[2025-10-23 03:50:04] INFO: 0.025085 
[2025-10-23 03:50:04] INFO: 0.019009 
[2025-10-23 03:50:04] INFO: 0.028165 
[2025-10-23 03:50:04] INFO: 0.042918 
[2025-10-23 03:50:04] INFO: -0.058848 
[2025-10-23 03:50:04] INFO: -0.016883 
[2025-10-23 03:50:04] INFO: 0.026038 
[2025-10-23 03:50:04] INFO: -0.030055 
[2025-10-23 03:50:04] INFO: | Magnitude: 1.000000
[2025-10-23 03:50:04] INFO: ￢ﾜﾓ Saved embedding: S13234_014.emb
[2025-10-23 03:50:04] INFO: DEBUG After norm in matToByteArray: Magnitude = 0.9999999867482815
[2025-10-23 03:50:04] INFO: DEBUG Generated embedding first 10 values: 
[2025-10-23 03:50:04] INFO: -0.014154 
[2025-10-23 03:50:04] INFO: -0.022573 
[2025-10-23 03:50:04] INFO: 0.029440 
[2025-10-23 03:50:04] INFO: 0.018200 
[2025-10-23 03:50:04] INFO: 0.027868 
[2025-10-23 03:50:04] INFO: 0.043852 
[2025-10-23 03:50:04] INFO: -0.060550 
[2025-10-23 03:50:04] INFO: -0.014057 
[2025-10-23 03:50:04] INFO: 0.019264 
[2025-10-23 03:50:04] INFO: -0.029535 
[2025-10-23 03:50:04] INFO: | Magnitude: 1.000000
[2025-10-23 03:50:04] INFO: ￢ﾜﾓ Saved embedding: S13234_015.emb
[2025-10-23 03:50:04] INFO: DEBUG After norm in matToByteArray: Magnitude = 0.9999999683305222
[2025-10-23 03:50:04] INFO: DEBUG Generated embedding first 10 values: 
[2025-10-23 03:50:04] INFO: -0.013787 
[2025-10-23 03:50:04] INFO: -0.020237 
[2025-10-23 03:50:04] INFO: 0.026609 
[2025-10-23 03:50:04] INFO: 0.019752 
[2025-10-23 03:50:04] INFO: 0.029712 
[2025-10-23 03:50:04] INFO: 0.042217 
[2025-10-23 03:50:04] INFO: -0.059081 
[2025-10-23 03:50:04] INFO: -0.015729 
[2025-10-23 03:50:04] INFO: 0.024870 
[2025-10-23 03:50:04] INFO: -0.028646 
[2025-10-23 03:50:04] INFO: | Magnitude: 1.000000
[2025-10-23 03:50:04] INFO: ￢ﾜﾓ Saved embedding: S13234_016.emb
[2025-10-23 03:50:05] INFO: DEBUG After norm in matToByteArray: Magnitude = 0.9999999742123097
[2025-10-23 03:50:05] INFO: DEBUG Generated embedding first 10 values: 
[2025-10-23 03:50:05] INFO: -0.013908 
[2025-10-23 03:50:05] INFO: -0.022413 
[2025-10-23 03:50:05] INFO: 0.030985 
[2025-10-23 03:50:05] INFO: 0.022524 
[2025-10-23 03:50:05] INFO: 0.024864 
[2025-10-23 03:50:05] INFO: 0.039478 
[2025-10-23 03:50:05] INFO: -0.058811 
[2025-10-23 03:50:05] INFO: -0.010124 
[2025-10-23 03:50:05] INFO: 0.026359 
[2025-10-23 03:50:05] INFO: -0.035699 
[2025-10-23 03:50:05] INFO: | Magnitude: 1.000000
[2025-10-23 03:50:05] INFO: ￢ﾜﾓ Saved embedding: S13234_017.emb
[2025-10-23 03:50:05] INFO: DEBUG After norm in matToByteArray: Magnitude = 1.0000000015932464
[2025-10-23 03:50:05] INFO: DEBUG Generated embedding first 10 values: 
[2025-10-23 03:50:05] INFO: -0.013186 
[2025-10-23 03:50:05] INFO: -0.021626 
[2025-10-23 03:50:05] INFO: 0.031225 
[2025-10-23 03:50:05] INFO: 0.021620 
[2025-10-23 03:50:05] INFO: 0.022279 
[2025-10-23 03:50:05] INFO: 0.039409 
[2025-10-23 03:50:05] INFO: -0.057116 
[2025-10-23 03:50:05] INFO: -0.011330 
[2025-10-23 03:50:05] INFO: 0.028191 
[2025-10-23 03:50:05] INFO: -0.035312 
[2025-10-23 03:50:05] INFO: | Magnitude: 1.000000
[2025-10-23 03:50:05] INFO: ￢ﾜﾓ Saved embedding: S13234_018.emb
[2025-10-23 03:50:05] INFO: DEBUG After norm in matToByteArray: Magnitude = 0.9999999957312501
[2025-10-23 03:50:05] INFO: DEBUG Generated embedding first 10 values: 
[2025-10-23 03:50:05] INFO: -0.013890 
[2025-10-23 03:50:05] INFO: -0.020542 
[2025-10-23 03:50:05] INFO: 0.025596 
[2025-10-23 03:50:05] INFO: 0.018337 
[2025-10-23 03:50:05] INFO: 0.022151 
[2025-10-23 03:50:05] INFO: 0.037936 
[2025-10-23 03:50:05] INFO: -0.056908 
[2025-10-23 03:50:05] INFO: -0.015543 
[2025-10-23 03:50:05] INFO: 0.032312 
[2025-10-23 03:50:05] INFO: -0.032656 
[2025-10-23 03:50:05] INFO: | Magnitude: 1.000000
[2025-10-23 03:50:05] INFO: ￢ﾜﾓ Saved embedding: S13234_019.emb
[2025-10-23 03:50:05] INFO: DEBUG After norm in matToByteArray: Magnitude = 0.9999999776754969
[2025-10-23 03:50:05] INFO: DEBUG Generated embedding first 10 values: 
[2025-10-23 03:50:05] INFO: -0.013127 
[2025-10-23 03:50:05] INFO: -0.020519 
[2025-10-23 03:50:05] INFO: 0.029906 
[2025-10-23 03:50:05] INFO: 0.020443 
[2025-10-23 03:50:05] INFO: 0.022697 
[2025-10-23 03:50:05] INFO: 0.038420 
[2025-10-23 03:50:05] INFO: -0.057232 
[2025-10-23 03:50:05] INFO: -0.013393 
[2025-10-23 03:50:05] INFO: 0.033294 
[2025-10-23 03:50:05] INFO: -0.035301 
[2025-10-23 03:50:05] INFO: | Magnitude: 1.000000
[2025-10-23 03:50:05] INFO: ￢ﾜﾓ Saved embedding: S13234_020.emb
[2025-10-23 03:50:05] INFO: Embedding generation complete: 20/20 successful
[2025-10-23 03:50:05] INFO: Debug: Warning - Analyzing embedding quality...
[2025-10-23 03:50:05] INFO:   Outlier detected: index=18, avgSim=0.9968, threshold=0.9968
[2025-10-23 03:50:05] INFO:   Outlier detected: index=19, avgSim=0.9961, threshold=0.9968
[2025-10-23 03:50:05] INFO:   ￢ﾜﾗ Deleted outlier embedding: S13234_019.emb
[2025-10-23 03:50:05] INFO:   ￢ﾜﾗ Deleted outlier image: S13234_019.png
[2025-10-23 03:50:05] INFO:   ￢ﾜﾗ Deleted outlier embedding: S13234_020.emb
[2025-10-23 03:50:05] INFO:   ￢ﾜﾗ Deleted outlier image: S13234_020.png
[2025-10-23 03:50:05] INFO: ￢ﾜﾓ Auto-removed 2 outlier embedding(s)
[2025-10-23 03:50:05] INFO: Debug: Warning - Removed 2 outlier image(s) automatically
[2025-10-23 03:50:05] INFO:   Weak embedding detected: index=9, avgSim=0.9971, threshold=0.9972, absThresh=0.6000
[2025-10-23 03:50:05] INFO:   Weak embedding detected: index=17, avgSim=0.9968, threshold=0.9972, absThresh=0.6000
[2025-10-23 03:50:05] INFO:   Weak embedding detected: index=18, avgSim=0.9968, threshold=0.9972, absThresh=0.6000
[2025-10-23 03:50:05] INFO:   Weak embedding detected: index=19, avgSim=0.9961, threshold=0.9972, absThresh=0.6000
[2025-10-23 03:50:05] INFO:   ￢ﾜﾗ Deleted weak embedding: S13234_018.emb
[2025-10-23 03:50:05] INFO:   ￢ﾜﾗ Deleted weak image: S13234_018.png
[2025-10-23 03:50:05] INFO:   ￢ﾜﾗ Deleted weak embedding: S13234_010.emb
[2025-10-23 03:50:05] INFO:   ￢ﾜﾗ Deleted weak image: S13234_010.png
[2025-10-23 03:50:05] INFO: ￢ﾜﾓ Auto-removed 2 weak embedding(s)
[2025-10-23 03:50:05] INFO: Debug: Warning - Removed 2 weak image(s) automatically
[2025-10-23 03:50:05] INFO: Capture result: true - Successfully captured 20 high-quality face images
[2025-10-23 03:50:06] INFO: Debug: All images captured successfully
[2025-10-23 03:50:07] INFO: Disposing FaceCaptureDialog...
[2025-10-23 03:50:07] INFO: Preview timer stopped
[2025-10-23 03:50:08] INFO: Face detection resources released
