[2025-10-18 19:02:59] INFO: Application Logger Initialized.
[2025-10-18 19:02:59] INFO: Configuration loaded from file: C:\SMU\CS102 Project\FaceRecognitionCS102\app.properties
[2025-10-18 19:03:00] INFO: GUI launched successfully
[2025-10-18 19:03:05] INFO: Face embedding model loaded successfully
[2025-10-18 19:03:05] INFO: ￢ﾜﾓ Facial landmark detector (cascade-based) loaded successfully
[2025-10-18 19:03:05] INFO: FaceCaptureDialog created for student: Jin Rae
[2025-10-18 19:03:05] INFO: Dialog initialized
[2025-10-18 19:03:05] INFO: Starting camera preview...
[2025-10-18 19:03:05] INFO: Camera FPS: 30.0
[2025-10-18 19:03:05] INFO: Preview timer started
[2025-10-18 19:03:06] INFO: Frame received: 640x480
[2025-10-18 19:03:06] INFO: Debug: 1 face(s) detected, best confidence: 1.00
[2025-10-18 19:03:06] INFO: Frame received: 640x480
[2025-10-18 19:03:06] INFO: Debug: 1 face(s) detected, best confidence: 1.00
[2025-10-18 19:03:06] INFO: Frame received: 640x480
[2025-10-18 19:03:06] INFO: Debug: 1 face(s) detected, best confidence: 1.00
[2025-10-18 19:03:06] INFO: Frame received: 640x480
[2025-10-18 19:03:06] INFO: Debug: 1 face(s) detected, best confidence: 1.00
[2025-10-18 19:03:06] INFO: Frame received: 640x480
[2025-10-18 19:03:07] INFO: Debug: 1 face(s) detected, best confidence: 1.00
[2025-10-18 19:03:07] INFO: Frame received: 640x480
[2025-10-18 19:03:07] INFO: Debug: 1 face(s) detected, best confidence: 1.00
[2025-10-18 19:03:07] INFO: Frame received: 640x480
[2025-10-18 19:03:07] INFO: Debug: 1 face(s) detected, best confidence: 1.00
[2025-10-18 19:03:07] INFO: Frame received: 640x480
[2025-10-18 19:03:07] INFO: Debug: 1 face(s) detected, best confidence: 1.00
[2025-10-18 19:03:07] INFO: Frame received: 640x480
[2025-10-18 19:03:07] INFO: Debug: 1 face(s) detected, best confidence: 1.00
[2025-10-18 19:03:07] INFO: Frame received: 640x480
[2025-10-18 19:03:07] INFO: Debug: 1 face(s) detected, best confidence: 1.00
[2025-10-18 19:03:07] INFO: Frame received: 640x480
[2025-10-18 19:03:07] INFO: Debug: 1 face(s) detected, best confidence: 1.00
[2025-10-18 19:03:07] INFO: Frame received: 640x480
[2025-10-18 19:03:07] INFO: Debug: 1 face(s) detected, best confidence: 1.00
[2025-10-18 19:03:07] INFO: Frame received: 640x480
[2025-10-18 19:03:07] INFO: Debug: 1 face(s) detected, best confidence: 1.00
[2025-10-18 19:03:07] INFO: Starting capture process...
[2025-10-18 19:03:07] INFO: Performing capture with target: 15
[2025-10-18 19:03:07] INFO: Debug: Warning - Cleared 28 old files - starting fresh capture
[2025-10-18 19:03:07] INFO: Debug: Capture process started
[2025-10-18 19:03:07] INFO: Frame received: 640x480
[2025-10-18 19:03:07] INFO: Debug: 5 face(s) detected, best confidence: 1.16
[2025-10-18 19:03:07] INFO: Debug: Image saved with confidence 1.00
[2025-10-18 19:03:08] INFO: Frame received: 640x480
[2025-10-18 19:03:08] INFO: Debug: 1 face(s) detected, best confidence: 1.00
[2025-10-18 19:03:08] INFO: Frame received: 640x480
[2025-10-18 19:03:08] INFO: Debug: 1 face(s) detected, best confidence: 1.00
[2025-10-18 19:03:08] INFO: Frame received: 640x480
[2025-10-18 19:03:08] INFO: Debug: 1 face(s) detected, best confidence: 1.00
[2025-10-18 19:03:08] INFO: Frame received: 640x480
[2025-10-18 19:03:08] INFO: Debug: 1 face(s) detected, best confidence: 1.00
[2025-10-18 19:03:08] INFO: Frame received: 640x480
[2025-10-18 19:03:08] INFO: Debug: 1 face(s) detected, best confidence: 1.00
[2025-10-18 19:03:08] INFO: Frame received: 640x480
[2025-10-18 19:03:08] INFO: Debug: 1 face(s) detected, best confidence: 1.00
[2025-10-18 19:03:08] INFO: Frame received: 640x480
[2025-10-18 19:03:08] INFO: Debug: 1 face(s) detected, best confidence: 1.00
[2025-10-18 19:03:08] INFO: Frame received: 640x480
[2025-10-18 19:03:08] INFO: Debug: 1 face(s) detected, best confidence: 1.00
[2025-10-18 19:03:08] INFO: Debug: Image saved with confidence 1.00
[2025-10-18 19:03:08] INFO: Frame received: 640x480
[2025-10-18 19:03:08] INFO: Debug: 1 face(s) detected, best confidence: 1.00
[2025-10-18 19:03:09] INFO: Frame received: 640x480
[2025-10-18 19:03:09] INFO: Debug: 1 face(s) detected, best confidence: 1.00
[2025-10-18 19:03:09] INFO: Frame received: 640x480
[2025-10-18 19:03:09] INFO: Debug: 1 face(s) detected, best confidence: 1.00
[2025-10-18 19:03:09] INFO: Frame received: 640x480
[2025-10-18 19:03:09] INFO: Debug: 1 face(s) detected, best confidence: 1.00
[2025-10-18 19:03:09] INFO: Frame received: 640x480
[2025-10-18 19:03:09] INFO: Debug: 1 face(s) detected, best confidence: 1.00
[2025-10-18 19:03:09] INFO: Frame received: 640x480
[2025-10-18 19:03:09] INFO: Debug: 1 face(s) detected, best confidence: 1.00
[2025-10-18 19:03:09] INFO: Frame received: 640x480
[2025-10-18 19:03:09] INFO: Debug: 1 face(s) detected, best confidence: 1.00
[2025-10-18 19:03:09] INFO: Frame received: 640x480
[2025-10-18 19:03:09] INFO: Debug: 1 face(s) detected, best confidence: 1.00
[2025-10-18 19:03:09] INFO: Frame received: 640x480
[2025-10-18 19:03:09] INFO: Debug: No faces detected this frame
[2025-10-18 19:03:09] INFO: Debug: Image saved with confidence 0.70
[2025-10-18 19:03:09] INFO: Frame received: 640x480
[2025-10-18 19:03:09] INFO: Debug: 1 face(s) detected, best confidence: 1.00
[2025-10-18 19:03:10] INFO: Frame received: 640x480
[2025-10-18 19:03:10] INFO: Debug: 1 face(s) detected, best confidence: 1.00
[2025-10-18 19:03:10] INFO: Frame received: 640x480
[2025-10-18 19:03:10] INFO: Debug: 1 face(s) detected, best confidence: 1.00
[2025-10-18 19:03:10] INFO: Frame received: 640x480
[2025-10-18 19:03:10] INFO: Debug: 1 face(s) detected, best confidence: 1.00
[2025-10-18 19:03:10] INFO: Frame received: 640x480
[2025-10-18 19:03:10] INFO: Debug: 1 face(s) detected, best confidence: 1.00
[2025-10-18 19:03:10] INFO: Frame received: 640x480
[2025-10-18 19:03:10] INFO: Debug: 1 face(s) detected, best confidence: 1.00
[2025-10-18 19:03:10] INFO: Frame received: 640x480
[2025-10-18 19:03:10] INFO: Debug: 1 face(s) detected, best confidence: 1.00
[2025-10-18 19:03:10] INFO: Frame received: 640x480
[2025-10-18 19:03:10] INFO: Debug: 1 face(s) detected, best confidence: 1.00
[2025-10-18 19:03:10] INFO: Debug: Image saved with confidence 1.00
[2025-10-18 19:03:10] INFO: Frame received: 640x480
[2025-10-18 19:03:10] INFO: Debug: 1 face(s) detected, best confidence: 1.00
[2025-10-18 19:03:10] INFO: Frame received: 640x480
[2025-10-18 19:03:10] INFO: Debug: 1 face(s) detected, best confidence: 1.00
[2025-10-18 19:03:11] INFO: Frame received: 640x480
[2025-10-18 19:03:11] INFO: Debug: 1 face(s) detected, best confidence: 1.00
[2025-10-18 19:03:11] INFO: Frame received: 640x480
[2025-10-18 19:03:11] INFO: Debug: 1 face(s) detected, best confidence: 1.00
[2025-10-18 19:03:11] INFO: Frame received: 640x480
[2025-10-18 19:03:11] INFO: Debug: 1 face(s) detected, best confidence: 1.00
[2025-10-18 19:03:11] INFO: Frame received: 640x480
[2025-10-18 19:03:11] INFO: Debug: 1 face(s) detected, best confidence: 1.00
[2025-10-18 19:03:11] INFO: Frame received: 640x480
[2025-10-18 19:03:11] INFO: Debug: 1 face(s) detected, best confidence: 1.00
[2025-10-18 19:03:11] INFO: Frame received: 640x480
[2025-10-18 19:03:11] INFO: Debug: 1 face(s) detected, best confidence: 1.00
[2025-10-18 19:03:11] INFO: Frame received: 640x480
[2025-10-18 19:03:11] INFO: Debug: No faces detected this frame
[2025-10-18 19:03:11] INFO: Debug: Warning - No face detected - please position your face in the camera view
[2025-10-18 19:03:11] INFO: Frame received: 640x480
[2025-10-18 19:03:11] INFO: Debug: 1 face(s) detected, best confidence: 1.00
[2025-10-18 19:03:11] INFO: Debug: Image saved with confidence 1.00
[2025-10-18 19:03:11] INFO: Frame received: 640x480
[2025-10-18 19:03:11] INFO: Debug: 1 face(s) detected, best confidence: 1.00
[2025-10-18 19:03:11] INFO: Frame received: 640x480
[2025-10-18 19:03:12] INFO: Debug: 1 face(s) detected, best confidence: 1.00
[2025-10-18 19:03:12] INFO: Frame received: 640x480
[2025-10-18 19:03:12] INFO: Debug: 1 face(s) detected, best confidence: 1.00
[2025-10-18 19:03:12] INFO: Frame received: 640x480
[2025-10-18 19:03:12] INFO: Debug: 1 face(s) detected, best confidence: 1.00
[2025-10-18 19:03:12] INFO: Frame received: 640x480
[2025-10-18 19:03:12] INFO: Debug: 1 face(s) detected, best confidence: 1.00
[2025-10-18 19:03:12] INFO: Frame received: 640x480
[2025-10-18 19:03:12] INFO: Debug: 1 face(s) detected, best confidence: 1.00
[2025-10-18 19:03:12] INFO: Frame received: 640x480
[2025-10-18 19:03:12] INFO: Debug: 1 face(s) detected, best confidence: 1.00
[2025-10-18 19:03:12] INFO: Frame received: 640x480
[2025-10-18 19:03:12] INFO: Debug: 1 face(s) detected, best confidence: 1.00
[2025-10-18 19:03:12] INFO: Debug: Image saved with confidence 1.00
[2025-10-18 19:03:12] INFO: Frame received: 640x480
[2025-10-18 19:03:12] INFO: Debug: 1 face(s) detected, best confidence: 1.00
[2025-10-18 19:03:12] INFO: Frame received: 640x480
[2025-10-18 19:03:12] INFO: Debug: 1 face(s) detected, best confidence: 1.00
[2025-10-18 19:03:12] INFO: Frame received: 640x480
[2025-10-18 19:03:12] INFO: Debug: 1 face(s) detected, best confidence: 1.00
[2025-10-18 19:03:13] INFO: Frame received: 640x480
[2025-10-18 19:03:13] INFO: Debug: 1 face(s) detected, best confidence: 1.00
[2025-10-18 19:03:13] INFO: Frame received: 640x480
[2025-10-18 19:03:13] INFO: Debug: 1 face(s) detected, best confidence: 1.00
[2025-10-18 19:03:13] INFO: Frame received: 640x480
[2025-10-18 19:03:13] INFO: Debug: 1 face(s) detected, best confidence: 1.00
[2025-10-18 19:03:13] INFO: Frame received: 640x480
[2025-10-18 19:03:13] INFO: Debug: 1 face(s) detected, best confidence: 1.00
[2025-10-18 19:03:13] INFO: Frame received: 640x480
[2025-10-18 19:03:13] INFO: Debug: 1 face(s) detected, best confidence: 1.00
[2025-10-18 19:03:13] INFO: Frame received: 640x480
[2025-10-18 19:03:13] INFO: Debug: No faces detected this frame
[2025-10-18 19:03:13] INFO: Debug: Image saved with confidence 0.69
[2025-10-18 19:03:13] INFO: Frame received: 640x480
[2025-10-18 19:03:13] INFO: Debug: 1 face(s) detected, best confidence: 1.00
[2025-10-18 19:03:13] INFO: Frame received: 640x480
[2025-10-18 19:03:13] INFO: Debug: 1 face(s) detected, best confidence: 1.00
[2025-10-18 19:03:13] INFO: Frame received: 640x480
[2025-10-18 19:03:13] INFO: Debug: 1 face(s) detected, best confidence: 1.00
[2025-10-18 19:03:14] INFO: Frame received: 640x480
[2025-10-18 19:03:14] INFO: Debug: 1 face(s) detected, best confidence: 1.00
[2025-10-18 19:03:14] INFO: Frame received: 640x480
[2025-10-18 19:03:14] INFO: Debug: 1 face(s) detected, best confidence: 0.99
[2025-10-18 19:03:14] INFO: Frame received: 640x480
[2025-10-18 19:03:14] INFO: Debug: 1 face(s) detected, best confidence: 0.99
[2025-10-18 19:03:14] INFO: Frame received: 640x480
[2025-10-18 19:03:14] INFO: Debug: 1 face(s) detected, best confidence: 0.99
[2025-10-18 19:03:14] INFO: Frame received: 640x480
[2025-10-18 19:03:14] INFO: Debug: 1 face(s) detected, best confidence: 1.00
[2025-10-18 19:03:14] INFO: Frame received: 640x480
[2025-10-18 19:03:14] INFO: Debug: 1 face(s) detected, best confidence: 1.00
[2025-10-18 19:03:14] INFO: Debug: Image saved with confidence 1.00
[2025-10-18 19:03:14] INFO: Frame received: 640x480
[2025-10-18 19:03:14] INFO: Debug: 1 face(s) detected, best confidence: 1.00
[2025-10-18 19:03:14] INFO: Frame received: 640x480
[2025-10-18 19:03:14] INFO: Debug: 1 face(s) detected, best confidence: 1.00
[2025-10-18 19:03:14] INFO: Frame received: 640x480
[2025-10-18 19:03:14] INFO: Debug: 1 face(s) detected, best confidence: 1.00
[2025-10-18 19:03:15] INFO: Frame received: 640x480
[2025-10-18 19:03:15] INFO: Debug: 1 face(s) detected, best confidence: 1.00
[2025-10-18 19:03:15] INFO: Frame received: 640x480
[2025-10-18 19:03:15] INFO: Debug: 1 face(s) detected, best confidence: 1.00
[2025-10-18 19:03:15] INFO: Frame received: 640x480
[2025-10-18 19:03:15] INFO: Debug: 1 face(s) detected, best confidence: 1.00
[2025-10-18 19:03:15] INFO: Frame received: 640x480
[2025-10-18 19:03:15] INFO: Debug: 1 face(s) detected, best confidence: 1.00
[2025-10-18 19:03:15] INFO: Frame received: 640x480
[2025-10-18 19:03:15] INFO: Debug: 1 face(s) detected, best confidence: 1.00
[2025-10-18 19:03:15] INFO: Debug: Image saved with confidence 1.00
[2025-10-18 19:03:15] INFO: Frame received: 640x480
[2025-10-18 19:03:15] INFO: Debug: 1 face(s) detected, best confidence: 1.00
[2025-10-18 19:03:15] INFO: Frame received: 640x480
[2025-10-18 19:03:15] INFO: Debug: 1 face(s) detected, best confidence: 1.00
[2025-10-18 19:03:15] INFO: Frame received: 640x480
[2025-10-18 19:03:15] INFO: Debug: 1 face(s) detected, best confidence: 1.00
[2025-10-18 19:03:15] INFO: Frame received: 640x480
[2025-10-18 19:03:15] INFO: Debug: 1 face(s) detected, best confidence: 1.00
[2025-10-18 19:03:16] INFO: Frame received: 640x480
[2025-10-18 19:03:16] INFO: Debug: 1 face(s) detected, best confidence: 1.00
[2025-10-18 19:03:16] INFO: Frame received: 640x480
[2025-10-18 19:03:16] INFO: Debug: 1 face(s) detected, best confidence: 1.00
[2025-10-18 19:03:16] INFO: Frame received: 640x480
[2025-10-18 19:03:16] INFO: Debug: 1 face(s) detected, best confidence: 1.00
[2025-10-18 19:03:16] INFO: Frame received: 640x480
[2025-10-18 19:03:16] INFO: Debug: 1 face(s) detected, best confidence: 1.00
[2025-10-18 19:03:16] INFO: Frame received: 640x480
[2025-10-18 19:03:16] INFO: Debug: 1 face(s) detected, best confidence: 1.00
[2025-10-18 19:03:16] INFO: Debug: Image saved with confidence 1.00
[2025-10-18 19:03:16] INFO: Frame received: 640x480
[2025-10-18 19:03:16] INFO: Debug: 1 face(s) detected, best confidence: 1.00
[2025-10-18 19:03:16] INFO: Frame received: 640x480
[2025-10-18 19:03:16] INFO: Debug: 1 face(s) detected, best confidence: 1.00
[2025-10-18 19:03:16] INFO: Frame received: 640x480
[2025-10-18 19:03:16] INFO: Debug: 1 face(s) detected, best confidence: 1.00
[2025-10-18 19:03:16] INFO: Frame received: 640x480
[2025-10-18 19:03:16] INFO: Debug: 1 face(s) detected, best confidence: 1.00
[2025-10-18 19:03:16] INFO: Frame received: 640x480
[2025-10-18 19:03:17] INFO: Debug: 1 face(s) detected, best confidence: 1.00
[2025-10-18 19:03:17] INFO: Frame received: 640x480
[2025-10-18 19:03:17] INFO: Debug: 1 face(s) detected, best confidence: 1.00
[2025-10-18 19:03:17] INFO: Frame received: 640x480
[2025-10-18 19:03:17] INFO: Debug: 1 face(s) detected, best confidence: 1.00
[2025-10-18 19:03:17] INFO: Frame received: 640x480
[2025-10-18 19:03:17] INFO: Debug: 1 face(s) detected, best confidence: 1.00
[2025-10-18 19:03:17] INFO: Debug: Image saved with confidence 1.00
[2025-10-18 19:03:17] INFO: Frame received: 640x480
[2025-10-18 19:03:17] INFO: Debug: 1 face(s) detected, best confidence: 1.00
[2025-10-18 19:03:17] INFO: Frame received: 640x480
[2025-10-18 19:03:17] INFO: Debug: 1 face(s) detected, best confidence: 1.00
[2025-10-18 19:03:17] INFO: Frame received: 640x480
[2025-10-18 19:03:17] INFO: Debug: 1 face(s) detected, best confidence: 1.00
[2025-10-18 19:03:17] INFO: Frame received: 640x480
[2025-10-18 19:03:17] INFO: Debug: 1 face(s) detected, best confidence: 1.00
[2025-10-18 19:03:17] INFO: Frame received: 640x480
[2025-10-18 19:03:17] INFO: Debug: 1 face(s) detected, best confidence: 1.00
[2025-10-18 19:03:17] INFO: Frame received: 640x480
[2025-10-18 19:03:18] INFO: Debug: 1 face(s) detected, best confidence: 1.00
[2025-10-18 19:03:18] INFO: Frame received: 640x480
[2025-10-18 19:03:18] INFO: Debug: 1 face(s) detected, best confidence: 1.00
[2025-10-18 19:03:18] INFO: Frame received: 640x480
[2025-10-18 19:03:18] INFO: Debug: 1 face(s) detected, best confidence: 1.00
[2025-10-18 19:03:18] INFO: Frame received: 640x480
[2025-10-18 19:03:18] INFO: Debug: 6 face(s) detected, best confidence: 1.16
[2025-10-18 19:03:18] INFO: Debug: Warning - No face detected - please position your face in the camera view
[2025-10-18 19:03:18] INFO: Debug: Image saved with confidence 1.00
[2025-10-18 19:03:18] INFO: Frame received: 640x480
[2025-10-18 19:03:18] INFO: Debug: 1 face(s) detected, best confidence: 1.00
[2025-10-18 19:03:18] INFO: Frame received: 640x480
[2025-10-18 19:03:18] INFO: Debug: 1 face(s) detected, best confidence: 1.00
[2025-10-18 19:03:18] INFO: Frame received: 640x480
[2025-10-18 19:03:18] INFO: Debug: 1 face(s) detected, best confidence: 1.00
[2025-10-18 19:03:18] INFO: Frame received: 640x480
[2025-10-18 19:03:18] INFO: Debug: 1 face(s) detected, best confidence: 1.00
[2025-10-18 19:03:18] INFO: Frame received: 640x480
[2025-10-18 19:03:18] INFO: Debug: 1 face(s) detected, best confidence: 1.00
[2025-10-18 19:03:18] INFO: Frame received: 640x480
[2025-10-18 19:03:19] INFO: Debug: 1 face(s) detected, best confidence: 1.00
[2025-10-18 19:03:19] INFO: Frame received: 640x480
[2025-10-18 19:03:19] INFO: Debug: 1 face(s) detected, best confidence: 1.00
[2025-10-18 19:03:19] INFO: Frame received: 640x480
[2025-10-18 19:03:19] INFO: Debug: 1 face(s) detected, best confidence: 1.00
[2025-10-18 19:03:19] INFO: Frame received: 640x480
[2025-10-18 19:03:19] INFO: Debug: No faces detected this frame
[2025-10-18 19:03:19] INFO: Debug: Image saved with confidence 0.96
[2025-10-18 19:03:19] INFO: Frame received: 640x480
[2025-10-18 19:03:19] INFO: Debug: 1 face(s) detected, best confidence: 1.00
[2025-10-18 19:03:19] INFO: Frame received: 640x480
[2025-10-18 19:03:19] INFO: Debug: 1 face(s) detected, best confidence: 1.00
[2025-10-18 19:03:19] INFO: Frame received: 640x480
[2025-10-18 19:03:19] INFO: Debug: 1 face(s) detected, best confidence: 1.00
[2025-10-18 19:03:19] INFO: Frame received: 640x480
[2025-10-18 19:03:19] INFO: Debug: 1 face(s) detected, best confidence: 1.00
[2025-10-18 19:03:19] INFO: Frame received: 640x480
[2025-10-18 19:03:19] INFO: Debug: 1 face(s) detected, best confidence: 1.00
[2025-10-18 19:03:19] INFO: Frame received: 640x480
[2025-10-18 19:03:19] INFO: Debug: 1 face(s) detected, best confidence: 1.00
[2025-10-18 19:03:20] INFO: Frame received: 640x480
[2025-10-18 19:03:20] INFO: Debug: 1 face(s) detected, best confidence: 1.00
[2025-10-18 19:03:20] INFO: Frame received: 640x480
[2025-10-18 19:03:20] INFO: Debug: 1 face(s) detected, best confidence: 1.00
[2025-10-18 19:03:20] INFO: Debug: Image saved with confidence 1.00
[2025-10-18 19:03:20] INFO: Frame received: 640x480
[2025-10-18 19:03:20] INFO: Debug: 1 face(s) detected, best confidence: 1.00
[2025-10-18 19:03:20] INFO: Frame received: 640x480
[2025-10-18 19:03:20] INFO: Debug: 1 face(s) detected, best confidence: 1.00
[2025-10-18 19:03:20] INFO: Frame received: 640x480
[2025-10-18 19:03:20] INFO: Debug: 1 face(s) detected, best confidence: 1.00
[2025-10-18 19:03:20] INFO: Frame received: 640x480
[2025-10-18 19:03:20] INFO: Debug: 1 face(s) detected, best confidence: 1.00
[2025-10-18 19:03:20] INFO: Frame received: 640x480
[2025-10-18 19:03:20] INFO: Debug: 1 face(s) detected, best confidence: 1.00
[2025-10-18 19:03:20] INFO: Frame received: 640x480
[2025-10-18 19:03:20] INFO: Debug: 1 face(s) detected, best confidence: 1.00
[2025-10-18 19:03:20] INFO: Frame received: 640x480
[2025-10-18 19:03:20] INFO: Debug: 1 face(s) detected, best confidence: 1.00
[2025-10-18 19:03:21] INFO: Frame received: 640x480
[2025-10-18 19:03:21] INFO: Debug: 1 face(s) detected, best confidence: 1.00
[2025-10-18 19:03:21] INFO: Frame received: 640x480
[2025-10-18 19:03:21] INFO: Debug: No faces detected this frame
[2025-10-18 19:03:21] INFO: Debug: Image saved with confidence 0.99
[2025-10-18 19:03:21] INFO: Frame received: 640x480
[2025-10-18 19:03:21] INFO: Debug: 1 face(s) detected, best confidence: 1.00
[2025-10-18 19:03:21] INFO: Frame received: 640x480
[2025-10-18 19:03:21] INFO: Debug: 1 face(s) detected, best confidence: 1.00
[2025-10-18 19:03:21] INFO: Frame received: 640x480
[2025-10-18 19:03:21] INFO: Debug: 1 face(s) detected, best confidence: 1.00
[2025-10-18 19:03:21] INFO: Frame received: 640x480
[2025-10-18 19:03:21] INFO: Debug: 1 face(s) detected, best confidence: 1.00
[2025-10-18 19:03:21] INFO: Frame received: 640x480
[2025-10-18 19:03:21] INFO: Debug: 1 face(s) detected, best confidence: 1.00
[2025-10-18 19:03:21] INFO: Frame received: 640x480
[2025-10-18 19:03:21] INFO: Debug: 1 face(s) detected, best confidence: 1.00
[2025-10-18 19:03:21] INFO: Frame received: 640x480
[2025-10-18 19:03:21] INFO: Debug: 1 face(s) detected, best confidence: 1.00
[2025-10-18 19:03:22] INFO: Frame received: 640x480
[2025-10-18 19:03:22] INFO: Debug: 1 face(s) detected, best confidence: 1.00
[2025-10-18 19:03:22] INFO: Debug: Capture process finished
[2025-10-18 19:03:22] INFO: Debug: Processing captured images (quality check, landmarks, embeddings)...
[2025-10-18 19:03:22] INFO: Frame received: 640x480
[2025-10-18 19:03:22] INFO: Debug: 1 face(s) detected, best confidence: 1.00
[2025-10-18 19:03:22] INFO: Frame received: 640x480
[2025-10-18 19:03:22] INFO: Debug: 1 face(s) detected, best confidence: 1.00
[2025-10-18 19:03:22] INFO: Frame received: 640x480
[2025-10-18 19:03:22] INFO: Debug: 1 face(s) detected, best confidence: 1.00
[2025-10-18 19:03:22] INFO: Debug: Processing embedding 1/15
[2025-10-18 19:03:22] INFO: Frame received: 640x480
[2025-10-18 19:03:22] INFO: Debug: 1 face(s) detected, best confidence: 1.00
[2025-10-18 19:03:22] INFO: Debug: Processing embedding 2/15
[2025-10-18 19:03:22] INFO: Frame received: 640x480
[2025-10-18 19:03:22] INFO: Debug: 1 face(s) detected, best confidence: 1.00
[2025-10-18 19:03:22] INFO: Debug: Processing embedding 3/15
[2025-10-18 19:03:22] INFO: Frame received: 640x480
[2025-10-18 19:03:22] INFO: Debug: 1 face(s) detected, best confidence: 1.00
[2025-10-18 19:03:22] INFO: Frame received: 640x480
[2025-10-18 19:03:22] INFO: Debug: 1 face(s) detected, best confidence: 1.00
[2025-10-18 19:03:22] INFO: Debug: Processing embedding 4/15
[2025-10-18 19:03:22] INFO: Frame received: 640x480
[2025-10-18 19:03:22] INFO: Debug: 1 face(s) detected, best confidence: 1.00
[2025-10-18 19:03:23] INFO: Debug: Processing embedding 5/15
[2025-10-18 19:03:23] INFO: Frame received: 640x480
[2025-10-18 19:03:23] INFO: Debug: 1 face(s) detected, best confidence: 1.00
[2025-10-18 19:03:23] INFO: Debug: Processing embedding 6/15
[2025-10-18 19:03:23] INFO: Frame received: 640x480
[2025-10-18 19:03:23] INFO: Debug: 1 face(s) detected, best confidence: 1.00
[2025-10-18 19:03:23] INFO: Debug: Processing embedding 7/15
[2025-10-18 19:03:23] INFO: Debug: Processing embedding 8/15
[2025-10-18 19:03:23] INFO: Frame received: 640x480
[2025-10-18 19:03:23] INFO: Debug: 1 face(s) detected, best confidence: 1.00
[2025-10-18 19:03:23] INFO: Debug: Processing embedding 9/15
[2025-10-18 19:03:23] INFO: Frame received: 640x480
[2025-10-18 19:03:23] INFO: Debug: 1 face(s) detected, best confidence: 1.00
[2025-10-18 19:03:23] INFO: Debug: Processing embedding 10/15
[2025-10-18 19:03:23] INFO: Debug: Processing embedding 11/15
[2025-10-18 19:03:23] INFO: Frame received: 640x480
[2025-10-18 19:03:23] INFO: Debug: 1 face(s) detected, best confidence: 1.00
[2025-10-18 19:03:23] INFO: Debug: Processing embedding 12/15
[2025-10-18 19:03:23] INFO: Debug: Processing embedding 13/15
[2025-10-18 19:03:23] INFO: Frame received: 640x480
[2025-10-18 19:03:23] INFO: Debug: 1 face(s) detected, best confidence: 1.00
[2025-10-18 19:03:23] INFO: Debug: Processing embedding 14/15
[2025-10-18 19:03:23] INFO: Frame received: 640x480
[2025-10-18 19:03:23] INFO: Capture result: true - Successfully captured 13 high-quality face images
[2025-10-18 19:03:23] INFO: Debug: 1 face(s) detected, best confidence: 1.00
[2025-10-18 19:03:23] INFO: Debug: Processing embedding 15/15
[2025-10-18 19:03:23] INFO: Debug: Embedding generation completed
[2025-10-18 19:03:23] INFO: Debug: Warning - Analyzing captured images for quality...
[2025-10-18 19:03:23] INFO: Debug: Warning - Removed 2 outlier image(s) with low similarity (45.1% avg). Tightness improved: 0.641 ￢ﾆﾒ 0.708
[2025-10-18 19:03:23] INFO: Frame received: 640x480
[2025-10-18 19:03:23] INFO: Debug: 1 face(s) detected, best confidence: 1.00
[2025-10-18 19:03:23] INFO: Frame received: 640x480
[2025-10-18 19:03:23] INFO: Debug: 1 face(s) detected, best confidence: 1.00
[2025-10-18 19:03:24] INFO: Frame received: 640x480
[2025-10-18 19:03:24] INFO: Debug: 1 face(s) detected, best confidence: 1.00
[2025-10-18 19:03:24] INFO: Frame received: 640x480
[2025-10-18 19:03:24] INFO: Debug: 1 face(s) detected, best confidence: 1.00
[2025-10-18 19:03:24] INFO: Frame received: 640x480
[2025-10-18 19:03:24] INFO: Debug: 1 face(s) detected, best confidence: 1.00
[2025-10-18 19:03:24] INFO: Frame received: 640x480
[2025-10-18 19:03:24] INFO: Debug: 1 face(s) detected, best confidence: 1.00
[2025-10-18 19:03:24] INFO: Frame received: 640x480
[2025-10-18 19:03:24] INFO: Debug: 1 face(s) detected, best confidence: 1.00
[2025-10-18 19:03:24] INFO: Frame received: 640x480
[2025-10-18 19:03:24] INFO: Debug: 1 face(s) detected, best confidence: 1.00
[2025-10-18 19:03:24] INFO: Frame received: 640x480
[2025-10-18 19:03:24] INFO: Debug: 1 face(s) detected, best confidence: 1.00
[2025-10-18 19:03:24] INFO: Frame received: 640x480
[2025-10-18 19:03:24] INFO: Debug: 1 face(s) detected, best confidence: 0.99
[2025-10-18 19:03:24] INFO: Frame received: 640x480
[2025-10-18 19:03:25] INFO: Debug: 1 face(s) detected, best confidence: 0.99
[2025-10-18 19:03:25] INFO: Frame received: 640x480
[2025-10-18 19:03:25] INFO: Debug: 1 face(s) detected, best confidence: 0.99
[2025-10-18 19:03:25] INFO: Frame received: 640x480
[2025-10-18 19:03:25] INFO: Debug: 1 face(s) detected, best confidence: 0.99
[2025-10-18 19:03:25] INFO: Frame received: 640x480
[2025-10-18 19:03:25] INFO: Debug: 1 face(s) detected, best confidence: 0.99
[2025-10-18 19:03:25] INFO: Frame received: 640x480
[2025-10-18 19:03:25] INFO: Debug: 1 face(s) detected, best confidence: 0.99
[2025-10-18 19:03:25] INFO: Frame received: 640x480
[2025-10-18 19:03:25] INFO: Debug: 1 face(s) detected, best confidence: 0.96
[2025-10-18 19:03:25] INFO: Frame received: 640x480
[2025-10-18 19:03:25] INFO: Debug: 1 face(s) detected, best confidence: 0.96
[2025-10-18 19:03:25] INFO: Frame received: 640x480
[2025-10-18 19:03:25] INFO: Debug: 1 face(s) detected, best confidence: 0.97
[2025-10-18 19:03:25] INFO: Frame received: 640x480
[2025-10-18 19:03:25] INFO: Debug: 1 face(s) detected, best confidence: 0.99
[2025-10-18 19:03:25] INFO: Frame received: 640x480
[2025-10-18 19:03:25] INFO: Debug: 1 face(s) detected, best confidence: 1.00
[2025-10-18 19:03:26] INFO: Frame received: 640x480
[2025-10-18 19:03:26] INFO: Debug: 1 face(s) detected, best confidence: 1.00
[2025-10-18 19:03:26] INFO: Frame received: 640x480
[2025-10-18 19:03:26] INFO: Debug: 1 face(s) detected, best confidence: 1.00
[2025-10-18 19:03:26] INFO: Frame received: 640x480
[2025-10-18 19:03:26] INFO: Debug: 1 face(s) detected, best confidence: 1.00
[2025-10-18 19:03:26] INFO: Debug: All images captured successfully
[2025-10-18 19:03:26] INFO: Frame received: 640x480
[2025-10-18 19:03:26] INFO: Debug: 1 face(s) detected, best confidence: 1.00
[2025-10-18 19:03:26] INFO: Frame received: 640x480
[2025-10-18 19:03:26] INFO: Debug: 1 face(s) detected, best confidence: 1.00
[2025-10-18 19:03:26] INFO: Frame received: 640x480
[2025-10-18 19:03:26] INFO: Debug: 1 face(s) detected, best confidence: 1.00
[2025-10-18 19:03:26] INFO: Frame received: 640x480
[2025-10-18 19:03:26] INFO: Debug: 1 face(s) detected, best confidence: 1.00
[2025-10-18 19:03:26] INFO: Frame received: 640x480
[2025-10-18 19:03:26] INFO: Debug: 1 face(s) detected, best confidence: 1.00
[2025-10-18 19:03:26] INFO: Frame received: 640x480
[2025-10-18 19:03:26] INFO: Debug: 1 face(s) detected, best confidence: 0.99
[2025-10-18 19:03:27] INFO: Frame received: 640x480
[2025-10-18 19:03:27] INFO: Debug: 1 face(s) detected, best confidence: 0.99
[2025-10-18 19:03:27] INFO: Frame received: 640x480
[2025-10-18 19:03:27] INFO: Debug: 1 face(s) detected, best confidence: 0.99
[2025-10-18 19:03:27] INFO: Disposing FaceCaptureDialog...
[2025-10-18 19:03:27] INFO: Preview timer stopped
[2025-10-18 19:03:27] INFO: Face detection resources released
