[2025-10-18 02:49:28] INFO: Application Logger Initialized.
[2025-10-18 02:49:28] INFO: Configuration loaded from file: C:\SMU\CS102 Project\FaceRecognitionCS102\app.properties
[2025-10-18 02:49:29] INFO: GUI launched successfully
[2025-10-18 02:49:43] INFO: Face embedding model loaded successfully
[2025-10-18 02:49:43] INFO: ￢ﾜﾓ Facial landmark detector (cascade-based) loaded successfully
[2025-10-18 02:49:43] INFO: FaceCaptureDialog created for student: Jin Rae
[2025-10-18 02:49:43] INFO: Dialog initialized
[2025-10-18 02:49:43] INFO: Starting camera preview...
[2025-10-18 02:49:43] INFO: Preview timer started
[2025-10-18 02:49:44] INFO: Frame received: 640x480
[2025-10-18 02:49:44] INFO: Debug: 1 face(s) detected, best confidence: 1.00
[2025-10-18 02:49:44] INFO: Frame received: 640x480
[2025-10-18 02:49:44] INFO: Debug: 1 face(s) detected, best confidence: 1.00
[2025-10-18 02:49:44] INFO: Frame received: 640x480
[2025-10-18 02:49:44] INFO: Debug: 1 face(s) detected, best confidence: 1.00
[2025-10-18 02:49:44] INFO: Frame received: 640x480
[2025-10-18 02:49:44] INFO: Debug: 1 face(s) detected, best confidence: 1.00
[2025-10-18 02:49:44] INFO: Frame received: 640x480
[2025-10-18 02:49:45] INFO: Debug: 1 face(s) detected, best confidence: 1.00
[2025-10-18 02:49:45] INFO: Frame received: 640x480
[2025-10-18 02:49:45] INFO: Debug: 1 face(s) detected, best confidence: 1.00
[2025-10-18 02:49:45] INFO: Frame received: 640x480
[2025-10-18 02:49:45] INFO: Debug: 1 face(s) detected, best confidence: 1.00
[2025-10-18 02:49:45] INFO: Frame received: 640x480
[2025-10-18 02:49:45] INFO: Debug: 1 face(s) detected, best confidence: 1.00
[2025-10-18 02:49:45] INFO: Frame received: 640x480
[2025-10-18 02:49:45] INFO: Debug: 1 face(s) detected, best confidence: 1.00
[2025-10-18 02:49:45] INFO: Frame received: 640x480
[2025-10-18 02:49:45] INFO: Debug: 1 face(s) detected, best confidence: 1.00
[2025-10-18 02:49:45] INFO: Frame received: 640x480
[2025-10-18 02:49:45] INFO: Debug: 1 face(s) detected, best confidence: 1.00
[2025-10-18 02:49:45] INFO: Frame received: 640x480
[2025-10-18 02:49:45] INFO: Debug: 1 face(s) detected, best confidence: 1.00
[2025-10-18 02:49:45] INFO: Frame received: 640x480
[2025-10-18 02:49:45] INFO: Debug: 1 face(s) detected, best confidence: 1.00
[2025-10-18 02:49:45] INFO: Frame received: 640x480
[2025-10-18 02:49:45] INFO: Debug: 1 face(s) detected, best confidence: 1.00
[2025-10-18 02:49:46] INFO: Frame received: 640x480
[2025-10-18 02:49:46] INFO: Debug: 1 face(s) detected, best confidence: 1.00
[2025-10-18 02:49:46] INFO: Frame received: 640x480
[2025-10-18 02:49:46] INFO: Debug: 1 face(s) detected, best confidence: 1.00
[2025-10-18 02:49:46] INFO: Frame received: 640x480
[2025-10-18 02:49:46] INFO: Debug: 1 face(s) detected, best confidence: 1.00
[2025-10-18 02:49:46] INFO: Frame received: 640x480
[2025-10-18 02:49:46] INFO: Debug: 1 face(s) detected, best confidence: 1.00
[2025-10-18 02:49:46] INFO: Frame received: 640x480
[2025-10-18 02:49:46] INFO: Debug: 1 face(s) detected, best confidence: 1.00
[2025-10-18 02:49:46] INFO: Frame received: 640x480
[2025-10-18 02:49:46] INFO: Debug: 1 face(s) detected, best confidence: 0.98
[2025-10-18 02:49:46] INFO: Frame received: 640x480
[2025-10-18 02:49:46] INFO: Debug: 1 face(s) detected, best confidence: 1.00
[2025-10-18 02:49:46] INFO: Frame received: 640x480
[2025-10-18 02:49:46] INFO: Debug: 1 face(s) detected, best confidence: 1.00
[2025-10-18 02:49:46] INFO: Frame received: 640x480
[2025-10-18 02:49:46] INFO: Debug: 1 face(s) detected, best confidence: 1.00
[2025-10-18 02:49:47] INFO: Frame received: 640x480
[2025-10-18 02:49:47] INFO: Debug: 1 face(s) detected, best confidence: 1.00
[2025-10-18 02:49:47] INFO: Frame received: 640x480
[2025-10-18 02:49:47] INFO: Debug: 1 face(s) detected, best confidence: 0.98
[2025-10-18 02:49:47] INFO: Frame received: 640x480
[2025-10-18 02:49:47] INFO: Debug: 1 face(s) detected, best confidence: 0.98
[2025-10-18 02:49:47] INFO: Frame received: 640x480
[2025-10-18 02:49:47] INFO: Debug: 1 face(s) detected, best confidence: 1.00
[2025-10-18 02:49:47] INFO: Frame received: 640x480
[2025-10-18 02:49:47] INFO: Debug: 1 face(s) detected, best confidence: 1.00
[2025-10-18 02:49:47] INFO: Frame received: 640x480
[2025-10-18 02:49:47] INFO: Debug: 1 face(s) detected, best confidence: 1.00
[2025-10-18 02:49:47] INFO: Frame received: 640x480
[2025-10-18 02:49:47] INFO: Debug: 1 face(s) detected, best confidence: 1.00
[2025-10-18 02:49:47] INFO: Frame received: 640x480
[2025-10-18 02:49:47] INFO: Debug: 1 face(s) detected, best confidence: 1.00
[2025-10-18 02:49:47] INFO: Frame received: 640x480
[2025-10-18 02:49:47] INFO: Debug: 1 face(s) detected, best confidence: 1.00
[2025-10-18 02:49:48] INFO: Frame received: 640x480
[2025-10-18 02:49:48] INFO: Debug: 1 face(s) detected, best confidence: 1.00
[2025-10-18 02:49:48] INFO: Frame received: 640x480
[2025-10-18 02:49:48] INFO: Debug: 1 face(s) detected, best confidence: 1.00
[2025-10-18 02:49:48] INFO: Frame received: 640x480
[2025-10-18 02:49:48] INFO: Debug: 1 face(s) detected, best confidence: 1.00
[2025-10-18 02:49:48] INFO: Frame received: 640x480
[2025-10-18 02:49:48] INFO: Debug: 1 face(s) detected, best confidence: 1.00
[2025-10-18 02:49:48] INFO: Frame received: 640x480
[2025-10-18 02:49:48] INFO: Debug: 1 face(s) detected, best confidence: 1.00
[2025-10-18 02:49:48] INFO: Frame received: 640x480
[2025-10-18 02:49:48] INFO: Debug: 1 face(s) detected, best confidence: 1.00
[2025-10-18 02:49:48] INFO: Frame received: 640x480
[2025-10-18 02:49:48] INFO: Debug: 1 face(s) detected, best confidence: 1.00
[2025-10-18 02:49:48] INFO: Frame received: 640x480
[2025-10-18 02:49:48] INFO: Debug: 1 face(s) detected, best confidence: 1.00
[2025-10-18 02:49:48] INFO: Frame received: 640x480
[2025-10-18 02:49:48] INFO: Debug: 1 face(s) detected, best confidence: 1.00
[2025-10-18 02:49:49] INFO: Frame received: 640x480
[2025-10-18 02:49:49] INFO: Debug: 1 face(s) detected, best confidence: 1.00
[2025-10-18 02:49:49] INFO: Frame received: 640x480
[2025-10-18 02:49:49] INFO: Debug: 1 face(s) detected, best confidence: 1.00
[2025-10-18 02:49:49] INFO: Frame received: 640x480
[2025-10-18 02:49:49] INFO: Debug: 1 face(s) detected, best confidence: 1.00
[2025-10-18 02:49:49] INFO: Frame received: 640x480
[2025-10-18 02:49:49] INFO: Debug: 1 face(s) detected, best confidence: 1.00
[2025-10-18 02:49:49] INFO: Frame received: 640x480
[2025-10-18 02:49:49] INFO: Debug: 1 face(s) detected, best confidence: 1.00
[2025-10-18 02:49:49] INFO: Frame received: 640x480
[2025-10-18 02:49:49] INFO: Debug: 1 face(s) detected, best confidence: 1.00
[2025-10-18 02:49:49] INFO: Frame received: 640x480
[2025-10-18 02:49:49] INFO: Debug: 1 face(s) detected, best confidence: 1.00
[2025-10-18 02:49:49] INFO: Frame received: 640x480
[2025-10-18 02:49:49] INFO: Debug: 1 face(s) detected, best confidence: 1.00
[2025-10-18 02:49:49] INFO: Frame received: 640x480
[2025-10-18 02:49:49] INFO: Debug: 1 face(s) detected, best confidence: 1.00
[2025-10-18 02:49:50] INFO: Frame received: 640x480
[2025-10-18 02:49:50] INFO: Debug: 1 face(s) detected, best confidence: 1.00
[2025-10-18 02:49:50] INFO: Frame received: 640x480
[2025-10-18 02:49:50] INFO: Debug: 1 face(s) detected, best confidence: 1.00
[2025-10-18 02:49:50] INFO: Frame received: 640x480
[2025-10-18 02:49:50] INFO: Debug: 1 face(s) detected, best confidence: 1.00
[2025-10-18 02:49:50] INFO: Frame received: 640x480
[2025-10-18 02:49:50] INFO: Debug: 1 face(s) detected, best confidence: 1.00
[2025-10-18 02:49:50] INFO: Frame received: 640x480
[2025-10-18 02:49:50] INFO: Debug: 1 face(s) detected, best confidence: 1.00
[2025-10-18 02:49:50] INFO: Frame received: 640x480
[2025-10-18 02:49:50] INFO: Debug: 1 face(s) detected, best confidence: 1.00
[2025-10-18 02:49:50] INFO: Frame received: 640x480
[2025-10-18 02:49:50] INFO: Debug: 1 face(s) detected, best confidence: 1.00
[2025-10-18 02:49:50] INFO: Frame received: 640x480
[2025-10-18 02:49:50] INFO: Debug: 1 face(s) detected, best confidence: 1.00
[2025-10-18 02:49:50] INFO: Frame received: 640x480
[2025-10-18 02:49:50] INFO: Debug: 1 face(s) detected, best confidence: 1.00
[2025-10-18 02:49:50] INFO: Frame received: 640x480
[2025-10-18 02:49:51] INFO: Debug: 1 face(s) detected, best confidence: 1.00
[2025-10-18 02:49:51] INFO: Frame received: 640x480
[2025-10-18 02:49:51] INFO: Debug: 1 face(s) detected, best confidence: 1.00
[2025-10-18 02:49:51] INFO: Frame received: 640x480
[2025-10-18 02:49:51] INFO: Debug: 1 face(s) detected, best confidence: 1.00
[2025-10-18 02:49:51] INFO: Frame received: 640x480
[2025-10-18 02:49:51] INFO: Debug: 1 face(s) detected, best confidence: 1.00
[2025-10-18 02:49:51] INFO: Frame received: 640x480
[2025-10-18 02:49:51] INFO: Debug: 1 face(s) detected, best confidence: 1.00
[2025-10-18 02:49:51] INFO: Frame received: 640x480
[2025-10-18 02:49:51] INFO: Debug: 1 face(s) detected, best confidence: 1.00
[2025-10-18 02:49:51] INFO: Frame received: 640x480
[2025-10-18 02:49:51] INFO: Debug: 1 face(s) detected, best confidence: 1.00
[2025-10-18 02:49:51] INFO: Frame received: 640x480
[2025-10-18 02:49:51] INFO: Debug: 1 face(s) detected, best confidence: 1.00
[2025-10-18 02:49:51] INFO: Frame received: 640x480
[2025-10-18 02:49:51] INFO: Debug: 1 face(s) detected, best confidence: 1.00
[2025-10-18 02:49:51] INFO: Frame received: 640x480
[2025-10-18 02:49:51] INFO: Debug: 1 face(s) detected, best confidence: 1.00
[2025-10-18 02:49:52] INFO: Frame received: 640x480
[2025-10-18 02:49:52] INFO: Debug: 1 face(s) detected, best confidence: 1.00
[2025-10-18 02:49:52] INFO: Frame received: 640x480
[2025-10-18 02:49:52] INFO: Debug: 1 face(s) detected, best confidence: 1.00
[2025-10-18 02:49:52] INFO: Frame received: 640x480
[2025-10-18 02:49:52] INFO: Debug: 1 face(s) detected, best confidence: 1.00
[2025-10-18 02:49:52] INFO: Frame received: 640x480
[2025-10-18 02:49:52] INFO: Debug: 1 face(s) detected, best confidence: 1.00
[2025-10-18 02:49:52] INFO: Frame received: 640x480
[2025-10-18 02:49:52] INFO: Debug: 1 face(s) detected, best confidence: 1.00
[2025-10-18 02:49:52] INFO: Frame received: 640x480
[2025-10-18 02:49:52] INFO: Debug: 1 face(s) detected, best confidence: 1.00
[2025-10-18 02:49:52] INFO: Starting capture process...
[2025-10-18 02:49:52] INFO: Performing capture with target: 15
[2025-10-18 02:49:52] INFO: Debug: Capture process started
[2025-10-18 02:49:52] INFO: Frame received: 640x480
[2025-10-18 02:49:52] INFO: Debug: 1 face(s) detected, best confidence: 1.00
[2025-10-18 02:49:52] INFO: Frame received: 640x480
[2025-10-18 02:49:53] INFO: Debug: 1 face(s) detected, best confidence: 1.00
[2025-10-18 02:49:53] INFO: Frame received: 640x480
[2025-10-18 02:49:53] INFO: Debug: 1 face(s) detected, best confidence: 1.00
[2025-10-18 02:49:53] INFO: Debug: Image saved with confidence 1.00
[2025-10-18 02:49:53] INFO: Frame received: 640x480
[2025-10-18 02:49:53] INFO: Debug: 1 face(s) detected, best confidence: 1.00
[2025-10-18 02:49:53] INFO: Frame received: 640x480
[2025-10-18 02:49:53] INFO: Debug: 1 face(s) detected, best confidence: 1.00
[2025-10-18 02:49:53] INFO: Frame received: 640x480
[2025-10-18 02:49:53] INFO: Debug: 1 face(s) detected, best confidence: 1.00
[2025-10-18 02:49:53] INFO: Frame received: 640x480
[2025-10-18 02:49:53] INFO: Debug: 1 face(s) detected, best confidence: 1.00
[2025-10-18 02:49:53] INFO: Frame received: 640x480
[2025-10-18 02:49:53] INFO: Debug: 1 face(s) detected, best confidence: 1.00
[2025-10-18 02:49:53] INFO: Frame received: 640x480
[2025-10-18 02:49:53] INFO: Debug: 1 face(s) detected, best confidence: 1.00
[2025-10-18 02:49:53] INFO: Frame received: 640x480
[2025-10-18 02:49:53] INFO: Debug: 1 face(s) detected, best confidence: 1.00
[2025-10-18 02:49:54] INFO: Frame received: 640x480
[2025-10-18 02:49:54] INFO: Debug: 1 face(s) detected, best confidence: 1.00
[2025-10-18 02:49:54] INFO: Frame received: 640x480
[2025-10-18 02:49:54] INFO: Debug: 1 face(s) detected, best confidence: 1.00
[2025-10-18 02:49:54] INFO: Frame received: 640x480
[2025-10-18 02:49:54] INFO: Debug: 1 face(s) detected, best confidence: 1.00
[2025-10-18 02:49:54] INFO: Debug: Image saved with confidence 1.00
[2025-10-18 02:49:54] INFO: Frame received: 640x480
[2025-10-18 02:49:54] INFO: Debug: 1 face(s) detected, best confidence: 1.00
[2025-10-18 02:49:54] INFO: Frame received: 640x480
[2025-10-18 02:49:54] INFO: Debug: 1 face(s) detected, best confidence: 1.00
[2025-10-18 02:49:54] INFO: Frame received: 640x480
[2025-10-18 02:49:54] INFO: Debug: 1 face(s) detected, best confidence: 1.00
[2025-10-18 02:49:54] INFO: Frame received: 640x480
[2025-10-18 02:49:54] INFO: Debug: 1 face(s) detected, best confidence: 1.00
[2025-10-18 02:49:54] INFO: Frame received: 640x480
[2025-10-18 02:49:54] INFO: Debug: 1 face(s) detected, best confidence: 1.00
[2025-10-18 02:49:54] INFO: Frame received: 640x480
[2025-10-18 02:49:54] INFO: Debug: 1 face(s) detected, best confidence: 1.00
[2025-10-18 02:49:55] INFO: Frame received: 640x480
[2025-10-18 02:49:55] INFO: Debug: 1 face(s) detected, best confidence: 1.00
[2025-10-18 02:49:55] INFO: Frame received: 640x480
[2025-10-18 02:49:55] INFO: Debug: 1 face(s) detected, best confidence: 1.00
[2025-10-18 02:49:55] INFO: Frame received: 640x480
[2025-10-18 02:49:55] INFO: Debug: 1 face(s) detected, best confidence: 1.00
[2025-10-18 02:49:55] INFO: Frame received: 640x480
[2025-10-18 02:49:55] INFO: Debug: 1 face(s) detected, best confidence: 1.00
[2025-10-18 02:49:55] INFO: Debug: Image saved with confidence 1.00
[2025-10-18 02:49:55] INFO: Frame received: 640x480
[2025-10-18 02:49:55] INFO: Debug: 1 face(s) detected, best confidence: 1.00
[2025-10-18 02:49:55] INFO: Frame received: 640x480
[2025-10-18 02:49:55] INFO: Debug: 1 face(s) detected, best confidence: 1.00
[2025-10-18 02:49:55] INFO: Frame received: 640x480
[2025-10-18 02:49:55] INFO: Debug: 1 face(s) detected, best confidence: 1.00
[2025-10-18 02:49:55] INFO: Frame received: 640x480
[2025-10-18 02:49:55] INFO: Debug: 1 face(s) detected, best confidence: 1.00
[2025-10-18 02:49:55] INFO: Frame received: 640x480
[2025-10-18 02:49:55] INFO: Debug: 1 face(s) detected, best confidence: 1.00
[2025-10-18 02:49:56] INFO: Frame received: 640x480
[2025-10-18 02:49:56] INFO: Debug: 1 face(s) detected, best confidence: 1.00
[2025-10-18 02:49:56] INFO: Frame received: 640x480
[2025-10-18 02:49:56] INFO: Debug: 1 face(s) detected, best confidence: 1.00
[2025-10-18 02:49:56] INFO: Frame received: 640x480
[2025-10-18 02:49:56] INFO: Debug: 1 face(s) detected, best confidence: 1.00
[2025-10-18 02:49:56] INFO: Frame received: 640x480
[2025-10-18 02:49:56] INFO: Debug: 1 face(s) detected, best confidence: 1.00
[2025-10-18 02:49:56] INFO: Frame received: 640x480
[2025-10-18 02:49:56] INFO: Debug: No faces detected this frame
[2025-10-18 02:49:56] INFO: Debug: Warning - No face detected - please position your face in the camera view
[2025-10-18 02:49:56] INFO: Frame received: 640x480
[2025-10-18 02:49:56] INFO: Debug: 1 face(s) detected, best confidence: 1.00
[2025-10-18 02:49:56] INFO: Frame received: 640x480
[2025-10-18 02:49:56] INFO: Debug: 1 face(s) detected, best confidence: 1.00
[2025-10-18 02:49:56] INFO: Debug: Image saved with confidence 1.00
[2025-10-18 02:49:56] INFO: Frame received: 640x480
[2025-10-18 02:49:56] INFO: Debug: 1 face(s) detected, best confidence: 1.00
[2025-10-18 02:49:56] INFO: Frame received: 640x480
[2025-10-18 02:49:56] INFO: Debug: 1 face(s) detected, best confidence: 1.00
[2025-10-18 02:49:57] INFO: Frame received: 640x480
[2025-10-18 02:49:57] INFO: Debug: 1 face(s) detected, best confidence: 1.00
[2025-10-18 02:49:57] INFO: Frame received: 640x480
[2025-10-18 02:49:57] INFO: Debug: 1 face(s) detected, best confidence: 1.00
[2025-10-18 02:49:57] INFO: Frame received: 640x480
[2025-10-18 02:49:57] INFO: Debug: 1 face(s) detected, best confidence: 1.00
[2025-10-18 02:49:57] INFO: Frame received: 640x480
[2025-10-18 02:49:57] INFO: Debug: 1 face(s) detected, best confidence: 1.00
[2025-10-18 02:49:57] INFO: Frame received: 640x480
[2025-10-18 02:49:57] INFO: Debug: 1 face(s) detected, best confidence: 1.00
[2025-10-18 02:49:57] INFO: Frame received: 640x480
[2025-10-18 02:49:57] INFO: Debug: 1 face(s) detected, best confidence: 1.00
[2025-10-18 02:49:57] INFO: Frame received: 640x480
[2025-10-18 02:49:57] INFO: Debug: 1 face(s) detected, best confidence: 1.00
[2025-10-18 02:49:57] INFO: Frame received: 640x480
[2025-10-18 02:49:57] INFO: Debug: 1 face(s) detected, best confidence: 1.00
[2025-10-18 02:49:57] INFO: Frame received: 640x480
[2025-10-18 02:49:57] INFO: Debug: 1 face(s) detected, best confidence: 1.00
[2025-10-18 02:49:58] INFO: Debug: Image saved with confidence 1.00
[2025-10-18 02:49:58] INFO: Frame received: 640x480
[2025-10-18 02:49:58] INFO: Debug: 1 face(s) detected, best confidence: 1.00
[2025-10-18 02:49:58] INFO: Frame received: 640x480
[2025-10-18 02:49:58] INFO: Debug: 1 face(s) detected, best confidence: 1.00
[2025-10-18 02:49:58] INFO: Frame received: 640x480
[2025-10-18 02:49:58] INFO: Debug: 1 face(s) detected, best confidence: 1.00
[2025-10-18 02:49:58] INFO: Frame received: 640x480
[2025-10-18 02:49:58] INFO: Debug: 1 face(s) detected, best confidence: 1.00
[2025-10-18 02:49:58] INFO: Frame received: 640x480
[2025-10-18 02:49:58] INFO: Debug: 1 face(s) detected, best confidence: 1.00
[2025-10-18 02:49:58] INFO: Frame received: 640x480
[2025-10-18 02:49:58] INFO: Debug: 1 face(s) detected, best confidence: 1.00
[2025-10-18 02:49:58] INFO: Frame received: 640x480
[2025-10-18 02:49:58] INFO: Debug: 1 face(s) detected, best confidence: 1.00
[2025-10-18 02:49:58] INFO: Frame received: 640x480
[2025-10-18 02:49:58] INFO: Debug: 1 face(s) detected, best confidence: 1.00
[2025-10-18 02:49:58] INFO: Frame received: 640x480
[2025-10-18 02:49:58] INFO: Debug: 1 face(s) detected, best confidence: 1.00
[2025-10-18 02:49:59] INFO: Frame received: 640x480
[2025-10-18 02:49:59] INFO: Debug: 1 face(s) detected, best confidence: 1.00
[2025-10-18 02:49:59] INFO: Frame received: 640x480
[2025-10-18 02:49:59] INFO: Debug: 1 face(s) detected, best confidence: 1.00
[2025-10-18 02:49:59] INFO: Debug: Image saved with confidence 1.00
[2025-10-18 02:49:59] INFO: Frame received: 640x480
[2025-10-18 02:49:59] INFO: Debug: 1 face(s) detected, best confidence: 1.00
[2025-10-18 02:49:59] INFO: Frame received: 640x480
[2025-10-18 02:49:59] INFO: Debug: 1 face(s) detected, best confidence: 1.00
[2025-10-18 02:49:59] INFO: Frame received: 640x480
[2025-10-18 02:49:59] INFO: Debug: 1 face(s) detected, best confidence: 1.00
[2025-10-18 02:49:59] INFO: Frame received: 640x480
[2025-10-18 02:49:59] INFO: Debug: 1 face(s) detected, best confidence: 1.00
[2025-10-18 02:49:59] INFO: Frame received: 640x480
[2025-10-18 02:49:59] INFO: Debug: 1 face(s) detected, best confidence: 1.00
[2025-10-18 02:49:59] INFO: Frame received: 640x480
[2025-10-18 02:49:59] INFO: Debug: 1 face(s) detected, best confidence: 1.00
[2025-10-18 02:49:59] INFO: Frame received: 640x480
[2025-10-18 02:49:59] INFO: Debug: 1 face(s) detected, best confidence: 1.00
[2025-10-18 02:50:00] INFO: Frame received: 640x480
[2025-10-18 02:50:00] INFO: Debug: 1 face(s) detected, best confidence: 1.00
[2025-10-18 02:50:00] INFO: Frame received: 640x480
[2025-10-18 02:50:00] INFO: Debug: 1 face(s) detected, best confidence: 1.00
[2025-10-18 02:50:00] INFO: Frame received: 640x480
[2025-10-18 02:50:00] INFO: Debug: 1 face(s) detected, best confidence: 1.00
[2025-10-18 02:50:00] INFO: Frame received: 640x480
[2025-10-18 02:50:00] INFO: Debug: 1 face(s) detected, best confidence: 1.00
[2025-10-18 02:50:00] INFO: Debug: Image saved with confidence 1.00
[2025-10-18 02:50:00] INFO: Frame received: 640x480
[2025-10-18 02:50:00] INFO: Debug: 1 face(s) detected, best confidence: 1.00
[2025-10-18 02:50:00] INFO: Frame received: 640x480
[2025-10-18 02:50:00] INFO: Debug: 1 face(s) detected, best confidence: 1.00
[2025-10-18 02:50:00] INFO: Frame received: 640x480
[2025-10-18 02:50:00] INFO: Debug: 1 face(s) detected, best confidence: 1.00
[2025-10-18 02:50:00] INFO: Frame received: 640x480
[2025-10-18 02:50:00] INFO: Debug: 1 face(s) detected, best confidence: 1.00
[2025-10-18 02:50:00] INFO: Frame received: 640x480
[2025-10-18 02:50:00] INFO: Debug: 1 face(s) detected, best confidence: 1.00
[2025-10-18 02:50:00] INFO: Frame received: 640x480
[2025-10-18 02:50:01] INFO: Debug: 1 face(s) detected, best confidence: 1.00
[2025-10-18 02:50:01] INFO: Frame received: 640x480
[2025-10-18 02:50:01] INFO: Debug: 1 face(s) detected, best confidence: 1.00
[2025-10-18 02:50:01] INFO: Frame received: 640x480
[2025-10-18 02:50:01] INFO: Debug: 1 face(s) detected, best confidence: 1.00
[2025-10-18 02:50:01] INFO: Frame received: 640x480
[2025-10-18 02:50:01] INFO: Debug: 1 face(s) detected, best confidence: 1.00
[2025-10-18 02:50:01] INFO: Frame received: 640x480
[2025-10-18 02:50:01] INFO: Debug: 1 face(s) detected, best confidence: 1.00
[2025-10-18 02:50:01] INFO: Frame received: 640x480
[2025-10-18 02:50:01] INFO: Debug: 1 face(s) detected, best confidence: 1.00
[2025-10-18 02:50:01] INFO: Debug: Image saved with confidence 1.00
[2025-10-18 02:50:01] INFO: Frame received: 640x480
[2025-10-18 02:50:01] INFO: Debug: 1 face(s) detected, best confidence: 1.00
[2025-10-18 02:50:01] INFO: Frame received: 640x480
[2025-10-18 02:50:01] INFO: Debug: 1 face(s) detected, best confidence: 1.00
[2025-10-18 02:50:01] INFO: Frame received: 640x480
[2025-10-18 02:50:01] INFO: Debug: 1 face(s) detected, best confidence: 0.99
[2025-10-18 02:50:01] INFO: Frame received: 640x480
[2025-10-18 02:50:01] INFO: Debug: 1 face(s) detected, best confidence: 0.99
[2025-10-18 02:50:02] INFO: Frame received: 640x480
[2025-10-18 02:50:02] INFO: Debug: 1 face(s) detected, best confidence: 0.99
[2025-10-18 02:50:02] INFO: Frame received: 640x480
[2025-10-18 02:50:02] INFO: Debug: 1 face(s) detected, best confidence: 1.00
[2025-10-18 02:50:02] INFO: Frame received: 640x480
[2025-10-18 02:50:02] INFO: Debug: 1 face(s) detected, best confidence: 1.00
[2025-10-18 02:50:02] INFO: Frame received: 640x480
[2025-10-18 02:50:02] INFO: Debug: 1 face(s) detected, best confidence: 1.00
[2025-10-18 02:50:02] INFO: Frame received: 640x480
[2025-10-18 02:50:02] INFO: Debug: 1 face(s) detected, best confidence: 1.00
[2025-10-18 02:50:02] INFO: Frame received: 640x480
[2025-10-18 02:50:02] INFO: Debug: 1 face(s) detected, best confidence: 1.00
[2025-10-18 02:50:02] INFO: Frame received: 640x480
[2025-10-18 02:50:02] INFO: Debug: 1 face(s) detected, best confidence: 1.00
[2025-10-18 02:50:02] INFO: Debug: Image saved with confidence 1.00
[2025-10-18 02:50:02] INFO: Frame received: 640x480
[2025-10-18 02:50:02] INFO: Debug: 1 face(s) detected, best confidence: 1.00
[2025-10-18 02:50:02] INFO: Frame received: 640x480
[2025-10-18 02:50:02] INFO: Debug: 1 face(s) detected, best confidence: 1.00
[2025-10-18 02:50:03] INFO: Frame received: 640x480
[2025-10-18 02:50:03] INFO: Debug: 1 face(s) detected, best confidence: 1.00
[2025-10-18 02:50:03] INFO: Frame received: 640x480
[2025-10-18 02:50:03] INFO: Debug: 1 face(s) detected, best confidence: 1.00
[2025-10-18 02:50:03] INFO: Frame received: 640x480
[2025-10-18 02:50:03] INFO: Debug: 1 face(s) detected, best confidence: 1.00
[2025-10-18 02:50:03] INFO: Frame received: 640x480
[2025-10-18 02:50:03] INFO: Debug: 1 face(s) detected, best confidence: 1.00
[2025-10-18 02:50:03] INFO: Frame received: 640x480
[2025-10-18 02:50:03] INFO: Debug: 1 face(s) detected, best confidence: 1.00
[2025-10-18 02:50:03] INFO: Frame received: 640x480
[2025-10-18 02:50:03] INFO: Debug: 1 face(s) detected, best confidence: 1.00
[2025-10-18 02:50:03] INFO: Frame received: 640x480
[2025-10-18 02:50:03] INFO: Debug: 1 face(s) detected, best confidence: 1.00
[2025-10-18 02:50:03] INFO: Frame received: 640x480
[2025-10-18 02:50:03] INFO: Debug: 1 face(s) detected, best confidence: 1.00
[2025-10-18 02:50:03] INFO: Frame received: 640x480
[2025-10-18 02:50:03] INFO: Debug: 1 face(s) detected, best confidence: 1.00
[2025-10-18 02:50:04] INFO: Frame received: 640x480
[2025-10-18 02:50:04] INFO: Debug: 1 face(s) detected, best confidence: 1.00
[2025-10-18 02:50:04] INFO: Debug: Image saved with confidence 1.00
[2025-10-18 02:50:04] INFO: Frame received: 640x480
[2025-10-18 02:50:04] INFO: Debug: 1 face(s) detected, best confidence: 1.00
[2025-10-18 02:50:04] INFO: Frame received: 640x480
[2025-10-18 02:50:04] INFO: Debug: 1 face(s) detected, best confidence: 1.00
[2025-10-18 02:50:04] INFO: Frame received: 640x480
[2025-10-18 02:50:04] INFO: Debug: 1 face(s) detected, best confidence: 1.00
[2025-10-18 02:50:04] INFO: Frame received: 640x480
[2025-10-18 02:50:04] INFO: Debug: 1 face(s) detected, best confidence: 1.00
[2025-10-18 02:50:04] INFO: Frame received: 640x480
[2025-10-18 02:50:04] INFO: Debug: 1 face(s) detected, best confidence: 1.00
[2025-10-18 02:50:04] INFO: Frame received: 640x480
[2025-10-18 02:50:04] INFO: Debug: 1 face(s) detected, best confidence: 0.99
[2025-10-18 02:50:04] INFO: Frame received: 640x480
[2025-10-18 02:50:04] INFO: Debug: 1 face(s) detected, best confidence: 0.99
[2025-10-18 02:50:04] INFO: Frame received: 640x480
[2025-10-18 02:50:04] INFO: Debug: 1 face(s) detected, best confidence: 1.00
[2025-10-18 02:50:05] INFO: Frame received: 640x480
[2025-10-18 02:50:05] INFO: Debug: 1 face(s) detected, best confidence: 1.00
[2025-10-18 02:50:05] INFO: Frame received: 640x480
[2025-10-18 02:50:05] INFO: Debug: 1 face(s) detected, best confidence: 0.99
[2025-10-18 02:50:05] INFO: Debug: Image saved with confidence 0.99
[2025-10-18 02:50:05] INFO: Frame received: 640x480
[2025-10-18 02:50:05] INFO: Debug: 1 face(s) detected, best confidence: 0.99
[2025-10-18 02:50:05] INFO: Frame received: 640x480
[2025-10-18 02:50:05] INFO: Debug: 1 face(s) detected, best confidence: 0.99
[2025-10-18 02:50:05] INFO: Frame received: 640x480
[2025-10-18 02:50:05] INFO: Debug: 1 face(s) detected, best confidence: 0.99
[2025-10-18 02:50:05] INFO: Frame received: 640x480
[2025-10-18 02:50:05] INFO: Debug: 1 face(s) detected, best confidence: 1.00
[2025-10-18 02:50:05] INFO: Frame received: 640x480
[2025-10-18 02:50:05] INFO: Debug: 1 face(s) detected, best confidence: 1.00
[2025-10-18 02:50:05] INFO: Frame received: 640x480
[2025-10-18 02:50:05] INFO: Debug: 1 face(s) detected, best confidence: 1.00
[2025-10-18 02:50:05] INFO: Frame received: 640x480
[2025-10-18 02:50:05] INFO: Debug: 1 face(s) detected, best confidence: 1.00
[2025-10-18 02:50:05] INFO: Frame received: 640x480
[2025-10-18 02:50:06] INFO: Debug: 1 face(s) detected, best confidence: 1.00
[2025-10-18 02:50:06] INFO: Frame received: 640x480
[2025-10-18 02:50:06] INFO: Debug: 1 face(s) detected, best confidence: 1.00
[2025-10-18 02:50:06] INFO: Frame received: 640x480
[2025-10-18 02:50:06] INFO: Debug: 1 face(s) detected, best confidence: 1.00
[2025-10-18 02:50:06] INFO: Frame received: 640x480
[2025-10-18 02:50:06] INFO: Debug: 1 face(s) detected, best confidence: 1.00
[2025-10-18 02:50:06] INFO: Debug: Image saved with confidence 1.00
[2025-10-18 02:50:06] INFO: Frame received: 640x480
[2025-10-18 02:50:06] INFO: Debug: 1 face(s) detected, best confidence: 1.00
[2025-10-18 02:50:06] INFO: Frame received: 640x480
[2025-10-18 02:50:06] INFO: Debug: 1 face(s) detected, best confidence: 1.00
[2025-10-18 02:50:06] INFO: Frame received: 640x480
[2025-10-18 02:50:06] INFO: Debug: 1 face(s) detected, best confidence: 1.00
[2025-10-18 02:50:06] INFO: Frame received: 640x480
[2025-10-18 02:50:06] INFO: Debug: 1 face(s) detected, best confidence: 1.00
[2025-10-18 02:50:06] INFO: Frame received: 640x480
[2025-10-18 02:50:06] INFO: Debug: 1 face(s) detected, best confidence: 1.00
[2025-10-18 02:50:06] INFO: Frame received: 640x480
[2025-10-18 02:50:06] INFO: Debug: 1 face(s) detected, best confidence: 1.00
[2025-10-18 02:50:07] INFO: Frame received: 640x480
[2025-10-18 02:50:07] INFO: Debug: 1 face(s) detected, best confidence: 1.00
[2025-10-18 02:50:07] INFO: Frame received: 640x480
[2025-10-18 02:50:07] INFO: Debug: 1 face(s) detected, best confidence: 1.00
[2025-10-18 02:50:07] INFO: Frame received: 640x480
[2025-10-18 02:50:07] INFO: Debug: 1 face(s) detected, best confidence: 1.00
[2025-10-18 02:50:07] INFO: Frame received: 640x480
[2025-10-18 02:50:07] INFO: Debug: 1 face(s) detected, best confidence: 1.00
[2025-10-18 02:50:07] INFO: Frame received: 640x480
[2025-10-18 02:50:07] INFO: Debug: 1 face(s) detected, best confidence: 1.00
[2025-10-18 02:50:07] INFO: Debug: Image saved with confidence 1.00
[2025-10-18 02:50:07] INFO: Frame received: 640x480
[2025-10-18 02:50:07] INFO: Debug: 1 face(s) detected, best confidence: 1.00
[2025-10-18 02:50:07] INFO: Frame received: 640x480
[2025-10-18 02:50:07] INFO: Debug: 1 face(s) detected, best confidence: 1.00
[2025-10-18 02:50:07] INFO: Frame received: 640x480
[2025-10-18 02:50:07] INFO: Debug: 1 face(s) detected, best confidence: 1.00
[2025-10-18 02:50:07] INFO: Frame received: 640x480
[2025-10-18 02:50:07] INFO: Debug: 1 face(s) detected, best confidence: 1.00
[2025-10-18 02:50:08] INFO: Frame received: 640x480
[2025-10-18 02:50:08] INFO: Debug: 1 face(s) detected, best confidence: 1.00
[2025-10-18 02:50:08] INFO: Frame received: 640x480
[2025-10-18 02:50:08] INFO: Debug: 1 face(s) detected, best confidence: 1.00
[2025-10-18 02:50:08] INFO: Frame received: 640x480
[2025-10-18 02:50:08] INFO: Debug: 1 face(s) detected, best confidence: 1.00
[2025-10-18 02:50:08] INFO: Frame received: 640x480
[2025-10-18 02:50:08] INFO: Debug: 1 face(s) detected, best confidence: 1.00
[2025-10-18 02:50:08] INFO: Frame received: 640x480
[2025-10-18 02:50:08] INFO: Debug: 1 face(s) detected, best confidence: 1.00
[2025-10-18 02:50:08] INFO: Frame received: 640x480
[2025-10-18 02:50:08] INFO: Debug: 1 face(s) detected, best confidence: 1.00
[2025-10-18 02:50:08] INFO: Frame received: 640x480
[2025-10-18 02:50:08] INFO: Debug: 1 face(s) detected, best confidence: 1.00
[2025-10-18 02:50:08] INFO: Debug: Image saved with confidence 1.00
[2025-10-18 02:50:08] INFO: Frame received: 640x480
[2025-10-18 02:50:08] INFO: Debug: 1 face(s) detected, best confidence: 1.00
[2025-10-18 02:50:08] INFO: Frame received: 640x480
[2025-10-18 02:50:08] INFO: Debug: 1 face(s) detected, best confidence: 1.00
[2025-10-18 02:50:09] INFO: Frame received: 640x480
[2025-10-18 02:50:09] INFO: Debug: 1 face(s) detected, best confidence: 1.00
[2025-10-18 02:50:09] INFO: Frame received: 640x480
[2025-10-18 02:50:09] INFO: Debug: 1 face(s) detected, best confidence: 1.00
[2025-10-18 02:50:09] INFO: Frame received: 640x480
[2025-10-18 02:50:09] INFO: Debug: 1 face(s) detected, best confidence: 1.00
[2025-10-18 02:50:09] INFO: Frame received: 640x480
[2025-10-18 02:50:09] INFO: Debug: 1 face(s) detected, best confidence: 1.00
[2025-10-18 02:50:09] INFO: Frame received: 640x480
[2025-10-18 02:50:09] INFO: Debug: 1 face(s) detected, best confidence: 1.00
[2025-10-18 02:50:09] INFO: Frame received: 640x480
[2025-10-18 02:50:09] INFO: Debug: 1 face(s) detected, best confidence: 1.00
[2025-10-18 02:50:09] INFO: Frame received: 640x480
[2025-10-18 02:50:09] INFO: Debug: 1 face(s) detected, best confidence: 1.00
[2025-10-18 02:50:09] INFO: Frame received: 640x480
[2025-10-18 02:50:09] INFO: Debug: 1 face(s) detected, best confidence: 1.00
[2025-10-18 02:50:09] INFO: Frame received: 640x480
[2025-10-18 02:50:09] INFO: Debug: 1 face(s) detected, best confidence: 1.00
[2025-10-18 02:50:10] INFO: Debug: Image saved with confidence 1.00
[2025-10-18 02:50:10] INFO: Frame received: 640x480
[2025-10-18 02:50:10] INFO: Debug: 1 face(s) detected, best confidence: 1.00
[2025-10-18 02:50:10] INFO: Frame received: 640x480
[2025-10-18 02:50:10] INFO: Debug: 1 face(s) detected, best confidence: 1.00
[2025-10-18 02:50:10] INFO: Frame received: 640x480
[2025-10-18 02:50:10] INFO: Debug: 1 face(s) detected, best confidence: 1.00
[2025-10-18 02:50:10] INFO: Frame received: 640x480
[2025-10-18 02:50:10] INFO: Debug: 1 face(s) detected, best confidence: 1.00
[2025-10-18 02:50:10] INFO: Frame received: 640x480
[2025-10-18 02:50:10] INFO: Debug: 1 face(s) detected, best confidence: 1.00
[2025-10-18 02:50:10] INFO: Frame received: 640x480
[2025-10-18 02:50:10] INFO: Debug: 1 face(s) detected, best confidence: 1.00
[2025-10-18 02:50:10] INFO: Frame received: 640x480
[2025-10-18 02:50:10] INFO: Debug: 1 face(s) detected, best confidence: 1.00
[2025-10-18 02:50:10] INFO: Frame received: 640x480
[2025-10-18 02:50:10] INFO: Debug: 1 face(s) detected, best confidence: 1.00
[2025-10-18 02:50:10] INFO: Frame received: 640x480
[2025-10-18 02:50:10] INFO: Debug: 1 face(s) detected, best confidence: 1.00
[2025-10-18 02:50:11] INFO: Frame received: 640x480
[2025-10-18 02:50:11] INFO: Debug: 1 face(s) detected, best confidence: 1.00
[2025-10-18 02:50:11] INFO: Debug: Capture process finished
[2025-10-18 02:50:11] INFO: Capture result: true - Successfully captured 15 high-quality face images
[2025-10-18 02:50:11] INFO: Frame received: 640x480
[2025-10-18 02:50:11] INFO: Debug: 1 face(s) detected, best confidence: 1.00
[2025-10-18 02:50:11] INFO: Frame received: 640x480
[2025-10-18 02:50:11] INFO: Debug: 1 face(s) detected, best confidence: 1.00
[2025-10-18 02:50:11] INFO: Frame received: 640x480
[2025-10-18 02:50:11] INFO: Debug: 1 face(s) detected, best confidence: 1.00
[2025-10-18 02:50:11] INFO: Frame received: 640x480
[2025-10-18 02:50:11] INFO: Debug: 1 face(s) detected, best confidence: 1.00
[2025-10-18 02:50:11] INFO: Frame received: 640x480
[2025-10-18 02:50:11] INFO: Debug: 1 face(s) detected, best confidence: 1.00
[2025-10-18 02:50:11] INFO: Frame received: 640x480
[2025-10-18 02:50:11] INFO: Debug: 1 face(s) detected, best confidence: 1.00
[2025-10-18 02:50:11] INFO: Frame received: 640x480
[2025-10-18 02:50:11] INFO: Debug: 1 face(s) detected, best confidence: 1.00
[2025-10-18 02:50:11] INFO: Frame received: 640x480
[2025-10-18 02:50:11] INFO: Debug: 1 face(s) detected, best confidence: 1.00
[2025-10-18 02:50:12] INFO: Frame received: 640x480
[2025-10-18 02:50:12] INFO: Debug: 1 face(s) detected, best confidence: 1.00
[2025-10-18 02:50:12] INFO: Frame received: 640x480
[2025-10-18 02:50:12] INFO: Debug: 1 face(s) detected, best confidence: 1.00
[2025-10-18 02:50:12] INFO: Frame received: 640x480
[2025-10-18 02:50:12] INFO: Debug: 1 face(s) detected, best confidence: 1.00
[2025-10-18 02:50:12] INFO: Frame received: 640x480
[2025-10-18 02:50:12] INFO: Debug: 1 face(s) detected, best confidence: 1.00
[2025-10-18 02:50:12] INFO: Frame received: 640x480
[2025-10-18 02:50:12] INFO: Debug: 1 face(s) detected, best confidence: 1.00
[2025-10-18 02:50:12] INFO: Frame received: 640x480
[2025-10-18 02:50:12] INFO: Debug: 1 face(s) detected, best confidence: 1.00
[2025-10-18 02:50:12] INFO: Frame received: 640x480
[2025-10-18 02:50:12] INFO: Debug: 1 face(s) detected, best confidence: 1.00
[2025-10-18 02:50:12] INFO: Frame received: 640x480
[2025-10-18 02:50:12] INFO: Debug: 1 face(s) detected, best confidence: 1.00
[2025-10-18 02:50:12] INFO: Frame received: 640x480
[2025-10-18 02:50:12] INFO: Debug: 1 face(s) detected, best confidence: 1.00
[2025-10-18 02:50:12] INFO: Frame received: 640x480
[2025-10-18 02:50:13] INFO: Debug: 1 face(s) detected, best confidence: 1.00
[2025-10-18 02:50:13] INFO: Frame received: 640x480
[2025-10-18 02:50:13] INFO: Debug: 1 face(s) detected, best confidence: 1.00
[2025-10-18 02:50:13] INFO: Frame received: 640x480
[2025-10-18 02:50:13] INFO: Debug: 1 face(s) detected, best confidence: 1.00
[2025-10-18 02:50:13] INFO: Frame received: 640x480
[2025-10-18 02:50:13] INFO: Debug: 1 face(s) detected, best confidence: 1.00
[2025-10-18 02:50:13] INFO: Frame received: 640x480
[2025-10-18 02:50:13] INFO: Debug: 1 face(s) detected, best confidence: 1.00
[2025-10-18 02:50:13] INFO: Frame received: 640x480
[2025-10-18 02:50:13] INFO: Debug: 1 face(s) detected, best confidence: 1.00
[2025-10-18 02:50:13] INFO: Frame received: 640x480
[2025-10-18 02:50:13] INFO: Debug: 1 face(s) detected, best confidence: 1.00
[2025-10-18 02:50:13] INFO: Debug: All images captured successfully
[2025-10-18 02:50:13] INFO: Frame received: 640x480
[2025-10-18 02:50:13] INFO: Debug: 1 face(s) detected, best confidence: 1.00
[2025-10-18 02:50:13] INFO: Frame received: 640x480
[2025-10-18 02:50:13] INFO: Debug: 1 face(s) detected, best confidence: 1.00
[2025-10-18 02:50:14] INFO: Frame received: 640x480
[2025-10-18 02:50:14] INFO: Debug: 1 face(s) detected, best confidence: 1.00
[2025-10-18 02:50:14] INFO: Frame received: 640x480
[2025-10-18 02:50:14] INFO: Debug: 1 face(s) detected, best confidence: 1.00
[2025-10-18 02:50:14] INFO: Frame received: 640x480
[2025-10-18 02:50:14] INFO: Debug: 1 face(s) detected, best confidence: 1.00
[2025-10-18 02:50:14] INFO: Frame received: 640x480
[2025-10-18 02:50:14] INFO: Debug: 1 face(s) detected, best confidence: 1.00
[2025-10-18 02:50:14] INFO: Frame received: 640x480
[2025-10-18 02:50:14] INFO: Debug: 1 face(s) detected, best confidence: 1.00
[2025-10-18 02:50:14] INFO: Frame received: 640x480
[2025-10-18 02:50:14] INFO: Debug: 1 face(s) detected, best confidence: 1.00
[2025-10-18 02:50:14] INFO: Frame received: 640x480
[2025-10-18 02:50:14] INFO: Debug: 1 face(s) detected, best confidence: 1.00
[2025-10-18 02:50:14] INFO: Frame received: 640x480
[2025-10-18 02:50:14] INFO: Debug: 1 face(s) detected, best confidence: 1.00
[2025-10-18 02:50:14] INFO: Frame received: 640x480
[2025-10-18 02:50:14] INFO: Debug: 1 face(s) detected, best confidence: 1.00
[2025-10-18 02:50:15] INFO: Frame received: 640x480
[2025-10-18 02:50:15] INFO: Debug: 1 face(s) detected, best confidence: 1.00
[2025-10-18 02:50:15] INFO: Frame received: 640x480
[2025-10-18 02:50:15] INFO: Debug: 1 face(s) detected, best confidence: 1.00
[2025-10-18 02:50:15] INFO: Frame received: 640x480
[2025-10-18 02:50:15] INFO: Debug: 1 face(s) detected, best confidence: 1.00
[2025-10-18 02:50:15] INFO: Frame received: 640x480
[2025-10-18 02:50:15] INFO: Debug: 1 face(s) detected, best confidence: 1.00
[2025-10-18 02:50:15] INFO: Frame received: 640x480
[2025-10-18 02:50:15] INFO: Debug: 1 face(s) detected, best confidence: 1.00
[2025-10-18 02:50:15] INFO: Frame received: 640x480
[2025-10-18 02:50:15] INFO: Debug: 1 face(s) detected, best confidence: 1.00
[2025-10-18 02:50:15] INFO: Frame received: 640x480
[2025-10-18 02:50:15] INFO: Debug: 1 face(s) detected, best confidence: 1.00
[2025-10-18 02:50:15] INFO: Frame received: 640x480
[2025-10-18 02:50:15] INFO: Debug: 1 face(s) detected, best confidence: 1.00
[2025-10-18 02:50:15] INFO: Frame received: 640x480
[2025-10-18 02:50:15] INFO: Debug: 1 face(s) detected, best confidence: 1.00
[2025-10-18 02:50:16] INFO: Frame received: 640x480
[2025-10-18 02:50:16] INFO: Debug: 1 face(s) detected, best confidence: 1.00
[2025-10-18 02:50:16] INFO: Frame received: 640x480
[2025-10-18 02:50:16] INFO: Debug: 1 face(s) detected, best confidence: 1.00
[2025-10-18 02:50:16] INFO: Disposing FaceCaptureDialog...
[2025-10-18 02:50:16] INFO: Preview timer stopped
[2025-10-18 02:50:16] INFO: Face detection resources released
