[2025-10-23 01:53:06] INFO: Application Logger Initialized.
[2025-10-23 01:53:06] INFO: app.properties normalized (55 entries).
[2025-10-23 01:53:06] INFO: Configuration loaded from file: C:\SMU\CS102 Project\FaceRecognitionCS102\app.properties
[2025-10-23 01:53:08] INFO: ￢ﾜﾅ ArcFace ResNet100 model loaded successfully
[2025-10-23 01:53:08] INFO: ￢ﾜﾓ FaceAligner initialized with 5-point alignment support
[2025-10-23 01:53:08] INFO: StudentManager initialized successfully
[2025-10-23 01:53:08] INFO: GUI launched successfully
[2025-10-23 01:53:13] INFO: ￢ﾜﾅ ArcFace ResNet100 model loaded successfully
[2025-10-23 01:53:13] INFO: ￢ﾜﾓ FaceAligner initialized with 5-point alignment support
[2025-10-23 01:53:13] INFO: FaceCaptureDialog created for student: Jin Rae
[2025-10-23 01:53:13] INFO: Dialog initialized
[2025-10-23 01:53:13] INFO: Starting camera preview...
[2025-10-23 01:53:13] INFO: Preview timer started at 20fps
[2025-10-23 01:53:15] INFO: Starting capture process...
[2025-10-23 01:53:15] INFO: Performing capture with target: 20
[2025-10-23 01:53:15] INFO: Debug: Capture process started
[2025-10-23 01:53:15] INFO: Debug: Image saved with confidence 0.99
[2025-10-23 01:53:17] INFO: Debug: Image saved with confidence 1.00
[2025-10-23 01:53:18] INFO: Debug: Image saved with confidence 1.00
[2025-10-23 01:53:19] INFO: Debug: Image saved with confidence 1.00
[2025-10-23 01:53:21] INFO: Debug: Image saved with confidence 1.00
[2025-10-23 01:53:22] INFO: Debug: Image saved with confidence 1.00
[2025-10-23 01:53:23] INFO: Debug: Image saved with confidence 1.00
[2025-10-23 01:53:25] INFO: Debug: Image saved with confidence 1.00
[2025-10-23 01:53:26] INFO: Debug: Image saved with confidence 1.00
[2025-10-23 01:53:27] INFO: Debug: Image saved with confidence 1.00
[2025-10-23 01:53:29] INFO: Debug: Image saved with confidence 1.00
[2025-10-23 01:53:30] INFO: Debug: Image saved with confidence 0.73
[2025-10-23 01:53:31] INFO: Debug: Image saved with confidence 1.00
[2025-10-23 01:53:33] INFO: Debug: Image saved with confidence 1.00
[2025-10-23 01:53:34] INFO: Debug: Image saved with confidence 1.00
[2025-10-23 01:53:36] INFO: Debug: Image saved with confidence 1.00
[2025-10-23 01:53:37] INFO: Debug: Image saved with confidence 1.00
[2025-10-23 01:53:38] INFO: Debug: Image saved with confidence 1.00
[2025-10-23 01:53:40] INFO: Debug: Image saved with confidence 1.00
[2025-10-23 01:53:41] INFO: Debug: Image saved with confidence 1.00
[2025-10-23 01:53:42] INFO: Debug: Capture process finished
[2025-10-23 01:53:42] INFO: Debug: Warning - Processing captured images...
[2025-10-23 01:53:43] INFO: ￢ﾜﾓ Saved embedding: S13234_001.emb
[2025-10-23 01:53:43] INFO: ￢ﾜﾓ Saved embedding: S13234_002.emb
[2025-10-23 01:53:43] INFO: ￢ﾜﾓ Saved embedding: S13234_003.emb
[2025-10-23 01:53:43] INFO: ￢ﾜﾓ Saved embedding: S13234_004.emb
[2025-10-23 01:53:43] INFO: ￢ﾜﾓ Saved embedding: S13234_005.emb
[2025-10-23 01:53:43] INFO: ￢ﾜﾓ Saved embedding: S13234_006.emb
[2025-10-23 01:53:43] INFO: ￢ﾜﾓ Saved embedding: S13234_007.emb
[2025-10-23 01:53:44] INFO: ￢ﾜﾓ Saved embedding: S13234_008.emb
[2025-10-23 01:53:44] INFO: ￢ﾜﾓ Saved embedding: S13234_009.emb
[2025-10-23 01:53:44] INFO: ￢ﾜﾓ Saved embedding: S13234_010.emb
[2025-10-23 01:53:44] INFO: ￢ﾜﾓ Saved embedding: S13234_011.emb
[2025-10-23 01:53:44] INFO: ￢ﾜﾓ Saved embedding: S13234_012.emb
[2025-10-23 01:53:44] INFO: ￢ﾜﾓ Saved embedding: S13234_013.emb
[2025-10-23 01:53:44] INFO: ￢ﾜﾓ Saved embedding: S13234_014.emb
[2025-10-23 01:53:44] INFO: ￢ﾜﾓ Saved embedding: S13234_015.emb
[2025-10-23 01:53:44] INFO: ￢ﾜﾓ Saved embedding: S13234_016.emb
[2025-10-23 01:53:44] INFO: ￢ﾜﾓ Saved embedding: S13234_017.emb
[2025-10-23 01:53:44] INFO: ￢ﾜﾓ Saved embedding: S13234_018.emb
[2025-10-23 01:53:44] INFO: ￢ﾜﾓ Saved embedding: S13234_019.emb
[2025-10-23 01:53:45] INFO: ￢ﾜﾓ Saved embedding: S13234_020.emb
[2025-10-23 01:53:45] INFO: Embedding generation complete: 20/20 successful
[2025-10-23 01:53:45] INFO: Debug: Warning - Analyzing embedding quality...
[2025-10-23 01:53:45] INFO:   Outlier detected: index=15, avgSim=0.9987, threshold=0.9990
[2025-10-23 01:53:45] INFO:   Outlier detected: index=16, avgSim=0.9988, threshold=0.9990
[2025-10-23 01:53:45] INFO:   ￢ﾜﾗ Deleted outlier embedding: S13234_016.emb
[2025-10-23 01:53:45] INFO:   ￢ﾜﾗ Deleted outlier image: S13234_016.png
[2025-10-23 01:53:45] INFO:   ￢ﾜﾗ Deleted outlier embedding: S13234_017.emb
[2025-10-23 01:53:45] INFO:   ￢ﾜﾗ Deleted outlier image: S13234_017.png
[2025-10-23 01:53:45] INFO: ￢ﾜﾓ Auto-removed 2 outlier embedding(s)
[2025-10-23 01:53:45] INFO: Debug: Warning - Removed 2 outlier image(s) automatically
[2025-10-23 01:53:45] INFO:   Weak embedding detected: index=15, avgSim=0.9987, threshold=0.9991, absThresh=0.6000
[2025-10-23 01:53:45] INFO:   Weak embedding detected: index=16, avgSim=0.9988, threshold=0.9991, absThresh=0.6000
[2025-10-23 01:53:45] INFO:   Weak embedding detected: index=17, avgSim=0.9991, threshold=0.9991, absThresh=0.6000
[2025-10-23 01:53:45] INFO:   ￢ﾜﾗ Deleted weak embedding: S13234_018.emb
[2025-10-23 01:53:45] INFO:   ￢ﾜﾗ Deleted weak image: S13234_018.png
[2025-10-23 01:53:45] INFO: ￢ﾜﾓ Auto-removed 1 weak embedding(s)
[2025-10-23 01:53:45] INFO: Debug: Warning - Removed 1 weak image(s) automatically
[2025-10-23 01:53:45] INFO: Capture result: true - Successfully captured 20 high-quality face images
[2025-10-23 01:53:46] INFO: Debug: All images captured successfully
[2025-10-23 01:53:47] INFO: Disposing FaceCaptureDialog...
[2025-10-23 01:53:47] INFO: Preview timer stopped
[2025-10-23 01:53:47] INFO: Face detection resources released
