[2025-10-18 17:11:46] INFO: Application Logger Initialized.
[2025-10-18 17:11:46] INFO: Configuration loaded from file: C:\SMU\CS102 Project\FaceRecognitionCS102\app.properties
[2025-10-18 17:11:46] INFO: GUI launched successfully
[2025-10-18 17:11:49] INFO: Face embedding model loaded successfully
[2025-10-18 17:11:49] INFO: ￢ﾜﾓ Facial landmark detector (cascade-based) loaded successfully
[2025-10-18 17:11:49] INFO: FaceCaptureDialog created for student: Jin Rae
[2025-10-18 17:11:49] INFO: Dialog initialized
[2025-10-18 17:11:49] INFO: Starting camera preview...
[2025-10-18 17:11:49] INFO: Camera FPS: 30.0
[2025-10-18 17:11:49] INFO: Preview timer started
[2025-10-18 17:11:50] INFO: Frame received: 640x480
[2025-10-18 17:11:50] INFO: Debug: 1 face(s) detected, best confidence: 1.00
[2025-10-18 17:11:50] INFO: Frame received: 640x480
[2025-10-18 17:11:50] INFO: Debug: 1 face(s) detected, best confidence: 1.00
[2025-10-18 17:11:50] INFO: Frame received: 640x480
[2025-10-18 17:11:50] INFO: Debug: 1 face(s) detected, best confidence: 1.00
[2025-10-18 17:11:50] INFO: Frame received: 640x480
[2025-10-18 17:11:50] INFO: Debug: 1 face(s) detected, best confidence: 1.00
[2025-10-18 17:11:50] INFO: Frame received: 640x480
[2025-10-18 17:11:50] INFO: Debug: 1 face(s) detected, best confidence: 1.00
[2025-10-18 17:11:51] INFO: Frame received: 640x480
[2025-10-18 17:11:51] INFO: Debug: 1 face(s) detected, best confidence: 1.00
[2025-10-18 17:11:51] INFO: Frame received: 640x480
[2025-10-18 17:11:51] INFO: Debug: 1 face(s) detected, best confidence: 1.00
[2025-10-18 17:11:51] INFO: Frame received: 640x480
[2025-10-18 17:11:51] INFO: Debug: 1 face(s) detected, best confidence: 1.00
[2025-10-18 17:11:51] INFO: Frame received: 640x480
[2025-10-18 17:11:51] INFO: Debug: 1 face(s) detected, best confidence: 1.00
[2025-10-18 17:11:51] INFO: Frame received: 640x480
[2025-10-18 17:11:51] INFO: Debug: 1 face(s) detected, best confidence: 1.00
[2025-10-18 17:11:51] INFO: Frame received: 640x480
[2025-10-18 17:11:51] INFO: Debug: 1 face(s) detected, best confidence: 1.00
[2025-10-18 17:11:51] INFO: Frame received: 640x480
[2025-10-18 17:11:51] INFO: Debug: 1 face(s) detected, best confidence: 1.00
[2025-10-18 17:11:51] INFO: Frame received: 640x480
[2025-10-18 17:11:51] INFO: Debug: 1 face(s) detected, best confidence: 1.00
[2025-10-18 17:11:51] INFO: Frame received: 640x480
[2025-10-18 17:11:51] INFO: Debug: 1 face(s) detected, best confidence: 1.00
[2025-10-18 17:11:52] INFO: Frame received: 640x480
[2025-10-18 17:11:52] INFO: Debug: 1 face(s) detected, best confidence: 1.00
[2025-10-18 17:11:52] INFO: Frame received: 640x480
[2025-10-18 17:11:52] INFO: Debug: 1 face(s) detected, best confidence: 1.00
[2025-10-18 17:11:52] INFO: Frame received: 640x480
[2025-10-18 17:11:52] INFO: Debug: 1 face(s) detected, best confidence: 1.00
[2025-10-18 17:11:52] INFO: Frame received: 640x480
[2025-10-18 17:11:52] INFO: Debug: 1 face(s) detected, best confidence: 1.00
[2025-10-18 17:11:52] INFO: Frame received: 640x480
[2025-10-18 17:11:52] INFO: Debug: 1 face(s) detected, best confidence: 1.00
[2025-10-18 17:11:52] INFO: Frame received: 640x480
[2025-10-18 17:11:52] INFO: Debug: 1 face(s) detected, best confidence: 1.00
[2025-10-18 17:11:52] INFO: Starting capture process...
[2025-10-18 17:11:52] INFO: Performing capture with target: 15
[2025-10-18 17:11:52] INFO: Debug: Warning - Cleared 30 old files - starting fresh capture
[2025-10-18 17:11:52] INFO: Debug: Capture process started
[2025-10-18 17:11:52] INFO: Frame received: 640x480
[2025-10-18 17:11:52] INFO: Debug: No faces detected this frame
[2025-10-18 17:11:52] INFO: Debug: Warning - No face detected - please position your face in the camera view
[2025-10-18 17:11:52] INFO: Frame received: 640x480
[2025-10-18 17:11:52] INFO: Debug: 1 face(s) detected, best confidence: 1.00
[2025-10-18 17:11:52] INFO: Frame received: 640x480
[2025-10-18 17:11:52] INFO: Debug: 1 face(s) detected, best confidence: 1.00
[2025-10-18 17:11:53] INFO: Frame received: 640x480
[2025-10-18 17:11:53] INFO: Debug: 1 face(s) detected, best confidence: 1.00
[2025-10-18 17:11:53] INFO: Frame received: 640x480
[2025-10-18 17:11:53] INFO: Debug: 1 face(s) detected, best confidence: 1.00
[2025-10-18 17:11:53] INFO: Debug: Image saved with confidence 1.00
[2025-10-18 17:11:53] INFO: Frame received: 640x480
[2025-10-18 17:11:53] INFO: Debug: 1 face(s) detected, best confidence: 1.00
[2025-10-18 17:11:53] INFO: Frame received: 640x480
[2025-10-18 17:11:53] INFO: Debug: 1 face(s) detected, best confidence: 1.00
[2025-10-18 17:11:53] INFO: Frame received: 640x480
[2025-10-18 17:11:53] INFO: Debug: 1 face(s) detected, best confidence: 1.00
[2025-10-18 17:11:53] INFO: Frame received: 640x480
[2025-10-18 17:11:53] INFO: Debug: 1 face(s) detected, best confidence: 1.00
[2025-10-18 17:11:53] INFO: Frame received: 640x480
[2025-10-18 17:11:53] INFO: Debug: 1 face(s) detected, best confidence: 1.00
[2025-10-18 17:11:53] INFO: Frame received: 640x480
[2025-10-18 17:11:53] INFO: Debug: 1 face(s) detected, best confidence: 1.00
[2025-10-18 17:11:53] INFO: Frame received: 640x480
[2025-10-18 17:11:53] INFO: Debug: 1 face(s) detected, best confidence: 1.00
[2025-10-18 17:11:54] INFO: Frame received: 640x480
[2025-10-18 17:11:54] INFO: Debug: 1 face(s) detected, best confidence: 1.00
[2025-10-18 17:11:54] INFO: Frame received: 640x480
[2025-10-18 17:11:54] INFO: Debug: 1 face(s) detected, best confidence: 1.00
[2025-10-18 17:11:54] INFO: Frame received: 640x480
[2025-10-18 17:11:54] INFO: Debug: 1 face(s) detected, best confidence: 1.00
[2025-10-18 17:11:54] INFO: Frame received: 640x480
[2025-10-18 17:11:54] INFO: Debug: 1 face(s) detected, best confidence: 1.00
[2025-10-18 17:11:54] INFO: Debug: Image saved with confidence 1.00
[2025-10-18 17:11:54] INFO: Frame received: 640x480
[2025-10-18 17:11:54] INFO: Debug: 1 face(s) detected, best confidence: 1.00
[2025-10-18 17:11:54] INFO: Frame received: 640x480
[2025-10-18 17:11:54] INFO: Debug: 1 face(s) detected, best confidence: 1.00
[2025-10-18 17:11:54] INFO: Frame received: 640x480
[2025-10-18 17:11:54] INFO: Debug: 1 face(s) detected, best confidence: 1.00
[2025-10-18 17:11:54] INFO: Frame received: 640x480
[2025-10-18 17:11:54] INFO: Debug: 1 face(s) detected, best confidence: 1.00
[2025-10-18 17:11:54] INFO: Frame received: 640x480
[2025-10-18 17:11:54] INFO: Debug: 1 face(s) detected, best confidence: 1.00
[2025-10-18 17:11:55] INFO: Frame received: 640x480
[2025-10-18 17:11:55] INFO: Debug: 1 face(s) detected, best confidence: 1.00
[2025-10-18 17:11:55] INFO: Frame received: 640x480
[2025-10-18 17:11:55] INFO: Debug: 1 face(s) detected, best confidence: 1.00
[2025-10-18 17:11:55] INFO: Frame received: 640x480
[2025-10-18 17:11:55] INFO: Debug: 1 face(s) detected, best confidence: 1.00
[2025-10-18 17:11:55] INFO: Frame received: 640x480
[2025-10-18 17:11:55] INFO: Debug: 1 face(s) detected, best confidence: 1.00
[2025-10-18 17:11:55] INFO: Frame received: 640x480
[2025-10-18 17:11:55] INFO: Debug: 1 face(s) detected, best confidence: 1.00
[2025-10-18 17:11:55] INFO: Debug: Image saved with confidence 1.00
[2025-10-18 17:11:55] INFO: Frame received: 640x480
[2025-10-18 17:11:55] INFO: Debug: 1 face(s) detected, best confidence: 1.00
[2025-10-18 17:11:55] INFO: Frame received: 640x480
[2025-10-18 17:11:55] INFO: Debug: 1 face(s) detected, best confidence: 1.00
[2025-10-18 17:11:55] INFO: Frame received: 640x480
[2025-10-18 17:11:55] INFO: Debug: 1 face(s) detected, best confidence: 1.00
[2025-10-18 17:11:55] INFO: Frame received: 640x480
[2025-10-18 17:11:55] INFO: Debug: 1 face(s) detected, best confidence: 1.00
[2025-10-18 17:11:56] INFO: Frame received: 640x480
[2025-10-18 17:11:56] INFO: Debug: 1 face(s) detected, best confidence: 1.00
[2025-10-18 17:11:56] INFO: Frame received: 640x480
[2025-10-18 17:11:56] INFO: Debug: 1 face(s) detected, best confidence: 1.00
[2025-10-18 17:11:56] INFO: Frame received: 640x480
[2025-10-18 17:11:56] INFO: Debug: 1 face(s) detected, best confidence: 1.00
[2025-10-18 17:11:56] INFO: Frame received: 640x480
[2025-10-18 17:11:56] INFO: Debug: 1 face(s) detected, best confidence: 1.00
[2025-10-18 17:11:56] INFO: Frame received: 640x480
[2025-10-18 17:11:56] INFO: Debug: 1 face(s) detected, best confidence: 1.00
[2025-10-18 17:11:56] INFO: Frame received: 640x480
[2025-10-18 17:11:56] INFO: Debug: 1 face(s) detected, best confidence: 0.73
[2025-10-18 17:11:56] INFO: Debug: Warning - No face detected - please position your face in the camera view
[2025-10-18 17:11:56] INFO: Frame received: 640x480
[2025-10-18 17:11:56] INFO: Debug: 3 face(s) detected, best confidence: 0.93
[2025-10-18 17:11:56] INFO: Frame received: 640x480
[2025-10-18 17:11:56] INFO: Debug: 1 face(s) detected, best confidence: 1.00
[2025-10-18 17:11:56] INFO: Frame received: 640x480
[2025-10-18 17:11:56] INFO: Debug: 1 face(s) detected, best confidence: 1.00
[2025-10-18 17:11:56] INFO: Debug: Image saved with confidence 1.13
[2025-10-18 17:11:57] INFO: Frame received: 640x480
[2025-10-18 17:11:57] INFO: Debug: 1 face(s) detected, best confidence: 1.00
[2025-10-18 17:11:57] INFO: Frame received: 640x480
[2025-10-18 17:11:57] INFO: Debug: 1 face(s) detected, best confidence: 1.00
[2025-10-18 17:11:57] INFO: Frame received: 640x480
[2025-10-18 17:11:57] INFO: Debug: 1 face(s) detected, best confidence: 1.00
[2025-10-18 17:11:57] INFO: Frame received: 640x480
[2025-10-18 17:11:57] INFO: Debug: 1 face(s) detected, best confidence: 1.00
[2025-10-18 17:11:57] INFO: Frame received: 640x480
[2025-10-18 17:11:57] INFO: Debug: 1 face(s) detected, best confidence: 1.00
[2025-10-18 17:11:57] INFO: Frame received: 640x480
[2025-10-18 17:11:57] INFO: Debug: 1 face(s) detected, best confidence: 1.00
[2025-10-18 17:11:57] INFO: Frame received: 640x480
[2025-10-18 17:11:57] INFO: Debug: 1 face(s) detected, best confidence: 1.00
[2025-10-18 17:11:57] INFO: Frame received: 640x480
[2025-10-18 17:11:57] INFO: Debug: 1 face(s) detected, best confidence: 1.00
[2025-10-18 17:11:57] INFO: Frame received: 640x480
[2025-10-18 17:11:57] INFO: Debug: 1 face(s) detected, best confidence: 1.00
[2025-10-18 17:11:58] INFO: Frame received: 640x480
[2025-10-18 17:11:58] INFO: Debug: 1 face(s) detected, best confidence: 1.00
[2025-10-18 17:11:58] INFO: Frame received: 640x480
[2025-10-18 17:11:58] INFO: Debug: 1 face(s) detected, best confidence: 1.00
[2025-10-18 17:11:58] INFO: Debug: Image saved with confidence 1.00
[2025-10-18 17:11:58] INFO: Frame received: 640x480
[2025-10-18 17:11:58] INFO: Debug: 1 face(s) detected, best confidence: 1.00
[2025-10-18 17:11:58] INFO: Frame received: 640x480
[2025-10-18 17:11:58] INFO: Debug: 1 face(s) detected, best confidence: 1.00
[2025-10-18 17:11:58] INFO: Frame received: 640x480
[2025-10-18 17:11:58] INFO: Debug: 1 face(s) detected, best confidence: 1.00
[2025-10-18 17:11:58] INFO: Frame received: 640x480
[2025-10-18 17:11:58] INFO: Debug: 1 face(s) detected, best confidence: 1.00
[2025-10-18 17:11:58] INFO: Frame received: 640x480
[2025-10-18 17:11:58] INFO: Debug: 1 face(s) detected, best confidence: 1.00
[2025-10-18 17:11:58] INFO: Frame received: 640x480
[2025-10-18 17:11:58] INFO: Debug: 1 face(s) detected, best confidence: 1.00
[2025-10-18 17:11:58] INFO: Frame received: 640x480
[2025-10-18 17:11:58] INFO: Debug: 1 face(s) detected, best confidence: 1.00
[2025-10-18 17:11:59] INFO: Frame received: 640x480
[2025-10-18 17:11:59] INFO: Debug: 1 face(s) detected, best confidence: 1.00
[2025-10-18 17:11:59] INFO: Frame received: 640x480
[2025-10-18 17:11:59] INFO: Debug: 1 face(s) detected, best confidence: 1.00
[2025-10-18 17:11:59] INFO: Frame received: 640x480
[2025-10-18 17:11:59] INFO: Debug: 1 face(s) detected, best confidence: 1.00
[2025-10-18 17:11:59] INFO: Frame received: 640x480
[2025-10-18 17:11:59] INFO: Debug: 1 face(s) detected, best confidence: 1.00
[2025-10-18 17:11:59] INFO: Debug: Image saved with confidence 1.00
[2025-10-18 17:11:59] INFO: Frame received: 640x480
[2025-10-18 17:11:59] INFO: Debug: 1 face(s) detected, best confidence: 1.00
[2025-10-18 17:11:59] INFO: Frame received: 640x480
[2025-10-18 17:11:59] INFO: Debug: 1 face(s) detected, best confidence: 1.00
[2025-10-18 17:11:59] INFO: Frame received: 640x480
[2025-10-18 17:11:59] INFO: Debug: 1 face(s) detected, best confidence: 1.00
[2025-10-18 17:11:59] INFO: Frame received: 640x480
[2025-10-18 17:11:59] INFO: Debug: 1 face(s) detected, best confidence: 1.00
[2025-10-18 17:11:59] INFO: Frame received: 640x480
[2025-10-18 17:11:59] INFO: Debug: 1 face(s) detected, best confidence: 1.00
[2025-10-18 17:12:00] INFO: Frame received: 640x480
[2025-10-18 17:12:00] INFO: Debug: 1 face(s) detected, best confidence: 1.00
[2025-10-18 17:12:00] INFO: Frame received: 640x480
[2025-10-18 17:12:00] INFO: Debug: 1 face(s) detected, best confidence: 1.00
[2025-10-18 17:12:00] INFO: Frame received: 640x480
[2025-10-18 17:12:00] INFO: Debug: 1 face(s) detected, best confidence: 1.00
[2025-10-18 17:12:00] INFO: Frame received: 640x480
[2025-10-18 17:12:00] INFO: Debug: 1 face(s) detected, best confidence: 1.00
[2025-10-18 17:12:00] INFO: Frame received: 640x480
[2025-10-18 17:12:00] INFO: Debug: 1 face(s) detected, best confidence: 1.00
[2025-10-18 17:12:00] INFO: Debug: Image saved with confidence 1.00
[2025-10-18 17:12:00] INFO: Frame received: 640x480
[2025-10-18 17:12:00] INFO: Debug: 1 face(s) detected, best confidence: 1.00
[2025-10-18 17:12:00] INFO: Frame received: 640x480
[2025-10-18 17:12:00] INFO: Debug: 1 face(s) detected, best confidence: 1.00
[2025-10-18 17:12:00] INFO: Frame received: 640x480
[2025-10-18 17:12:00] INFO: Debug: 1 face(s) detected, best confidence: 1.00
[2025-10-18 17:12:00] INFO: Frame received: 640x480
[2025-10-18 17:12:00] INFO: Debug: 1 face(s) detected, best confidence: 1.00
[2025-10-18 17:12:01] INFO: Frame received: 640x480
[2025-10-18 17:12:01] INFO: Debug: 1 face(s) detected, best confidence: 1.00
[2025-10-18 17:12:01] INFO: Frame received: 640x480
[2025-10-18 17:12:01] INFO: Debug: 1 face(s) detected, best confidence: 1.00
[2025-10-18 17:12:01] INFO: Frame received: 640x480
[2025-10-18 17:12:01] INFO: Debug: 1 face(s) detected, best confidence: 1.00
[2025-10-18 17:12:01] INFO: Frame received: 640x480
[2025-10-18 17:12:01] INFO: Debug: 1 face(s) detected, best confidence: 1.00
[2025-10-18 17:12:01] INFO: Frame received: 640x480
[2025-10-18 17:12:01] INFO: Debug: 1 face(s) detected, best confidence: 1.00
[2025-10-18 17:12:01] INFO: Frame received: 640x480
[2025-10-18 17:12:01] INFO: Debug: 5 face(s) detected, best confidence: 0.77
[2025-10-18 17:12:01] INFO: Debug: Warning - No face detected - please position your face in the camera view
[2025-10-18 17:12:01] INFO: Frame received: 640x480
[2025-10-18 17:12:01] INFO: Debug: 3 face(s) detected, best confidence: 1.00
[2025-10-18 17:12:01] INFO: Frame received: 640x480
[2025-10-18 17:12:01] INFO: Debug: 1 face(s) detected, best confidence: 1.00
[2025-10-18 17:12:01] INFO: Debug: Image saved with confidence 1.00
[2025-10-18 17:12:01] INFO: Frame received: 640x480
[2025-10-18 17:12:01] INFO: Debug: 1 face(s) detected, best confidence: 1.00
[2025-10-18 17:12:01] INFO: Frame received: 640x480
[2025-10-18 17:12:02] INFO: Debug: 1 face(s) detected, best confidence: 1.00
[2025-10-18 17:12:02] INFO: Frame received: 640x480
[2025-10-18 17:12:02] INFO: Debug: 1 face(s) detected, best confidence: 1.00
[2025-10-18 17:12:02] INFO: Frame received: 640x480
[2025-10-18 17:12:02] INFO: Debug: 1 face(s) detected, best confidence: 1.00
[2025-10-18 17:12:02] INFO: Frame received: 640x480
[2025-10-18 17:12:02] INFO: Debug: 1 face(s) detected, best confidence: 1.00
[2025-10-18 17:12:02] INFO: Frame received: 640x480
[2025-10-18 17:12:02] INFO: Debug: 1 face(s) detected, best confidence: 1.00
[2025-10-18 17:12:02] INFO: Frame received: 640x480
[2025-10-18 17:12:02] INFO: Debug: 1 face(s) detected, best confidence: 1.00
[2025-10-18 17:12:02] INFO: Frame received: 640x480
[2025-10-18 17:12:02] INFO: Debug: 1 face(s) detected, best confidence: 1.00
[2025-10-18 17:12:02] INFO: Frame received: 640x480
[2025-10-18 17:12:02] INFO: Debug: 1 face(s) detected, best confidence: 1.00
[2025-10-18 17:12:02] INFO: Frame received: 640x480
[2025-10-18 17:12:02] INFO: Debug: 1 face(s) detected, best confidence: 1.00
[2025-10-18 17:12:03] INFO: Frame received: 640x480
[2025-10-18 17:12:03] INFO: Debug: 1 face(s) detected, best confidence: 1.00
[2025-10-18 17:12:03] INFO: Debug: Image saved with confidence 1.00
[2025-10-18 17:12:03] INFO: Frame received: 640x480
[2025-10-18 17:12:03] INFO: Debug: 1 face(s) detected, best confidence: 1.00
[2025-10-18 17:12:03] INFO: Frame received: 640x480
[2025-10-18 17:12:03] INFO: Debug: 1 face(s) detected, best confidence: 1.00
[2025-10-18 17:12:03] INFO: Frame received: 640x480
[2025-10-18 17:12:03] INFO: Debug: 1 face(s) detected, best confidence: 1.00
[2025-10-18 17:12:03] INFO: Frame received: 640x480
[2025-10-18 17:12:03] INFO: Debug: 1 face(s) detected, best confidence: 1.00
[2025-10-18 17:12:03] INFO: Frame received: 640x480
[2025-10-18 17:12:03] INFO: Debug: 1 face(s) detected, best confidence: 1.00
[2025-10-18 17:12:03] INFO: Frame received: 640x480
[2025-10-18 17:12:03] INFO: Debug: 1 face(s) detected, best confidence: 1.00
[2025-10-18 17:12:03] INFO: Frame received: 640x480
[2025-10-18 17:12:03] INFO: Debug: 1 face(s) detected, best confidence: 1.00
[2025-10-18 17:12:03] INFO: Frame received: 640x480
[2025-10-18 17:12:03] INFO: Debug: 1 face(s) detected, best confidence: 1.00
[2025-10-18 17:12:03] INFO: Frame received: 640x480
[2025-10-18 17:12:03] INFO: Debug: 1 face(s) detected, best confidence: 1.00
[2025-10-18 17:12:04] INFO: Frame received: 640x480
[2025-10-18 17:12:04] INFO: Debug: 1 face(s) detected, best confidence: 1.00
[2025-10-18 17:12:04] INFO: Frame received: 640x480
[2025-10-18 17:12:04] INFO: Debug: 1 face(s) detected, best confidence: 1.00
[2025-10-18 17:12:04] INFO: Debug: Image saved with confidence 1.00
[2025-10-18 17:12:04] INFO: Frame received: 640x480
[2025-10-18 17:12:04] INFO: Debug: 1 face(s) detected, best confidence: 1.00
[2025-10-18 17:12:04] INFO: Frame received: 640x480
[2025-10-18 17:12:04] INFO: Debug: 1 face(s) detected, best confidence: 1.00
[2025-10-18 17:12:04] INFO: Frame received: 640x480
[2025-10-18 17:12:04] INFO: Debug: 1 face(s) detected, best confidence: 1.00
[2025-10-18 17:12:04] INFO: Frame received: 640x480
[2025-10-18 17:12:04] INFO: Debug: 1 face(s) detected, best confidence: 1.00
[2025-10-18 17:12:04] INFO: Frame received: 640x480
[2025-10-18 17:12:04] INFO: Debug: 1 face(s) detected, best confidence: 1.00
[2025-10-18 17:12:04] INFO: Frame received: 640x480
[2025-10-18 17:12:04] INFO: Debug: 1 face(s) detected, best confidence: 1.00
[2025-10-18 17:12:04] INFO: Frame received: 640x480
[2025-10-18 17:12:04] INFO: Debug: 1 face(s) detected, best confidence: 1.00
[2025-10-18 17:12:05] INFO: Frame received: 640x480
[2025-10-18 17:12:05] INFO: Debug: 1 face(s) detected, best confidence: 1.00
[2025-10-18 17:12:05] INFO: Frame received: 640x480
[2025-10-18 17:12:05] INFO: Debug: 1 face(s) detected, best confidence: 1.00
[2025-10-18 17:12:05] INFO: Frame received: 640x480
[2025-10-18 17:12:05] INFO: Debug: 1 face(s) detected, best confidence: 1.00
[2025-10-18 17:12:05] INFO: Frame received: 640x480
[2025-10-18 17:12:05] INFO: Debug: 1 face(s) detected, best confidence: 1.00
[2025-10-18 17:12:05] INFO: Debug: Image saved with confidence 1.00
[2025-10-18 17:12:05] INFO: Frame received: 640x480
[2025-10-18 17:12:05] INFO: Debug: 1 face(s) detected, best confidence: 1.00
[2025-10-18 17:12:05] INFO: Frame received: 640x480
[2025-10-18 17:12:05] INFO: Debug: 1 face(s) detected, best confidence: 1.00
[2025-10-18 17:12:05] INFO: Frame received: 640x480
[2025-10-18 17:12:05] INFO: Debug: 1 face(s) detected, best confidence: 1.00
[2025-10-18 17:12:05] INFO: Frame received: 640x480
[2025-10-18 17:12:05] INFO: Debug: 1 face(s) detected, best confidence: 1.00
[2025-10-18 17:12:05] INFO: Frame received: 640x480
[2025-10-18 17:12:06] INFO: Debug: 1 face(s) detected, best confidence: 1.00
[2025-10-18 17:12:06] INFO: Frame received: 640x480
[2025-10-18 17:12:06] INFO: Debug: 1 face(s) detected, best confidence: 1.00
[2025-10-18 17:12:06] INFO: Frame received: 640x480
[2025-10-18 17:12:06] INFO: Debug: 1 face(s) detected, best confidence: 1.00
[2025-10-18 17:12:06] INFO: Frame received: 640x480
[2025-10-18 17:12:06] INFO: Debug: 1 face(s) detected, best confidence: 1.00
[2025-10-18 17:12:06] INFO: Frame received: 640x480
[2025-10-18 17:12:06] INFO: Debug: 1 face(s) detected, best confidence: 1.00
[2025-10-18 17:12:06] INFO: Frame received: 640x480
[2025-10-18 17:12:06] INFO: Debug: 1 face(s) detected, best confidence: 1.00
[2025-10-18 17:12:06] INFO: Debug: Image saved with confidence 1.00
[2025-10-18 17:12:06] INFO: Frame received: 640x480
[2025-10-18 17:12:06] INFO: Debug: 1 face(s) detected, best confidence: 1.00
[2025-10-18 17:12:06] INFO: Frame received: 640x480
[2025-10-18 17:12:06] INFO: Debug: 1 face(s) detected, best confidence: 1.00
[2025-10-18 17:12:06] INFO: Frame received: 640x480
[2025-10-18 17:12:06] INFO: Debug: 1 face(s) detected, best confidence: 1.00
[2025-10-18 17:12:06] INFO: Frame received: 640x480
[2025-10-18 17:12:07] INFO: Debug: 1 face(s) detected, best confidence: 1.00
[2025-10-18 17:12:07] INFO: Frame received: 640x480
[2025-10-18 17:12:07] INFO: Debug: 1 face(s) detected, best confidence: 1.00
[2025-10-18 17:12:07] INFO: Frame received: 640x480
[2025-10-18 17:12:07] INFO: Debug: 1 face(s) detected, best confidence: 1.00
[2025-10-18 17:12:07] INFO: Frame received: 640x480
[2025-10-18 17:12:07] INFO: Debug: 1 face(s) detected, best confidence: 1.00
[2025-10-18 17:12:07] INFO: Frame received: 640x480
[2025-10-18 17:12:07] INFO: Debug: 1 face(s) detected, best confidence: 1.00
[2025-10-18 17:12:07] INFO: Frame received: 640x480
[2025-10-18 17:12:07] INFO: Debug: 1 face(s) detected, best confidence: 1.00
[2025-10-18 17:12:07] INFO: Frame received: 640x480
[2025-10-18 17:12:07] INFO: Debug: 1 face(s) detected, best confidence: 1.00
[2025-10-18 17:12:07] INFO: Frame received: 640x480
[2025-10-18 17:12:07] INFO: Debug: 1 face(s) detected, best confidence: 1.00
[2025-10-18 17:12:07] INFO: Debug: Image saved with confidence 1.00
[2025-10-18 17:12:07] INFO: Frame received: 640x480
[2025-10-18 17:12:07] INFO: Debug: 1 face(s) detected, best confidence: 1.00
[2025-10-18 17:12:07] INFO: Frame received: 640x480
[2025-10-18 17:12:07] INFO: Debug: 1 face(s) detected, best confidence: 1.00
[2025-10-18 17:12:08] INFO: Frame received: 640x480
[2025-10-18 17:12:08] INFO: Debug: 1 face(s) detected, best confidence: 1.00
[2025-10-18 17:12:08] INFO: Frame received: 640x480
[2025-10-18 17:12:08] INFO: Debug: 1 face(s) detected, best confidence: 1.00
[2025-10-18 17:12:08] INFO: Frame received: 640x480
[2025-10-18 17:12:08] INFO: Debug: 1 face(s) detected, best confidence: 1.00
[2025-10-18 17:12:08] INFO: Frame received: 640x480
[2025-10-18 17:12:08] INFO: Debug: 1 face(s) detected, best confidence: 1.00
[2025-10-18 17:12:08] INFO: Frame received: 640x480
[2025-10-18 17:12:08] INFO: Debug: 1 face(s) detected, best confidence: 1.00
[2025-10-18 17:12:08] INFO: Frame received: 640x480
[2025-10-18 17:12:08] INFO: Debug: 1 face(s) detected, best confidence: 1.00
[2025-10-18 17:12:08] INFO: Frame received: 640x480
[2025-10-18 17:12:08] INFO: Debug: 1 face(s) detected, best confidence: 1.00
[2025-10-18 17:12:08] INFO: Frame received: 640x480
[2025-10-18 17:12:08] INFO: Debug: 1 face(s) detected, best confidence: 1.00
[2025-10-18 17:12:08] INFO: Frame received: 640x480
[2025-10-18 17:12:08] INFO: Debug: 1 face(s) detected, best confidence: 1.00
[2025-10-18 17:12:08] INFO: Debug: Image saved with confidence 1.00
[2025-10-18 17:12:09] INFO: Frame received: 640x480
[2025-10-18 17:12:09] INFO: Debug: 1 face(s) detected, best confidence: 1.00
[2025-10-18 17:12:09] INFO: Frame received: 640x480
[2025-10-18 17:12:09] INFO: Debug: 1 face(s) detected, best confidence: 1.00
[2025-10-18 17:12:09] INFO: Frame received: 640x480
[2025-10-18 17:12:09] INFO: Debug: 1 face(s) detected, best confidence: 1.00
[2025-10-18 17:12:09] INFO: Frame received: 640x480
[2025-10-18 17:12:09] INFO: Debug: 1 face(s) detected, best confidence: 1.00
[2025-10-18 17:12:09] INFO: Frame received: 640x480
[2025-10-18 17:12:09] INFO: Debug: 1 face(s) detected, best confidence: 1.00
[2025-10-18 17:12:09] INFO: Frame received: 640x480
[2025-10-18 17:12:09] INFO: Debug: 1 face(s) detected, best confidence: 1.00
[2025-10-18 17:12:09] INFO: Frame received: 640x480
[2025-10-18 17:12:09] INFO: Debug: 1 face(s) detected, best confidence: 1.00
[2025-10-18 17:12:09] INFO: Frame received: 640x480
[2025-10-18 17:12:09] INFO: Debug: 1 face(s) detected, best confidence: 1.00
[2025-10-18 17:12:09] INFO: Frame received: 640x480
[2025-10-18 17:12:09] INFO: Debug: 1 face(s) detected, best confidence: 1.00
[2025-10-18 17:12:10] INFO: Frame received: 640x480
[2025-10-18 17:12:10] INFO: Debug: 1 face(s) detected, best confidence: 1.00
[2025-10-18 17:12:10] INFO: Frame received: 640x480
[2025-10-18 17:12:10] INFO: Debug: 1 face(s) detected, best confidence: 1.00
[2025-10-18 17:12:10] INFO: Debug: Image saved with confidence 1.00
[2025-10-18 17:12:10] INFO: Frame received: 640x480
[2025-10-18 17:12:10] INFO: Debug: 1 face(s) detected, best confidence: 1.00
[2025-10-18 17:12:10] INFO: Frame received: 640x480
[2025-10-18 17:12:10] INFO: Debug: 1 face(s) detected, best confidence: 1.00
[2025-10-18 17:12:10] INFO: Frame received: 640x480
[2025-10-18 17:12:10] INFO: Debug: 1 face(s) detected, best confidence: 1.00
[2025-10-18 17:12:10] INFO: Frame received: 640x480
[2025-10-18 17:12:10] INFO: Debug: 1 face(s) detected, best confidence: 1.00
[2025-10-18 17:12:10] INFO: Frame received: 640x480
[2025-10-18 17:12:10] INFO: Debug: 1 face(s) detected, best confidence: 1.00
[2025-10-18 17:12:10] INFO: Frame received: 640x480
[2025-10-18 17:12:10] INFO: Debug: 1 face(s) detected, best confidence: 1.00
[2025-10-18 17:12:10] INFO: Frame received: 640x480
[2025-10-18 17:12:10] INFO: Debug: 1 face(s) detected, best confidence: 1.00
[2025-10-18 17:12:11] INFO: Frame received: 640x480
[2025-10-18 17:12:11] INFO: Debug: 1 face(s) detected, best confidence: 1.00
[2025-10-18 17:12:11] INFO: Frame received: 640x480
[2025-10-18 17:12:11] INFO: Debug: 1 face(s) detected, best confidence: 1.00
[2025-10-18 17:12:11] INFO: Debug: Capture process finished
[2025-10-18 17:12:11] INFO: Debug: Warning - Analyzing captured images for quality...
[2025-10-18 17:12:11] INFO: Capture result: true - Successfully captured 13 high-quality face images
[2025-10-18 17:12:11] INFO: Debug: Warning - Removed 2 outlier image(s) with low similarity (49.9% avg). Tightness improved: 0.834 ￢ﾆﾒ 0.951
[2025-10-18 17:12:11] INFO: Frame received: 640x480
[2025-10-18 17:12:11] INFO: Debug: 1 face(s) detected, best confidence: 1.00
[2025-10-18 17:12:11] INFO: Frame received: 640x480
[2025-10-18 17:12:11] INFO: Debug: 1 face(s) detected, best confidence: 1.00
[2025-10-18 17:12:11] INFO: Frame received: 640x480
[2025-10-18 17:12:11] INFO: Debug: 1 face(s) detected, best confidence: 1.00
[2025-10-18 17:12:11] INFO: Frame received: 640x480
[2025-10-18 17:12:11] INFO: Debug: 1 face(s) detected, best confidence: 1.00
[2025-10-18 17:12:11] INFO: Frame received: 640x480
[2025-10-18 17:12:11] INFO: Debug: 1 face(s) detected, best confidence: 1.00
[2025-10-18 17:12:11] INFO: Frame received: 640x480
[2025-10-18 17:12:11] INFO: Debug: 1 face(s) detected, best confidence: 1.00
[2025-10-18 17:12:11] INFO: Frame received: 640x480
[2025-10-18 17:12:11] INFO: Debug: 1 face(s) detected, best confidence: 1.00
[2025-10-18 17:12:12] INFO: Frame received: 640x480
[2025-10-18 17:12:12] INFO: Debug: 1 face(s) detected, best confidence: 1.00
[2025-10-18 17:12:12] INFO: Frame received: 640x480
[2025-10-18 17:12:12] INFO: Debug: 1 face(s) detected, best confidence: 1.00
[2025-10-18 17:12:12] INFO: Frame received: 640x480
[2025-10-18 17:12:12] INFO: Debug: 1 face(s) detected, best confidence: 1.00
[2025-10-18 17:12:12] INFO: Frame received: 640x480
[2025-10-18 17:12:12] INFO: Debug: 1 face(s) detected, best confidence: 1.00
[2025-10-18 17:12:12] INFO: Frame received: 640x480
[2025-10-18 17:12:12] INFO: Debug: 1 face(s) detected, best confidence: 0.93
[2025-10-18 17:12:12] INFO: Frame received: 640x480
[2025-10-18 17:12:12] INFO: Debug: 1 face(s) detected, best confidence: 0.95
[2025-10-18 17:12:12] INFO: Frame received: 640x480
[2025-10-18 17:12:12] INFO: Debug: 1 face(s) detected, best confidence: 0.99
[2025-10-18 17:12:12] INFO: Frame received: 640x480
[2025-10-18 17:12:12] INFO: Debug: 1 face(s) detected, best confidence: 1.00
[2025-10-18 17:12:12] INFO: Frame received: 640x480
[2025-10-18 17:12:12] INFO: Debug: 1 face(s) detected, best confidence: 1.00
[2025-10-18 17:12:13] INFO: Frame received: 640x480
[2025-10-18 17:12:13] INFO: Debug: 1 face(s) detected, best confidence: 1.00
[2025-10-18 17:12:13] INFO: Frame received: 640x480
[2025-10-18 17:12:13] INFO: Debug: 1 face(s) detected, best confidence: 1.00
[2025-10-18 17:12:13] INFO: Frame received: 640x480
[2025-10-18 17:12:13] INFO: Debug: 1 face(s) detected, best confidence: 1.00
[2025-10-18 17:12:13] INFO: Frame received: 640x480
[2025-10-18 17:12:13] INFO: Debug: 1 face(s) detected, best confidence: 1.00
[2025-10-18 17:12:13] INFO: Frame received: 640x480
[2025-10-18 17:12:13] INFO: Debug: 1 face(s) detected, best confidence: 1.00
[2025-10-18 17:12:13] INFO: Frame received: 640x480
[2025-10-18 17:12:13] INFO: Debug: 1 face(s) detected, best confidence: 1.00
[2025-10-18 17:12:13] INFO: Frame received: 640x480
[2025-10-18 17:12:13] INFO: Debug: 1 face(s) detected, best confidence: 1.00
[2025-10-18 17:12:13] INFO: Frame received: 640x480
[2025-10-18 17:12:13] INFO: Debug: 1 face(s) detected, best confidence: 0.99
[2025-10-18 17:12:13] INFO: Frame received: 640x480
[2025-10-18 17:12:13] INFO: Debug: 1 face(s) detected, best confidence: 0.98
[2025-10-18 17:12:14] INFO: Frame received: 640x480
[2025-10-18 17:12:14] INFO: Debug: 1 face(s) detected, best confidence: 0.97
[2025-10-18 17:12:14] INFO: Debug: All images captured successfully
[2025-10-18 17:12:14] INFO: Frame received: 640x480
[2025-10-18 17:12:14] INFO: Debug: 1 face(s) detected, best confidence: 0.97
[2025-10-18 17:12:14] INFO: Frame received: 640x480
[2025-10-18 17:12:14] INFO: Debug: 1 face(s) detected, best confidence: 0.97
[2025-10-18 17:12:14] INFO: Frame received: 640x480
[2025-10-18 17:12:14] INFO: Debug: 1 face(s) detected, best confidence: 0.98
[2025-10-18 17:12:14] INFO: Frame received: 640x480
[2025-10-18 17:12:14] INFO: Debug: 1 face(s) detected, best confidence: 0.97
[2025-10-18 17:12:14] INFO: Frame received: 640x480
[2025-10-18 17:12:14] INFO: Debug: 1 face(s) detected, best confidence: 0.98
[2025-10-18 17:12:14] INFO: Frame received: 640x480
[2025-10-18 17:12:14] INFO: Debug: 1 face(s) detected, best confidence: 0.99
[2025-10-18 17:12:14] INFO: Frame received: 640x480
[2025-10-18 17:12:14] INFO: Debug: 1 face(s) detected, best confidence: 0.99
[2025-10-18 17:12:14] INFO: Frame received: 640x480
[2025-10-18 17:12:14] INFO: Debug: 1 face(s) detected, best confidence: 0.99
[2025-10-18 17:12:15] INFO: Disposing FaceCaptureDialog...
[2025-10-18 17:12:15] INFO: Preview timer stopped
[2025-10-18 17:12:15] INFO: Face detection resources released
