[2025-10-20 17:38:09] INFO: Application Logger Initialized.
[2025-10-20 17:38:09] INFO: Configuration and core components loaded.
[2025-10-20 17:38:09] INFO: Configuration loaded from classpath: app.properties
[2025-10-20 17:38:09] INFO: Configuration file loaded
[2025-10-20 17:38:09] INFO: MyGUIProgram Started!
[2025-10-20 17:38:12] INFO: Face embedding model loaded successfully
[2025-10-20 17:38:12] INFO: === Folder debug ===
[2025-10-20 17:38:12] INFO: Found folder: C:\SMU\CS102 Project\FaceRecognitionCS102\data\facedata\S13234_Jin_Rae
[2025-10-20 17:38:12] INFO:   Contains: 51 items
[2025-10-20 17:38:12] INFO:   Display label: S13234 - Jin_Rae
[2025-10-20 17:38:12] INFO: ====================
[2025-10-20 17:38:12] INFO: Person S13234 - Jin_Rae: tightness=0.892, stdDev=0.050, absThresh=0.611, margin=0.111
[2025-10-20 17:38:12] INFO: DNN face detector loaded successfully for recognition
[2025-10-20 17:38:12] INFO: Attempting to open camera with DSHOW backend...
[2025-10-20 17:38:12] INFO: Camera opened successfully with DSHOW backend
[2025-10-20 17:38:13] INFO: Camera configured: 640x480 @ 30fps with MJPEG codec
[2025-10-20 17:38:13] INFO: Camera initialized successfully
[2025-10-20 17:38:14] INFO: [Recognition] Scores: S13234 - Jin_Rae=0.783 
[2025-10-20 17:38:14] INFO: [Decision] Best=S13234 - Jin_Rae(0.783), 2nd=0.000, Discriminative=0.783, AvgNeg=0.000
[2025-10-20 17:38:14] INFO: [Thresholds] Abs=0.611, Margin=0.111(14.2%), RelMargin=100.0%, Tightness=0.892, StdDev=0.050
[2025-10-20 17:38:14] INFO: [Decision] ACCEPT: Primary thresholds met (abs + margin + relative)
[2025-10-20 17:38:15] INFO: [Recognition] Scores: S13234 - Jin_Rae=0.893 
[2025-10-20 17:38:15] INFO: [Decision] Best=S13234 - Jin_Rae(0.893), 2nd=0.000, Discriminative=0.893, AvgNeg=0.000
[2025-10-20 17:38:15] INFO: [Thresholds] Abs=0.611, Margin=0.111(12.4%), RelMargin=100.0%, Tightness=0.892, StdDev=0.050
[2025-10-20 17:38:15] INFO: [Decision] ACCEPT: Primary thresholds met (abs + margin + relative)
[2025-10-20 17:38:15] INFO: [Recognition] Scores: S13234 - Jin_Rae=0.840 
[2025-10-20 17:38:15] INFO: [Decision] Best=S13234 - Jin_Rae(0.840), 2nd=0.000, Discriminative=0.840, AvgNeg=0.000
[2025-10-20 17:38:15] INFO: [Thresholds] Abs=0.611, Margin=0.111(13.2%), RelMargin=100.0%, Tightness=0.892, StdDev=0.050
[2025-10-20 17:38:15] INFO: [Decision] ACCEPT: Primary thresholds met (abs + margin + relative)
[2025-10-20 17:38:15] INFO: [Recognition] Scores: S13234 - Jin_Rae=0.823 
[2025-10-20 17:38:15] INFO: [Decision] Best=S13234 - Jin_Rae(0.823), 2nd=0.000, Discriminative=0.823, AvgNeg=0.000
[2025-10-20 17:38:15] INFO: [Thresholds] Abs=0.611, Margin=0.111(13.5%), RelMargin=100.0%, Tightness=0.892, StdDev=0.050
[2025-10-20 17:38:15] INFO: [Decision] ACCEPT: Primary thresholds met (abs + margin + relative)
[2025-10-20 17:38:16] INFO: [Recognition] Scores: S13234 - Jin_Rae=0.806 
[2025-10-20 17:38:16] INFO: [Decision] Best=S13234 - Jin_Rae(0.806), 2nd=0.000, Discriminative=0.806, AvgNeg=0.000
[2025-10-20 17:38:16] INFO: [Thresholds] Abs=0.611, Margin=0.111(13.7%), RelMargin=100.0%, Tightness=0.892, StdDev=0.050
[2025-10-20 17:38:16] INFO: [Decision] ACCEPT: Primary thresholds met (abs + margin + relative)
[2025-10-20 17:38:16] INFO: [Recognition] Scores: S13234 - Jin_Rae=0.782 
[2025-10-20 17:38:16] INFO: [Decision] Best=S13234 - Jin_Rae(0.782), 2nd=0.000, Discriminative=0.782, AvgNeg=0.000
[2025-10-20 17:38:16] INFO: [Thresholds] Abs=0.611, Margin=0.111(14.2%), RelMargin=100.0%, Tightness=0.892, StdDev=0.050
[2025-10-20 17:38:16] INFO: [Decision] ACCEPT: Primary thresholds met (abs + margin + relative)
[2025-10-20 17:38:17] INFO: [Recognition] Scores: S13234 - Jin_Rae=0.807 
[2025-10-20 17:38:17] INFO: [Decision] Best=S13234 - Jin_Rae(0.807), 2nd=0.000, Discriminative=0.807, AvgNeg=0.000
[2025-10-20 17:38:17] INFO: [Thresholds] Abs=0.611, Margin=0.111(13.7%), RelMargin=100.0%, Tightness=0.892, StdDev=0.050
[2025-10-20 17:38:17] INFO: [Decision] ACCEPT: Primary thresholds met (abs + margin + relative)
[2025-10-20 17:38:17] INFO: [Recognition] Scores: S13234 - Jin_Rae=0.879 
[2025-10-20 17:38:17] INFO: [Decision] Best=S13234 - Jin_Rae(0.879), 2nd=0.000, Discriminative=0.879, AvgNeg=0.000
[2025-10-20 17:38:17] INFO: [Thresholds] Abs=0.611, Margin=0.111(12.6%), RelMargin=100.0%, Tightness=0.892, StdDev=0.050
[2025-10-20 17:38:17] INFO: [Decision] ACCEPT: Primary thresholds met (abs + margin + relative)
[2025-10-20 17:38:17] INFO: [Recognition] Scores: S13234 - Jin_Rae=0.828 
[2025-10-20 17:38:17] INFO: [Decision] Best=S13234 - Jin_Rae(0.828), 2nd=0.000, Discriminative=0.828, AvgNeg=0.000
[2025-10-20 17:38:17] INFO: [Thresholds] Abs=0.611, Margin=0.111(13.4%), RelMargin=100.0%, Tightness=0.892, StdDev=0.050
[2025-10-20 17:38:17] INFO: [Decision] ACCEPT: Primary thresholds met (abs + margin + relative)
[2025-10-20 17:38:18] INFO: [Recognition] Scores: S13234 - Jin_Rae=0.800 
[2025-10-20 17:38:18] INFO: [Decision] Best=S13234 - Jin_Rae(0.800), 2nd=0.000, Discriminative=0.800, AvgNeg=0.000
[2025-10-20 17:38:18] INFO: [Thresholds] Abs=0.611, Margin=0.111(13.8%), RelMargin=100.0%, Tightness=0.892, StdDev=0.050
[2025-10-20 17:38:18] INFO: [Decision] ACCEPT: Primary thresholds met (abs + margin + relative)
[2025-10-20 17:38:18] INFO: [Recognition] Scores: S13234 - Jin_Rae=0.793 
[2025-10-20 17:38:18] INFO: [Decision] Best=S13234 - Jin_Rae(0.793), 2nd=0.000, Discriminative=0.793, AvgNeg=0.000
[2025-10-20 17:38:18] INFO: [Thresholds] Abs=0.611, Margin=0.111(14.0%), RelMargin=100.0%, Tightness=0.892, StdDev=0.050
[2025-10-20 17:38:18] INFO: [Decision] ACCEPT: Primary thresholds met (abs + margin + relative)
[2025-10-20 17:38:18] INFO: [Recognition] Scores: S13234 - Jin_Rae=0.782 
[2025-10-20 17:38:18] INFO: [Decision] Best=S13234 - Jin_Rae(0.782), 2nd=0.000, Discriminative=0.782, AvgNeg=0.000
[2025-10-20 17:38:18] INFO: [Thresholds] Abs=0.611, Margin=0.111(14.2%), RelMargin=100.0%, Tightness=0.892, StdDev=0.050
[2025-10-20 17:38:18] INFO: [Decision] ACCEPT: Primary thresholds met (abs + margin + relative)
[2025-10-20 17:38:19] INFO: [Recognition] Scores: S13234 - Jin_Rae=0.770 
[2025-10-20 17:38:19] INFO: [Decision] Best=S13234 - Jin_Rae(0.770), 2nd=0.000, Discriminative=0.770, AvgNeg=0.000
[2025-10-20 17:38:19] INFO: [Thresholds] Abs=0.611, Margin=0.111(14.4%), RelMargin=100.0%, Tightness=0.892, StdDev=0.050
[2025-10-20 17:38:19] INFO: [Decision] ACCEPT: Primary thresholds met (abs + margin + relative)
[2025-10-20 17:38:19] INFO: [Recognition] Scores: S13234 - Jin_Rae=0.779 
[2025-10-20 17:38:19] INFO: [Decision] Best=S13234 - Jin_Rae(0.779), 2nd=0.000, Discriminative=0.779, AvgNeg=0.000
[2025-10-20 17:38:19] INFO: [Thresholds] Abs=0.611, Margin=0.111(14.2%), RelMargin=100.0%, Tightness=0.892, StdDev=0.050
[2025-10-20 17:38:19] INFO: [Decision] ACCEPT: Primary thresholds met (abs + margin + relative)
[2025-10-20 17:38:19] INFO: [Recognition] Scores: S13234 - Jin_Rae=0.837 
[2025-10-20 17:38:19] INFO: [Decision] Best=S13234 - Jin_Rae(0.837), 2nd=0.000, Discriminative=0.837, AvgNeg=0.000
[2025-10-20 17:38:19] INFO: [Thresholds] Abs=0.611, Margin=0.111(13.2%), RelMargin=100.0%, Tightness=0.892, StdDev=0.050
[2025-10-20 17:38:19] INFO: [Decision] ACCEPT: Primary thresholds met (abs + margin + relative)
[2025-10-20 17:38:20] INFO: [Recognition] Scores: S13234 - Jin_Rae=0.821 
[2025-10-20 17:38:20] INFO: [Decision] Best=S13234 - Jin_Rae(0.821), 2nd=0.000, Discriminative=0.821, AvgNeg=0.000
[2025-10-20 17:38:20] INFO: [Thresholds] Abs=0.611, Margin=0.111(13.5%), RelMargin=100.0%, Tightness=0.892, StdDev=0.050
[2025-10-20 17:38:20] INFO: [Decision] ACCEPT: Primary thresholds met (abs + margin + relative)
[2025-10-20 17:38:20] INFO: [Recognition] Scores: S13234 - Jin_Rae=0.776 
[2025-10-20 17:38:20] INFO: [Decision] Best=S13234 - Jin_Rae(0.776), 2nd=0.000, Discriminative=0.776, AvgNeg=0.000
[2025-10-20 17:38:20] INFO: [Thresholds] Abs=0.611, Margin=0.111(14.3%), RelMargin=100.0%, Tightness=0.892, StdDev=0.050
[2025-10-20 17:38:20] INFO: [Decision] ACCEPT: Primary thresholds met (abs + margin + relative)
[2025-10-20 17:38:21] INFO: [Recognition] Scores: S13234 - Jin_Rae=0.695 
[2025-10-20 17:38:21] INFO: [Decision] Best=S13234 - Jin_Rae(0.695), 2nd=0.000, Discriminative=0.695, AvgNeg=0.000
[2025-10-20 17:38:21] INFO: [Thresholds] Abs=0.611, Margin=0.111(15.9%), RelMargin=100.0%, Tightness=0.892, StdDev=0.050
[2025-10-20 17:38:21] INFO: [Decision] ACCEPT: Primary thresholds met (abs + margin + relative)
[2025-10-20 17:38:21] INFO: [Recognition] Scores: S13234 - Jin_Rae=0.639 
[2025-10-20 17:38:21] INFO: [Decision] Best=S13234 - Jin_Rae(0.639), 2nd=0.000, Discriminative=0.639, AvgNeg=0.000
[2025-10-20 17:38:21] INFO: [Thresholds] Abs=0.611, Margin=0.111(17.3%), RelMargin=100.0%, Tightness=0.892, StdDev=0.050
[2025-10-20 17:38:21] INFO: [Decision] ACCEPT: Primary thresholds met (abs + margin + relative)
[2025-10-20 17:38:21] INFO: [Recognition] Scores: S13234 - Jin_Rae=0.583 
[2025-10-20 17:38:21] INFO: [Decision] Best=S13234 - Jin_Rae(0.583), 2nd=0.000, Discriminative=0.583, AvgNeg=0.000
[2025-10-20 17:38:21] INFO: [Thresholds] Abs=0.611, Margin=0.111(19.0%), RelMargin=100.0%, Tightness=0.892, StdDev=0.050
[2025-10-20 17:38:21] INFO: [Decision] REJECT: Abs=
[2025-10-20 17:38:21] INFO: false
[2025-10-20 17:38:21] INFO: , AbsMargin=
[2025-10-20 17:38:21] INFO: true
[2025-10-20 17:38:21] INFO: , RelMargin=
[2025-10-20 17:38:21] INFO: true
[2025-10-20 17:38:21] INFO: (
[2025-10-20 17:38:21] INFO: 100.0
[2025-10-20 17:38:21] INFO: %
[2025-10-20 17:38:21] INFO: ), StrongMargin=
[2025-10-20 17:38:21] INFO: true
[2025-10-20 17:38:21] INFO: (
[2025-10-20 17:38:21] INFO: 12.0
[2025-10-20 17:38:21] INFO: %
[2025-10-20 17:38:21] INFO: ), Discrim=
[2025-10-20 17:38:21] INFO: false
[2025-10-20 17:38:21] INFO: , Consist=
[2025-10-20 17:38:21] INFO: true
[2025-10-20 17:38:21] INFO: (
[2025-10-20 17:38:21] INFO: 7
[2025-10-20 17:38:21] INFO: /
[2025-10-20 17:38:21] INFO: 7
[2025-10-20 17:38:21] INFO: )
[2025-10-20 17:38:22] INFO: [Recognition] Scores: S13234 - Jin_Rae=0.565 
[2025-10-20 17:38:22] INFO: [Decision] Best=S13234 - Jin_Rae(0.565), 2nd=0.000, Discriminative=0.565, AvgNeg=0.000
[2025-10-20 17:38:22] INFO: [Thresholds] Abs=0.611, Margin=0.111(19.6%), RelMargin=100.0%, Tightness=0.892, StdDev=0.050
[2025-10-20 17:38:22] INFO: [Decision] REJECT: Abs=
[2025-10-20 17:38:22] INFO: false
[2025-10-20 17:38:22] INFO: , AbsMargin=
[2025-10-20 17:38:22] INFO: true
[2025-10-20 17:38:22] INFO: , RelMargin=
[2025-10-20 17:38:22] INFO: true
[2025-10-20 17:38:22] INFO: (
[2025-10-20 17:38:22] INFO: 100.0
[2025-10-20 17:38:22] INFO: %
[2025-10-20 17:38:22] INFO: ), StrongMargin=
[2025-10-20 17:38:22] INFO: true
[2025-10-20 17:38:22] INFO: (
[2025-10-20 17:38:22] INFO: 12.0
[2025-10-20 17:38:22] INFO: %
[2025-10-20 17:38:22] INFO: ), Discrim=
[2025-10-20 17:38:22] INFO: false
[2025-10-20 17:38:22] INFO: , Consist=
[2025-10-20 17:38:22] INFO: true
[2025-10-20 17:38:22] INFO: (
[2025-10-20 17:38:22] INFO: 6
[2025-10-20 17:38:22] INFO: /
[2025-10-20 17:38:22] INFO: 7
[2025-10-20 17:38:22] INFO: )
[2025-10-20 17:38:22] INFO: [Recognition] Scores: S13234 - Jin_Rae=0.565 
[2025-10-20 17:38:22] INFO: [Decision] Best=S13234 - Jin_Rae(0.565), 2nd=0.000, Discriminative=0.565, AvgNeg=0.000
[2025-10-20 17:38:22] INFO: [Thresholds] Abs=0.611, Margin=0.111(19.6%), RelMargin=100.0%, Tightness=0.892, StdDev=0.050
[2025-10-20 17:38:22] INFO: [Decision] REJECT: Abs=
[2025-10-20 17:38:22] INFO: false
[2025-10-20 17:38:22] INFO: , AbsMargin=
[2025-10-20 17:38:22] INFO: true
[2025-10-20 17:38:22] INFO: , RelMargin=
[2025-10-20 17:38:22] INFO: true
[2025-10-20 17:38:22] INFO: (
[2025-10-20 17:38:22] INFO: 100.0
[2025-10-20 17:38:22] INFO: %
[2025-10-20 17:38:22] INFO: ), StrongMargin=
[2025-10-20 17:38:22] INFO: true
[2025-10-20 17:38:22] INFO: (
[2025-10-20 17:38:22] INFO: 12.0
[2025-10-20 17:38:22] INFO: %
[2025-10-20 17:38:22] INFO: ), Discrim=
[2025-10-20 17:38:22] INFO: false
[2025-10-20 17:38:22] INFO: , Consist=
[2025-10-20 17:38:22] INFO: true
[2025-10-20 17:38:22] INFO: (
[2025-10-20 17:38:22] INFO: 5
[2025-10-20 17:38:22] INFO: /
[2025-10-20 17:38:22] INFO: 7
[2025-10-20 17:38:22] INFO: )
[2025-10-20 17:38:22] INFO: [Recognition] Scores: S13234 - Jin_Rae=0.571 
[2025-10-20 17:38:22] INFO: [Decision] Best=S13234 - Jin_Rae(0.571), 2nd=0.000, Discriminative=0.571, AvgNeg=0.000
[2025-10-20 17:38:22] INFO: [Thresholds] Abs=0.611, Margin=0.111(19.4%), RelMargin=100.0%, Tightness=0.892, StdDev=0.050
[2025-10-20 17:38:22] INFO: [Decision] REJECT: Abs=
[2025-10-20 17:38:22] INFO: false
[2025-10-20 17:38:22] INFO: , AbsMargin=
[2025-10-20 17:38:22] INFO: true
[2025-10-20 17:38:22] INFO: , RelMargin=
[2025-10-20 17:38:22] INFO: true
[2025-10-20 17:38:22] INFO: (
[2025-10-20 17:38:22] INFO: 100.0
[2025-10-20 17:38:22] INFO: %
[2025-10-20 17:38:22] INFO: ), StrongMargin=
[2025-10-20 17:38:22] INFO: true
[2025-10-20 17:38:22] INFO: (
[2025-10-20 17:38:22] INFO: 12.0
[2025-10-20 17:38:22] INFO: %
[2025-10-20 17:38:22] INFO: ), Discrim=
[2025-10-20 17:38:22] INFO: false
[2025-10-20 17:38:22] INFO: , Consist=
[2025-10-20 17:38:22] INFO: false
[2025-10-20 17:38:22] INFO: (
[2025-10-20 17:38:22] INFO: 4
[2025-10-20 17:38:22] INFO: /
[2025-10-20 17:38:22] INFO: 7
[2025-10-20 17:38:22] INFO: )
[2025-10-20 17:38:23] INFO: [Recognition] Scores: S13234 - Jin_Rae=0.716 
[2025-10-20 17:38:23] INFO: [Decision] Best=S13234 - Jin_Rae(0.716), 2nd=0.000, Discriminative=0.716, AvgNeg=0.000
[2025-10-20 17:38:23] INFO: [Thresholds] Abs=0.611, Margin=0.111(15.5%), RelMargin=100.0%, Tightness=0.892, StdDev=0.050
[2025-10-20 17:38:23] INFO: [Decision] ACCEPT: Primary thresholds met (abs + margin + relative)
[2025-10-20 17:38:23] INFO: [Recognition] Scores: S13234 - Jin_Rae=0.746 
[2025-10-20 17:38:23] INFO: [Decision] Best=S13234 - Jin_Rae(0.746), 2nd=0.000, Discriminative=0.746, AvgNeg=0.000
[2025-10-20 17:38:23] INFO: [Thresholds] Abs=0.611, Margin=0.111(14.8%), RelMargin=100.0%, Tightness=0.892, StdDev=0.050
[2025-10-20 17:38:23] INFO: [Decision] ACCEPT: Primary thresholds met (abs + margin + relative)
[2025-10-20 17:38:24] INFO: [Recognition] Scores: S13234 - Jin_Rae=0.876 
[2025-10-20 17:38:24] INFO: [Decision] Best=S13234 - Jin_Rae(0.876), 2nd=0.000, Discriminative=0.876, AvgNeg=0.000
[2025-10-20 17:38:24] INFO: [Thresholds] Abs=0.611, Margin=0.111(12.7%), RelMargin=100.0%, Tightness=0.892, StdDev=0.050
[2025-10-20 17:38:24] INFO: [Decision] ACCEPT: Primary thresholds met (abs + margin + relative)
[2025-10-20 17:38:24] INFO: [Recognition] Scores: S13234 - Jin_Rae=0.816 
[2025-10-20 17:38:24] INFO: [Decision] Best=S13234 - Jin_Rae(0.816), 2nd=0.000, Discriminative=0.816, AvgNeg=0.000
[2025-10-20 17:38:24] INFO: [Thresholds] Abs=0.611, Margin=0.111(13.6%), RelMargin=100.0%, Tightness=0.892, StdDev=0.050
[2025-10-20 17:38:24] INFO: [Decision] ACCEPT: Primary thresholds met (abs + margin + relative)
[2025-10-20 17:38:24] INFO: [Recognition] Scores: S13234 - Jin_Rae=0.776 
[2025-10-20 17:38:24] INFO: [Decision] Best=S13234 - Jin_Rae(0.776), 2nd=0.000, Discriminative=0.776, AvgNeg=0.000
[2025-10-20 17:38:24] INFO: [Thresholds] Abs=0.611, Margin=0.111(14.3%), RelMargin=100.0%, Tightness=0.892, StdDev=0.050
[2025-10-20 17:38:24] INFO: [Decision] ACCEPT: Primary thresholds met (abs + margin + relative)
[2025-10-20 17:38:25] INFO: [Recognition] Scores: S13234 - Jin_Rae=0.815 
[2025-10-20 17:38:25] INFO: [Decision] Best=S13234 - Jin_Rae(0.815), 2nd=0.000, Discriminative=0.815, AvgNeg=0.000
[2025-10-20 17:38:25] INFO: [Thresholds] Abs=0.611, Margin=0.111(13.6%), RelMargin=100.0%, Tightness=0.892, StdDev=0.050
[2025-10-20 17:38:25] INFO: [Decision] ACCEPT: Primary thresholds met (abs + margin + relative)
[2025-10-20 17:38:25] INFO: [Recognition] Scores: S13234 - Jin_Rae=0.814 
[2025-10-20 17:38:25] INFO: [Decision] Best=S13234 - Jin_Rae(0.814), 2nd=0.000, Discriminative=0.814, AvgNeg=0.000
[2025-10-20 17:38:25] INFO: [Thresholds] Abs=0.611, Margin=0.111(13.6%), RelMargin=100.0%, Tightness=0.892, StdDev=0.050
[2025-10-20 17:38:25] INFO: [Decision] ACCEPT: Primary thresholds met (abs + margin + relative)
[2025-10-20 17:38:25] INFO: [Recognition] Scores: S13234 - Jin_Rae=0.805 
[2025-10-20 17:38:25] INFO: [Decision] Best=S13234 - Jin_Rae(0.805), 2nd=0.000, Discriminative=0.805, AvgNeg=0.000
[2025-10-20 17:38:25] INFO: [Thresholds] Abs=0.611, Margin=0.111(13.8%), RelMargin=100.0%, Tightness=0.892, StdDev=0.050
[2025-10-20 17:38:25] INFO: [Decision] ACCEPT: Primary thresholds met (abs + margin + relative)
[2025-10-20 17:38:26] INFO: [Recognition] Scores: S13234 - Jin_Rae=0.803 
[2025-10-20 17:38:26] INFO: [Decision] Best=S13234 - Jin_Rae(0.803), 2nd=0.000, Discriminative=0.803, AvgNeg=0.000
[2025-10-20 17:38:26] INFO: [Thresholds] Abs=0.611, Margin=0.111(13.8%), RelMargin=100.0%, Tightness=0.892, StdDev=0.050
[2025-10-20 17:38:26] INFO: [Decision] ACCEPT: Primary thresholds met (abs + margin + relative)
[2025-10-20 17:38:26] INFO: [Recognition] Scores: S13234 - Jin_Rae=0.804 
[2025-10-20 17:38:26] INFO: [Decision] Best=S13234 - Jin_Rae(0.804), 2nd=0.000, Discriminative=0.804, AvgNeg=0.000
[2025-10-20 17:38:26] INFO: [Thresholds] Abs=0.611, Margin=0.111(13.8%), RelMargin=100.0%, Tightness=0.892, StdDev=0.050
[2025-10-20 17:38:26] INFO: [Decision] ACCEPT: Primary thresholds met (abs + margin + relative)
[2025-10-20 17:38:27] INFO: [Recognition] Scores: S13234 - Jin_Rae=0.799 
[2025-10-20 17:38:27] INFO: [Decision] Best=S13234 - Jin_Rae(0.799), 2nd=0.000, Discriminative=0.799, AvgNeg=0.000
[2025-10-20 17:38:27] INFO: [Thresholds] Abs=0.611, Margin=0.111(13.9%), RelMargin=100.0%, Tightness=0.892, StdDev=0.050
[2025-10-20 17:38:27] INFO: [Decision] ACCEPT: Primary thresholds met (abs + margin + relative)
[2025-10-20 17:38:27] INFO: [Recognition] Scores: S13234 - Jin_Rae=0.797 
[2025-10-20 17:38:27] INFO: [Decision] Best=S13234 - Jin_Rae(0.797), 2nd=0.000, Discriminative=0.797, AvgNeg=0.000
[2025-10-20 17:38:27] INFO: [Thresholds] Abs=0.611, Margin=0.111(13.9%), RelMargin=100.0%, Tightness=0.892, StdDev=0.050
[2025-10-20 17:38:27] INFO: [Decision] ACCEPT: Primary thresholds met (abs + margin + relative)
[2025-10-20 17:38:27] INFO: [Recognition] Scores: S13234 - Jin_Rae=0.877 
[2025-10-20 17:38:27] INFO: [Decision] Best=S13234 - Jin_Rae(0.877), 2nd=0.000, Discriminative=0.877, AvgNeg=0.000
[2025-10-20 17:38:27] INFO: [Thresholds] Abs=0.611, Margin=0.111(12.6%), RelMargin=100.0%, Tightness=0.892, StdDev=0.050
[2025-10-20 17:38:27] INFO: [Decision] ACCEPT: Primary thresholds met (abs + margin + relative)
[2025-10-20 17:38:28] INFO: [Recognition] Scores: S13234 - Jin_Rae=0.899 
[2025-10-20 17:38:28] INFO: [Decision] Best=S13234 - Jin_Rae(0.899), 2nd=0.000, Discriminative=0.899, AvgNeg=0.000
[2025-10-20 17:38:28] INFO: [Thresholds] Abs=0.611, Margin=0.111(12.3%), RelMargin=100.0%, Tightness=0.892, StdDev=0.050
[2025-10-20 17:38:28] INFO: [Decision] ACCEPT: Primary thresholds met (abs + margin + relative)
[2025-10-20 17:38:28] INFO: [Recognition] Scores: S13234 - Jin_Rae=0.898 
[2025-10-20 17:38:28] INFO: [Decision] Best=S13234 - Jin_Rae(0.898), 2nd=0.000, Discriminative=0.898, AvgNeg=0.000
[2025-10-20 17:38:28] INFO: [Thresholds] Abs=0.611, Margin=0.111(12.3%), RelMargin=100.0%, Tightness=0.892, StdDev=0.050
[2025-10-20 17:38:28] INFO: [Decision] ACCEPT: Primary thresholds met (abs + margin + relative)
[2025-10-20 17:38:28] INFO: [Recognition] Scores: S13234 - Jin_Rae=0.863 
[2025-10-20 17:38:28] INFO: [Decision] Best=S13234 - Jin_Rae(0.863), 2nd=0.000, Discriminative=0.863, AvgNeg=0.000
[2025-10-20 17:38:28] INFO: [Thresholds] Abs=0.611, Margin=0.111(12.8%), RelMargin=100.0%, Tightness=0.892, StdDev=0.050
[2025-10-20 17:38:28] INFO: [Decision] ACCEPT: Primary thresholds met (abs + margin + relative)
[2025-10-20 17:38:29] INFO: [Recognition] Scores: S13234 - Jin_Rae=0.862 
[2025-10-20 17:38:29] INFO: [Decision] Best=S13234 - Jin_Rae(0.862), 2nd=0.000, Discriminative=0.862, AvgNeg=0.000
[2025-10-20 17:38:29] INFO: [Thresholds] Abs=0.611, Margin=0.111(12.9%), RelMargin=100.0%, Tightness=0.892, StdDev=0.050
[2025-10-20 17:38:29] INFO: [Decision] ACCEPT: Primary thresholds met (abs + margin + relative)
[2025-10-20 17:38:29] INFO: [Recognition] Scores: S13234 - Jin_Rae=0.869 
[2025-10-20 17:38:29] INFO: [Decision] Best=S13234 - Jin_Rae(0.869), 2nd=0.000, Discriminative=0.869, AvgNeg=0.000
[2025-10-20 17:38:29] INFO: [Thresholds] Abs=0.611, Margin=0.111(12.7%), RelMargin=100.0%, Tightness=0.892, StdDev=0.050
[2025-10-20 17:38:29] INFO: [Decision] ACCEPT: Primary thresholds met (abs + margin + relative)
[2025-10-20 17:38:30] INFO: [Recognition] Scores: S13234 - Jin_Rae=0.877 
[2025-10-20 17:38:30] INFO: [Decision] Best=S13234 - Jin_Rae(0.877), 2nd=0.000, Discriminative=0.877, AvgNeg=0.000
[2025-10-20 17:38:30] INFO: [Thresholds] Abs=0.611, Margin=0.111(12.6%), RelMargin=100.0%, Tightness=0.892, StdDev=0.050
[2025-10-20 17:38:30] INFO: [Decision] ACCEPT: Primary thresholds met (abs + margin + relative)
[2025-10-20 17:38:30] INFO: [Recognition] Scores: S13234 - Jin_Rae=0.900 
[2025-10-20 17:38:30] INFO: [Decision] Best=S13234 - Jin_Rae(0.900), 2nd=0.000, Discriminative=0.900, AvgNeg=0.000
[2025-10-20 17:38:30] INFO: [Thresholds] Abs=0.611, Margin=0.111(12.3%), RelMargin=100.0%, Tightness=0.892, StdDev=0.050
[2025-10-20 17:38:30] INFO: [Decision] ACCEPT: Primary thresholds met (abs + margin + relative)
[2025-10-20 17:38:30] INFO: [Recognition] Scores: S13234 - Jin_Rae=0.878 
[2025-10-20 17:38:30] INFO: [Decision] Best=S13234 - Jin_Rae(0.878), 2nd=0.000, Discriminative=0.878, AvgNeg=0.000
[2025-10-20 17:38:30] INFO: [Thresholds] Abs=0.611, Margin=0.111(12.6%), RelMargin=100.0%, Tightness=0.892, StdDev=0.050
[2025-10-20 17:38:30] INFO: [Decision] ACCEPT: Primary thresholds met (abs + margin + relative)
[2025-10-20 17:38:31] INFO: [Recognition] Scores: S13234 - Jin_Rae=0.871 
[2025-10-20 17:38:31] INFO: [Decision] Best=S13234 - Jin_Rae(0.871), 2nd=0.000, Discriminative=0.871, AvgNeg=0.000
[2025-10-20 17:38:31] INFO: [Thresholds] Abs=0.611, Margin=0.111(12.7%), RelMargin=100.0%, Tightness=0.892, StdDev=0.050
[2025-10-20 17:38:31] INFO: [Decision] ACCEPT: Primary thresholds met (abs + margin + relative)
[2025-10-20 17:38:31] INFO: [Recognition] Scores: S13234 - Jin_Rae=0.852 
[2025-10-20 17:38:31] INFO: [Decision] Best=S13234 - Jin_Rae(0.852), 2nd=0.000, Discriminative=0.852, AvgNeg=0.000
[2025-10-20 17:38:31] INFO: [Thresholds] Abs=0.611, Margin=0.111(13.0%), RelMargin=100.0%, Tightness=0.892, StdDev=0.050
[2025-10-20 17:38:31] INFO: [Decision] ACCEPT: Primary thresholds met (abs + margin + relative)
[2025-10-20 17:38:31] INFO: [Recognition] Scores: S13234 - Jin_Rae=0.871 
[2025-10-20 17:38:31] INFO: [Decision] Best=S13234 - Jin_Rae(0.871), 2nd=0.000, Discriminative=0.871, AvgNeg=0.000
[2025-10-20 17:38:31] INFO: [Thresholds] Abs=0.611, Margin=0.111(12.7%), RelMargin=100.0%, Tightness=0.892, StdDev=0.050
[2025-10-20 17:38:31] INFO: [Decision] ACCEPT: Primary thresholds met (abs + margin + relative)
[2025-10-20 17:38:32] INFO: [Recognition] Scores: S13234 - Jin_Rae=0.866 
[2025-10-20 17:38:32] INFO: [Decision] Best=S13234 - Jin_Rae(0.866), 2nd=0.000, Discriminative=0.866, AvgNeg=0.000
[2025-10-20 17:38:32] INFO: [Thresholds] Abs=0.611, Margin=0.111(12.8%), RelMargin=100.0%, Tightness=0.892, StdDev=0.050
[2025-10-20 17:38:32] INFO: [Decision] ACCEPT: Primary thresholds met (abs + margin + relative)
[2025-10-20 17:38:32] INFO: [Recognition] Scores: S13234 - Jin_Rae=0.863 
[2025-10-20 17:38:32] INFO: [Decision] Best=S13234 - Jin_Rae(0.863), 2nd=0.000, Discriminative=0.863, AvgNeg=0.000
[2025-10-20 17:38:32] INFO: [Thresholds] Abs=0.611, Margin=0.111(12.8%), RelMargin=100.0%, Tightness=0.892, StdDev=0.050
[2025-10-20 17:38:32] INFO: [Decision] ACCEPT: Primary thresholds met (abs + margin + relative)
[2025-10-20 17:38:33] INFO: [Recognition] Scores: S13234 - Jin_Rae=0.857 
[2025-10-20 17:38:33] INFO: [Decision] Best=S13234 - Jin_Rae(0.857), 2nd=0.000, Discriminative=0.857, AvgNeg=0.000
[2025-10-20 17:38:33] INFO: [Thresholds] Abs=0.611, Margin=0.111(12.9%), RelMargin=100.0%, Tightness=0.892, StdDev=0.050
[2025-10-20 17:38:33] INFO: [Decision] ACCEPT: Primary thresholds met (abs + margin + relative)
[2025-10-20 17:38:33] INFO: [Recognition] Scores: S13234 - Jin_Rae=0.838 
[2025-10-20 17:38:33] INFO: [Decision] Best=S13234 - Jin_Rae(0.838), 2nd=0.000, Discriminative=0.838, AvgNeg=0.000
[2025-10-20 17:38:33] INFO: [Thresholds] Abs=0.611, Margin=0.111(13.2%), RelMargin=100.0%, Tightness=0.892, StdDev=0.050
[2025-10-20 17:38:33] INFO: [Decision] ACCEPT: Primary thresholds met (abs + margin + relative)
[2025-10-20 17:38:33] INFO: [Recognition] Scores: S13234 - Jin_Rae=0.800 
[2025-10-20 17:38:33] INFO: [Decision] Best=S13234 - Jin_Rae(0.800), 2nd=0.000, Discriminative=0.800, AvgNeg=0.000
[2025-10-20 17:38:33] INFO: [Thresholds] Abs=0.611, Margin=0.111(13.8%), RelMargin=100.0%, Tightness=0.892, StdDev=0.050
[2025-10-20 17:38:33] INFO: [Decision] ACCEPT: Primary thresholds met (abs + margin + relative)
[2025-10-20 17:38:34] INFO: [Recognition] Scores: S13234 - Jin_Rae=0.825 
[2025-10-20 17:38:34] INFO: [Decision] Best=S13234 - Jin_Rae(0.825), 2nd=0.000, Discriminative=0.825, AvgNeg=0.000
[2025-10-20 17:38:34] INFO: [Thresholds] Abs=0.611, Margin=0.111(13.4%), RelMargin=100.0%, Tightness=0.892, StdDev=0.050
[2025-10-20 17:38:34] INFO: [Decision] ACCEPT: Primary thresholds met (abs + margin + relative)
[2025-10-20 17:38:34] INFO: [Recognition] Scores: S13234 - Jin_Rae=0.897 
[2025-10-20 17:38:34] INFO: [Decision] Best=S13234 - Jin_Rae(0.897), 2nd=0.000, Discriminative=0.897, AvgNeg=0.000
[2025-10-20 17:38:34] INFO: [Thresholds] Abs=0.611, Margin=0.111(12.3%), RelMargin=100.0%, Tightness=0.892, StdDev=0.050
[2025-10-20 17:38:34] INFO: [Decision] ACCEPT: Primary thresholds met (abs + margin + relative)
[2025-10-20 17:38:34] INFO: [Recognition] Scores: S13234 - Jin_Rae=0.808 
[2025-10-20 17:38:34] INFO: [Decision] Best=S13234 - Jin_Rae(0.808), 2nd=0.000, Discriminative=0.808, AvgNeg=0.000
[2025-10-20 17:38:34] INFO: [Thresholds] Abs=0.611, Margin=0.111(13.7%), RelMargin=100.0%, Tightness=0.892, StdDev=0.050
[2025-10-20 17:38:34] INFO: [Decision] ACCEPT: Primary thresholds met (abs + margin + relative)
[2025-10-20 17:38:35] INFO: [Recognition] Scores: S13234 - Jin_Rae=0.745 
[2025-10-20 17:38:35] INFO: [Decision] Best=S13234 - Jin_Rae(0.745), 2nd=0.000, Discriminative=0.745, AvgNeg=0.000
[2025-10-20 17:38:35] INFO: [Thresholds] Abs=0.611, Margin=0.111(14.9%), RelMargin=100.0%, Tightness=0.892, StdDev=0.050
[2025-10-20 17:38:35] INFO: [Decision] ACCEPT: Primary thresholds met (abs + margin + relative)
[2025-10-20 17:38:35] INFO: [Recognition] Scores: S13234 - Jin_Rae=0.725 
[2025-10-20 17:38:35] INFO: [Decision] Best=S13234 - Jin_Rae(0.725), 2nd=0.000, Discriminative=0.725, AvgNeg=0.000
[2025-10-20 17:38:35] INFO: [Thresholds] Abs=0.611, Margin=0.111(15.3%), RelMargin=100.0%, Tightness=0.892, StdDev=0.050
[2025-10-20 17:38:35] INFO: [Decision] ACCEPT: Primary thresholds met (abs + margin + relative)
[2025-10-20 17:38:35] INFO: [Recognition] Scores: S13234 - Jin_Rae=0.730 
[2025-10-20 17:38:35] INFO: [Decision] Best=S13234 - Jin_Rae(0.730), 2nd=0.000, Discriminative=0.730, AvgNeg=0.000
[2025-10-20 17:38:35] INFO: [Thresholds] Abs=0.611, Margin=0.111(15.2%), RelMargin=100.0%, Tightness=0.892, StdDev=0.050
[2025-10-20 17:38:35] INFO: [Decision] ACCEPT: Primary thresholds met (abs + margin + relative)
[2025-10-20 17:38:36] INFO: [Recognition] Scores: S13234 - Jin_Rae=0.716 
[2025-10-20 17:38:36] INFO: [Decision] Best=S13234 - Jin_Rae(0.716), 2nd=0.000, Discriminative=0.716, AvgNeg=0.000
[2025-10-20 17:38:36] INFO: [Thresholds] Abs=0.611, Margin=0.111(15.5%), RelMargin=100.0%, Tightness=0.892, StdDev=0.050
[2025-10-20 17:38:36] INFO: [Decision] ACCEPT: Primary thresholds met (abs + margin + relative)
[2025-10-20 17:38:36] INFO: [Recognition] Scores: S13234 - Jin_Rae=0.706 
[2025-10-20 17:38:36] INFO: [Decision] Best=S13234 - Jin_Rae(0.706), 2nd=0.000, Discriminative=0.706, AvgNeg=0.000
[2025-10-20 17:38:36] INFO: [Thresholds] Abs=0.611, Margin=0.111(15.7%), RelMargin=100.0%, Tightness=0.892, StdDev=0.050
[2025-10-20 17:38:36] INFO: [Decision] ACCEPT: Primary thresholds met (abs + margin + relative)
[2025-10-20 17:38:37] INFO: [Recognition] Scores: S13234 - Jin_Rae=0.698 
[2025-10-20 17:38:37] INFO: [Decision] Best=S13234 - Jin_Rae(0.698), 2nd=0.000, Discriminative=0.698, AvgNeg=0.000
[2025-10-20 17:38:37] INFO: [Thresholds] Abs=0.611, Margin=0.111(15.9%), RelMargin=100.0%, Tightness=0.892, StdDev=0.050
[2025-10-20 17:38:37] INFO: [Decision] ACCEPT: Primary thresholds met (abs + margin + relative)
[2025-10-20 17:38:37] INFO: [Recognition] Scores: S13234 - Jin_Rae=0.717 
[2025-10-20 17:38:37] INFO: [Decision] Best=S13234 - Jin_Rae(0.717), 2nd=0.000, Discriminative=0.717, AvgNeg=0.000
[2025-10-20 17:38:37] INFO: [Thresholds] Abs=0.611, Margin=0.111(15.4%), RelMargin=100.0%, Tightness=0.892, StdDev=0.050
[2025-10-20 17:38:37] INFO: [Decision] ACCEPT: Primary thresholds met (abs + margin + relative)
[2025-10-20 17:38:37] INFO: [Recognition] Scores: S13234 - Jin_Rae=0.777 
[2025-10-20 17:38:37] INFO: [Decision] Best=S13234 - Jin_Rae(0.777), 2nd=0.000, Discriminative=0.777, AvgNeg=0.000
[2025-10-20 17:38:37] INFO: [Thresholds] Abs=0.611, Margin=0.111(14.3%), RelMargin=100.0%, Tightness=0.892, StdDev=0.050
[2025-10-20 17:38:37] INFO: [Decision] ACCEPT: Primary thresholds met (abs + margin + relative)
[2025-10-20 17:38:38] INFO: [Recognition] Scores: S13234 - Jin_Rae=0.780 
[2025-10-20 17:38:38] INFO: [Decision] Best=S13234 - Jin_Rae(0.780), 2nd=0.000, Discriminative=0.780, AvgNeg=0.000
[2025-10-20 17:38:38] INFO: [Thresholds] Abs=0.611, Margin=0.111(14.2%), RelMargin=100.0%, Tightness=0.892, StdDev=0.050
[2025-10-20 17:38:38] INFO: [Decision] ACCEPT: Primary thresholds met (abs + margin + relative)
[2025-10-20 17:38:38] INFO: [Recognition] Scores: S13234 - Jin_Rae=0.765 
[2025-10-20 17:38:38] INFO: [Decision] Best=S13234 - Jin_Rae(0.765), 2nd=0.000, Discriminative=0.765, AvgNeg=0.000
[2025-10-20 17:38:38] INFO: [Thresholds] Abs=0.611, Margin=0.111(14.5%), RelMargin=100.0%, Tightness=0.892, StdDev=0.050
[2025-10-20 17:38:38] INFO: [Decision] ACCEPT: Primary thresholds met (abs + margin + relative)
[2025-10-20 17:38:38] INFO: [Recognition] Scores: S13234 - Jin_Rae=0.786 
[2025-10-20 17:38:38] INFO: [Decision] Best=S13234 - Jin_Rae(0.786), 2nd=0.000, Discriminative=0.786, AvgNeg=0.000
[2025-10-20 17:38:38] INFO: [Thresholds] Abs=0.611, Margin=0.111(14.1%), RelMargin=100.0%, Tightness=0.892, StdDev=0.050
[2025-10-20 17:38:38] INFO: [Decision] ACCEPT: Primary thresholds met (abs + margin + relative)
[2025-10-20 17:38:39] INFO: [Recognition] Scores: S13234 - Jin_Rae=0.799 
[2025-10-20 17:38:39] INFO: [Decision] Best=S13234 - Jin_Rae(0.799), 2nd=0.000, Discriminative=0.799, AvgNeg=0.000
[2025-10-20 17:38:39] INFO: [Thresholds] Abs=0.611, Margin=0.111(13.9%), RelMargin=100.0%, Tightness=0.892, StdDev=0.050
[2025-10-20 17:38:39] INFO: [Decision] ACCEPT: Primary thresholds met (abs + margin + relative)
[2025-10-20 17:38:39] INFO: Exiting Face Recognition Demo...
[2025-10-20 17:38:39] INFO: [Recognition] Scores: S13234 - Jin_Rae=0.830 
[2025-10-20 17:38:39] INFO: [Decision] Best=S13234 - Jin_Rae(0.830), 2nd=0.000, Discriminative=0.830, AvgNeg=0.000
[2025-10-20 17:38:39] INFO: [Thresholds] Abs=0.611, Margin=0.111(13.3%), RelMargin=100.0%, Tightness=0.892, StdDev=0.050
[2025-10-20 17:38:39] INFO: [Decision] ACCEPT: Primary thresholds met (abs + margin + relative)
[2025-10-20 17:38:39] INFO: Exiting Face Recognition Demo...
