[2025-10-26 20:58:50] INFO: Application Logger Initialized.
[2025-10-26 20:58:50] INFO: app.properties normalized (55 entries).
[2025-10-26 20:58:50] INFO: Configuration loaded from file: C:\Users\Jereme\OneDrive\Pictures\Documents\GITHUB SHIT\FaceRecognitionCS102\app.properties
[2025-10-26 20:58:51] INFO: ￢ﾜﾅ OpenFace nn4.small2.v1 model loaded successfully
[2025-10-26 20:58:51] INFO: ￢ﾜﾓ FaceAligner initialized with fallback eye detector
[2025-10-26 20:58:51] INFO: StudentManager initialized successfully
[2025-10-26 20:58:52] INFO: GUI launched successfully
[2025-10-26 20:58:56] INFO: ￢ﾜﾅ OpenFace nn4.small2.v1 model loaded successfully
[2025-10-26 20:58:56] INFO: ￢ﾜﾓ FaceAligner initialized with fallback eye detector
[2025-10-26 20:58:56] INFO: FaceCaptureDialog created for student: jereme
[2025-10-26 20:58:56] INFO: Dialog initialized
[2025-10-26 20:58:56] INFO: Starting camera preview...
[2025-10-26 20:58:56] INFO: Preview timer started at 20fps
[2025-10-26 20:59:10] INFO: detection.min.neighbors has been changed to 6
[2025-10-26 20:59:10] INFO: Min neighbors changed to 6
[2025-10-26 20:59:10] INFO: detection.min.neighbors has been changed to 7
[2025-10-26 20:59:10] INFO: Min neighbors changed to 7
[2025-10-26 20:59:10] INFO: detection.min.neighbors has been changed to 8
[2025-10-26 20:59:10] INFO: Min neighbors changed to 8
[2025-10-26 20:59:10] INFO: detection.min.neighbors has been changed to 7
[2025-10-26 20:59:10] INFO: Min neighbors changed to 7
[2025-10-26 20:59:10] INFO: detection.min.neighbors has been changed to 6
[2025-10-26 20:59:10] INFO: Min neighbors changed to 6
[2025-10-26 20:59:10] INFO: detection.min.neighbors has been changed to 5
[2025-10-26 20:59:10] INFO: Min neighbors changed to 5
[2025-10-26 20:59:10] INFO: detection.min.neighbors has been changed to 4
[2025-10-26 20:59:10] INFO: Min neighbors changed to 4
[2025-10-26 20:59:11] INFO: detection.min.neighbors has been changed to 3
[2025-10-26 20:59:11] INFO: Min neighbors changed to 3
[2025-10-26 20:59:11] INFO: detection.min.neighbors has been changed to 4
[2025-10-26 20:59:11] INFO: Min neighbors changed to 4
[2025-10-26 20:59:11] INFO: detection.min.neighbors has been changed to 5
[2025-10-26 20:59:11] INFO: Min neighbors changed to 5
[2025-10-26 20:59:12] INFO: detection.min.neighbors has been changed to 6
[2025-10-26 20:59:12] INFO: Min neighbors changed to 6
[2025-10-26 20:59:12] INFO: detection.min.neighbors has been changed to 7
[2025-10-26 20:59:12] INFO: Min neighbors changed to 7
[2025-10-26 20:59:12] INFO: detection.min.neighbors has been changed to 7
[2025-10-26 20:59:12] INFO: Min neighbors changed to 7
[2025-10-26 20:59:16] INFO: Disposing FaceCaptureDialog...
[2025-10-26 20:59:16] INFO: Preview timer stopped
[2025-10-26 20:59:16] INFO: Face detection resources released
[2025-10-26 20:59:17] INFO: Disposing FaceCaptureDialog...
[2025-10-26 20:59:17] INFO: Preview timer stopped
[2025-10-26 20:59:17] INFO: Face detection resources released
[2025-10-26 20:59:17] INFO: Disposing FaceCaptureDialog...
[2025-10-26 20:59:17] INFO: Preview timer stopped
[2025-10-26 20:59:17] INFO: Face detection resources released
