[2025-10-21 00:14:00] INFO: Application Logger Initialized.
[2025-10-21 00:14:00] INFO: Configuration loaded from file: C:\SMU\CS102 Project\FaceRecognitionCS102\app.properties
[2025-10-21 00:14:00] INFO: GUI launched successfully
[2025-10-21 00:14:03] INFO: ￢ﾜﾅ OpenFace nn4.small2.v1 model loaded successfully
[2025-10-21 00:14:03] INFO: FaceCaptureDialog created for student: Jin Rae
[2025-10-21 00:14:04] INFO: Dialog initialized
[2025-10-21 00:14:04] INFO: Starting camera preview...
[2025-10-21 00:14:04] INFO: Preview timer started at 20fps
[2025-10-21 00:14:08] INFO: Starting capture process...
[2025-10-21 00:14:08] INFO: Performing capture with target: 20
[2025-10-21 00:14:08] INFO: Debug: Capture process started
[2025-10-21 00:14:08] INFO: Debug: Image saved with confidence 1.00
[2025-10-21 00:14:10] INFO: Debug: Image saved with confidence 1.00
[2025-10-21 00:14:11] INFO: Debug: Image saved with confidence 1.00
[2025-10-21 00:14:13] INFO: Debug: Image saved with confidence 1.00
[2025-10-21 00:14:14] INFO: Debug: Image saved with confidence 1.00
[2025-10-21 00:14:15] INFO: Debug: Image saved with confidence 1.00
[2025-10-21 00:14:17] INFO: Debug: Image saved with confidence 1.00
[2025-10-21 00:14:18] INFO: Debug: Image saved with confidence 1.00
[2025-10-21 00:14:19] INFO: Debug: Image saved with confidence 1.00
[2025-10-21 00:14:21] INFO: Debug: Image saved with confidence 1.00
[2025-10-21 00:14:22] INFO: Debug: Image saved with confidence 1.00
[2025-10-21 00:14:23] INFO: Debug: Image saved with confidence 1.00
[2025-10-21 00:14:25] INFO: Debug: Image saved with confidence 1.00
[2025-10-21 00:14:26] INFO: Debug: Image saved with confidence 1.00
[2025-10-21 00:14:27] INFO: Debug: Image saved with confidence 1.00
[2025-10-21 00:14:29] INFO: Debug: Image saved with confidence 1.00
[2025-10-21 00:14:30] INFO: Debug: Image saved with confidence 1.00
[2025-10-21 00:14:31] INFO: Debug: Image saved with confidence 1.00
[2025-10-21 00:14:33] INFO: Debug: Image saved with confidence 1.00
[2025-10-21 00:14:34] INFO: Debug: Image saved with confidence 1.00
[2025-10-21 00:14:35] INFO: Debug: Capture process finished
[2025-10-21 00:14:35] INFO: Debug: Warning - Processing captured images...
[2025-10-21 00:14:36] INFO: ￢ﾜﾓ Saved embedding: S13234_001.emb
[2025-10-21 00:14:36] INFO: ￢ﾜﾓ Saved embedding: S13234_002.emb
[2025-10-21 00:14:36] INFO: ￢ﾜﾓ Saved embedding: S13234_003.emb
[2025-10-21 00:14:37] INFO: ￢ﾜﾓ Saved embedding: S13234_004.emb
[2025-10-21 00:14:37] INFO: ￢ﾜﾓ Saved embedding: S13234_005.emb
[2025-10-21 00:14:37] INFO: ￢ﾜﾓ Saved embedding: S13234_006.emb
[2025-10-21 00:14:37] INFO: ￢ﾜﾓ Saved embedding: S13234_007.emb
[2025-10-21 00:14:38] INFO: ￢ﾜﾓ Saved embedding: S13234_008.emb
[2025-10-21 00:14:38] INFO: ￢ﾜﾓ Saved embedding: S13234_009.emb
[2025-10-21 00:14:38] INFO: ￢ﾜﾓ Saved embedding: S13234_010.emb
[2025-10-21 00:14:39] INFO: ￢ﾜﾓ Saved embedding: S13234_011.emb
[2025-10-21 00:14:39] INFO: ￢ﾜﾓ Saved embedding: S13234_012.emb
[2025-10-21 00:14:39] INFO: ￢ﾜﾓ Saved embedding: S13234_013.emb
[2025-10-21 00:14:39] INFO: ￢ﾜﾓ Saved embedding: S13234_014.emb
[2025-10-21 00:14:40] INFO: ￢ﾜﾓ Saved embedding: S13234_015.emb
[2025-10-21 00:14:40] INFO: ￢ﾜﾓ Saved embedding: S13234_016.emb
[2025-10-21 00:14:40] INFO: ￢ﾜﾓ Saved embedding: S13234_017.emb
[2025-10-21 00:14:40] INFO: ￢ﾜﾓ Saved embedding: S13234_018.emb
[2025-10-21 00:14:41] INFO: ￢ﾜﾓ Saved embedding: S13234_019.emb
[2025-10-21 00:14:41] INFO: ￢ﾜﾓ Saved embedding: S13234_020.emb
[2025-10-21 00:14:41] INFO: Embedding generation complete: 20/20 successful
[2025-10-21 00:14:41] INFO:   Outlier detected: index=0, avgSim=0.9179, threshold=0.9203
[2025-10-21 00:14:41] INFO:   Outlier detected: index=5, avgSim=0.8808, threshold=0.9203
[2025-10-21 00:14:41] INFO: Debug: Warning - Analyzing embedding quality...
[2025-10-21 00:14:41] INFO:   ￢ﾜﾗ Deleted outlier embedding: S13234_001.emb
[2025-10-21 00:14:41] INFO:   ￢ﾜﾗ Deleted outlier image: S13234_001.png
[2025-10-21 00:14:41] INFO:   ￢ﾜﾗ Deleted outlier embedding: S13234_006.emb
[2025-10-21 00:14:41] INFO:   ￢ﾜﾗ Deleted outlier image: S13234_006.png
[2025-10-21 00:14:41] INFO: ￢ﾜﾓ Auto-removed 2 outlier embedding(s)
[2025-10-21 00:14:41] INFO: Debug: Warning - Removed 2 low-quality image(s) automatically
[2025-10-21 00:14:41] INFO: Capture result: true - Successfully captured 20 high-quality face images
[2025-10-21 00:17:17] INFO: Debug: All images captured successfully
[2025-10-21 00:17:18] INFO: Disposing FaceCaptureDialog...
[2025-10-21 00:17:18] INFO: Preview timer stopped
[2025-10-21 00:17:18] INFO: Face detection resources released
