[2025-10-15 21:15:40] INFO: Application Logger Initialized.
[2025-10-15 21:15:40] INFO: Configuration loaded from file: C:\Users\jerem\Desktop\homework folder wink wink\UNIVERSITEEEE\Year 2 omgommg\SEM SATU\Programming Fundmentals TOOO\Weekly ICEs\project_demo_codes\app.properties
[2025-10-15 21:15:42] INFO: Face embedding model loaded successfully
[2025-10-15 21:15:42] INFO: StudentManager initialized successfully
[2025-10-15 21:15:45] INFO: GUI launched successfully
[2025-10-15 21:15:52] INFO: Face embedding model loaded successfully
[2025-10-15 21:15:52] INFO: FaceCaptureDialog created for student: Jereme
[2025-10-15 21:15:53] INFO: Dialog initialized
[2025-10-15 21:15:53] INFO: Starting camera preview...
[2025-10-15 21:15:53] INFO: Preview timer started
[2025-10-15 21:15:53] INFO: Frame received: 640x480
[2025-10-15 21:15:53] INFO: Debug: 1 face(s) detected, best confidence: 1.00
[2025-10-15 21:15:53] INFO: Frame received: 640x480
[2025-10-15 21:15:53] INFO: Debug: 1 face(s) detected, best confidence: 1.00
[2025-10-15 21:15:53] INFO: Frame received: 640x480
[2025-10-15 21:15:53] INFO: Debug: 1 face(s) detected, best confidence: 1.00
[2025-10-15 21:15:53] INFO: Frame received: 640x480
[2025-10-15 21:15:53] INFO: Debug: 1 face(s) detected, best confidence: 1.00
[2025-10-15 21:15:53] INFO: Frame received: 640x480
[2025-10-15 21:15:53] INFO: Debug: 1 face(s) detected, best confidence: 1.00
[2025-10-15 21:15:53] INFO: Frame received: 640x480
[2025-10-15 21:15:54] INFO: Debug: 1 face(s) detected, best confidence: 1.00
[2025-10-15 21:15:54] INFO: Frame received: 640x480
[2025-10-15 21:15:54] INFO: Debug: 1 face(s) detected, best confidence: 1.00
[2025-10-15 21:15:54] INFO: Frame received: 640x480
[2025-10-15 21:15:54] INFO: Debug: 1 face(s) detected, best confidence: 1.00
[2025-10-15 21:15:54] INFO: Frame received: 640x480
[2025-10-15 21:15:54] INFO: Debug: 1 face(s) detected, best confidence: 1.00
[2025-10-15 21:15:54] INFO: Frame received: 640x480
[2025-10-15 21:15:54] INFO: Debug: 1 face(s) detected, best confidence: 1.00
[2025-10-15 21:15:54] INFO: Frame received: 640x480
[2025-10-15 21:15:54] INFO: Debug: 1 face(s) detected, best confidence: 1.00
[2025-10-15 21:15:54] INFO: Frame received: 640x480
[2025-10-15 21:15:54] INFO: Debug: 1 face(s) detected, best confidence: 1.00
[2025-10-15 21:15:54] INFO: Frame received: 640x480
[2025-10-15 21:15:54] INFO: Debug: 1 face(s) detected, best confidence: 1.00
[2025-10-15 21:15:54] INFO: Frame received: 640x480
[2025-10-15 21:15:54] INFO: Debug: 1 face(s) detected, best confidence: 1.00
[2025-10-15 21:15:54] INFO: Frame received: 640x480
[2025-10-15 21:15:54] INFO: Debug: 1 face(s) detected, best confidence: 1.00
[2025-10-15 21:15:54] INFO: Frame received: 640x480
[2025-10-15 21:15:55] INFO: Debug: 1 face(s) detected, best confidence: 0.99
[2025-10-15 21:15:55] INFO: Frame received: 640x480
[2025-10-15 21:15:55] INFO: Debug: 1 face(s) detected, best confidence: 0.99
[2025-10-15 21:15:55] INFO: Frame received: 640x480
[2025-10-15 21:15:55] INFO: Debug: 1 face(s) detected, best confidence: 0.99
[2025-10-15 21:15:55] INFO: Frame received: 640x480
[2025-10-15 21:15:55] INFO: Debug: 1 face(s) detected, best confidence: 0.98
[2025-10-15 21:15:55] INFO: Frame received: 640x480
[2025-10-15 21:15:55] INFO: Debug: 1 face(s) detected, best confidence: 0.99
[2025-10-15 21:15:55] INFO: Frame received: 640x480
[2025-10-15 21:15:55] INFO: Debug: 1 face(s) detected, best confidence: 0.99
[2025-10-15 21:15:55] INFO: Frame received: 640x480
[2025-10-15 21:15:55] INFO: Debug: 1 face(s) detected, best confidence: 0.99
[2025-10-15 21:15:55] INFO: Frame received: 640x480
[2025-10-15 21:15:55] INFO: Debug: 1 face(s) detected, best confidence: 0.99
[2025-10-15 21:15:55] INFO: Frame received: 640x480
[2025-10-15 21:15:55] INFO: Debug: 1 face(s) detected, best confidence: 0.99
[2025-10-15 21:15:55] INFO: Frame received: 640x480
[2025-10-15 21:15:55] INFO: Debug: 1 face(s) detected, best confidence: 0.99
[2025-10-15 21:15:55] INFO: Frame received: 640x480
[2025-10-15 21:15:56] INFO: Debug: 1 face(s) detected, best confidence: 0.98
[2025-10-15 21:15:56] INFO: Frame received: 640x480
[2025-10-15 21:15:56] INFO: Debug: 1 face(s) detected, best confidence: 0.98
[2025-10-15 21:15:56] INFO: Frame received: 640x480
[2025-10-15 21:15:56] INFO: Debug: 1 face(s) detected, best confidence: 0.98
[2025-10-15 21:15:56] INFO: Frame received: 640x480
[2025-10-15 21:15:56] INFO: Debug: 1 face(s) detected, best confidence: 0.98
[2025-10-15 21:15:56] INFO: Frame received: 640x480
[2025-10-15 21:15:56] INFO: Debug: 1 face(s) detected, best confidence: 0.98
[2025-10-15 21:15:56] INFO: Frame received: 640x480
[2025-10-15 21:15:56] INFO: Debug: 1 face(s) detected, best confidence: 0.98
[2025-10-15 21:15:56] INFO: Frame received: 640x480
[2025-10-15 21:15:56] INFO: Debug: 1 face(s) detected, best confidence: 0.98
[2025-10-15 21:15:56] INFO: Frame received: 640x480
[2025-10-15 21:15:56] INFO: Debug: 1 face(s) detected, best confidence: 0.98
[2025-10-15 21:15:56] INFO: Frame received: 640x480
[2025-10-15 21:15:56] INFO: Debug: 1 face(s) detected, best confidence: 0.98
[2025-10-15 21:15:56] INFO: Frame received: 640x480
[2025-10-15 21:15:56] INFO: Debug: 1 face(s) detected, best confidence: 0.98
[2025-10-15 21:15:56] INFO: Frame received: 640x480
[2025-10-15 21:15:57] INFO: Debug: 1 face(s) detected, best confidence: 0.98
[2025-10-15 21:15:57] INFO: Frame received: 640x480
[2025-10-15 21:15:57] INFO: Debug: 1 face(s) detected, best confidence: 0.99
[2025-10-15 21:15:57] INFO: Frame received: 640x480
[2025-10-15 21:15:57] INFO: Debug: 1 face(s) detected, best confidence: 0.99
[2025-10-15 21:15:57] INFO: Frame received: 640x480
[2025-10-15 21:15:57] INFO: Debug: 1 face(s) detected, best confidence: 0.99
[2025-10-15 21:15:57] INFO: Frame received: 640x480
[2025-10-15 21:15:57] INFO: Debug: 1 face(s) detected, best confidence: 0.99
[2025-10-15 21:15:57] INFO: Frame received: 640x480
[2025-10-15 21:15:57] INFO: Debug: 1 face(s) detected, best confidence: 0.99
[2025-10-15 21:15:57] INFO: Frame received: 640x480
[2025-10-15 21:15:57] INFO: Debug: 1 face(s) detected, best confidence: 0.99
[2025-10-15 21:15:57] INFO: Frame received: 640x480
[2025-10-15 21:15:57] INFO: Debug: 1 face(s) detected, best confidence: 0.99
[2025-10-15 21:15:57] INFO: Frame received: 640x480
[2025-10-15 21:15:57] INFO: Debug: 1 face(s) detected, best confidence: 0.99
[2025-10-15 21:15:57] INFO: Frame received: 640x480
[2025-10-15 21:15:57] INFO: Debug: 1 face(s) detected, best confidence: 0.99
[2025-10-15 21:15:58] INFO: Frame received: 640x480
[2025-10-15 21:15:58] INFO: Debug: 1 face(s) detected, best confidence: 0.99
[2025-10-15 21:15:58] INFO: Frame received: 640x480
[2025-10-15 21:15:58] INFO: Debug: 1 face(s) detected, best confidence: 0.99
[2025-10-15 21:15:58] INFO: Frame received: 640x480
[2025-10-15 21:15:59] INFO: Debug: 1 face(s) detected, best confidence: 0.99
[2025-10-15 21:15:59] INFO: Frame received: 640x480
[2025-10-15 21:15:59] INFO: Debug: 1 face(s) detected, best confidence: 0.99
[2025-10-15 21:15:59] INFO: Frame received: 640x480
[2025-10-15 21:15:59] INFO: Debug: 1 face(s) detected, best confidence: 0.99
[2025-10-15 21:15:59] INFO: Frame received: 640x480
[2025-10-15 21:15:59] INFO: Debug: 1 face(s) detected, best confidence: 1.00
[2025-10-15 21:15:59] INFO: Frame received: 640x480
[2025-10-15 21:15:59] INFO: Debug: 1 face(s) detected, best confidence: 1.00
[2025-10-15 21:15:59] INFO: Frame received: 640x480
[2025-10-15 21:15:59] INFO: Debug: 1 face(s) detected, best confidence: 1.00
[2025-10-15 21:15:59] INFO: Frame received: 640x480
[2025-10-15 21:15:59] INFO: Debug: 1 face(s) detected, best confidence: 1.00
[2025-10-15 21:15:59] INFO: Frame received: 640x480
[2025-10-15 21:15:59] INFO: Debug: 1 face(s) detected, best confidence: 1.00
[2025-10-15 21:15:59] INFO: Frame received: 640x480
[2025-10-15 21:15:59] INFO: Debug: 1 face(s) detected, best confidence: 1.00
[2025-10-15 21:15:59] INFO: Frame received: 640x480
[2025-10-15 21:15:59] INFO: Debug: 1 face(s) detected, best confidence: 1.00
[2025-10-15 21:15:59] INFO: Frame received: 640x480
[2025-10-15 21:15:59] INFO: Debug: 1 face(s) detected, best confidence: 1.00
[2025-10-15 21:16:00] INFO: Frame received: 640x480
[2025-10-15 21:16:00] INFO: Debug: 1 face(s) detected, best confidence: 1.00
[2025-10-15 21:16:00] INFO: Frame received: 640x480
[2025-10-15 21:16:00] INFO: Debug: 1 face(s) detected, best confidence: 1.00
[2025-10-15 21:16:00] INFO: Frame received: 640x480
[2025-10-15 21:16:00] INFO: Debug: 1 face(s) detected, best confidence: 1.00
[2025-10-15 21:16:00] INFO: Frame received: 640x480
[2025-10-15 21:16:00] INFO: Debug: 1 face(s) detected, best confidence: 1.00
[2025-10-15 21:16:00] INFO: Frame received: 640x480
[2025-10-15 21:16:00] INFO: Debug: 1 face(s) detected, best confidence: 1.00
[2025-10-15 21:16:00] INFO: Frame received: 640x480
[2025-10-15 21:16:00] INFO: Debug: 1 face(s) detected, best confidence: 1.00
[2025-10-15 21:16:00] INFO: Frame received: 640x480
[2025-10-15 21:16:00] INFO: Debug: 1 face(s) detected, best confidence: 1.00
[2025-10-15 21:16:00] INFO: Frame received: 640x480
[2025-10-15 21:16:00] INFO: Debug: 1 face(s) detected, best confidence: 1.00
[2025-10-15 21:16:00] INFO: Frame received: 640x480
[2025-10-15 21:16:00] INFO: Debug: 1 face(s) detected, best confidence: 1.00
[2025-10-15 21:16:00] INFO: Frame received: 640x480
[2025-10-15 21:16:00] INFO: Debug: 1 face(s) detected, best confidence: 1.00
[2025-10-15 21:16:01] INFO: Frame received: 640x480
[2025-10-15 21:16:01] INFO: Debug: 1 face(s) detected, best confidence: 1.00
[2025-10-15 21:16:01] INFO: Frame received: 640x480
[2025-10-15 21:16:01] INFO: Debug: 1 face(s) detected, best confidence: 1.00
[2025-10-15 21:16:01] INFO: Frame received: 640x480
[2025-10-15 21:16:01] INFO: Debug: 1 face(s) detected, best confidence: 1.00
[2025-10-15 21:16:01] INFO: Frame received: 640x480
[2025-10-15 21:16:01] INFO: Debug: 1 face(s) detected, best confidence: 1.00
[2025-10-15 21:16:01] INFO: Frame received: 640x480
[2025-10-15 21:16:01] INFO: Debug: 1 face(s) detected, best confidence: 1.00
[2025-10-15 21:16:01] INFO: Frame received: 640x480
[2025-10-15 21:16:01] INFO: Debug: 1 face(s) detected, best confidence: 1.00
[2025-10-15 21:16:01] INFO: Frame received: 640x480
[2025-10-15 21:16:01] INFO: Debug: 1 face(s) detected, best confidence: 1.00
[2025-10-15 21:16:01] INFO: Frame received: 640x480
[2025-10-15 21:16:01] INFO: Debug: 1 face(s) detected, best confidence: 1.00
[2025-10-15 21:16:01] INFO: Frame received: 640x480
[2025-10-15 21:16:01] INFO: Debug: 1 face(s) detected, best confidence: 1.00
[2025-10-15 21:16:01] INFO: Frame received: 640x480
[2025-10-15 21:16:01] INFO: Debug: 1 face(s) detected, best confidence: 1.00
[2025-10-15 21:16:02] INFO: Frame received: 640x480
[2025-10-15 21:16:02] INFO: Debug: 1 face(s) detected, best confidence: 1.00
[2025-10-15 21:16:02] INFO: Frame received: 640x480
[2025-10-15 21:16:02] INFO: Debug: 1 face(s) detected, best confidence: 1.00
[2025-10-15 21:16:02] INFO: Frame received: 640x480
[2025-10-15 21:16:02] INFO: Debug: 1 face(s) detected, best confidence: 1.00
[2025-10-15 21:16:02] INFO: Starting capture process...
[2025-10-15 21:16:02] INFO: Performing capture with target: 15
[2025-10-15 21:16:02] INFO: Frame received: 640x480
[2025-10-15 21:16:02] INFO: Debug: 1 face(s) detected, best confidence: 0.85
[2025-10-15 21:16:02] INFO: Debug: Capture process started
[2025-10-15 21:16:02] INFO: Debug: Image saved with confidence 0.85
[2025-10-15 21:16:02] INFO: Frame received: 640x480
[2025-10-15 21:16:02] INFO: Debug: 1 face(s) detected, best confidence: 1.00
[2025-10-15 21:16:02] INFO: Frame received: 640x480
[2025-10-15 21:16:02] INFO: Debug: 1 face(s) detected, best confidence: 1.00
[2025-10-15 21:16:02] INFO: Frame received: 640x480
[2025-10-15 21:16:02] INFO: Debug: 1 face(s) detected, best confidence: 1.00
[2025-10-15 21:16:02] INFO: Frame received: 640x480
[2025-10-15 21:16:02] INFO: Debug: 1 face(s) detected, best confidence: 1.00
[2025-10-15 21:16:02] INFO: Frame received: 640x480
[2025-10-15 21:16:02] INFO: Debug: 1 face(s) detected, best confidence: 1.00
[2025-10-15 21:16:02] INFO: Frame received: 640x480
[2025-10-15 21:16:03] INFO: Debug: 1 face(s) detected, best confidence: 1.00
[2025-10-15 21:16:03] INFO: Frame received: 640x480
[2025-10-15 21:16:03] INFO: Debug: 1 face(s) detected, best confidence: 1.00
[2025-10-15 21:16:03] INFO: Frame received: 640x480
[2025-10-15 21:16:03] INFO: Debug: 1 face(s) detected, best confidence: 1.00
[2025-10-15 21:16:03] INFO: Frame received: 640x480
[2025-10-15 21:16:03] INFO: Debug: 1 face(s) detected, best confidence: 1.00
[2025-10-15 21:16:03] INFO: Frame received: 640x480
[2025-10-15 21:16:03] INFO: Debug: 1 face(s) detected, best confidence: 1.00
[2025-10-15 21:16:03] INFO: Frame received: 640x480
[2025-10-15 21:16:03] INFO: Debug: 1 face(s) detected, best confidence: 0.94
[2025-10-15 21:16:03] INFO: Debug: Image saved with confidence 1.00
[2025-10-15 21:16:03] INFO: Frame received: 640x480
[2025-10-15 21:16:03] INFO: Debug: 1 face(s) detected, best confidence: 0.96
[2025-10-15 21:16:03] INFO: Frame received: 640x480
[2025-10-15 21:16:03] INFO: Debug: 1 face(s) detected, best confidence: 0.98
[2025-10-15 21:16:03] INFO: Frame received: 640x480
[2025-10-15 21:16:03] INFO: Debug: 1 face(s) detected, best confidence: 0.98
[2025-10-15 21:16:03] INFO: Frame received: 640x480
[2025-10-15 21:16:03] INFO: Debug: 1 face(s) detected, best confidence: 0.99
[2025-10-15 21:16:03] INFO: Frame received: 640x480
[2025-10-15 21:16:04] INFO: Debug: 1 face(s) detected, best confidence: 0.99
[2025-10-15 21:16:04] INFO: Frame received: 640x480
[2025-10-15 21:16:04] INFO: Debug: 1 face(s) detected, best confidence: 0.99
[2025-10-15 21:16:04] INFO: Frame received: 640x480
[2025-10-15 21:16:04] INFO: Debug: 1 face(s) detected, best confidence: 0.99
[2025-10-15 21:16:04] INFO: Frame received: 640x480
[2025-10-15 21:16:04] INFO: Debug: 1 face(s) detected, best confidence: 0.99
[2025-10-15 21:16:04] INFO: Frame received: 640x480
[2025-10-15 21:16:04] INFO: Debug: 1 face(s) detected, best confidence: 0.99
[2025-10-15 21:16:04] INFO: Frame received: 640x480
[2025-10-15 21:16:04] INFO: Debug: 1 face(s) detected, best confidence: 0.87
[2025-10-15 21:16:04] INFO: Debug: Image saved with confidence 0.74
[2025-10-15 21:16:04] INFO: Frame received: 640x480
[2025-10-15 21:16:04] INFO: Debug: 1 face(s) detected, best confidence: 0.92
[2025-10-15 21:16:04] INFO: Frame received: 640x480
[2025-10-15 21:16:04] INFO: Debug: 1 face(s) detected, best confidence: 0.95
[2025-10-15 21:16:04] INFO: Frame received: 640x480
[2025-10-15 21:16:04] INFO: Debug: 1 face(s) detected, best confidence: 0.96
[2025-10-15 21:16:04] INFO: Frame received: 640x480
[2025-10-15 21:16:04] INFO: Debug: 1 face(s) detected, best confidence: 0.97
[2025-10-15 21:16:04] INFO: Frame received: 640x480
[2025-10-15 21:16:05] INFO: Debug: 1 face(s) detected, best confidence: 0.98
[2025-10-15 21:16:05] INFO: Frame received: 640x480
[2025-10-15 21:16:05] INFO: Debug: 1 face(s) detected, best confidence: 0.98
[2025-10-15 21:16:05] INFO: Frame received: 640x480
[2025-10-15 21:16:05] INFO: Debug: 1 face(s) detected, best confidence: 0.98
[2025-10-15 21:16:05] INFO: Frame received: 640x480
[2025-10-15 21:16:05] INFO: Debug: 1 face(s) detected, best confidence: 0.99
[2025-10-15 21:16:05] INFO: Frame received: 640x480
[2025-10-15 21:16:05] INFO: Debug: 1 face(s) detected, best confidence: 0.99
[2025-10-15 21:16:05] INFO: Frame received: 640x480
[2025-10-15 21:16:05] INFO: Debug: 1 face(s) detected, best confidence: 0.99
[2025-10-15 21:16:05] INFO: Debug: Image saved with confidence 0.99
[2025-10-15 21:16:05] INFO: Frame received: 640x480
[2025-10-15 21:16:05] INFO: Debug: 1 face(s) detected, best confidence: 0.99
[2025-10-15 21:16:05] INFO: Frame received: 640x480
[2025-10-15 21:16:05] INFO: Debug: 1 face(s) detected, best confidence: 0.99
[2025-10-15 21:16:05] INFO: Frame received: 640x480
[2025-10-15 21:16:05] INFO: Debug: 1 face(s) detected, best confidence: 0.99
[2025-10-15 21:16:05] INFO: Frame received: 640x480
[2025-10-15 21:16:05] INFO: Debug: 1 face(s) detected, best confidence: 1.00
[2025-10-15 21:16:05] INFO: Frame received: 640x480
[2025-10-15 21:16:06] INFO: Debug: 1 face(s) detected, best confidence: 1.00
[2025-10-15 21:16:06] INFO: Frame received: 640x480
[2025-10-15 21:16:06] INFO: Debug: 1 face(s) detected, best confidence: 1.00
[2025-10-15 21:16:06] INFO: Frame received: 640x480
[2025-10-15 21:16:06] INFO: Debug: 1 face(s) detected, best confidence: 1.00
[2025-10-15 21:16:06] INFO: Frame received: 640x480
[2025-10-15 21:16:06] INFO: Debug: 1 face(s) detected, best confidence: 1.00
[2025-10-15 21:16:06] INFO: Frame received: 640x480
[2025-10-15 21:16:06] INFO: Debug: 1 face(s) detected, best confidence: 1.00
[2025-10-15 21:16:06] INFO: Frame received: 640x480
[2025-10-15 21:16:06] INFO: Debug: 1 face(s) detected, best confidence: 1.00
[2025-10-15 21:16:06] INFO: Frame received: 640x480
[2025-10-15 21:16:06] INFO: Debug: 4 face(s) detected, best confidence: 1.00
[2025-10-15 21:16:06] INFO: Debug: Image saved with confidence 0.85
[2025-10-15 21:16:06] INFO: Frame received: 640x480
[2025-10-15 21:16:06] INFO: Debug: 1 face(s) detected, best confidence: 1.00
[2025-10-15 21:16:06] INFO: Frame received: 640x480
[2025-10-15 21:16:06] INFO: Debug: 1 face(s) detected, best confidence: 1.00
[2025-10-15 21:16:06] INFO: Frame received: 640x480
[2025-10-15 21:16:06] INFO: Debug: 1 face(s) detected, best confidence: 1.00
[2025-10-15 21:16:06] INFO: Frame received: 640x480
[2025-10-15 21:16:07] INFO: Debug: 1 face(s) detected, best confidence: 1.00
[2025-10-15 21:16:07] INFO: Frame received: 640x480
[2025-10-15 21:16:07] INFO: Debug: 1 face(s) detected, best confidence: 1.00
[2025-10-15 21:16:07] INFO: Frame received: 640x480
[2025-10-15 21:16:07] INFO: Debug: 1 face(s) detected, best confidence: 1.00
[2025-10-15 21:16:07] INFO: Frame received: 640x480
[2025-10-15 21:16:07] INFO: Debug: 1 face(s) detected, best confidence: 1.00
[2025-10-15 21:16:07] INFO: Frame received: 640x480
[2025-10-15 21:16:07] INFO: Debug: 1 face(s) detected, best confidence: 1.00
[2025-10-15 21:16:07] INFO: Frame received: 640x480
[2025-10-15 21:16:07] INFO: Debug: 1 face(s) detected, best confidence: 1.00
[2025-10-15 21:16:07] INFO: Frame received: 640x480
[2025-10-15 21:16:07] INFO: Debug: 1 face(s) detected, best confidence: 0.98
[2025-10-15 21:16:07] INFO: Debug: Image saved with confidence 0.83
[2025-10-15 21:16:07] INFO: Frame received: 640x480
[2025-10-15 21:16:07] INFO: Debug: 1 face(s) detected, best confidence: 0.90
[2025-10-15 21:16:07] INFO: Frame received: 640x480
[2025-10-15 21:16:07] INFO: Debug: 1 face(s) detected, best confidence: 0.94
[2025-10-15 21:16:07] INFO: Frame received: 640x480
[2025-10-15 21:16:07] INFO: Debug: 1 face(s) detected, best confidence: 0.96
[2025-10-15 21:16:08] INFO: Frame received: 640x480
[2025-10-15 21:16:08] INFO: Debug: 1 face(s) detected, best confidence: 0.97
[2025-10-15 21:16:08] INFO: Frame received: 640x480
[2025-10-15 21:16:08] INFO: Debug: 1 face(s) detected, best confidence: 0.98
[2025-10-15 21:16:08] INFO: Frame received: 640x480
[2025-10-15 21:16:08] INFO: Debug: 1 face(s) detected, best confidence: 0.99
[2025-10-15 21:16:08] INFO: Frame received: 640x480
[2025-10-15 21:16:08] INFO: Debug: 1 face(s) detected, best confidence: 0.99
[2025-10-15 21:16:08] INFO: Frame received: 640x480
[2025-10-15 21:16:08] INFO: Debug: 1 face(s) detected, best confidence: 0.99
[2025-10-15 21:16:08] INFO: Frame received: 640x480
[2025-10-15 21:16:08] INFO: Debug: 1 face(s) detected, best confidence: 0.99
[2025-10-15 21:16:08] INFO: Frame received: 640x480
[2025-10-15 21:16:08] INFO: Debug: 1 face(s) detected, best confidence: 0.99
[2025-10-15 21:16:08] INFO: Frame received: 640x480
[2025-10-15 21:16:08] INFO: Debug: 1 face(s) detected, best confidence: 0.99
[2025-10-15 21:16:08] INFO: Debug: Image saved with confidence 0.99
[2025-10-15 21:16:08] INFO: Frame received: 640x480
[2025-10-15 21:16:08] INFO: Debug: 1 face(s) detected, best confidence: 0.99
[2025-10-15 21:16:08] INFO: Frame received: 640x480
[2025-10-15 21:16:08] INFO: Debug: 1 face(s) detected, best confidence: 0.99
[2025-10-15 21:16:09] INFO: Frame received: 640x480
[2025-10-15 21:16:09] INFO: Debug: 1 face(s) detected, best confidence: 0.99
[2025-10-15 21:16:09] INFO: Frame received: 640x480
[2025-10-15 21:16:09] INFO: Debug: 1 face(s) detected, best confidence: 0.99
[2025-10-15 21:16:09] INFO: Frame received: 640x480
[2025-10-15 21:16:09] INFO: Debug: 1 face(s) detected, best confidence: 0.99
[2025-10-15 21:16:09] INFO: Frame received: 640x480
[2025-10-15 21:16:09] INFO: Debug: 1 face(s) detected, best confidence: 0.99
[2025-10-15 21:16:09] INFO: Frame received: 640x480
[2025-10-15 21:16:09] INFO: Debug: 1 face(s) detected, best confidence: 0.99
[2025-10-15 21:16:09] INFO: Frame received: 640x480
[2025-10-15 21:16:09] INFO: Debug: 1 face(s) detected, best confidence: 0.99
[2025-10-15 21:16:09] INFO: Frame received: 640x480
[2025-10-15 21:16:09] INFO: Debug: 1 face(s) detected, best confidence: 0.99
[2025-10-15 21:16:09] INFO: Frame received: 640x480
[2025-10-15 21:16:09] INFO: Debug: 1 face(s) detected, best confidence: 0.89
[2025-10-15 21:16:09] INFO: Debug: Image saved with confidence 0.83
[2025-10-15 21:16:09] INFO: Frame received: 640x480
[2025-10-15 21:16:09] INFO: Debug: 1 face(s) detected, best confidence: 0.90
[2025-10-15 21:16:09] INFO: Frame received: 640x480
[2025-10-15 21:16:09] INFO: Debug: 1 face(s) detected, best confidence: 0.94
[2025-10-15 21:16:10] INFO: Frame received: 640x480
[2025-10-15 21:16:10] INFO: Debug: 1 face(s) detected, best confidence: 0.96
[2025-10-15 21:16:10] INFO: Frame received: 640x480
[2025-10-15 21:16:10] INFO: Debug: 1 face(s) detected, best confidence: 0.98
[2025-10-15 21:16:10] INFO: Frame received: 640x480
[2025-10-15 21:16:10] INFO: Debug: 1 face(s) detected, best confidence: 0.99
[2025-10-15 21:16:10] INFO: Frame received: 640x480
[2025-10-15 21:16:10] INFO: Debug: 1 face(s) detected, best confidence: 0.99
[2025-10-15 21:16:10] INFO: Frame received: 640x480
[2025-10-15 21:16:10] INFO: Debug: 1 face(s) detected, best confidence: 1.00
[2025-10-15 21:16:10] INFO: Frame received: 640x480
[2025-10-15 21:16:10] INFO: Debug: 1 face(s) detected, best confidence: 1.00
[2025-10-15 21:16:10] INFO: Frame received: 640x480
[2025-10-15 21:16:10] INFO: Debug: 1 face(s) detected, best confidence: 1.00
[2025-10-15 21:16:10] INFO: Frame received: 640x480
[2025-10-15 21:16:10] INFO: Debug: 1 face(s) detected, best confidence: 1.00
[2025-10-15 21:16:10] INFO: Debug: Image saved with confidence 1.00
[2025-10-15 21:16:10] INFO: Frame received: 640x480
[2025-10-15 21:16:10] INFO: Debug: 1 face(s) detected, best confidence: 1.00
[2025-10-15 21:16:10] INFO: Frame received: 640x480
[2025-10-15 21:16:10] INFO: Debug: 1 face(s) detected, best confidence: 1.00
[2025-10-15 21:16:11] INFO: Frame received: 640x480
[2025-10-15 21:16:11] INFO: Debug: 1 face(s) detected, best confidence: 1.00
[2025-10-15 21:16:11] INFO: Frame received: 640x480
[2025-10-15 21:16:11] INFO: Debug: 1 face(s) detected, best confidence: 1.00
[2025-10-15 21:16:11] INFO: Frame received: 640x480
[2025-10-15 21:16:11] INFO: Debug: 1 face(s) detected, best confidence: 1.00
[2025-10-15 21:16:11] INFO: Frame received: 640x480
[2025-10-15 21:16:11] INFO: Debug: 1 face(s) detected, best confidence: 1.00
[2025-10-15 21:16:11] INFO: Frame received: 640x480
[2025-10-15 21:16:11] INFO: Debug: 1 face(s) detected, best confidence: 1.00
[2025-10-15 21:16:11] INFO: Frame received: 640x480
[2025-10-15 21:16:11] INFO: Debug: 1 face(s) detected, best confidence: 1.00
[2025-10-15 21:16:11] INFO: Frame received: 640x480
[2025-10-15 21:16:11] INFO: Debug: 1 face(s) detected, best confidence: 1.00
[2025-10-15 21:16:11] INFO: Frame received: 640x480
[2025-10-15 21:16:11] INFO: Debug: 1 face(s) detected, best confidence: 1.00
[2025-10-15 21:16:11] INFO: Frame received: 640x480
[2025-10-15 21:16:11] INFO: Debug: 1 face(s) detected, best confidence: 0.85
[2025-10-15 21:16:11] INFO: Debug: Image saved with confidence 1.00
[2025-10-15 21:16:11] INFO: Frame received: 640x480
[2025-10-15 21:16:11] INFO: Debug: 1 face(s) detected, best confidence: 0.91
[2025-10-15 21:16:12] INFO: Frame received: 640x480
[2025-10-15 21:16:12] INFO: Debug: 1 face(s) detected, best confidence: 0.95
[2025-10-15 21:16:12] INFO: Frame received: 640x480
[2025-10-15 21:16:12] INFO: Debug: 1 face(s) detected, best confidence: 0.97
[2025-10-15 21:16:12] INFO: Frame received: 640x480
[2025-10-15 21:16:12] INFO: Debug: 1 face(s) detected, best confidence: 0.98
[2025-10-15 21:16:12] INFO: Frame received: 640x480
[2025-10-15 21:16:12] INFO: Debug: 1 face(s) detected, best confidence: 0.99
[2025-10-15 21:16:12] INFO: Frame received: 640x480
[2025-10-15 21:16:12] INFO: Debug: 1 face(s) detected, best confidence: 0.99
[2025-10-15 21:16:12] INFO: Frame received: 640x480
[2025-10-15 21:16:12] INFO: Debug: 1 face(s) detected, best confidence: 1.00
[2025-10-15 21:16:12] INFO: Frame received: 640x480
[2025-10-15 21:16:12] INFO: Debug: 1 face(s) detected, best confidence: 1.00
[2025-10-15 21:16:12] INFO: Frame received: 640x480
[2025-10-15 21:16:12] INFO: Debug: 1 face(s) detected, best confidence: 1.00
[2025-10-15 21:16:12] INFO: Frame received: 640x480
[2025-10-15 21:16:12] INFO: Debug: 1 face(s) detected, best confidence: 1.00
[2025-10-15 21:16:12] INFO: Debug: Image saved with confidence 1.00
[2025-10-15 21:16:12] INFO: Frame received: 640x480
[2025-10-15 21:16:13] INFO: Debug: 1 face(s) detected, best confidence: 1.00
[2025-10-15 21:16:13] INFO: Frame received: 640x480
[2025-10-15 21:16:13] INFO: Debug: 1 face(s) detected, best confidence: 1.00
[2025-10-15 21:16:13] INFO: Frame received: 640x480
[2025-10-15 21:16:13] INFO: Debug: 1 face(s) detected, best confidence: 1.00
[2025-10-15 21:16:13] INFO: Frame received: 640x480
[2025-10-15 21:16:13] INFO: Debug: 1 face(s) detected, best confidence: 1.00
[2025-10-15 21:16:13] INFO: Frame received: 640x480
[2025-10-15 21:16:13] INFO: Debug: 1 face(s) detected, best confidence: 1.00
[2025-10-15 21:16:13] INFO: Frame received: 640x480
[2025-10-15 21:16:13] INFO: Debug: 1 face(s) detected, best confidence: 1.00
[2025-10-15 21:16:13] INFO: Frame received: 640x480
[2025-10-15 21:16:13] INFO: Debug: 1 face(s) detected, best confidence: 1.00
[2025-10-15 21:16:13] INFO: Frame received: 640x480
[2025-10-15 21:16:13] INFO: Debug: 1 face(s) detected, best confidence: 1.00
[2025-10-15 21:16:13] INFO: Frame received: 640x480
[2025-10-15 21:16:13] INFO: Debug: 1 face(s) detected, best confidence: 1.00
[2025-10-15 21:16:13] INFO: Frame received: 640x480
[2025-10-15 21:16:13] INFO: Debug: 1 face(s) detected, best confidence: 1.00
[2025-10-15 21:16:13] INFO: Frame received: 640x480
[2025-10-15 21:16:14] INFO: Debug: 1 face(s) detected, best confidence: 1.00
[2025-10-15 21:16:14] INFO: Debug: Image saved with confidence 1.00
[2025-10-15 21:16:14] INFO: Frame received: 640x480
[2025-10-15 21:16:14] INFO: Debug: 1 face(s) detected, best confidence: 1.00
[2025-10-15 21:16:14] INFO: Frame received: 640x480
[2025-10-15 21:16:14] INFO: Debug: 1 face(s) detected, best confidence: 1.00
[2025-10-15 21:16:14] INFO: Frame received: 640x480
[2025-10-15 21:16:14] INFO: Debug: 1 face(s) detected, best confidence: 1.00
[2025-10-15 21:16:14] INFO: Frame received: 640x480
[2025-10-15 21:16:14] INFO: Debug: 1 face(s) detected, best confidence: 1.00
[2025-10-15 21:16:14] INFO: Frame received: 640x480
[2025-10-15 21:16:14] INFO: Debug: 1 face(s) detected, best confidence: 1.00
[2025-10-15 21:16:14] INFO: Frame received: 640x480
[2025-10-15 21:16:14] INFO: Debug: 1 face(s) detected, best confidence: 1.00
[2025-10-15 21:16:14] INFO: Frame received: 640x480
[2025-10-15 21:16:14] INFO: Debug: 1 face(s) detected, best confidence: 1.00
[2025-10-15 21:16:14] INFO: Frame received: 640x480
[2025-10-15 21:16:14] INFO: Debug: 1 face(s) detected, best confidence: 1.00
[2025-10-15 21:16:14] INFO: Frame received: 640x480
[2025-10-15 21:16:14] INFO: Debug: 1 face(s) detected, best confidence: 1.00
[2025-10-15 21:16:14] INFO: Frame received: 640x480
[2025-10-15 21:16:15] INFO: Debug: 1 face(s) detected, best confidence: 0.85
[2025-10-15 21:16:15] INFO: Debug: Image saved with confidence 0.85
[2025-10-15 21:16:15] INFO: Frame received: 640x480
[2025-10-15 21:16:15] INFO: Debug: 1 face(s) detected, best confidence: 1.00
[2025-10-15 21:16:15] INFO: Frame received: 640x480
[2025-10-15 21:16:15] INFO: Debug: 1 face(s) detected, best confidence: 1.00
[2025-10-15 21:16:15] INFO: Frame received: 640x480
[2025-10-15 21:16:15] INFO: Debug: 1 face(s) detected, best confidence: 1.00
[2025-10-15 21:16:15] INFO: Frame received: 640x480
[2025-10-15 21:16:15] INFO: Debug: 1 face(s) detected, best confidence: 1.00
[2025-10-15 21:16:15] INFO: Frame received: 640x480
[2025-10-15 21:16:15] INFO: Debug: 1 face(s) detected, best confidence: 1.00
[2025-10-15 21:16:15] INFO: Frame received: 640x480
[2025-10-15 21:16:15] INFO: Debug: 1 face(s) detected, best confidence: 1.00
[2025-10-15 21:16:15] INFO: Frame received: 640x480
[2025-10-15 21:16:15] INFO: Debug: 1 face(s) detected, best confidence: 1.00
[2025-10-15 21:16:15] INFO: Frame received: 640x480
[2025-10-15 21:16:15] INFO: Debug: 1 face(s) detected, best confidence: 1.00
[2025-10-15 21:16:15] INFO: Frame received: 640x480
[2025-10-15 21:16:15] INFO: Debug: 1 face(s) detected, best confidence: 1.00
[2025-10-15 21:16:15] INFO: Frame received: 640x480
[2025-10-15 21:16:16] INFO: Debug: 1 face(s) detected, best confidence: 1.00
[2025-10-15 21:16:16] INFO: Debug: Image saved with confidence 1.00
[2025-10-15 21:16:16] INFO: Frame received: 640x480
[2025-10-15 21:16:16] INFO: Debug: 1 face(s) detected, best confidence: 1.00
[2025-10-15 21:16:16] INFO: Frame received: 640x480
[2025-10-15 21:16:16] INFO: Debug: 1 face(s) detected, best confidence: 1.00
[2025-10-15 21:16:16] INFO: Frame received: 640x480
[2025-10-15 21:16:16] INFO: Debug: 1 face(s) detected, best confidence: 1.00
[2025-10-15 21:16:16] INFO: Frame received: 640x480
[2025-10-15 21:16:16] INFO: Debug: 1 face(s) detected, best confidence: 1.00
[2025-10-15 21:16:16] INFO: Frame received: 640x480
[2025-10-15 21:16:16] INFO: Debug: 1 face(s) detected, best confidence: 1.00
[2025-10-15 21:16:16] INFO: Frame received: 640x480
[2025-10-15 21:16:16] INFO: Debug: 1 face(s) detected, best confidence: 1.00
[2025-10-15 21:16:16] INFO: Frame received: 640x480
[2025-10-15 21:16:16] INFO: Debug: 1 face(s) detected, best confidence: 1.00
[2025-10-15 21:16:16] INFO: Frame received: 640x480
[2025-10-15 21:16:16] INFO: Debug: 1 face(s) detected, best confidence: 1.00
[2025-10-15 21:16:16] INFO: Frame received: 640x480
[2025-10-15 21:16:16] INFO: Debug: 1 face(s) detected, best confidence: 1.00
[2025-10-15 21:16:16] INFO: Frame received: 640x480
[2025-10-15 21:16:17] INFO: Debug: 1 face(s) detected, best confidence: 1.00
[2025-10-15 21:16:17] INFO: Frame received: 640x480
[2025-10-15 21:16:17] INFO: Debug: 1 face(s) detected, best confidence: 0.85
[2025-10-15 21:16:17] INFO: Debug: Image saved with confidence 1.00
[2025-10-15 21:16:17] INFO: Frame received: 640x480
[2025-10-15 21:16:17] INFO: Debug: 1 face(s) detected, best confidence: 1.00
[2025-10-15 21:16:17] INFO: Frame received: 640x480
[2025-10-15 21:16:17] INFO: Debug: 1 face(s) detected, best confidence: 1.00
[2025-10-15 21:16:17] INFO: Frame received: 640x480
[2025-10-15 21:16:17] INFO: Debug: 1 face(s) detected, best confidence: 1.00
[2025-10-15 21:16:17] INFO: Frame received: 640x480
[2025-10-15 21:16:17] INFO: Debug: 1 face(s) detected, best confidence: 1.00
[2025-10-15 21:16:17] INFO: Frame received: 640x480
[2025-10-15 21:16:17] INFO: Debug: 1 face(s) detected, best confidence: 1.00
[2025-10-15 21:16:17] INFO: Frame received: 640x480
[2025-10-15 21:16:17] INFO: Debug: 1 face(s) detected, best confidence: 1.00
[2025-10-15 21:16:17] INFO: Frame received: 640x480
[2025-10-15 21:16:17] INFO: Debug: 1 face(s) detected, best confidence: 1.00
[2025-10-15 21:16:17] INFO: Frame received: 640x480
[2025-10-15 21:16:17] INFO: Debug: 1 face(s) detected, best confidence: 1.00
[2025-10-15 21:16:17] INFO: Frame received: 640x480
[2025-10-15 21:16:18] INFO: Debug: 1 face(s) detected, best confidence: 1.00
[2025-10-15 21:16:18] INFO: Frame received: 640x480
[2025-10-15 21:16:18] INFO: Debug: 1 face(s) detected, best confidence: 1.00
[2025-10-15 21:16:18] INFO: Frame received: 640x480
[2025-10-15 21:16:18] INFO: Debug: 1 face(s) detected, best confidence: 1.00
[2025-10-15 21:16:18] INFO: Frame received: 640x480
[2025-10-15 21:16:18] INFO: Debug: 1 face(s) detected, best confidence: 1.00
[2025-10-15 21:16:18] SEVERE: Deep embedding generation failed: cv::Exception: OpenCV(4.8.0) C:\GHA-OCV-1\_work\ci-gha-workflow\ci-gha-workflow\opencv\modules\dnn\src\layers\reshape_layer.cpp:109: error: (-215:Assertion failed) total(srcShape, srcRange.start, srcRange.end) == maskTotal in function 'cv::dnn::computeShapeByReshapeMask'
[2025-10-15 21:16:18] INFO: Frame received: 640x480
[2025-10-15 21:16:18] INFO: Debug: 1 face(s) detected, best confidence: 1.00
[2025-10-15 21:16:18] SEVERE: Deep embedding generation failed: cv::Exception: OpenCV(4.8.0) C:\GHA-OCV-1\_work\ci-gha-workflow\ci-gha-workflow\opencv\modules\dnn\src\layers\reshape_layer.cpp:109: error: (-215:Assertion failed) total(srcShape, srcRange.start, srcRange.end) == maskTotal in function 'cv::dnn::computeShapeByReshapeMask'
[2025-10-15 21:16:18] INFO: Frame received: 640x480
[2025-10-15 21:16:18] INFO: Debug: 1 face(s) detected, best confidence: 1.00
[2025-10-15 21:16:18] SEVERE: Deep embedding generation failed: cv::Exception: OpenCV(4.8.0) C:\GHA-OCV-1\_work\ci-gha-workflow\ci-gha-workflow\opencv\modules\dnn\src\layers\reshape_layer.cpp:109: error: (-215:Assertion failed) total(srcShape, srcRange.start, srcRange.end) == maskTotal in function 'cv::dnn::computeShapeByReshapeMask'
[2025-10-15 21:16:18] INFO: Frame received: 640x480
[2025-10-15 21:16:18] SEVERE: Deep embedding generation failed: cv::Exception: OpenCV(4.8.0) C:\GHA-OCV-1\_work\ci-gha-workflow\ci-gha-workflow\opencv\modules\dnn\src\layers\reshape_layer.cpp:109: error: (-215:Assertion failed) total(srcShape, srcRange.start, srcRange.end) == maskTotal in function 'cv::dnn::computeShapeByReshapeMask'
[2025-10-15 21:16:18] INFO: Debug: 1 face(s) detected, best confidence: 1.00
[2025-10-15 21:16:18] SEVERE: Deep embedding generation failed: cv::Exception: OpenCV(4.8.0) C:\GHA-OCV-1\_work\ci-gha-workflow\ci-gha-workflow\opencv\modules\dnn\src\layers\reshape_layer.cpp:109: error: (-215:Assertion failed) total(srcShape, srcRange.start, srcRange.end) == maskTotal in function 'cv::dnn::computeShapeByReshapeMask'
[2025-10-15 21:16:18] INFO: Frame received: 640x480
[2025-10-15 21:16:18] INFO: Debug: 1 face(s) detected, best confidence: 1.00
[2025-10-15 21:16:18] SEVERE: Deep embedding generation failed: cv::Exception: OpenCV(4.8.0) C:\GHA-OCV-1\_work\ci-gha-workflow\ci-gha-workflow\opencv\modules\dnn\src\layers\reshape_layer.cpp:109: error: (-215:Assertion failed) total(srcShape, srcRange.start, srcRange.end) == maskTotal in function 'cv::dnn::computeShapeByReshapeMask'
[2025-10-15 21:16:18] INFO: Frame received: 640x480
[2025-10-15 21:16:18] SEVERE: Deep embedding generation failed: cv::Exception: OpenCV(4.8.0) C:\GHA-OCV-1\_work\ci-gha-workflow\ci-gha-workflow\opencv\modules\dnn\src\layers\reshape_layer.cpp:109: error: (-215:Assertion failed) total(srcShape, srcRange.start, srcRange.end) == maskTotal in function 'cv::dnn::computeShapeByReshapeMask'
[2025-10-15 21:16:18] INFO: Debug: 1 face(s) detected, best confidence: 1.00
[2025-10-15 21:16:18] SEVERE: Deep embedding generation failed: cv::Exception: OpenCV(4.8.0) C:\GHA-OCV-1\_work\ci-gha-workflow\ci-gha-workflow\opencv\modules\dnn\src\layers\reshape_layer.cpp:109: error: (-215:Assertion failed) total(srcShape, srcRange.start, srcRange.end) == maskTotal in function 'cv::dnn::computeShapeByReshapeMask'
[2025-10-15 21:16:18] INFO: Frame received: 640x480
[2025-10-15 21:16:18] INFO: Debug: 1 face(s) detected, best confidence: 1.00
[2025-10-15 21:16:18] SEVERE: Deep embedding generation failed: cv::Exception: OpenCV(4.8.0) C:\GHA-OCV-1\_work\ci-gha-workflow\ci-gha-workflow\opencv\modules\dnn\src\layers\reshape_layer.cpp:109: error: (-215:Assertion failed) total(srcShape, srcRange.start, srcRange.end) == maskTotal in function 'cv::dnn::computeShapeByReshapeMask'
[2025-10-15 21:16:19] INFO: Frame received: 640x480
[2025-10-15 21:16:19] INFO: Debug: 1 face(s) detected, best confidence: 1.00
[2025-10-15 21:16:19] SEVERE: Deep embedding generation failed: cv::Exception: OpenCV(4.8.0) C:\GHA-OCV-1\_work\ci-gha-workflow\ci-gha-workflow\opencv\modules\dnn\src\layers\reshape_layer.cpp:109: error: (-215:Assertion failed) total(srcShape, srcRange.start, srcRange.end) == maskTotal in function 'cv::dnn::computeShapeByReshapeMask'
[2025-10-15 21:16:19] INFO: Frame received: 640x480
[2025-10-15 21:16:19] INFO: Debug: 1 face(s) detected, best confidence: 1.00
[2025-10-15 21:16:19] SEVERE: Deep embedding generation failed: cv::Exception: OpenCV(4.8.0) C:\GHA-OCV-1\_work\ci-gha-workflow\ci-gha-workflow\opencv\modules\dnn\src\layers\reshape_layer.cpp:109: error: (-215:Assertion failed) total(srcShape, srcRange.start, srcRange.end) == maskTotal in function 'cv::dnn::computeShapeByReshapeMask'
[2025-10-15 21:16:19] INFO: Frame received: 640x480
[2025-10-15 21:16:19] SEVERE: Deep embedding generation failed: cv::Exception: OpenCV(4.8.0) C:\GHA-OCV-1\_work\ci-gha-workflow\ci-gha-workflow\opencv\modules\dnn\src\layers\reshape_layer.cpp:109: error: (-215:Assertion failed) total(srcShape, srcRange.start, srcRange.end) == maskTotal in function 'cv::dnn::computeShapeByReshapeMask'
[2025-10-15 21:16:19] INFO: Debug: 1 face(s) detected, best confidence: 1.00
[2025-10-15 21:16:19] INFO: Frame received: 640x480
[2025-10-15 21:16:19] SEVERE: Deep embedding generation failed: cv::Exception: OpenCV(4.8.0) C:\GHA-OCV-1\_work\ci-gha-workflow\ci-gha-workflow\opencv\modules\dnn\src\layers\reshape_layer.cpp:109: error: (-215:Assertion failed) total(srcShape, srcRange.start, srcRange.end) == maskTotal in function 'cv::dnn::computeShapeByReshapeMask'
[2025-10-15 21:16:19] INFO: Debug: 1 face(s) detected, best confidence: 1.00
[2025-10-15 21:16:19] INFO: Frame received: 640x480
[2025-10-15 21:16:19] SEVERE: Deep embedding generation failed: cv::Exception: OpenCV(4.8.0) C:\GHA-OCV-1\_work\ci-gha-workflow\ci-gha-workflow\opencv\modules\dnn\src\layers\reshape_layer.cpp:109: error: (-215:Assertion failed) total(srcShape, srcRange.start, srcRange.end) == maskTotal in function 'cv::dnn::computeShapeByReshapeMask'
[2025-10-15 21:16:19] INFO: Debug: 1 face(s) detected, best confidence: 1.00
[2025-10-15 21:16:19] SEVERE: Deep embedding generation failed: cv::Exception: OpenCV(4.8.0) C:\GHA-OCV-1\_work\ci-gha-workflow\ci-gha-workflow\opencv\modules\dnn\src\layers\reshape_layer.cpp:109: error: (-215:Assertion failed) total(srcShape, srcRange.start, srcRange.end) == maskTotal in function 'cv::dnn::computeShapeByReshapeMask'
[2025-10-15 21:16:19] INFO: Debug: Capture process finished
[2025-10-15 21:16:19] INFO: Capture result: true - Captured 15 images. Accepted 15, Rejected 0.
[2025-10-15 21:16:19] INFO: Frame received: 640x480
[2025-10-15 21:16:19] INFO: Debug: 1 face(s) detected, best confidence: 1.00
[2025-10-15 21:16:19] INFO: Frame received: 640x480
[2025-10-15 21:16:19] INFO: Debug: 1 face(s) detected, best confidence: 1.00
[2025-10-15 21:16:19] INFO: Frame received: 640x480
[2025-10-15 21:16:19] INFO: Debug: 1 face(s) detected, best confidence: 1.00
[2025-10-15 21:16:19] INFO: Frame received: 640x480
[2025-10-15 21:16:19] INFO: Debug: 1 face(s) detected, best confidence: 1.00
[2025-10-15 21:16:19] INFO: Frame received: 640x480
[2025-10-15 21:16:19] INFO: Debug: 1 face(s) detected, best confidence: 1.00
[2025-10-15 21:16:20] INFO: Frame received: 640x480
[2025-10-15 21:16:20] INFO: Debug: 1 face(s) detected, best confidence: 1.00
[2025-10-15 21:16:20] INFO: Frame received: 640x480
[2025-10-15 21:16:20] INFO: Debug: 1 face(s) detected, best confidence: 1.00
[2025-10-15 21:16:20] INFO: Frame received: 640x480
[2025-10-15 21:16:20] INFO: Debug: 1 face(s) detected, best confidence: 1.00
[2025-10-15 21:16:20] INFO: Frame received: 640x480
[2025-10-15 21:16:20] INFO: Debug: 1 face(s) detected, best confidence: 1.00
[2025-10-15 21:16:20] INFO: Frame received: 640x480
[2025-10-15 21:16:20] INFO: Debug: 1 face(s) detected, best confidence: 1.00
[2025-10-15 21:16:20] INFO: Frame received: 640x480
[2025-10-15 21:16:20] INFO: Debug: 1 face(s) detected, best confidence: 1.00
[2025-10-15 21:16:20] INFO: Frame received: 640x480
[2025-10-15 21:16:20] INFO: Debug: 1 face(s) detected, best confidence: 1.00
[2025-10-15 21:16:20] INFO: Frame received: 640x480
[2025-10-15 21:16:20] INFO: Debug: 1 face(s) detected, best confidence: 1.00
[2025-10-15 21:16:20] INFO: Frame received: 640x480
[2025-10-15 21:16:20] INFO: Debug: 1 face(s) detected, best confidence: 1.00
[2025-10-15 21:16:20] INFO: Frame received: 640x480
[2025-10-15 21:16:20] INFO: Debug: 1 face(s) detected, best confidence: 1.00
[2025-10-15 21:16:21] INFO: Frame received: 640x480
[2025-10-15 21:16:21] INFO: Debug: 1 face(s) detected, best confidence: 1.00
[2025-10-15 21:16:21] INFO: Frame received: 640x480
[2025-10-15 21:16:21] INFO: Debug: 1 face(s) detected, best confidence: 1.00
[2025-10-15 21:16:21] INFO: Frame received: 640x480
[2025-10-15 21:16:21] INFO: Debug: 1 face(s) detected, best confidence: 1.00
[2025-10-15 21:16:21] INFO: Frame received: 640x480
[2025-10-15 21:16:21] INFO: Debug: 1 face(s) detected, best confidence: 1.00
[2025-10-15 21:16:21] INFO: Frame received: 640x480
[2025-10-15 21:16:21] INFO: Debug: 1 face(s) detected, best confidence: 1.00
[2025-10-15 21:16:21] INFO: Frame received: 640x480
[2025-10-15 21:16:21] INFO: Debug: 1 face(s) detected, best confidence: 1.00
[2025-10-15 21:16:21] INFO: Frame received: 640x480
[2025-10-15 21:16:21] INFO: Debug: 1 face(s) detected, best confidence: 1.00
[2025-10-15 21:16:21] INFO: Frame received: 640x480
[2025-10-15 21:16:21] INFO: Debug: 1 face(s) detected, best confidence: 1.00
[2025-10-15 21:16:21] INFO: Frame received: 640x480
[2025-10-15 21:16:21] INFO: Debug: 1 face(s) detected, best confidence: 1.00
[2025-10-15 21:16:21] INFO: Frame received: 640x480
[2025-10-15 21:16:22] INFO: Debug: 1 face(s) detected, best confidence: 1.00
[2025-10-15 21:16:22] INFO: Frame received: 640x480
[2025-10-15 21:16:22] INFO: Debug: 1 face(s) detected, best confidence: 1.00
[2025-10-15 21:16:22] INFO: Frame received: 640x480
[2025-10-15 21:16:22] INFO: Debug: 1 face(s) detected, best confidence: 1.00
[2025-10-15 21:16:22] INFO: Frame received: 640x480
[2025-10-15 21:16:22] INFO: Debug: 1 face(s) detected, best confidence: 1.00
[2025-10-15 21:16:22] INFO: Frame received: 640x480
[2025-10-15 21:16:22] INFO: Debug: 1 face(s) detected, best confidence: 1.00
[2025-10-15 21:16:22] INFO: Frame received: 640x480
[2025-10-15 21:16:22] INFO: Debug: 1 face(s) detected, best confidence: 1.00
[2025-10-15 21:16:22] INFO: Debug: All images captured successfully
[2025-10-15 21:16:22] INFO: Frame received: 640x480
[2025-10-15 21:16:22] INFO: Debug: 1 face(s) detected, best confidence: 1.00
[2025-10-15 21:16:22] INFO: Frame received: 640x480
[2025-10-15 21:16:22] INFO: Debug: 1 face(s) detected, best confidence: 1.00
[2025-10-15 21:16:22] INFO: Frame received: 640x480
[2025-10-15 21:16:22] INFO: Debug: 1 face(s) detected, best confidence: 1.00
[2025-10-15 21:16:22] INFO: Frame received: 640x480
[2025-10-15 21:16:22] INFO: Debug: 1 face(s) detected, best confidence: 1.00
[2025-10-15 21:16:22] INFO: Frame received: 640x480
[2025-10-15 21:16:22] INFO: Debug: 1 face(s) detected, best confidence: 1.00
[2025-10-15 21:16:23] INFO: Frame received: 640x480
[2025-10-15 21:16:23] INFO: Debug: 1 face(s) detected, best confidence: 1.00
[2025-10-15 21:16:23] INFO: Frame received: 640x480
[2025-10-15 21:16:23] INFO: Debug: 1 face(s) detected, best confidence: 1.00
[2025-10-15 21:16:23] INFO: Frame received: 640x480
[2025-10-15 21:16:23] INFO: Debug: 1 face(s) detected, best confidence: 1.00
[2025-10-15 21:16:23] INFO: Frame received: 640x480
[2025-10-15 21:16:23] INFO: Debug: 1 face(s) detected, best confidence: 1.00
[2025-10-15 21:16:23] INFO: Frame received: 640x480
[2025-10-15 21:16:23] INFO: Debug: 1 face(s) detected, best confidence: 1.00
[2025-10-15 21:16:23] INFO: Frame received: 640x480
[2025-10-15 21:16:23] INFO: Debug: 1 face(s) detected, best confidence: 1.00
[2025-10-15 21:16:23] INFO: Frame received: 640x480
[2025-10-15 21:16:23] INFO: Debug: 1 face(s) detected, best confidence: 1.00
[2025-10-15 21:16:23] INFO: Frame received: 640x480
[2025-10-15 21:16:23] INFO: Debug: 1 face(s) detected, best confidence: 1.00
[2025-10-15 21:16:23] INFO: Frame received: 640x480
[2025-10-15 21:16:23] INFO: Debug: 1 face(s) detected, best confidence: 1.00
[2025-10-15 21:16:23] INFO: Frame received: 640x480
[2025-10-15 21:16:24] INFO: Debug: 1 face(s) detected, best confidence: 1.00
[2025-10-15 21:16:24] INFO: Frame received: 640x480
[2025-10-15 21:16:24] INFO: Debug: 1 face(s) detected, best confidence: 1.00
[2025-10-15 21:16:24] INFO: Frame received: 640x480
[2025-10-15 21:16:24] INFO: Debug: 1 face(s) detected, best confidence: 1.00
[2025-10-15 21:16:24] INFO: Frame received: 640x480
[2025-10-15 21:16:24] INFO: Debug: 1 face(s) detected, best confidence: 1.00
[2025-10-15 21:16:24] INFO: Frame received: 640x480
[2025-10-15 21:16:24] INFO: Debug: 1 face(s) detected, best confidence: 1.00
[2025-10-15 21:16:24] INFO: Frame received: 640x480
[2025-10-15 21:16:24] INFO: Debug: 1 face(s) detected, best confidence: 1.00
[2025-10-15 21:16:24] INFO: Frame received: 640x480
[2025-10-15 21:16:24] INFO: Debug: 1 face(s) detected, best confidence: 1.00
[2025-10-15 21:16:24] INFO: Frame received: 640x480
[2025-10-15 21:16:24] INFO: Debug: 1 face(s) detected, best confidence: 1.00
[2025-10-15 21:16:24] INFO: Frame received: 640x480
[2025-10-15 21:16:24] INFO: Debug: 1 face(s) detected, best confidence: 1.00
[2025-10-15 21:16:24] INFO: Frame received: 640x480
[2025-10-15 21:16:24] INFO: Debug: 1 face(s) detected, best confidence: 1.00
[2025-10-15 21:16:24] INFO: Disposing FaceCaptureDialog...
[2025-10-15 21:16:24] INFO: Preview timer stopped
[2025-10-15 21:16:25] INFO: Face detection resources released
