[2025-10-19 01:09:10] INFO: Application Logger Initialized.
[2025-10-19 01:09:10] INFO: Configuration loaded from file: C:\SMU\CS102 Project\FaceRecognitionCS102\app.properties
[2025-10-19 01:09:10] INFO: GUI launched successfully
[2025-10-19 01:09:31] INFO: Face embedding model loaded successfully
[2025-10-19 01:09:31] INFO: ￢ﾜﾓ Facial landmark detector (cascade-based) loaded successfully
[2025-10-19 01:09:31] INFO: FaceCaptureDialog created for student: wyn
[2025-10-19 01:09:32] INFO: Dialog initialized
[2025-10-19 01:09:32] INFO: Starting camera preview...
[2025-10-19 01:09:32] INFO: Camera FPS: 30.0
[2025-10-19 01:09:32] INFO: Preview timer started
[2025-10-19 01:09:56] INFO: Starting capture process...
[2025-10-19 01:09:56] INFO: Performing capture with target: 15
[2025-10-19 01:09:56] INFO: Debug: Capture process started
[2025-10-19 01:09:56] INFO: Debug: Image saved with confidence 1.00
[2025-10-19 01:09:57] INFO: Debug: Image saved with confidence 1.00
[2025-10-19 01:09:58] INFO: Debug: Warning - No face detected - please position your face in the camera view
[2025-10-19 01:09:58] INFO: Debug: Image saved with confidence 1.00
[2025-10-19 01:09:59] INFO: Debug: Image saved with confidence 1.00
[2025-10-19 01:10:00] INFO: Debug: Image saved with confidence 1.00
[2025-10-19 01:10:01] INFO: Debug: Image saved with confidence 1.00
[2025-10-19 01:10:01] INFO: Debug: Image saved with confidence 1.00
[2025-10-19 01:10:02] INFO: Debug: Image saved with confidence 1.00
[2025-10-19 01:10:03] INFO: Debug: Image saved with confidence 1.00
[2025-10-19 01:10:04] INFO: Debug: Image saved with confidence 0.82
[2025-10-19 01:10:05] INFO: Debug: Image saved with confidence 0.96
[2025-10-19 01:10:06] INFO: Debug: Image saved with confidence 1.00
[2025-10-19 01:10:07] INFO: Debug: Image saved with confidence 1.00
[2025-10-19 01:10:08] INFO: Debug: Image saved with confidence 1.00
[2025-10-19 01:10:09] INFO: Debug: Image saved with confidence 1.00
[2025-10-19 01:10:10] INFO: Debug: Capture process finished
[2025-10-19 01:10:10] INFO: Debug: Processing captured images (quality check, landmarks, embeddings)...
[2025-10-19 01:10:10] INFO: Debug: Processing embedding 1/15
[2025-10-19 01:10:10] INFO: Debug: Processing embedding 2/15
[2025-10-19 01:10:10] INFO: Debug: Processing embedding 3/15
[2025-10-19 01:10:10] INFO: Debug: Processing embedding 4/15
[2025-10-19 01:10:11] INFO: Debug: Processing embedding 5/15
[2025-10-19 01:10:11] INFO: Debug: Processing embedding 6/15
[2025-10-19 01:10:11] INFO: Debug: Processing embedding 7/15
[2025-10-19 01:10:11] INFO: Debug: Processing embedding 8/15
[2025-10-19 01:10:11] INFO: Debug: Processing embedding 9/15
[2025-10-19 01:10:11] INFO: Debug: Processing embedding 10/15
[2025-10-19 01:10:11] INFO: Debug: Processing embedding 11/15
[2025-10-19 01:10:12] INFO: Debug: Processing embedding 12/15
[2025-10-19 01:10:12] INFO: Debug: Processing embedding 13/15
[2025-10-19 01:10:12] INFO: Debug: Processing embedding 14/15
[2025-10-19 01:10:12] INFO: Debug: Processing embedding 15/15
[2025-10-19 01:10:12] INFO: Debug: Embedding generation completed
[2025-10-19 01:10:12] INFO: Debug: Warning - Analyzing captured images for quality...
[2025-10-19 01:10:12] INFO: Capture result: true - Successfully captured 13 high-quality face images
[2025-10-19 01:10:12] INFO: Debug: Warning - Removed 2 outlier image(s) with low similarity (65.0% avg). Tightness improved: 0.850 ￢ﾆﾒ 0.922
[2025-10-19 01:10:17] INFO: Debug: All images captured successfully
[2025-10-19 01:10:18] INFO: Disposing FaceCaptureDialog...
[2025-10-19 01:10:18] INFO: Preview timer stopped
[2025-10-19 01:10:18] INFO: Face detection resources released
