[2025-10-21 22:14:21] INFO: Application Logger Initialized.
[2025-10-21 22:14:21] INFO: FaceRecognitionDemo Starting...
[2025-10-21 22:14:21] INFO: Configuration loaded from file: C:\SMU\CS102 Project\FaceRecognitionCS102\app.properties
[2025-10-21 22:14:21] INFO: ￢ﾜﾅ OpenFace nn4.small2.v1 model loaded successfully
[2025-10-21 22:14:21] INFO: === Folder debug ===
[2025-10-21 22:14:21] INFO: Found folder: C:\SMU\CS102 Project\FaceRecognitionCS102\data\facedata\S12313_ma
[2025-10-21 22:14:21] INFO:   Contains: 36 items
[2025-10-21 22:14:21] INFO:   Display label: S12313 - ma
[2025-10-21 22:14:21] INFO: Found folder: C:\SMU\CS102 Project\FaceRecognitionCS102\data\facedata\S13234_Jin_Rae
[2025-10-21 22:14:21] INFO:   Contains: 38 items
[2025-10-21 22:14:21] INFO:   Display label: S13234 - Jin_Rae
[2025-10-21 22:14:21] INFO: ====================
[2025-10-21 22:14:21] INFO: Person S12313 - ma: tightness=0.934, stdDev=0.015, absThresh=0.607, margin=0.107
[2025-10-21 22:14:21] INFO: Person S13234 - Jin_Rae: tightness=0.869, stdDev=0.027, absThresh=0.613, margin=0.113
[2025-10-21 22:14:21] INFO: DNN face detector loaded successfully for recognition
[2025-10-21 22:14:21] INFO: Attempting camera index 0 with DSHOW backend...
[2025-10-21 22:14:22] INFO: Camera opened successfully: index 0 with DSHOW backend
[2025-10-21 22:14:23] INFO: Camera configured: 640x480 @ 30fps (MJPEG: yes)
[2025-10-21 22:14:23] INFO: Camera initialized successfully
[2025-10-21 22:14:24] INFO: [Recognition] Scores: S12313 - ma=0.621 S13234 - Jin_Rae=0.727 
[2025-10-21 22:14:24] INFO: [Decision] Best=S13234 - Jin_Rae(0.727), 2nd=0.621, Discriminative=0.603, AvgNeg=0.621
[2025-10-21 22:14:24] INFO: [Thresholds] Abs=0.613, Margin=0.113(15.6%), RelMargin=14.5%, Tightness=0.869, StdDev=0.027
[2025-10-21 22:14:24] INFO: [Decision] ACCEPT: Strong margin hold (14.5%)
[2025-10-21 22:14:24] INFO: [Recognition] Scores: S12313 - ma=0.675 S13234 - Jin_Rae=0.719 
[2025-10-21 22:14:24] INFO: [Decision] Best=S13234 - Jin_Rae(0.719), 2nd=0.675, Discriminative=0.584, AvgNeg=0.675
[2025-10-21 22:14:24] INFO: [Thresholds] Abs=0.613, Margin=0.113(15.7%), RelMargin=6.2%, Tightness=0.869, StdDev=0.027
[2025-10-21 22:14:24] INFO: [Decision] REJECT: Abs=
[2025-10-21 22:14:24] INFO: true
[2025-10-21 22:14:24] INFO: , AbsMargin=
[2025-10-21 22:14:24] INFO: false
[2025-10-21 22:14:24] INFO: , RelMargin=
[2025-10-21 22:14:24] INFO: false
[2025-10-21 22:14:24] INFO: (
[2025-10-21 22:14:24] INFO: 6.2
[2025-10-21 22:14:24] INFO: %
[2025-10-21 22:14:24] INFO: ), StrongMargin=
[2025-10-21 22:14:24] INFO: false
[2025-10-21 22:14:24] INFO: (
[2025-10-21 22:14:24] INFO: 12.0
[2025-10-21 22:14:24] INFO: %
[2025-10-21 22:14:24] INFO: ), Discrim=
[2025-10-21 22:14:24] INFO: false
[2025-10-21 22:14:24] INFO: , Consist=
[2025-10-21 22:14:24] INFO: false
[2025-10-21 22:14:24] INFO: (
[2025-10-21 22:14:24] INFO: 1
[2025-10-21 22:14:24] INFO: /
[2025-10-21 22:14:24] INFO: 7
[2025-10-21 22:14:24] INFO: )
[2025-10-21 22:14:24] INFO: [Recognition] Scores: S12313 - ma=0.639 S13234 - Jin_Rae=0.704 
[2025-10-21 22:14:24] INFO: [Decision] Best=S13234 - Jin_Rae(0.704), 2nd=0.639, Discriminative=0.576, AvgNeg=0.639
[2025-10-21 22:14:24] INFO: [Thresholds] Abs=0.613, Margin=0.113(16.1%), RelMargin=9.2%, Tightness=0.869, StdDev=0.027
[2025-10-21 22:14:24] INFO: [Decision] REJECT: Abs=
[2025-10-21 22:14:24] INFO: true
[2025-10-21 22:14:24] INFO: , AbsMargin=
[2025-10-21 22:14:24] INFO: false
[2025-10-21 22:14:24] INFO: , RelMargin=
[2025-10-21 22:14:24] INFO: false
[2025-10-21 22:14:24] INFO: (
[2025-10-21 22:14:24] INFO: 9.2
[2025-10-21 22:14:24] INFO: %
[2025-10-21 22:14:24] INFO: ), StrongMargin=
[2025-10-21 22:14:24] INFO: false
[2025-10-21 22:14:24] INFO: (
[2025-10-21 22:14:24] INFO: 12.0
[2025-10-21 22:14:24] INFO: %
[2025-10-21 22:14:24] INFO: ), Discrim=
[2025-10-21 22:14:24] INFO: false
[2025-10-21 22:14:24] INFO: , Consist=
[2025-10-21 22:14:24] INFO: false
[2025-10-21 22:14:24] INFO: (
[2025-10-21 22:14:24] INFO: 1
[2025-10-21 22:14:24] INFO: /
[2025-10-21 22:14:24] INFO: 7
[2025-10-21 22:14:24] INFO: )
[2025-10-21 22:14:24] INFO: [Recognition] Scores: S12313 - ma=0.620 S13234 - Jin_Rae=0.694 
[2025-10-21 22:14:24] INFO: [Decision] Best=S13234 - Jin_Rae(0.694), 2nd=0.620, Discriminative=0.570, AvgNeg=0.620
[2025-10-21 22:14:24] INFO: [Thresholds] Abs=0.613, Margin=0.113(16.3%), RelMargin=10.6%, Tightness=0.869, StdDev=0.027
[2025-10-21 22:14:24] INFO: [Decision] REJECT: Abs=
[2025-10-21 22:14:24] INFO: true
[2025-10-21 22:14:24] INFO: , AbsMargin=
[2025-10-21 22:14:24] INFO: false
[2025-10-21 22:14:24] INFO: , RelMargin=
[2025-10-21 22:14:24] INFO: false
[2025-10-21 22:14:24] INFO: (
[2025-10-21 22:14:24] INFO: 10.6
[2025-10-21 22:14:24] INFO: %
[2025-10-21 22:14:24] INFO: ), StrongMargin=
[2025-10-21 22:14:24] INFO: false
[2025-10-21 22:14:24] INFO: (
[2025-10-21 22:14:24] INFO: 12.0
[2025-10-21 22:14:24] INFO: %
[2025-10-21 22:14:24] INFO: ), Discrim=
[2025-10-21 22:14:24] INFO: false
[2025-10-21 22:14:24] INFO: , Consist=
[2025-10-21 22:14:24] INFO: false
[2025-10-21 22:14:24] INFO: (
[2025-10-21 22:14:24] INFO: 1
[2025-10-21 22:14:24] INFO: /
[2025-10-21 22:14:24] INFO: 7
[2025-10-21 22:14:24] INFO: )
[2025-10-21 22:14:24] INFO: [Recognition] Scores: S12313 - ma=0.650 S13234 - Jin_Rae=0.763 
[2025-10-21 22:14:24] INFO: [Decision] Best=S13234 - Jin_Rae(0.763), 2nd=0.650, Discriminative=0.633, AvgNeg=0.650
[2025-10-21 22:14:24] INFO: [Thresholds] Abs=0.613, Margin=0.113(14.8%), RelMargin=14.8%, Tightness=0.869, StdDev=0.027
[2025-10-21 22:14:24] INFO: [Decision] ACCEPT: Strong margin hold (14.8%)
[2025-10-21 22:14:24] INFO: [Recognition] Scores: S12313 - ma=0.653 S13234 - Jin_Rae=0.748 
[2025-10-21 22:14:24] INFO: [Decision] Best=S13234 - Jin_Rae(0.748), 2nd=0.653, Discriminative=0.617, AvgNeg=0.653
[2025-10-21 22:14:24] INFO: [Thresholds] Abs=0.613, Margin=0.113(15.1%), RelMargin=12.7%, Tightness=0.869, StdDev=0.027
[2025-10-21 22:14:24] INFO: [Decision] ACCEPT: Strong margin hold (12.7%)
[2025-10-21 22:14:24] INFO: [Recognition] Scores: S12313 - ma=0.661 S13234 - Jin_Rae=0.777 
[2025-10-21 22:14:24] INFO: [Decision] Best=S13234 - Jin_Rae(0.777), 2nd=0.661, Discriminative=0.645, AvgNeg=0.661
[2025-10-21 22:14:24] INFO: [Thresholds] Abs=0.613, Margin=0.113(14.6%), RelMargin=14.9%, Tightness=0.869, StdDev=0.027
[2025-10-21 22:14:24] INFO: [Decision] ACCEPT: Primary thresholds met (abs + margin + relative)
[2025-10-21 22:14:25] INFO: [Recognition] Scores: S12313 - ma=0.636 S13234 - Jin_Rae=0.765 
[2025-10-21 22:14:25] INFO: [Decision] Best=S13234 - Jin_Rae(0.765), 2nd=0.636, Discriminative=0.638, AvgNeg=0.636
[2025-10-21 22:14:25] INFO: [Thresholds] Abs=0.613, Margin=0.113(14.8%), RelMargin=16.9%, Tightness=0.869, StdDev=0.027
[2025-10-21 22:14:25] INFO: [Decision] ACCEPT: Primary thresholds met (abs + margin + relative)
[2025-10-21 22:14:25] INFO: [Recognition] Scores: S12313 - ma=0.629 S13234 - Jin_Rae=0.766 
[2025-10-21 22:14:25] INFO: [Decision] Best=S13234 - Jin_Rae(0.766), 2nd=0.629, Discriminative=0.641, AvgNeg=0.629
[2025-10-21 22:14:25] INFO: [Thresholds] Abs=0.613, Margin=0.113(14.8%), RelMargin=17.9%, Tightness=0.869, StdDev=0.027
[2025-10-21 22:14:25] INFO: [Decision] ACCEPT: Primary thresholds met (abs + margin + relative)
[2025-10-21 22:14:25] INFO: [Recognition] Scores: S12313 - ma=0.591 S13234 - Jin_Rae=0.729 
[2025-10-21 22:14:25] INFO: [Decision] Best=S13234 - Jin_Rae(0.729), 2nd=0.591, Discriminative=0.611, AvgNeg=0.591
[2025-10-21 22:14:25] INFO: [Thresholds] Abs=0.613, Margin=0.113(15.5%), RelMargin=19.0%, Tightness=0.869, StdDev=0.027
[2025-10-21 22:14:25] INFO: [Decision] ACCEPT: Primary thresholds met (abs + margin + relative)
[2025-10-21 22:14:25] INFO: [Recognition] Scores: S12313 - ma=0.572 S13234 - Jin_Rae=0.710 
[2025-10-21 22:14:25] INFO: [Decision] Best=S13234 - Jin_Rae(0.710), 2nd=0.572, Discriminative=0.595, AvgNeg=0.572
[2025-10-21 22:14:25] INFO: [Thresholds] Abs=0.613, Margin=0.113(15.9%), RelMargin=19.4%, Tightness=0.869, StdDev=0.027
[2025-10-21 22:14:25] INFO: [Decision] ACCEPT: Primary thresholds met (abs + margin + relative)
[2025-10-21 22:14:25] INFO: [Recognition] Scores: S12313 - ma=0.550 S13234 - Jin_Rae=0.691 
[2025-10-21 22:14:25] INFO: [Decision] Best=S13234 - Jin_Rae(0.691), 2nd=0.550, Discriminative=0.581, AvgNeg=0.550
[2025-10-21 22:14:25] INFO: [Thresholds] Abs=0.613, Margin=0.113(16.4%), RelMargin=20.4%, Tightness=0.869, StdDev=0.027
[2025-10-21 22:14:25] INFO: [Decision] ACCEPT: Primary thresholds met (abs + margin + relative)
[2025-10-21 22:14:25] INFO: [Recognition] Scores: S12313 - ma=0.582 S13234 - Jin_Rae=0.730 
[2025-10-21 22:14:25] INFO: [Decision] Best=S13234 - Jin_Rae(0.730), 2nd=0.582, Discriminative=0.614, AvgNeg=0.582
[2025-10-21 22:14:25] INFO: [Thresholds] Abs=0.613, Margin=0.113(15.5%), RelMargin=20.3%, Tightness=0.869, StdDev=0.027
[2025-10-21 22:14:25] INFO: [Decision] ACCEPT: Primary thresholds met (abs + margin + relative)
[2025-10-21 22:14:25] INFO: [Recognition] Scores: S12313 - ma=0.558 S13234 - Jin_Rae=0.701 
[2025-10-21 22:14:25] INFO: [Decision] Best=S13234 - Jin_Rae(0.701), 2nd=0.558, Discriminative=0.589, AvgNeg=0.558
[2025-10-21 22:14:25] INFO: [Thresholds] Abs=0.613, Margin=0.113(16.1%), RelMargin=20.3%, Tightness=0.869, StdDev=0.027
[2025-10-21 22:14:25] INFO: [Decision] ACCEPT: Primary thresholds met (abs + margin + relative)
[2025-10-21 22:14:25] INFO: [Recognition] Scores: S12313 - ma=0.549 S13234 - Jin_Rae=0.689 
[2025-10-21 22:14:25] INFO: [Decision] Best=S13234 - Jin_Rae(0.689), 2nd=0.549, Discriminative=0.579, AvgNeg=0.549
[2025-10-21 22:14:25] INFO: [Thresholds] Abs=0.613, Margin=0.113(16.4%), RelMargin=20.3%, Tightness=0.869, StdDev=0.027
[2025-10-21 22:14:25] INFO: [Decision] ACCEPT: Primary thresholds met (abs + margin + relative)
[2025-10-21 22:14:26] INFO: [Recognition] Scores: S12313 - ma=0.645 S13234 - Jin_Rae=0.798 
[2025-10-21 22:14:26] INFO: [Decision] Best=S13234 - Jin_Rae(0.798), 2nd=0.645, Discriminative=0.669, AvgNeg=0.645
[2025-10-21 22:14:26] INFO: [Thresholds] Abs=0.613, Margin=0.113(14.2%), RelMargin=19.2%, Tightness=0.869, StdDev=0.027
[2025-10-21 22:14:26] INFO: [Decision] ACCEPT: Primary thresholds met (abs + margin + relative)
[2025-10-21 22:14:26] INFO: [Recognition] Scores: S12313 - ma=0.679 S13234 - Jin_Rae=0.841 
[2025-10-21 22:14:26] INFO: [Decision] Best=S13234 - Jin_Rae(0.841), 2nd=0.679, Discriminative=0.705, AvgNeg=0.679
[2025-10-21 22:14:26] INFO: [Thresholds] Abs=0.613, Margin=0.113(13.5%), RelMargin=19.3%, Tightness=0.869, StdDev=0.027
[2025-10-21 22:14:26] INFO: [Decision] ACCEPT: Primary thresholds met (abs + margin + relative)
[2025-10-21 22:14:26] INFO: [Recognition] Scores: S12313 - ma=0.746 S13234 - Jin_Rae=0.862 
[2025-10-21 22:14:26] INFO: [Decision] Best=S13234 - Jin_Rae(0.862), 2nd=0.746, Discriminative=0.712, AvgNeg=0.746
[2025-10-21 22:14:26] INFO: [Thresholds] Abs=0.613, Margin=0.113(13.1%), RelMargin=13.4%, Tightness=0.869, StdDev=0.027
[2025-10-21 22:14:26] INFO: [Decision] ACCEPT: Primary thresholds met (abs + margin + relative)
[2025-10-21 22:14:26] INFO: [Recognition] Scores: S12313 - ma=0.725 S13234 - Jin_Rae=0.867 
[2025-10-21 22:14:26] INFO: [Decision] Best=S13234 - Jin_Rae(0.867), 2nd=0.725, Discriminative=0.722, AvgNeg=0.725
[2025-10-21 22:14:26] INFO: [Thresholds] Abs=0.613, Margin=0.113(13.0%), RelMargin=16.4%, Tightness=0.869, StdDev=0.027
[2025-10-21 22:14:26] INFO: [Decision] ACCEPT: Primary thresholds met (abs + margin + relative)
[2025-10-21 22:14:26] INFO: [Recognition] Scores: S12313 - ma=0.756 S13234 - Jin_Rae=0.860 
[2025-10-21 22:14:26] INFO: [Decision] Best=S13234 - Jin_Rae(0.860), 2nd=0.756, Discriminative=0.709, AvgNeg=0.756
[2025-10-21 22:14:26] INFO: [Thresholds] Abs=0.613, Margin=0.113(13.1%), RelMargin=12.2%, Tightness=0.869, StdDev=0.027
[2025-10-21 22:14:26] INFO: [Decision] ACCEPT: Strong margin hold (12.2%)
[2025-10-21 22:14:26] INFO: [Recognition] Scores: S12313 - ma=0.741 S13234 - Jin_Rae=0.853 
[2025-10-21 22:14:26] INFO: [Decision] Best=S13234 - Jin_Rae(0.853), 2nd=0.741, Discriminative=0.704, AvgNeg=0.741
[2025-10-21 22:14:26] INFO: [Thresholds] Abs=0.613, Margin=0.113(13.3%), RelMargin=13.1%, Tightness=0.869, StdDev=0.027
[2025-10-21 22:14:26] INFO: [Decision] ACCEPT: Strong margin hold (13.1%)
[2025-10-21 22:14:26] INFO: [Recognition] Scores: S12313 - ma=0.772 S13234 - Jin_Rae=0.859 
[2025-10-21 22:14:26] INFO: [Decision] Best=S13234 - Jin_Rae(0.859), 2nd=0.772, Discriminative=0.705, AvgNeg=0.772
[2025-10-21 22:14:26] INFO: [Thresholds] Abs=0.613, Margin=0.113(13.2%), RelMargin=10.2%, Tightness=0.869, StdDev=0.027
[2025-10-21 22:14:26] INFO: [Decision] ACCEPT: Consistency override (7/7 frames)
[2025-10-21 22:14:26] INFO: [Recognition] Scores: S12313 - ma=0.741 S13234 - Jin_Rae=0.842 
[2025-10-21 22:14:26] INFO: [Decision] Best=S13234 - Jin_Rae(0.842), 2nd=0.741, Discriminative=0.694, AvgNeg=0.741
[2025-10-21 22:14:26] INFO: [Thresholds] Abs=0.613, Margin=0.113(13.4%), RelMargin=12.0%, Tightness=0.869, StdDev=0.027
[2025-10-21 22:14:26] INFO: [Decision] ACCEPT: Consistency override (7/7 frames)
[2025-10-21 22:14:27] INFO: [Recognition] Scores: S12313 - ma=0.720 S13234 - Jin_Rae=0.831 
[2025-10-21 22:14:27] INFO: [Decision] Best=S13234 - Jin_Rae(0.831), 2nd=0.720, Discriminative=0.687, AvgNeg=0.720
[2025-10-21 22:14:27] INFO: [Thresholds] Abs=0.613, Margin=0.113(13.6%), RelMargin=13.4%, Tightness=0.869, StdDev=0.027
[2025-10-21 22:14:27] INFO: [Decision] ACCEPT: Strong margin hold (13.4%)
[2025-10-21 22:14:27] INFO: [Recognition] Scores: S12313 - ma=0.743 S13234 - Jin_Rae=0.823 
[2025-10-21 22:14:27] INFO: [Decision] Best=S13234 - Jin_Rae(0.823), 2nd=0.743, Discriminative=0.675, AvgNeg=0.743
[2025-10-21 22:14:27] INFO: [Thresholds] Abs=0.613, Margin=0.113(13.7%), RelMargin=9.8%, Tightness=0.869, StdDev=0.027
[2025-10-21 22:14:27] INFO: [Decision] ACCEPT: Consistency override (7/7 frames)
[2025-10-21 22:14:27] INFO: [Recognition] Scores: S12313 - ma=0.720 S13234 - Jin_Rae=0.810 
[2025-10-21 22:14:27] INFO: [Decision] Best=S13234 - Jin_Rae(0.810), 2nd=0.720, Discriminative=0.666, AvgNeg=0.720
[2025-10-21 22:14:27] INFO: [Thresholds] Abs=0.613, Margin=0.113(14.0%), RelMargin=11.2%, Tightness=0.869, StdDev=0.027
[2025-10-21 22:14:27] INFO: [Decision] ACCEPT: Consistency override (7/7 frames)
[2025-10-21 22:14:27] INFO: [Recognition] Scores: S12313 - ma=0.705 S13234 - Jin_Rae=0.799 
[2025-10-21 22:14:27] INFO: [Decision] Best=S13234 - Jin_Rae(0.799), 2nd=0.705, Discriminative=0.658, AvgNeg=0.705
[2025-10-21 22:14:27] INFO: [Thresholds] Abs=0.613, Margin=0.113(14.2%), RelMargin=11.7%, Tightness=0.869, StdDev=0.027
[2025-10-21 22:14:27] INFO: [Decision] ACCEPT: Consistency override (7/7 frames)
[2025-10-21 22:14:27] INFO: [Recognition] Scores: S12313 - ma=0.701 S13234 - Jin_Rae=0.825 
[2025-10-21 22:14:27] INFO: [Decision] Best=S13234 - Jin_Rae(0.825), 2nd=0.701, Discriminative=0.685, AvgNeg=0.701
[2025-10-21 22:14:27] INFO: [Thresholds] Abs=0.613, Margin=0.113(13.7%), RelMargin=15.0%, Tightness=0.869, StdDev=0.027
[2025-10-21 22:14:27] INFO: [Decision] ACCEPT: Primary thresholds met (abs + margin + relative)
[2025-10-21 22:14:27] INFO: [Recognition] Scores: S12313 - ma=0.717 S13234 - Jin_Rae=0.815 
[2025-10-21 22:14:27] INFO: [Decision] Best=S13234 - Jin_Rae(0.815), 2nd=0.717, Discriminative=0.672, AvgNeg=0.717
[2025-10-21 22:14:27] INFO: [Thresholds] Abs=0.613, Margin=0.113(13.9%), RelMargin=12.1%, Tightness=0.869, StdDev=0.027
[2025-10-21 22:14:27] INFO: [Decision] ACCEPT: Strong margin hold (12.1%)
[2025-10-21 22:14:27] INFO: [Recognition] Scores: S12313 - ma=0.729 S13234 - Jin_Rae=0.837 
[2025-10-21 22:14:27] INFO: [Decision] Best=S13234 - Jin_Rae(0.837), 2nd=0.729, Discriminative=0.691, AvgNeg=0.729
[2025-10-21 22:14:27] INFO: [Thresholds] Abs=0.613, Margin=0.113(13.5%), RelMargin=12.9%, Tightness=0.869, StdDev=0.027
[2025-10-21 22:14:27] INFO: [Decision] ACCEPT: Strong margin hold (12.9%)
[2025-10-21 22:14:27] INFO: [Recognition] Scores: S12313 - ma=0.707 S13234 - Jin_Rae=0.832 
[2025-10-21 22:14:27] INFO: [Decision] Best=S13234 - Jin_Rae(0.832), 2nd=0.707, Discriminative=0.690, AvgNeg=0.707
[2025-10-21 22:14:27] INFO: [Thresholds] Abs=0.613, Margin=0.113(13.6%), RelMargin=15.0%, Tightness=0.869, StdDev=0.027
[2025-10-21 22:14:27] INFO: [Decision] ACCEPT: Primary thresholds met (abs + margin + relative)
[2025-10-21 22:14:28] INFO: [Recognition] Scores: S12313 - ma=0.679 S13234 - Jin_Rae=0.829 
[2025-10-21 22:14:28] INFO: [Decision] Best=S13234 - Jin_Rae(0.829), 2nd=0.679, Discriminative=0.693, AvgNeg=0.679
[2025-10-21 22:14:28] INFO: [Thresholds] Abs=0.613, Margin=0.113(13.7%), RelMargin=18.0%, Tightness=0.869, StdDev=0.027
[2025-10-21 22:14:28] INFO: [Decision] ACCEPT: Primary thresholds met (abs + margin + relative)
[2025-10-21 22:14:28] INFO: [Recognition] Scores: S12313 - ma=0.621 S13234 - Jin_Rae=0.780 
[2025-10-21 22:14:28] INFO: [Decision] Best=S13234 - Jin_Rae(0.780), 2nd=0.621, Discriminative=0.656, AvgNeg=0.621
[2025-10-21 22:14:28] INFO: [Thresholds] Abs=0.613, Margin=0.113(14.5%), RelMargin=20.3%, Tightness=0.869, StdDev=0.027
[2025-10-21 22:14:28] INFO: [Decision] ACCEPT: Primary thresholds met (abs + margin + relative)
[2025-10-21 22:14:28] INFO: [Recognition] Scores: S12313 - ma=0.566 S13234 - Jin_Rae=0.727 
[2025-10-21 22:14:28] INFO: [Decision] Best=S13234 - Jin_Rae(0.727), 2nd=0.566, Discriminative=0.613, AvgNeg=0.566
[2025-10-21 22:14:28] INFO: [Thresholds] Abs=0.613, Margin=0.113(15.6%), RelMargin=22.1%, Tightness=0.869, StdDev=0.027
[2025-10-21 22:14:28] INFO: [Decision] ACCEPT: Primary thresholds met (abs + margin + relative)
[2025-10-21 22:14:28] INFO: [Recognition] Scores: S12313 - ma=0.540 S13234 - Jin_Rae=0.732 
[2025-10-21 22:14:28] INFO: [Decision] Best=S13234 - Jin_Rae(0.732), 2nd=0.540, Discriminative=0.624, AvgNeg=0.540
[2025-10-21 22:14:28] INFO: [Thresholds] Abs=0.613, Margin=0.113(15.5%), RelMargin=26.2%, Tightness=0.869, StdDev=0.027
[2025-10-21 22:14:28] INFO: [Decision] ACCEPT: Primary thresholds met (abs + margin + relative)
[2025-10-21 22:14:28] INFO: [Recognition] Scores: S12313 - ma=0.530 S13234 - Jin_Rae=0.706 
[2025-10-21 22:14:28] INFO: [Decision] Best=S13234 - Jin_Rae(0.706), 2nd=0.530, Discriminative=0.600, AvgNeg=0.530
[2025-10-21 22:14:28] INFO: [Thresholds] Abs=0.613, Margin=0.113(16.0%), RelMargin=24.9%, Tightness=0.869, StdDev=0.027
[2025-10-21 22:14:28] INFO: [Decision] ACCEPT: Primary thresholds met (abs + margin + relative)
[2025-10-21 22:14:28] INFO: [Recognition] Scores: S12313 - ma=0.571 S13234 - Jin_Rae=0.755 
[2025-10-21 22:14:28] INFO: [Decision] Best=S13234 - Jin_Rae(0.755), 2nd=0.571, Discriminative=0.640, AvgNeg=0.571
[2025-10-21 22:14:28] INFO: [Thresholds] Abs=0.613, Margin=0.113(15.0%), RelMargin=24.3%, Tightness=0.869, StdDev=0.027
[2025-10-21 22:14:28] INFO: [Decision] ACCEPT: Primary thresholds met (abs + margin + relative)
[2025-10-21 22:14:28] INFO: [Recognition] Scores: S12313 - ma=0.678 S13234 - Jin_Rae=0.755 
[2025-10-21 22:14:28] INFO: [Decision] Best=S13234 - Jin_Rae(0.755), 2nd=0.678, Discriminative=0.619, AvgNeg=0.678
[2025-10-21 22:14:28] INFO: [Thresholds] Abs=0.613, Margin=0.113(15.0%), RelMargin=10.2%, Tightness=0.869, StdDev=0.027
[2025-10-21 22:14:28] INFO: [Decision] ACCEPT: Consistency override (7/7 frames)
[2025-10-21 22:14:29] INFO: [Recognition] Scores: S12313 - ma=0.734 S13234 - Jin_Rae=0.814 
[2025-10-21 22:14:29] INFO: [Decision] Best=S13234 - Jin_Rae(0.814), 2nd=0.734, Discriminative=0.667, AvgNeg=0.734
[2025-10-21 22:14:29] INFO: [Thresholds] Abs=0.613, Margin=0.113(13.9%), RelMargin=9.8%, Tightness=0.869, StdDev=0.027
[2025-10-21 22:14:29] INFO: [Decision] ACCEPT: Consistency override (7/7 frames)
[2025-10-21 22:14:29] INFO: [Recognition] Scores: S12313 - ma=0.761 S13234 - Jin_Rae=0.846 
[2025-10-21 22:14:29] INFO: [Decision] Best=S13234 - Jin_Rae(0.846), 2nd=0.761, Discriminative=0.693, AvgNeg=0.761
[2025-10-21 22:14:29] INFO: [Thresholds] Abs=0.613, Margin=0.113(13.4%), RelMargin=9.9%, Tightness=0.869, StdDev=0.027
[2025-10-21 22:14:29] INFO: [Decision] ACCEPT: Consistency override (7/7 frames)
[2025-10-21 22:14:29] INFO: [Recognition] Scores: S12313 - ma=0.752 S13234 - Jin_Rae=0.837 
[2025-10-21 22:14:29] INFO: [Decision] Best=S13234 - Jin_Rae(0.837), 2nd=0.752, Discriminative=0.687, AvgNeg=0.752
[2025-10-21 22:14:29] INFO: [Thresholds] Abs=0.613, Margin=0.113(13.5%), RelMargin=10.1%, Tightness=0.869, StdDev=0.027
[2025-10-21 22:14:29] INFO: [Decision] ACCEPT: Consistency override (7/7 frames)
[2025-10-21 22:14:29] INFO: [Recognition] Scores: S12313 - ma=0.722 S13234 - Jin_Rae=0.840 
[2025-10-21 22:14:29] INFO: [Decision] Best=S13234 - Jin_Rae(0.840), 2nd=0.722, Discriminative=0.695, AvgNeg=0.722
[2025-10-21 22:14:29] INFO: [Thresholds] Abs=0.613, Margin=0.113(13.5%), RelMargin=14.0%, Tightness=0.869, StdDev=0.027
[2025-10-21 22:14:29] INFO: [Decision] ACCEPT: Primary thresholds met (abs + margin + relative)
[2025-10-21 22:14:29] INFO: [Recognition] Scores: S12313 - ma=0.694 S13234 - Jin_Rae=0.832 
[2025-10-21 22:14:29] INFO: [Decision] Best=S13234 - Jin_Rae(0.832), 2nd=0.694, Discriminative=0.693, AvgNeg=0.694
[2025-10-21 22:14:29] INFO: [Thresholds] Abs=0.613, Margin=0.113(13.6%), RelMargin=16.6%, Tightness=0.869, StdDev=0.027
[2025-10-21 22:14:29] INFO: [Decision] ACCEPT: Primary thresholds met (abs + margin + relative)
[2025-10-21 22:14:29] INFO: [Recognition] Scores: S12313 - ma=0.689 S13234 - Jin_Rae=0.840 
[2025-10-21 22:14:29] INFO: [Decision] Best=S13234 - Jin_Rae(0.840), 2nd=0.689, Discriminative=0.702, AvgNeg=0.689
[2025-10-21 22:14:29] INFO: [Thresholds] Abs=0.613, Margin=0.113(13.5%), RelMargin=18.0%, Tightness=0.869, StdDev=0.027
[2025-10-21 22:14:29] INFO: [Decision] ACCEPT: Primary thresholds met (abs + margin + relative)
[2025-10-21 22:14:29] INFO: [Recognition] Scores: S12313 - ma=0.676 S13234 - Jin_Rae=0.823 
[2025-10-21 22:14:29] INFO: [Decision] Best=S13234 - Jin_Rae(0.823), 2nd=0.676, Discriminative=0.687, AvgNeg=0.676
[2025-10-21 22:14:29] INFO: [Thresholds] Abs=0.613, Margin=0.113(13.8%), RelMargin=17.8%, Tightness=0.869, StdDev=0.027
[2025-10-21 22:14:29] INFO: [Decision] ACCEPT: Primary thresholds met (abs + margin + relative)
[2025-10-21 22:14:29] INFO: [Recognition] Scores: S12313 - ma=0.688 S13234 - Jin_Rae=0.827 
[2025-10-21 22:14:29] INFO: [Decision] Best=S13234 - Jin_Rae(0.827), 2nd=0.688, Discriminative=0.689, AvgNeg=0.688
[2025-10-21 22:14:29] INFO: [Thresholds] Abs=0.613, Margin=0.113(13.7%), RelMargin=16.8%, Tightness=0.869, StdDev=0.027
[2025-10-21 22:14:29] INFO: [Decision] ACCEPT: Primary thresholds met (abs + margin + relative)
[2025-10-21 22:14:30] INFO: [Recognition] Scores: S12313 - ma=0.637 S13234 - Jin_Rae=0.821 
[2025-10-21 22:14:30] INFO: [Decision] Best=S13234 - Jin_Rae(0.821), 2nd=0.637, Discriminative=0.694, AvgNeg=0.637
[2025-10-21 22:14:30] INFO: [Thresholds] Abs=0.613, Margin=0.113(13.8%), RelMargin=22.4%, Tightness=0.869, StdDev=0.027
[2025-10-21 22:14:30] INFO: [Decision] ACCEPT: Primary thresholds met (abs + margin + relative)
[2025-10-21 22:14:30] INFO: [Recognition] Scores: S12313 - ma=0.578 S13234 - Jin_Rae=0.766 
[2025-10-21 22:14:30] INFO: [Decision] Best=S13234 - Jin_Rae(0.766), 2nd=0.578, Discriminative=0.650, AvgNeg=0.578
[2025-10-21 22:14:30] INFO: [Thresholds] Abs=0.613, Margin=0.113(14.8%), RelMargin=24.4%, Tightness=0.869, StdDev=0.027
[2025-10-21 22:14:30] INFO: [Decision] ACCEPT: Primary thresholds met (abs + margin + relative)
[2025-10-21 22:14:30] INFO: [Recognition] Scores: S12313 - ma=0.455 S13234 - Jin_Rae=0.636 
[2025-10-21 22:14:30] INFO: [Decision] Best=S13234 - Jin_Rae(0.636), 2nd=0.455, Discriminative=0.545, AvgNeg=0.455
[2025-10-21 22:14:30] INFO: [Thresholds] Abs=0.613, Margin=0.113(17.8%), RelMargin=28.4%, Tightness=0.869, StdDev=0.027
[2025-10-21 22:14:30] INFO: [Decision] ACCEPT: Primary thresholds met (abs + margin + relative)
[2025-10-21 22:14:30] INFO: [Recognition] Scores: S12313 - ma=0.360 S13234 - Jin_Rae=0.550 
[2025-10-21 22:14:30] INFO: [Decision] Best=S13234 - Jin_Rae(0.550), 2nd=0.360, Discriminative=0.478, AvgNeg=0.360
[2025-10-21 22:14:30] INFO: [Thresholds] Abs=0.613, Margin=0.113(20.6%), RelMargin=34.6%, Tightness=0.869, StdDev=0.027
[2025-10-21 22:14:30] INFO: [Decision] REJECT: Abs=
[2025-10-21 22:14:30] INFO: false
[2025-10-21 22:14:30] INFO: , AbsMargin=
[2025-10-21 22:14:30] INFO: true
[2025-10-21 22:14:30] INFO: , RelMargin=
[2025-10-21 22:14:30] INFO: true
[2025-10-21 22:14:30] INFO: (
[2025-10-21 22:14:30] INFO: 34.6
[2025-10-21 22:14:30] INFO: %
[2025-10-21 22:14:30] INFO: ), StrongMargin=
[2025-10-21 22:14:30] INFO: true
[2025-10-21 22:14:30] INFO: (
[2025-10-21 22:14:30] INFO: 12.0
[2025-10-21 22:14:30] INFO: %
[2025-10-21 22:14:30] INFO: ), Discrim=
[2025-10-21 22:14:30] INFO: false
[2025-10-21 22:14:30] INFO: , Consist=
[2025-10-21 22:14:30] INFO: true
[2025-10-21 22:14:30] INFO: (
[2025-10-21 22:14:30] INFO: 7
[2025-10-21 22:14:30] INFO: /
[2025-10-21 22:14:30] INFO: 7
[2025-10-21 22:14:30] INFO: )
[2025-10-21 22:14:30] INFO: [Recognition] Scores: S12313 - ma=0.377 S13234 - Jin_Rae=0.565 
[2025-10-21 22:14:30] INFO: [Decision] Best=S13234 - Jin_Rae(0.565), 2nd=0.377, Discriminative=0.490, AvgNeg=0.377
[2025-10-21 22:14:30] INFO: [Thresholds] Abs=0.613, Margin=0.113(20.0%), RelMargin=33.2%, Tightness=0.869, StdDev=0.027
[2025-10-21 22:14:30] INFO: [Decision] REJECT: Abs=
[2025-10-21 22:14:30] INFO: false
[2025-10-21 22:14:30] INFO: , AbsMargin=
[2025-10-21 22:14:30] INFO: true
[2025-10-21 22:14:30] INFO: , RelMargin=
[2025-10-21 22:14:30] INFO: true
[2025-10-21 22:14:30] INFO: (
[2025-10-21 22:14:30] INFO: 33.2
[2025-10-21 22:14:30] INFO: %
[2025-10-21 22:14:30] INFO: ), StrongMargin=
[2025-10-21 22:14:30] INFO: true
[2025-10-21 22:14:30] INFO: (
[2025-10-21 22:14:30] INFO: 12.0
[2025-10-21 22:14:30] INFO: %
[2025-10-21 22:14:30] INFO: ), Discrim=
[2025-10-21 22:14:30] INFO: false
[2025-10-21 22:14:30] INFO: , Consist=
[2025-10-21 22:14:30] INFO: true
[2025-10-21 22:14:30] INFO: (
[2025-10-21 22:14:30] INFO: 6
[2025-10-21 22:14:30] INFO: /
[2025-10-21 22:14:30] INFO: 7
[2025-10-21 22:14:30] INFO: )
[2025-10-21 22:14:30] INFO: [Recognition] Scores: S12313 - ma=0.371 S13234 - Jin_Rae=0.554 
[2025-10-21 22:14:30] INFO: [Decision] Best=S13234 - Jin_Rae(0.554), 2nd=0.371, Discriminative=0.479, AvgNeg=0.371
[2025-10-21 22:14:30] INFO: [Thresholds] Abs=0.613, Margin=0.113(20.4%), RelMargin=32.9%, Tightness=0.869, StdDev=0.027
[2025-10-21 22:14:30] INFO: [Decision] REJECT: Abs=
[2025-10-21 22:14:30] INFO: false
[2025-10-21 22:14:30] INFO: , AbsMargin=
[2025-10-21 22:14:30] INFO: true
[2025-10-21 22:14:30] INFO: , RelMargin=
[2025-10-21 22:14:30] INFO: true
[2025-10-21 22:14:30] INFO: (
[2025-10-21 22:14:30] INFO: 32.9
[2025-10-21 22:14:30] INFO: %
[2025-10-21 22:14:30] INFO: ), StrongMargin=
[2025-10-21 22:14:30] INFO: true
[2025-10-21 22:14:30] INFO: (
[2025-10-21 22:14:30] INFO: 12.0
[2025-10-21 22:14:30] INFO: %
[2025-10-21 22:14:30] INFO: ), Discrim=
[2025-10-21 22:14:30] INFO: false
[2025-10-21 22:14:30] INFO: , Consist=
[2025-10-21 22:14:30] INFO: true
[2025-10-21 22:14:30] INFO: (
[2025-10-21 22:14:30] INFO: 5
[2025-10-21 22:14:30] INFO: /
[2025-10-21 22:14:30] INFO: 7
[2025-10-21 22:14:30] INFO: )
[2025-10-21 22:14:30] INFO: [Recognition] Scores: S12313 - ma=0.329 S13234 - Jin_Rae=0.533 
[2025-10-21 22:14:30] INFO: [Decision] Best=S13234 - Jin_Rae(0.533), 2nd=0.329, Discriminative=0.467, AvgNeg=0.329
[2025-10-21 22:14:30] INFO: [Thresholds] Abs=0.613, Margin=0.113(21.2%), RelMargin=38.2%, Tightness=0.869, StdDev=0.027
[2025-10-21 22:14:30] INFO: [Decision] REJECT: Abs=
[2025-10-21 22:14:30] INFO: false
[2025-10-21 22:14:30] INFO: , AbsMargin=
[2025-10-21 22:14:30] INFO: true
[2025-10-21 22:14:30] INFO: , RelMargin=
[2025-10-21 22:14:30] INFO: true
[2025-10-21 22:14:30] INFO: (
[2025-10-21 22:14:30] INFO: 38.2
[2025-10-21 22:14:30] INFO: %
[2025-10-21 22:14:30] INFO: ), StrongMargin=
[2025-10-21 22:14:30] INFO: true
[2025-10-21 22:14:30] INFO: (
[2025-10-21 22:14:30] INFO: 12.0
[2025-10-21 22:14:30] INFO: %
[2025-10-21 22:14:30] INFO: ), Discrim=
[2025-10-21 22:14:30] INFO: false
[2025-10-21 22:14:30] INFO: , Consist=
[2025-10-21 22:14:30] INFO: false
[2025-10-21 22:14:30] INFO: (
[2025-10-21 22:14:30] INFO: 4
[2025-10-21 22:14:30] INFO: /
[2025-10-21 22:14:30] INFO: 7
[2025-10-21 22:14:30] INFO: )
[2025-10-21 22:14:30] INFO: [Recognition] Scores: S12313 - ma=0.349 S13234 - Jin_Rae=0.557 
[2025-10-21 22:14:30] INFO: [Decision] Best=S13234 - Jin_Rae(0.557), 2nd=0.349, Discriminative=0.487, AvgNeg=0.349
[2025-10-21 22:14:30] INFO: [Thresholds] Abs=0.613, Margin=0.113(20.3%), RelMargin=37.3%, Tightness=0.869, StdDev=0.027
[2025-10-21 22:14:30] INFO: [Decision] REJECT: Abs=
[2025-10-21 22:14:30] INFO: false
[2025-10-21 22:14:30] INFO: , AbsMargin=
[2025-10-21 22:14:30] INFO: true
[2025-10-21 22:14:30] INFO: , RelMargin=
[2025-10-21 22:14:30] INFO: true
[2025-10-21 22:14:30] INFO: (
[2025-10-21 22:14:30] INFO: 37.3
[2025-10-21 22:14:30] INFO: %
[2025-10-21 22:14:30] INFO: ), StrongMargin=
[2025-10-21 22:14:30] INFO: true
[2025-10-21 22:14:30] INFO: (
[2025-10-21 22:14:30] INFO: 12.0
[2025-10-21 22:14:30] INFO: %
[2025-10-21 22:14:30] INFO: ), Discrim=
[2025-10-21 22:14:30] INFO: false
[2025-10-21 22:14:30] INFO: , Consist=
[2025-10-21 22:14:30] INFO: false
[2025-10-21 22:14:30] INFO: (
[2025-10-21 22:14:30] INFO: 3
[2025-10-21 22:14:30] INFO: /
[2025-10-21 22:14:30] INFO: 7
[2025-10-21 22:14:30] INFO: )
[2025-10-21 22:14:31] INFO: [Recognition] Scores: S12313 - ma=0.384 S13234 - Jin_Rae=0.600 
[2025-10-21 22:14:31] INFO: [Decision] Best=S13234 - Jin_Rae(0.600), 2nd=0.384, Discriminative=0.523, AvgNeg=0.384
[2025-10-21 22:14:31] INFO: [Thresholds] Abs=0.613, Margin=0.113(18.9%), RelMargin=36.0%, Tightness=0.869, StdDev=0.027
[2025-10-21 22:14:31] INFO: [Decision] REJECT: Abs=
[2025-10-21 22:14:31] INFO: false
[2025-10-21 22:14:31] INFO: , AbsMargin=
[2025-10-21 22:14:31] INFO: true
[2025-10-21 22:14:31] INFO: , RelMargin=
[2025-10-21 22:14:31] INFO: true
[2025-10-21 22:14:31] INFO: (
[2025-10-21 22:14:31] INFO: 36.0
[2025-10-21 22:14:31] INFO: %
[2025-10-21 22:14:31] INFO: ), StrongMargin=
[2025-10-21 22:14:31] INFO: true
[2025-10-21 22:14:31] INFO: (
[2025-10-21 22:14:31] INFO: 12.0
[2025-10-21 22:14:31] INFO: %
[2025-10-21 22:14:31] INFO: ), Discrim=
[2025-10-21 22:14:31] INFO: false
[2025-10-21 22:14:31] INFO: , Consist=
[2025-10-21 22:14:31] INFO: false
[2025-10-21 22:14:31] INFO: (
[2025-10-21 22:14:31] INFO: 2
[2025-10-21 22:14:31] INFO: /
[2025-10-21 22:14:31] INFO: 7
[2025-10-21 22:14:31] INFO: )
[2025-10-21 22:14:31] INFO: [Recognition] Scores: S12313 - ma=0.630 S13234 - Jin_Rae=0.764 
[2025-10-21 22:14:31] INFO: [Decision] Best=S13234 - Jin_Rae(0.764), 2nd=0.630, Discriminative=0.638, AvgNeg=0.630
[2025-10-21 22:14:31] INFO: [Thresholds] Abs=0.613, Margin=0.113(14.8%), RelMargin=17.6%, Tightness=0.869, StdDev=0.027
[2025-10-21 22:14:31] INFO: [Decision] ACCEPT: Primary thresholds met (abs + margin + relative)
[2025-10-21 22:14:31] INFO: [Recognition] Scores: S12313 - ma=0.718 S13234 - Jin_Rae=0.840 
[2025-10-21 22:14:31] INFO: [Decision] Best=S13234 - Jin_Rae(0.840), 2nd=0.718, Discriminative=0.696, AvgNeg=0.718
[2025-10-21 22:14:31] INFO: [Thresholds] Abs=0.613, Margin=0.113(13.5%), RelMargin=14.4%, Tightness=0.869, StdDev=0.027
[2025-10-21 22:14:31] INFO: [Decision] ACCEPT: Primary thresholds met (abs + margin + relative)
[2025-10-21 22:14:31] INFO: [Recognition] Scores: S12313 - ma=0.686 S13234 - Jin_Rae=0.869 
[2025-10-21 22:14:31] INFO: [Decision] Best=S13234 - Jin_Rae(0.869), 2nd=0.686, Discriminative=0.732, AvgNeg=0.686
[2025-10-21 22:14:31] INFO: [Thresholds] Abs=0.613, Margin=0.113(13.0%), RelMargin=21.1%, Tightness=0.869, StdDev=0.027
[2025-10-21 22:14:31] INFO: [Decision] ACCEPT: Primary thresholds met (abs + margin + relative)
[2025-10-21 22:14:31] INFO: [Recognition] Scores: S12313 - ma=0.686 S13234 - Jin_Rae=0.860 
[2025-10-21 22:14:31] INFO: [Decision] Best=S13234 - Jin_Rae(0.860), 2nd=0.686, Discriminative=0.723, AvgNeg=0.686
[2025-10-21 22:14:31] INFO: [Thresholds] Abs=0.613, Margin=0.113(13.1%), RelMargin=20.3%, Tightness=0.869, StdDev=0.027
[2025-10-21 22:14:31] INFO: [Decision] ACCEPT: Primary thresholds met (abs + margin + relative)
[2025-10-21 22:14:31] INFO: [Recognition] Scores: S12313 - ma=0.682 S13234 - Jin_Rae=0.860 
[2025-10-21 22:14:31] INFO: [Decision] Best=S13234 - Jin_Rae(0.860), 2nd=0.682, Discriminative=0.724, AvgNeg=0.682
[2025-10-21 22:14:31] INFO: [Thresholds] Abs=0.613, Margin=0.113(13.2%), RelMargin=20.7%, Tightness=0.869, StdDev=0.027
[2025-10-21 22:14:31] INFO: [Decision] ACCEPT: Primary thresholds met (abs + margin + relative)
[2025-10-21 22:14:31] INFO: [Recognition] Scores: S12313 - ma=0.695 S13234 - Jin_Rae=0.886 
[2025-10-21 22:14:31] INFO: [Decision] Best=S13234 - Jin_Rae(0.886), 2nd=0.695, Discriminative=0.747, AvgNeg=0.695
[2025-10-21 22:14:31] INFO: [Thresholds] Abs=0.613, Margin=0.113(12.8%), RelMargin=21.6%, Tightness=0.869, StdDev=0.027
[2025-10-21 22:14:31] INFO: [Decision] ACCEPT: Primary thresholds met (abs + margin + relative)
[2025-10-21 22:14:31] INFO: [Recognition] Scores: S12313 - ma=0.771 S13234 - Jin_Rae=0.899 
[2025-10-21 22:14:31] INFO: [Decision] Best=S13234 - Jin_Rae(0.899), 2nd=0.771, Discriminative=0.745, AvgNeg=0.771
[2025-10-21 22:14:31] INFO: [Thresholds] Abs=0.613, Margin=0.113(12.6%), RelMargin=14.2%, Tightness=0.869, StdDev=0.027
[2025-10-21 22:14:31] INFO: [Decision] ACCEPT: Primary thresholds met (abs + margin + relative)
[2025-10-21 22:14:32] INFO: [Recognition] Scores: S12313 - ma=0.754 S13234 - Jin_Rae=0.896 
[2025-10-21 22:14:32] INFO: [Decision] Best=S13234 - Jin_Rae(0.896), 2nd=0.754, Discriminative=0.746, AvgNeg=0.754
[2025-10-21 22:14:32] INFO: [Thresholds] Abs=0.613, Margin=0.113(12.6%), RelMargin=15.8%, Tightness=0.869, StdDev=0.027
[2025-10-21 22:14:32] INFO: [Decision] ACCEPT: Primary thresholds met (abs + margin + relative)
[2025-10-21 22:14:32] INFO: [Recognition] Scores: S12313 - ma=0.753 S13234 - Jin_Rae=0.915 
[2025-10-21 22:14:32] INFO: [Decision] Best=S13234 - Jin_Rae(0.915), 2nd=0.753, Discriminative=0.765, AvgNeg=0.753
[2025-10-21 22:14:32] INFO: [Thresholds] Abs=0.613, Margin=0.113(12.4%), RelMargin=17.7%, Tightness=0.869, StdDev=0.027
[2025-10-21 22:14:32] INFO: [Decision] ACCEPT: Primary thresholds met (abs + margin + relative)
[2025-10-21 22:14:32] INFO: [Recognition] Scores: S12313 - ma=0.748 S13234 - Jin_Rae=0.907 
[2025-10-21 22:14:32] INFO: [Decision] Best=S13234 - Jin_Rae(0.907), 2nd=0.748, Discriminative=0.758, AvgNeg=0.748
[2025-10-21 22:14:32] INFO: [Thresholds] Abs=0.613, Margin=0.113(12.5%), RelMargin=17.5%, Tightness=0.869, StdDev=0.027
[2025-10-21 22:14:32] INFO: [Decision] ACCEPT: Primary thresholds met (abs + margin + relative)
[2025-10-21 22:14:32] INFO: [Recognition] Scores: S12313 - ma=0.772 S13234 - Jin_Rae=0.902 
[2025-10-21 22:14:32] INFO: [Decision] Best=S13234 - Jin_Rae(0.902), 2nd=0.772, Discriminative=0.748, AvgNeg=0.772
[2025-10-21 22:14:32] INFO: [Thresholds] Abs=0.613, Margin=0.113(12.5%), RelMargin=14.4%, Tightness=0.869, StdDev=0.027
[2025-10-21 22:14:32] INFO: [Decision] ACCEPT: Primary thresholds met (abs + margin + relative)
[2025-10-21 22:14:32] INFO: [Recognition] Scores: S12313 - ma=0.796 S13234 - Jin_Rae=0.876 
[2025-10-21 22:14:32] INFO: [Decision] Best=S13234 - Jin_Rae(0.876), 2nd=0.796, Discriminative=0.716, AvgNeg=0.796
[2025-10-21 22:14:32] INFO: [Thresholds] Abs=0.613, Margin=0.113(12.9%), RelMargin=9.1%, Tightness=0.869, StdDev=0.027
[2025-10-21 22:14:32] INFO: [Decision] ACCEPT: Consistency override (7/7 frames)
[2025-10-21 22:14:32] INFO: [Recognition] Scores: S12313 - ma=0.765 S13234 - Jin_Rae=0.827 
[2025-10-21 22:14:32] INFO: [Decision] Best=S13234 - Jin_Rae(0.827), 2nd=0.765, Discriminative=0.674, AvgNeg=0.765
[2025-10-21 22:14:32] INFO: [Thresholds] Abs=0.613, Margin=0.113(13.7%), RelMargin=7.5%, Tightness=0.869, StdDev=0.027
[2025-10-21 22:14:32] INFO: [Decision] ACCEPT: Consistency override (7/7 frames)
[2025-10-21 22:14:32] INFO: [Recognition] Scores: S12313 - ma=0.740 S13234 - Jin_Rae=0.810 
[2025-10-21 22:14:32] INFO: [Decision] Best=S13234 - Jin_Rae(0.810), 2nd=0.740, Discriminative=0.662, AvgNeg=0.740
[2025-10-21 22:14:32] INFO: [Thresholds] Abs=0.613, Margin=0.113(14.0%), RelMargin=8.6%, Tightness=0.869, StdDev=0.027
[2025-10-21 22:14:32] INFO: [Decision] ACCEPT: Consistency override (7/7 frames)
[2025-10-21 22:14:32] INFO: [Recognition] Scores: S12313 - ma=0.760 S13234 - Jin_Rae=0.856 
[2025-10-21 22:14:32] INFO: [Decision] Best=S13234 - Jin_Rae(0.856), 2nd=0.760, Discriminative=0.704, AvgNeg=0.760
[2025-10-21 22:14:32] INFO: [Thresholds] Abs=0.613, Margin=0.113(13.2%), RelMargin=11.3%, Tightness=0.869, StdDev=0.027
[2025-10-21 22:14:32] INFO: [Decision] ACCEPT: Consistency override (7/7 frames)
[2025-10-21 22:14:33] INFO: [Recognition] Scores: S12313 - ma=0.803 S13234 - Jin_Rae=0.843 
[2025-10-21 22:14:33] INFO: [Decision] Best=S13234 - Jin_Rae(0.843), 2nd=0.803, Discriminative=0.682, AvgNeg=0.803
[2025-10-21 22:14:33] INFO: [Thresholds] Abs=0.613, Margin=0.113(13.4%), RelMargin=4.7%, Tightness=0.869, StdDev=0.027
[2025-10-21 22:14:33] INFO: [Decision] ACCEPT: Consistency override (7/7 frames)
[2025-10-21 22:14:33] INFO: [Recognition] Scores: S12313 - ma=0.796 S13234 - Jin_Rae=0.874 
[2025-10-21 22:14:33] INFO: [Decision] Best=S13234 - Jin_Rae(0.874), 2nd=0.796, Discriminative=0.715, AvgNeg=0.796
[2025-10-21 22:14:33] INFO: [Thresholds] Abs=0.613, Margin=0.113(12.9%), RelMargin=9.0%, Tightness=0.869, StdDev=0.027
[2025-10-21 22:14:33] INFO: [Decision] ACCEPT: Consistency override (7/7 frames)
[2025-10-21 22:14:33] INFO: [Recognition] Scores: S12313 - ma=0.785 S13234 - Jin_Rae=0.858 
[2025-10-21 22:14:33] INFO: [Decision] Best=S13234 - Jin_Rae(0.858), 2nd=0.785, Discriminative=0.701, AvgNeg=0.785
[2025-10-21 22:14:33] INFO: [Thresholds] Abs=0.613, Margin=0.113(13.2%), RelMargin=8.4%, Tightness=0.869, StdDev=0.027
[2025-10-21 22:14:33] INFO: [Decision] ACCEPT: Consistency override (7/7 frames)
[2025-10-21 22:14:33] INFO: [Recognition] Scores: S12313 - ma=0.809 S13234 - Jin_Rae=0.871 
[2025-10-21 22:14:33] INFO: [Decision] Best=S13234 - Jin_Rae(0.871), 2nd=0.809, Discriminative=0.709, AvgNeg=0.809
[2025-10-21 22:14:33] INFO: [Thresholds] Abs=0.613, Margin=0.113(13.0%), RelMargin=7.1%, Tightness=0.869, StdDev=0.027
[2025-10-21 22:14:33] INFO: [Decision] ACCEPT: Consistency override (7/7 frames)
[2025-10-21 22:14:33] INFO: [Recognition] Scores: S12313 - ma=0.792 S13234 - Jin_Rae=0.850 
[2025-10-21 22:14:33] INFO: [Decision] Best=S13234 - Jin_Rae(0.850), 2nd=0.792, Discriminative=0.692, AvgNeg=0.792
[2025-10-21 22:14:33] INFO: [Thresholds] Abs=0.613, Margin=0.113(13.3%), RelMargin=6.9%, Tightness=0.869, StdDev=0.027
[2025-10-21 22:14:33] INFO: [Decision] ACCEPT: Consistency override (7/7 frames)
[2025-10-21 22:14:33] INFO: [Recognition] Scores: S12313 - ma=0.779 S13234 - Jin_Rae=0.829 
[2025-10-21 22:14:33] INFO: [Decision] Best=S13234 - Jin_Rae(0.829), 2nd=0.779, Discriminative=0.673, AvgNeg=0.779
[2025-10-21 22:14:33] INFO: [Thresholds] Abs=0.613, Margin=0.113(13.6%), RelMargin=6.1%, Tightness=0.869, StdDev=0.027
[2025-10-21 22:14:33] INFO: [Decision] ACCEPT: Consistency override (7/7 frames)
[2025-10-21 22:14:33] INFO: [Recognition] Scores: S12313 - ma=0.792 S13234 - Jin_Rae=0.813 
[2025-10-21 22:14:33] INFO: [Decision] Best=S13234 - Jin_Rae(0.813), 2nd=0.792, Discriminative=0.655, AvgNeg=0.792
[2025-10-21 22:14:33] INFO: [Thresholds] Abs=0.613, Margin=0.113(13.9%), RelMargin=2.6%, Tightness=0.869, StdDev=0.027
[2025-10-21 22:14:33] INFO: [Decision] ACCEPT: Consistency override (7/7 frames)
[2025-10-21 22:14:34] INFO: [Recognition] Scores: S12313 - ma=0.785 S13234 - Jin_Rae=0.860 
[2025-10-21 22:14:34] INFO: [Decision] Best=S13234 - Jin_Rae(0.860), 2nd=0.785, Discriminative=0.703, AvgNeg=0.785
[2025-10-21 22:14:34] INFO: [Thresholds] Abs=0.613, Margin=0.113(13.2%), RelMargin=8.7%, Tightness=0.869, StdDev=0.027
[2025-10-21 22:14:34] INFO: [Decision] ACCEPT: Consistency override (7/7 frames)
[2025-10-21 22:14:34] INFO: [Recognition] Scores: S12313 - ma=0.802 S13234 - Jin_Rae=0.864 
[2025-10-21 22:14:34] INFO: [Decision] Best=S13234 - Jin_Rae(0.864), 2nd=0.802, Discriminative=0.704, AvgNeg=0.802
[2025-10-21 22:14:34] INFO: [Thresholds] Abs=0.613, Margin=0.113(13.1%), RelMargin=7.2%, Tightness=0.869, StdDev=0.027
[2025-10-21 22:14:34] INFO: [Decision] ACCEPT: Consistency override (7/7 frames)
[2025-10-21 22:14:34] INFO: [Recognition] Scores: S12313 - ma=0.781 S13234 - Jin_Rae=0.867 
[2025-10-21 22:14:34] INFO: [Decision] Best=S13234 - Jin_Rae(0.867), 2nd=0.781, Discriminative=0.711, AvgNeg=0.781
[2025-10-21 22:14:34] INFO: [Thresholds] Abs=0.613, Margin=0.113(13.0%), RelMargin=9.9%, Tightness=0.869, StdDev=0.027
[2025-10-21 22:14:34] INFO: [Decision] ACCEPT: Consistency override (7/7 frames)
[2025-10-21 22:14:34] INFO: [Recognition] Scores: S12313 - ma=0.781 S13234 - Jin_Rae=0.895 
[2025-10-21 22:14:34] INFO: [Decision] Best=S13234 - Jin_Rae(0.895), 2nd=0.781, Discriminative=0.739, AvgNeg=0.781
[2025-10-21 22:14:34] INFO: [Thresholds] Abs=0.613, Margin=0.113(12.6%), RelMargin=12.8%, Tightness=0.869, StdDev=0.027
[2025-10-21 22:14:34] INFO: [Decision] ACCEPT: Primary thresholds met (abs + margin + relative)
[2025-10-21 22:14:34] INFO: [Recognition] Scores: S12313 - ma=0.747 S13234 - Jin_Rae=0.888 
[2025-10-21 22:14:34] INFO: [Decision] Best=S13234 - Jin_Rae(0.888), 2nd=0.747, Discriminative=0.739, AvgNeg=0.747
[2025-10-21 22:14:34] INFO: [Thresholds] Abs=0.613, Margin=0.113(12.7%), RelMargin=15.9%, Tightness=0.869, StdDev=0.027
[2025-10-21 22:14:34] INFO: [Decision] ACCEPT: Primary thresholds met (abs + margin + relative)
[2025-10-21 22:14:34] INFO: [Recognition] Scores: S12313 - ma=0.727 S13234 - Jin_Rae=0.892 
[2025-10-21 22:14:34] INFO: [Decision] Best=S13234 - Jin_Rae(0.892), 2nd=0.727, Discriminative=0.747, AvgNeg=0.727
[2025-10-21 22:14:34] INFO: [Thresholds] Abs=0.613, Margin=0.113(12.7%), RelMargin=18.6%, Tightness=0.869, StdDev=0.027
[2025-10-21 22:14:34] INFO: [Decision] ACCEPT: Primary thresholds met (abs + margin + relative)
[2025-10-21 22:14:34] INFO: [Recognition] Scores: S12313 - ma=0.754 S13234 - Jin_Rae=0.871 
[2025-10-21 22:14:34] INFO: [Decision] Best=S13234 - Jin_Rae(0.871), 2nd=0.754, Discriminative=0.720, AvgNeg=0.754
[2025-10-21 22:14:34] INFO: [Thresholds] Abs=0.613, Margin=0.113(13.0%), RelMargin=13.5%, Tightness=0.869, StdDev=0.027
[2025-10-21 22:14:34] INFO: [Decision] ACCEPT: Primary thresholds met (abs + margin + relative)
[2025-10-21 22:14:34] INFO: [Recognition] Scores: S12313 - ma=0.712 S13234 - Jin_Rae=0.842 
[2025-10-21 22:14:34] INFO: [Decision] Best=S13234 - Jin_Rae(0.842), 2nd=0.712, Discriminative=0.700, AvgNeg=0.712
[2025-10-21 22:14:34] INFO: [Thresholds] Abs=0.613, Margin=0.113(13.4%), RelMargin=15.5%, Tightness=0.869, StdDev=0.027
[2025-10-21 22:14:34] INFO: [Decision] ACCEPT: Primary thresholds met (abs + margin + relative)
[2025-10-21 22:14:35] INFO: [Recognition] Scores: S12313 - ma=0.709 S13234 - Jin_Rae=0.823 
[2025-10-21 22:14:35] INFO: [Decision] Best=S13234 - Jin_Rae(0.823), 2nd=0.709, Discriminative=0.682, AvgNeg=0.709
[2025-10-21 22:14:35] INFO: [Thresholds] Abs=0.613, Margin=0.113(13.7%), RelMargin=13.9%, Tightness=0.869, StdDev=0.027
[2025-10-21 22:14:35] INFO: [Decision] ACCEPT: Primary thresholds met (abs + margin + relative)
[2025-10-21 22:14:35] INFO: [Recognition] Scores: S12313 - ma=0.688 S13234 - Jin_Rae=0.820 
[2025-10-21 22:14:35] INFO: [Decision] Best=S13234 - Jin_Rae(0.820), 2nd=0.688, Discriminative=0.682, AvgNeg=0.688
[2025-10-21 22:14:35] INFO: [Thresholds] Abs=0.613, Margin=0.113(13.8%), RelMargin=16.0%, Tightness=0.869, StdDev=0.027
[2025-10-21 22:14:35] INFO: [Decision] ACCEPT: Primary thresholds met (abs + margin + relative)
[2025-10-21 22:14:35] INFO: [Recognition] Scores: S12313 - ma=0.669 S13234 - Jin_Rae=0.820 
[2025-10-21 22:14:35] INFO: [Decision] Best=S13234 - Jin_Rae(0.820), 2nd=0.669, Discriminative=0.686, AvgNeg=0.669
[2025-10-21 22:14:35] INFO: [Thresholds] Abs=0.613, Margin=0.113(13.8%), RelMargin=18.3%, Tightness=0.869, StdDev=0.027
[2025-10-21 22:14:35] INFO: [Decision] ACCEPT: Primary thresholds met (abs + margin + relative)
[2025-10-21 22:14:35] INFO: [Recognition] Scores: S12313 - ma=0.733 S13234 - Jin_Rae=0.856 
[2025-10-21 22:14:35] INFO: [Decision] Best=S13234 - Jin_Rae(0.856), 2nd=0.733, Discriminative=0.709, AvgNeg=0.733
[2025-10-21 22:14:35] INFO: [Thresholds] Abs=0.613, Margin=0.113(13.2%), RelMargin=14.4%, Tightness=0.869, StdDev=0.027
[2025-10-21 22:14:35] INFO: [Decision] ACCEPT: Primary thresholds met (abs + margin + relative)
[2025-10-21 22:14:35] INFO: [Recognition] Scores: S12313 - ma=0.690 S13234 - Jin_Rae=0.863 
[2025-10-21 22:14:35] INFO: [Decision] Best=S13234 - Jin_Rae(0.863), 2nd=0.690, Discriminative=0.725, AvgNeg=0.690
[2025-10-21 22:14:35] INFO: [Thresholds] Abs=0.613, Margin=0.113(13.1%), RelMargin=20.0%, Tightness=0.869, StdDev=0.027
[2025-10-21 22:14:35] INFO: [Decision] ACCEPT: Primary thresholds met (abs + margin + relative)
[2025-10-21 22:14:35] INFO: [Recognition] Scores: S12313 - ma=0.693 S13234 - Jin_Rae=0.853 
[2025-10-21 22:14:35] INFO: [Decision] Best=S13234 - Jin_Rae(0.853), 2nd=0.693, Discriminative=0.715, AvgNeg=0.693
[2025-10-21 22:14:35] INFO: [Thresholds] Abs=0.613, Margin=0.113(13.3%), RelMargin=18.8%, Tightness=0.869, StdDev=0.027
[2025-10-21 22:14:35] INFO: [Decision] ACCEPT: Primary thresholds met (abs + margin + relative)
[2025-10-21 22:14:35] INFO: [Recognition] Scores: S12313 - ma=0.651 S13234 - Jin_Rae=0.838 
[2025-10-21 22:14:35] INFO: [Decision] Best=S13234 - Jin_Rae(0.838), 2nd=0.651, Discriminative=0.708, AvgNeg=0.651
[2025-10-21 22:14:35] INFO: [Thresholds] Abs=0.613, Margin=0.113(13.5%), RelMargin=22.3%, Tightness=0.869, StdDev=0.027
[2025-10-21 22:14:35] INFO: [Decision] ACCEPT: Primary thresholds met (abs + margin + relative)
[2025-10-21 22:14:35] INFO: [Recognition] Scores: S12313 - ma=0.737 S13234 - Jin_Rae=0.845 
[2025-10-21 22:14:35] INFO: [Decision] Best=S13234 - Jin_Rae(0.845), 2nd=0.737, Discriminative=0.698, AvgNeg=0.737
[2025-10-21 22:14:35] INFO: [Thresholds] Abs=0.613, Margin=0.113(13.4%), RelMargin=12.8%, Tightness=0.869, StdDev=0.027
[2025-10-21 22:14:35] INFO: [Decision] ACCEPT: Strong margin hold (12.8%)
[2025-10-21 22:14:36] INFO: [Recognition] Scores: S12313 - ma=0.738 S13234 - Jin_Rae=0.894 
[2025-10-21 22:14:36] INFO: [Decision] Best=S13234 - Jin_Rae(0.894), 2nd=0.738, Discriminative=0.747, AvgNeg=0.738
[2025-10-21 22:14:36] INFO: [Thresholds] Abs=0.613, Margin=0.113(12.6%), RelMargin=17.4%, Tightness=0.869, StdDev=0.027
[2025-10-21 22:14:36] INFO: [Decision] ACCEPT: Primary thresholds met (abs + margin + relative)
[2025-10-21 22:14:36] INFO: [Recognition] Scores: S12313 - ma=0.742 S13234 - Jin_Rae=0.876 
[2025-10-21 22:14:36] INFO: [Decision] Best=S13234 - Jin_Rae(0.876), 2nd=0.742, Discriminative=0.727, AvgNeg=0.742
[2025-10-21 22:14:36] INFO: [Thresholds] Abs=0.613, Margin=0.113(12.9%), RelMargin=15.2%, Tightness=0.869, StdDev=0.027
[2025-10-21 22:14:36] INFO: [Decision] ACCEPT: Primary thresholds met (abs + margin + relative)
[2025-10-21 22:14:36] INFO: [Recognition] Scores: S12313 - ma=0.758 S13234 - Jin_Rae=0.881 
[2025-10-21 22:14:36] INFO: [Decision] Best=S13234 - Jin_Rae(0.881), 2nd=0.758, Discriminative=0.729, AvgNeg=0.758
[2025-10-21 22:14:36] INFO: [Thresholds] Abs=0.613, Margin=0.113(12.8%), RelMargin=14.0%, Tightness=0.869, StdDev=0.027
[2025-10-21 22:14:36] INFO: [Decision] ACCEPT: Primary thresholds met (abs + margin + relative)
[2025-10-21 22:14:36] INFO: [Recognition] Scores: S12313 - ma=0.816 S13234 - Jin_Rae=0.908 
[2025-10-21 22:14:36] INFO: [Decision] Best=S13234 - Jin_Rae(0.908), 2nd=0.816, Discriminative=0.744, AvgNeg=0.816
[2025-10-21 22:14:36] INFO: [Thresholds] Abs=0.613, Margin=0.113(12.5%), RelMargin=10.1%, Tightness=0.869, StdDev=0.027
[2025-10-21 22:14:36] INFO: [Decision] ACCEPT: Consistency override (7/7 frames)
[2025-10-21 22:14:36] INFO: [Recognition] Scores: S12313 - ma=0.762 S13234 - Jin_Rae=0.897 
[2025-10-21 22:14:36] INFO: [Decision] Best=S13234 - Jin_Rae(0.897), 2nd=0.762, Discriminative=0.745, AvgNeg=0.762
[2025-10-21 22:14:36] INFO: [Thresholds] Abs=0.613, Margin=0.113(12.6%), RelMargin=15.0%, Tightness=0.869, StdDev=0.027
[2025-10-21 22:14:36] INFO: [Decision] ACCEPT: Primary thresholds met (abs + margin + relative)
[2025-10-21 22:14:36] INFO: [Recognition] Scores: S12313 - ma=0.796 S13234 - Jin_Rae=0.914 
[2025-10-21 22:14:36] INFO: [Decision] Best=S13234 - Jin_Rae(0.914), 2nd=0.796, Discriminative=0.755, AvgNeg=0.796
[2025-10-21 22:14:36] INFO: [Thresholds] Abs=0.613, Margin=0.113(12.4%), RelMargin=12.9%, Tightness=0.869, StdDev=0.027
[2025-10-21 22:14:36] INFO: [Decision] ACCEPT: Primary thresholds met (abs + margin + relative)
[2025-10-21 22:14:36] INFO: [Recognition] Scores: S12313 - ma=0.773 S13234 - Jin_Rae=0.907 
[2025-10-21 22:14:36] INFO: [Decision] Best=S13234 - Jin_Rae(0.907), 2nd=0.773, Discriminative=0.752, AvgNeg=0.773
[2025-10-21 22:14:36] INFO: [Thresholds] Abs=0.613, Margin=0.113(12.5%), RelMargin=14.8%, Tightness=0.869, StdDev=0.027
[2025-10-21 22:14:36] INFO: [Decision] ACCEPT: Primary thresholds met (abs + margin + relative)
[2025-10-21 22:14:36] INFO: [Recognition] Scores: S12313 - ma=0.768 S13234 - Jin_Rae=0.903 
[2025-10-21 22:14:36] INFO: [Decision] Best=S13234 - Jin_Rae(0.903), 2nd=0.768, Discriminative=0.749, AvgNeg=0.768
[2025-10-21 22:14:36] INFO: [Thresholds] Abs=0.613, Margin=0.113(12.5%), RelMargin=14.9%, Tightness=0.869, StdDev=0.027
[2025-10-21 22:14:36] INFO: [Decision] ACCEPT: Primary thresholds met (abs + margin + relative)
[2025-10-21 22:14:37] INFO: [Recognition] Scores: S12313 - ma=0.759 S13234 - Jin_Rae=0.901 
[2025-10-21 22:14:37] INFO: [Decision] Best=S13234 - Jin_Rae(0.901), 2nd=0.759, Discriminative=0.749, AvgNeg=0.759
[2025-10-21 22:14:37] INFO: [Thresholds] Abs=0.613, Margin=0.113(12.6%), RelMargin=15.8%, Tightness=0.869, StdDev=0.027
[2025-10-21 22:14:37] INFO: [Decision] ACCEPT: Primary thresholds met (abs + margin + relative)
[2025-10-21 22:14:37] INFO: Exiting Face Recognition Demo...
[2025-10-21 22:14:37] INFO: [Recognition] Scores: S12313 - ma=0.744 S13234 - Jin_Rae=0.890 
[2025-10-21 22:14:37] INFO: [Decision] Best=S13234 - Jin_Rae(0.890), 2nd=0.744, Discriminative=0.741, AvgNeg=0.744
[2025-10-21 22:14:37] INFO: [Thresholds] Abs=0.613, Margin=0.113(12.7%), RelMargin=16.4%, Tightness=0.869, StdDev=0.027
[2025-10-21 22:14:37] INFO: [Decision] ACCEPT: Primary thresholds met (abs + margin + relative)
[2025-10-21 22:14:37] INFO: Exiting Face Recognition Demo...
