[2025-10-24 08:54:08] INFO: Application Logger Initialized.
[2025-10-24 08:54:08] INFO: Configuration and core components loaded.
[2025-10-24 08:54:08] INFO: app.properties normalized (55 entries).
[2025-10-24 08:54:08] INFO: Configuration loaded from classpath: app.properties
[2025-10-24 08:54:08] INFO: Configuration file loaded
[2025-10-24 08:54:08] INFO: MyGUIProgram Started!
[2025-10-24 08:54:12] INFO: ￢ﾜﾅ ArcFace ResNet100 model loaded successfully
[2025-10-24 08:54:12] INFO: ￢ﾜﾓ FaceAligner initialized with 5-point alignment support
[2025-10-24 08:54:12] INFO: === Folder debug ===
[2025-10-24 08:54:12] INFO: Found folder: C:\SMU\CS102 Project\FaceRecognitionCS102\data\facedata\S13234_Jin_Rae
[2025-10-24 08:54:12] INFO:   Contains: 22 items
[2025-10-24 08:54:12] INFO:   Display label: S13234 - Jin_Rae
[2025-10-24 08:54:12] INFO: ====================
[2025-10-24 08:54:12] INFO: Person S13234 - Jin_Rae: tightness=0.837, stdDev=0.029, absThresh=0.616, margin=0.116
[2025-10-24 08:54:12] INFO: DEBUG CENTROID:
[2025-10-24 08:54:12] INFO:   Centroid length: 512
[2025-10-24 08:54:12] INFO:   Centroid first 10 values:
[2025-10-24 08:54:12] INFO:   -0.028593785166595227 
[2025-10-24 08:54:12] INFO:   0.028991017338915622 
[2025-10-24 08:54:12] INFO:   0.0016995196587905781 
[2025-10-24 08:54:12] INFO:   -0.011126352209855682 
[2025-10-24 08:54:12] INFO:   -0.032112121028909056 
[2025-10-24 08:54:12] INFO:   0.014363034236117199 
[2025-10-24 08:54:12] INFO:   -0.004951837419878797 
[2025-10-24 08:54:12] INFO:   -0.0239825003030594 
[2025-10-24 08:54:12] INFO:   0.04780148405693992 
[2025-10-24 08:54:12] INFO:   -0.0253077880648383 
[2025-10-24 08:54:12] INFO:   Centroid magnitude: 0.9999999999999997
[2025-10-24 08:54:12] INFO: DNN face detector loaded successfully for recognition
[2025-10-24 08:54:12] INFO: Attempting camera index 0 with DSHOW backend...
[2025-10-24 08:54:14] INFO: Camera opened successfully: index 0 with DSHOW backend
[2025-10-24 08:54:18] INFO: Camera configured: 640x480 @ 30fps (MJPEG: yes)
[2025-10-24 08:54:18] INFO: Camera initialized successfully
[2025-10-24 08:54:19] INFO: [Recognition] Scores: S13234 - Jin_Rae=0.335 
[2025-10-24 08:54:19] INFO: [Decision] Best=S13234 - Jin_Rae(0.335), 2nd=0.000, Discriminative=0.335, AvgNeg=0.000
[2025-10-24 08:54:19] INFO: [Thresholds] Abs=0.616, Margin=0.116(34.8%), RelMargin=100.0%, Tightness=0.837, StdDev=0.029
[2025-10-24 08:54:19] INFO: [Reject] Best=S13234 - Jin_Rae(0.335), 2nd=0.000, Confidence=100%, Margin=0.335 | Raw score too low (0.335 < 0.70)
[2025-10-24 08:54:19] INFO: [Recognition] Scores: S13234 - Jin_Rae=0.375 
[2025-10-24 08:54:19] INFO: [Decision] Best=S13234 - Jin_Rae(0.375), 2nd=0.000, Discriminative=0.375, AvgNeg=0.000
[2025-10-24 08:54:19] INFO: [Thresholds] Abs=0.616, Margin=0.116(31.0%), RelMargin=100.0%, Tightness=0.837, StdDev=0.029
[2025-10-24 08:54:19] INFO: [Reject] Best=S13234 - Jin_Rae(0.375), 2nd=0.000, Confidence=100%, Margin=0.375 | Raw score too low (0.375 < 0.70)
[2025-10-24 08:54:19] INFO: [Recognition] Scores: S13234 - Jin_Rae=0.433 
[2025-10-24 08:54:19] INFO: [Decision] Best=S13234 - Jin_Rae(0.433), 2nd=0.000, Discriminative=0.433, AvgNeg=0.000
[2025-10-24 08:54:19] INFO: [Thresholds] Abs=0.616, Margin=0.116(26.9%), RelMargin=100.0%, Tightness=0.837, StdDev=0.029
[2025-10-24 08:54:19] INFO: [Reject] Best=S13234 - Jin_Rae(0.433), 2nd=0.000, Confidence=100%, Margin=0.433 | Raw score too low (0.433 < 0.70)
[2025-10-24 08:54:20] INFO: [Recognition] Scores: S13234 - Jin_Rae=0.399 
[2025-10-24 08:54:20] INFO: [Decision] Best=S13234 - Jin_Rae(0.399), 2nd=0.000, Discriminative=0.399, AvgNeg=0.000
[2025-10-24 08:54:20] INFO: [Thresholds] Abs=0.616, Margin=0.116(29.2%), RelMargin=100.0%, Tightness=0.837, StdDev=0.029
[2025-10-24 08:54:20] INFO: [Reject] Best=S13234 - Jin_Rae(0.399), 2nd=0.000, Confidence=100%, Margin=0.399 | Raw score too low (0.399 < 0.70)
[2025-10-24 08:54:20] INFO: [Recognition] Scores: S13234 - Jin_Rae=0.525 
[2025-10-24 08:54:20] INFO: [Decision] Best=S13234 - Jin_Rae(0.525), 2nd=0.000, Discriminative=0.525, AvgNeg=0.000
[2025-10-24 08:54:20] INFO: [Thresholds] Abs=0.616, Margin=0.116(22.2%), RelMargin=100.0%, Tightness=0.837, StdDev=0.029
[2025-10-24 08:54:20] INFO: [Reject] Best=S13234 - Jin_Rae(0.525), 2nd=0.000, Confidence=100%, Margin=0.525 | Raw score too low (0.525 < 0.70)
[2025-10-24 08:54:21] INFO: [Recognition] Scores: S13234 - Jin_Rae=0.276 
[2025-10-24 08:54:21] INFO: [Decision] Best=S13234 - Jin_Rae(0.276), 2nd=0.000, Discriminative=0.276, AvgNeg=0.000
[2025-10-24 08:54:21] INFO: [Thresholds] Abs=0.616, Margin=0.116(42.1%), RelMargin=100.0%, Tightness=0.837, StdDev=0.029
[2025-10-24 08:54:21] INFO: [Reject] Best=S13234 - Jin_Rae(0.276), 2nd=0.000, Confidence=100%, Margin=0.276 | Raw score too low (0.276 < 0.70)
[2025-10-24 08:54:21] INFO: [Recognition] Scores: S13234 - Jin_Rae=0.451 
[2025-10-24 08:54:21] INFO: [Decision] Best=S13234 - Jin_Rae(0.451), 2nd=0.000, Discriminative=0.451, AvgNeg=0.000
[2025-10-24 08:54:21] INFO: [Thresholds] Abs=0.616, Margin=0.116(25.8%), RelMargin=100.0%, Tightness=0.837, StdDev=0.029
[2025-10-24 08:54:21] INFO: [Reject] Best=S13234 - Jin_Rae(0.451), 2nd=0.000, Confidence=100%, Margin=0.451 | Raw score too low (0.451 < 0.70)
[2025-10-24 08:54:21] INFO: [Recognition] Scores: S13234 - Jin_Rae=0.271 
[2025-10-24 08:54:21] INFO: [Decision] Best=S13234 - Jin_Rae(0.271), 2nd=0.000, Discriminative=0.271, AvgNeg=0.000
[2025-10-24 08:54:21] INFO: [Thresholds] Abs=0.616, Margin=0.116(43.0%), RelMargin=100.0%, Tightness=0.837, StdDev=0.029
[2025-10-24 08:54:21] INFO: [Reject] Best=S13234 - Jin_Rae(0.271), 2nd=0.000, Confidence=100%, Margin=0.271 | Raw score too low (0.271 < 0.70)
[2025-10-24 08:54:22] INFO: [Recognition] Scores: S13234 - Jin_Rae=0.462 
[2025-10-24 08:54:22] INFO: [Decision] Best=S13234 - Jin_Rae(0.462), 2nd=0.000, Discriminative=0.462, AvgNeg=0.000
[2025-10-24 08:54:22] INFO: [Thresholds] Abs=0.616, Margin=0.116(25.2%), RelMargin=100.0%, Tightness=0.837, StdDev=0.029
[2025-10-24 08:54:22] INFO: [Reject] Best=S13234 - Jin_Rae(0.462), 2nd=0.000, Confidence=100%, Margin=0.462 | Raw score too low (0.462 < 0.70)
[2025-10-24 08:54:22] INFO: [Recognition] Scores: S13234 - Jin_Rae=0.358 
[2025-10-24 08:54:22] INFO: [Decision] Best=S13234 - Jin_Rae(0.358), 2nd=0.000, Discriminative=0.358, AvgNeg=0.000
[2025-10-24 08:54:22] INFO: [Thresholds] Abs=0.616, Margin=0.116(32.5%), RelMargin=100.0%, Tightness=0.837, StdDev=0.029
[2025-10-24 08:54:22] INFO: [Reject] Best=S13234 - Jin_Rae(0.358), 2nd=0.000, Confidence=100%, Margin=0.358 | Raw score too low (0.358 < 0.70)
[2025-10-24 08:54:23] INFO: [Recognition] Scores: S13234 - Jin_Rae=0.326 
[2025-10-24 08:54:23] INFO: [Decision] Best=S13234 - Jin_Rae(0.326), 2nd=0.000, Discriminative=0.326, AvgNeg=0.000
[2025-10-24 08:54:23] INFO: [Thresholds] Abs=0.616, Margin=0.116(35.7%), RelMargin=100.0%, Tightness=0.837, StdDev=0.029
[2025-10-24 08:54:23] INFO: [Reject] Best=S13234 - Jin_Rae(0.326), 2nd=0.000, Confidence=100%, Margin=0.326 | Raw score too low (0.326 < 0.70)
[2025-10-24 08:54:23] INFO: [Recognition] Scores: S13234 - Jin_Rae=0.384 
[2025-10-24 08:54:23] INFO: [Decision] Best=S13234 - Jin_Rae(0.384), 2nd=0.000, Discriminative=0.384, AvgNeg=0.000
[2025-10-24 08:54:23] INFO: [Thresholds] Abs=0.616, Margin=0.116(30.3%), RelMargin=100.0%, Tightness=0.837, StdDev=0.029
[2025-10-24 08:54:23] INFO: [Reject] Best=S13234 - Jin_Rae(0.384), 2nd=0.000, Confidence=100%, Margin=0.384 | Raw score too low (0.384 < 0.70)
[2025-10-24 08:54:24] INFO: [Recognition] Scores: S13234 - Jin_Rae=0.259 
[2025-10-24 08:54:24] INFO: [Decision] Best=S13234 - Jin_Rae(0.259), 2nd=0.000, Discriminative=0.259, AvgNeg=0.000
[2025-10-24 08:54:24] INFO: [Thresholds] Abs=0.616, Margin=0.116(45.0%), RelMargin=100.0%, Tightness=0.837, StdDev=0.029
[2025-10-24 08:54:24] INFO: [Reject] Best=S13234 - Jin_Rae(0.259), 2nd=0.000, Confidence=100%, Margin=0.259 | Raw score too low (0.259 < 0.70)
[2025-10-24 08:54:24] INFO: [Recognition] Scores: S13234 - Jin_Rae=0.315 
[2025-10-24 08:54:24] INFO: [Decision] Best=S13234 - Jin_Rae(0.315), 2nd=0.000, Discriminative=0.315, AvgNeg=0.000
[2025-10-24 08:54:24] INFO: [Thresholds] Abs=0.616, Margin=0.116(36.9%), RelMargin=100.0%, Tightness=0.837, StdDev=0.029
[2025-10-24 08:54:24] INFO: [Reject] Best=S13234 - Jin_Rae(0.315), 2nd=0.000, Confidence=100%, Margin=0.315 | Raw score too low (0.315 < 0.70)
[2025-10-24 08:54:24] INFO: [Recognition] Scores: S13234 - Jin_Rae=0.404 
[2025-10-24 08:54:24] INFO: [Decision] Best=S13234 - Jin_Rae(0.404), 2nd=0.000, Discriminative=0.404, AvgNeg=0.000
[2025-10-24 08:54:24] INFO: [Thresholds] Abs=0.616, Margin=0.116(28.8%), RelMargin=100.0%, Tightness=0.837, StdDev=0.029
[2025-10-24 08:54:24] INFO: [Reject] Best=S13234 - Jin_Rae(0.404), 2nd=0.000, Confidence=100%, Margin=0.404 | Raw score too low (0.404 < 0.70)
[2025-10-24 08:54:25] INFO: [Recognition] Scores: S13234 - Jin_Rae=0.386 
[2025-10-24 08:54:25] INFO: [Decision] Best=S13234 - Jin_Rae(0.386), 2nd=0.000, Discriminative=0.386, AvgNeg=0.000
[2025-10-24 08:54:25] INFO: [Thresholds] Abs=0.616, Margin=0.116(30.1%), RelMargin=100.0%, Tightness=0.837, StdDev=0.029
[2025-10-24 08:54:25] INFO: [Reject] Best=S13234 - Jin_Rae(0.386), 2nd=0.000, Confidence=100%, Margin=0.386 | Raw score too low (0.386 < 0.70)
[2025-10-24 08:54:25] INFO: [Recognition] Scores: S13234 - Jin_Rae=0.378 
[2025-10-24 08:54:25] INFO: [Decision] Best=S13234 - Jin_Rae(0.378), 2nd=0.000, Discriminative=0.378, AvgNeg=0.000
[2025-10-24 08:54:25] INFO: [Thresholds] Abs=0.616, Margin=0.116(30.7%), RelMargin=100.0%, Tightness=0.837, StdDev=0.029
[2025-10-24 08:54:25] INFO: [Reject] Best=S13234 - Jin_Rae(0.378), 2nd=0.000, Confidence=100%, Margin=0.378 | Raw score too low (0.378 < 0.70)
[2025-10-24 08:54:26] INFO: [Recognition] Scores: S13234 - Jin_Rae=0.328 
[2025-10-24 08:54:26] INFO: [Decision] Best=S13234 - Jin_Rae(0.328), 2nd=0.000, Discriminative=0.328, AvgNeg=0.000
[2025-10-24 08:54:26] INFO: [Thresholds] Abs=0.616, Margin=0.116(35.5%), RelMargin=100.0%, Tightness=0.837, StdDev=0.029
[2025-10-24 08:54:26] INFO: [Reject] Best=S13234 - Jin_Rae(0.328), 2nd=0.000, Confidence=100%, Margin=0.328 | Raw score too low (0.328 < 0.70)
[2025-10-24 08:54:26] INFO: [Recognition] Scores: S13234 - Jin_Rae=0.363 
[2025-10-24 08:54:26] INFO: [Decision] Best=S13234 - Jin_Rae(0.363), 2nd=0.000, Discriminative=0.363, AvgNeg=0.000
[2025-10-24 08:54:26] INFO: [Thresholds] Abs=0.616, Margin=0.116(32.1%), RelMargin=100.0%, Tightness=0.837, StdDev=0.029
[2025-10-24 08:54:26] INFO: [Reject] Best=S13234 - Jin_Rae(0.363), 2nd=0.000, Confidence=100%, Margin=0.363 | Raw score too low (0.363 < 0.70)
[2025-10-24 08:54:26] INFO: [Recognition] Scores: S13234 - Jin_Rae=0.322 
[2025-10-24 08:54:26] INFO: [Decision] Best=S13234 - Jin_Rae(0.322), 2nd=0.000, Discriminative=0.322, AvgNeg=0.000
[2025-10-24 08:54:26] INFO: [Thresholds] Abs=0.616, Margin=0.116(36.1%), RelMargin=100.0%, Tightness=0.837, StdDev=0.029
[2025-10-24 08:54:26] INFO: [Reject] Best=S13234 - Jin_Rae(0.322), 2nd=0.000, Confidence=100%, Margin=0.322 | Raw score too low (0.322 < 0.70)
[2025-10-24 08:54:27] INFO: [Recognition] Scores: S13234 - Jin_Rae=0.382 
[2025-10-24 08:54:27] INFO: [Decision] Best=S13234 - Jin_Rae(0.382), 2nd=0.000, Discriminative=0.382, AvgNeg=0.000
[2025-10-24 08:54:27] INFO: [Thresholds] Abs=0.616, Margin=0.116(30.4%), RelMargin=100.0%, Tightness=0.837, StdDev=0.029
[2025-10-24 08:54:27] INFO: [Reject] Best=S13234 - Jin_Rae(0.382), 2nd=0.000, Confidence=100%, Margin=0.382 | Raw score too low (0.382 < 0.70)
[2025-10-24 08:54:27] INFO: [Recognition] Scores: S13234 - Jin_Rae=0.390 
[2025-10-24 08:54:27] INFO: [Decision] Best=S13234 - Jin_Rae(0.390), 2nd=0.000, Discriminative=0.390, AvgNeg=0.000
[2025-10-24 08:54:27] INFO: [Thresholds] Abs=0.616, Margin=0.116(29.8%), RelMargin=100.0%, Tightness=0.837, StdDev=0.029
[2025-10-24 08:54:27] INFO: [Reject] Best=S13234 - Jin_Rae(0.390), 2nd=0.000, Confidence=100%, Margin=0.390 | Raw score too low (0.390 < 0.70)
[2025-10-24 08:54:28] INFO: [Recognition] Scores: S13234 - Jin_Rae=0.399 
[2025-10-24 08:54:28] INFO: [Decision] Best=S13234 - Jin_Rae(0.399), 2nd=0.000, Discriminative=0.399, AvgNeg=0.000
[2025-10-24 08:54:28] INFO: [Thresholds] Abs=0.616, Margin=0.116(29.2%), RelMargin=100.0%, Tightness=0.837, StdDev=0.029
[2025-10-24 08:54:28] INFO: [Reject] Best=S13234 - Jin_Rae(0.399), 2nd=0.000, Confidence=100%, Margin=0.399 | Raw score too low (0.399 < 0.70)
[2025-10-24 08:54:28] INFO: [Recognition] Scores: S13234 - Jin_Rae=0.382 
[2025-10-24 08:54:28] INFO: [Decision] Best=S13234 - Jin_Rae(0.382), 2nd=0.000, Discriminative=0.382, AvgNeg=0.000
[2025-10-24 08:54:28] INFO: [Thresholds] Abs=0.616, Margin=0.116(30.5%), RelMargin=100.0%, Tightness=0.837, StdDev=0.029
[2025-10-24 08:54:28] INFO: [Reject] Best=S13234 - Jin_Rae(0.382), 2nd=0.000, Confidence=100%, Margin=0.382 | Raw score too low (0.382 < 0.70)
[2025-10-24 08:54:28] INFO: [Recognition] Scores: S13234 - Jin_Rae=0.376 
[2025-10-24 08:54:28] INFO: [Decision] Best=S13234 - Jin_Rae(0.376), 2nd=0.000, Discriminative=0.376, AvgNeg=0.000
[2025-10-24 08:54:28] INFO: [Thresholds] Abs=0.616, Margin=0.116(30.9%), RelMargin=100.0%, Tightness=0.837, StdDev=0.029
[2025-10-24 08:54:28] INFO: [Reject] Best=S13234 - Jin_Rae(0.376), 2nd=0.000, Confidence=100%, Margin=0.376 | Raw score too low (0.376 < 0.70)
[2025-10-24 08:54:29] INFO: [Recognition] Scores: S13234 - Jin_Rae=0.400 
[2025-10-24 08:54:29] INFO: [Decision] Best=S13234 - Jin_Rae(0.400), 2nd=0.000, Discriminative=0.400, AvgNeg=0.000
[2025-10-24 08:54:29] INFO: [Thresholds] Abs=0.616, Margin=0.116(29.1%), RelMargin=100.0%, Tightness=0.837, StdDev=0.029
[2025-10-24 08:54:29] INFO: [Reject] Best=S13234 - Jin_Rae(0.400), 2nd=0.000, Confidence=100%, Margin=0.400 | Raw score too low (0.400 < 0.70)
[2025-10-24 08:54:29] INFO: [Recognition] Scores: S13234 - Jin_Rae=0.398 
[2025-10-24 08:54:29] INFO: [Decision] Best=S13234 - Jin_Rae(0.398), 2nd=0.000, Discriminative=0.398, AvgNeg=0.000
[2025-10-24 08:54:29] INFO: [Thresholds] Abs=0.616, Margin=0.116(29.2%), RelMargin=100.0%, Tightness=0.837, StdDev=0.029
[2025-10-24 08:54:29] INFO: [Reject] Best=S13234 - Jin_Rae(0.398), 2nd=0.000, Confidence=100%, Margin=0.398 | Raw score too low (0.398 < 0.70)
[2025-10-24 08:54:30] INFO: [Recognition] Scores: S13234 - Jin_Rae=0.423 
[2025-10-24 08:54:30] INFO: [Decision] Best=S13234 - Jin_Rae(0.423), 2nd=0.000, Discriminative=0.423, AvgNeg=0.000
[2025-10-24 08:54:30] INFO: [Thresholds] Abs=0.616, Margin=0.116(27.5%), RelMargin=100.0%, Tightness=0.837, StdDev=0.029
[2025-10-24 08:54:30] INFO: [Reject] Best=S13234 - Jin_Rae(0.423), 2nd=0.000, Confidence=100%, Margin=0.423 | Raw score too low (0.423 < 0.70)
[2025-10-24 08:54:30] INFO: [Recognition] Scores: S13234 - Jin_Rae=0.374 
[2025-10-24 08:54:30] INFO: [Decision] Best=S13234 - Jin_Rae(0.374), 2nd=0.000, Discriminative=0.374, AvgNeg=0.000
[2025-10-24 08:54:30] INFO: [Thresholds] Abs=0.616, Margin=0.116(31.1%), RelMargin=100.0%, Tightness=0.837, StdDev=0.029
[2025-10-24 08:54:30] INFO: [Reject] Best=S13234 - Jin_Rae(0.374), 2nd=0.000, Confidence=100%, Margin=0.374 | Raw score too low (0.374 < 0.70)
[2025-10-24 08:54:30] INFO: [Recognition] Scores: S13234 - Jin_Rae=0.414 
[2025-10-24 08:54:30] INFO: [Decision] Best=S13234 - Jin_Rae(0.414), 2nd=0.000, Discriminative=0.414, AvgNeg=0.000
[2025-10-24 08:54:30] INFO: [Thresholds] Abs=0.616, Margin=0.116(28.1%), RelMargin=100.0%, Tightness=0.837, StdDev=0.029
[2025-10-24 08:54:30] INFO: [Reject] Best=S13234 - Jin_Rae(0.414), 2nd=0.000, Confidence=100%, Margin=0.414 | Raw score too low (0.414 < 0.70)
[2025-10-24 08:54:31] INFO: [Recognition] Scores: S13234 - Jin_Rae=0.419 
[2025-10-24 08:54:31] INFO: [Decision] Best=S13234 - Jin_Rae(0.419), 2nd=0.000, Discriminative=0.419, AvgNeg=0.000
[2025-10-24 08:54:31] INFO: [Thresholds] Abs=0.616, Margin=0.116(27.8%), RelMargin=100.0%, Tightness=0.837, StdDev=0.029
[2025-10-24 08:54:31] INFO: [Reject] Best=S13234 - Jin_Rae(0.419), 2nd=0.000, Confidence=100%, Margin=0.419 | Raw score too low (0.419 < 0.70)
[2025-10-24 08:54:31] INFO: [Recognition] Scores: S13234 - Jin_Rae=0.394 
[2025-10-24 08:54:31] INFO: [Decision] Best=S13234 - Jin_Rae(0.394), 2nd=0.000, Discriminative=0.394, AvgNeg=0.000
[2025-10-24 08:54:31] INFO: [Thresholds] Abs=0.616, Margin=0.116(29.5%), RelMargin=100.0%, Tightness=0.837, StdDev=0.029
[2025-10-24 08:54:31] INFO: [Reject] Best=S13234 - Jin_Rae(0.394), 2nd=0.000, Confidence=100%, Margin=0.394 | Raw score too low (0.394 < 0.70)
[2025-10-24 08:54:32] INFO: [Recognition] Scores: S13234 - Jin_Rae=0.398 
[2025-10-24 08:54:32] INFO: [Decision] Best=S13234 - Jin_Rae(0.398), 2nd=0.000, Discriminative=0.398, AvgNeg=0.000
[2025-10-24 08:54:32] INFO: [Thresholds] Abs=0.616, Margin=0.116(29.2%), RelMargin=100.0%, Tightness=0.837, StdDev=0.029
[2025-10-24 08:54:32] INFO: [Reject] Best=S13234 - Jin_Rae(0.398), 2nd=0.000, Confidence=100%, Margin=0.398 | Raw score too low (0.398 < 0.70)
[2025-10-24 08:54:32] INFO: [Recognition] Scores: S13234 - Jin_Rae=0.404 
[2025-10-24 08:54:32] INFO: [Decision] Best=S13234 - Jin_Rae(0.404), 2nd=0.000, Discriminative=0.404, AvgNeg=0.000
[2025-10-24 08:54:32] INFO: [Thresholds] Abs=0.616, Margin=0.116(28.8%), RelMargin=100.0%, Tightness=0.837, StdDev=0.029
[2025-10-24 08:54:32] INFO: [Reject] Best=S13234 - Jin_Rae(0.404), 2nd=0.000, Confidence=100%, Margin=0.404 | Raw score too low (0.404 < 0.70)
[2025-10-24 08:54:32] INFO: detection.scale_factor has been changed to 1.23
[2025-10-24 08:54:32] INFO: detection.scale_factor has been changed to 1.22
[2025-10-24 08:54:33] INFO: [Recognition] Scores: S13234 - Jin_Rae=0.419 
[2025-10-24 08:54:33] INFO: [Decision] Best=S13234 - Jin_Rae(0.419), 2nd=0.000, Discriminative=0.419, AvgNeg=0.000
[2025-10-24 08:54:33] INFO: [Thresholds] Abs=0.616, Margin=0.116(27.8%), RelMargin=100.0%, Tightness=0.837, StdDev=0.029
[2025-10-24 08:54:33] INFO: [Reject] Best=S13234 - Jin_Rae(0.419), 2nd=0.000, Confidence=100%, Margin=0.419 | Raw score too low (0.419 < 0.70)
[2025-10-24 08:54:33] INFO: detection.scale_factor has been changed to 1.21
[2025-10-24 08:54:33] INFO: detection.scale_factor has been changed to 1.2
[2025-10-24 08:54:33] INFO: detection.scale_factor has been changed to 1.19
[2025-10-24 08:54:33] INFO: detection.scale_factor has been changed to 1.19
[2025-10-24 08:54:33] INFO: detection.scale_factor has been changed to 1.19
[2025-10-24 08:54:33] INFO: detection.scale_factor has been changed to 1.18
[2025-10-24 08:54:33] INFO: [Recognition] Scores: S13234 - Jin_Rae=0.399 
[2025-10-24 08:54:33] INFO: [Decision] Best=S13234 - Jin_Rae(0.399), 2nd=0.000, Discriminative=0.399, AvgNeg=0.000
[2025-10-24 08:54:33] INFO: [Thresholds] Abs=0.616, Margin=0.116(29.2%), RelMargin=100.0%, Tightness=0.837, StdDev=0.029
[2025-10-24 08:54:33] INFO: [Reject] Best=S13234 - Jin_Rae(0.399), 2nd=0.000, Confidence=100%, Margin=0.399 | Raw score too low (0.399 < 0.70)
[2025-10-24 08:54:33] INFO: detection.scale_factor has been changed to 1.17
[2025-10-24 08:54:33] INFO: detection.scale_factor has been changed to 1.16
[2025-10-24 08:54:33] INFO: [Recognition] Scores: S13234 - Jin_Rae=0.386 
[2025-10-24 08:54:33] INFO: [Decision] Best=S13234 - Jin_Rae(0.386), 2nd=0.000, Discriminative=0.386, AvgNeg=0.000
[2025-10-24 08:54:33] INFO: [Thresholds] Abs=0.616, Margin=0.116(30.1%), RelMargin=100.0%, Tightness=0.837, StdDev=0.029
[2025-10-24 08:54:33] INFO: [Reject] Best=S13234 - Jin_Rae(0.386), 2nd=0.000, Confidence=100%, Margin=0.386 | Raw score too low (0.386 < 0.70)
[2025-10-24 08:54:33] INFO: detection.scale_factor has been changed to 1.15
[2025-10-24 08:54:34] INFO: detection.scale_factor has been changed to 1.14
[2025-10-24 08:54:34] INFO: detection.scale_factor has been changed to 1.14
[2025-10-24 08:54:34] INFO: [Recognition] Scores: S13234 - Jin_Rae=0.400 
[2025-10-24 08:54:34] INFO: [Decision] Best=S13234 - Jin_Rae(0.400), 2nd=0.000, Discriminative=0.400, AvgNeg=0.000
[2025-10-24 08:54:34] INFO: [Thresholds] Abs=0.616, Margin=0.116(29.1%), RelMargin=100.0%, Tightness=0.837, StdDev=0.029
[2025-10-24 08:54:34] INFO: [Reject] Best=S13234 - Jin_Rae(0.400), 2nd=0.000, Confidence=100%, Margin=0.400 | Raw score too low (0.400 < 0.70)
[2025-10-24 08:54:34] INFO: [Recognition] Scores: S13234 - Jin_Rae=0.389 
[2025-10-24 08:54:34] INFO: [Decision] Best=S13234 - Jin_Rae(0.389), 2nd=0.000, Discriminative=0.389, AvgNeg=0.000
[2025-10-24 08:54:34] INFO: [Thresholds] Abs=0.616, Margin=0.116(29.9%), RelMargin=100.0%, Tightness=0.837, StdDev=0.029
[2025-10-24 08:54:34] INFO: [Reject] Best=S13234 - Jin_Rae(0.389), 2nd=0.000, Confidence=100%, Margin=0.389 | Raw score too low (0.389 < 0.70)
[2025-10-24 08:54:35] INFO: [Recognition] Scores: S13234 - Jin_Rae=0.418 
[2025-10-24 08:54:35] INFO: [Decision] Best=S13234 - Jin_Rae(0.418), 2nd=0.000, Discriminative=0.418, AvgNeg=0.000
[2025-10-24 08:54:35] INFO: [Thresholds] Abs=0.616, Margin=0.116(27.8%), RelMargin=100.0%, Tightness=0.837, StdDev=0.029
[2025-10-24 08:54:35] INFO: [Reject] Best=S13234 - Jin_Rae(0.418), 2nd=0.000, Confidence=100%, Margin=0.418 | Raw score too low (0.418 < 0.70)
[2025-10-24 08:54:35] INFO: [Recognition] Scores: S13234 - Jin_Rae=0.430 
[2025-10-24 08:54:35] INFO: [Decision] Best=S13234 - Jin_Rae(0.430), 2nd=0.000, Discriminative=0.430, AvgNeg=0.000
[2025-10-24 08:54:35] INFO: [Thresholds] Abs=0.616, Margin=0.116(27.1%), RelMargin=100.0%, Tightness=0.837, StdDev=0.029
[2025-10-24 08:54:35] INFO: [Reject] Best=S13234 - Jin_Rae(0.430), 2nd=0.000, Confidence=100%, Margin=0.430 | Raw score too low (0.430 < 0.70)
[2025-10-24 08:54:35] INFO: Exiting Face Recognition Demo...
[2025-10-24 08:54:35] INFO: [Recognition] Scores: S13234 - Jin_Rae=0.493 
[2025-10-24 08:54:35] INFO: [Decision] Best=S13234 - Jin_Rae(0.493), 2nd=0.000, Discriminative=0.493, AvgNeg=0.000
[2025-10-24 08:54:35] INFO: [Thresholds] Abs=0.616, Margin=0.116(23.6%), RelMargin=100.0%, Tightness=0.837, StdDev=0.029
[2025-10-24 08:54:35] INFO: [Reject] Best=S13234 - Jin_Rae(0.493), 2nd=0.000, Confidence=100%, Margin=0.493 | Raw score too low (0.493 < 0.70)
[2025-10-24 08:54:35] INFO: Exiting Face Recognition Demo...
